[2023-07-05T07:13:27.334+0000] {taskinstance.py:1087} INFO - Dependencies all met for <TaskInstance: drop_schemas.drop_schemas manual__2023-07-05T07:13:25.685334+00:00 [queued]>
[2023-07-05T07:13:27.352+0000] {taskinstance.py:1087} INFO - Dependencies all met for <TaskInstance: drop_schemas.drop_schemas manual__2023-07-05T07:13:25.685334+00:00 [queued]>
[2023-07-05T07:13:27.354+0000] {taskinstance.py:1283} INFO - 
--------------------------------------------------------------------------------
[2023-07-05T07:13:27.355+0000] {taskinstance.py:1284} INFO - Starting attempt 1 of 2
[2023-07-05T07:13:27.356+0000] {taskinstance.py:1285} INFO - 
--------------------------------------------------------------------------------
[2023-07-05T07:13:27.395+0000] {taskinstance.py:1304} INFO - Executing <Task(SnowflakeOperator): drop_schemas> on 2023-07-05 07:13:25.685334+00:00
[2023-07-05T07:13:27.404+0000] {standard_task_runner.py:55} INFO - Started process 887 to run task
[2023-07-05T07:13:27.409+0000] {standard_task_runner.py:82} INFO - Running: ['***', 'tasks', 'run', 'drop_schemas', 'drop_schemas', 'manual__2023-07-05T07:13:25.685334+00:00', '--job-id', '8', '--raw', '--subdir', 'DAGS_FOLDER/task.py', '--cfg-path', '/tmp/tmpp4jekuqm']
[2023-07-05T07:13:27.414+0000] {standard_task_runner.py:83} INFO - Job 8: Subtask drop_schemas
[2023-07-05T07:13:27.517+0000] {task_command.py:389} INFO - Running <TaskInstance: drop_schemas.drop_schemas manual__2023-07-05T07:13:25.685334+00:00 [running]> on host 4d829e7f4f94
[2023-07-05T07:13:27.642+0000] {taskinstance.py:1513} INFO - Exporting the following env vars:
AIRFLOW_CTX_DAG_OWNER=***
AIRFLOW_CTX_DAG_ID=drop_schemas
AIRFLOW_CTX_TASK_ID=drop_schemas
AIRFLOW_CTX_EXECUTION_DATE=2023-07-05T07:13:25.685334+00:00
AIRFLOW_CTX_TRY_NUMBER=1
AIRFLOW_CTX_DAG_RUN_ID=manual__2023-07-05T07:13:25.685334+00:00
[2023-07-05T07:13:27.645+0000] {sql.py:253} INFO - Executing: 
SELECT 'DROP SCHEMA IF EXISTS "' || schema_name || '";' AS drop_statement
FROM information_schema.schemata
WHERE schema_name NOT IN (
    SELECT DISTINCT TABLE_SCHEMA 
    FROM information_schema.tables
    WHERE LAST_QUERY_ID IS NOT NULL
      AND LAST_QUERY_END_TIME >= CURRENT_TIMESTAMP() - INTERVAL '30 DAY'
)
[2023-07-05T07:13:27.676+0000] {taskinstance.py:1772} ERROR - Task failed with exception
Traceback (most recent call last):
  File "/home/airflow/.local/lib/python3.7/site-packages/airflow/providers/common/sql/operators/sql.py", line 254, in execute
    hook = self.get_db_hook()
  File "/home/airflow/.local/lib/python3.7/site-packages/airflow/providers/common/sql/operators/sql.py", line 179, in get_db_hook
    return self._hook
  File "/home/airflow/.local/lib/python3.7/site-packages/cached_property.py", line 36, in __get__
    value = obj.__dict__[self.func.__name__] = self.func(obj)
  File "/home/airflow/.local/lib/python3.7/site-packages/airflow/providers/common/sql/operators/sql.py", line 141, in _hook
    conn = BaseHook.get_connection(self.conn_id)
  File "/home/airflow/.local/lib/python3.7/site-packages/airflow/hooks/base.py", line 72, in get_connection
    conn = Connection.get_connection_from_secrets(conn_id)
  File "/home/airflow/.local/lib/python3.7/site-packages/airflow/models/connection.py", line 432, in get_connection_from_secrets
    raise AirflowNotFoundException(f"The conn_id `{conn_id}` isn't defined")
airflow.exceptions.AirflowNotFoundException: The conn_id `snowflake_connection` isn't defined
[2023-07-05T07:13:27.684+0000] {taskinstance.py:1327} INFO - Marking task as UP_FOR_RETRY. dag_id=drop_schemas, task_id=drop_schemas, execution_date=20230705T071325, start_date=20230705T071327, end_date=20230705T071327
[2023-07-05T07:13:27.703+0000] {standard_task_runner.py:105} ERROR - Failed to execute job 8 for task drop_schemas (The conn_id `snowflake_connection` isn't defined; 887)
[2023-07-05T07:13:27.743+0000] {local_task_job.py:159} INFO - Task exited with return code 1
[2023-07-05T07:13:27.771+0000] {taskinstance.py:2582} INFO - 0 downstream tasks scheduled from follow-on schedule check
