[2023-06-30T06:01:11.830+0000] {processor.py:153} INFO - Started process (PID=76) to work on /home/airflow/.local/lib/python3.7/site-packages/airflow/example_dags/example_datasets.py
[2023-06-30T06:01:11.833+0000] {processor.py:743} INFO - Processing file /home/airflow/.local/lib/python3.7/site-packages/airflow/example_dags/example_datasets.py for tasks to queue
[2023-06-30T06:01:11.836+0000] {logging_mixin.py:137} INFO - [2023-06-30T06:01:11.836+0000] {dagbag.py:538} INFO - Filling up the DagBag from /home/airflow/.local/lib/python3.7/site-packages/airflow/example_dags/example_datasets.py
[2023-06-30T06:01:11.862+0000] {processor.py:753} INFO - DAG(s) dict_keys(['dataset_consumes_1', 'dataset_consumes_1_and_2', 'dataset_produces_1', 'dataset_produces_2', 'dataset_consumes_1_never_scheduled', 'dataset_consumes_unknown_never_scheduled']) retrieved from /home/airflow/.local/lib/python3.7/site-packages/airflow/example_dags/example_datasets.py
[2023-06-30T06:01:11.994+0000] {logging_mixin.py:137} INFO - [2023-06-30T06:01:11.994+0000] {dag.py:2676} INFO - Sync 6 DAGs
[2023-06-30T06:01:12.026+0000] {logging_mixin.py:137} INFO - [2023-06-30T06:01:12.026+0000] {dag.py:3427} INFO - Setting next_dagrun for dataset_consumes_1 to None, run_after=None
[2023-06-30T06:01:12.031+0000] {logging_mixin.py:137} INFO - [2023-06-30T06:01:12.031+0000] {dag.py:3427} INFO - Setting next_dagrun for dataset_consumes_1_and_2 to None, run_after=None
[2023-06-30T06:01:12.034+0000] {logging_mixin.py:137} INFO - [2023-06-30T06:01:12.034+0000] {dag.py:3427} INFO - Setting next_dagrun for dataset_consumes_1_never_scheduled to None, run_after=None
[2023-06-30T06:01:12.037+0000] {logging_mixin.py:137} INFO - [2023-06-30T06:01:12.037+0000] {dag.py:3427} INFO - Setting next_dagrun for dataset_consumes_unknown_never_scheduled to None, run_after=None
[2023-06-30T06:01:12.042+0000] {logging_mixin.py:137} INFO - [2023-06-30T06:01:12.042+0000] {dag.py:3427} INFO - Setting next_dagrun for dataset_produces_1 to 2023-06-29T00:00:00+00:00, run_after=2023-06-30T00:00:00+00:00
[2023-06-30T06:01:12.045+0000] {logging_mixin.py:137} INFO - [2023-06-30T06:01:12.045+0000] {dag.py:3427} INFO - Setting next_dagrun for dataset_produces_2 to None, run_after=None
[2023-06-30T06:01:12.090+0000] {processor.py:175} INFO - Processing /home/airflow/.local/lib/python3.7/site-packages/airflow/example_dags/example_datasets.py took 0.265 seconds
[2023-06-30T06:01:50.809+0000] {processor.py:153} INFO - Started process (PID=157) to work on /home/airflow/.local/lib/python3.7/site-packages/airflow/example_dags/example_datasets.py
[2023-06-30T06:01:50.820+0000] {processor.py:743} INFO - Processing file /home/airflow/.local/lib/python3.7/site-packages/airflow/example_dags/example_datasets.py for tasks to queue
[2023-06-30T06:01:50.825+0000] {logging_mixin.py:137} INFO - [2023-06-30T06:01:50.825+0000] {dagbag.py:538} INFO - Filling up the DagBag from /home/airflow/.local/lib/python3.7/site-packages/airflow/example_dags/example_datasets.py
[2023-06-30T06:01:51.408+0000] {processor.py:753} INFO - DAG(s) dict_keys(['dataset_consumes_1_never_scheduled', 'dataset_consumes_unknown_never_scheduled', 'dataset_consumes_1', 'dataset_consumes_1_and_2', 'dataset_produces_1', 'dataset_produces_2']) retrieved from /home/airflow/.local/lib/python3.7/site-packages/airflow/example_dags/example_datasets.py
[2023-06-30T06:01:51.614+0000] {logging_mixin.py:137} INFO - [2023-06-30T06:01:51.614+0000] {dag.py:2676} INFO - Sync 6 DAGs
[2023-06-30T06:01:51.787+0000] {logging_mixin.py:137} INFO - [2023-06-30T06:01:51.787+0000] {dag.py:3427} INFO - Setting next_dagrun for dataset_consumes_1 to None, run_after=None
[2023-06-30T06:01:51.804+0000] {logging_mixin.py:137} INFO - [2023-06-30T06:01:51.803+0000] {dag.py:3427} INFO - Setting next_dagrun for dataset_consumes_1_and_2 to None, run_after=None
[2023-06-30T06:01:51.813+0000] {logging_mixin.py:137} INFO - [2023-06-30T06:01:51.813+0000] {dag.py:3427} INFO - Setting next_dagrun for dataset_consumes_1_never_scheduled to None, run_after=None
[2023-06-30T06:01:51.820+0000] {logging_mixin.py:137} INFO - [2023-06-30T06:01:51.820+0000] {dag.py:3427} INFO - Setting next_dagrun for dataset_consumes_unknown_never_scheduled to None, run_after=None
[2023-06-30T06:01:51.833+0000] {logging_mixin.py:137} INFO - [2023-06-30T06:01:51.832+0000] {dag.py:3427} INFO - Setting next_dagrun for dataset_produces_1 to 2023-06-29T00:00:00+00:00, run_after=2023-06-30T00:00:00+00:00
[2023-06-30T06:01:51.837+0000] {logging_mixin.py:137} INFO - [2023-06-30T06:01:51.836+0000] {dag.py:3427} INFO - Setting next_dagrun for dataset_produces_2 to None, run_after=None
[2023-06-30T06:01:51.947+0000] {processor.py:175} INFO - Processing /home/airflow/.local/lib/python3.7/site-packages/airflow/example_dags/example_datasets.py took 1.152 seconds
[2023-06-30T06:02:22.164+0000] {processor.py:153} INFO - Started process (PID=223) to work on /home/airflow/.local/lib/python3.7/site-packages/airflow/example_dags/example_datasets.py
[2023-06-30T06:02:22.168+0000] {processor.py:743} INFO - Processing file /home/airflow/.local/lib/python3.7/site-packages/airflow/example_dags/example_datasets.py for tasks to queue
[2023-06-30T06:02:22.173+0000] {logging_mixin.py:137} INFO - [2023-06-30T06:02:22.172+0000] {dagbag.py:538} INFO - Filling up the DagBag from /home/airflow/.local/lib/python3.7/site-packages/airflow/example_dags/example_datasets.py
[2023-06-30T06:02:22.203+0000] {processor.py:753} INFO - DAG(s) dict_keys(['dataset_consumes_1_never_scheduled', 'dataset_consumes_unknown_never_scheduled', 'dataset_produces_1', 'dataset_consumes_1', 'dataset_produces_2', 'dataset_consumes_1_and_2']) retrieved from /home/airflow/.local/lib/python3.7/site-packages/airflow/example_dags/example_datasets.py
[2023-06-30T06:02:22.335+0000] {logging_mixin.py:137} INFO - [2023-06-30T06:02:22.335+0000] {dag.py:2676} INFO - Sync 6 DAGs
[2023-06-30T06:02:22.385+0000] {logging_mixin.py:137} INFO - [2023-06-30T06:02:22.385+0000] {dag.py:3427} INFO - Setting next_dagrun for dataset_consumes_1 to None, run_after=None
[2023-06-30T06:02:22.397+0000] {logging_mixin.py:137} INFO - [2023-06-30T06:02:22.397+0000] {dag.py:3427} INFO - Setting next_dagrun for dataset_consumes_1_and_2 to None, run_after=None
[2023-06-30T06:02:22.402+0000] {logging_mixin.py:137} INFO - [2023-06-30T06:02:22.401+0000] {dag.py:3427} INFO - Setting next_dagrun for dataset_consumes_1_never_scheduled to None, run_after=None
[2023-06-30T06:02:22.405+0000] {logging_mixin.py:137} INFO - [2023-06-30T06:02:22.405+0000] {dag.py:3427} INFO - Setting next_dagrun for dataset_consumes_unknown_never_scheduled to None, run_after=None
[2023-06-30T06:02:22.414+0000] {logging_mixin.py:137} INFO - [2023-06-30T06:02:22.414+0000] {dag.py:3427} INFO - Setting next_dagrun for dataset_produces_1 to 2023-06-29T00:00:00+00:00, run_after=2023-06-30T00:00:00+00:00
[2023-06-30T06:02:22.419+0000] {logging_mixin.py:137} INFO - [2023-06-30T06:02:22.418+0000] {dag.py:3427} INFO - Setting next_dagrun for dataset_produces_2 to None, run_after=None
[2023-06-30T06:02:22.487+0000] {processor.py:175} INFO - Processing /home/airflow/.local/lib/python3.7/site-packages/airflow/example_dags/example_datasets.py took 0.331 seconds
[2023-06-30T06:02:52.850+0000] {processor.py:153} INFO - Started process (PID=289) to work on /home/airflow/.local/lib/python3.7/site-packages/airflow/example_dags/example_datasets.py
[2023-06-30T06:02:52.852+0000] {processor.py:743} INFO - Processing file /home/airflow/.local/lib/python3.7/site-packages/airflow/example_dags/example_datasets.py for tasks to queue
[2023-06-30T06:02:52.854+0000] {logging_mixin.py:137} INFO - [2023-06-30T06:02:52.854+0000] {dagbag.py:538} INFO - Filling up the DagBag from /home/airflow/.local/lib/python3.7/site-packages/airflow/example_dags/example_datasets.py
[2023-06-30T06:02:52.880+0000] {processor.py:753} INFO - DAG(s) dict_keys(['dataset_produces_1', 'dataset_consumes_1_and_2', 'dataset_produces_2', 'dataset_consumes_1', 'dataset_consumes_unknown_never_scheduled', 'dataset_consumes_1_never_scheduled']) retrieved from /home/airflow/.local/lib/python3.7/site-packages/airflow/example_dags/example_datasets.py
[2023-06-30T06:02:52.955+0000] {logging_mixin.py:137} INFO - [2023-06-30T06:02:52.954+0000] {dag.py:2676} INFO - Sync 6 DAGs
[2023-06-30T06:02:52.990+0000] {logging_mixin.py:137} INFO - [2023-06-30T06:02:52.990+0000] {dag.py:3427} INFO - Setting next_dagrun for dataset_consumes_1 to None, run_after=None
[2023-06-30T06:02:52.996+0000] {logging_mixin.py:137} INFO - [2023-06-30T06:02:52.996+0000] {dag.py:3427} INFO - Setting next_dagrun for dataset_consumes_1_and_2 to None, run_after=None
[2023-06-30T06:02:52.998+0000] {logging_mixin.py:137} INFO - [2023-06-30T06:02:52.998+0000] {dag.py:3427} INFO - Setting next_dagrun for dataset_consumes_1_never_scheduled to None, run_after=None
[2023-06-30T06:02:53.001+0000] {logging_mixin.py:137} INFO - [2023-06-30T06:02:53.001+0000] {dag.py:3427} INFO - Setting next_dagrun for dataset_consumes_unknown_never_scheduled to None, run_after=None
[2023-06-30T06:02:53.005+0000] {logging_mixin.py:137} INFO - [2023-06-30T06:02:53.005+0000] {dag.py:3427} INFO - Setting next_dagrun for dataset_produces_1 to 2023-06-29T00:00:00+00:00, run_after=2023-06-30T00:00:00+00:00
[2023-06-30T06:02:53.008+0000] {logging_mixin.py:137} INFO - [2023-06-30T06:02:53.008+0000] {dag.py:3427} INFO - Setting next_dagrun for dataset_produces_2 to None, run_after=None
[2023-06-30T06:02:53.057+0000] {processor.py:175} INFO - Processing /home/airflow/.local/lib/python3.7/site-packages/airflow/example_dags/example_datasets.py took 0.214 seconds
[2023-06-30T06:03:23.727+0000] {processor.py:153} INFO - Started process (PID=355) to work on /home/airflow/.local/lib/python3.7/site-packages/airflow/example_dags/example_datasets.py
[2023-06-30T06:03:23.729+0000] {processor.py:743} INFO - Processing file /home/airflow/.local/lib/python3.7/site-packages/airflow/example_dags/example_datasets.py for tasks to queue
[2023-06-30T06:03:23.732+0000] {logging_mixin.py:137} INFO - [2023-06-30T06:03:23.731+0000] {dagbag.py:538} INFO - Filling up the DagBag from /home/airflow/.local/lib/python3.7/site-packages/airflow/example_dags/example_datasets.py
[2023-06-30T06:03:23.760+0000] {processor.py:753} INFO - DAG(s) dict_keys(['dataset_consumes_1_never_scheduled', 'dataset_consumes_unknown_never_scheduled', 'dataset_consumes_1', 'dataset_consumes_1_and_2', 'dataset_produces_2', 'dataset_produces_1']) retrieved from /home/airflow/.local/lib/python3.7/site-packages/airflow/example_dags/example_datasets.py
[2023-06-30T06:03:23.834+0000] {logging_mixin.py:137} INFO - [2023-06-30T06:03:23.834+0000] {dag.py:2676} INFO - Sync 6 DAGs
[2023-06-30T06:03:23.871+0000] {logging_mixin.py:137} INFO - [2023-06-30T06:03:23.871+0000] {dag.py:3427} INFO - Setting next_dagrun for dataset_consumes_1 to None, run_after=None
[2023-06-30T06:03:23.877+0000] {logging_mixin.py:137} INFO - [2023-06-30T06:03:23.876+0000] {dag.py:3427} INFO - Setting next_dagrun for dataset_consumes_1_and_2 to None, run_after=None
[2023-06-30T06:03:23.879+0000] {logging_mixin.py:137} INFO - [2023-06-30T06:03:23.879+0000] {dag.py:3427} INFO - Setting next_dagrun for dataset_consumes_1_never_scheduled to None, run_after=None
[2023-06-30T06:03:23.881+0000] {logging_mixin.py:137} INFO - [2023-06-30T06:03:23.881+0000] {dag.py:3427} INFO - Setting next_dagrun for dataset_consumes_unknown_never_scheduled to None, run_after=None
[2023-06-30T06:03:23.886+0000] {logging_mixin.py:137} INFO - [2023-06-30T06:03:23.886+0000] {dag.py:3427} INFO - Setting next_dagrun for dataset_produces_1 to 2023-06-29T00:00:00+00:00, run_after=2023-06-30T00:00:00+00:00
[2023-06-30T06:03:23.889+0000] {logging_mixin.py:137} INFO - [2023-06-30T06:03:23.889+0000] {dag.py:3427} INFO - Setting next_dagrun for dataset_produces_2 to None, run_after=None
[2023-06-30T06:03:23.941+0000] {processor.py:175} INFO - Processing /home/airflow/.local/lib/python3.7/site-packages/airflow/example_dags/example_datasets.py took 0.218 seconds
[2023-06-30T06:03:54.049+0000] {processor.py:153} INFO - Started process (PID=435) to work on /home/airflow/.local/lib/python3.7/site-packages/airflow/example_dags/example_datasets.py
[2023-06-30T06:03:54.053+0000] {processor.py:743} INFO - Processing file /home/airflow/.local/lib/python3.7/site-packages/airflow/example_dags/example_datasets.py for tasks to queue
[2023-06-30T06:03:54.057+0000] {logging_mixin.py:137} INFO - [2023-06-30T06:03:54.056+0000] {dagbag.py:538} INFO - Filling up the DagBag from /home/airflow/.local/lib/python3.7/site-packages/airflow/example_dags/example_datasets.py
[2023-06-30T06:03:54.087+0000] {processor.py:753} INFO - DAG(s) dict_keys(['dataset_consumes_1', 'dataset_consumes_1_and_2', 'dataset_produces_1', 'dataset_produces_2', 'dataset_consumes_unknown_never_scheduled', 'dataset_consumes_1_never_scheduled']) retrieved from /home/airflow/.local/lib/python3.7/site-packages/airflow/example_dags/example_datasets.py
[2023-06-30T06:03:54.173+0000] {logging_mixin.py:137} INFO - [2023-06-30T06:03:54.173+0000] {dag.py:2676} INFO - Sync 6 DAGs
[2023-06-30T06:03:54.211+0000] {logging_mixin.py:137} INFO - [2023-06-30T06:03:54.211+0000] {dag.py:3427} INFO - Setting next_dagrun for dataset_consumes_1 to None, run_after=None
[2023-06-30T06:03:54.217+0000] {logging_mixin.py:137} INFO - [2023-06-30T06:03:54.217+0000] {dag.py:3427} INFO - Setting next_dagrun for dataset_consumes_1_and_2 to None, run_after=None
[2023-06-30T06:03:54.220+0000] {logging_mixin.py:137} INFO - [2023-06-30T06:03:54.220+0000] {dag.py:3427} INFO - Setting next_dagrun for dataset_consumes_1_never_scheduled to None, run_after=None
[2023-06-30T06:03:54.222+0000] {logging_mixin.py:137} INFO - [2023-06-30T06:03:54.222+0000] {dag.py:3427} INFO - Setting next_dagrun for dataset_consumes_unknown_never_scheduled to None, run_after=None
[2023-06-30T06:03:54.227+0000] {logging_mixin.py:137} INFO - [2023-06-30T06:03:54.227+0000] {dag.py:3427} INFO - Setting next_dagrun for dataset_produces_1 to 2023-06-29T00:00:00+00:00, run_after=2023-06-30T00:00:00+00:00
[2023-06-30T06:03:54.230+0000] {logging_mixin.py:137} INFO - [2023-06-30T06:03:54.230+0000] {dag.py:3427} INFO - Setting next_dagrun for dataset_produces_2 to None, run_after=None
[2023-06-30T06:03:54.274+0000] {processor.py:175} INFO - Processing /home/airflow/.local/lib/python3.7/site-packages/airflow/example_dags/example_datasets.py took 0.232 seconds
[2023-06-30T06:04:24.345+0000] {processor.py:153} INFO - Started process (PID=500) to work on /home/airflow/.local/lib/python3.7/site-packages/airflow/example_dags/example_datasets.py
[2023-06-30T06:04:24.348+0000] {processor.py:743} INFO - Processing file /home/airflow/.local/lib/python3.7/site-packages/airflow/example_dags/example_datasets.py for tasks to queue
[2023-06-30T06:04:24.350+0000] {logging_mixin.py:137} INFO - [2023-06-30T06:04:24.350+0000] {dagbag.py:538} INFO - Filling up the DagBag from /home/airflow/.local/lib/python3.7/site-packages/airflow/example_dags/example_datasets.py
[2023-06-30T06:04:24.374+0000] {processor.py:753} INFO - DAG(s) dict_keys(['dataset_consumes_unknown_never_scheduled', 'dataset_consumes_1_and_2', 'dataset_produces_2', 'dataset_produces_1', 'dataset_consumes_1', 'dataset_consumes_1_never_scheduled']) retrieved from /home/airflow/.local/lib/python3.7/site-packages/airflow/example_dags/example_datasets.py
[2023-06-30T06:04:24.468+0000] {logging_mixin.py:137} INFO - [2023-06-30T06:04:24.468+0000] {dag.py:2676} INFO - Sync 6 DAGs
[2023-06-30T06:04:24.512+0000] {logging_mixin.py:137} INFO - [2023-06-30T06:04:24.512+0000] {dag.py:3427} INFO - Setting next_dagrun for dataset_consumes_1 to None, run_after=None
[2023-06-30T06:04:24.519+0000] {logging_mixin.py:137} INFO - [2023-06-30T06:04:24.519+0000] {dag.py:3427} INFO - Setting next_dagrun for dataset_consumes_1_and_2 to None, run_after=None
[2023-06-30T06:04:24.523+0000] {logging_mixin.py:137} INFO - [2023-06-30T06:04:24.523+0000] {dag.py:3427} INFO - Setting next_dagrun for dataset_consumes_1_never_scheduled to None, run_after=None
[2023-06-30T06:04:24.526+0000] {logging_mixin.py:137} INFO - [2023-06-30T06:04:24.526+0000] {dag.py:3427} INFO - Setting next_dagrun for dataset_consumes_unknown_never_scheduled to None, run_after=None
[2023-06-30T06:04:24.533+0000] {logging_mixin.py:137} INFO - [2023-06-30T06:04:24.533+0000] {dag.py:3427} INFO - Setting next_dagrun for dataset_produces_1 to 2023-06-29T00:00:00+00:00, run_after=2023-06-30T00:00:00+00:00
[2023-06-30T06:04:24.538+0000] {logging_mixin.py:137} INFO - [2023-06-30T06:04:24.538+0000] {dag.py:3427} INFO - Setting next_dagrun for dataset_produces_2 to None, run_after=None
[2023-06-30T06:04:24.624+0000] {processor.py:175} INFO - Processing /home/airflow/.local/lib/python3.7/site-packages/airflow/example_dags/example_datasets.py took 0.285 seconds
[2023-06-30T06:04:55.544+0000] {processor.py:153} INFO - Started process (PID=580) to work on /home/airflow/.local/lib/python3.7/site-packages/airflow/example_dags/example_datasets.py
[2023-06-30T06:04:55.546+0000] {processor.py:743} INFO - Processing file /home/airflow/.local/lib/python3.7/site-packages/airflow/example_dags/example_datasets.py for tasks to queue
[2023-06-30T06:04:55.548+0000] {logging_mixin.py:137} INFO - [2023-06-30T06:04:55.548+0000] {dagbag.py:538} INFO - Filling up the DagBag from /home/airflow/.local/lib/python3.7/site-packages/airflow/example_dags/example_datasets.py
[2023-06-30T06:04:55.573+0000] {processor.py:753} INFO - DAG(s) dict_keys(['dataset_produces_2', 'dataset_produces_1', 'dataset_consumes_unknown_never_scheduled', 'dataset_consumes_1_and_2', 'dataset_consumes_1_never_scheduled', 'dataset_consumes_1']) retrieved from /home/airflow/.local/lib/python3.7/site-packages/airflow/example_dags/example_datasets.py
[2023-06-30T06:04:55.643+0000] {logging_mixin.py:137} INFO - [2023-06-30T06:04:55.643+0000] {dag.py:2676} INFO - Sync 6 DAGs
[2023-06-30T06:04:55.678+0000] {logging_mixin.py:137} INFO - [2023-06-30T06:04:55.677+0000] {dag.py:3427} INFO - Setting next_dagrun for dataset_consumes_1 to None, run_after=None
[2023-06-30T06:04:55.682+0000] {logging_mixin.py:137} INFO - [2023-06-30T06:04:55.682+0000] {dag.py:3427} INFO - Setting next_dagrun for dataset_consumes_1_and_2 to None, run_after=None
[2023-06-30T06:04:55.685+0000] {logging_mixin.py:137} INFO - [2023-06-30T06:04:55.685+0000] {dag.py:3427} INFO - Setting next_dagrun for dataset_consumes_1_never_scheduled to None, run_after=None
[2023-06-30T06:04:55.687+0000] {logging_mixin.py:137} INFO - [2023-06-30T06:04:55.687+0000] {dag.py:3427} INFO - Setting next_dagrun for dataset_consumes_unknown_never_scheduled to None, run_after=None
[2023-06-30T06:04:55.692+0000] {logging_mixin.py:137} INFO - [2023-06-30T06:04:55.691+0000] {dag.py:3427} INFO - Setting next_dagrun for dataset_produces_1 to 2023-06-29T00:00:00+00:00, run_after=2023-06-30T00:00:00+00:00
[2023-06-30T06:04:55.694+0000] {logging_mixin.py:137} INFO - [2023-06-30T06:04:55.694+0000] {dag.py:3427} INFO - Setting next_dagrun for dataset_produces_2 to None, run_after=None
[2023-06-30T06:04:55.738+0000] {processor.py:175} INFO - Processing /home/airflow/.local/lib/python3.7/site-packages/airflow/example_dags/example_datasets.py took 0.199 seconds
[2023-06-30T06:05:26.717+0000] {processor.py:153} INFO - Started process (PID=646) to work on /home/airflow/.local/lib/python3.7/site-packages/airflow/example_dags/example_datasets.py
[2023-06-30T06:05:26.719+0000] {processor.py:743} INFO - Processing file /home/airflow/.local/lib/python3.7/site-packages/airflow/example_dags/example_datasets.py for tasks to queue
[2023-06-30T06:05:26.722+0000] {logging_mixin.py:137} INFO - [2023-06-30T06:05:26.722+0000] {dagbag.py:538} INFO - Filling up the DagBag from /home/airflow/.local/lib/python3.7/site-packages/airflow/example_dags/example_datasets.py
[2023-06-30T06:05:26.742+0000] {processor.py:753} INFO - DAG(s) dict_keys(['dataset_consumes_1_and_2', 'dataset_produces_2', 'dataset_consumes_unknown_never_scheduled', 'dataset_produces_1', 'dataset_consumes_1', 'dataset_consumes_1_never_scheduled']) retrieved from /home/airflow/.local/lib/python3.7/site-packages/airflow/example_dags/example_datasets.py
[2023-06-30T06:05:26.817+0000] {logging_mixin.py:137} INFO - [2023-06-30T06:05:26.817+0000] {dag.py:2676} INFO - Sync 6 DAGs
[2023-06-30T06:05:26.855+0000] {logging_mixin.py:137} INFO - [2023-06-30T06:05:26.855+0000] {dag.py:3427} INFO - Setting next_dagrun for dataset_consumes_1 to None, run_after=None
[2023-06-30T06:05:26.862+0000] {logging_mixin.py:137} INFO - [2023-06-30T06:05:26.862+0000] {dag.py:3427} INFO - Setting next_dagrun for dataset_consumes_1_and_2 to None, run_after=None
[2023-06-30T06:05:26.865+0000] {logging_mixin.py:137} INFO - [2023-06-30T06:05:26.865+0000] {dag.py:3427} INFO - Setting next_dagrun for dataset_consumes_1_never_scheduled to None, run_after=None
[2023-06-30T06:05:26.868+0000] {logging_mixin.py:137} INFO - [2023-06-30T06:05:26.868+0000] {dag.py:3427} INFO - Setting next_dagrun for dataset_consumes_unknown_never_scheduled to None, run_after=None
[2023-06-30T06:05:26.874+0000] {logging_mixin.py:137} INFO - [2023-06-30T06:05:26.873+0000] {dag.py:3427} INFO - Setting next_dagrun for dataset_produces_1 to 2023-06-29T00:00:00+00:00, run_after=2023-06-30T00:00:00+00:00
[2023-06-30T06:05:26.876+0000] {logging_mixin.py:137} INFO - [2023-06-30T06:05:26.876+0000] {dag.py:3427} INFO - Setting next_dagrun for dataset_produces_2 to None, run_after=None
[2023-06-30T06:05:26.927+0000] {processor.py:175} INFO - Processing /home/airflow/.local/lib/python3.7/site-packages/airflow/example_dags/example_datasets.py took 0.215 seconds
[2023-06-30T06:05:57.079+0000] {processor.py:153} INFO - Started process (PID=722) to work on /home/airflow/.local/lib/python3.7/site-packages/airflow/example_dags/example_datasets.py
[2023-06-30T06:05:57.081+0000] {processor.py:743} INFO - Processing file /home/airflow/.local/lib/python3.7/site-packages/airflow/example_dags/example_datasets.py for tasks to queue
[2023-06-30T06:05:57.083+0000] {logging_mixin.py:137} INFO - [2023-06-30T06:05:57.083+0000] {dagbag.py:538} INFO - Filling up the DagBag from /home/airflow/.local/lib/python3.7/site-packages/airflow/example_dags/example_datasets.py
[2023-06-30T06:05:57.107+0000] {processor.py:753} INFO - DAG(s) dict_keys(['dataset_consumes_1_never_scheduled', 'dataset_consumes_1', 'dataset_produces_2', 'dataset_consumes_unknown_never_scheduled', 'dataset_consumes_1_and_2', 'dataset_produces_1']) retrieved from /home/airflow/.local/lib/python3.7/site-packages/airflow/example_dags/example_datasets.py
[2023-06-30T06:05:57.181+0000] {logging_mixin.py:137} INFO - [2023-06-30T06:05:57.181+0000] {dag.py:2676} INFO - Sync 6 DAGs
[2023-06-30T06:05:57.242+0000] {logging_mixin.py:137} INFO - [2023-06-30T06:05:57.242+0000] {dag.py:3427} INFO - Setting next_dagrun for dataset_consumes_1 to None, run_after=None
[2023-06-30T06:05:57.251+0000] {logging_mixin.py:137} INFO - [2023-06-30T06:05:57.251+0000] {dag.py:3427} INFO - Setting next_dagrun for dataset_consumes_1_and_2 to None, run_after=None
[2023-06-30T06:05:57.255+0000] {logging_mixin.py:137} INFO - [2023-06-30T06:05:57.255+0000] {dag.py:3427} INFO - Setting next_dagrun for dataset_consumes_1_never_scheduled to None, run_after=None
[2023-06-30T06:05:57.258+0000] {logging_mixin.py:137} INFO - [2023-06-30T06:05:57.258+0000] {dag.py:3427} INFO - Setting next_dagrun for dataset_consumes_unknown_never_scheduled to None, run_after=None
[2023-06-30T06:05:57.264+0000] {logging_mixin.py:137} INFO - [2023-06-30T06:05:57.264+0000] {dag.py:3427} INFO - Setting next_dagrun for dataset_produces_1 to 2023-06-29T00:00:00+00:00, run_after=2023-06-30T00:00:00+00:00
[2023-06-30T06:05:57.270+0000] {logging_mixin.py:137} INFO - [2023-06-30T06:05:57.270+0000] {dag.py:3427} INFO - Setting next_dagrun for dataset_produces_2 to None, run_after=None
[2023-06-30T06:05:57.343+0000] {processor.py:175} INFO - Processing /home/airflow/.local/lib/python3.7/site-packages/airflow/example_dags/example_datasets.py took 0.269 seconds
[2023-06-30T06:06:27.484+0000] {processor.py:153} INFO - Started process (PID=793) to work on /home/airflow/.local/lib/python3.7/site-packages/airflow/example_dags/example_datasets.py
[2023-06-30T06:06:27.486+0000] {processor.py:743} INFO - Processing file /home/airflow/.local/lib/python3.7/site-packages/airflow/example_dags/example_datasets.py for tasks to queue
[2023-06-30T06:06:27.489+0000] {logging_mixin.py:137} INFO - [2023-06-30T06:06:27.489+0000] {dagbag.py:538} INFO - Filling up the DagBag from /home/airflow/.local/lib/python3.7/site-packages/airflow/example_dags/example_datasets.py
[2023-06-30T06:06:27.513+0000] {processor.py:753} INFO - DAG(s) dict_keys(['dataset_consumes_1_and_2', 'dataset_produces_2', 'dataset_consumes_1', 'dataset_produces_1', 'dataset_consumes_1_never_scheduled', 'dataset_consumes_unknown_never_scheduled']) retrieved from /home/airflow/.local/lib/python3.7/site-packages/airflow/example_dags/example_datasets.py
[2023-06-30T06:06:27.595+0000] {logging_mixin.py:137} INFO - [2023-06-30T06:06:27.595+0000] {dag.py:2676} INFO - Sync 6 DAGs
[2023-06-30T06:06:27.632+0000] {logging_mixin.py:137} INFO - [2023-06-30T06:06:27.632+0000] {dag.py:3427} INFO - Setting next_dagrun for dataset_consumes_1 to None, run_after=None
[2023-06-30T06:06:27.639+0000] {logging_mixin.py:137} INFO - [2023-06-30T06:06:27.639+0000] {dag.py:3427} INFO - Setting next_dagrun for dataset_consumes_1_and_2 to None, run_after=None
[2023-06-30T06:06:27.642+0000] {logging_mixin.py:137} INFO - [2023-06-30T06:06:27.642+0000] {dag.py:3427} INFO - Setting next_dagrun for dataset_consumes_1_never_scheduled to None, run_after=None
[2023-06-30T06:06:27.646+0000] {logging_mixin.py:137} INFO - [2023-06-30T06:06:27.646+0000] {dag.py:3427} INFO - Setting next_dagrun for dataset_consumes_unknown_never_scheduled to None, run_after=None
[2023-06-30T06:06:27.651+0000] {logging_mixin.py:137} INFO - [2023-06-30T06:06:27.650+0000] {dag.py:3427} INFO - Setting next_dagrun for dataset_produces_1 to 2023-06-29T00:00:00+00:00, run_after=2023-06-30T00:00:00+00:00
[2023-06-30T06:06:27.653+0000] {logging_mixin.py:137} INFO - [2023-06-30T06:06:27.653+0000] {dag.py:3427} INFO - Setting next_dagrun for dataset_produces_2 to None, run_after=None
[2023-06-30T06:06:27.697+0000] {processor.py:175} INFO - Processing /home/airflow/.local/lib/python3.7/site-packages/airflow/example_dags/example_datasets.py took 0.219 seconds
[2023-06-30T06:06:57.844+0000] {processor.py:153} INFO - Started process (PID=859) to work on /home/airflow/.local/lib/python3.7/site-packages/airflow/example_dags/example_datasets.py
[2023-06-30T06:06:57.846+0000] {processor.py:743} INFO - Processing file /home/airflow/.local/lib/python3.7/site-packages/airflow/example_dags/example_datasets.py for tasks to queue
[2023-06-30T06:06:57.848+0000] {logging_mixin.py:137} INFO - [2023-06-30T06:06:57.848+0000] {dagbag.py:538} INFO - Filling up the DagBag from /home/airflow/.local/lib/python3.7/site-packages/airflow/example_dags/example_datasets.py
[2023-06-30T06:06:57.872+0000] {processor.py:753} INFO - DAG(s) dict_keys(['dataset_consumes_1_and_2', 'dataset_consumes_1', 'dataset_produces_2', 'dataset_consumes_1_never_scheduled', 'dataset_consumes_unknown_never_scheduled', 'dataset_produces_1']) retrieved from /home/airflow/.local/lib/python3.7/site-packages/airflow/example_dags/example_datasets.py
[2023-06-30T06:06:57.945+0000] {logging_mixin.py:137} INFO - [2023-06-30T06:06:57.945+0000] {dag.py:2676} INFO - Sync 6 DAGs
[2023-06-30T06:06:57.981+0000] {logging_mixin.py:137} INFO - [2023-06-30T06:06:57.980+0000] {dag.py:3427} INFO - Setting next_dagrun for dataset_consumes_1 to None, run_after=None
[2023-06-30T06:06:57.987+0000] {logging_mixin.py:137} INFO - [2023-06-30T06:06:57.987+0000] {dag.py:3427} INFO - Setting next_dagrun for dataset_consumes_1_and_2 to None, run_after=None
[2023-06-30T06:06:57.990+0000] {logging_mixin.py:137} INFO - [2023-06-30T06:06:57.990+0000] {dag.py:3427} INFO - Setting next_dagrun for dataset_consumes_1_never_scheduled to None, run_after=None
[2023-06-30T06:06:57.993+0000] {logging_mixin.py:137} INFO - [2023-06-30T06:06:57.993+0000] {dag.py:3427} INFO - Setting next_dagrun for dataset_consumes_unknown_never_scheduled to None, run_after=None
[2023-06-30T06:06:57.998+0000] {logging_mixin.py:137} INFO - [2023-06-30T06:06:57.997+0000] {dag.py:3427} INFO - Setting next_dagrun for dataset_produces_1 to 2023-06-29T00:00:00+00:00, run_after=2023-06-30T00:00:00+00:00
[2023-06-30T06:06:58.002+0000] {logging_mixin.py:137} INFO - [2023-06-30T06:06:58.002+0000] {dag.py:3427} INFO - Setting next_dagrun for dataset_produces_2 to None, run_after=None
[2023-06-30T06:06:58.048+0000] {processor.py:175} INFO - Processing /home/airflow/.local/lib/python3.7/site-packages/airflow/example_dags/example_datasets.py took 0.211 seconds
[2023-06-30T06:07:28.158+0000] {processor.py:153} INFO - Started process (PID=939) to work on /home/airflow/.local/lib/python3.7/site-packages/airflow/example_dags/example_datasets.py
[2023-06-30T06:07:28.161+0000] {processor.py:743} INFO - Processing file /home/airflow/.local/lib/python3.7/site-packages/airflow/example_dags/example_datasets.py for tasks to queue
[2023-06-30T06:07:28.163+0000] {logging_mixin.py:137} INFO - [2023-06-30T06:07:28.163+0000] {dagbag.py:538} INFO - Filling up the DagBag from /home/airflow/.local/lib/python3.7/site-packages/airflow/example_dags/example_datasets.py
[2023-06-30T06:07:28.191+0000] {processor.py:753} INFO - DAG(s) dict_keys(['dataset_consumes_1_and_2', 'dataset_produces_1', 'dataset_consumes_unknown_never_scheduled', 'dataset_consumes_1', 'dataset_produces_2', 'dataset_consumes_1_never_scheduled']) retrieved from /home/airflow/.local/lib/python3.7/site-packages/airflow/example_dags/example_datasets.py
[2023-06-30T06:07:28.270+0000] {logging_mixin.py:137} INFO - [2023-06-30T06:07:28.270+0000] {dag.py:2676} INFO - Sync 6 DAGs
[2023-06-30T06:07:28.307+0000] {logging_mixin.py:137} INFO - [2023-06-30T06:07:28.307+0000] {dag.py:3427} INFO - Setting next_dagrun for dataset_consumes_1 to None, run_after=None
[2023-06-30T06:07:28.313+0000] {logging_mixin.py:137} INFO - [2023-06-30T06:07:28.313+0000] {dag.py:3427} INFO - Setting next_dagrun for dataset_consumes_1_and_2 to None, run_after=None
[2023-06-30T06:07:28.316+0000] {logging_mixin.py:137} INFO - [2023-06-30T06:07:28.316+0000] {dag.py:3427} INFO - Setting next_dagrun for dataset_consumes_1_never_scheduled to None, run_after=None
[2023-06-30T06:07:28.318+0000] {logging_mixin.py:137} INFO - [2023-06-30T06:07:28.318+0000] {dag.py:3427} INFO - Setting next_dagrun for dataset_consumes_unknown_never_scheduled to None, run_after=None
[2023-06-30T06:07:28.324+0000] {logging_mixin.py:137} INFO - [2023-06-30T06:07:28.324+0000] {dag.py:3427} INFO - Setting next_dagrun for dataset_produces_1 to 2023-06-29T00:00:00+00:00, run_after=2023-06-30T00:00:00+00:00
[2023-06-30T06:07:28.327+0000] {logging_mixin.py:137} INFO - [2023-06-30T06:07:28.326+0000] {dag.py:3427} INFO - Setting next_dagrun for dataset_produces_2 to None, run_after=None
[2023-06-30T06:07:28.380+0000] {processor.py:175} INFO - Processing /home/airflow/.local/lib/python3.7/site-packages/airflow/example_dags/example_datasets.py took 0.228 seconds
[2023-06-30T06:07:59.254+0000] {processor.py:153} INFO - Started process (PID=1005) to work on /home/airflow/.local/lib/python3.7/site-packages/airflow/example_dags/example_datasets.py
[2023-06-30T06:07:59.256+0000] {processor.py:743} INFO - Processing file /home/airflow/.local/lib/python3.7/site-packages/airflow/example_dags/example_datasets.py for tasks to queue
[2023-06-30T06:07:59.258+0000] {logging_mixin.py:137} INFO - [2023-06-30T06:07:59.258+0000] {dagbag.py:538} INFO - Filling up the DagBag from /home/airflow/.local/lib/python3.7/site-packages/airflow/example_dags/example_datasets.py
[2023-06-30T06:07:59.278+0000] {processor.py:753} INFO - DAG(s) dict_keys(['dataset_consumes_1_and_2', 'dataset_consumes_unknown_never_scheduled', 'dataset_consumes_1', 'dataset_produces_2', 'dataset_produces_1', 'dataset_consumes_1_never_scheduled']) retrieved from /home/airflow/.local/lib/python3.7/site-packages/airflow/example_dags/example_datasets.py
[2023-06-30T06:07:59.318+0000] {logging_mixin.py:137} INFO - [2023-06-30T06:07:59.318+0000] {dag.py:2676} INFO - Sync 6 DAGs
[2023-06-30T06:07:59.356+0000] {logging_mixin.py:137} INFO - [2023-06-30T06:07:59.356+0000] {dag.py:3427} INFO - Setting next_dagrun for dataset_consumes_1 to None, run_after=None
[2023-06-30T06:07:59.363+0000] {logging_mixin.py:137} INFO - [2023-06-30T06:07:59.362+0000] {dag.py:3427} INFO - Setting next_dagrun for dataset_consumes_1_and_2 to None, run_after=None
[2023-06-30T06:07:59.366+0000] {logging_mixin.py:137} INFO - [2023-06-30T06:07:59.366+0000] {dag.py:3427} INFO - Setting next_dagrun for dataset_consumes_1_never_scheduled to None, run_after=None
[2023-06-30T06:07:59.368+0000] {logging_mixin.py:137} INFO - [2023-06-30T06:07:59.368+0000] {dag.py:3427} INFO - Setting next_dagrun for dataset_consumes_unknown_never_scheduled to None, run_after=None
[2023-06-30T06:07:59.373+0000] {logging_mixin.py:137} INFO - [2023-06-30T06:07:59.373+0000] {dag.py:3427} INFO - Setting next_dagrun for dataset_produces_1 to 2023-06-29T00:00:00+00:00, run_after=2023-06-30T00:00:00+00:00
[2023-06-30T06:07:59.375+0000] {logging_mixin.py:137} INFO - [2023-06-30T06:07:59.375+0000] {dag.py:3427} INFO - Setting next_dagrun for dataset_produces_2 to None, run_after=None
[2023-06-30T06:07:59.422+0000] {processor.py:175} INFO - Processing /home/airflow/.local/lib/python3.7/site-packages/airflow/example_dags/example_datasets.py took 0.173 seconds
[2023-06-30T06:08:29.491+0000] {processor.py:153} INFO - Started process (PID=1070) to work on /home/airflow/.local/lib/python3.7/site-packages/airflow/example_dags/example_datasets.py
[2023-06-30T06:08:29.494+0000] {processor.py:743} INFO - Processing file /home/airflow/.local/lib/python3.7/site-packages/airflow/example_dags/example_datasets.py for tasks to queue
[2023-06-30T06:08:29.495+0000] {logging_mixin.py:137} INFO - [2023-06-30T06:08:29.495+0000] {dagbag.py:538} INFO - Filling up the DagBag from /home/airflow/.local/lib/python3.7/site-packages/airflow/example_dags/example_datasets.py
[2023-06-30T06:08:29.517+0000] {processor.py:753} INFO - DAG(s) dict_keys(['dataset_produces_2', 'dataset_consumes_1_and_2', 'dataset_consumes_unknown_never_scheduled', 'dataset_consumes_1_never_scheduled', 'dataset_consumes_1', 'dataset_produces_1']) retrieved from /home/airflow/.local/lib/python3.7/site-packages/airflow/example_dags/example_datasets.py
[2023-06-30T06:08:29.635+0000] {logging_mixin.py:137} INFO - [2023-06-30T06:08:29.635+0000] {dag.py:2676} INFO - Sync 6 DAGs
[2023-06-30T06:08:29.668+0000] {logging_mixin.py:137} INFO - [2023-06-30T06:08:29.668+0000] {dag.py:3427} INFO - Setting next_dagrun for dataset_consumes_1 to None, run_after=None
[2023-06-30T06:08:29.673+0000] {logging_mixin.py:137} INFO - [2023-06-30T06:08:29.673+0000] {dag.py:3427} INFO - Setting next_dagrun for dataset_consumes_1_and_2 to None, run_after=None
[2023-06-30T06:08:29.675+0000] {logging_mixin.py:137} INFO - [2023-06-30T06:08:29.675+0000] {dag.py:3427} INFO - Setting next_dagrun for dataset_consumes_1_never_scheduled to None, run_after=None
[2023-06-30T06:08:29.678+0000] {logging_mixin.py:137} INFO - [2023-06-30T06:08:29.678+0000] {dag.py:3427} INFO - Setting next_dagrun for dataset_consumes_unknown_never_scheduled to None, run_after=None
[2023-06-30T06:08:29.682+0000] {logging_mixin.py:137} INFO - [2023-06-30T06:08:29.682+0000] {dag.py:3427} INFO - Setting next_dagrun for dataset_produces_1 to 2023-06-29T00:00:00+00:00, run_after=2023-06-30T00:00:00+00:00
[2023-06-30T06:08:29.685+0000] {logging_mixin.py:137} INFO - [2023-06-30T06:08:29.685+0000] {dag.py:3427} INFO - Setting next_dagrun for dataset_produces_2 to None, run_after=None
[2023-06-30T06:08:29.729+0000] {processor.py:175} INFO - Processing /home/airflow/.local/lib/python3.7/site-packages/airflow/example_dags/example_datasets.py took 0.244 seconds
[2023-06-30T06:09:00.097+0000] {processor.py:153} INFO - Started process (PID=1150) to work on /home/airflow/.local/lib/python3.7/site-packages/airflow/example_dags/example_datasets.py
[2023-06-30T06:09:00.100+0000] {processor.py:743} INFO - Processing file /home/airflow/.local/lib/python3.7/site-packages/airflow/example_dags/example_datasets.py for tasks to queue
[2023-06-30T06:09:00.101+0000] {logging_mixin.py:137} INFO - [2023-06-30T06:09:00.101+0000] {dagbag.py:538} INFO - Filling up the DagBag from /home/airflow/.local/lib/python3.7/site-packages/airflow/example_dags/example_datasets.py
[2023-06-30T06:09:00.126+0000] {processor.py:753} INFO - DAG(s) dict_keys(['dataset_produces_2', 'dataset_consumes_1_never_scheduled', 'dataset_produces_1', 'dataset_consumes_unknown_never_scheduled', 'dataset_consumes_1', 'dataset_consumes_1_and_2']) retrieved from /home/airflow/.local/lib/python3.7/site-packages/airflow/example_dags/example_datasets.py
[2023-06-30T06:09:00.199+0000] {logging_mixin.py:137} INFO - [2023-06-30T06:09:00.198+0000] {dag.py:2676} INFO - Sync 6 DAGs
[2023-06-30T06:09:00.231+0000] {logging_mixin.py:137} INFO - [2023-06-30T06:09:00.231+0000] {dag.py:3427} INFO - Setting next_dagrun for dataset_consumes_1 to None, run_after=None
[2023-06-30T06:09:00.236+0000] {logging_mixin.py:137} INFO - [2023-06-30T06:09:00.236+0000] {dag.py:3427} INFO - Setting next_dagrun for dataset_consumes_1_and_2 to None, run_after=None
[2023-06-30T06:09:00.238+0000] {logging_mixin.py:137} INFO - [2023-06-30T06:09:00.238+0000] {dag.py:3427} INFO - Setting next_dagrun for dataset_consumes_1_never_scheduled to None, run_after=None
[2023-06-30T06:09:00.240+0000] {logging_mixin.py:137} INFO - [2023-06-30T06:09:00.240+0000] {dag.py:3427} INFO - Setting next_dagrun for dataset_consumes_unknown_never_scheduled to None, run_after=None
[2023-06-30T06:09:00.243+0000] {logging_mixin.py:137} INFO - [2023-06-30T06:09:00.243+0000] {dag.py:3427} INFO - Setting next_dagrun for dataset_produces_1 to 2023-06-29T00:00:00+00:00, run_after=2023-06-30T00:00:00+00:00
[2023-06-30T06:09:00.245+0000] {logging_mixin.py:137} INFO - [2023-06-30T06:09:00.245+0000] {dag.py:3427} INFO - Setting next_dagrun for dataset_produces_2 to None, run_after=None
[2023-06-30T06:09:00.290+0000] {processor.py:175} INFO - Processing /home/airflow/.local/lib/python3.7/site-packages/airflow/example_dags/example_datasets.py took 0.198 seconds
[2023-06-30T06:09:30.397+0000] {processor.py:153} INFO - Started process (PID=1216) to work on /home/airflow/.local/lib/python3.7/site-packages/airflow/example_dags/example_datasets.py
[2023-06-30T06:09:30.399+0000] {processor.py:743} INFO - Processing file /home/airflow/.local/lib/python3.7/site-packages/airflow/example_dags/example_datasets.py for tasks to queue
[2023-06-30T06:09:30.401+0000] {logging_mixin.py:137} INFO - [2023-06-30T06:09:30.401+0000] {dagbag.py:538} INFO - Filling up the DagBag from /home/airflow/.local/lib/python3.7/site-packages/airflow/example_dags/example_datasets.py
[2023-06-30T06:09:30.426+0000] {processor.py:753} INFO - DAG(s) dict_keys(['dataset_consumes_1_never_scheduled', 'dataset_produces_2', 'dataset_produces_1', 'dataset_consumes_1', 'dataset_consumes_1_and_2', 'dataset_consumes_unknown_never_scheduled']) retrieved from /home/airflow/.local/lib/python3.7/site-packages/airflow/example_dags/example_datasets.py
[2023-06-30T06:09:30.503+0000] {logging_mixin.py:137} INFO - [2023-06-30T06:09:30.503+0000] {dag.py:2676} INFO - Sync 6 DAGs
[2023-06-30T06:09:30.540+0000] {logging_mixin.py:137} INFO - [2023-06-30T06:09:30.540+0000] {dag.py:3427} INFO - Setting next_dagrun for dataset_consumes_1 to None, run_after=None
[2023-06-30T06:09:30.546+0000] {logging_mixin.py:137} INFO - [2023-06-30T06:09:30.546+0000] {dag.py:3427} INFO - Setting next_dagrun for dataset_consumes_1_and_2 to None, run_after=None
[2023-06-30T06:09:30.549+0000] {logging_mixin.py:137} INFO - [2023-06-30T06:09:30.549+0000] {dag.py:3427} INFO - Setting next_dagrun for dataset_consumes_1_never_scheduled to None, run_after=None
[2023-06-30T06:09:30.552+0000] {logging_mixin.py:137} INFO - [2023-06-30T06:09:30.552+0000] {dag.py:3427} INFO - Setting next_dagrun for dataset_consumes_unknown_never_scheduled to None, run_after=None
[2023-06-30T06:09:30.557+0000] {logging_mixin.py:137} INFO - [2023-06-30T06:09:30.557+0000] {dag.py:3427} INFO - Setting next_dagrun for dataset_produces_1 to 2023-06-29T00:00:00+00:00, run_after=2023-06-30T00:00:00+00:00
[2023-06-30T06:09:30.560+0000] {logging_mixin.py:137} INFO - [2023-06-30T06:09:30.560+0000] {dag.py:3427} INFO - Setting next_dagrun for dataset_produces_2 to None, run_after=None
[2023-06-30T06:09:30.622+0000] {processor.py:175} INFO - Processing /home/airflow/.local/lib/python3.7/site-packages/airflow/example_dags/example_datasets.py took 0.228 seconds
[2023-06-30T06:10:00.825+0000] {processor.py:153} INFO - Started process (PID=1282) to work on /home/airflow/.local/lib/python3.7/site-packages/airflow/example_dags/example_datasets.py
[2023-06-30T06:10:00.828+0000] {processor.py:743} INFO - Processing file /home/airflow/.local/lib/python3.7/site-packages/airflow/example_dags/example_datasets.py for tasks to queue
[2023-06-30T06:10:00.831+0000] {logging_mixin.py:137} INFO - [2023-06-30T06:10:00.831+0000] {dagbag.py:538} INFO - Filling up the DagBag from /home/airflow/.local/lib/python3.7/site-packages/airflow/example_dags/example_datasets.py
[2023-06-30T06:10:00.862+0000] {processor.py:753} INFO - DAG(s) dict_keys(['dataset_consumes_1_never_scheduled', 'dataset_produces_1', 'dataset_produces_2', 'dataset_consumes_1', 'dataset_consumes_unknown_never_scheduled', 'dataset_consumes_1_and_2']) retrieved from /home/airflow/.local/lib/python3.7/site-packages/airflow/example_dags/example_datasets.py
[2023-06-30T06:10:00.941+0000] {logging_mixin.py:137} INFO - [2023-06-30T06:10:00.941+0000] {dag.py:2676} INFO - Sync 6 DAGs
[2023-06-30T06:10:00.982+0000] {logging_mixin.py:137} INFO - [2023-06-30T06:10:00.982+0000] {dag.py:3427} INFO - Setting next_dagrun for dataset_consumes_1 to None, run_after=None
[2023-06-30T06:10:00.988+0000] {logging_mixin.py:137} INFO - [2023-06-30T06:10:00.988+0000] {dag.py:3427} INFO - Setting next_dagrun for dataset_consumes_1_and_2 to None, run_after=None
[2023-06-30T06:10:00.992+0000] {logging_mixin.py:137} INFO - [2023-06-30T06:10:00.991+0000] {dag.py:3427} INFO - Setting next_dagrun for dataset_consumes_1_never_scheduled to None, run_after=None
[2023-06-30T06:10:00.995+0000] {logging_mixin.py:137} INFO - [2023-06-30T06:10:00.994+0000] {dag.py:3427} INFO - Setting next_dagrun for dataset_consumes_unknown_never_scheduled to None, run_after=None
[2023-06-30T06:10:01.001+0000] {logging_mixin.py:137} INFO - [2023-06-30T06:10:01.000+0000] {dag.py:3427} INFO - Setting next_dagrun for dataset_produces_1 to 2023-06-29T00:00:00+00:00, run_after=2023-06-30T00:00:00+00:00
[2023-06-30T06:10:01.004+0000] {logging_mixin.py:137} INFO - [2023-06-30T06:10:01.004+0000] {dag.py:3427} INFO - Setting next_dagrun for dataset_produces_2 to None, run_after=None
[2023-06-30T06:10:01.060+0000] {processor.py:175} INFO - Processing /home/airflow/.local/lib/python3.7/site-packages/airflow/example_dags/example_datasets.py took 0.240 seconds
[2023-06-30T06:10:31.340+0000] {processor.py:153} INFO - Started process (PID=1362) to work on /home/airflow/.local/lib/python3.7/site-packages/airflow/example_dags/example_datasets.py
[2023-06-30T06:10:31.343+0000] {processor.py:743} INFO - Processing file /home/airflow/.local/lib/python3.7/site-packages/airflow/example_dags/example_datasets.py for tasks to queue
[2023-06-30T06:10:31.345+0000] {logging_mixin.py:137} INFO - [2023-06-30T06:10:31.345+0000] {dagbag.py:538} INFO - Filling up the DagBag from /home/airflow/.local/lib/python3.7/site-packages/airflow/example_dags/example_datasets.py
[2023-06-30T06:10:31.370+0000] {processor.py:753} INFO - DAG(s) dict_keys(['dataset_produces_2', 'dataset_consumes_1_and_2', 'dataset_produces_1', 'dataset_consumes_1_never_scheduled', 'dataset_consumes_unknown_never_scheduled', 'dataset_consumes_1']) retrieved from /home/airflow/.local/lib/python3.7/site-packages/airflow/example_dags/example_datasets.py
[2023-06-30T06:10:31.443+0000] {logging_mixin.py:137} INFO - [2023-06-30T06:10:31.443+0000] {dag.py:2676} INFO - Sync 6 DAGs
[2023-06-30T06:10:31.477+0000] {logging_mixin.py:137} INFO - [2023-06-30T06:10:31.476+0000] {dag.py:3427} INFO - Setting next_dagrun for dataset_consumes_1 to None, run_after=None
[2023-06-30T06:10:31.482+0000] {logging_mixin.py:137} INFO - [2023-06-30T06:10:31.482+0000] {dag.py:3427} INFO - Setting next_dagrun for dataset_consumes_1_and_2 to None, run_after=None
[2023-06-30T06:10:31.485+0000] {logging_mixin.py:137} INFO - [2023-06-30T06:10:31.485+0000] {dag.py:3427} INFO - Setting next_dagrun for dataset_consumes_1_never_scheduled to None, run_after=None
[2023-06-30T06:10:31.488+0000] {logging_mixin.py:137} INFO - [2023-06-30T06:10:31.487+0000] {dag.py:3427} INFO - Setting next_dagrun for dataset_consumes_unknown_never_scheduled to None, run_after=None
[2023-06-30T06:10:31.491+0000] {logging_mixin.py:137} INFO - [2023-06-30T06:10:31.491+0000] {dag.py:3427} INFO - Setting next_dagrun for dataset_produces_1 to 2023-06-29T00:00:00+00:00, run_after=2023-06-30T00:00:00+00:00
[2023-06-30T06:10:31.493+0000] {logging_mixin.py:137} INFO - [2023-06-30T06:10:31.493+0000] {dag.py:3427} INFO - Setting next_dagrun for dataset_produces_2 to None, run_after=None
[2023-06-30T06:10:31.539+0000] {processor.py:175} INFO - Processing /home/airflow/.local/lib/python3.7/site-packages/airflow/example_dags/example_datasets.py took 0.203 seconds
[2023-06-30T06:11:01.674+0000] {processor.py:153} INFO - Started process (PID=1428) to work on /home/airflow/.local/lib/python3.7/site-packages/airflow/example_dags/example_datasets.py
[2023-06-30T06:11:01.676+0000] {processor.py:743} INFO - Processing file /home/airflow/.local/lib/python3.7/site-packages/airflow/example_dags/example_datasets.py for tasks to queue
[2023-06-30T06:11:01.679+0000] {logging_mixin.py:137} INFO - [2023-06-30T06:11:01.679+0000] {dagbag.py:538} INFO - Filling up the DagBag from /home/airflow/.local/lib/python3.7/site-packages/airflow/example_dags/example_datasets.py
[2023-06-30T06:11:01.703+0000] {processor.py:753} INFO - DAG(s) dict_keys(['dataset_consumes_unknown_never_scheduled', 'dataset_consumes_1_and_2', 'dataset_consumes_1', 'dataset_produces_1', 'dataset_produces_2', 'dataset_consumes_1_never_scheduled']) retrieved from /home/airflow/.local/lib/python3.7/site-packages/airflow/example_dags/example_datasets.py
[2023-06-30T06:11:01.779+0000] {logging_mixin.py:137} INFO - [2023-06-30T06:11:01.779+0000] {dag.py:2676} INFO - Sync 6 DAGs
[2023-06-30T06:11:01.821+0000] {logging_mixin.py:137} INFO - [2023-06-30T06:11:01.821+0000] {dag.py:3427} INFO - Setting next_dagrun for dataset_consumes_1 to None, run_after=None
[2023-06-30T06:11:01.829+0000] {logging_mixin.py:137} INFO - [2023-06-30T06:11:01.828+0000] {dag.py:3427} INFO - Setting next_dagrun for dataset_consumes_1_and_2 to None, run_after=None
[2023-06-30T06:11:01.848+0000] {logging_mixin.py:137} INFO - [2023-06-30T06:11:01.847+0000] {dag.py:3427} INFO - Setting next_dagrun for dataset_consumes_1_never_scheduled to None, run_after=None
[2023-06-30T06:11:01.853+0000] {logging_mixin.py:137} INFO - [2023-06-30T06:11:01.853+0000] {dag.py:3427} INFO - Setting next_dagrun for dataset_consumes_unknown_never_scheduled to None, run_after=None
[2023-06-30T06:11:01.858+0000] {logging_mixin.py:137} INFO - [2023-06-30T06:11:01.858+0000] {dag.py:3427} INFO - Setting next_dagrun for dataset_produces_1 to 2023-06-29T00:00:00+00:00, run_after=2023-06-30T00:00:00+00:00
[2023-06-30T06:11:01.864+0000] {logging_mixin.py:137} INFO - [2023-06-30T06:11:01.864+0000] {dag.py:3427} INFO - Setting next_dagrun for dataset_produces_2 to None, run_after=None
[2023-06-30T06:11:01.919+0000] {processor.py:175} INFO - Processing /home/airflow/.local/lib/python3.7/site-packages/airflow/example_dags/example_datasets.py took 0.249 seconds
[2023-06-30T06:11:32.043+0000] {processor.py:153} INFO - Started process (PID=1503) to work on /home/airflow/.local/lib/python3.7/site-packages/airflow/example_dags/example_datasets.py
[2023-06-30T06:11:32.046+0000] {processor.py:743} INFO - Processing file /home/airflow/.local/lib/python3.7/site-packages/airflow/example_dags/example_datasets.py for tasks to queue
[2023-06-30T06:11:32.048+0000] {logging_mixin.py:137} INFO - [2023-06-30T06:11:32.048+0000] {dagbag.py:538} INFO - Filling up the DagBag from /home/airflow/.local/lib/python3.7/site-packages/airflow/example_dags/example_datasets.py
[2023-06-30T06:11:32.080+0000] {processor.py:753} INFO - DAG(s) dict_keys(['dataset_produces_1', 'dataset_consumes_1_and_2', 'dataset_consumes_unknown_never_scheduled', 'dataset_consumes_1_never_scheduled', 'dataset_produces_2', 'dataset_consumes_1']) retrieved from /home/airflow/.local/lib/python3.7/site-packages/airflow/example_dags/example_datasets.py
[2023-06-30T06:11:32.162+0000] {logging_mixin.py:137} INFO - [2023-06-30T06:11:32.162+0000] {dag.py:2676} INFO - Sync 6 DAGs
[2023-06-30T06:11:32.200+0000] {logging_mixin.py:137} INFO - [2023-06-30T06:11:32.200+0000] {dag.py:3427} INFO - Setting next_dagrun for dataset_consumes_1 to None, run_after=None
[2023-06-30T06:11:32.206+0000] {logging_mixin.py:137} INFO - [2023-06-30T06:11:32.206+0000] {dag.py:3427} INFO - Setting next_dagrun for dataset_consumes_1_and_2 to None, run_after=None
[2023-06-30T06:11:32.209+0000] {logging_mixin.py:137} INFO - [2023-06-30T06:11:32.209+0000] {dag.py:3427} INFO - Setting next_dagrun for dataset_consumes_1_never_scheduled to None, run_after=None
[2023-06-30T06:11:32.213+0000] {logging_mixin.py:137} INFO - [2023-06-30T06:11:32.212+0000] {dag.py:3427} INFO - Setting next_dagrun for dataset_consumes_unknown_never_scheduled to None, run_after=None
[2023-06-30T06:11:32.220+0000] {logging_mixin.py:137} INFO - [2023-06-30T06:11:32.219+0000] {dag.py:3427} INFO - Setting next_dagrun for dataset_produces_1 to 2023-06-29T00:00:00+00:00, run_after=2023-06-30T00:00:00+00:00
[2023-06-30T06:11:32.223+0000] {logging_mixin.py:137} INFO - [2023-06-30T06:11:32.223+0000] {dag.py:3427} INFO - Setting next_dagrun for dataset_produces_2 to None, run_after=None
[2023-06-30T06:11:32.277+0000] {processor.py:175} INFO - Processing /home/airflow/.local/lib/python3.7/site-packages/airflow/example_dags/example_datasets.py took 0.242 seconds
[2023-06-30T06:12:02.386+0000] {processor.py:153} INFO - Started process (PID=1574) to work on /home/airflow/.local/lib/python3.7/site-packages/airflow/example_dags/example_datasets.py
[2023-06-30T06:12:02.388+0000] {processor.py:743} INFO - Processing file /home/airflow/.local/lib/python3.7/site-packages/airflow/example_dags/example_datasets.py for tasks to queue
[2023-06-30T06:12:02.390+0000] {logging_mixin.py:137} INFO - [2023-06-30T06:12:02.390+0000] {dagbag.py:538} INFO - Filling up the DagBag from /home/airflow/.local/lib/python3.7/site-packages/airflow/example_dags/example_datasets.py
[2023-06-30T06:12:02.415+0000] {processor.py:753} INFO - DAG(s) dict_keys(['dataset_consumes_1_and_2', 'dataset_consumes_unknown_never_scheduled', 'dataset_consumes_1', 'dataset_consumes_1_never_scheduled', 'dataset_produces_2', 'dataset_produces_1']) retrieved from /home/airflow/.local/lib/python3.7/site-packages/airflow/example_dags/example_datasets.py
[2023-06-30T06:12:02.488+0000] {logging_mixin.py:137} INFO - [2023-06-30T06:12:02.488+0000] {dag.py:2676} INFO - Sync 6 DAGs
[2023-06-30T06:12:02.528+0000] {logging_mixin.py:137} INFO - [2023-06-30T06:12:02.528+0000] {dag.py:3427} INFO - Setting next_dagrun for dataset_consumes_1 to None, run_after=None
[2023-06-30T06:12:02.534+0000] {logging_mixin.py:137} INFO - [2023-06-30T06:12:02.534+0000] {dag.py:3427} INFO - Setting next_dagrun for dataset_consumes_1_and_2 to None, run_after=None
[2023-06-30T06:12:02.537+0000] {logging_mixin.py:137} INFO - [2023-06-30T06:12:02.537+0000] {dag.py:3427} INFO - Setting next_dagrun for dataset_consumes_1_never_scheduled to None, run_after=None
[2023-06-30T06:12:02.540+0000] {logging_mixin.py:137} INFO - [2023-06-30T06:12:02.540+0000] {dag.py:3427} INFO - Setting next_dagrun for dataset_consumes_unknown_never_scheduled to None, run_after=None
[2023-06-30T06:12:02.545+0000] {logging_mixin.py:137} INFO - [2023-06-30T06:12:02.545+0000] {dag.py:3427} INFO - Setting next_dagrun for dataset_produces_1 to 2023-06-29T00:00:00+00:00, run_after=2023-06-30T00:00:00+00:00
[2023-06-30T06:12:02.548+0000] {logging_mixin.py:137} INFO - [2023-06-30T06:12:02.548+0000] {dag.py:3427} INFO - Setting next_dagrun for dataset_produces_2 to None, run_after=None
[2023-06-30T06:12:02.603+0000] {processor.py:175} INFO - Processing /home/airflow/.local/lib/python3.7/site-packages/airflow/example_dags/example_datasets.py took 0.222 seconds
[2023-06-30T06:12:33.207+0000] {processor.py:153} INFO - Started process (PID=1640) to work on /home/airflow/.local/lib/python3.7/site-packages/airflow/example_dags/example_datasets.py
[2023-06-30T06:12:33.210+0000] {processor.py:743} INFO - Processing file /home/airflow/.local/lib/python3.7/site-packages/airflow/example_dags/example_datasets.py for tasks to queue
[2023-06-30T06:12:33.214+0000] {logging_mixin.py:137} INFO - [2023-06-30T06:12:33.214+0000] {dagbag.py:538} INFO - Filling up the DagBag from /home/airflow/.local/lib/python3.7/site-packages/airflow/example_dags/example_datasets.py
[2023-06-30T06:12:33.245+0000] {processor.py:753} INFO - DAG(s) dict_keys(['dataset_produces_1', 'dataset_consumes_unknown_never_scheduled', 'dataset_consumes_1', 'dataset_produces_2', 'dataset_consumes_1_and_2', 'dataset_consumes_1_never_scheduled']) retrieved from /home/airflow/.local/lib/python3.7/site-packages/airflow/example_dags/example_datasets.py
[2023-06-30T06:12:33.360+0000] {logging_mixin.py:137} INFO - [2023-06-30T06:12:33.360+0000] {dag.py:2676} INFO - Sync 6 DAGs
[2023-06-30T06:12:33.439+0000] {logging_mixin.py:137} INFO - [2023-06-30T06:12:33.439+0000] {dag.py:3427} INFO - Setting next_dagrun for dataset_consumes_1 to None, run_after=None
[2023-06-30T06:12:33.450+0000] {logging_mixin.py:137} INFO - [2023-06-30T06:12:33.449+0000] {dag.py:3427} INFO - Setting next_dagrun for dataset_consumes_1_and_2 to None, run_after=None
[2023-06-30T06:12:33.453+0000] {logging_mixin.py:137} INFO - [2023-06-30T06:12:33.453+0000] {dag.py:3427} INFO - Setting next_dagrun for dataset_consumes_1_never_scheduled to None, run_after=None
[2023-06-30T06:12:33.457+0000] {logging_mixin.py:137} INFO - [2023-06-30T06:12:33.457+0000] {dag.py:3427} INFO - Setting next_dagrun for dataset_consumes_unknown_never_scheduled to None, run_after=None
[2023-06-30T06:12:33.464+0000] {logging_mixin.py:137} INFO - [2023-06-30T06:12:33.464+0000] {dag.py:3427} INFO - Setting next_dagrun for dataset_produces_1 to 2023-06-29T00:00:00+00:00, run_after=2023-06-30T00:00:00+00:00
[2023-06-30T06:12:33.468+0000] {logging_mixin.py:137} INFO - [2023-06-30T06:12:33.468+0000] {dag.py:3427} INFO - Setting next_dagrun for dataset_produces_2 to None, run_after=None
[2023-06-30T06:12:33.549+0000] {processor.py:175} INFO - Processing /home/airflow/.local/lib/python3.7/site-packages/airflow/example_dags/example_datasets.py took 0.347 seconds
[2023-06-30T06:13:03.663+0000] {processor.py:153} INFO - Started process (PID=1720) to work on /home/airflow/.local/lib/python3.7/site-packages/airflow/example_dags/example_datasets.py
[2023-06-30T06:13:03.665+0000] {processor.py:743} INFO - Processing file /home/airflow/.local/lib/python3.7/site-packages/airflow/example_dags/example_datasets.py for tasks to queue
[2023-06-30T06:13:03.667+0000] {logging_mixin.py:137} INFO - [2023-06-30T06:13:03.667+0000] {dagbag.py:538} INFO - Filling up the DagBag from /home/airflow/.local/lib/python3.7/site-packages/airflow/example_dags/example_datasets.py
[2023-06-30T06:13:03.690+0000] {processor.py:753} INFO - DAG(s) dict_keys(['dataset_produces_2', 'dataset_produces_1', 'dataset_consumes_1_never_scheduled', 'dataset_consumes_1_and_2', 'dataset_consumes_unknown_never_scheduled', 'dataset_consumes_1']) retrieved from /home/airflow/.local/lib/python3.7/site-packages/airflow/example_dags/example_datasets.py
[2023-06-30T06:13:03.760+0000] {logging_mixin.py:137} INFO - [2023-06-30T06:13:03.760+0000] {dag.py:2676} INFO - Sync 6 DAGs
[2023-06-30T06:13:03.794+0000] {logging_mixin.py:137} INFO - [2023-06-30T06:13:03.794+0000] {dag.py:3427} INFO - Setting next_dagrun for dataset_consumes_1 to None, run_after=None
[2023-06-30T06:13:03.801+0000] {logging_mixin.py:137} INFO - [2023-06-30T06:13:03.800+0000] {dag.py:3427} INFO - Setting next_dagrun for dataset_consumes_1_and_2 to None, run_after=None
[2023-06-30T06:13:03.803+0000] {logging_mixin.py:137} INFO - [2023-06-30T06:13:03.803+0000] {dag.py:3427} INFO - Setting next_dagrun for dataset_consumes_1_never_scheduled to None, run_after=None
[2023-06-30T06:13:03.807+0000] {logging_mixin.py:137} INFO - [2023-06-30T06:13:03.807+0000] {dag.py:3427} INFO - Setting next_dagrun for dataset_consumes_unknown_never_scheduled to None, run_after=None
[2023-06-30T06:13:03.812+0000] {logging_mixin.py:137} INFO - [2023-06-30T06:13:03.811+0000] {dag.py:3427} INFO - Setting next_dagrun for dataset_produces_1 to 2023-06-29T00:00:00+00:00, run_after=2023-06-30T00:00:00+00:00
[2023-06-30T06:13:03.816+0000] {logging_mixin.py:137} INFO - [2023-06-30T06:13:03.816+0000] {dag.py:3427} INFO - Setting next_dagrun for dataset_produces_2 to None, run_after=None
[2023-06-30T06:13:03.894+0000] {processor.py:175} INFO - Processing /home/airflow/.local/lib/python3.7/site-packages/airflow/example_dags/example_datasets.py took 0.236 seconds
[2023-06-30T06:13:34.203+0000] {processor.py:153} INFO - Started process (PID=1786) to work on /home/airflow/.local/lib/python3.7/site-packages/airflow/example_dags/example_datasets.py
[2023-06-30T06:13:34.205+0000] {processor.py:743} INFO - Processing file /home/airflow/.local/lib/python3.7/site-packages/airflow/example_dags/example_datasets.py for tasks to queue
[2023-06-30T06:13:34.207+0000] {logging_mixin.py:137} INFO - [2023-06-30T06:13:34.207+0000] {dagbag.py:538} INFO - Filling up the DagBag from /home/airflow/.local/lib/python3.7/site-packages/airflow/example_dags/example_datasets.py
[2023-06-30T06:13:34.232+0000] {processor.py:753} INFO - DAG(s) dict_keys(['dataset_consumes_1', 'dataset_produces_1', 'dataset_consumes_1_and_2', 'dataset_produces_2', 'dataset_consumes_1_never_scheduled', 'dataset_consumes_unknown_never_scheduled']) retrieved from /home/airflow/.local/lib/python3.7/site-packages/airflow/example_dags/example_datasets.py
[2023-06-30T06:13:34.306+0000] {logging_mixin.py:137} INFO - [2023-06-30T06:13:34.305+0000] {dag.py:2676} INFO - Sync 6 DAGs
[2023-06-30T06:13:34.342+0000] {logging_mixin.py:137} INFO - [2023-06-30T06:13:34.342+0000] {dag.py:3427} INFO - Setting next_dagrun for dataset_consumes_1 to None, run_after=None
[2023-06-30T06:13:34.348+0000] {logging_mixin.py:137} INFO - [2023-06-30T06:13:34.347+0000] {dag.py:3427} INFO - Setting next_dagrun for dataset_consumes_1_and_2 to None, run_after=None
[2023-06-30T06:13:34.350+0000] {logging_mixin.py:137} INFO - [2023-06-30T06:13:34.350+0000] {dag.py:3427} INFO - Setting next_dagrun for dataset_consumes_1_never_scheduled to None, run_after=None
[2023-06-30T06:13:34.353+0000] {logging_mixin.py:137} INFO - [2023-06-30T06:13:34.353+0000] {dag.py:3427} INFO - Setting next_dagrun for dataset_consumes_unknown_never_scheduled to None, run_after=None
[2023-06-30T06:13:34.357+0000] {logging_mixin.py:137} INFO - [2023-06-30T06:13:34.357+0000] {dag.py:3427} INFO - Setting next_dagrun for dataset_produces_1 to 2023-06-29T00:00:00+00:00, run_after=2023-06-30T00:00:00+00:00
[2023-06-30T06:13:34.360+0000] {logging_mixin.py:137} INFO - [2023-06-30T06:13:34.360+0000] {dag.py:3427} INFO - Setting next_dagrun for dataset_produces_2 to None, run_after=None
[2023-06-30T06:13:34.407+0000] {processor.py:175} INFO - Processing /home/airflow/.local/lib/python3.7/site-packages/airflow/example_dags/example_datasets.py took 0.209 seconds
[2023-06-30T06:14:04.825+0000] {processor.py:153} INFO - Started process (PID=1852) to work on /home/airflow/.local/lib/python3.7/site-packages/airflow/example_dags/example_datasets.py
[2023-06-30T06:14:04.827+0000] {processor.py:743} INFO - Processing file /home/airflow/.local/lib/python3.7/site-packages/airflow/example_dags/example_datasets.py for tasks to queue
[2023-06-30T06:14:04.829+0000] {logging_mixin.py:137} INFO - [2023-06-30T06:14:04.829+0000] {dagbag.py:538} INFO - Filling up the DagBag from /home/airflow/.local/lib/python3.7/site-packages/airflow/example_dags/example_datasets.py
[2023-06-30T06:14:04.852+0000] {processor.py:753} INFO - DAG(s) dict_keys(['dataset_consumes_unknown_never_scheduled', 'dataset_produces_2', 'dataset_consumes_1_and_2', 'dataset_consumes_1_never_scheduled', 'dataset_produces_1', 'dataset_consumes_1']) retrieved from /home/airflow/.local/lib/python3.7/site-packages/airflow/example_dags/example_datasets.py
[2023-06-30T06:14:04.929+0000] {logging_mixin.py:137} INFO - [2023-06-30T06:14:04.929+0000] {dag.py:2676} INFO - Sync 6 DAGs
[2023-06-30T06:14:04.971+0000] {logging_mixin.py:137} INFO - [2023-06-30T06:14:04.970+0000] {dag.py:3427} INFO - Setting next_dagrun for dataset_consumes_1 to None, run_after=None
[2023-06-30T06:14:04.976+0000] {logging_mixin.py:137} INFO - [2023-06-30T06:14:04.976+0000] {dag.py:3427} INFO - Setting next_dagrun for dataset_consumes_1_and_2 to None, run_after=None
[2023-06-30T06:14:04.979+0000] {logging_mixin.py:137} INFO - [2023-06-30T06:14:04.979+0000] {dag.py:3427} INFO - Setting next_dagrun for dataset_consumes_1_never_scheduled to None, run_after=None
[2023-06-30T06:14:04.982+0000] {logging_mixin.py:137} INFO - [2023-06-30T06:14:04.982+0000] {dag.py:3427} INFO - Setting next_dagrun for dataset_consumes_unknown_never_scheduled to None, run_after=None
[2023-06-30T06:14:04.987+0000] {logging_mixin.py:137} INFO - [2023-06-30T06:14:04.986+0000] {dag.py:3427} INFO - Setting next_dagrun for dataset_produces_1 to 2023-06-29T00:00:00+00:00, run_after=2023-06-30T00:00:00+00:00
[2023-06-30T06:14:04.989+0000] {logging_mixin.py:137} INFO - [2023-06-30T06:14:04.989+0000] {dag.py:3427} INFO - Setting next_dagrun for dataset_produces_2 to None, run_after=None
[2023-06-30T06:14:05.039+0000] {processor.py:175} INFO - Processing /home/airflow/.local/lib/python3.7/site-packages/airflow/example_dags/example_datasets.py took 0.218 seconds
[2023-06-30T06:14:35.661+0000] {processor.py:153} INFO - Started process (PID=1932) to work on /home/airflow/.local/lib/python3.7/site-packages/airflow/example_dags/example_datasets.py
[2023-06-30T06:14:35.663+0000] {processor.py:743} INFO - Processing file /home/airflow/.local/lib/python3.7/site-packages/airflow/example_dags/example_datasets.py for tasks to queue
[2023-06-30T06:14:35.665+0000] {logging_mixin.py:137} INFO - [2023-06-30T06:14:35.665+0000] {dagbag.py:538} INFO - Filling up the DagBag from /home/airflow/.local/lib/python3.7/site-packages/airflow/example_dags/example_datasets.py
[2023-06-30T06:14:35.688+0000] {processor.py:753} INFO - DAG(s) dict_keys(['dataset_consumes_1', 'dataset_consumes_1_never_scheduled', 'dataset_produces_1', 'dataset_consumes_unknown_never_scheduled', 'dataset_consumes_1_and_2', 'dataset_produces_2']) retrieved from /home/airflow/.local/lib/python3.7/site-packages/airflow/example_dags/example_datasets.py
[2023-06-30T06:14:35.725+0000] {logging_mixin.py:137} INFO - [2023-06-30T06:14:35.724+0000] {dag.py:2676} INFO - Sync 6 DAGs
[2023-06-30T06:14:35.761+0000] {logging_mixin.py:137} INFO - [2023-06-30T06:14:35.761+0000] {dag.py:3427} INFO - Setting next_dagrun for dataset_consumes_1 to None, run_after=None
[2023-06-30T06:14:35.767+0000] {logging_mixin.py:137} INFO - [2023-06-30T06:14:35.766+0000] {dag.py:3427} INFO - Setting next_dagrun for dataset_consumes_1_and_2 to None, run_after=None
[2023-06-30T06:14:35.769+0000] {logging_mixin.py:137} INFO - [2023-06-30T06:14:35.769+0000] {dag.py:3427} INFO - Setting next_dagrun for dataset_consumes_1_never_scheduled to None, run_after=None
[2023-06-30T06:14:35.772+0000] {logging_mixin.py:137} INFO - [2023-06-30T06:14:35.772+0000] {dag.py:3427} INFO - Setting next_dagrun for dataset_consumes_unknown_never_scheduled to None, run_after=None
[2023-06-30T06:14:35.777+0000] {logging_mixin.py:137} INFO - [2023-06-30T06:14:35.776+0000] {dag.py:3427} INFO - Setting next_dagrun for dataset_produces_1 to 2023-06-29T00:00:00+00:00, run_after=2023-06-30T00:00:00+00:00
[2023-06-30T06:14:35.779+0000] {logging_mixin.py:137} INFO - [2023-06-30T06:14:35.779+0000] {dag.py:3427} INFO - Setting next_dagrun for dataset_produces_2 to None, run_after=None
[2023-06-30T06:14:35.829+0000] {processor.py:175} INFO - Processing /home/airflow/.local/lib/python3.7/site-packages/airflow/example_dags/example_datasets.py took 0.172 seconds
[2023-06-30T06:15:06.219+0000] {processor.py:153} INFO - Started process (PID=1998) to work on /home/airflow/.local/lib/python3.7/site-packages/airflow/example_dags/example_datasets.py
[2023-06-30T06:15:06.235+0000] {processor.py:743} INFO - Processing file /home/airflow/.local/lib/python3.7/site-packages/airflow/example_dags/example_datasets.py for tasks to queue
[2023-06-30T06:15:06.237+0000] {logging_mixin.py:137} INFO - [2023-06-30T06:15:06.236+0000] {dagbag.py:538} INFO - Filling up the DagBag from /home/airflow/.local/lib/python3.7/site-packages/airflow/example_dags/example_datasets.py
[2023-06-30T06:15:06.259+0000] {processor.py:753} INFO - DAG(s) dict_keys(['dataset_consumes_1_and_2', 'dataset_consumes_1', 'dataset_produces_1', 'dataset_produces_2', 'dataset_consumes_1_never_scheduled', 'dataset_consumes_unknown_never_scheduled']) retrieved from /home/airflow/.local/lib/python3.7/site-packages/airflow/example_dags/example_datasets.py
[2023-06-30T06:15:06.396+0000] {logging_mixin.py:137} INFO - [2023-06-30T06:15:06.396+0000] {dag.py:2676} INFO - Sync 6 DAGs
[2023-06-30T06:15:06.431+0000] {logging_mixin.py:137} INFO - [2023-06-30T06:15:06.431+0000] {dag.py:3427} INFO - Setting next_dagrun for dataset_consumes_1 to None, run_after=None
[2023-06-30T06:15:06.435+0000] {logging_mixin.py:137} INFO - [2023-06-30T06:15:06.435+0000] {dag.py:3427} INFO - Setting next_dagrun for dataset_consumes_1_and_2 to None, run_after=None
[2023-06-30T06:15:06.438+0000] {logging_mixin.py:137} INFO - [2023-06-30T06:15:06.438+0000] {dag.py:3427} INFO - Setting next_dagrun for dataset_consumes_1_never_scheduled to None, run_after=None
[2023-06-30T06:15:06.440+0000] {logging_mixin.py:137} INFO - [2023-06-30T06:15:06.440+0000] {dag.py:3427} INFO - Setting next_dagrun for dataset_consumes_unknown_never_scheduled to None, run_after=None
[2023-06-30T06:15:06.445+0000] {logging_mixin.py:137} INFO - [2023-06-30T06:15:06.445+0000] {dag.py:3427} INFO - Setting next_dagrun for dataset_produces_1 to 2023-06-29T00:00:00+00:00, run_after=2023-06-30T00:00:00+00:00
[2023-06-30T06:15:06.447+0000] {logging_mixin.py:137} INFO - [2023-06-30T06:15:06.447+0000] {dag.py:3427} INFO - Setting next_dagrun for dataset_produces_2 to None, run_after=None
[2023-06-30T06:15:06.487+0000] {processor.py:175} INFO - Processing /home/airflow/.local/lib/python3.7/site-packages/airflow/example_dags/example_datasets.py took 0.273 seconds
[2023-06-30T06:15:36.671+0000] {processor.py:153} INFO - Started process (PID=2073) to work on /home/airflow/.local/lib/python3.7/site-packages/airflow/example_dags/example_datasets.py
[2023-06-30T06:15:36.674+0000] {processor.py:743} INFO - Processing file /home/airflow/.local/lib/python3.7/site-packages/airflow/example_dags/example_datasets.py for tasks to queue
[2023-06-30T06:15:36.677+0000] {logging_mixin.py:137} INFO - [2023-06-30T06:15:36.677+0000] {dagbag.py:538} INFO - Filling up the DagBag from /home/airflow/.local/lib/python3.7/site-packages/airflow/example_dags/example_datasets.py
[2023-06-30T06:15:36.709+0000] {processor.py:753} INFO - DAG(s) dict_keys(['dataset_consumes_1_and_2', 'dataset_consumes_unknown_never_scheduled', 'dataset_consumes_1', 'dataset_produces_1', 'dataset_consumes_1_never_scheduled', 'dataset_produces_2']) retrieved from /home/airflow/.local/lib/python3.7/site-packages/airflow/example_dags/example_datasets.py
[2023-06-30T06:15:36.773+0000] {logging_mixin.py:137} INFO - [2023-06-30T06:15:36.773+0000] {dag.py:2676} INFO - Sync 6 DAGs
[2023-06-30T06:15:36.832+0000] {logging_mixin.py:137} INFO - [2023-06-30T06:15:36.832+0000] {dag.py:3427} INFO - Setting next_dagrun for dataset_consumes_1 to None, run_after=None
[2023-06-30T06:15:36.841+0000] {logging_mixin.py:137} INFO - [2023-06-30T06:15:36.841+0000] {dag.py:3427} INFO - Setting next_dagrun for dataset_consumes_1_and_2 to None, run_after=None
[2023-06-30T06:15:36.846+0000] {logging_mixin.py:137} INFO - [2023-06-30T06:15:36.846+0000] {dag.py:3427} INFO - Setting next_dagrun for dataset_consumes_1_never_scheduled to None, run_after=None
[2023-06-30T06:15:36.852+0000] {logging_mixin.py:137} INFO - [2023-06-30T06:15:36.851+0000] {dag.py:3427} INFO - Setting next_dagrun for dataset_consumes_unknown_never_scheduled to None, run_after=None
[2023-06-30T06:15:36.861+0000] {logging_mixin.py:137} INFO - [2023-06-30T06:15:36.860+0000] {dag.py:3427} INFO - Setting next_dagrun for dataset_produces_1 to 2023-06-29T00:00:00+00:00, run_after=2023-06-30T00:00:00+00:00
[2023-06-30T06:15:36.866+0000] {logging_mixin.py:137} INFO - [2023-06-30T06:15:36.865+0000] {dag.py:3427} INFO - Setting next_dagrun for dataset_produces_2 to None, run_after=None
[2023-06-30T06:15:36.949+0000] {processor.py:175} INFO - Processing /home/airflow/.local/lib/python3.7/site-packages/airflow/example_dags/example_datasets.py took 0.287 seconds
[2023-06-30T06:16:07.249+0000] {processor.py:153} INFO - Started process (PID=2144) to work on /home/airflow/.local/lib/python3.7/site-packages/airflow/example_dags/example_datasets.py
[2023-06-30T06:16:07.252+0000] {processor.py:743} INFO - Processing file /home/airflow/.local/lib/python3.7/site-packages/airflow/example_dags/example_datasets.py for tasks to queue
[2023-06-30T06:16:07.254+0000] {logging_mixin.py:137} INFO - [2023-06-30T06:16:07.254+0000] {dagbag.py:538} INFO - Filling up the DagBag from /home/airflow/.local/lib/python3.7/site-packages/airflow/example_dags/example_datasets.py
[2023-06-30T06:16:07.281+0000] {processor.py:753} INFO - DAG(s) dict_keys(['dataset_consumes_1_never_scheduled', 'dataset_produces_2', 'dataset_consumes_1', 'dataset_produces_1', 'dataset_consumes_1_and_2', 'dataset_consumes_unknown_never_scheduled']) retrieved from /home/airflow/.local/lib/python3.7/site-packages/airflow/example_dags/example_datasets.py
[2023-06-30T06:16:07.434+0000] {logging_mixin.py:137} INFO - [2023-06-30T06:16:07.433+0000] {dag.py:2676} INFO - Sync 6 DAGs
[2023-06-30T06:16:07.480+0000] {logging_mixin.py:137} INFO - [2023-06-30T06:16:07.480+0000] {dag.py:3427} INFO - Setting next_dagrun for dataset_consumes_1 to None, run_after=None
[2023-06-30T06:16:07.487+0000] {logging_mixin.py:137} INFO - [2023-06-30T06:16:07.487+0000] {dag.py:3427} INFO - Setting next_dagrun for dataset_consumes_1_and_2 to None, run_after=None
[2023-06-30T06:16:07.490+0000] {logging_mixin.py:137} INFO - [2023-06-30T06:16:07.490+0000] {dag.py:3427} INFO - Setting next_dagrun for dataset_consumes_1_never_scheduled to None, run_after=None
[2023-06-30T06:16:07.493+0000] {logging_mixin.py:137} INFO - [2023-06-30T06:16:07.493+0000] {dag.py:3427} INFO - Setting next_dagrun for dataset_consumes_unknown_never_scheduled to None, run_after=None
[2023-06-30T06:16:07.499+0000] {logging_mixin.py:137} INFO - [2023-06-30T06:16:07.499+0000] {dag.py:3427} INFO - Setting next_dagrun for dataset_produces_1 to 2023-06-29T00:00:00+00:00, run_after=2023-06-30T00:00:00+00:00
[2023-06-30T06:16:07.502+0000] {logging_mixin.py:137} INFO - [2023-06-30T06:16:07.502+0000] {dag.py:3427} INFO - Setting next_dagrun for dataset_produces_2 to None, run_after=None
[2023-06-30T06:16:07.557+0000] {processor.py:175} INFO - Processing /home/airflow/.local/lib/python3.7/site-packages/airflow/example_dags/example_datasets.py took 0.312 seconds
[2023-06-30T06:16:37.716+0000] {processor.py:153} INFO - Started process (PID=2210) to work on /home/airflow/.local/lib/python3.7/site-packages/airflow/example_dags/example_datasets.py
[2023-06-30T06:16:37.718+0000] {processor.py:743} INFO - Processing file /home/airflow/.local/lib/python3.7/site-packages/airflow/example_dags/example_datasets.py for tasks to queue
[2023-06-30T06:16:37.720+0000] {logging_mixin.py:137} INFO - [2023-06-30T06:16:37.720+0000] {dagbag.py:538} INFO - Filling up the DagBag from /home/airflow/.local/lib/python3.7/site-packages/airflow/example_dags/example_datasets.py
[2023-06-30T06:16:37.750+0000] {processor.py:753} INFO - DAG(s) dict_keys(['dataset_produces_1', 'dataset_consumes_1_never_scheduled', 'dataset_consumes_unknown_never_scheduled', 'dataset_consumes_1', 'dataset_produces_2', 'dataset_consumes_1_and_2']) retrieved from /home/airflow/.local/lib/python3.7/site-packages/airflow/example_dags/example_datasets.py
[2023-06-30T06:16:37.841+0000] {logging_mixin.py:137} INFO - [2023-06-30T06:16:37.841+0000] {dag.py:2676} INFO - Sync 6 DAGs
[2023-06-30T06:16:37.887+0000] {logging_mixin.py:137} INFO - [2023-06-30T06:16:37.886+0000] {dag.py:3427} INFO - Setting next_dagrun for dataset_consumes_1 to None, run_after=None
[2023-06-30T06:16:37.893+0000] {logging_mixin.py:137} INFO - [2023-06-30T06:16:37.893+0000] {dag.py:3427} INFO - Setting next_dagrun for dataset_consumes_1_and_2 to None, run_after=None
[2023-06-30T06:16:37.897+0000] {logging_mixin.py:137} INFO - [2023-06-30T06:16:37.897+0000] {dag.py:3427} INFO - Setting next_dagrun for dataset_consumes_1_never_scheduled to None, run_after=None
[2023-06-30T06:16:37.901+0000] {logging_mixin.py:137} INFO - [2023-06-30T06:16:37.901+0000] {dag.py:3427} INFO - Setting next_dagrun for dataset_consumes_unknown_never_scheduled to None, run_after=None
[2023-06-30T06:16:37.906+0000] {logging_mixin.py:137} INFO - [2023-06-30T06:16:37.906+0000] {dag.py:3427} INFO - Setting next_dagrun for dataset_produces_1 to 2023-06-29T00:00:00+00:00, run_after=2023-06-30T00:00:00+00:00
[2023-06-30T06:16:37.910+0000] {logging_mixin.py:137} INFO - [2023-06-30T06:16:37.910+0000] {dag.py:3427} INFO - Setting next_dagrun for dataset_produces_2 to None, run_after=None
[2023-06-30T06:16:37.968+0000] {processor.py:175} INFO - Processing /home/airflow/.local/lib/python3.7/site-packages/airflow/example_dags/example_datasets.py took 0.257 seconds
[2023-06-30T06:17:08.316+0000] {processor.py:153} INFO - Started process (PID=2290) to work on /home/airflow/.local/lib/python3.7/site-packages/airflow/example_dags/example_datasets.py
[2023-06-30T06:17:08.318+0000] {processor.py:743} INFO - Processing file /home/airflow/.local/lib/python3.7/site-packages/airflow/example_dags/example_datasets.py for tasks to queue
[2023-06-30T06:17:08.320+0000] {logging_mixin.py:137} INFO - [2023-06-30T06:17:08.320+0000] {dagbag.py:538} INFO - Filling up the DagBag from /home/airflow/.local/lib/python3.7/site-packages/airflow/example_dags/example_datasets.py
[2023-06-30T06:17:08.348+0000] {processor.py:753} INFO - DAG(s) dict_keys(['dataset_consumes_1_never_scheduled', 'dataset_produces_1', 'dataset_consumes_1', 'dataset_produces_2', 'dataset_consumes_1_and_2', 'dataset_consumes_unknown_never_scheduled']) retrieved from /home/airflow/.local/lib/python3.7/site-packages/airflow/example_dags/example_datasets.py
[2023-06-30T06:17:08.418+0000] {logging_mixin.py:137} INFO - [2023-06-30T06:17:08.418+0000] {dag.py:2676} INFO - Sync 6 DAGs
[2023-06-30T06:17:08.450+0000] {logging_mixin.py:137} INFO - [2023-06-30T06:17:08.450+0000] {dag.py:3427} INFO - Setting next_dagrun for dataset_consumes_1 to None, run_after=None
[2023-06-30T06:17:08.454+0000] {logging_mixin.py:137} INFO - [2023-06-30T06:17:08.454+0000] {dag.py:3427} INFO - Setting next_dagrun for dataset_consumes_1_and_2 to None, run_after=None
[2023-06-30T06:17:08.456+0000] {logging_mixin.py:137} INFO - [2023-06-30T06:17:08.456+0000] {dag.py:3427} INFO - Setting next_dagrun for dataset_consumes_1_never_scheduled to None, run_after=None
[2023-06-30T06:17:08.458+0000] {logging_mixin.py:137} INFO - [2023-06-30T06:17:08.458+0000] {dag.py:3427} INFO - Setting next_dagrun for dataset_consumes_unknown_never_scheduled to None, run_after=None
[2023-06-30T06:17:08.462+0000] {logging_mixin.py:137} INFO - [2023-06-30T06:17:08.462+0000] {dag.py:3427} INFO - Setting next_dagrun for dataset_produces_1 to 2023-06-29T00:00:00+00:00, run_after=2023-06-30T00:00:00+00:00
[2023-06-30T06:17:08.464+0000] {logging_mixin.py:137} INFO - [2023-06-30T06:17:08.464+0000] {dag.py:3427} INFO - Setting next_dagrun for dataset_produces_2 to None, run_after=None
[2023-06-30T06:17:08.506+0000] {processor.py:175} INFO - Processing /home/airflow/.local/lib/python3.7/site-packages/airflow/example_dags/example_datasets.py took 0.195 seconds
