[2023-06-30T06:01:12.048+0000] {processor.py:153} INFO - Started process (PID=78) to work on /home/airflow/.local/lib/python3.7/site-packages/airflow/example_dags/example_external_task_marker_dag.py
[2023-06-30T06:01:12.050+0000] {processor.py:743} INFO - Processing file /home/airflow/.local/lib/python3.7/site-packages/airflow/example_dags/example_external_task_marker_dag.py for tasks to queue
[2023-06-30T06:01:12.052+0000] {logging_mixin.py:137} INFO - [2023-06-30T06:01:12.052+0000] {dagbag.py:538} INFO - Filling up the DagBag from /home/airflow/.local/lib/python3.7/site-packages/airflow/example_dags/example_external_task_marker_dag.py
[2023-06-30T06:01:12.073+0000] {processor.py:753} INFO - DAG(s) dict_keys(['example_external_task_marker_child', 'example_external_task_marker_parent']) retrieved from /home/airflow/.local/lib/python3.7/site-packages/airflow/example_dags/example_external_task_marker_dag.py
[2023-06-30T06:01:12.175+0000] {logging_mixin.py:137} INFO - [2023-06-30T06:01:12.174+0000] {dag.py:2676} INFO - Sync 2 DAGs
[2023-06-30T06:01:12.206+0000] {logging_mixin.py:137} INFO - [2023-06-30T06:01:12.206+0000] {dag.py:3427} INFO - Setting next_dagrun for example_external_task_marker_child to None, run_after=None
[2023-06-30T06:01:12.212+0000] {logging_mixin.py:137} INFO - [2023-06-30T06:01:12.211+0000] {dag.py:3427} INFO - Setting next_dagrun for example_external_task_marker_parent to None, run_after=None
[2023-06-30T06:01:12.234+0000] {processor.py:175} INFO - Processing /home/airflow/.local/lib/python3.7/site-packages/airflow/example_dags/example_external_task_marker_dag.py took 0.191 seconds
[2023-06-30T06:01:52.010+0000] {processor.py:153} INFO - Started process (PID=159) to work on /home/airflow/.local/lib/python3.7/site-packages/airflow/example_dags/example_external_task_marker_dag.py
[2023-06-30T06:01:52.014+0000] {processor.py:743} INFO - Processing file /home/airflow/.local/lib/python3.7/site-packages/airflow/example_dags/example_external_task_marker_dag.py for tasks to queue
[2023-06-30T06:01:52.022+0000] {logging_mixin.py:137} INFO - [2023-06-30T06:01:52.021+0000] {dagbag.py:538} INFO - Filling up the DagBag from /home/airflow/.local/lib/python3.7/site-packages/airflow/example_dags/example_external_task_marker_dag.py
[2023-06-30T06:01:52.078+0000] {processor.py:753} INFO - DAG(s) dict_keys(['example_external_task_marker_child', 'example_external_task_marker_parent']) retrieved from /home/airflow/.local/lib/python3.7/site-packages/airflow/example_dags/example_external_task_marker_dag.py
[2023-06-30T06:01:52.418+0000] {logging_mixin.py:137} INFO - [2023-06-30T06:01:52.413+0000] {dag.py:2676} INFO - Sync 2 DAGs
[2023-06-30T06:01:52.587+0000] {logging_mixin.py:137} INFO - [2023-06-30T06:01:52.587+0000] {dag.py:3427} INFO - Setting next_dagrun for example_external_task_marker_child to None, run_after=None
[2023-06-30T06:01:52.604+0000] {logging_mixin.py:137} INFO - [2023-06-30T06:01:52.603+0000] {dag.py:3427} INFO - Setting next_dagrun for example_external_task_marker_parent to None, run_after=None
[2023-06-30T06:01:52.651+0000] {processor.py:175} INFO - Processing /home/airflow/.local/lib/python3.7/site-packages/airflow/example_dags/example_external_task_marker_dag.py took 0.649 seconds
[2023-06-30T06:02:23.438+0000] {processor.py:153} INFO - Started process (PID=225) to work on /home/airflow/.local/lib/python3.7/site-packages/airflow/example_dags/example_external_task_marker_dag.py
[2023-06-30T06:02:23.440+0000] {processor.py:743} INFO - Processing file /home/airflow/.local/lib/python3.7/site-packages/airflow/example_dags/example_external_task_marker_dag.py for tasks to queue
[2023-06-30T06:02:23.441+0000] {logging_mixin.py:137} INFO - [2023-06-30T06:02:23.441+0000] {dagbag.py:538} INFO - Filling up the DagBag from /home/airflow/.local/lib/python3.7/site-packages/airflow/example_dags/example_external_task_marker_dag.py
[2023-06-30T06:02:23.462+0000] {processor.py:753} INFO - DAG(s) dict_keys(['example_external_task_marker_parent', 'example_external_task_marker_child']) retrieved from /home/airflow/.local/lib/python3.7/site-packages/airflow/example_dags/example_external_task_marker_dag.py
[2023-06-30T06:02:23.520+0000] {logging_mixin.py:137} INFO - [2023-06-30T06:02:23.520+0000] {dag.py:2676} INFO - Sync 2 DAGs
[2023-06-30T06:02:23.554+0000] {logging_mixin.py:137} INFO - [2023-06-30T06:02:23.554+0000] {dag.py:3427} INFO - Setting next_dagrun for example_external_task_marker_child to None, run_after=None
[2023-06-30T06:02:23.560+0000] {logging_mixin.py:137} INFO - [2023-06-30T06:02:23.560+0000] {dag.py:3427} INFO - Setting next_dagrun for example_external_task_marker_parent to None, run_after=None
[2023-06-30T06:02:23.581+0000] {processor.py:175} INFO - Processing /home/airflow/.local/lib/python3.7/site-packages/airflow/example_dags/example_external_task_marker_dag.py took 0.148 seconds
[2023-06-30T06:02:54.105+0000] {processor.py:153} INFO - Started process (PID=291) to work on /home/airflow/.local/lib/python3.7/site-packages/airflow/example_dags/example_external_task_marker_dag.py
[2023-06-30T06:02:54.108+0000] {processor.py:743} INFO - Processing file /home/airflow/.local/lib/python3.7/site-packages/airflow/example_dags/example_external_task_marker_dag.py for tasks to queue
[2023-06-30T06:02:54.110+0000] {logging_mixin.py:137} INFO - [2023-06-30T06:02:54.110+0000] {dagbag.py:538} INFO - Filling up the DagBag from /home/airflow/.local/lib/python3.7/site-packages/airflow/example_dags/example_external_task_marker_dag.py
[2023-06-30T06:02:54.131+0000] {processor.py:753} INFO - DAG(s) dict_keys(['example_external_task_marker_parent', 'example_external_task_marker_child']) retrieved from /home/airflow/.local/lib/python3.7/site-packages/airflow/example_dags/example_external_task_marker_dag.py
[2023-06-30T06:02:54.186+0000] {logging_mixin.py:137} INFO - [2023-06-30T06:02:54.186+0000] {dag.py:2676} INFO - Sync 2 DAGs
[2023-06-30T06:02:54.220+0000] {logging_mixin.py:137} INFO - [2023-06-30T06:02:54.220+0000] {dag.py:3427} INFO - Setting next_dagrun for example_external_task_marker_child to None, run_after=None
[2023-06-30T06:02:54.226+0000] {logging_mixin.py:137} INFO - [2023-06-30T06:02:54.225+0000] {dag.py:3427} INFO - Setting next_dagrun for example_external_task_marker_parent to None, run_after=None
[2023-06-30T06:02:54.247+0000] {processor.py:175} INFO - Processing /home/airflow/.local/lib/python3.7/site-packages/airflow/example_dags/example_external_task_marker_dag.py took 0.147 seconds
[2023-06-30T06:03:24.987+0000] {processor.py:153} INFO - Started process (PID=366) to work on /home/airflow/.local/lib/python3.7/site-packages/airflow/example_dags/example_external_task_marker_dag.py
[2023-06-30T06:03:24.990+0000] {processor.py:743} INFO - Processing file /home/airflow/.local/lib/python3.7/site-packages/airflow/example_dags/example_external_task_marker_dag.py for tasks to queue
[2023-06-30T06:03:24.991+0000] {logging_mixin.py:137} INFO - [2023-06-30T06:03:24.991+0000] {dagbag.py:538} INFO - Filling up the DagBag from /home/airflow/.local/lib/python3.7/site-packages/airflow/example_dags/example_external_task_marker_dag.py
[2023-06-30T06:03:25.011+0000] {processor.py:753} INFO - DAG(s) dict_keys(['example_external_task_marker_parent', 'example_external_task_marker_child']) retrieved from /home/airflow/.local/lib/python3.7/site-packages/airflow/example_dags/example_external_task_marker_dag.py
[2023-06-30T06:03:25.066+0000] {logging_mixin.py:137} INFO - [2023-06-30T06:03:25.065+0000] {dag.py:2676} INFO - Sync 2 DAGs
[2023-06-30T06:03:25.100+0000] {logging_mixin.py:137} INFO - [2023-06-30T06:03:25.099+0000] {dag.py:3427} INFO - Setting next_dagrun for example_external_task_marker_child to None, run_after=None
[2023-06-30T06:03:25.105+0000] {logging_mixin.py:137} INFO - [2023-06-30T06:03:25.105+0000] {dag.py:3427} INFO - Setting next_dagrun for example_external_task_marker_parent to None, run_after=None
[2023-06-30T06:03:25.127+0000] {processor.py:175} INFO - Processing /home/airflow/.local/lib/python3.7/site-packages/airflow/example_dags/example_external_task_marker_dag.py took 0.145 seconds
[2023-06-30T06:03:55.325+0000] {processor.py:153} INFO - Started process (PID=437) to work on /home/airflow/.local/lib/python3.7/site-packages/airflow/example_dags/example_external_task_marker_dag.py
[2023-06-30T06:03:55.328+0000] {processor.py:743} INFO - Processing file /home/airflow/.local/lib/python3.7/site-packages/airflow/example_dags/example_external_task_marker_dag.py for tasks to queue
[2023-06-30T06:03:55.330+0000] {logging_mixin.py:137} INFO - [2023-06-30T06:03:55.330+0000] {dagbag.py:538} INFO - Filling up the DagBag from /home/airflow/.local/lib/python3.7/site-packages/airflow/example_dags/example_external_task_marker_dag.py
[2023-06-30T06:03:55.355+0000] {processor.py:753} INFO - DAG(s) dict_keys(['example_external_task_marker_parent', 'example_external_task_marker_child']) retrieved from /home/airflow/.local/lib/python3.7/site-packages/airflow/example_dags/example_external_task_marker_dag.py
[2023-06-30T06:03:55.417+0000] {logging_mixin.py:137} INFO - [2023-06-30T06:03:55.416+0000] {dag.py:2676} INFO - Sync 2 DAGs
[2023-06-30T06:03:55.453+0000] {logging_mixin.py:137} INFO - [2023-06-30T06:03:55.453+0000] {dag.py:3427} INFO - Setting next_dagrun for example_external_task_marker_child to None, run_after=None
[2023-06-30T06:03:55.460+0000] {logging_mixin.py:137} INFO - [2023-06-30T06:03:55.459+0000] {dag.py:3427} INFO - Setting next_dagrun for example_external_task_marker_parent to None, run_after=None
[2023-06-30T06:03:55.488+0000] {processor.py:175} INFO - Processing /home/airflow/.local/lib/python3.7/site-packages/airflow/example_dags/example_external_task_marker_dag.py took 0.169 seconds
[2023-06-30T06:04:25.700+0000] {processor.py:153} INFO - Started process (PID=502) to work on /home/airflow/.local/lib/python3.7/site-packages/airflow/example_dags/example_external_task_marker_dag.py
[2023-06-30T06:04:25.703+0000] {processor.py:743} INFO - Processing file /home/airflow/.local/lib/python3.7/site-packages/airflow/example_dags/example_external_task_marker_dag.py for tasks to queue
[2023-06-30T06:04:25.705+0000] {logging_mixin.py:137} INFO - [2023-06-30T06:04:25.705+0000] {dagbag.py:538} INFO - Filling up the DagBag from /home/airflow/.local/lib/python3.7/site-packages/airflow/example_dags/example_external_task_marker_dag.py
[2023-06-30T06:04:25.732+0000] {processor.py:753} INFO - DAG(s) dict_keys(['example_external_task_marker_parent', 'example_external_task_marker_child']) retrieved from /home/airflow/.local/lib/python3.7/site-packages/airflow/example_dags/example_external_task_marker_dag.py
[2023-06-30T06:04:25.796+0000] {logging_mixin.py:137} INFO - [2023-06-30T06:04:25.796+0000] {dag.py:2676} INFO - Sync 2 DAGs
[2023-06-30T06:04:25.831+0000] {logging_mixin.py:137} INFO - [2023-06-30T06:04:25.831+0000] {dag.py:3427} INFO - Setting next_dagrun for example_external_task_marker_child to None, run_after=None
[2023-06-30T06:04:25.838+0000] {logging_mixin.py:137} INFO - [2023-06-30T06:04:25.838+0000] {dag.py:3427} INFO - Setting next_dagrun for example_external_task_marker_parent to None, run_after=None
[2023-06-30T06:04:25.862+0000] {processor.py:175} INFO - Processing /home/airflow/.local/lib/python3.7/site-packages/airflow/example_dags/example_external_task_marker_dag.py took 0.169 seconds
[2023-06-30T06:04:56.781+0000] {processor.py:153} INFO - Started process (PID=582) to work on /home/airflow/.local/lib/python3.7/site-packages/airflow/example_dags/example_external_task_marker_dag.py
[2023-06-30T06:04:56.783+0000] {processor.py:743} INFO - Processing file /home/airflow/.local/lib/python3.7/site-packages/airflow/example_dags/example_external_task_marker_dag.py for tasks to queue
[2023-06-30T06:04:56.784+0000] {logging_mixin.py:137} INFO - [2023-06-30T06:04:56.784+0000] {dagbag.py:538} INFO - Filling up the DagBag from /home/airflow/.local/lib/python3.7/site-packages/airflow/example_dags/example_external_task_marker_dag.py
[2023-06-30T06:04:56.801+0000] {processor.py:753} INFO - DAG(s) dict_keys(['example_external_task_marker_parent', 'example_external_task_marker_child']) retrieved from /home/airflow/.local/lib/python3.7/site-packages/airflow/example_dags/example_external_task_marker_dag.py
[2023-06-30T06:04:56.855+0000] {logging_mixin.py:137} INFO - [2023-06-30T06:04:56.855+0000] {dag.py:2676} INFO - Sync 2 DAGs
[2023-06-30T06:04:56.904+0000] {logging_mixin.py:137} INFO - [2023-06-30T06:04:56.904+0000] {dag.py:3427} INFO - Setting next_dagrun for example_external_task_marker_child to None, run_after=None
[2023-06-30T06:04:56.914+0000] {logging_mixin.py:137} INFO - [2023-06-30T06:04:56.914+0000] {dag.py:3427} INFO - Setting next_dagrun for example_external_task_marker_parent to None, run_after=None
[2023-06-30T06:04:56.950+0000] {processor.py:175} INFO - Processing /home/airflow/.local/lib/python3.7/site-packages/airflow/example_dags/example_external_task_marker_dag.py took 0.174 seconds
[2023-06-30T06:05:27.087+0000] {processor.py:153} INFO - Started process (PID=648) to work on /home/airflow/.local/lib/python3.7/site-packages/airflow/example_dags/example_external_task_marker_dag.py
[2023-06-30T06:05:27.089+0000] {processor.py:743} INFO - Processing file /home/airflow/.local/lib/python3.7/site-packages/airflow/example_dags/example_external_task_marker_dag.py for tasks to queue
[2023-06-30T06:05:27.091+0000] {logging_mixin.py:137} INFO - [2023-06-30T06:05:27.091+0000] {dagbag.py:538} INFO - Filling up the DagBag from /home/airflow/.local/lib/python3.7/site-packages/airflow/example_dags/example_external_task_marker_dag.py
[2023-06-30T06:05:27.113+0000] {processor.py:753} INFO - DAG(s) dict_keys(['example_external_task_marker_child', 'example_external_task_marker_parent']) retrieved from /home/airflow/.local/lib/python3.7/site-packages/airflow/example_dags/example_external_task_marker_dag.py
[2023-06-30T06:05:27.170+0000] {logging_mixin.py:137} INFO - [2023-06-30T06:05:27.170+0000] {dag.py:2676} INFO - Sync 2 DAGs
[2023-06-30T06:05:27.208+0000] {logging_mixin.py:137} INFO - [2023-06-30T06:05:27.207+0000] {dag.py:3427} INFO - Setting next_dagrun for example_external_task_marker_child to None, run_after=None
[2023-06-30T06:05:27.214+0000] {logging_mixin.py:137} INFO - [2023-06-30T06:05:27.214+0000] {dag.py:3427} INFO - Setting next_dagrun for example_external_task_marker_parent to None, run_after=None
[2023-06-30T06:05:27.240+0000] {processor.py:175} INFO - Processing /home/airflow/.local/lib/python3.7/site-packages/airflow/example_dags/example_external_task_marker_dag.py took 0.160 seconds
[2023-06-30T06:05:57.386+0000] {processor.py:153} INFO - Started process (PID=729) to work on /home/airflow/.local/lib/python3.7/site-packages/airflow/example_dags/example_external_task_marker_dag.py
[2023-06-30T06:05:57.389+0000] {processor.py:743} INFO - Processing file /home/airflow/.local/lib/python3.7/site-packages/airflow/example_dags/example_external_task_marker_dag.py for tasks to queue
[2023-06-30T06:05:57.391+0000] {logging_mixin.py:137} INFO - [2023-06-30T06:05:57.391+0000] {dagbag.py:538} INFO - Filling up the DagBag from /home/airflow/.local/lib/python3.7/site-packages/airflow/example_dags/example_external_task_marker_dag.py
[2023-06-30T06:05:57.413+0000] {processor.py:753} INFO - DAG(s) dict_keys(['example_external_task_marker_child', 'example_external_task_marker_parent']) retrieved from /home/airflow/.local/lib/python3.7/site-packages/airflow/example_dags/example_external_task_marker_dag.py
[2023-06-30T06:05:57.469+0000] {logging_mixin.py:137} INFO - [2023-06-30T06:05:57.469+0000] {dag.py:2676} INFO - Sync 2 DAGs
[2023-06-30T06:05:57.510+0000] {logging_mixin.py:137} INFO - [2023-06-30T06:05:57.510+0000] {dag.py:3427} INFO - Setting next_dagrun for example_external_task_marker_child to None, run_after=None
[2023-06-30T06:05:57.516+0000] {logging_mixin.py:137} INFO - [2023-06-30T06:05:57.516+0000] {dag.py:3427} INFO - Setting next_dagrun for example_external_task_marker_parent to None, run_after=None
[2023-06-30T06:05:57.538+0000] {processor.py:175} INFO - Processing /home/airflow/.local/lib/python3.7/site-packages/airflow/example_dags/example_external_task_marker_dag.py took 0.157 seconds
[2023-06-30T06:06:27.743+0000] {processor.py:153} INFO - Started process (PID=795) to work on /home/airflow/.local/lib/python3.7/site-packages/airflow/example_dags/example_external_task_marker_dag.py
[2023-06-30T06:06:27.748+0000] {processor.py:743} INFO - Processing file /home/airflow/.local/lib/python3.7/site-packages/airflow/example_dags/example_external_task_marker_dag.py for tasks to queue
[2023-06-30T06:06:27.750+0000] {logging_mixin.py:137} INFO - [2023-06-30T06:06:27.750+0000] {dagbag.py:538} INFO - Filling up the DagBag from /home/airflow/.local/lib/python3.7/site-packages/airflow/example_dags/example_external_task_marker_dag.py
[2023-06-30T06:06:27.771+0000] {processor.py:753} INFO - DAG(s) dict_keys(['example_external_task_marker_parent', 'example_external_task_marker_child']) retrieved from /home/airflow/.local/lib/python3.7/site-packages/airflow/example_dags/example_external_task_marker_dag.py
[2023-06-30T06:06:27.828+0000] {logging_mixin.py:137} INFO - [2023-06-30T06:06:27.828+0000] {dag.py:2676} INFO - Sync 2 DAGs
[2023-06-30T06:06:27.878+0000] {logging_mixin.py:137} INFO - [2023-06-30T06:06:27.878+0000] {dag.py:3427} INFO - Setting next_dagrun for example_external_task_marker_child to None, run_after=None
[2023-06-30T06:06:27.888+0000] {logging_mixin.py:137} INFO - [2023-06-30T06:06:27.888+0000] {dag.py:3427} INFO - Setting next_dagrun for example_external_task_marker_parent to None, run_after=None
[2023-06-30T06:06:27.925+0000] {processor.py:175} INFO - Processing /home/airflow/.local/lib/python3.7/site-packages/airflow/example_dags/example_external_task_marker_dag.py took 0.186 seconds
[2023-06-30T06:06:58.095+0000] {processor.py:153} INFO - Started process (PID=861) to work on /home/airflow/.local/lib/python3.7/site-packages/airflow/example_dags/example_external_task_marker_dag.py
[2023-06-30T06:06:58.098+0000] {processor.py:743} INFO - Processing file /home/airflow/.local/lib/python3.7/site-packages/airflow/example_dags/example_external_task_marker_dag.py for tasks to queue
[2023-06-30T06:06:58.100+0000] {logging_mixin.py:137} INFO - [2023-06-30T06:06:58.100+0000] {dagbag.py:538} INFO - Filling up the DagBag from /home/airflow/.local/lib/python3.7/site-packages/airflow/example_dags/example_external_task_marker_dag.py
[2023-06-30T06:06:58.119+0000] {processor.py:753} INFO - DAG(s) dict_keys(['example_external_task_marker_child', 'example_external_task_marker_parent']) retrieved from /home/airflow/.local/lib/python3.7/site-packages/airflow/example_dags/example_external_task_marker_dag.py
[2023-06-30T06:06:58.173+0000] {logging_mixin.py:137} INFO - [2023-06-30T06:06:58.173+0000] {dag.py:2676} INFO - Sync 2 DAGs
[2023-06-30T06:06:58.204+0000] {logging_mixin.py:137} INFO - [2023-06-30T06:06:58.204+0000] {dag.py:3427} INFO - Setting next_dagrun for example_external_task_marker_child to None, run_after=None
[2023-06-30T06:06:58.214+0000] {logging_mixin.py:137} INFO - [2023-06-30T06:06:58.214+0000] {dag.py:3427} INFO - Setting next_dagrun for example_external_task_marker_parent to None, run_after=None
[2023-06-30T06:06:58.243+0000] {processor.py:175} INFO - Processing /home/airflow/.local/lib/python3.7/site-packages/airflow/example_dags/example_external_task_marker_dag.py took 0.153 seconds
[2023-06-30T06:07:28.432+0000] {processor.py:153} INFO - Started process (PID=941) to work on /home/airflow/.local/lib/python3.7/site-packages/airflow/example_dags/example_external_task_marker_dag.py
[2023-06-30T06:07:28.434+0000] {processor.py:743} INFO - Processing file /home/airflow/.local/lib/python3.7/site-packages/airflow/example_dags/example_external_task_marker_dag.py for tasks to queue
[2023-06-30T06:07:28.437+0000] {logging_mixin.py:137} INFO - [2023-06-30T06:07:28.436+0000] {dagbag.py:538} INFO - Filling up the DagBag from /home/airflow/.local/lib/python3.7/site-packages/airflow/example_dags/example_external_task_marker_dag.py
[2023-06-30T06:07:28.460+0000] {processor.py:753} INFO - DAG(s) dict_keys(['example_external_task_marker_parent', 'example_external_task_marker_child']) retrieved from /home/airflow/.local/lib/python3.7/site-packages/airflow/example_dags/example_external_task_marker_dag.py
[2023-06-30T06:07:28.528+0000] {logging_mixin.py:137} INFO - [2023-06-30T06:07:28.528+0000] {dag.py:2676} INFO - Sync 2 DAGs
[2023-06-30T06:07:28.574+0000] {logging_mixin.py:137} INFO - [2023-06-30T06:07:28.574+0000] {dag.py:3427} INFO - Setting next_dagrun for example_external_task_marker_child to None, run_after=None
[2023-06-30T06:07:28.581+0000] {logging_mixin.py:137} INFO - [2023-06-30T06:07:28.581+0000] {dag.py:3427} INFO - Setting next_dagrun for example_external_task_marker_parent to None, run_after=None
[2023-06-30T06:07:28.610+0000] {processor.py:175} INFO - Processing /home/airflow/.local/lib/python3.7/site-packages/airflow/example_dags/example_external_task_marker_dag.py took 0.183 seconds
[2023-06-30T06:07:59.464+0000] {processor.py:153} INFO - Started process (PID=1007) to work on /home/airflow/.local/lib/python3.7/site-packages/airflow/example_dags/example_external_task_marker_dag.py
[2023-06-30T06:07:59.466+0000] {processor.py:743} INFO - Processing file /home/airflow/.local/lib/python3.7/site-packages/airflow/example_dags/example_external_task_marker_dag.py for tasks to queue
[2023-06-30T06:07:59.468+0000] {logging_mixin.py:137} INFO - [2023-06-30T06:07:59.468+0000] {dagbag.py:538} INFO - Filling up the DagBag from /home/airflow/.local/lib/python3.7/site-packages/airflow/example_dags/example_external_task_marker_dag.py
[2023-06-30T06:07:59.490+0000] {processor.py:753} INFO - DAG(s) dict_keys(['example_external_task_marker_parent', 'example_external_task_marker_child']) retrieved from /home/airflow/.local/lib/python3.7/site-packages/airflow/example_dags/example_external_task_marker_dag.py
[2023-06-30T06:07:59.528+0000] {logging_mixin.py:137} INFO - [2023-06-30T06:07:59.527+0000] {dag.py:2676} INFO - Sync 2 DAGs
[2023-06-30T06:07:59.566+0000] {logging_mixin.py:137} INFO - [2023-06-30T06:07:59.566+0000] {dag.py:3427} INFO - Setting next_dagrun for example_external_task_marker_child to None, run_after=None
[2023-06-30T06:07:59.572+0000] {logging_mixin.py:137} INFO - [2023-06-30T06:07:59.571+0000] {dag.py:3427} INFO - Setting next_dagrun for example_external_task_marker_parent to None, run_after=None
[2023-06-30T06:07:59.596+0000] {processor.py:175} INFO - Processing /home/airflow/.local/lib/python3.7/site-packages/airflow/example_dags/example_external_task_marker_dag.py took 0.138 seconds
[2023-06-30T06:08:29.776+0000] {processor.py:153} INFO - Started process (PID=1072) to work on /home/airflow/.local/lib/python3.7/site-packages/airflow/example_dags/example_external_task_marker_dag.py
[2023-06-30T06:08:29.779+0000] {processor.py:743} INFO - Processing file /home/airflow/.local/lib/python3.7/site-packages/airflow/example_dags/example_external_task_marker_dag.py for tasks to queue
[2023-06-30T06:08:29.782+0000] {logging_mixin.py:137} INFO - [2023-06-30T06:08:29.782+0000] {dagbag.py:538} INFO - Filling up the DagBag from /home/airflow/.local/lib/python3.7/site-packages/airflow/example_dags/example_external_task_marker_dag.py
[2023-06-30T06:08:29.808+0000] {processor.py:753} INFO - DAG(s) dict_keys(['example_external_task_marker_child', 'example_external_task_marker_parent']) retrieved from /home/airflow/.local/lib/python3.7/site-packages/airflow/example_dags/example_external_task_marker_dag.py
[2023-06-30T06:08:29.929+0000] {logging_mixin.py:137} INFO - [2023-06-30T06:08:29.929+0000] {dag.py:2676} INFO - Sync 2 DAGs
[2023-06-30T06:08:29.970+0000] {logging_mixin.py:137} INFO - [2023-06-30T06:08:29.970+0000] {dag.py:3427} INFO - Setting next_dagrun for example_external_task_marker_child to None, run_after=None
[2023-06-30T06:08:29.985+0000] {logging_mixin.py:137} INFO - [2023-06-30T06:08:29.985+0000] {dag.py:3427} INFO - Setting next_dagrun for example_external_task_marker_parent to None, run_after=None
[2023-06-30T06:08:30.021+0000] {processor.py:175} INFO - Processing /home/airflow/.local/lib/python3.7/site-packages/airflow/example_dags/example_external_task_marker_dag.py took 0.251 seconds
[2023-06-30T06:09:00.327+0000] {processor.py:153} INFO - Started process (PID=1152) to work on /home/airflow/.local/lib/python3.7/site-packages/airflow/example_dags/example_external_task_marker_dag.py
[2023-06-30T06:09:00.331+0000] {processor.py:743} INFO - Processing file /home/airflow/.local/lib/python3.7/site-packages/airflow/example_dags/example_external_task_marker_dag.py for tasks to queue
[2023-06-30T06:09:00.332+0000] {logging_mixin.py:137} INFO - [2023-06-30T06:09:00.332+0000] {dagbag.py:538} INFO - Filling up the DagBag from /home/airflow/.local/lib/python3.7/site-packages/airflow/example_dags/example_external_task_marker_dag.py
[2023-06-30T06:09:00.352+0000] {processor.py:753} INFO - DAG(s) dict_keys(['example_external_task_marker_child', 'example_external_task_marker_parent']) retrieved from /home/airflow/.local/lib/python3.7/site-packages/airflow/example_dags/example_external_task_marker_dag.py
[2023-06-30T06:09:00.405+0000] {logging_mixin.py:137} INFO - [2023-06-30T06:09:00.404+0000] {dag.py:2676} INFO - Sync 2 DAGs
[2023-06-30T06:09:00.441+0000] {logging_mixin.py:137} INFO - [2023-06-30T06:09:00.440+0000] {dag.py:3427} INFO - Setting next_dagrun for example_external_task_marker_child to None, run_after=None
[2023-06-30T06:09:00.446+0000] {logging_mixin.py:137} INFO - [2023-06-30T06:09:00.446+0000] {dag.py:3427} INFO - Setting next_dagrun for example_external_task_marker_parent to None, run_after=None
[2023-06-30T06:09:00.468+0000] {processor.py:175} INFO - Processing /home/airflow/.local/lib/python3.7/site-packages/airflow/example_dags/example_external_task_marker_dag.py took 0.146 seconds
[2023-06-30T06:09:30.663+0000] {processor.py:153} INFO - Started process (PID=1218) to work on /home/airflow/.local/lib/python3.7/site-packages/airflow/example_dags/example_external_task_marker_dag.py
[2023-06-30T06:09:30.664+0000] {processor.py:743} INFO - Processing file /home/airflow/.local/lib/python3.7/site-packages/airflow/example_dags/example_external_task_marker_dag.py for tasks to queue
[2023-06-30T06:09:30.667+0000] {logging_mixin.py:137} INFO - [2023-06-30T06:09:30.667+0000] {dagbag.py:538} INFO - Filling up the DagBag from /home/airflow/.local/lib/python3.7/site-packages/airflow/example_dags/example_external_task_marker_dag.py
[2023-06-30T06:09:30.686+0000] {processor.py:753} INFO - DAG(s) dict_keys(['example_external_task_marker_child', 'example_external_task_marker_parent']) retrieved from /home/airflow/.local/lib/python3.7/site-packages/airflow/example_dags/example_external_task_marker_dag.py
[2023-06-30T06:09:30.756+0000] {logging_mixin.py:137} INFO - [2023-06-30T06:09:30.756+0000] {dag.py:2676} INFO - Sync 2 DAGs
[2023-06-30T06:09:30.803+0000] {logging_mixin.py:137} INFO - [2023-06-30T06:09:30.802+0000] {dag.py:3427} INFO - Setting next_dagrun for example_external_task_marker_child to None, run_after=None
[2023-06-30T06:09:30.810+0000] {logging_mixin.py:137} INFO - [2023-06-30T06:09:30.810+0000] {dag.py:3427} INFO - Setting next_dagrun for example_external_task_marker_parent to None, run_after=None
[2023-06-30T06:09:30.850+0000] {processor.py:175} INFO - Processing /home/airflow/.local/lib/python3.7/site-packages/airflow/example_dags/example_external_task_marker_dag.py took 0.192 seconds
[2023-06-30T06:10:01.106+0000] {processor.py:153} INFO - Started process (PID=1284) to work on /home/airflow/.local/lib/python3.7/site-packages/airflow/example_dags/example_external_task_marker_dag.py
[2023-06-30T06:10:01.108+0000] {processor.py:743} INFO - Processing file /home/airflow/.local/lib/python3.7/site-packages/airflow/example_dags/example_external_task_marker_dag.py for tasks to queue
[2023-06-30T06:10:01.111+0000] {logging_mixin.py:137} INFO - [2023-06-30T06:10:01.110+0000] {dagbag.py:538} INFO - Filling up the DagBag from /home/airflow/.local/lib/python3.7/site-packages/airflow/example_dags/example_external_task_marker_dag.py
[2023-06-30T06:10:01.136+0000] {processor.py:753} INFO - DAG(s) dict_keys(['example_external_task_marker_child', 'example_external_task_marker_parent']) retrieved from /home/airflow/.local/lib/python3.7/site-packages/airflow/example_dags/example_external_task_marker_dag.py
[2023-06-30T06:10:01.216+0000] {logging_mixin.py:137} INFO - [2023-06-30T06:10:01.216+0000] {dag.py:2676} INFO - Sync 2 DAGs
[2023-06-30T06:10:01.276+0000] {logging_mixin.py:137} INFO - [2023-06-30T06:10:01.275+0000] {dag.py:3427} INFO - Setting next_dagrun for example_external_task_marker_child to None, run_after=None
[2023-06-30T06:10:01.284+0000] {logging_mixin.py:137} INFO - [2023-06-30T06:10:01.284+0000] {dag.py:3427} INFO - Setting next_dagrun for example_external_task_marker_parent to None, run_after=None
[2023-06-30T06:10:01.316+0000] {processor.py:175} INFO - Processing /home/airflow/.local/lib/python3.7/site-packages/airflow/example_dags/example_external_task_marker_dag.py took 0.216 seconds
[2023-06-30T06:10:31.586+0000] {processor.py:153} INFO - Started process (PID=1364) to work on /home/airflow/.local/lib/python3.7/site-packages/airflow/example_dags/example_external_task_marker_dag.py
[2023-06-30T06:10:31.589+0000] {processor.py:743} INFO - Processing file /home/airflow/.local/lib/python3.7/site-packages/airflow/example_dags/example_external_task_marker_dag.py for tasks to queue
[2023-06-30T06:10:31.591+0000] {logging_mixin.py:137} INFO - [2023-06-30T06:10:31.591+0000] {dagbag.py:538} INFO - Filling up the DagBag from /home/airflow/.local/lib/python3.7/site-packages/airflow/example_dags/example_external_task_marker_dag.py
[2023-06-30T06:10:31.611+0000] {processor.py:753} INFO - DAG(s) dict_keys(['example_external_task_marker_parent', 'example_external_task_marker_child']) retrieved from /home/airflow/.local/lib/python3.7/site-packages/airflow/example_dags/example_external_task_marker_dag.py
[2023-06-30T06:10:31.666+0000] {logging_mixin.py:137} INFO - [2023-06-30T06:10:31.666+0000] {dag.py:2676} INFO - Sync 2 DAGs
[2023-06-30T06:10:31.704+0000] {logging_mixin.py:137} INFO - [2023-06-30T06:10:31.703+0000] {dag.py:3427} INFO - Setting next_dagrun for example_external_task_marker_child to None, run_after=None
[2023-06-30T06:10:31.709+0000] {logging_mixin.py:137} INFO - [2023-06-30T06:10:31.709+0000] {dag.py:3427} INFO - Setting next_dagrun for example_external_task_marker_parent to None, run_after=None
[2023-06-30T06:10:31.733+0000] {processor.py:175} INFO - Processing /home/airflow/.local/lib/python3.7/site-packages/airflow/example_dags/example_external_task_marker_dag.py took 0.153 seconds
[2023-06-30T06:11:01.964+0000] {processor.py:153} INFO - Started process (PID=1430) to work on /home/airflow/.local/lib/python3.7/site-packages/airflow/example_dags/example_external_task_marker_dag.py
[2023-06-30T06:11:01.967+0000] {processor.py:743} INFO - Processing file /home/airflow/.local/lib/python3.7/site-packages/airflow/example_dags/example_external_task_marker_dag.py for tasks to queue
[2023-06-30T06:11:01.969+0000] {logging_mixin.py:137} INFO - [2023-06-30T06:11:01.969+0000] {dagbag.py:538} INFO - Filling up the DagBag from /home/airflow/.local/lib/python3.7/site-packages/airflow/example_dags/example_external_task_marker_dag.py
[2023-06-30T06:11:01.993+0000] {processor.py:753} INFO - DAG(s) dict_keys(['example_external_task_marker_parent', 'example_external_task_marker_child']) retrieved from /home/airflow/.local/lib/python3.7/site-packages/airflow/example_dags/example_external_task_marker_dag.py
[2023-06-30T06:11:02.114+0000] {logging_mixin.py:137} INFO - [2023-06-30T06:11:02.114+0000] {dag.py:2676} INFO - Sync 2 DAGs
[2023-06-30T06:11:02.158+0000] {logging_mixin.py:137} INFO - [2023-06-30T06:11:02.158+0000] {dag.py:3427} INFO - Setting next_dagrun for example_external_task_marker_child to None, run_after=None
[2023-06-30T06:11:02.165+0000] {logging_mixin.py:137} INFO - [2023-06-30T06:11:02.164+0000] {dag.py:3427} INFO - Setting next_dagrun for example_external_task_marker_parent to None, run_after=None
[2023-06-30T06:11:02.192+0000] {processor.py:175} INFO - Processing /home/airflow/.local/lib/python3.7/site-packages/airflow/example_dags/example_external_task_marker_dag.py took 0.234 seconds
[2023-06-30T06:11:32.323+0000] {processor.py:153} INFO - Started process (PID=1505) to work on /home/airflow/.local/lib/python3.7/site-packages/airflow/example_dags/example_external_task_marker_dag.py
[2023-06-30T06:11:32.327+0000] {processor.py:743} INFO - Processing file /home/airflow/.local/lib/python3.7/site-packages/airflow/example_dags/example_external_task_marker_dag.py for tasks to queue
[2023-06-30T06:11:32.329+0000] {logging_mixin.py:137} INFO - [2023-06-30T06:11:32.329+0000] {dagbag.py:538} INFO - Filling up the DagBag from /home/airflow/.local/lib/python3.7/site-packages/airflow/example_dags/example_external_task_marker_dag.py
[2023-06-30T06:11:32.354+0000] {processor.py:753} INFO - DAG(s) dict_keys(['example_external_task_marker_parent', 'example_external_task_marker_child']) retrieved from /home/airflow/.local/lib/python3.7/site-packages/airflow/example_dags/example_external_task_marker_dag.py
[2023-06-30T06:11:32.414+0000] {logging_mixin.py:137} INFO - [2023-06-30T06:11:32.413+0000] {dag.py:2676} INFO - Sync 2 DAGs
[2023-06-30T06:11:32.455+0000] {logging_mixin.py:137} INFO - [2023-06-30T06:11:32.455+0000] {dag.py:3427} INFO - Setting next_dagrun for example_external_task_marker_child to None, run_after=None
[2023-06-30T06:11:32.461+0000] {logging_mixin.py:137} INFO - [2023-06-30T06:11:32.461+0000] {dag.py:3427} INFO - Setting next_dagrun for example_external_task_marker_parent to None, run_after=None
[2023-06-30T06:11:32.488+0000] {processor.py:175} INFO - Processing /home/airflow/.local/lib/python3.7/site-packages/airflow/example_dags/example_external_task_marker_dag.py took 0.170 seconds
[2023-06-30T06:12:02.656+0000] {processor.py:153} INFO - Started process (PID=1576) to work on /home/airflow/.local/lib/python3.7/site-packages/airflow/example_dags/example_external_task_marker_dag.py
[2023-06-30T06:12:02.658+0000] {processor.py:743} INFO - Processing file /home/airflow/.local/lib/python3.7/site-packages/airflow/example_dags/example_external_task_marker_dag.py for tasks to queue
[2023-06-30T06:12:02.661+0000] {logging_mixin.py:137} INFO - [2023-06-30T06:12:02.661+0000] {dagbag.py:538} INFO - Filling up the DagBag from /home/airflow/.local/lib/python3.7/site-packages/airflow/example_dags/example_external_task_marker_dag.py
[2023-06-30T06:12:02.684+0000] {processor.py:753} INFO - DAG(s) dict_keys(['example_external_task_marker_child', 'example_external_task_marker_parent']) retrieved from /home/airflow/.local/lib/python3.7/site-packages/airflow/example_dags/example_external_task_marker_dag.py
[2023-06-30T06:12:02.755+0000] {logging_mixin.py:137} INFO - [2023-06-30T06:12:02.755+0000] {dag.py:2676} INFO - Sync 2 DAGs
[2023-06-30T06:12:02.800+0000] {logging_mixin.py:137} INFO - [2023-06-30T06:12:02.799+0000] {dag.py:3427} INFO - Setting next_dagrun for example_external_task_marker_child to None, run_after=None
[2023-06-30T06:12:02.806+0000] {logging_mixin.py:137} INFO - [2023-06-30T06:12:02.806+0000] {dag.py:3427} INFO - Setting next_dagrun for example_external_task_marker_parent to None, run_after=None
[2023-06-30T06:12:02.831+0000] {processor.py:175} INFO - Processing /home/airflow/.local/lib/python3.7/site-packages/airflow/example_dags/example_external_task_marker_dag.py took 0.180 seconds
[2023-06-30T06:12:33.607+0000] {processor.py:153} INFO - Started process (PID=1642) to work on /home/airflow/.local/lib/python3.7/site-packages/airflow/example_dags/example_external_task_marker_dag.py
[2023-06-30T06:12:33.611+0000] {processor.py:743} INFO - Processing file /home/airflow/.local/lib/python3.7/site-packages/airflow/example_dags/example_external_task_marker_dag.py for tasks to queue
[2023-06-30T06:12:33.616+0000] {logging_mixin.py:137} INFO - [2023-06-30T06:12:33.615+0000] {dagbag.py:538} INFO - Filling up the DagBag from /home/airflow/.local/lib/python3.7/site-packages/airflow/example_dags/example_external_task_marker_dag.py
[2023-06-30T06:12:33.647+0000] {processor.py:753} INFO - DAG(s) dict_keys(['example_external_task_marker_child', 'example_external_task_marker_parent']) retrieved from /home/airflow/.local/lib/python3.7/site-packages/airflow/example_dags/example_external_task_marker_dag.py
[2023-06-30T06:12:33.732+0000] {logging_mixin.py:137} INFO - [2023-06-30T06:12:33.732+0000] {dag.py:2676} INFO - Sync 2 DAGs
[2023-06-30T06:12:33.791+0000] {logging_mixin.py:137} INFO - [2023-06-30T06:12:33.790+0000] {dag.py:3427} INFO - Setting next_dagrun for example_external_task_marker_child to None, run_after=None
[2023-06-30T06:12:33.800+0000] {logging_mixin.py:137} INFO - [2023-06-30T06:12:33.800+0000] {dag.py:3427} INFO - Setting next_dagrun for example_external_task_marker_parent to None, run_after=None
[2023-06-30T06:12:33.837+0000] {processor.py:175} INFO - Processing /home/airflow/.local/lib/python3.7/site-packages/airflow/example_dags/example_external_task_marker_dag.py took 0.235 seconds
[2023-06-30T06:13:03.948+0000] {processor.py:153} INFO - Started process (PID=1722) to work on /home/airflow/.local/lib/python3.7/site-packages/airflow/example_dags/example_external_task_marker_dag.py
[2023-06-30T06:13:03.952+0000] {processor.py:743} INFO - Processing file /home/airflow/.local/lib/python3.7/site-packages/airflow/example_dags/example_external_task_marker_dag.py for tasks to queue
[2023-06-30T06:13:03.954+0000] {logging_mixin.py:137} INFO - [2023-06-30T06:13:03.954+0000] {dagbag.py:538} INFO - Filling up the DagBag from /home/airflow/.local/lib/python3.7/site-packages/airflow/example_dags/example_external_task_marker_dag.py
[2023-06-30T06:13:03.983+0000] {processor.py:753} INFO - DAG(s) dict_keys(['example_external_task_marker_parent', 'example_external_task_marker_child']) retrieved from /home/airflow/.local/lib/python3.7/site-packages/airflow/example_dags/example_external_task_marker_dag.py
[2023-06-30T06:13:04.046+0000] {logging_mixin.py:137} INFO - [2023-06-30T06:13:04.046+0000] {dag.py:2676} INFO - Sync 2 DAGs
[2023-06-30T06:13:04.089+0000] {logging_mixin.py:137} INFO - [2023-06-30T06:13:04.089+0000] {dag.py:3427} INFO - Setting next_dagrun for example_external_task_marker_child to None, run_after=None
[2023-06-30T06:13:04.095+0000] {logging_mixin.py:137} INFO - [2023-06-30T06:13:04.095+0000] {dag.py:3427} INFO - Setting next_dagrun for example_external_task_marker_parent to None, run_after=None
[2023-06-30T06:13:04.122+0000] {processor.py:175} INFO - Processing /home/airflow/.local/lib/python3.7/site-packages/airflow/example_dags/example_external_task_marker_dag.py took 0.179 seconds
[2023-06-30T06:13:34.448+0000] {processor.py:153} INFO - Started process (PID=1788) to work on /home/airflow/.local/lib/python3.7/site-packages/airflow/example_dags/example_external_task_marker_dag.py
[2023-06-30T06:13:34.450+0000] {processor.py:743} INFO - Processing file /home/airflow/.local/lib/python3.7/site-packages/airflow/example_dags/example_external_task_marker_dag.py for tasks to queue
[2023-06-30T06:13:34.452+0000] {logging_mixin.py:137} INFO - [2023-06-30T06:13:34.452+0000] {dagbag.py:538} INFO - Filling up the DagBag from /home/airflow/.local/lib/python3.7/site-packages/airflow/example_dags/example_external_task_marker_dag.py
[2023-06-30T06:13:34.472+0000] {processor.py:753} INFO - DAG(s) dict_keys(['example_external_task_marker_parent', 'example_external_task_marker_child']) retrieved from /home/airflow/.local/lib/python3.7/site-packages/airflow/example_dags/example_external_task_marker_dag.py
[2023-06-30T06:13:34.526+0000] {logging_mixin.py:137} INFO - [2023-06-30T06:13:34.526+0000] {dag.py:2676} INFO - Sync 2 DAGs
[2023-06-30T06:13:34.562+0000] {logging_mixin.py:137} INFO - [2023-06-30T06:13:34.562+0000] {dag.py:3427} INFO - Setting next_dagrun for example_external_task_marker_child to None, run_after=None
[2023-06-30T06:13:34.568+0000] {logging_mixin.py:137} INFO - [2023-06-30T06:13:34.568+0000] {dag.py:3427} INFO - Setting next_dagrun for example_external_task_marker_parent to None, run_after=None
[2023-06-30T06:13:34.591+0000] {processor.py:175} INFO - Processing /home/airflow/.local/lib/python3.7/site-packages/airflow/example_dags/example_external_task_marker_dag.py took 0.147 seconds
[2023-06-30T06:14:05.077+0000] {processor.py:153} INFO - Started process (PID=1854) to work on /home/airflow/.local/lib/python3.7/site-packages/airflow/example_dags/example_external_task_marker_dag.py
[2023-06-30T06:14:05.080+0000] {processor.py:743} INFO - Processing file /home/airflow/.local/lib/python3.7/site-packages/airflow/example_dags/example_external_task_marker_dag.py for tasks to queue
[2023-06-30T06:14:05.082+0000] {logging_mixin.py:137} INFO - [2023-06-30T06:14:05.082+0000] {dagbag.py:538} INFO - Filling up the DagBag from /home/airflow/.local/lib/python3.7/site-packages/airflow/example_dags/example_external_task_marker_dag.py
[2023-06-30T06:14:05.103+0000] {processor.py:753} INFO - DAG(s) dict_keys(['example_external_task_marker_parent', 'example_external_task_marker_child']) retrieved from /home/airflow/.local/lib/python3.7/site-packages/airflow/example_dags/example_external_task_marker_dag.py
[2023-06-30T06:14:05.164+0000] {logging_mixin.py:137} INFO - [2023-06-30T06:14:05.163+0000] {dag.py:2676} INFO - Sync 2 DAGs
[2023-06-30T06:14:05.212+0000] {logging_mixin.py:137} INFO - [2023-06-30T06:14:05.211+0000] {dag.py:3427} INFO - Setting next_dagrun for example_external_task_marker_child to None, run_after=None
[2023-06-30T06:14:05.219+0000] {logging_mixin.py:137} INFO - [2023-06-30T06:14:05.218+0000] {dag.py:3427} INFO - Setting next_dagrun for example_external_task_marker_parent to None, run_after=None
[2023-06-30T06:14:05.253+0000] {processor.py:175} INFO - Processing /home/airflow/.local/lib/python3.7/site-packages/airflow/example_dags/example_external_task_marker_dag.py took 0.181 seconds
[2023-06-30T06:14:35.868+0000] {processor.py:153} INFO - Started process (PID=1934) to work on /home/airflow/.local/lib/python3.7/site-packages/airflow/example_dags/example_external_task_marker_dag.py
[2023-06-30T06:14:35.870+0000] {processor.py:743} INFO - Processing file /home/airflow/.local/lib/python3.7/site-packages/airflow/example_dags/example_external_task_marker_dag.py for tasks to queue
[2023-06-30T06:14:35.872+0000] {logging_mixin.py:137} INFO - [2023-06-30T06:14:35.872+0000] {dagbag.py:538} INFO - Filling up the DagBag from /home/airflow/.local/lib/python3.7/site-packages/airflow/example_dags/example_external_task_marker_dag.py
[2023-06-30T06:14:35.893+0000] {processor.py:753} INFO - DAG(s) dict_keys(['example_external_task_marker_parent', 'example_external_task_marker_child']) retrieved from /home/airflow/.local/lib/python3.7/site-packages/airflow/example_dags/example_external_task_marker_dag.py
[2023-06-30T06:14:35.930+0000] {logging_mixin.py:137} INFO - [2023-06-30T06:14:35.929+0000] {dag.py:2676} INFO - Sync 2 DAGs
[2023-06-30T06:14:35.978+0000] {logging_mixin.py:137} INFO - [2023-06-30T06:14:35.978+0000] {dag.py:3427} INFO - Setting next_dagrun for example_external_task_marker_child to None, run_after=None
[2023-06-30T06:14:35.988+0000] {logging_mixin.py:137} INFO - [2023-06-30T06:14:35.988+0000] {dag.py:3427} INFO - Setting next_dagrun for example_external_task_marker_parent to None, run_after=None
[2023-06-30T06:14:36.040+0000] {processor.py:175} INFO - Processing /home/airflow/.local/lib/python3.7/site-packages/airflow/example_dags/example_external_task_marker_dag.py took 0.177 seconds
[2023-06-30T06:15:06.525+0000] {processor.py:153} INFO - Started process (PID=2000) to work on /home/airflow/.local/lib/python3.7/site-packages/airflow/example_dags/example_external_task_marker_dag.py
[2023-06-30T06:15:06.527+0000] {processor.py:743} INFO - Processing file /home/airflow/.local/lib/python3.7/site-packages/airflow/example_dags/example_external_task_marker_dag.py for tasks to queue
[2023-06-30T06:15:06.529+0000] {logging_mixin.py:137} INFO - [2023-06-30T06:15:06.529+0000] {dagbag.py:538} INFO - Filling up the DagBag from /home/airflow/.local/lib/python3.7/site-packages/airflow/example_dags/example_external_task_marker_dag.py
[2023-06-30T06:15:06.548+0000] {processor.py:753} INFO - DAG(s) dict_keys(['example_external_task_marker_parent', 'example_external_task_marker_child']) retrieved from /home/airflow/.local/lib/python3.7/site-packages/airflow/example_dags/example_external_task_marker_dag.py
[2023-06-30T06:15:06.652+0000] {logging_mixin.py:137} INFO - [2023-06-30T06:15:06.652+0000] {dag.py:2676} INFO - Sync 2 DAGs
[2023-06-30T06:15:06.688+0000] {logging_mixin.py:137} INFO - [2023-06-30T06:15:06.687+0000] {dag.py:3427} INFO - Setting next_dagrun for example_external_task_marker_child to None, run_after=None
[2023-06-30T06:15:06.696+0000] {logging_mixin.py:137} INFO - [2023-06-30T06:15:06.696+0000] {dag.py:3427} INFO - Setting next_dagrun for example_external_task_marker_parent to None, run_after=None
[2023-06-30T06:15:06.727+0000] {processor.py:175} INFO - Processing /home/airflow/.local/lib/python3.7/site-packages/airflow/example_dags/example_external_task_marker_dag.py took 0.207 seconds
[2023-06-30T06:15:37.010+0000] {processor.py:153} INFO - Started process (PID=2075) to work on /home/airflow/.local/lib/python3.7/site-packages/airflow/example_dags/example_external_task_marker_dag.py
[2023-06-30T06:15:37.014+0000] {processor.py:743} INFO - Processing file /home/airflow/.local/lib/python3.7/site-packages/airflow/example_dags/example_external_task_marker_dag.py for tasks to queue
[2023-06-30T06:15:37.017+0000] {logging_mixin.py:137} INFO - [2023-06-30T06:15:37.017+0000] {dagbag.py:538} INFO - Filling up the DagBag from /home/airflow/.local/lib/python3.7/site-packages/airflow/example_dags/example_external_task_marker_dag.py
[2023-06-30T06:15:37.045+0000] {processor.py:753} INFO - DAG(s) dict_keys(['example_external_task_marker_parent', 'example_external_task_marker_child']) retrieved from /home/airflow/.local/lib/python3.7/site-packages/airflow/example_dags/example_external_task_marker_dag.py
[2023-06-30T06:15:37.098+0000] {logging_mixin.py:137} INFO - [2023-06-30T06:15:37.098+0000] {dag.py:2676} INFO - Sync 2 DAGs
[2023-06-30T06:15:37.151+0000] {logging_mixin.py:137} INFO - [2023-06-30T06:15:37.150+0000] {dag.py:3427} INFO - Setting next_dagrun for example_external_task_marker_child to None, run_after=None
[2023-06-30T06:15:37.159+0000] {logging_mixin.py:137} INFO - [2023-06-30T06:15:37.159+0000] {dag.py:3427} INFO - Setting next_dagrun for example_external_task_marker_parent to None, run_after=None
[2023-06-30T06:15:37.190+0000] {processor.py:175} INFO - Processing /home/airflow/.local/lib/python3.7/site-packages/airflow/example_dags/example_external_task_marker_dag.py took 0.187 seconds
[2023-06-30T06:16:07.602+0000] {processor.py:153} INFO - Started process (PID=2146) to work on /home/airflow/.local/lib/python3.7/site-packages/airflow/example_dags/example_external_task_marker_dag.py
[2023-06-30T06:16:07.605+0000] {processor.py:743} INFO - Processing file /home/airflow/.local/lib/python3.7/site-packages/airflow/example_dags/example_external_task_marker_dag.py for tasks to queue
[2023-06-30T06:16:07.607+0000] {logging_mixin.py:137} INFO - [2023-06-30T06:16:07.607+0000] {dagbag.py:538} INFO - Filling up the DagBag from /home/airflow/.local/lib/python3.7/site-packages/airflow/example_dags/example_external_task_marker_dag.py
[2023-06-30T06:16:07.630+0000] {processor.py:753} INFO - DAG(s) dict_keys(['example_external_task_marker_parent', 'example_external_task_marker_child']) retrieved from /home/airflow/.local/lib/python3.7/site-packages/airflow/example_dags/example_external_task_marker_dag.py
[2023-06-30T06:16:07.748+0000] {logging_mixin.py:137} INFO - [2023-06-30T06:16:07.748+0000] {dag.py:2676} INFO - Sync 2 DAGs
[2023-06-30T06:16:07.783+0000] {logging_mixin.py:137} INFO - [2023-06-30T06:16:07.782+0000] {dag.py:3427} INFO - Setting next_dagrun for example_external_task_marker_child to None, run_after=None
[2023-06-30T06:16:07.788+0000] {logging_mixin.py:137} INFO - [2023-06-30T06:16:07.788+0000] {dag.py:3427} INFO - Setting next_dagrun for example_external_task_marker_parent to None, run_after=None
[2023-06-30T06:16:07.813+0000] {processor.py:175} INFO - Processing /home/airflow/.local/lib/python3.7/site-packages/airflow/example_dags/example_external_task_marker_dag.py took 0.217 seconds
[2023-06-30T06:16:37.973+0000] {processor.py:153} INFO - Started process (PID=2212) to work on /home/airflow/.local/lib/python3.7/site-packages/airflow/example_dags/example_external_task_marker_dag.py
[2023-06-30T06:16:37.976+0000] {processor.py:743} INFO - Processing file /home/airflow/.local/lib/python3.7/site-packages/airflow/example_dags/example_external_task_marker_dag.py for tasks to queue
[2023-06-30T06:16:37.980+0000] {logging_mixin.py:137} INFO - [2023-06-30T06:16:37.980+0000] {dagbag.py:538} INFO - Filling up the DagBag from /home/airflow/.local/lib/python3.7/site-packages/airflow/example_dags/example_external_task_marker_dag.py
[2023-06-30T06:16:38.007+0000] {processor.py:753} INFO - DAG(s) dict_keys(['example_external_task_marker_parent', 'example_external_task_marker_child']) retrieved from /home/airflow/.local/lib/python3.7/site-packages/airflow/example_dags/example_external_task_marker_dag.py
[2023-06-30T06:16:38.075+0000] {logging_mixin.py:137} INFO - [2023-06-30T06:16:38.075+0000] {dag.py:2676} INFO - Sync 2 DAGs
[2023-06-30T06:16:38.112+0000] {logging_mixin.py:137} INFO - [2023-06-30T06:16:38.112+0000] {dag.py:3427} INFO - Setting next_dagrun for example_external_task_marker_child to None, run_after=None
[2023-06-30T06:16:38.117+0000] {logging_mixin.py:137} INFO - [2023-06-30T06:16:38.117+0000] {dag.py:3427} INFO - Setting next_dagrun for example_external_task_marker_parent to None, run_after=None
[2023-06-30T06:16:38.140+0000] {processor.py:175} INFO - Processing /home/airflow/.local/lib/python3.7/site-packages/airflow/example_dags/example_external_task_marker_dag.py took 0.172 seconds
[2023-06-30T06:17:08.543+0000] {processor.py:153} INFO - Started process (PID=2292) to work on /home/airflow/.local/lib/python3.7/site-packages/airflow/example_dags/example_external_task_marker_dag.py
[2023-06-30T06:17:08.545+0000] {processor.py:743} INFO - Processing file /home/airflow/.local/lib/python3.7/site-packages/airflow/example_dags/example_external_task_marker_dag.py for tasks to queue
[2023-06-30T06:17:08.547+0000] {logging_mixin.py:137} INFO - [2023-06-30T06:17:08.547+0000] {dagbag.py:538} INFO - Filling up the DagBag from /home/airflow/.local/lib/python3.7/site-packages/airflow/example_dags/example_external_task_marker_dag.py
[2023-06-30T06:17:08.567+0000] {processor.py:753} INFO - DAG(s) dict_keys(['example_external_task_marker_child', 'example_external_task_marker_parent']) retrieved from /home/airflow/.local/lib/python3.7/site-packages/airflow/example_dags/example_external_task_marker_dag.py
[2023-06-30T06:17:08.621+0000] {logging_mixin.py:137} INFO - [2023-06-30T06:17:08.621+0000] {dag.py:2676} INFO - Sync 2 DAGs
[2023-06-30T06:17:08.658+0000] {logging_mixin.py:137} INFO - [2023-06-30T06:17:08.657+0000] {dag.py:3427} INFO - Setting next_dagrun for example_external_task_marker_child to None, run_after=None
[2023-06-30T06:17:08.664+0000] {logging_mixin.py:137} INFO - [2023-06-30T06:17:08.663+0000] {dag.py:3427} INFO - Setting next_dagrun for example_external_task_marker_parent to None, run_after=None
[2023-06-30T06:17:08.684+0000] {processor.py:175} INFO - Processing /home/airflow/.local/lib/python3.7/site-packages/airflow/example_dags/example_external_task_marker_dag.py took 0.146 seconds
