[2023-06-30T06:01:11.148+0000] {processor.py:153} INFO - Started process (PID=71) to work on /home/airflow/.local/lib/python3.7/site-packages/airflow/example_dags/example_branch_python_dop_operator_3.py
[2023-06-30T06:01:11.151+0000] {processor.py:743} INFO - Processing file /home/airflow/.local/lib/python3.7/site-packages/airflow/example_dags/example_branch_python_dop_operator_3.py for tasks to queue
[2023-06-30T06:01:11.153+0000] {logging_mixin.py:137} INFO - [2023-06-30T06:01:11.152+0000] {dagbag.py:538} INFO - Filling up the DagBag from /home/airflow/.local/lib/python3.7/site-packages/airflow/example_dags/example_branch_python_dop_operator_3.py
[2023-06-30T06:01:11.194+0000] {processor.py:753} INFO - DAG(s) dict_keys(['example_branch_dop_operator_v3']) retrieved from /home/airflow/.local/lib/python3.7/site-packages/airflow/example_dags/example_branch_python_dop_operator_3.py
[2023-06-30T06:01:11.300+0000] {logging_mixin.py:137} INFO - [2023-06-30T06:01:11.300+0000] {dag.py:2676} INFO - Sync 1 DAGs
[2023-06-30T06:01:11.344+0000] {logging_mixin.py:137} INFO - [2023-06-30T06:01:11.344+0000] {dag.py:3427} INFO - Setting next_dagrun for example_branch_dop_operator_v3 to 2023-06-30T06:00:00+00:00, run_after=2023-06-30T06:01:00+00:00
[2023-06-30T06:01:11.376+0000] {processor.py:175} INFO - Processing /home/airflow/.local/lib/python3.7/site-packages/airflow/example_dags/example_branch_python_dop_operator_3.py took 0.233 seconds
[2023-06-30T06:01:48.526+0000] {processor.py:153} INFO - Started process (PID=147) to work on /home/airflow/.local/lib/python3.7/site-packages/airflow/example_dags/example_branch_python_dop_operator_3.py
[2023-06-30T06:01:48.536+0000] {processor.py:743} INFO - Processing file /home/airflow/.local/lib/python3.7/site-packages/airflow/example_dags/example_branch_python_dop_operator_3.py for tasks to queue
[2023-06-30T06:01:48.558+0000] {logging_mixin.py:137} INFO - [2023-06-30T06:01:48.558+0000] {dagbag.py:538} INFO - Filling up the DagBag from /home/airflow/.local/lib/python3.7/site-packages/airflow/example_dags/example_branch_python_dop_operator_3.py
[2023-06-30T06:01:49.069+0000] {processor.py:753} INFO - DAG(s) dict_keys(['example_branch_dop_operator_v3']) retrieved from /home/airflow/.local/lib/python3.7/site-packages/airflow/example_dags/example_branch_python_dop_operator_3.py
[2023-06-30T06:01:49.292+0000] {logging_mixin.py:137} INFO - [2023-06-30T06:01:49.292+0000] {dag.py:2676} INFO - Sync 1 DAGs
[2023-06-30T06:01:49.477+0000] {logging_mixin.py:137} INFO - [2023-06-30T06:01:49.477+0000] {dag.py:3427} INFO - Setting next_dagrun for example_branch_dop_operator_v3 to 2023-06-30T06:00:00+00:00, run_after=2023-06-30T06:01:00+00:00
[2023-06-30T06:01:49.531+0000] {processor.py:175} INFO - Processing /home/airflow/.local/lib/python3.7/site-packages/airflow/example_dags/example_branch_python_dop_operator_3.py took 1.040 seconds
[2023-06-30T06:02:20.396+0000] {processor.py:153} INFO - Started process (PID=218) to work on /home/airflow/.local/lib/python3.7/site-packages/airflow/example_dags/example_branch_python_dop_operator_3.py
[2023-06-30T06:02:20.411+0000] {processor.py:743} INFO - Processing file /home/airflow/.local/lib/python3.7/site-packages/airflow/example_dags/example_branch_python_dop_operator_3.py for tasks to queue
[2023-06-30T06:02:20.414+0000] {logging_mixin.py:137} INFO - [2023-06-30T06:02:20.413+0000] {dagbag.py:538} INFO - Filling up the DagBag from /home/airflow/.local/lib/python3.7/site-packages/airflow/example_dags/example_branch_python_dop_operator_3.py
[2023-06-30T06:02:20.577+0000] {processor.py:753} INFO - DAG(s) dict_keys(['example_branch_dop_operator_v3']) retrieved from /home/airflow/.local/lib/python3.7/site-packages/airflow/example_dags/example_branch_python_dop_operator_3.py
[2023-06-30T06:02:20.752+0000] {logging_mixin.py:137} INFO - [2023-06-30T06:02:20.751+0000] {dag.py:2676} INFO - Sync 1 DAGs
[2023-06-30T06:02:20.805+0000] {logging_mixin.py:137} INFO - [2023-06-30T06:02:20.805+0000] {dag.py:3427} INFO - Setting next_dagrun for example_branch_dop_operator_v3 to 2023-06-30T06:01:00+00:00, run_after=2023-06-30T06:02:00+00:00
[2023-06-30T06:02:20.858+0000] {processor.py:175} INFO - Processing /home/airflow/.local/lib/python3.7/site-packages/airflow/example_dags/example_branch_python_dop_operator_3.py took 0.468 seconds
[2023-06-30T06:02:51.244+0000] {processor.py:153} INFO - Started process (PID=284) to work on /home/airflow/.local/lib/python3.7/site-packages/airflow/example_dags/example_branch_python_dop_operator_3.py
[2023-06-30T06:02:51.246+0000] {processor.py:743} INFO - Processing file /home/airflow/.local/lib/python3.7/site-packages/airflow/example_dags/example_branch_python_dop_operator_3.py for tasks to queue
[2023-06-30T06:02:51.248+0000] {logging_mixin.py:137} INFO - [2023-06-30T06:02:51.248+0000] {dagbag.py:538} INFO - Filling up the DagBag from /home/airflow/.local/lib/python3.7/site-packages/airflow/example_dags/example_branch_python_dop_operator_3.py
[2023-06-30T06:02:51.283+0000] {processor.py:753} INFO - DAG(s) dict_keys(['example_branch_dop_operator_v3']) retrieved from /home/airflow/.local/lib/python3.7/site-packages/airflow/example_dags/example_branch_python_dop_operator_3.py
[2023-06-30T06:02:51.366+0000] {logging_mixin.py:137} INFO - [2023-06-30T06:02:51.366+0000] {dag.py:2676} INFO - Sync 1 DAGs
[2023-06-30T06:02:51.437+0000] {logging_mixin.py:137} INFO - [2023-06-30T06:02:51.437+0000] {dag.py:3427} INFO - Setting next_dagrun for example_branch_dop_operator_v3 to 2023-06-30T06:01:00+00:00, run_after=2023-06-30T06:02:00+00:00
[2023-06-30T06:02:51.480+0000] {processor.py:175} INFO - Processing /home/airflow/.local/lib/python3.7/site-packages/airflow/example_dags/example_branch_python_dop_operator_3.py took 0.240 seconds
[2023-06-30T06:03:22.210+0000] {processor.py:153} INFO - Started process (PID=350) to work on /home/airflow/.local/lib/python3.7/site-packages/airflow/example_dags/example_branch_python_dop_operator_3.py
[2023-06-30T06:03:22.214+0000] {processor.py:743} INFO - Processing file /home/airflow/.local/lib/python3.7/site-packages/airflow/example_dags/example_branch_python_dop_operator_3.py for tasks to queue
[2023-06-30T06:03:22.216+0000] {logging_mixin.py:137} INFO - [2023-06-30T06:03:22.215+0000] {dagbag.py:538} INFO - Filling up the DagBag from /home/airflow/.local/lib/python3.7/site-packages/airflow/example_dags/example_branch_python_dop_operator_3.py
[2023-06-30T06:03:22.253+0000] {processor.py:753} INFO - DAG(s) dict_keys(['example_branch_dop_operator_v3']) retrieved from /home/airflow/.local/lib/python3.7/site-packages/airflow/example_dags/example_branch_python_dop_operator_3.py
[2023-06-30T06:03:22.312+0000] {logging_mixin.py:137} INFO - [2023-06-30T06:03:22.312+0000] {dag.py:2676} INFO - Sync 1 DAGs
[2023-06-30T06:03:22.355+0000] {logging_mixin.py:137} INFO - [2023-06-30T06:03:22.355+0000] {dag.py:3427} INFO - Setting next_dagrun for example_branch_dop_operator_v3 to 2023-06-30T06:02:00+00:00, run_after=2023-06-30T06:03:00+00:00
[2023-06-30T06:03:22.384+0000] {processor.py:175} INFO - Processing /home/airflow/.local/lib/python3.7/site-packages/airflow/example_dags/example_branch_python_dop_operator_3.py took 0.178 seconds
[2023-06-30T06:03:52.637+0000] {processor.py:153} INFO - Started process (PID=430) to work on /home/airflow/.local/lib/python3.7/site-packages/airflow/example_dags/example_branch_python_dop_operator_3.py
[2023-06-30T06:03:52.640+0000] {processor.py:743} INFO - Processing file /home/airflow/.local/lib/python3.7/site-packages/airflow/example_dags/example_branch_python_dop_operator_3.py for tasks to queue
[2023-06-30T06:03:52.642+0000] {logging_mixin.py:137} INFO - [2023-06-30T06:03:52.642+0000] {dagbag.py:538} INFO - Filling up the DagBag from /home/airflow/.local/lib/python3.7/site-packages/airflow/example_dags/example_branch_python_dop_operator_3.py
[2023-06-30T06:03:52.678+0000] {processor.py:753} INFO - DAG(s) dict_keys(['example_branch_dop_operator_v3']) retrieved from /home/airflow/.local/lib/python3.7/site-packages/airflow/example_dags/example_branch_python_dop_operator_3.py
[2023-06-30T06:03:52.727+0000] {logging_mixin.py:137} INFO - [2023-06-30T06:03:52.727+0000] {dag.py:2676} INFO - Sync 1 DAGs
[2023-06-30T06:03:52.770+0000] {logging_mixin.py:137} INFO - [2023-06-30T06:03:52.769+0000] {dag.py:3427} INFO - Setting next_dagrun for example_branch_dop_operator_v3 to 2023-06-30T06:02:00+00:00, run_after=2023-06-30T06:03:00+00:00
[2023-06-30T06:03:52.795+0000] {processor.py:175} INFO - Processing /home/airflow/.local/lib/python3.7/site-packages/airflow/example_dags/example_branch_python_dop_operator_3.py took 0.163 seconds
[2023-06-30T06:04:22.968+0000] {processor.py:153} INFO - Started process (PID=495) to work on /home/airflow/.local/lib/python3.7/site-packages/airflow/example_dags/example_branch_python_dop_operator_3.py
[2023-06-30T06:04:22.971+0000] {processor.py:743} INFO - Processing file /home/airflow/.local/lib/python3.7/site-packages/airflow/example_dags/example_branch_python_dop_operator_3.py for tasks to queue
[2023-06-30T06:04:22.973+0000] {logging_mixin.py:137} INFO - [2023-06-30T06:04:22.973+0000] {dagbag.py:538} INFO - Filling up the DagBag from /home/airflow/.local/lib/python3.7/site-packages/airflow/example_dags/example_branch_python_dop_operator_3.py
[2023-06-30T06:04:23.008+0000] {processor.py:753} INFO - DAG(s) dict_keys(['example_branch_dop_operator_v3']) retrieved from /home/airflow/.local/lib/python3.7/site-packages/airflow/example_dags/example_branch_python_dop_operator_3.py
[2023-06-30T06:04:23.058+0000] {logging_mixin.py:137} INFO - [2023-06-30T06:04:23.057+0000] {dag.py:2676} INFO - Sync 1 DAGs
[2023-06-30T06:04:23.095+0000] {logging_mixin.py:137} INFO - [2023-06-30T06:04:23.095+0000] {dag.py:3427} INFO - Setting next_dagrun for example_branch_dop_operator_v3 to 2023-06-30T06:03:00+00:00, run_after=2023-06-30T06:04:00+00:00
[2023-06-30T06:04:23.116+0000] {processor.py:175} INFO - Processing /home/airflow/.local/lib/python3.7/site-packages/airflow/example_dags/example_branch_python_dop_operator_3.py took 0.153 seconds
[2023-06-30T06:04:53.997+0000] {processor.py:153} INFO - Started process (PID=575) to work on /home/airflow/.local/lib/python3.7/site-packages/airflow/example_dags/example_branch_python_dop_operator_3.py
[2023-06-30T06:04:53.999+0000] {processor.py:743} INFO - Processing file /home/airflow/.local/lib/python3.7/site-packages/airflow/example_dags/example_branch_python_dop_operator_3.py for tasks to queue
[2023-06-30T06:04:54.001+0000] {logging_mixin.py:137} INFO - [2023-06-30T06:04:54.001+0000] {dagbag.py:538} INFO - Filling up the DagBag from /home/airflow/.local/lib/python3.7/site-packages/airflow/example_dags/example_branch_python_dop_operator_3.py
[2023-06-30T06:04:54.033+0000] {processor.py:753} INFO - DAG(s) dict_keys(['example_branch_dop_operator_v3']) retrieved from /home/airflow/.local/lib/python3.7/site-packages/airflow/example_dags/example_branch_python_dop_operator_3.py
[2023-06-30T06:04:54.111+0000] {logging_mixin.py:137} INFO - [2023-06-30T06:04:54.111+0000] {dag.py:2676} INFO - Sync 1 DAGs
[2023-06-30T06:04:54.169+0000] {logging_mixin.py:137} INFO - [2023-06-30T06:04:54.169+0000] {dag.py:3427} INFO - Setting next_dagrun for example_branch_dop_operator_v3 to 2023-06-30T06:03:00+00:00, run_after=2023-06-30T06:04:00+00:00
[2023-06-30T06:04:54.199+0000] {processor.py:175} INFO - Processing /home/airflow/.local/lib/python3.7/site-packages/airflow/example_dags/example_branch_python_dop_operator_3.py took 0.206 seconds
[2023-06-30T06:05:25.225+0000] {processor.py:153} INFO - Started process (PID=641) to work on /home/airflow/.local/lib/python3.7/site-packages/airflow/example_dags/example_branch_python_dop_operator_3.py
[2023-06-30T06:05:25.228+0000] {processor.py:743} INFO - Processing file /home/airflow/.local/lib/python3.7/site-packages/airflow/example_dags/example_branch_python_dop_operator_3.py for tasks to queue
[2023-06-30T06:05:25.231+0000] {logging_mixin.py:137} INFO - [2023-06-30T06:05:25.231+0000] {dagbag.py:538} INFO - Filling up the DagBag from /home/airflow/.local/lib/python3.7/site-packages/airflow/example_dags/example_branch_python_dop_operator_3.py
[2023-06-30T06:05:25.269+0000] {processor.py:753} INFO - DAG(s) dict_keys(['example_branch_dop_operator_v3']) retrieved from /home/airflow/.local/lib/python3.7/site-packages/airflow/example_dags/example_branch_python_dop_operator_3.py
[2023-06-30T06:05:25.322+0000] {logging_mixin.py:137} INFO - [2023-06-30T06:05:25.322+0000] {dag.py:2676} INFO - Sync 1 DAGs
[2023-06-30T06:05:25.364+0000] {logging_mixin.py:137} INFO - [2023-06-30T06:05:25.364+0000] {dag.py:3427} INFO - Setting next_dagrun for example_branch_dop_operator_v3 to 2023-06-30T06:04:00+00:00, run_after=2023-06-30T06:05:00+00:00
[2023-06-30T06:05:25.393+0000] {processor.py:175} INFO - Processing /home/airflow/.local/lib/python3.7/site-packages/airflow/example_dags/example_branch_python_dop_operator_3.py took 0.173 seconds
[2023-06-30T06:05:55.449+0000] {processor.py:153} INFO - Started process (PID=707) to work on /home/airflow/.local/lib/python3.7/site-packages/airflow/example_dags/example_branch_python_dop_operator_3.py
[2023-06-30T06:05:55.451+0000] {processor.py:743} INFO - Processing file /home/airflow/.local/lib/python3.7/site-packages/airflow/example_dags/example_branch_python_dop_operator_3.py for tasks to queue
[2023-06-30T06:05:55.453+0000] {logging_mixin.py:137} INFO - [2023-06-30T06:05:55.453+0000] {dagbag.py:538} INFO - Filling up the DagBag from /home/airflow/.local/lib/python3.7/site-packages/airflow/example_dags/example_branch_python_dop_operator_3.py
[2023-06-30T06:05:55.488+0000] {processor.py:753} INFO - DAG(s) dict_keys(['example_branch_dop_operator_v3']) retrieved from /home/airflow/.local/lib/python3.7/site-packages/airflow/example_dags/example_branch_python_dop_operator_3.py
[2023-06-30T06:05:55.550+0000] {logging_mixin.py:137} INFO - [2023-06-30T06:05:55.549+0000] {dag.py:2676} INFO - Sync 1 DAGs
[2023-06-30T06:05:55.605+0000] {logging_mixin.py:137} INFO - [2023-06-30T06:05:55.605+0000] {dag.py:3427} INFO - Setting next_dagrun for example_branch_dop_operator_v3 to 2023-06-30T06:04:00+00:00, run_after=2023-06-30T06:05:00+00:00
[2023-06-30T06:05:55.636+0000] {processor.py:175} INFO - Processing /home/airflow/.local/lib/python3.7/site-packages/airflow/example_dags/example_branch_python_dop_operator_3.py took 0.192 seconds
[2023-06-30T06:06:25.772+0000] {processor.py:153} INFO - Started process (PID=788) to work on /home/airflow/.local/lib/python3.7/site-packages/airflow/example_dags/example_branch_python_dop_operator_3.py
[2023-06-30T06:06:25.774+0000] {processor.py:743} INFO - Processing file /home/airflow/.local/lib/python3.7/site-packages/airflow/example_dags/example_branch_python_dop_operator_3.py for tasks to queue
[2023-06-30T06:06:25.776+0000] {logging_mixin.py:137} INFO - [2023-06-30T06:06:25.776+0000] {dagbag.py:538} INFO - Filling up the DagBag from /home/airflow/.local/lib/python3.7/site-packages/airflow/example_dags/example_branch_python_dop_operator_3.py
[2023-06-30T06:06:25.811+0000] {processor.py:753} INFO - DAG(s) dict_keys(['example_branch_dop_operator_v3']) retrieved from /home/airflow/.local/lib/python3.7/site-packages/airflow/example_dags/example_branch_python_dop_operator_3.py
[2023-06-30T06:06:25.862+0000] {logging_mixin.py:137} INFO - [2023-06-30T06:06:25.862+0000] {dag.py:2676} INFO - Sync 1 DAGs
[2023-06-30T06:06:25.902+0000] {logging_mixin.py:137} INFO - [2023-06-30T06:06:25.902+0000] {dag.py:3427} INFO - Setting next_dagrun for example_branch_dop_operator_v3 to 2023-06-30T06:05:00+00:00, run_after=2023-06-30T06:06:00+00:00
[2023-06-30T06:06:25.929+0000] {processor.py:175} INFO - Processing /home/airflow/.local/lib/python3.7/site-packages/airflow/example_dags/example_branch_python_dop_operator_3.py took 0.162 seconds
[2023-06-30T06:06:56.089+0000] {processor.py:153} INFO - Started process (PID=854) to work on /home/airflow/.local/lib/python3.7/site-packages/airflow/example_dags/example_branch_python_dop_operator_3.py
[2023-06-30T06:06:56.092+0000] {processor.py:743} INFO - Processing file /home/airflow/.local/lib/python3.7/site-packages/airflow/example_dags/example_branch_python_dop_operator_3.py for tasks to queue
[2023-06-30T06:06:56.094+0000] {logging_mixin.py:137} INFO - [2023-06-30T06:06:56.094+0000] {dagbag.py:538} INFO - Filling up the DagBag from /home/airflow/.local/lib/python3.7/site-packages/airflow/example_dags/example_branch_python_dop_operator_3.py
[2023-06-30T06:06:56.128+0000] {processor.py:753} INFO - DAG(s) dict_keys(['example_branch_dop_operator_v3']) retrieved from /home/airflow/.local/lib/python3.7/site-packages/airflow/example_dags/example_branch_python_dop_operator_3.py
[2023-06-30T06:06:56.177+0000] {logging_mixin.py:137} INFO - [2023-06-30T06:06:56.177+0000] {dag.py:2676} INFO - Sync 1 DAGs
[2023-06-30T06:06:56.217+0000] {logging_mixin.py:137} INFO - [2023-06-30T06:06:56.217+0000] {dag.py:3427} INFO - Setting next_dagrun for example_branch_dop_operator_v3 to 2023-06-30T06:05:00+00:00, run_after=2023-06-30T06:06:00+00:00
[2023-06-30T06:06:56.238+0000] {processor.py:175} INFO - Processing /home/airflow/.local/lib/python3.7/site-packages/airflow/example_dags/example_branch_python_dop_operator_3.py took 0.154 seconds
[2023-06-30T06:07:26.543+0000] {processor.py:153} INFO - Started process (PID=929) to work on /home/airflow/.local/lib/python3.7/site-packages/airflow/example_dags/example_branch_python_dop_operator_3.py
[2023-06-30T06:07:26.546+0000] {processor.py:743} INFO - Processing file /home/airflow/.local/lib/python3.7/site-packages/airflow/example_dags/example_branch_python_dop_operator_3.py for tasks to queue
[2023-06-30T06:07:26.548+0000] {logging_mixin.py:137} INFO - [2023-06-30T06:07:26.548+0000] {dagbag.py:538} INFO - Filling up the DagBag from /home/airflow/.local/lib/python3.7/site-packages/airflow/example_dags/example_branch_python_dop_operator_3.py
[2023-06-30T06:07:26.591+0000] {processor.py:753} INFO - DAG(s) dict_keys(['example_branch_dop_operator_v3']) retrieved from /home/airflow/.local/lib/python3.7/site-packages/airflow/example_dags/example_branch_python_dop_operator_3.py
[2023-06-30T06:07:26.650+0000] {logging_mixin.py:137} INFO - [2023-06-30T06:07:26.650+0000] {dag.py:2676} INFO - Sync 1 DAGs
[2023-06-30T06:07:26.701+0000] {logging_mixin.py:137} INFO - [2023-06-30T06:07:26.701+0000] {dag.py:3427} INFO - Setting next_dagrun for example_branch_dop_operator_v3 to 2023-06-30T06:06:00+00:00, run_after=2023-06-30T06:07:00+00:00
[2023-06-30T06:07:26.747+0000] {processor.py:175} INFO - Processing /home/airflow/.local/lib/python3.7/site-packages/airflow/example_dags/example_branch_python_dop_operator_3.py took 0.210 seconds
[2023-06-30T06:07:56.901+0000] {processor.py:153} INFO - Started process (PID=1000) to work on /home/airflow/.local/lib/python3.7/site-packages/airflow/example_dags/example_branch_python_dop_operator_3.py
[2023-06-30T06:07:56.903+0000] {processor.py:743} INFO - Processing file /home/airflow/.local/lib/python3.7/site-packages/airflow/example_dags/example_branch_python_dop_operator_3.py for tasks to queue
[2023-06-30T06:07:56.905+0000] {logging_mixin.py:137} INFO - [2023-06-30T06:07:56.905+0000] {dagbag.py:538} INFO - Filling up the DagBag from /home/airflow/.local/lib/python3.7/site-packages/airflow/example_dags/example_branch_python_dop_operator_3.py
[2023-06-30T06:07:56.944+0000] {processor.py:753} INFO - DAG(s) dict_keys(['example_branch_dop_operator_v3']) retrieved from /home/airflow/.local/lib/python3.7/site-packages/airflow/example_dags/example_branch_python_dop_operator_3.py
[2023-06-30T06:07:56.976+0000] {logging_mixin.py:137} INFO - [2023-06-30T06:07:56.975+0000] {dag.py:2676} INFO - Sync 1 DAGs
[2023-06-30T06:07:57.016+0000] {logging_mixin.py:137} INFO - [2023-06-30T06:07:57.016+0000] {dag.py:3427} INFO - Setting next_dagrun for example_branch_dop_operator_v3 to 2023-06-30T06:06:00+00:00, run_after=2023-06-30T06:07:00+00:00
[2023-06-30T06:07:57.036+0000] {processor.py:175} INFO - Processing /home/airflow/.local/lib/python3.7/site-packages/airflow/example_dags/example_branch_python_dop_operator_3.py took 0.139 seconds
[2023-06-30T06:08:27.155+0000] {processor.py:153} INFO - Started process (PID=1065) to work on /home/airflow/.local/lib/python3.7/site-packages/airflow/example_dags/example_branch_python_dop_operator_3.py
[2023-06-30T06:08:27.159+0000] {processor.py:743} INFO - Processing file /home/airflow/.local/lib/python3.7/site-packages/airflow/example_dags/example_branch_python_dop_operator_3.py for tasks to queue
[2023-06-30T06:08:27.162+0000] {logging_mixin.py:137} INFO - [2023-06-30T06:08:27.162+0000] {dagbag.py:538} INFO - Filling up the DagBag from /home/airflow/.local/lib/python3.7/site-packages/airflow/example_dags/example_branch_python_dop_operator_3.py
[2023-06-30T06:08:27.209+0000] {processor.py:753} INFO - DAG(s) dict_keys(['example_branch_dop_operator_v3']) retrieved from /home/airflow/.local/lib/python3.7/site-packages/airflow/example_dags/example_branch_python_dop_operator_3.py
[2023-06-30T06:08:27.301+0000] {logging_mixin.py:137} INFO - [2023-06-30T06:08:27.300+0000] {dag.py:2676} INFO - Sync 1 DAGs
[2023-06-30T06:08:27.373+0000] {logging_mixin.py:137} INFO - [2023-06-30T06:08:27.373+0000] {dag.py:3427} INFO - Setting next_dagrun for example_branch_dop_operator_v3 to 2023-06-30T06:07:00+00:00, run_after=2023-06-30T06:08:00+00:00
[2023-06-30T06:08:27.400+0000] {processor.py:175} INFO - Processing /home/airflow/.local/lib/python3.7/site-packages/airflow/example_dags/example_branch_python_dop_operator_3.py took 0.250 seconds
[2023-06-30T06:08:57.543+0000] {processor.py:153} INFO - Started process (PID=1140) to work on /home/airflow/.local/lib/python3.7/site-packages/airflow/example_dags/example_branch_python_dop_operator_3.py
[2023-06-30T06:08:57.546+0000] {processor.py:743} INFO - Processing file /home/airflow/.local/lib/python3.7/site-packages/airflow/example_dags/example_branch_python_dop_operator_3.py for tasks to queue
[2023-06-30T06:08:57.549+0000] {logging_mixin.py:137} INFO - [2023-06-30T06:08:57.549+0000] {dagbag.py:538} INFO - Filling up the DagBag from /home/airflow/.local/lib/python3.7/site-packages/airflow/example_dags/example_branch_python_dop_operator_3.py
[2023-06-30T06:08:57.602+0000] {processor.py:753} INFO - DAG(s) dict_keys(['example_branch_dop_operator_v3']) retrieved from /home/airflow/.local/lib/python3.7/site-packages/airflow/example_dags/example_branch_python_dop_operator_3.py
[2023-06-30T06:08:57.664+0000] {logging_mixin.py:137} INFO - [2023-06-30T06:08:57.664+0000] {dag.py:2676} INFO - Sync 1 DAGs
[2023-06-30T06:08:57.746+0000] {logging_mixin.py:137} INFO - [2023-06-30T06:08:57.746+0000] {dag.py:3427} INFO - Setting next_dagrun for example_branch_dop_operator_v3 to 2023-06-30T06:07:00+00:00, run_after=2023-06-30T06:08:00+00:00
[2023-06-30T06:08:57.795+0000] {processor.py:175} INFO - Processing /home/airflow/.local/lib/python3.7/site-packages/airflow/example_dags/example_branch_python_dop_operator_3.py took 0.260 seconds
[2023-06-30T06:09:27.961+0000] {processor.py:153} INFO - Started process (PID=1211) to work on /home/airflow/.local/lib/python3.7/site-packages/airflow/example_dags/example_branch_python_dop_operator_3.py
[2023-06-30T06:09:27.964+0000] {processor.py:743} INFO - Processing file /home/airflow/.local/lib/python3.7/site-packages/airflow/example_dags/example_branch_python_dop_operator_3.py for tasks to queue
[2023-06-30T06:09:27.965+0000] {logging_mixin.py:137} INFO - [2023-06-30T06:09:27.965+0000] {dagbag.py:538} INFO - Filling up the DagBag from /home/airflow/.local/lib/python3.7/site-packages/airflow/example_dags/example_branch_python_dop_operator_3.py
[2023-06-30T06:09:28.003+0000] {processor.py:753} INFO - DAG(s) dict_keys(['example_branch_dop_operator_v3']) retrieved from /home/airflow/.local/lib/python3.7/site-packages/airflow/example_dags/example_branch_python_dop_operator_3.py
[2023-06-30T06:09:28.061+0000] {logging_mixin.py:137} INFO - [2023-06-30T06:09:28.061+0000] {dag.py:2676} INFO - Sync 1 DAGs
[2023-06-30T06:09:28.106+0000] {logging_mixin.py:137} INFO - [2023-06-30T06:09:28.106+0000] {dag.py:3427} INFO - Setting next_dagrun for example_branch_dop_operator_v3 to 2023-06-30T06:08:00+00:00, run_after=2023-06-30T06:09:00+00:00
[2023-06-30T06:09:28.136+0000] {processor.py:175} INFO - Processing /home/airflow/.local/lib/python3.7/site-packages/airflow/example_dags/example_branch_python_dop_operator_3.py took 0.180 seconds
[2023-06-30T06:09:58.453+0000] {processor.py:153} INFO - Started process (PID=1277) to work on /home/airflow/.local/lib/python3.7/site-packages/airflow/example_dags/example_branch_python_dop_operator_3.py
[2023-06-30T06:09:58.459+0000] {processor.py:743} INFO - Processing file /home/airflow/.local/lib/python3.7/site-packages/airflow/example_dags/example_branch_python_dop_operator_3.py for tasks to queue
[2023-06-30T06:09:58.464+0000] {logging_mixin.py:137} INFO - [2023-06-30T06:09:58.463+0000] {dagbag.py:538} INFO - Filling up the DagBag from /home/airflow/.local/lib/python3.7/site-packages/airflow/example_dags/example_branch_python_dop_operator_3.py
[2023-06-30T06:09:58.517+0000] {processor.py:753} INFO - DAG(s) dict_keys(['example_branch_dop_operator_v3']) retrieved from /home/airflow/.local/lib/python3.7/site-packages/airflow/example_dags/example_branch_python_dop_operator_3.py
[2023-06-30T06:09:58.594+0000] {logging_mixin.py:137} INFO - [2023-06-30T06:09:58.594+0000] {dag.py:2676} INFO - Sync 1 DAGs
[2023-06-30T06:09:58.665+0000] {logging_mixin.py:137} INFO - [2023-06-30T06:09:58.665+0000] {dag.py:3427} INFO - Setting next_dagrun for example_branch_dop_operator_v3 to 2023-06-30T06:08:00+00:00, run_after=2023-06-30T06:09:00+00:00
[2023-06-30T06:09:58.697+0000] {processor.py:175} INFO - Processing /home/airflow/.local/lib/python3.7/site-packages/airflow/example_dags/example_branch_python_dop_operator_3.py took 0.258 seconds
[2023-06-30T06:10:28.780+0000] {processor.py:153} INFO - Started process (PID=1357) to work on /home/airflow/.local/lib/python3.7/site-packages/airflow/example_dags/example_branch_python_dop_operator_3.py
[2023-06-30T06:10:28.782+0000] {processor.py:743} INFO - Processing file /home/airflow/.local/lib/python3.7/site-packages/airflow/example_dags/example_branch_python_dop_operator_3.py for tasks to queue
[2023-06-30T06:10:28.784+0000] {logging_mixin.py:137} INFO - [2023-06-30T06:10:28.783+0000] {dagbag.py:538} INFO - Filling up the DagBag from /home/airflow/.local/lib/python3.7/site-packages/airflow/example_dags/example_branch_python_dop_operator_3.py
[2023-06-30T06:10:28.814+0000] {processor.py:753} INFO - DAG(s) dict_keys(['example_branch_dop_operator_v3']) retrieved from /home/airflow/.local/lib/python3.7/site-packages/airflow/example_dags/example_branch_python_dop_operator_3.py
[2023-06-30T06:10:28.864+0000] {logging_mixin.py:137} INFO - [2023-06-30T06:10:28.864+0000] {dag.py:2676} INFO - Sync 1 DAGs
[2023-06-30T06:10:28.905+0000] {logging_mixin.py:137} INFO - [2023-06-30T06:10:28.905+0000] {dag.py:3427} INFO - Setting next_dagrun for example_branch_dop_operator_v3 to 2023-06-30T06:09:00+00:00, run_after=2023-06-30T06:10:00+00:00
[2023-06-30T06:10:28.932+0000] {processor.py:175} INFO - Processing /home/airflow/.local/lib/python3.7/site-packages/airflow/example_dags/example_branch_python_dop_operator_3.py took 0.157 seconds
[2023-06-30T06:10:59.062+0000] {processor.py:153} INFO - Started process (PID=1423) to work on /home/airflow/.local/lib/python3.7/site-packages/airflow/example_dags/example_branch_python_dop_operator_3.py
[2023-06-30T06:10:59.066+0000] {processor.py:743} INFO - Processing file /home/airflow/.local/lib/python3.7/site-packages/airflow/example_dags/example_branch_python_dop_operator_3.py for tasks to queue
[2023-06-30T06:10:59.070+0000] {logging_mixin.py:137} INFO - [2023-06-30T06:10:59.069+0000] {dagbag.py:538} INFO - Filling up the DagBag from /home/airflow/.local/lib/python3.7/site-packages/airflow/example_dags/example_branch_python_dop_operator_3.py
[2023-06-30T06:10:59.115+0000] {processor.py:753} INFO - DAG(s) dict_keys(['example_branch_dop_operator_v3']) retrieved from /home/airflow/.local/lib/python3.7/site-packages/airflow/example_dags/example_branch_python_dop_operator_3.py
[2023-06-30T06:10:59.206+0000] {logging_mixin.py:137} INFO - [2023-06-30T06:10:59.205+0000] {dag.py:2676} INFO - Sync 1 DAGs
[2023-06-30T06:10:59.263+0000] {logging_mixin.py:137} INFO - [2023-06-30T06:10:59.263+0000] {dag.py:3427} INFO - Setting next_dagrun for example_branch_dop_operator_v3 to 2023-06-30T06:09:00+00:00, run_after=2023-06-30T06:10:00+00:00
[2023-06-30T06:10:59.299+0000] {processor.py:175} INFO - Processing /home/airflow/.local/lib/python3.7/site-packages/airflow/example_dags/example_branch_python_dop_operator_3.py took 0.244 seconds
[2023-06-30T06:11:29.597+0000] {processor.py:153} INFO - Started process (PID=1489) to work on /home/airflow/.local/lib/python3.7/site-packages/airflow/example_dags/example_branch_python_dop_operator_3.py
[2023-06-30T06:11:29.600+0000] {processor.py:743} INFO - Processing file /home/airflow/.local/lib/python3.7/site-packages/airflow/example_dags/example_branch_python_dop_operator_3.py for tasks to queue
[2023-06-30T06:11:29.602+0000] {logging_mixin.py:137} INFO - [2023-06-30T06:11:29.602+0000] {dagbag.py:538} INFO - Filling up the DagBag from /home/airflow/.local/lib/python3.7/site-packages/airflow/example_dags/example_branch_python_dop_operator_3.py
[2023-06-30T06:11:29.639+0000] {processor.py:753} INFO - DAG(s) dict_keys(['example_branch_dop_operator_v3']) retrieved from /home/airflow/.local/lib/python3.7/site-packages/airflow/example_dags/example_branch_python_dop_operator_3.py
[2023-06-30T06:11:29.693+0000] {logging_mixin.py:137} INFO - [2023-06-30T06:11:29.692+0000] {dag.py:2676} INFO - Sync 1 DAGs
[2023-06-30T06:11:29.736+0000] {logging_mixin.py:137} INFO - [2023-06-30T06:11:29.736+0000] {dag.py:3427} INFO - Setting next_dagrun for example_branch_dop_operator_v3 to 2023-06-30T06:10:00+00:00, run_after=2023-06-30T06:11:00+00:00
[2023-06-30T06:11:29.763+0000] {processor.py:175} INFO - Processing /home/airflow/.local/lib/python3.7/site-packages/airflow/example_dags/example_branch_python_dop_operator_3.py took 0.171 seconds
[2023-06-30T06:11:59.961+0000] {processor.py:153} INFO - Started process (PID=1569) to work on /home/airflow/.local/lib/python3.7/site-packages/airflow/example_dags/example_branch_python_dop_operator_3.py
[2023-06-30T06:11:59.963+0000] {processor.py:743} INFO - Processing file /home/airflow/.local/lib/python3.7/site-packages/airflow/example_dags/example_branch_python_dop_operator_3.py for tasks to queue
[2023-06-30T06:11:59.965+0000] {logging_mixin.py:137} INFO - [2023-06-30T06:11:59.965+0000] {dagbag.py:538} INFO - Filling up the DagBag from /home/airflow/.local/lib/python3.7/site-packages/airflow/example_dags/example_branch_python_dop_operator_3.py
[2023-06-30T06:12:00.003+0000] {processor.py:753} INFO - DAG(s) dict_keys(['example_branch_dop_operator_v3']) retrieved from /home/airflow/.local/lib/python3.7/site-packages/airflow/example_dags/example_branch_python_dop_operator_3.py
[2023-06-30T06:12:00.061+0000] {logging_mixin.py:137} INFO - [2023-06-30T06:12:00.060+0000] {dag.py:2676} INFO - Sync 1 DAGs
[2023-06-30T06:12:00.106+0000] {logging_mixin.py:137} INFO - [2023-06-30T06:12:00.106+0000] {dag.py:3427} INFO - Setting next_dagrun for example_branch_dop_operator_v3 to 2023-06-30T06:11:00+00:00, run_after=2023-06-30T06:12:00+00:00
[2023-06-30T06:12:00.134+0000] {processor.py:175} INFO - Processing /home/airflow/.local/lib/python3.7/site-packages/airflow/example_dags/example_branch_python_dop_operator_3.py took 0.178 seconds
[2023-06-30T06:12:30.537+0000] {processor.py:153} INFO - Started process (PID=1635) to work on /home/airflow/.local/lib/python3.7/site-packages/airflow/example_dags/example_branch_python_dop_operator_3.py
[2023-06-30T06:12:30.540+0000] {processor.py:743} INFO - Processing file /home/airflow/.local/lib/python3.7/site-packages/airflow/example_dags/example_branch_python_dop_operator_3.py for tasks to queue
[2023-06-30T06:12:30.543+0000] {logging_mixin.py:137} INFO - [2023-06-30T06:12:30.542+0000] {dagbag.py:538} INFO - Filling up the DagBag from /home/airflow/.local/lib/python3.7/site-packages/airflow/example_dags/example_branch_python_dop_operator_3.py
[2023-06-30T06:12:30.598+0000] {processor.py:753} INFO - DAG(s) dict_keys(['example_branch_dop_operator_v3']) retrieved from /home/airflow/.local/lib/python3.7/site-packages/airflow/example_dags/example_branch_python_dop_operator_3.py
[2023-06-30T06:12:30.733+0000] {logging_mixin.py:137} INFO - [2023-06-30T06:12:30.732+0000] {dag.py:2676} INFO - Sync 1 DAGs
[2023-06-30T06:12:30.847+0000] {logging_mixin.py:137} INFO - [2023-06-30T06:12:30.846+0000] {dag.py:3427} INFO - Setting next_dagrun for example_branch_dop_operator_v3 to 2023-06-30T06:11:00+00:00, run_after=2023-06-30T06:12:00+00:00
[2023-06-30T06:12:30.878+0000] {processor.py:175} INFO - Processing /home/airflow/.local/lib/python3.7/site-packages/airflow/example_dags/example_branch_python_dop_operator_3.py took 0.351 seconds
[2023-06-30T06:13:01.184+0000] {processor.py:153} INFO - Started process (PID=1710) to work on /home/airflow/.local/lib/python3.7/site-packages/airflow/example_dags/example_branch_python_dop_operator_3.py
[2023-06-30T06:13:01.187+0000] {processor.py:743} INFO - Processing file /home/airflow/.local/lib/python3.7/site-packages/airflow/example_dags/example_branch_python_dop_operator_3.py for tasks to queue
[2023-06-30T06:13:01.190+0000] {logging_mixin.py:137} INFO - [2023-06-30T06:13:01.190+0000] {dagbag.py:538} INFO - Filling up the DagBag from /home/airflow/.local/lib/python3.7/site-packages/airflow/example_dags/example_branch_python_dop_operator_3.py
[2023-06-30T06:13:01.238+0000] {processor.py:753} INFO - DAG(s) dict_keys(['example_branch_dop_operator_v3']) retrieved from /home/airflow/.local/lib/python3.7/site-packages/airflow/example_dags/example_branch_python_dop_operator_3.py
[2023-06-30T06:13:01.307+0000] {logging_mixin.py:137} INFO - [2023-06-30T06:13:01.307+0000] {dag.py:2676} INFO - Sync 1 DAGs
[2023-06-30T06:13:01.357+0000] {logging_mixin.py:137} INFO - [2023-06-30T06:13:01.357+0000] {dag.py:3427} INFO - Setting next_dagrun for example_branch_dop_operator_v3 to 2023-06-30T06:12:00+00:00, run_after=2023-06-30T06:13:00+00:00
[2023-06-30T06:13:01.388+0000] {processor.py:175} INFO - Processing /home/airflow/.local/lib/python3.7/site-packages/airflow/example_dags/example_branch_python_dop_operator_3.py took 0.210 seconds
[2023-06-30T06:13:31.795+0000] {processor.py:153} INFO - Started process (PID=1781) to work on /home/airflow/.local/lib/python3.7/site-packages/airflow/example_dags/example_branch_python_dop_operator_3.py
[2023-06-30T06:13:31.798+0000] {processor.py:743} INFO - Processing file /home/airflow/.local/lib/python3.7/site-packages/airflow/example_dags/example_branch_python_dop_operator_3.py for tasks to queue
[2023-06-30T06:13:31.800+0000] {logging_mixin.py:137} INFO - [2023-06-30T06:13:31.800+0000] {dagbag.py:538} INFO - Filling up the DagBag from /home/airflow/.local/lib/python3.7/site-packages/airflow/example_dags/example_branch_python_dop_operator_3.py
[2023-06-30T06:13:31.839+0000] {processor.py:753} INFO - DAG(s) dict_keys(['example_branch_dop_operator_v3']) retrieved from /home/airflow/.local/lib/python3.7/site-packages/airflow/example_dags/example_branch_python_dop_operator_3.py
[2023-06-30T06:13:31.891+0000] {logging_mixin.py:137} INFO - [2023-06-30T06:13:31.890+0000] {dag.py:2676} INFO - Sync 1 DAGs
[2023-06-30T06:13:31.931+0000] {logging_mixin.py:137} INFO - [2023-06-30T06:13:31.930+0000] {dag.py:3427} INFO - Setting next_dagrun for example_branch_dop_operator_v3 to 2023-06-30T06:12:00+00:00, run_after=2023-06-30T06:13:00+00:00
[2023-06-30T06:13:31.975+0000] {processor.py:175} INFO - Processing /home/airflow/.local/lib/python3.7/site-packages/airflow/example_dags/example_branch_python_dop_operator_3.py took 0.186 seconds
[2023-06-30T06:14:02.414+0000] {processor.py:153} INFO - Started process (PID=1847) to work on /home/airflow/.local/lib/python3.7/site-packages/airflow/example_dags/example_branch_python_dop_operator_3.py
[2023-06-30T06:14:02.418+0000] {processor.py:743} INFO - Processing file /home/airflow/.local/lib/python3.7/site-packages/airflow/example_dags/example_branch_python_dop_operator_3.py for tasks to queue
[2023-06-30T06:14:02.419+0000] {logging_mixin.py:137} INFO - [2023-06-30T06:14:02.419+0000] {dagbag.py:538} INFO - Filling up the DagBag from /home/airflow/.local/lib/python3.7/site-packages/airflow/example_dags/example_branch_python_dop_operator_3.py
[2023-06-30T06:14:02.458+0000] {processor.py:753} INFO - DAG(s) dict_keys(['example_branch_dop_operator_v3']) retrieved from /home/airflow/.local/lib/python3.7/site-packages/airflow/example_dags/example_branch_python_dop_operator_3.py
[2023-06-30T06:14:02.510+0000] {logging_mixin.py:137} INFO - [2023-06-30T06:14:02.510+0000] {dag.py:2676} INFO - Sync 1 DAGs
[2023-06-30T06:14:02.552+0000] {logging_mixin.py:137} INFO - [2023-06-30T06:14:02.552+0000] {dag.py:3427} INFO - Setting next_dagrun for example_branch_dop_operator_v3 to 2023-06-30T06:13:00+00:00, run_after=2023-06-30T06:14:00+00:00
[2023-06-30T06:14:02.577+0000] {processor.py:175} INFO - Processing /home/airflow/.local/lib/python3.7/site-packages/airflow/example_dags/example_branch_python_dop_operator_3.py took 0.169 seconds
[2023-06-30T06:14:33.180+0000] {processor.py:153} INFO - Started process (PID=1927) to work on /home/airflow/.local/lib/python3.7/site-packages/airflow/example_dags/example_branch_python_dop_operator_3.py
[2023-06-30T06:14:33.182+0000] {processor.py:743} INFO - Processing file /home/airflow/.local/lib/python3.7/site-packages/airflow/example_dags/example_branch_python_dop_operator_3.py for tasks to queue
[2023-06-30T06:14:33.184+0000] {logging_mixin.py:137} INFO - [2023-06-30T06:14:33.184+0000] {dagbag.py:538} INFO - Filling up the DagBag from /home/airflow/.local/lib/python3.7/site-packages/airflow/example_dags/example_branch_python_dop_operator_3.py
[2023-06-30T06:14:33.220+0000] {processor.py:753} INFO - DAG(s) dict_keys(['example_branch_dop_operator_v3']) retrieved from /home/airflow/.local/lib/python3.7/site-packages/airflow/example_dags/example_branch_python_dop_operator_3.py
[2023-06-30T06:14:33.281+0000] {logging_mixin.py:137} INFO - [2023-06-30T06:14:33.281+0000] {dag.py:2676} INFO - Sync 1 DAGs
[2023-06-30T06:14:33.410+0000] {logging_mixin.py:137} INFO - [2023-06-30T06:14:33.410+0000] {dag.py:3427} INFO - Setting next_dagrun for example_branch_dop_operator_v3 to 2023-06-30T06:13:00+00:00, run_after=2023-06-30T06:14:00+00:00
[2023-06-30T06:14:33.447+0000] {processor.py:175} INFO - Processing /home/airflow/.local/lib/python3.7/site-packages/airflow/example_dags/example_branch_python_dop_operator_3.py took 0.272 seconds
[2023-06-30T06:15:03.999+0000] {processor.py:153} INFO - Started process (PID=1993) to work on /home/airflow/.local/lib/python3.7/site-packages/airflow/example_dags/example_branch_python_dop_operator_3.py
[2023-06-30T06:15:04.001+0000] {processor.py:743} INFO - Processing file /home/airflow/.local/lib/python3.7/site-packages/airflow/example_dags/example_branch_python_dop_operator_3.py for tasks to queue
[2023-06-30T06:15:04.003+0000] {logging_mixin.py:137} INFO - [2023-06-30T06:15:04.003+0000] {dagbag.py:538} INFO - Filling up the DagBag from /home/airflow/.local/lib/python3.7/site-packages/airflow/example_dags/example_branch_python_dop_operator_3.py
[2023-06-30T06:15:04.043+0000] {processor.py:753} INFO - DAG(s) dict_keys(['example_branch_dop_operator_v3']) retrieved from /home/airflow/.local/lib/python3.7/site-packages/airflow/example_dags/example_branch_python_dop_operator_3.py
[2023-06-30T06:15:04.115+0000] {logging_mixin.py:137} INFO - [2023-06-30T06:15:04.115+0000] {dag.py:2676} INFO - Sync 1 DAGs
[2023-06-30T06:15:04.154+0000] {logging_mixin.py:137} INFO - [2023-06-30T06:15:04.154+0000] {dag.py:3427} INFO - Setting next_dagrun for example_branch_dop_operator_v3 to 2023-06-30T06:14:00+00:00, run_after=2023-06-30T06:15:00+00:00
[2023-06-30T06:15:04.175+0000] {processor.py:175} INFO - Processing /home/airflow/.local/lib/python3.7/site-packages/airflow/example_dags/example_branch_python_dop_operator_3.py took 0.183 seconds
[2023-06-30T06:15:34.382+0000] {processor.py:153} INFO - Started process (PID=2059) to work on /home/airflow/.local/lib/python3.7/site-packages/airflow/example_dags/example_branch_python_dop_operator_3.py
[2023-06-30T06:15:34.385+0000] {processor.py:743} INFO - Processing file /home/airflow/.local/lib/python3.7/site-packages/airflow/example_dags/example_branch_python_dop_operator_3.py for tasks to queue
[2023-06-30T06:15:34.388+0000] {logging_mixin.py:137} INFO - [2023-06-30T06:15:34.388+0000] {dagbag.py:538} INFO - Filling up the DagBag from /home/airflow/.local/lib/python3.7/site-packages/airflow/example_dags/example_branch_python_dop_operator_3.py
[2023-06-30T06:15:34.424+0000] {processor.py:753} INFO - DAG(s) dict_keys(['example_branch_dop_operator_v3']) retrieved from /home/airflow/.local/lib/python3.7/site-packages/airflow/example_dags/example_branch_python_dop_operator_3.py
[2023-06-30T06:15:34.464+0000] {logging_mixin.py:137} INFO - [2023-06-30T06:15:34.463+0000] {dag.py:2676} INFO - Sync 1 DAGs
[2023-06-30T06:15:34.513+0000] {logging_mixin.py:137} INFO - [2023-06-30T06:15:34.513+0000] {dag.py:3427} INFO - Setting next_dagrun for example_branch_dop_operator_v3 to 2023-06-30T06:14:00+00:00, run_after=2023-06-30T06:15:00+00:00
[2023-06-30T06:15:34.576+0000] {processor.py:175} INFO - Processing /home/airflow/.local/lib/python3.7/site-packages/airflow/example_dags/example_branch_python_dop_operator_3.py took 0.200 seconds
[2023-06-30T06:16:04.810+0000] {processor.py:153} INFO - Started process (PID=2139) to work on /home/airflow/.local/lib/python3.7/site-packages/airflow/example_dags/example_branch_python_dop_operator_3.py
[2023-06-30T06:16:04.813+0000] {processor.py:743} INFO - Processing file /home/airflow/.local/lib/python3.7/site-packages/airflow/example_dags/example_branch_python_dop_operator_3.py for tasks to queue
[2023-06-30T06:16:04.815+0000] {logging_mixin.py:137} INFO - [2023-06-30T06:16:04.815+0000] {dagbag.py:538} INFO - Filling up the DagBag from /home/airflow/.local/lib/python3.7/site-packages/airflow/example_dags/example_branch_python_dop_operator_3.py
[2023-06-30T06:16:04.856+0000] {processor.py:753} INFO - DAG(s) dict_keys(['example_branch_dop_operator_v3']) retrieved from /home/airflow/.local/lib/python3.7/site-packages/airflow/example_dags/example_branch_python_dop_operator_3.py
[2023-06-30T06:16:04.919+0000] {logging_mixin.py:137} INFO - [2023-06-30T06:16:04.918+0000] {dag.py:2676} INFO - Sync 1 DAGs
[2023-06-30T06:16:04.972+0000] {logging_mixin.py:137} INFO - [2023-06-30T06:16:04.972+0000] {dag.py:3427} INFO - Setting next_dagrun for example_branch_dop_operator_v3 to 2023-06-30T06:15:00+00:00, run_after=2023-06-30T06:16:00+00:00
[2023-06-30T06:16:05.000+0000] {processor.py:175} INFO - Processing /home/airflow/.local/lib/python3.7/site-packages/airflow/example_dags/example_branch_python_dop_operator_3.py took 0.196 seconds
[2023-06-30T06:16:35.305+0000] {processor.py:153} INFO - Started process (PID=2205) to work on /home/airflow/.local/lib/python3.7/site-packages/airflow/example_dags/example_branch_python_dop_operator_3.py
[2023-06-30T06:16:35.308+0000] {processor.py:743} INFO - Processing file /home/airflow/.local/lib/python3.7/site-packages/airflow/example_dags/example_branch_python_dop_operator_3.py for tasks to queue
[2023-06-30T06:16:35.310+0000] {logging_mixin.py:137} INFO - [2023-06-30T06:16:35.309+0000] {dagbag.py:538} INFO - Filling up the DagBag from /home/airflow/.local/lib/python3.7/site-packages/airflow/example_dags/example_branch_python_dop_operator_3.py
[2023-06-30T06:16:35.346+0000] {processor.py:753} INFO - DAG(s) dict_keys(['example_branch_dop_operator_v3']) retrieved from /home/airflow/.local/lib/python3.7/site-packages/airflow/example_dags/example_branch_python_dop_operator_3.py
[2023-06-30T06:16:35.398+0000] {logging_mixin.py:137} INFO - [2023-06-30T06:16:35.398+0000] {dag.py:2676} INFO - Sync 1 DAGs
[2023-06-30T06:16:35.439+0000] {logging_mixin.py:137} INFO - [2023-06-30T06:16:35.439+0000] {dag.py:3427} INFO - Setting next_dagrun for example_branch_dop_operator_v3 to 2023-06-30T06:15:00+00:00, run_after=2023-06-30T06:16:00+00:00
[2023-06-30T06:16:35.464+0000] {processor.py:175} INFO - Processing /home/airflow/.local/lib/python3.7/site-packages/airflow/example_dags/example_branch_python_dop_operator_3.py took 0.165 seconds
[2023-06-30T06:17:05.883+0000] {processor.py:153} INFO - Started process (PID=2271) to work on /home/airflow/.local/lib/python3.7/site-packages/airflow/example_dags/example_branch_python_dop_operator_3.py
[2023-06-30T06:17:05.887+0000] {processor.py:743} INFO - Processing file /home/airflow/.local/lib/python3.7/site-packages/airflow/example_dags/example_branch_python_dop_operator_3.py for tasks to queue
[2023-06-30T06:17:05.889+0000] {logging_mixin.py:137} INFO - [2023-06-30T06:17:05.889+0000] {dagbag.py:538} INFO - Filling up the DagBag from /home/airflow/.local/lib/python3.7/site-packages/airflow/example_dags/example_branch_python_dop_operator_3.py
[2023-06-30T06:17:05.916+0000] {processor.py:753} INFO - DAG(s) dict_keys(['example_branch_dop_operator_v3']) retrieved from /home/airflow/.local/lib/python3.7/site-packages/airflow/example_dags/example_branch_python_dop_operator_3.py
[2023-06-30T06:17:05.962+0000] {logging_mixin.py:137} INFO - [2023-06-30T06:17:05.962+0000] {dag.py:2676} INFO - Sync 1 DAGs
[2023-06-30T06:17:06.012+0000] {logging_mixin.py:137} INFO - [2023-06-30T06:17:06.012+0000] {dag.py:3427} INFO - Setting next_dagrun for example_branch_dop_operator_v3 to 2023-06-30T06:16:00+00:00, run_after=2023-06-30T06:17:00+00:00
[2023-06-30T06:17:06.042+0000] {processor.py:175} INFO - Processing /home/airflow/.local/lib/python3.7/site-packages/airflow/example_dags/example_branch_python_dop_operator_3.py took 0.164 seconds
