[2023-06-30T06:01:08.861+0000] {processor.py:153} INFO - Started process (PID=52) to work on /home/airflow/.local/lib/python3.7/site-packages/airflow/example_dags/example_dag_decorator.py
[2023-06-30T06:01:08.863+0000] {processor.py:743} INFO - Processing file /home/airflow/.local/lib/python3.7/site-packages/airflow/example_dags/example_dag_decorator.py for tasks to queue
[2023-06-30T06:01:08.865+0000] {logging_mixin.py:137} INFO - [2023-06-30T06:01:08.865+0000] {dagbag.py:538} INFO - Filling up the DagBag from /home/airflow/.local/lib/python3.7/site-packages/airflow/example_dags/example_dag_decorator.py
[2023-06-30T06:01:08.894+0000] {logging_mixin.py:137} INFO - [2023-06-30T06:01:08.894+0000] {taskmixin.py:205} WARNING - Dependency <Task(_PythonDecoratedOperator): prepare_email>, send_email already registered for DAG: example_dag_decorator
[2023-06-30T06:01:08.897+0000] {logging_mixin.py:137} INFO - [2023-06-30T06:01:08.896+0000] {taskmixin.py:205} WARNING - Dependency <Task(EmailOperator): send_email>, prepare_email already registered for DAG: example_dag_decorator
[2023-06-30T06:01:08.925+0000] {processor.py:753} INFO - DAG(s) dict_keys(['example_dag_decorator']) retrieved from /home/airflow/.local/lib/python3.7/site-packages/airflow/example_dags/example_dag_decorator.py
[2023-06-30T06:01:08.972+0000] {logging_mixin.py:137} INFO - [2023-06-30T06:01:08.971+0000] {dag.py:2676} INFO - Sync 1 DAGs
[2023-06-30T06:01:09.008+0000] {logging_mixin.py:137} INFO - [2023-06-30T06:01:09.008+0000] {dag.py:3427} INFO - Setting next_dagrun for example_dag_decorator to None, run_after=None
[2023-06-30T06:01:09.037+0000] {processor.py:175} INFO - Processing /home/airflow/.local/lib/python3.7/site-packages/airflow/example_dags/example_dag_decorator.py took 0.182 seconds
[2023-06-30T06:01:40.211+0000] {processor.py:153} INFO - Started process (PID=119) to work on /home/airflow/.local/lib/python3.7/site-packages/airflow/example_dags/example_dag_decorator.py
[2023-06-30T06:01:40.223+0000] {processor.py:743} INFO - Processing file /home/airflow/.local/lib/python3.7/site-packages/airflow/example_dags/example_dag_decorator.py for tasks to queue
[2023-06-30T06:01:40.226+0000] {logging_mixin.py:137} INFO - [2023-06-30T06:01:40.225+0000] {dagbag.py:538} INFO - Filling up the DagBag from /home/airflow/.local/lib/python3.7/site-packages/airflow/example_dags/example_dag_decorator.py
[2023-06-30T06:01:40.291+0000] {logging_mixin.py:137} INFO - [2023-06-30T06:01:40.291+0000] {taskmixin.py:205} WARNING - Dependency <Task(_PythonDecoratedOperator): prepare_email>, send_email already registered for DAG: example_dag_decorator
[2023-06-30T06:01:40.294+0000] {logging_mixin.py:137} INFO - [2023-06-30T06:01:40.294+0000] {taskmixin.py:205} WARNING - Dependency <Task(EmailOperator): send_email>, prepare_email already registered for DAG: example_dag_decorator
[2023-06-30T06:01:40.454+0000] {processor.py:753} INFO - DAG(s) dict_keys(['example_dag_decorator']) retrieved from /home/airflow/.local/lib/python3.7/site-packages/airflow/example_dags/example_dag_decorator.py
[2023-06-30T06:01:40.744+0000] {logging_mixin.py:137} INFO - [2023-06-30T06:01:40.744+0000] {dag.py:2676} INFO - Sync 1 DAGs
[2023-06-30T06:01:40.979+0000] {logging_mixin.py:137} INFO - [2023-06-30T06:01:40.979+0000] {dag.py:3427} INFO - Setting next_dagrun for example_dag_decorator to None, run_after=None
[2023-06-30T06:01:41.077+0000] {processor.py:175} INFO - Processing /home/airflow/.local/lib/python3.7/site-packages/airflow/example_dags/example_dag_decorator.py took 0.877 seconds
[2023-06-30T06:02:12.446+0000] {processor.py:153} INFO - Started process (PID=185) to work on /home/airflow/.local/lib/python3.7/site-packages/airflow/example_dags/example_dag_decorator.py
[2023-06-30T06:02:12.450+0000] {processor.py:743} INFO - Processing file /home/airflow/.local/lib/python3.7/site-packages/airflow/example_dags/example_dag_decorator.py for tasks to queue
[2023-06-30T06:02:12.453+0000] {logging_mixin.py:137} INFO - [2023-06-30T06:02:12.452+0000] {dagbag.py:538} INFO - Filling up the DagBag from /home/airflow/.local/lib/python3.7/site-packages/airflow/example_dags/example_dag_decorator.py
[2023-06-30T06:02:12.483+0000] {logging_mixin.py:137} INFO - [2023-06-30T06:02:12.483+0000] {taskmixin.py:205} WARNING - Dependency <Task(_PythonDecoratedOperator): prepare_email>, send_email already registered for DAG: example_dag_decorator
[2023-06-30T06:02:12.485+0000] {logging_mixin.py:137} INFO - [2023-06-30T06:02:12.485+0000] {taskmixin.py:205} WARNING - Dependency <Task(EmailOperator): send_email>, prepare_email already registered for DAG: example_dag_decorator
[2023-06-30T06:02:12.509+0000] {processor.py:753} INFO - DAG(s) dict_keys(['example_dag_decorator']) retrieved from /home/airflow/.local/lib/python3.7/site-packages/airflow/example_dags/example_dag_decorator.py
[2023-06-30T06:02:12.654+0000] {logging_mixin.py:137} INFO - [2023-06-30T06:02:12.654+0000] {dag.py:2676} INFO - Sync 1 DAGs
[2023-06-30T06:02:12.690+0000] {logging_mixin.py:137} INFO - [2023-06-30T06:02:12.690+0000] {dag.py:3427} INFO - Setting next_dagrun for example_dag_decorator to None, run_after=None
[2023-06-30T06:02:12.754+0000] {processor.py:175} INFO - Processing /home/airflow/.local/lib/python3.7/site-packages/airflow/example_dags/example_dag_decorator.py took 0.315 seconds
[2023-06-30T06:02:42.829+0000] {processor.py:153} INFO - Started process (PID=251) to work on /home/airflow/.local/lib/python3.7/site-packages/airflow/example_dags/example_dag_decorator.py
[2023-06-30T06:02:42.832+0000] {processor.py:743} INFO - Processing file /home/airflow/.local/lib/python3.7/site-packages/airflow/example_dags/example_dag_decorator.py for tasks to queue
[2023-06-30T06:02:42.836+0000] {logging_mixin.py:137} INFO - [2023-06-30T06:02:42.836+0000] {dagbag.py:538} INFO - Filling up the DagBag from /home/airflow/.local/lib/python3.7/site-packages/airflow/example_dags/example_dag_decorator.py
[2023-06-30T06:02:42.870+0000] {logging_mixin.py:137} INFO - [2023-06-30T06:02:42.869+0000] {taskmixin.py:205} WARNING - Dependency <Task(_PythonDecoratedOperator): prepare_email>, send_email already registered for DAG: example_dag_decorator
[2023-06-30T06:02:42.872+0000] {logging_mixin.py:137} INFO - [2023-06-30T06:02:42.871+0000] {taskmixin.py:205} WARNING - Dependency <Task(EmailOperator): send_email>, prepare_email already registered for DAG: example_dag_decorator
[2023-06-30T06:02:42.891+0000] {processor.py:753} INFO - DAG(s) dict_keys(['example_dag_decorator']) retrieved from /home/airflow/.local/lib/python3.7/site-packages/airflow/example_dags/example_dag_decorator.py
[2023-06-30T06:02:43.014+0000] {logging_mixin.py:137} INFO - [2023-06-30T06:02:43.013+0000] {dag.py:2676} INFO - Sync 1 DAGs
[2023-06-30T06:02:43.053+0000] {logging_mixin.py:137} INFO - [2023-06-30T06:02:43.053+0000] {dag.py:3427} INFO - Setting next_dagrun for example_dag_decorator to None, run_after=None
[2023-06-30T06:02:43.101+0000] {processor.py:175} INFO - Processing /home/airflow/.local/lib/python3.7/site-packages/airflow/example_dags/example_dag_decorator.py took 0.277 seconds
[2023-06-30T06:03:13.357+0000] {processor.py:153} INFO - Started process (PID=331) to work on /home/airflow/.local/lib/python3.7/site-packages/airflow/example_dags/example_dag_decorator.py
[2023-06-30T06:03:13.360+0000] {processor.py:743} INFO - Processing file /home/airflow/.local/lib/python3.7/site-packages/airflow/example_dags/example_dag_decorator.py for tasks to queue
[2023-06-30T06:03:13.362+0000] {logging_mixin.py:137} INFO - [2023-06-30T06:03:13.361+0000] {dagbag.py:538} INFO - Filling up the DagBag from /home/airflow/.local/lib/python3.7/site-packages/airflow/example_dags/example_dag_decorator.py
[2023-06-30T06:03:13.387+0000] {logging_mixin.py:137} INFO - [2023-06-30T06:03:13.387+0000] {taskmixin.py:205} WARNING - Dependency <Task(_PythonDecoratedOperator): prepare_email>, send_email already registered for DAG: example_dag_decorator
[2023-06-30T06:03:13.389+0000] {logging_mixin.py:137} INFO - [2023-06-30T06:03:13.388+0000] {taskmixin.py:205} WARNING - Dependency <Task(EmailOperator): send_email>, prepare_email already registered for DAG: example_dag_decorator
[2023-06-30T06:03:13.408+0000] {processor.py:753} INFO - DAG(s) dict_keys(['example_dag_decorator']) retrieved from /home/airflow/.local/lib/python3.7/site-packages/airflow/example_dags/example_dag_decorator.py
[2023-06-30T06:03:13.516+0000] {logging_mixin.py:137} INFO - [2023-06-30T06:03:13.516+0000] {dag.py:2676} INFO - Sync 1 DAGs
[2023-06-30T06:03:13.557+0000] {logging_mixin.py:137} INFO - [2023-06-30T06:03:13.557+0000] {dag.py:3427} INFO - Setting next_dagrun for example_dag_decorator to None, run_after=None
[2023-06-30T06:03:13.589+0000] {processor.py:175} INFO - Processing /home/airflow/.local/lib/python3.7/site-packages/airflow/example_dags/example_dag_decorator.py took 0.236 seconds
[2023-06-30T06:03:44.166+0000] {processor.py:153} INFO - Started process (PID=397) to work on /home/airflow/.local/lib/python3.7/site-packages/airflow/example_dags/example_dag_decorator.py
[2023-06-30T06:03:44.168+0000] {processor.py:743} INFO - Processing file /home/airflow/.local/lib/python3.7/site-packages/airflow/example_dags/example_dag_decorator.py for tasks to queue
[2023-06-30T06:03:44.170+0000] {logging_mixin.py:137} INFO - [2023-06-30T06:03:44.170+0000] {dagbag.py:538} INFO - Filling up the DagBag from /home/airflow/.local/lib/python3.7/site-packages/airflow/example_dags/example_dag_decorator.py
[2023-06-30T06:03:44.197+0000] {logging_mixin.py:137} INFO - [2023-06-30T06:03:44.197+0000] {taskmixin.py:205} WARNING - Dependency <Task(_PythonDecoratedOperator): prepare_email>, send_email already registered for DAG: example_dag_decorator
[2023-06-30T06:03:44.200+0000] {logging_mixin.py:137} INFO - [2023-06-30T06:03:44.199+0000] {taskmixin.py:205} WARNING - Dependency <Task(EmailOperator): send_email>, prepare_email already registered for DAG: example_dag_decorator
[2023-06-30T06:03:44.222+0000] {processor.py:753} INFO - DAG(s) dict_keys(['example_dag_decorator']) retrieved from /home/airflow/.local/lib/python3.7/site-packages/airflow/example_dags/example_dag_decorator.py
[2023-06-30T06:03:44.344+0000] {logging_mixin.py:137} INFO - [2023-06-30T06:03:44.343+0000] {dag.py:2676} INFO - Sync 1 DAGs
[2023-06-30T06:03:44.374+0000] {logging_mixin.py:137} INFO - [2023-06-30T06:03:44.374+0000] {dag.py:3427} INFO - Setting next_dagrun for example_dag_decorator to None, run_after=None
[2023-06-30T06:03:44.401+0000] {processor.py:175} INFO - Processing /home/airflow/.local/lib/python3.7/site-packages/airflow/example_dags/example_dag_decorator.py took 0.240 seconds
[2023-06-30T06:04:14.695+0000] {processor.py:153} INFO - Started process (PID=469) to work on /home/airflow/.local/lib/python3.7/site-packages/airflow/example_dags/example_dag_decorator.py
[2023-06-30T06:04:14.699+0000] {processor.py:743} INFO - Processing file /home/airflow/.local/lib/python3.7/site-packages/airflow/example_dags/example_dag_decorator.py for tasks to queue
[2023-06-30T06:04:14.703+0000] {logging_mixin.py:137} INFO - [2023-06-30T06:04:14.702+0000] {dagbag.py:538} INFO - Filling up the DagBag from /home/airflow/.local/lib/python3.7/site-packages/airflow/example_dags/example_dag_decorator.py
[2023-06-30T06:04:14.740+0000] {logging_mixin.py:137} INFO - [2023-06-30T06:04:14.740+0000] {taskmixin.py:205} WARNING - Dependency <Task(_PythonDecoratedOperator): prepare_email>, send_email already registered for DAG: example_dag_decorator
[2023-06-30T06:04:14.743+0000] {logging_mixin.py:137} INFO - [2023-06-30T06:04:14.743+0000] {taskmixin.py:205} WARNING - Dependency <Task(EmailOperator): send_email>, prepare_email already registered for DAG: example_dag_decorator
[2023-06-30T06:04:14.770+0000] {processor.py:753} INFO - DAG(s) dict_keys(['example_dag_decorator']) retrieved from /home/airflow/.local/lib/python3.7/site-packages/airflow/example_dags/example_dag_decorator.py
[2023-06-30T06:04:14.926+0000] {logging_mixin.py:137} INFO - [2023-06-30T06:04:14.926+0000] {dag.py:2676} INFO - Sync 1 DAGs
[2023-06-30T06:04:14.963+0000] {logging_mixin.py:137} INFO - [2023-06-30T06:04:14.963+0000] {dag.py:3427} INFO - Setting next_dagrun for example_dag_decorator to None, run_after=None
[2023-06-30T06:04:14.998+0000] {processor.py:175} INFO - Processing /home/airflow/.local/lib/python3.7/site-packages/airflow/example_dags/example_dag_decorator.py took 0.308 seconds
[2023-06-30T06:04:45.117+0000] {processor.py:153} INFO - Started process (PID=542) to work on /home/airflow/.local/lib/python3.7/site-packages/airflow/example_dags/example_dag_decorator.py
[2023-06-30T06:04:45.119+0000] {processor.py:743} INFO - Processing file /home/airflow/.local/lib/python3.7/site-packages/airflow/example_dags/example_dag_decorator.py for tasks to queue
[2023-06-30T06:04:45.121+0000] {logging_mixin.py:137} INFO - [2023-06-30T06:04:45.121+0000] {dagbag.py:538} INFO - Filling up the DagBag from /home/airflow/.local/lib/python3.7/site-packages/airflow/example_dags/example_dag_decorator.py
[2023-06-30T06:04:45.145+0000] {logging_mixin.py:137} INFO - [2023-06-30T06:04:45.145+0000] {taskmixin.py:205} WARNING - Dependency <Task(_PythonDecoratedOperator): prepare_email>, send_email already registered for DAG: example_dag_decorator
[2023-06-30T06:04:45.147+0000] {logging_mixin.py:137} INFO - [2023-06-30T06:04:45.147+0000] {taskmixin.py:205} WARNING - Dependency <Task(EmailOperator): send_email>, prepare_email already registered for DAG: example_dag_decorator
[2023-06-30T06:04:45.164+0000] {processor.py:753} INFO - DAG(s) dict_keys(['example_dag_decorator']) retrieved from /home/airflow/.local/lib/python3.7/site-packages/airflow/example_dags/example_dag_decorator.py
[2023-06-30T06:04:45.268+0000] {logging_mixin.py:137} INFO - [2023-06-30T06:04:45.268+0000] {dag.py:2676} INFO - Sync 1 DAGs
[2023-06-30T06:04:45.303+0000] {logging_mixin.py:137} INFO - [2023-06-30T06:04:45.303+0000] {dag.py:3427} INFO - Setting next_dagrun for example_dag_decorator to None, run_after=None
[2023-06-30T06:04:45.329+0000] {processor.py:175} INFO - Processing /home/airflow/.local/lib/python3.7/site-packages/airflow/example_dags/example_dag_decorator.py took 0.217 seconds
[2023-06-30T06:05:16.038+0000] {processor.py:153} INFO - Started process (PID=608) to work on /home/airflow/.local/lib/python3.7/site-packages/airflow/example_dags/example_dag_decorator.py
[2023-06-30T06:05:16.041+0000] {processor.py:743} INFO - Processing file /home/airflow/.local/lib/python3.7/site-packages/airflow/example_dags/example_dag_decorator.py for tasks to queue
[2023-06-30T06:05:16.045+0000] {logging_mixin.py:137} INFO - [2023-06-30T06:05:16.044+0000] {dagbag.py:538} INFO - Filling up the DagBag from /home/airflow/.local/lib/python3.7/site-packages/airflow/example_dags/example_dag_decorator.py
[2023-06-30T06:05:16.079+0000] {logging_mixin.py:137} INFO - [2023-06-30T06:05:16.078+0000] {taskmixin.py:205} WARNING - Dependency <Task(_PythonDecoratedOperator): prepare_email>, send_email already registered for DAG: example_dag_decorator
[2023-06-30T06:05:16.081+0000] {logging_mixin.py:137} INFO - [2023-06-30T06:05:16.080+0000] {taskmixin.py:205} WARNING - Dependency <Task(EmailOperator): send_email>, prepare_email already registered for DAG: example_dag_decorator
[2023-06-30T06:05:16.102+0000] {processor.py:753} INFO - DAG(s) dict_keys(['example_dag_decorator']) retrieved from /home/airflow/.local/lib/python3.7/site-packages/airflow/example_dags/example_dag_decorator.py
[2023-06-30T06:05:16.211+0000] {logging_mixin.py:137} INFO - [2023-06-30T06:05:16.211+0000] {dag.py:2676} INFO - Sync 1 DAGs
[2023-06-30T06:05:16.245+0000] {logging_mixin.py:137} INFO - [2023-06-30T06:05:16.245+0000] {dag.py:3427} INFO - Setting next_dagrun for example_dag_decorator to None, run_after=None
[2023-06-30T06:05:16.277+0000] {processor.py:175} INFO - Processing /home/airflow/.local/lib/python3.7/site-packages/airflow/example_dags/example_dag_decorator.py took 0.246 seconds
[2023-06-30T06:05:46.477+0000] {processor.py:153} INFO - Started process (PID=688) to work on /home/airflow/.local/lib/python3.7/site-packages/airflow/example_dags/example_dag_decorator.py
[2023-06-30T06:05:46.479+0000] {processor.py:743} INFO - Processing file /home/airflow/.local/lib/python3.7/site-packages/airflow/example_dags/example_dag_decorator.py for tasks to queue
[2023-06-30T06:05:46.481+0000] {logging_mixin.py:137} INFO - [2023-06-30T06:05:46.481+0000] {dagbag.py:538} INFO - Filling up the DagBag from /home/airflow/.local/lib/python3.7/site-packages/airflow/example_dags/example_dag_decorator.py
[2023-06-30T06:05:46.507+0000] {logging_mixin.py:137} INFO - [2023-06-30T06:05:46.506+0000] {taskmixin.py:205} WARNING - Dependency <Task(_PythonDecoratedOperator): prepare_email>, send_email already registered for DAG: example_dag_decorator
[2023-06-30T06:05:46.508+0000] {logging_mixin.py:137} INFO - [2023-06-30T06:05:46.508+0000] {taskmixin.py:205} WARNING - Dependency <Task(EmailOperator): send_email>, prepare_email already registered for DAG: example_dag_decorator
[2023-06-30T06:05:46.525+0000] {processor.py:753} INFO - DAG(s) dict_keys(['example_dag_decorator']) retrieved from /home/airflow/.local/lib/python3.7/site-packages/airflow/example_dags/example_dag_decorator.py
[2023-06-30T06:05:46.627+0000] {logging_mixin.py:137} INFO - [2023-06-30T06:05:46.627+0000] {dag.py:2676} INFO - Sync 1 DAGs
[2023-06-30T06:05:46.659+0000] {logging_mixin.py:137} INFO - [2023-06-30T06:05:46.659+0000] {dag.py:3427} INFO - Setting next_dagrun for example_dag_decorator to None, run_after=None
[2023-06-30T06:05:46.686+0000] {processor.py:175} INFO - Processing /home/airflow/.local/lib/python3.7/site-packages/airflow/example_dags/example_dag_decorator.py took 0.214 seconds
[2023-06-30T06:06:16.801+0000] {processor.py:153} INFO - Started process (PID=755) to work on /home/airflow/.local/lib/python3.7/site-packages/airflow/example_dags/example_dag_decorator.py
[2023-06-30T06:06:16.804+0000] {processor.py:743} INFO - Processing file /home/airflow/.local/lib/python3.7/site-packages/airflow/example_dags/example_dag_decorator.py for tasks to queue
[2023-06-30T06:06:16.806+0000] {logging_mixin.py:137} INFO - [2023-06-30T06:06:16.805+0000] {dagbag.py:538} INFO - Filling up the DagBag from /home/airflow/.local/lib/python3.7/site-packages/airflow/example_dags/example_dag_decorator.py
[2023-06-30T06:06:16.831+0000] {logging_mixin.py:137} INFO - [2023-06-30T06:06:16.831+0000] {taskmixin.py:205} WARNING - Dependency <Task(_PythonDecoratedOperator): prepare_email>, send_email already registered for DAG: example_dag_decorator
[2023-06-30T06:06:16.833+0000] {logging_mixin.py:137} INFO - [2023-06-30T06:06:16.833+0000] {taskmixin.py:205} WARNING - Dependency <Task(EmailOperator): send_email>, prepare_email already registered for DAG: example_dag_decorator
[2023-06-30T06:06:16.851+0000] {processor.py:753} INFO - DAG(s) dict_keys(['example_dag_decorator']) retrieved from /home/airflow/.local/lib/python3.7/site-packages/airflow/example_dags/example_dag_decorator.py
[2023-06-30T06:06:16.960+0000] {logging_mixin.py:137} INFO - [2023-06-30T06:06:16.960+0000] {dag.py:2676} INFO - Sync 1 DAGs
[2023-06-30T06:06:16.993+0000] {logging_mixin.py:137} INFO - [2023-06-30T06:06:16.993+0000] {dag.py:3427} INFO - Setting next_dagrun for example_dag_decorator to None, run_after=None
[2023-06-30T06:06:17.021+0000] {processor.py:175} INFO - Processing /home/airflow/.local/lib/python3.7/site-packages/airflow/example_dags/example_dag_decorator.py took 0.226 seconds
[2023-06-30T06:06:47.146+0000] {processor.py:153} INFO - Started process (PID=821) to work on /home/airflow/.local/lib/python3.7/site-packages/airflow/example_dags/example_dag_decorator.py
[2023-06-30T06:06:47.149+0000] {processor.py:743} INFO - Processing file /home/airflow/.local/lib/python3.7/site-packages/airflow/example_dags/example_dag_decorator.py for tasks to queue
[2023-06-30T06:06:47.151+0000] {logging_mixin.py:137} INFO - [2023-06-30T06:06:47.151+0000] {dagbag.py:538} INFO - Filling up the DagBag from /home/airflow/.local/lib/python3.7/site-packages/airflow/example_dags/example_dag_decorator.py
[2023-06-30T06:06:47.177+0000] {logging_mixin.py:137} INFO - [2023-06-30T06:06:47.177+0000] {taskmixin.py:205} WARNING - Dependency <Task(_PythonDecoratedOperator): prepare_email>, send_email already registered for DAG: example_dag_decorator
[2023-06-30T06:06:47.180+0000] {logging_mixin.py:137} INFO - [2023-06-30T06:06:47.179+0000] {taskmixin.py:205} WARNING - Dependency <Task(EmailOperator): send_email>, prepare_email already registered for DAG: example_dag_decorator
[2023-06-30T06:06:47.196+0000] {processor.py:753} INFO - DAG(s) dict_keys(['example_dag_decorator']) retrieved from /home/airflow/.local/lib/python3.7/site-packages/airflow/example_dags/example_dag_decorator.py
[2023-06-30T06:06:47.304+0000] {logging_mixin.py:137} INFO - [2023-06-30T06:06:47.304+0000] {dag.py:2676} INFO - Sync 1 DAGs
[2023-06-30T06:06:47.338+0000] {logging_mixin.py:137} INFO - [2023-06-30T06:06:47.338+0000] {dag.py:3427} INFO - Setting next_dagrun for example_dag_decorator to None, run_after=None
[2023-06-30T06:06:47.366+0000] {processor.py:175} INFO - Processing /home/airflow/.local/lib/python3.7/site-packages/airflow/example_dags/example_dag_decorator.py took 0.225 seconds
[2023-06-30T06:07:17.448+0000] {processor.py:153} INFO - Started process (PID=901) to work on /home/airflow/.local/lib/python3.7/site-packages/airflow/example_dags/example_dag_decorator.py
[2023-06-30T06:07:17.450+0000] {processor.py:743} INFO - Processing file /home/airflow/.local/lib/python3.7/site-packages/airflow/example_dags/example_dag_decorator.py for tasks to queue
[2023-06-30T06:07:17.452+0000] {logging_mixin.py:137} INFO - [2023-06-30T06:07:17.452+0000] {dagbag.py:538} INFO - Filling up the DagBag from /home/airflow/.local/lib/python3.7/site-packages/airflow/example_dags/example_dag_decorator.py
[2023-06-30T06:07:17.477+0000] {logging_mixin.py:137} INFO - [2023-06-30T06:07:17.477+0000] {taskmixin.py:205} WARNING - Dependency <Task(_PythonDecoratedOperator): prepare_email>, send_email already registered for DAG: example_dag_decorator
[2023-06-30T06:07:17.479+0000] {logging_mixin.py:137} INFO - [2023-06-30T06:07:17.478+0000] {taskmixin.py:205} WARNING - Dependency <Task(EmailOperator): send_email>, prepare_email already registered for DAG: example_dag_decorator
[2023-06-30T06:07:17.498+0000] {processor.py:753} INFO - DAG(s) dict_keys(['example_dag_decorator']) retrieved from /home/airflow/.local/lib/python3.7/site-packages/airflow/example_dags/example_dag_decorator.py
[2023-06-30T06:07:17.622+0000] {logging_mixin.py:137} INFO - [2023-06-30T06:07:17.622+0000] {dag.py:2676} INFO - Sync 1 DAGs
[2023-06-30T06:07:17.658+0000] {logging_mixin.py:137} INFO - [2023-06-30T06:07:17.658+0000] {dag.py:3427} INFO - Setting next_dagrun for example_dag_decorator to None, run_after=None
[2023-06-30T06:07:17.690+0000] {processor.py:175} INFO - Processing /home/airflow/.local/lib/python3.7/site-packages/airflow/example_dags/example_dag_decorator.py took 0.247 seconds
[2023-06-30T06:07:47.889+0000] {processor.py:153} INFO - Started process (PID=967) to work on /home/airflow/.local/lib/python3.7/site-packages/airflow/example_dags/example_dag_decorator.py
[2023-06-30T06:07:47.892+0000] {processor.py:743} INFO - Processing file /home/airflow/.local/lib/python3.7/site-packages/airflow/example_dags/example_dag_decorator.py for tasks to queue
[2023-06-30T06:07:47.895+0000] {logging_mixin.py:137} INFO - [2023-06-30T06:07:47.894+0000] {dagbag.py:538} INFO - Filling up the DagBag from /home/airflow/.local/lib/python3.7/site-packages/airflow/example_dags/example_dag_decorator.py
[2023-06-30T06:07:47.927+0000] {logging_mixin.py:137} INFO - [2023-06-30T06:07:47.927+0000] {taskmixin.py:205} WARNING - Dependency <Task(_PythonDecoratedOperator): prepare_email>, send_email already registered for DAG: example_dag_decorator
[2023-06-30T06:07:47.929+0000] {logging_mixin.py:137} INFO - [2023-06-30T06:07:47.929+0000] {taskmixin.py:205} WARNING - Dependency <Task(EmailOperator): send_email>, prepare_email already registered for DAG: example_dag_decorator
[2023-06-30T06:07:47.946+0000] {processor.py:753} INFO - DAG(s) dict_keys(['example_dag_decorator']) retrieved from /home/airflow/.local/lib/python3.7/site-packages/airflow/example_dags/example_dag_decorator.py
[2023-06-30T06:07:48.063+0000] {logging_mixin.py:137} INFO - [2023-06-30T06:07:48.063+0000] {dag.py:2676} INFO - Sync 1 DAGs
[2023-06-30T06:07:48.101+0000] {logging_mixin.py:137} INFO - [2023-06-30T06:07:48.101+0000] {dag.py:3427} INFO - Setting next_dagrun for example_dag_decorator to None, run_after=None
[2023-06-30T06:07:49.333+0000] {logging_mixin.py:137} INFO - [2023-06-30T06:07:49.333+0000] {dag.py:2676} INFO - Sync 1 DAGs
[2023-06-30T06:07:49.367+0000] {logging_mixin.py:137} INFO - [2023-06-30T06:07:49.367+0000] {dag.py:3427} INFO - Setting next_dagrun for example_dag_decorator to None, run_after=None
[2023-06-30T06:07:49.401+0000] {processor.py:175} INFO - Processing /home/airflow/.local/lib/python3.7/site-packages/airflow/example_dags/example_dag_decorator.py took 1.518 seconds
[2023-06-30T06:08:19.966+0000] {processor.py:153} INFO - Started process (PID=1047) to work on /home/airflow/.local/lib/python3.7/site-packages/airflow/example_dags/example_dag_decorator.py
[2023-06-30T06:08:19.968+0000] {processor.py:743} INFO - Processing file /home/airflow/.local/lib/python3.7/site-packages/airflow/example_dags/example_dag_decorator.py for tasks to queue
[2023-06-30T06:08:19.970+0000] {logging_mixin.py:137} INFO - [2023-06-30T06:08:19.970+0000] {dagbag.py:538} INFO - Filling up the DagBag from /home/airflow/.local/lib/python3.7/site-packages/airflow/example_dags/example_dag_decorator.py
[2023-06-30T06:08:20.000+0000] {logging_mixin.py:137} INFO - [2023-06-30T06:08:20.000+0000] {taskmixin.py:205} WARNING - Dependency <Task(_PythonDecoratedOperator): prepare_email>, send_email already registered for DAG: example_dag_decorator
[2023-06-30T06:08:20.002+0000] {logging_mixin.py:137} INFO - [2023-06-30T06:08:20.001+0000] {taskmixin.py:205} WARNING - Dependency <Task(EmailOperator): send_email>, prepare_email already registered for DAG: example_dag_decorator
[2023-06-30T06:08:20.025+0000] {processor.py:753} INFO - DAG(s) dict_keys(['example_dag_decorator']) retrieved from /home/airflow/.local/lib/python3.7/site-packages/airflow/example_dags/example_dag_decorator.py
[2023-06-30T06:08:20.156+0000] {logging_mixin.py:137} INFO - [2023-06-30T06:08:20.156+0000] {dag.py:2676} INFO - Sync 1 DAGs
[2023-06-30T06:08:20.195+0000] {logging_mixin.py:137} INFO - [2023-06-30T06:08:20.195+0000] {dag.py:3427} INFO - Setting next_dagrun for example_dag_decorator to None, run_after=None
[2023-06-30T06:08:20.236+0000] {processor.py:175} INFO - Processing /home/airflow/.local/lib/python3.7/site-packages/airflow/example_dags/example_dag_decorator.py took 0.275 seconds
[2023-06-30T06:08:50.517+0000] {processor.py:153} INFO - Started process (PID=1114) to work on /home/airflow/.local/lib/python3.7/site-packages/airflow/example_dags/example_dag_decorator.py
[2023-06-30T06:08:50.521+0000] {processor.py:743} INFO - Processing file /home/airflow/.local/lib/python3.7/site-packages/airflow/example_dags/example_dag_decorator.py for tasks to queue
[2023-06-30T06:08:50.524+0000] {logging_mixin.py:137} INFO - [2023-06-30T06:08:50.524+0000] {dagbag.py:538} INFO - Filling up the DagBag from /home/airflow/.local/lib/python3.7/site-packages/airflow/example_dags/example_dag_decorator.py
[2023-06-30T06:08:50.555+0000] {logging_mixin.py:137} INFO - [2023-06-30T06:08:50.554+0000] {taskmixin.py:205} WARNING - Dependency <Task(_PythonDecoratedOperator): prepare_email>, send_email already registered for DAG: example_dag_decorator
[2023-06-30T06:08:50.557+0000] {logging_mixin.py:137} INFO - [2023-06-30T06:08:50.557+0000] {taskmixin.py:205} WARNING - Dependency <Task(EmailOperator): send_email>, prepare_email already registered for DAG: example_dag_decorator
[2023-06-30T06:08:50.589+0000] {processor.py:753} INFO - DAG(s) dict_keys(['example_dag_decorator']) retrieved from /home/airflow/.local/lib/python3.7/site-packages/airflow/example_dags/example_dag_decorator.py
[2023-06-30T06:08:50.749+0000] {logging_mixin.py:137} INFO - [2023-06-30T06:08:50.748+0000] {dag.py:2676} INFO - Sync 1 DAGs
[2023-06-30T06:08:50.797+0000] {logging_mixin.py:137} INFO - [2023-06-30T06:08:50.797+0000] {dag.py:3427} INFO - Setting next_dagrun for example_dag_decorator to None, run_after=None
[2023-06-30T06:08:50.853+0000] {processor.py:175} INFO - Processing /home/airflow/.local/lib/python3.7/site-packages/airflow/example_dags/example_dag_decorator.py took 0.344 seconds
[2023-06-30T06:09:20.961+0000] {processor.py:153} INFO - Started process (PID=1179) to work on /home/airflow/.local/lib/python3.7/site-packages/airflow/example_dags/example_dag_decorator.py
[2023-06-30T06:09:20.966+0000] {processor.py:743} INFO - Processing file /home/airflow/.local/lib/python3.7/site-packages/airflow/example_dags/example_dag_decorator.py for tasks to queue
[2023-06-30T06:09:20.969+0000] {logging_mixin.py:137} INFO - [2023-06-30T06:09:20.968+0000] {dagbag.py:538} INFO - Filling up the DagBag from /home/airflow/.local/lib/python3.7/site-packages/airflow/example_dags/example_dag_decorator.py
[2023-06-30T06:09:21.000+0000] {logging_mixin.py:137} INFO - [2023-06-30T06:09:20.999+0000] {taskmixin.py:205} WARNING - Dependency <Task(_PythonDecoratedOperator): prepare_email>, send_email already registered for DAG: example_dag_decorator
[2023-06-30T06:09:21.001+0000] {logging_mixin.py:137} INFO - [2023-06-30T06:09:21.001+0000] {taskmixin.py:205} WARNING - Dependency <Task(EmailOperator): send_email>, prepare_email already registered for DAG: example_dag_decorator
[2023-06-30T06:09:21.023+0000] {processor.py:753} INFO - DAG(s) dict_keys(['example_dag_decorator']) retrieved from /home/airflow/.local/lib/python3.7/site-packages/airflow/example_dags/example_dag_decorator.py
[2023-06-30T06:09:21.146+0000] {logging_mixin.py:137} INFO - [2023-06-30T06:09:21.146+0000] {dag.py:2676} INFO - Sync 1 DAGs
[2023-06-30T06:09:21.185+0000] {logging_mixin.py:137} INFO - [2023-06-30T06:09:21.185+0000] {dag.py:3427} INFO - Setting next_dagrun for example_dag_decorator to None, run_after=None
[2023-06-30T06:09:21.215+0000] {processor.py:175} INFO - Processing /home/airflow/.local/lib/python3.7/site-packages/airflow/example_dags/example_dag_decorator.py took 0.260 seconds
[2023-06-30T06:09:51.317+0000] {processor.py:153} INFO - Started process (PID=1259) to work on /home/airflow/.local/lib/python3.7/site-packages/airflow/example_dags/example_dag_decorator.py
[2023-06-30T06:09:51.320+0000] {processor.py:743} INFO - Processing file /home/airflow/.local/lib/python3.7/site-packages/airflow/example_dags/example_dag_decorator.py for tasks to queue
[2023-06-30T06:09:51.322+0000] {logging_mixin.py:137} INFO - [2023-06-30T06:09:51.322+0000] {dagbag.py:538} INFO - Filling up the DagBag from /home/airflow/.local/lib/python3.7/site-packages/airflow/example_dags/example_dag_decorator.py
[2023-06-30T06:09:51.356+0000] {logging_mixin.py:137} INFO - [2023-06-30T06:09:51.356+0000] {taskmixin.py:205} WARNING - Dependency <Task(_PythonDecoratedOperator): prepare_email>, send_email already registered for DAG: example_dag_decorator
[2023-06-30T06:09:51.358+0000] {logging_mixin.py:137} INFO - [2023-06-30T06:09:51.358+0000] {taskmixin.py:205} WARNING - Dependency <Task(EmailOperator): send_email>, prepare_email already registered for DAG: example_dag_decorator
[2023-06-30T06:09:51.376+0000] {processor.py:753} INFO - DAG(s) dict_keys(['example_dag_decorator']) retrieved from /home/airflow/.local/lib/python3.7/site-packages/airflow/example_dags/example_dag_decorator.py
[2023-06-30T06:09:51.490+0000] {logging_mixin.py:137} INFO - [2023-06-30T06:09:51.490+0000] {dag.py:2676} INFO - Sync 1 DAGs
[2023-06-30T06:09:51.518+0000] {logging_mixin.py:137} INFO - [2023-06-30T06:09:51.518+0000] {dag.py:3427} INFO - Setting next_dagrun for example_dag_decorator to None, run_after=None
[2023-06-30T06:09:51.545+0000] {processor.py:175} INFO - Processing /home/airflow/.local/lib/python3.7/site-packages/airflow/example_dags/example_dag_decorator.py took 0.235 seconds
[2023-06-30T06:10:21.884+0000] {processor.py:153} INFO - Started process (PID=1325) to work on /home/airflow/.local/lib/python3.7/site-packages/airflow/example_dags/example_dag_decorator.py
[2023-06-30T06:10:21.964+0000] {processor.py:743} INFO - Processing file /home/airflow/.local/lib/python3.7/site-packages/airflow/example_dags/example_dag_decorator.py for tasks to queue
[2023-06-30T06:10:22.044+0000] {logging_mixin.py:137} INFO - [2023-06-30T06:10:22.043+0000] {dagbag.py:538} INFO - Filling up the DagBag from /home/airflow/.local/lib/python3.7/site-packages/airflow/example_dags/example_dag_decorator.py
[2023-06-30T06:10:22.087+0000] {logging_mixin.py:137} INFO - [2023-06-30T06:10:22.087+0000] {taskmixin.py:205} WARNING - Dependency <Task(_PythonDecoratedOperator): prepare_email>, send_email already registered for DAG: example_dag_decorator
[2023-06-30T06:10:22.090+0000] {logging_mixin.py:137} INFO - [2023-06-30T06:10:22.090+0000] {taskmixin.py:205} WARNING - Dependency <Task(EmailOperator): send_email>, prepare_email already registered for DAG: example_dag_decorator
[2023-06-30T06:10:22.131+0000] {processor.py:753} INFO - DAG(s) dict_keys(['example_dag_decorator']) retrieved from /home/airflow/.local/lib/python3.7/site-packages/airflow/example_dags/example_dag_decorator.py
[2023-06-30T06:10:22.308+0000] {logging_mixin.py:137} INFO - [2023-06-30T06:10:22.308+0000] {dag.py:2676} INFO - Sync 1 DAGs
[2023-06-30T06:10:22.373+0000] {logging_mixin.py:137} INFO - [2023-06-30T06:10:22.373+0000] {dag.py:3427} INFO - Setting next_dagrun for example_dag_decorator to None, run_after=None
[2023-06-30T06:10:22.416+0000] {processor.py:175} INFO - Processing /home/airflow/.local/lib/python3.7/site-packages/airflow/example_dags/example_dag_decorator.py took 0.539 seconds
[2023-06-30T06:10:53.109+0000] {processor.py:153} INFO - Started process (PID=1400) to work on /home/airflow/.local/lib/python3.7/site-packages/airflow/example_dags/example_dag_decorator.py
[2023-06-30T06:10:53.113+0000] {processor.py:743} INFO - Processing file /home/airflow/.local/lib/python3.7/site-packages/airflow/example_dags/example_dag_decorator.py for tasks to queue
[2023-06-30T06:10:53.117+0000] {logging_mixin.py:137} INFO - [2023-06-30T06:10:53.116+0000] {dagbag.py:538} INFO - Filling up the DagBag from /home/airflow/.local/lib/python3.7/site-packages/airflow/example_dags/example_dag_decorator.py
[2023-06-30T06:10:53.148+0000] {logging_mixin.py:137} INFO - [2023-06-30T06:10:53.148+0000] {taskmixin.py:205} WARNING - Dependency <Task(_PythonDecoratedOperator): prepare_email>, send_email already registered for DAG: example_dag_decorator
[2023-06-30T06:10:53.151+0000] {logging_mixin.py:137} INFO - [2023-06-30T06:10:53.150+0000] {taskmixin.py:205} WARNING - Dependency <Task(EmailOperator): send_email>, prepare_email already registered for DAG: example_dag_decorator
[2023-06-30T06:10:53.171+0000] {processor.py:753} INFO - DAG(s) dict_keys(['example_dag_decorator']) retrieved from /home/airflow/.local/lib/python3.7/site-packages/airflow/example_dags/example_dag_decorator.py
[2023-06-30T06:10:53.301+0000] {logging_mixin.py:137} INFO - [2023-06-30T06:10:53.301+0000] {dag.py:2676} INFO - Sync 1 DAGs
[2023-06-30T06:10:53.344+0000] {logging_mixin.py:137} INFO - [2023-06-30T06:10:53.344+0000] {dag.py:3427} INFO - Setting next_dagrun for example_dag_decorator to None, run_after=None
[2023-06-30T06:10:53.377+0000] {processor.py:175} INFO - Processing /home/airflow/.local/lib/python3.7/site-packages/airflow/example_dags/example_dag_decorator.py took 0.274 seconds
[2023-06-30T06:11:23.566+0000] {processor.py:153} INFO - Started process (PID=1471) to work on /home/airflow/.local/lib/python3.7/site-packages/airflow/example_dags/example_dag_decorator.py
[2023-06-30T06:11:23.569+0000] {processor.py:743} INFO - Processing file /home/airflow/.local/lib/python3.7/site-packages/airflow/example_dags/example_dag_decorator.py for tasks to queue
[2023-06-30T06:11:23.571+0000] {logging_mixin.py:137} INFO - [2023-06-30T06:11:23.571+0000] {dagbag.py:538} INFO - Filling up the DagBag from /home/airflow/.local/lib/python3.7/site-packages/airflow/example_dags/example_dag_decorator.py
[2023-06-30T06:11:23.600+0000] {logging_mixin.py:137} INFO - [2023-06-30T06:11:23.600+0000] {taskmixin.py:205} WARNING - Dependency <Task(_PythonDecoratedOperator): prepare_email>, send_email already registered for DAG: example_dag_decorator
[2023-06-30T06:11:23.605+0000] {logging_mixin.py:137} INFO - [2023-06-30T06:11:23.605+0000] {taskmixin.py:205} WARNING - Dependency <Task(EmailOperator): send_email>, prepare_email already registered for DAG: example_dag_decorator
[2023-06-30T06:11:23.630+0000] {processor.py:753} INFO - DAG(s) dict_keys(['example_dag_decorator']) retrieved from /home/airflow/.local/lib/python3.7/site-packages/airflow/example_dags/example_dag_decorator.py
[2023-06-30T06:11:23.740+0000] {logging_mixin.py:137} INFO - [2023-06-30T06:11:23.739+0000] {dag.py:2676} INFO - Sync 1 DAGs
[2023-06-30T06:11:23.777+0000] {logging_mixin.py:137} INFO - [2023-06-30T06:11:23.777+0000] {dag.py:3427} INFO - Setting next_dagrun for example_dag_decorator to None, run_after=None
[2023-06-30T06:11:23.808+0000] {processor.py:175} INFO - Processing /home/airflow/.local/lib/python3.7/site-packages/airflow/example_dags/example_dag_decorator.py took 0.248 seconds
[2023-06-30T06:11:53.944+0000] {processor.py:153} INFO - Started process (PID=1537) to work on /home/airflow/.local/lib/python3.7/site-packages/airflow/example_dags/example_dag_decorator.py
[2023-06-30T06:11:53.947+0000] {processor.py:743} INFO - Processing file /home/airflow/.local/lib/python3.7/site-packages/airflow/example_dags/example_dag_decorator.py for tasks to queue
[2023-06-30T06:11:53.969+0000] {logging_mixin.py:137} INFO - [2023-06-30T06:11:53.969+0000] {dagbag.py:538} INFO - Filling up the DagBag from /home/airflow/.local/lib/python3.7/site-packages/airflow/example_dags/example_dag_decorator.py
[2023-06-30T06:11:53.997+0000] {logging_mixin.py:137} INFO - [2023-06-30T06:11:53.997+0000] {taskmixin.py:205} WARNING - Dependency <Task(_PythonDecoratedOperator): prepare_email>, send_email already registered for DAG: example_dag_decorator
[2023-06-30T06:11:53.999+0000] {logging_mixin.py:137} INFO - [2023-06-30T06:11:53.999+0000] {taskmixin.py:205} WARNING - Dependency <Task(EmailOperator): send_email>, prepare_email already registered for DAG: example_dag_decorator
[2023-06-30T06:11:54.017+0000] {processor.py:753} INFO - DAG(s) dict_keys(['example_dag_decorator']) retrieved from /home/airflow/.local/lib/python3.7/site-packages/airflow/example_dags/example_dag_decorator.py
[2023-06-30T06:11:54.124+0000] {logging_mixin.py:137} INFO - [2023-06-30T06:11:54.124+0000] {dag.py:2676} INFO - Sync 1 DAGs
[2023-06-30T06:11:54.160+0000] {logging_mixin.py:137} INFO - [2023-06-30T06:11:54.159+0000] {dag.py:3427} INFO - Setting next_dagrun for example_dag_decorator to None, run_after=None
[2023-06-30T06:11:54.188+0000] {processor.py:175} INFO - Processing /home/airflow/.local/lib/python3.7/site-packages/airflow/example_dags/example_dag_decorator.py took 0.249 seconds
[2023-06-30T06:12:24.897+0000] {processor.py:153} INFO - Started process (PID=1617) to work on /home/airflow/.local/lib/python3.7/site-packages/airflow/example_dags/example_dag_decorator.py
[2023-06-30T06:12:24.900+0000] {processor.py:743} INFO - Processing file /home/airflow/.local/lib/python3.7/site-packages/airflow/example_dags/example_dag_decorator.py for tasks to queue
[2023-06-30T06:12:24.902+0000] {logging_mixin.py:137} INFO - [2023-06-30T06:12:24.902+0000] {dagbag.py:538} INFO - Filling up the DagBag from /home/airflow/.local/lib/python3.7/site-packages/airflow/example_dags/example_dag_decorator.py
[2023-06-30T06:12:24.927+0000] {logging_mixin.py:137} INFO - [2023-06-30T06:12:24.927+0000] {taskmixin.py:205} WARNING - Dependency <Task(_PythonDecoratedOperator): prepare_email>, send_email already registered for DAG: example_dag_decorator
[2023-06-30T06:12:24.929+0000] {logging_mixin.py:137} INFO - [2023-06-30T06:12:24.929+0000] {taskmixin.py:205} WARNING - Dependency <Task(EmailOperator): send_email>, prepare_email already registered for DAG: example_dag_decorator
[2023-06-30T06:12:24.947+0000] {processor.py:753} INFO - DAG(s) dict_keys(['example_dag_decorator']) retrieved from /home/airflow/.local/lib/python3.7/site-packages/airflow/example_dags/example_dag_decorator.py
[2023-06-30T06:12:25.053+0000] {logging_mixin.py:137} INFO - [2023-06-30T06:12:25.053+0000] {dag.py:2676} INFO - Sync 1 DAGs
[2023-06-30T06:12:25.105+0000] {logging_mixin.py:137} INFO - [2023-06-30T06:12:25.104+0000] {dag.py:3427} INFO - Setting next_dagrun for example_dag_decorator to None, run_after=None
[2023-06-30T06:12:25.148+0000] {processor.py:175} INFO - Processing /home/airflow/.local/lib/python3.7/site-packages/airflow/example_dags/example_dag_decorator.py took 0.257 seconds
[2023-06-30T06:12:55.194+0000] {processor.py:153} INFO - Started process (PID=1684) to work on /home/airflow/.local/lib/python3.7/site-packages/airflow/example_dags/example_dag_decorator.py
[2023-06-30T06:12:55.196+0000] {processor.py:743} INFO - Processing file /home/airflow/.local/lib/python3.7/site-packages/airflow/example_dags/example_dag_decorator.py for tasks to queue
[2023-06-30T06:12:55.198+0000] {logging_mixin.py:137} INFO - [2023-06-30T06:12:55.197+0000] {dagbag.py:538} INFO - Filling up the DagBag from /home/airflow/.local/lib/python3.7/site-packages/airflow/example_dags/example_dag_decorator.py
[2023-06-30T06:12:55.222+0000] {logging_mixin.py:137} INFO - [2023-06-30T06:12:55.222+0000] {taskmixin.py:205} WARNING - Dependency <Task(_PythonDecoratedOperator): prepare_email>, send_email already registered for DAG: example_dag_decorator
[2023-06-30T06:12:55.224+0000] {logging_mixin.py:137} INFO - [2023-06-30T06:12:55.224+0000] {taskmixin.py:205} WARNING - Dependency <Task(EmailOperator): send_email>, prepare_email already registered for DAG: example_dag_decorator
[2023-06-30T06:12:55.241+0000] {processor.py:753} INFO - DAG(s) dict_keys(['example_dag_decorator']) retrieved from /home/airflow/.local/lib/python3.7/site-packages/airflow/example_dags/example_dag_decorator.py
[2023-06-30T06:12:55.350+0000] {logging_mixin.py:137} INFO - [2023-06-30T06:12:55.350+0000] {dag.py:2676} INFO - Sync 1 DAGs
[2023-06-30T06:12:55.382+0000] {logging_mixin.py:137} INFO - [2023-06-30T06:12:55.382+0000] {dag.py:3427} INFO - Setting next_dagrun for example_dag_decorator to None, run_after=None
[2023-06-30T06:12:55.407+0000] {processor.py:175} INFO - Processing /home/airflow/.local/lib/python3.7/site-packages/airflow/example_dags/example_dag_decorator.py took 0.218 seconds
[2023-06-30T06:13:25.594+0000] {processor.py:153} INFO - Started process (PID=1750) to work on /home/airflow/.local/lib/python3.7/site-packages/airflow/example_dags/example_dag_decorator.py
[2023-06-30T06:13:25.597+0000] {processor.py:743} INFO - Processing file /home/airflow/.local/lib/python3.7/site-packages/airflow/example_dags/example_dag_decorator.py for tasks to queue
[2023-06-30T06:13:25.598+0000] {logging_mixin.py:137} INFO - [2023-06-30T06:13:25.598+0000] {dagbag.py:538} INFO - Filling up the DagBag from /home/airflow/.local/lib/python3.7/site-packages/airflow/example_dags/example_dag_decorator.py
[2023-06-30T06:13:25.623+0000] {logging_mixin.py:137} INFO - [2023-06-30T06:13:25.623+0000] {taskmixin.py:205} WARNING - Dependency <Task(_PythonDecoratedOperator): prepare_email>, send_email already registered for DAG: example_dag_decorator
[2023-06-30T06:13:25.626+0000] {logging_mixin.py:137} INFO - [2023-06-30T06:13:25.625+0000] {taskmixin.py:205} WARNING - Dependency <Task(EmailOperator): send_email>, prepare_email already registered for DAG: example_dag_decorator
[2023-06-30T06:13:25.644+0000] {processor.py:753} INFO - DAG(s) dict_keys(['example_dag_decorator']) retrieved from /home/airflow/.local/lib/python3.7/site-packages/airflow/example_dags/example_dag_decorator.py
[2023-06-30T06:13:25.750+0000] {logging_mixin.py:137} INFO - [2023-06-30T06:13:25.750+0000] {dag.py:2676} INFO - Sync 1 DAGs
[2023-06-30T06:13:25.781+0000] {logging_mixin.py:137} INFO - [2023-06-30T06:13:25.781+0000] {dag.py:3427} INFO - Setting next_dagrun for example_dag_decorator to None, run_after=None
[2023-06-30T06:13:25.808+0000] {processor.py:175} INFO - Processing /home/airflow/.local/lib/python3.7/site-packages/airflow/example_dags/example_dag_decorator.py took 0.219 seconds
[2023-06-30T06:13:55.898+0000] {processor.py:153} INFO - Started process (PID=1830) to work on /home/airflow/.local/lib/python3.7/site-packages/airflow/example_dags/example_dag_decorator.py
[2023-06-30T06:13:55.902+0000] {processor.py:743} INFO - Processing file /home/airflow/.local/lib/python3.7/site-packages/airflow/example_dags/example_dag_decorator.py for tasks to queue
[2023-06-30T06:13:55.905+0000] {logging_mixin.py:137} INFO - [2023-06-30T06:13:55.905+0000] {dagbag.py:538} INFO - Filling up the DagBag from /home/airflow/.local/lib/python3.7/site-packages/airflow/example_dags/example_dag_decorator.py
[2023-06-30T06:13:55.933+0000] {logging_mixin.py:137} INFO - [2023-06-30T06:13:55.933+0000] {taskmixin.py:205} WARNING - Dependency <Task(_PythonDecoratedOperator): prepare_email>, send_email already registered for DAG: example_dag_decorator
[2023-06-30T06:13:55.935+0000] {logging_mixin.py:137} INFO - [2023-06-30T06:13:55.935+0000] {taskmixin.py:205} WARNING - Dependency <Task(EmailOperator): send_email>, prepare_email already registered for DAG: example_dag_decorator
[2023-06-30T06:13:55.956+0000] {processor.py:753} INFO - DAG(s) dict_keys(['example_dag_decorator']) retrieved from /home/airflow/.local/lib/python3.7/site-packages/airflow/example_dags/example_dag_decorator.py
[2023-06-30T06:13:56.068+0000] {logging_mixin.py:137} INFO - [2023-06-30T06:13:56.068+0000] {dag.py:2676} INFO - Sync 1 DAGs
[2023-06-30T06:13:56.105+0000] {logging_mixin.py:137} INFO - [2023-06-30T06:13:56.105+0000] {dag.py:3427} INFO - Setting next_dagrun for example_dag_decorator to None, run_after=None
[2023-06-30T06:13:56.132+0000] {processor.py:175} INFO - Processing /home/airflow/.local/lib/python3.7/site-packages/airflow/example_dags/example_dag_decorator.py took 0.242 seconds
[2023-06-30T06:14:26.302+0000] {processor.py:153} INFO - Started process (PID=1895) to work on /home/airflow/.local/lib/python3.7/site-packages/airflow/example_dags/example_dag_decorator.py
[2023-06-30T06:14:26.305+0000] {processor.py:743} INFO - Processing file /home/airflow/.local/lib/python3.7/site-packages/airflow/example_dags/example_dag_decorator.py for tasks to queue
[2023-06-30T06:14:26.310+0000] {logging_mixin.py:137} INFO - [2023-06-30T06:14:26.309+0000] {dagbag.py:538} INFO - Filling up the DagBag from /home/airflow/.local/lib/python3.7/site-packages/airflow/example_dags/example_dag_decorator.py
[2023-06-30T06:14:26.360+0000] {logging_mixin.py:137} INFO - [2023-06-30T06:14:26.360+0000] {taskmixin.py:205} WARNING - Dependency <Task(_PythonDecoratedOperator): prepare_email>, send_email already registered for DAG: example_dag_decorator
[2023-06-30T06:14:26.362+0000] {logging_mixin.py:137} INFO - [2023-06-30T06:14:26.362+0000] {taskmixin.py:205} WARNING - Dependency <Task(EmailOperator): send_email>, prepare_email already registered for DAG: example_dag_decorator
[2023-06-30T06:14:26.387+0000] {processor.py:753} INFO - DAG(s) dict_keys(['example_dag_decorator']) retrieved from /home/airflow/.local/lib/python3.7/site-packages/airflow/example_dags/example_dag_decorator.py
[2023-06-30T06:14:26.504+0000] {logging_mixin.py:137} INFO - [2023-06-30T06:14:26.504+0000] {dag.py:2676} INFO - Sync 1 DAGs
[2023-06-30T06:14:26.535+0000] {logging_mixin.py:137} INFO - [2023-06-30T06:14:26.535+0000] {dag.py:3427} INFO - Setting next_dagrun for example_dag_decorator to None, run_after=None
[2023-06-30T06:14:26.561+0000] {processor.py:175} INFO - Processing /home/airflow/.local/lib/python3.7/site-packages/airflow/example_dags/example_dag_decorator.py took 0.267 seconds
[2023-06-30T06:14:57.105+0000] {processor.py:153} INFO - Started process (PID=1970) to work on /home/airflow/.local/lib/python3.7/site-packages/airflow/example_dags/example_dag_decorator.py
[2023-06-30T06:14:57.107+0000] {processor.py:743} INFO - Processing file /home/airflow/.local/lib/python3.7/site-packages/airflow/example_dags/example_dag_decorator.py for tasks to queue
[2023-06-30T06:14:57.110+0000] {logging_mixin.py:137} INFO - [2023-06-30T06:14:57.110+0000] {dagbag.py:538} INFO - Filling up the DagBag from /home/airflow/.local/lib/python3.7/site-packages/airflow/example_dags/example_dag_decorator.py
[2023-06-30T06:14:57.139+0000] {logging_mixin.py:137} INFO - [2023-06-30T06:14:57.139+0000] {taskmixin.py:205} WARNING - Dependency <Task(_PythonDecoratedOperator): prepare_email>, send_email already registered for DAG: example_dag_decorator
[2023-06-30T06:14:57.141+0000] {logging_mixin.py:137} INFO - [2023-06-30T06:14:57.141+0000] {taskmixin.py:205} WARNING - Dependency <Task(EmailOperator): send_email>, prepare_email already registered for DAG: example_dag_decorator
[2023-06-30T06:14:57.160+0000] {processor.py:753} INFO - DAG(s) dict_keys(['example_dag_decorator']) retrieved from /home/airflow/.local/lib/python3.7/site-packages/airflow/example_dags/example_dag_decorator.py
[2023-06-30T06:14:57.197+0000] {logging_mixin.py:137} INFO - [2023-06-30T06:14:57.197+0000] {dag.py:2676} INFO - Sync 1 DAGs
[2023-06-30T06:14:57.233+0000] {logging_mixin.py:137} INFO - [2023-06-30T06:14:57.232+0000] {dag.py:3427} INFO - Setting next_dagrun for example_dag_decorator to None, run_after=None
[2023-06-30T06:14:57.260+0000] {processor.py:175} INFO - Processing /home/airflow/.local/lib/python3.7/site-packages/airflow/example_dags/example_dag_decorator.py took 0.162 seconds
[2023-06-30T06:15:27.810+0000] {processor.py:153} INFO - Started process (PID=2041) to work on /home/airflow/.local/lib/python3.7/site-packages/airflow/example_dags/example_dag_decorator.py
[2023-06-30T06:15:27.813+0000] {processor.py:743} INFO - Processing file /home/airflow/.local/lib/python3.7/site-packages/airflow/example_dags/example_dag_decorator.py for tasks to queue
[2023-06-30T06:15:27.815+0000] {logging_mixin.py:137} INFO - [2023-06-30T06:15:27.815+0000] {dagbag.py:538} INFO - Filling up the DagBag from /home/airflow/.local/lib/python3.7/site-packages/airflow/example_dags/example_dag_decorator.py
[2023-06-30T06:15:27.841+0000] {logging_mixin.py:137} INFO - [2023-06-30T06:15:27.841+0000] {taskmixin.py:205} WARNING - Dependency <Task(_PythonDecoratedOperator): prepare_email>, send_email already registered for DAG: example_dag_decorator
[2023-06-30T06:15:27.842+0000] {logging_mixin.py:137} INFO - [2023-06-30T06:15:27.842+0000] {taskmixin.py:205} WARNING - Dependency <Task(EmailOperator): send_email>, prepare_email already registered for DAG: example_dag_decorator
[2023-06-30T06:15:27.860+0000] {processor.py:753} INFO - DAG(s) dict_keys(['example_dag_decorator']) retrieved from /home/airflow/.local/lib/python3.7/site-packages/airflow/example_dags/example_dag_decorator.py
[2023-06-30T06:15:27.894+0000] {logging_mixin.py:137} INFO - [2023-06-30T06:15:27.894+0000] {dag.py:2676} INFO - Sync 1 DAGs
[2023-06-30T06:15:27.926+0000] {logging_mixin.py:137} INFO - [2023-06-30T06:15:27.926+0000] {dag.py:3427} INFO - Setting next_dagrun for example_dag_decorator to None, run_after=None
[2023-06-30T06:15:27.948+0000] {processor.py:175} INFO - Processing /home/airflow/.local/lib/python3.7/site-packages/airflow/example_dags/example_dag_decorator.py took 0.143 seconds
[2023-06-30T06:15:58.349+0000] {processor.py:153} INFO - Started process (PID=2107) to work on /home/airflow/.local/lib/python3.7/site-packages/airflow/example_dags/example_dag_decorator.py
[2023-06-30T06:15:58.352+0000] {processor.py:743} INFO - Processing file /home/airflow/.local/lib/python3.7/site-packages/airflow/example_dags/example_dag_decorator.py for tasks to queue
[2023-06-30T06:15:58.355+0000] {logging_mixin.py:137} INFO - [2023-06-30T06:15:58.355+0000] {dagbag.py:538} INFO - Filling up the DagBag from /home/airflow/.local/lib/python3.7/site-packages/airflow/example_dags/example_dag_decorator.py
[2023-06-30T06:15:58.385+0000] {logging_mixin.py:137} INFO - [2023-06-30T06:15:58.385+0000] {taskmixin.py:205} WARNING - Dependency <Task(_PythonDecoratedOperator): prepare_email>, send_email already registered for DAG: example_dag_decorator
[2023-06-30T06:15:58.387+0000] {logging_mixin.py:137} INFO - [2023-06-30T06:15:58.387+0000] {taskmixin.py:205} WARNING - Dependency <Task(EmailOperator): send_email>, prepare_email already registered for DAG: example_dag_decorator
[2023-06-30T06:15:58.413+0000] {processor.py:753} INFO - DAG(s) dict_keys(['example_dag_decorator']) retrieved from /home/airflow/.local/lib/python3.7/site-packages/airflow/example_dags/example_dag_decorator.py
[2023-06-30T06:15:58.562+0000] {logging_mixin.py:137} INFO - [2023-06-30T06:15:58.561+0000] {dag.py:2676} INFO - Sync 1 DAGs
[2023-06-30T06:15:58.605+0000] {logging_mixin.py:137} INFO - [2023-06-30T06:15:58.605+0000] {dag.py:3427} INFO - Setting next_dagrun for example_dag_decorator to None, run_after=None
[2023-06-30T06:15:58.634+0000] {processor.py:175} INFO - Processing /home/airflow/.local/lib/python3.7/site-packages/airflow/example_dags/example_dag_decorator.py took 0.291 seconds
[2023-06-30T06:16:28.806+0000] {processor.py:153} INFO - Started process (PID=2187) to work on /home/airflow/.local/lib/python3.7/site-packages/airflow/example_dags/example_dag_decorator.py
[2023-06-30T06:16:28.809+0000] {processor.py:743} INFO - Processing file /home/airflow/.local/lib/python3.7/site-packages/airflow/example_dags/example_dag_decorator.py for tasks to queue
[2023-06-30T06:16:28.812+0000] {logging_mixin.py:137} INFO - [2023-06-30T06:16:28.812+0000] {dagbag.py:538} INFO - Filling up the DagBag from /home/airflow/.local/lib/python3.7/site-packages/airflow/example_dags/example_dag_decorator.py
[2023-06-30T06:16:28.886+0000] {logging_mixin.py:137} INFO - [2023-06-30T06:16:28.886+0000] {taskmixin.py:205} WARNING - Dependency <Task(_PythonDecoratedOperator): prepare_email>, send_email already registered for DAG: example_dag_decorator
[2023-06-30T06:16:28.888+0000] {logging_mixin.py:137} INFO - [2023-06-30T06:16:28.888+0000] {taskmixin.py:205} WARNING - Dependency <Task(EmailOperator): send_email>, prepare_email already registered for DAG: example_dag_decorator
[2023-06-30T06:16:28.917+0000] {processor.py:753} INFO - DAG(s) dict_keys(['example_dag_decorator']) retrieved from /home/airflow/.local/lib/python3.7/site-packages/airflow/example_dags/example_dag_decorator.py
[2023-06-30T06:16:29.133+0000] {logging_mixin.py:137} INFO - [2023-06-30T06:16:29.132+0000] {dag.py:2676} INFO - Sync 1 DAGs
[2023-06-30T06:16:29.210+0000] {logging_mixin.py:137} INFO - [2023-06-30T06:16:29.210+0000] {dag.py:3427} INFO - Setting next_dagrun for example_dag_decorator to None, run_after=None
[2023-06-30T06:16:29.297+0000] {processor.py:175} INFO - Processing /home/airflow/.local/lib/python3.7/site-packages/airflow/example_dags/example_dag_decorator.py took 0.499 seconds
[2023-06-30T06:17:00.045+0000] {processor.py:153} INFO - Started process (PID=2253) to work on /home/airflow/.local/lib/python3.7/site-packages/airflow/example_dags/example_dag_decorator.py
[2023-06-30T06:17:00.047+0000] {processor.py:743} INFO - Processing file /home/airflow/.local/lib/python3.7/site-packages/airflow/example_dags/example_dag_decorator.py for tasks to queue
[2023-06-30T06:17:00.049+0000] {logging_mixin.py:137} INFO - [2023-06-30T06:17:00.049+0000] {dagbag.py:538} INFO - Filling up the DagBag from /home/airflow/.local/lib/python3.7/site-packages/airflow/example_dags/example_dag_decorator.py
[2023-06-30T06:17:00.073+0000] {logging_mixin.py:137} INFO - [2023-06-30T06:17:00.073+0000] {taskmixin.py:205} WARNING - Dependency <Task(_PythonDecoratedOperator): prepare_email>, send_email already registered for DAG: example_dag_decorator
[2023-06-30T06:17:00.075+0000] {logging_mixin.py:137} INFO - [2023-06-30T06:17:00.074+0000] {taskmixin.py:205} WARNING - Dependency <Task(EmailOperator): send_email>, prepare_email already registered for DAG: example_dag_decorator
[2023-06-30T06:17:00.090+0000] {processor.py:753} INFO - DAG(s) dict_keys(['example_dag_decorator']) retrieved from /home/airflow/.local/lib/python3.7/site-packages/airflow/example_dags/example_dag_decorator.py
[2023-06-30T06:17:00.179+0000] {logging_mixin.py:137} INFO - [2023-06-30T06:17:00.178+0000] {dag.py:2676} INFO - Sync 1 DAGs
[2023-06-30T06:17:00.209+0000] {logging_mixin.py:137} INFO - [2023-06-30T06:17:00.209+0000] {dag.py:3427} INFO - Setting next_dagrun for example_dag_decorator to None, run_after=None
[2023-06-30T06:17:00.232+0000] {processor.py:175} INFO - Processing /home/airflow/.local/lib/python3.7/site-packages/airflow/example_dags/example_dag_decorator.py took 0.192 seconds
