[2023-06-30T06:01:11.371+0000] {processor.py:153} INFO - Started process (PID=72) to work on /home/airflow/.local/lib/python3.7/site-packages/airflow/example_dags/example_subdag_operator.py
[2023-06-30T06:01:11.373+0000] {processor.py:743} INFO - Processing file /home/airflow/.local/lib/python3.7/site-packages/airflow/example_dags/example_subdag_operator.py for tasks to queue
[2023-06-30T06:01:11.376+0000] {logging_mixin.py:137} INFO - [2023-06-30T06:01:11.375+0000] {dagbag.py:538} INFO - Filling up the DagBag from /home/airflow/.local/lib/python3.7/site-packages/airflow/example_dags/example_subdag_operator.py
[2023-06-30T06:01:11.430+0000] {processor.py:753} INFO - DAG(s) dict_keys(['example_subdag_operator.section-1', 'example_subdag_operator.section-2', 'example_subdag_operator']) retrieved from /home/airflow/.local/lib/python3.7/site-packages/airflow/example_dags/example_subdag_operator.py
[2023-06-30T06:01:11.484+0000] {logging_mixin.py:137} INFO - [2023-06-30T06:01:11.484+0000] {dag.py:2676} INFO - Sync 3 DAGs
[2023-06-30T06:01:11.525+0000] {logging_mixin.py:137} INFO - [2023-06-30T06:01:11.525+0000] {dag.py:3427} INFO - Setting next_dagrun for example_subdag_operator to 2022-01-01T00:00:00+00:00, run_after=2022-01-01T00:00:00+00:00
[2023-06-30T06:01:11.532+0000] {logging_mixin.py:137} INFO - [2023-06-30T06:01:11.532+0000] {dag.py:3427} INFO - Setting next_dagrun for example_subdag_operator.section-1 to None, run_after=None
[2023-06-30T06:01:11.536+0000] {logging_mixin.py:137} INFO - [2023-06-30T06:01:11.536+0000] {dag.py:3427} INFO - Setting next_dagrun for example_subdag_operator.section-2 to None, run_after=None
[2023-06-30T06:01:11.552+0000] {logging_mixin.py:137} INFO - [2023-06-30T06:01:11.551+0000] {dag.py:2676} INFO - Sync 2 DAGs
[2023-06-30T06:01:11.563+0000] {logging_mixin.py:137} INFO - [2023-06-30T06:01:11.563+0000] {dag.py:3427} INFO - Setting next_dagrun for example_subdag_operator.section-1 to None, run_after=None
[2023-06-30T06:01:11.565+0000] {logging_mixin.py:137} INFO - [2023-06-30T06:01:11.565+0000] {dag.py:3427} INFO - Setting next_dagrun for example_subdag_operator.section-2 to None, run_after=None
[2023-06-30T06:01:11.586+0000] {processor.py:175} INFO - Processing /home/airflow/.local/lib/python3.7/site-packages/airflow/example_dags/example_subdag_operator.py took 0.220 seconds
[2023-06-30T06:01:49.175+0000] {processor.py:153} INFO - Started process (PID=148) to work on /home/airflow/.local/lib/python3.7/site-packages/airflow/example_dags/example_subdag_operator.py
[2023-06-30T06:01:49.179+0000] {processor.py:743} INFO - Processing file /home/airflow/.local/lib/python3.7/site-packages/airflow/example_dags/example_subdag_operator.py for tasks to queue
[2023-06-30T06:01:49.181+0000] {logging_mixin.py:137} INFO - [2023-06-30T06:01:49.181+0000] {dagbag.py:538} INFO - Filling up the DagBag from /home/airflow/.local/lib/python3.7/site-packages/airflow/example_dags/example_subdag_operator.py
[2023-06-30T06:01:49.355+0000] {processor.py:753} INFO - DAG(s) dict_keys(['example_subdag_operator.section-1', 'example_subdag_operator.section-2', 'example_subdag_operator']) retrieved from /home/airflow/.local/lib/python3.7/site-packages/airflow/example_dags/example_subdag_operator.py
[2023-06-30T06:01:49.568+0000] {logging_mixin.py:137} INFO - [2023-06-30T06:01:49.568+0000] {dag.py:2676} INFO - Sync 3 DAGs
[2023-06-30T06:01:49.674+0000] {logging_mixin.py:137} INFO - [2023-06-30T06:01:49.673+0000] {dag.py:3427} INFO - Setting next_dagrun for example_subdag_operator to 2022-01-01T00:00:00+00:00, run_after=2022-01-01T00:00:00+00:00
[2023-06-30T06:01:49.691+0000] {logging_mixin.py:137} INFO - [2023-06-30T06:01:49.691+0000] {dag.py:3427} INFO - Setting next_dagrun for example_subdag_operator.section-1 to None, run_after=None
[2023-06-30T06:01:49.706+0000] {logging_mixin.py:137} INFO - [2023-06-30T06:01:49.706+0000] {dag.py:3427} INFO - Setting next_dagrun for example_subdag_operator.section-2 to None, run_after=None
[2023-06-30T06:01:49.742+0000] {logging_mixin.py:137} INFO - [2023-06-30T06:01:49.741+0000] {dag.py:2676} INFO - Sync 2 DAGs
[2023-06-30T06:01:49.856+0000] {logging_mixin.py:137} INFO - [2023-06-30T06:01:49.856+0000] {dag.py:3427} INFO - Setting next_dagrun for example_subdag_operator.section-1 to None, run_after=None
[2023-06-30T06:01:49.880+0000] {logging_mixin.py:137} INFO - [2023-06-30T06:01:49.871+0000] {dag.py:3427} INFO - Setting next_dagrun for example_subdag_operator.section-2 to None, run_after=None
[2023-06-30T06:01:50.181+0000] {processor.py:175} INFO - Processing /home/airflow/.local/lib/python3.7/site-packages/airflow/example_dags/example_subdag_operator.py took 1.014 seconds
[2023-06-30T06:02:20.450+0000] {processor.py:153} INFO - Started process (PID=219) to work on /home/airflow/.local/lib/python3.7/site-packages/airflow/example_dags/example_subdag_operator.py
[2023-06-30T06:02:20.456+0000] {processor.py:743} INFO - Processing file /home/airflow/.local/lib/python3.7/site-packages/airflow/example_dags/example_subdag_operator.py for tasks to queue
[2023-06-30T06:02:20.461+0000] {logging_mixin.py:137} INFO - [2023-06-30T06:02:20.461+0000] {dagbag.py:538} INFO - Filling up the DagBag from /home/airflow/.local/lib/python3.7/site-packages/airflow/example_dags/example_subdag_operator.py
[2023-06-30T06:02:20.607+0000] {processor.py:753} INFO - DAG(s) dict_keys(['example_subdag_operator.section-1', 'example_subdag_operator.section-2', 'example_subdag_operator']) retrieved from /home/airflow/.local/lib/python3.7/site-packages/airflow/example_dags/example_subdag_operator.py
[2023-06-30T06:02:20.689+0000] {logging_mixin.py:137} INFO - [2023-06-30T06:02:20.689+0000] {dag.py:2676} INFO - Sync 3 DAGs
[2023-06-30T06:02:20.764+0000] {logging_mixin.py:137} INFO - [2023-06-30T06:02:20.764+0000] {dag.py:3427} INFO - Setting next_dagrun for example_subdag_operator to 2022-01-01T00:00:00+00:00, run_after=2022-01-01T00:00:00+00:00
[2023-06-30T06:02:20.773+0000] {logging_mixin.py:137} INFO - [2023-06-30T06:02:20.773+0000] {dag.py:3427} INFO - Setting next_dagrun for example_subdag_operator.section-1 to None, run_after=None
[2023-06-30T06:02:20.777+0000] {logging_mixin.py:137} INFO - [2023-06-30T06:02:20.777+0000] {dag.py:3427} INFO - Setting next_dagrun for example_subdag_operator.section-2 to None, run_after=None
[2023-06-30T06:02:20.794+0000] {logging_mixin.py:137} INFO - [2023-06-30T06:02:20.794+0000] {dag.py:2676} INFO - Sync 2 DAGs
[2023-06-30T06:02:20.812+0000] {logging_mixin.py:137} INFO - [2023-06-30T06:02:20.812+0000] {dag.py:3427} INFO - Setting next_dagrun for example_subdag_operator.section-1 to None, run_after=None
[2023-06-30T06:02:20.815+0000] {logging_mixin.py:137} INFO - [2023-06-30T06:02:20.815+0000] {dag.py:3427} INFO - Setting next_dagrun for example_subdag_operator.section-2 to None, run_after=None
[2023-06-30T06:02:20.865+0000] {processor.py:175} INFO - Processing /home/airflow/.local/lib/python3.7/site-packages/airflow/example_dags/example_subdag_operator.py took 0.422 seconds
[2023-06-30T06:02:51.249+0000] {processor.py:153} INFO - Started process (PID=285) to work on /home/airflow/.local/lib/python3.7/site-packages/airflow/example_dags/example_subdag_operator.py
[2023-06-30T06:02:51.250+0000] {processor.py:743} INFO - Processing file /home/airflow/.local/lib/python3.7/site-packages/airflow/example_dags/example_subdag_operator.py for tasks to queue
[2023-06-30T06:02:51.252+0000] {logging_mixin.py:137} INFO - [2023-06-30T06:02:51.252+0000] {dagbag.py:538} INFO - Filling up the DagBag from /home/airflow/.local/lib/python3.7/site-packages/airflow/example_dags/example_subdag_operator.py
[2023-06-30T06:02:51.306+0000] {processor.py:753} INFO - DAG(s) dict_keys(['example_subdag_operator.section-1', 'example_subdag_operator.section-2', 'example_subdag_operator']) retrieved from /home/airflow/.local/lib/python3.7/site-packages/airflow/example_dags/example_subdag_operator.py
[2023-06-30T06:02:51.381+0000] {logging_mixin.py:137} INFO - [2023-06-30T06:02:51.380+0000] {dag.py:2676} INFO - Sync 3 DAGs
[2023-06-30T06:02:51.443+0000] {logging_mixin.py:137} INFO - [2023-06-30T06:02:51.443+0000] {dag.py:3427} INFO - Setting next_dagrun for example_subdag_operator to 2022-01-01T00:00:00+00:00, run_after=2022-01-01T00:00:00+00:00
[2023-06-30T06:02:51.453+0000] {logging_mixin.py:137} INFO - [2023-06-30T06:02:51.453+0000] {dag.py:3427} INFO - Setting next_dagrun for example_subdag_operator.section-1 to None, run_after=None
[2023-06-30T06:02:51.458+0000] {logging_mixin.py:137} INFO - [2023-06-30T06:02:51.458+0000] {dag.py:3427} INFO - Setting next_dagrun for example_subdag_operator.section-2 to None, run_after=None
[2023-06-30T06:02:51.475+0000] {logging_mixin.py:137} INFO - [2023-06-30T06:02:51.474+0000] {dag.py:2676} INFO - Sync 2 DAGs
[2023-06-30T06:02:51.490+0000] {logging_mixin.py:137} INFO - [2023-06-30T06:02:51.489+0000] {dag.py:3427} INFO - Setting next_dagrun for example_subdag_operator.section-1 to None, run_after=None
[2023-06-30T06:02:51.492+0000] {logging_mixin.py:137} INFO - [2023-06-30T06:02:51.492+0000] {dag.py:3427} INFO - Setting next_dagrun for example_subdag_operator.section-2 to None, run_after=None
[2023-06-30T06:02:51.559+0000] {processor.py:175} INFO - Processing /home/airflow/.local/lib/python3.7/site-packages/airflow/example_dags/example_subdag_operator.py took 0.315 seconds
[2023-06-30T06:03:22.220+0000] {processor.py:153} INFO - Started process (PID=351) to work on /home/airflow/.local/lib/python3.7/site-packages/airflow/example_dags/example_subdag_operator.py
[2023-06-30T06:03:22.222+0000] {processor.py:743} INFO - Processing file /home/airflow/.local/lib/python3.7/site-packages/airflow/example_dags/example_subdag_operator.py for tasks to queue
[2023-06-30T06:03:22.224+0000] {logging_mixin.py:137} INFO - [2023-06-30T06:03:22.224+0000] {dagbag.py:538} INFO - Filling up the DagBag from /home/airflow/.local/lib/python3.7/site-packages/airflow/example_dags/example_subdag_operator.py
[2023-06-30T06:03:22.277+0000] {processor.py:753} INFO - DAG(s) dict_keys(['example_subdag_operator.section-1', 'example_subdag_operator.section-2', 'example_subdag_operator']) retrieved from /home/airflow/.local/lib/python3.7/site-packages/airflow/example_dags/example_subdag_operator.py
[2023-06-30T06:03:22.324+0000] {logging_mixin.py:137} INFO - [2023-06-30T06:03:22.324+0000] {dag.py:2676} INFO - Sync 3 DAGs
[2023-06-30T06:03:22.359+0000] {logging_mixin.py:137} INFO - [2023-06-30T06:03:22.359+0000] {dag.py:3427} INFO - Setting next_dagrun for example_subdag_operator to 2022-01-01T00:00:00+00:00, run_after=2022-01-01T00:00:00+00:00
[2023-06-30T06:03:22.366+0000] {logging_mixin.py:137} INFO - [2023-06-30T06:03:22.366+0000] {dag.py:3427} INFO - Setting next_dagrun for example_subdag_operator.section-1 to None, run_after=None
[2023-06-30T06:03:22.369+0000] {logging_mixin.py:137} INFO - [2023-06-30T06:03:22.369+0000] {dag.py:3427} INFO - Setting next_dagrun for example_subdag_operator.section-2 to None, run_after=None
[2023-06-30T06:03:22.380+0000] {logging_mixin.py:137} INFO - [2023-06-30T06:03:22.380+0000] {dag.py:2676} INFO - Sync 2 DAGs
[2023-06-30T06:03:22.389+0000] {logging_mixin.py:137} INFO - [2023-06-30T06:03:22.388+0000] {dag.py:3427} INFO - Setting next_dagrun for example_subdag_operator.section-1 to None, run_after=None
[2023-06-30T06:03:22.392+0000] {logging_mixin.py:137} INFO - [2023-06-30T06:03:22.392+0000] {dag.py:3427} INFO - Setting next_dagrun for example_subdag_operator.section-2 to None, run_after=None
[2023-06-30T06:03:22.411+0000] {processor.py:175} INFO - Processing /home/airflow/.local/lib/python3.7/site-packages/airflow/example_dags/example_subdag_operator.py took 0.194 seconds
[2023-06-30T06:03:52.643+0000] {processor.py:153} INFO - Started process (PID=431) to work on /home/airflow/.local/lib/python3.7/site-packages/airflow/example_dags/example_subdag_operator.py
[2023-06-30T06:03:52.645+0000] {processor.py:743} INFO - Processing file /home/airflow/.local/lib/python3.7/site-packages/airflow/example_dags/example_subdag_operator.py for tasks to queue
[2023-06-30T06:03:52.647+0000] {logging_mixin.py:137} INFO - [2023-06-30T06:03:52.647+0000] {dagbag.py:538} INFO - Filling up the DagBag from /home/airflow/.local/lib/python3.7/site-packages/airflow/example_dags/example_subdag_operator.py
[2023-06-30T06:03:52.695+0000] {processor.py:753} INFO - DAG(s) dict_keys(['example_subdag_operator.section-1', 'example_subdag_operator.section-2', 'example_subdag_operator']) retrieved from /home/airflow/.local/lib/python3.7/site-packages/airflow/example_dags/example_subdag_operator.py
[2023-06-30T06:03:52.735+0000] {logging_mixin.py:137} INFO - [2023-06-30T06:03:52.735+0000] {dag.py:2676} INFO - Sync 3 DAGs
[2023-06-30T06:03:52.769+0000] {logging_mixin.py:137} INFO - [2023-06-30T06:03:52.768+0000] {dag.py:3427} INFO - Setting next_dagrun for example_subdag_operator to 2022-01-01T00:00:00+00:00, run_after=2022-01-01T00:00:00+00:00
[2023-06-30T06:03:52.774+0000] {logging_mixin.py:137} INFO - [2023-06-30T06:03:52.774+0000] {dag.py:3427} INFO - Setting next_dagrun for example_subdag_operator.section-1 to None, run_after=None
[2023-06-30T06:03:52.777+0000] {logging_mixin.py:137} INFO - [2023-06-30T06:03:52.777+0000] {dag.py:3427} INFO - Setting next_dagrun for example_subdag_operator.section-2 to None, run_after=None
[2023-06-30T06:03:52.787+0000] {logging_mixin.py:137} INFO - [2023-06-30T06:03:52.787+0000] {dag.py:2676} INFO - Sync 2 DAGs
[2023-06-30T06:03:52.795+0000] {logging_mixin.py:137} INFO - [2023-06-30T06:03:52.795+0000] {dag.py:3427} INFO - Setting next_dagrun for example_subdag_operator.section-1 to None, run_after=None
[2023-06-30T06:03:52.797+0000] {logging_mixin.py:137} INFO - [2023-06-30T06:03:52.797+0000] {dag.py:3427} INFO - Setting next_dagrun for example_subdag_operator.section-2 to None, run_after=None
[2023-06-30T06:03:52.846+0000] {processor.py:175} INFO - Processing /home/airflow/.local/lib/python3.7/site-packages/airflow/example_dags/example_subdag_operator.py took 0.208 seconds
[2023-06-30T06:04:22.973+0000] {processor.py:153} INFO - Started process (PID=496) to work on /home/airflow/.local/lib/python3.7/site-packages/airflow/example_dags/example_subdag_operator.py
[2023-06-30T06:04:22.975+0000] {processor.py:743} INFO - Processing file /home/airflow/.local/lib/python3.7/site-packages/airflow/example_dags/example_subdag_operator.py for tasks to queue
[2023-06-30T06:04:22.977+0000] {logging_mixin.py:137} INFO - [2023-06-30T06:04:22.977+0000] {dagbag.py:538} INFO - Filling up the DagBag from /home/airflow/.local/lib/python3.7/site-packages/airflow/example_dags/example_subdag_operator.py
[2023-06-30T06:04:23.024+0000] {processor.py:753} INFO - DAG(s) dict_keys(['example_subdag_operator.section-1', 'example_subdag_operator.section-2', 'example_subdag_operator']) retrieved from /home/airflow/.local/lib/python3.7/site-packages/airflow/example_dags/example_subdag_operator.py
[2023-06-30T06:04:23.064+0000] {logging_mixin.py:137} INFO - [2023-06-30T06:04:23.064+0000] {dag.py:2676} INFO - Sync 3 DAGs
[2023-06-30T06:04:23.095+0000] {logging_mixin.py:137} INFO - [2023-06-30T06:04:23.094+0000] {dag.py:3427} INFO - Setting next_dagrun for example_subdag_operator to 2022-01-01T00:00:00+00:00, run_after=2022-01-01T00:00:00+00:00
[2023-06-30T06:04:23.099+0000] {logging_mixin.py:137} INFO - [2023-06-30T06:04:23.099+0000] {dag.py:3427} INFO - Setting next_dagrun for example_subdag_operator.section-1 to None, run_after=None
[2023-06-30T06:04:23.102+0000] {logging_mixin.py:137} INFO - [2023-06-30T06:04:23.102+0000] {dag.py:3427} INFO - Setting next_dagrun for example_subdag_operator.section-2 to None, run_after=None
[2023-06-30T06:04:23.110+0000] {logging_mixin.py:137} INFO - [2023-06-30T06:04:23.110+0000] {dag.py:2676} INFO - Sync 2 DAGs
[2023-06-30T06:04:23.116+0000] {logging_mixin.py:137} INFO - [2023-06-30T06:04:23.116+0000] {dag.py:3427} INFO - Setting next_dagrun for example_subdag_operator.section-1 to None, run_after=None
[2023-06-30T06:04:23.118+0000] {logging_mixin.py:137} INFO - [2023-06-30T06:04:23.118+0000] {dag.py:3427} INFO - Setting next_dagrun for example_subdag_operator.section-2 to None, run_after=None
[2023-06-30T06:04:23.132+0000] {processor.py:175} INFO - Processing /home/airflow/.local/lib/python3.7/site-packages/airflow/example_dags/example_subdag_operator.py took 0.164 seconds
[2023-06-30T06:04:54.003+0000] {processor.py:153} INFO - Started process (PID=576) to work on /home/airflow/.local/lib/python3.7/site-packages/airflow/example_dags/example_subdag_operator.py
[2023-06-30T06:04:54.005+0000] {processor.py:743} INFO - Processing file /home/airflow/.local/lib/python3.7/site-packages/airflow/example_dags/example_subdag_operator.py for tasks to queue
[2023-06-30T06:04:54.006+0000] {logging_mixin.py:137} INFO - [2023-06-30T06:04:54.006+0000] {dagbag.py:538} INFO - Filling up the DagBag from /home/airflow/.local/lib/python3.7/site-packages/airflow/example_dags/example_subdag_operator.py
[2023-06-30T06:04:54.066+0000] {processor.py:753} INFO - DAG(s) dict_keys(['example_subdag_operator.section-1', 'example_subdag_operator.section-2', 'example_subdag_operator']) retrieved from /home/airflow/.local/lib/python3.7/site-packages/airflow/example_dags/example_subdag_operator.py
[2023-06-30T06:04:54.129+0000] {logging_mixin.py:137} INFO - [2023-06-30T06:04:54.129+0000] {dag.py:2676} INFO - Sync 3 DAGs
[2023-06-30T06:04:54.174+0000] {logging_mixin.py:137} INFO - [2023-06-30T06:04:54.174+0000] {dag.py:3427} INFO - Setting next_dagrun for example_subdag_operator to 2022-01-01T00:00:00+00:00, run_after=2022-01-01T00:00:00+00:00
[2023-06-30T06:04:54.181+0000] {logging_mixin.py:137} INFO - [2023-06-30T06:04:54.180+0000] {dag.py:3427} INFO - Setting next_dagrun for example_subdag_operator.section-1 to None, run_after=None
[2023-06-30T06:04:54.185+0000] {logging_mixin.py:137} INFO - [2023-06-30T06:04:54.185+0000] {dag.py:3427} INFO - Setting next_dagrun for example_subdag_operator.section-2 to None, run_after=None
[2023-06-30T06:04:54.198+0000] {logging_mixin.py:137} INFO - [2023-06-30T06:04:54.197+0000] {dag.py:2676} INFO - Sync 2 DAGs
[2023-06-30T06:04:54.208+0000] {logging_mixin.py:137} INFO - [2023-06-30T06:04:54.208+0000] {dag.py:3427} INFO - Setting next_dagrun for example_subdag_operator.section-1 to None, run_after=None
[2023-06-30T06:04:54.210+0000] {logging_mixin.py:137} INFO - [2023-06-30T06:04:54.209+0000] {dag.py:3427} INFO - Setting next_dagrun for example_subdag_operator.section-2 to None, run_after=None
[2023-06-30T06:04:54.229+0000] {processor.py:175} INFO - Processing /home/airflow/.local/lib/python3.7/site-packages/airflow/example_dags/example_subdag_operator.py took 0.231 seconds
[2023-06-30T06:05:25.241+0000] {processor.py:153} INFO - Started process (PID=642) to work on /home/airflow/.local/lib/python3.7/site-packages/airflow/example_dags/example_subdag_operator.py
[2023-06-30T06:05:25.244+0000] {processor.py:743} INFO - Processing file /home/airflow/.local/lib/python3.7/site-packages/airflow/example_dags/example_subdag_operator.py for tasks to queue
[2023-06-30T06:05:25.246+0000] {logging_mixin.py:137} INFO - [2023-06-30T06:05:25.246+0000] {dagbag.py:538} INFO - Filling up the DagBag from /home/airflow/.local/lib/python3.7/site-packages/airflow/example_dags/example_subdag_operator.py
[2023-06-30T06:05:25.295+0000] {processor.py:753} INFO - DAG(s) dict_keys(['example_subdag_operator.section-1', 'example_subdag_operator.section-2', 'example_subdag_operator']) retrieved from /home/airflow/.local/lib/python3.7/site-packages/airflow/example_dags/example_subdag_operator.py
[2023-06-30T06:05:25.339+0000] {logging_mixin.py:137} INFO - [2023-06-30T06:05:25.339+0000] {dag.py:2676} INFO - Sync 3 DAGs
[2023-06-30T06:05:25.374+0000] {logging_mixin.py:137} INFO - [2023-06-30T06:05:25.374+0000] {dag.py:3427} INFO - Setting next_dagrun for example_subdag_operator to 2022-01-01T00:00:00+00:00, run_after=2022-01-01T00:00:00+00:00
[2023-06-30T06:05:25.379+0000] {logging_mixin.py:137} INFO - [2023-06-30T06:05:25.379+0000] {dag.py:3427} INFO - Setting next_dagrun for example_subdag_operator.section-1 to None, run_after=None
[2023-06-30T06:05:25.382+0000] {logging_mixin.py:137} INFO - [2023-06-30T06:05:25.382+0000] {dag.py:3427} INFO - Setting next_dagrun for example_subdag_operator.section-2 to None, run_after=None
[2023-06-30T06:05:25.393+0000] {logging_mixin.py:137} INFO - [2023-06-30T06:05:25.393+0000] {dag.py:2676} INFO - Sync 2 DAGs
[2023-06-30T06:05:25.412+0000] {logging_mixin.py:137} INFO - [2023-06-30T06:05:25.412+0000] {dag.py:3427} INFO - Setting next_dagrun for example_subdag_operator.section-1 to None, run_after=None
[2023-06-30T06:05:25.413+0000] {logging_mixin.py:137} INFO - [2023-06-30T06:05:25.413+0000] {dag.py:3427} INFO - Setting next_dagrun for example_subdag_operator.section-2 to None, run_after=None
[2023-06-30T06:05:25.429+0000] {processor.py:175} INFO - Processing /home/airflow/.local/lib/python3.7/site-packages/airflow/example_dags/example_subdag_operator.py took 0.192 seconds
[2023-06-30T06:05:55.572+0000] {processor.py:153} INFO - Started process (PID=708) to work on /home/airflow/.local/lib/python3.7/site-packages/airflow/example_dags/example_subdag_operator.py
[2023-06-30T06:05:55.575+0000] {processor.py:743} INFO - Processing file /home/airflow/.local/lib/python3.7/site-packages/airflow/example_dags/example_subdag_operator.py for tasks to queue
[2023-06-30T06:05:55.577+0000] {logging_mixin.py:137} INFO - [2023-06-30T06:05:55.577+0000] {dagbag.py:538} INFO - Filling up the DagBag from /home/airflow/.local/lib/python3.7/site-packages/airflow/example_dags/example_subdag_operator.py
[2023-06-30T06:05:55.636+0000] {processor.py:753} INFO - DAG(s) dict_keys(['example_subdag_operator.section-1', 'example_subdag_operator.section-2', 'example_subdag_operator']) retrieved from /home/airflow/.local/lib/python3.7/site-packages/airflow/example_dags/example_subdag_operator.py
[2023-06-30T06:05:55.685+0000] {logging_mixin.py:137} INFO - [2023-06-30T06:05:55.685+0000] {dag.py:2676} INFO - Sync 3 DAGs
[2023-06-30T06:05:55.726+0000] {logging_mixin.py:137} INFO - [2023-06-30T06:05:55.725+0000] {dag.py:3427} INFO - Setting next_dagrun for example_subdag_operator to 2022-01-01T00:00:00+00:00, run_after=2022-01-01T00:00:00+00:00
[2023-06-30T06:05:55.733+0000] {logging_mixin.py:137} INFO - [2023-06-30T06:05:55.733+0000] {dag.py:3427} INFO - Setting next_dagrun for example_subdag_operator.section-1 to None, run_after=None
[2023-06-30T06:05:55.737+0000] {logging_mixin.py:137} INFO - [2023-06-30T06:05:55.737+0000] {dag.py:3427} INFO - Setting next_dagrun for example_subdag_operator.section-2 to None, run_after=None
[2023-06-30T06:05:55.750+0000] {logging_mixin.py:137} INFO - [2023-06-30T06:05:55.750+0000] {dag.py:2676} INFO - Sync 2 DAGs
[2023-06-30T06:05:55.761+0000] {logging_mixin.py:137} INFO - [2023-06-30T06:05:55.761+0000] {dag.py:3427} INFO - Setting next_dagrun for example_subdag_operator.section-1 to None, run_after=None
[2023-06-30T06:05:55.763+0000] {logging_mixin.py:137} INFO - [2023-06-30T06:05:55.763+0000] {dag.py:3427} INFO - Setting next_dagrun for example_subdag_operator.section-2 to None, run_after=None
[2023-06-30T06:05:55.781+0000] {processor.py:175} INFO - Processing /home/airflow/.local/lib/python3.7/site-packages/airflow/example_dags/example_subdag_operator.py took 0.214 seconds
[2023-06-30T06:06:25.929+0000] {processor.py:153} INFO - Started process (PID=789) to work on /home/airflow/.local/lib/python3.7/site-packages/airflow/example_dags/example_subdag_operator.py
[2023-06-30T06:06:25.933+0000] {processor.py:743} INFO - Processing file /home/airflow/.local/lib/python3.7/site-packages/airflow/example_dags/example_subdag_operator.py for tasks to queue
[2023-06-30T06:06:25.935+0000] {logging_mixin.py:137} INFO - [2023-06-30T06:06:25.935+0000] {dagbag.py:538} INFO - Filling up the DagBag from /home/airflow/.local/lib/python3.7/site-packages/airflow/example_dags/example_subdag_operator.py
[2023-06-30T06:06:25.981+0000] {processor.py:753} INFO - DAG(s) dict_keys(['example_subdag_operator.section-1', 'example_subdag_operator.section-2', 'example_subdag_operator']) retrieved from /home/airflow/.local/lib/python3.7/site-packages/airflow/example_dags/example_subdag_operator.py
[2023-06-30T06:06:26.022+0000] {logging_mixin.py:137} INFO - [2023-06-30T06:06:26.022+0000] {dag.py:2676} INFO - Sync 3 DAGs
[2023-06-30T06:06:26.055+0000] {logging_mixin.py:137} INFO - [2023-06-30T06:06:26.054+0000] {dag.py:3427} INFO - Setting next_dagrun for example_subdag_operator to 2022-01-01T00:00:00+00:00, run_after=2022-01-01T00:00:00+00:00
[2023-06-30T06:06:26.061+0000] {logging_mixin.py:137} INFO - [2023-06-30T06:06:26.061+0000] {dag.py:3427} INFO - Setting next_dagrun for example_subdag_operator.section-1 to None, run_after=None
[2023-06-30T06:06:26.063+0000] {logging_mixin.py:137} INFO - [2023-06-30T06:06:26.063+0000] {dag.py:3427} INFO - Setting next_dagrun for example_subdag_operator.section-2 to None, run_after=None
[2023-06-30T06:06:26.072+0000] {logging_mixin.py:137} INFO - [2023-06-30T06:06:26.072+0000] {dag.py:2676} INFO - Sync 2 DAGs
[2023-06-30T06:06:26.079+0000] {logging_mixin.py:137} INFO - [2023-06-30T06:06:26.079+0000] {dag.py:3427} INFO - Setting next_dagrun for example_subdag_operator.section-1 to None, run_after=None
[2023-06-30T06:06:26.080+0000] {logging_mixin.py:137} INFO - [2023-06-30T06:06:26.080+0000] {dag.py:3427} INFO - Setting next_dagrun for example_subdag_operator.section-2 to None, run_after=None
[2023-06-30T06:06:26.093+0000] {processor.py:175} INFO - Processing /home/airflow/.local/lib/python3.7/site-packages/airflow/example_dags/example_subdag_operator.py took 0.168 seconds
[2023-06-30T06:06:56.206+0000] {processor.py:153} INFO - Started process (PID=855) to work on /home/airflow/.local/lib/python3.7/site-packages/airflow/example_dags/example_subdag_operator.py
[2023-06-30T06:06:56.208+0000] {processor.py:743} INFO - Processing file /home/airflow/.local/lib/python3.7/site-packages/airflow/example_dags/example_subdag_operator.py for tasks to queue
[2023-06-30T06:06:56.210+0000] {logging_mixin.py:137} INFO - [2023-06-30T06:06:56.210+0000] {dagbag.py:538} INFO - Filling up the DagBag from /home/airflow/.local/lib/python3.7/site-packages/airflow/example_dags/example_subdag_operator.py
[2023-06-30T06:06:56.253+0000] {processor.py:753} INFO - DAG(s) dict_keys(['example_subdag_operator.section-1', 'example_subdag_operator.section-2', 'example_subdag_operator']) retrieved from /home/airflow/.local/lib/python3.7/site-packages/airflow/example_dags/example_subdag_operator.py
[2023-06-30T06:06:56.294+0000] {logging_mixin.py:137} INFO - [2023-06-30T06:06:56.294+0000] {dag.py:2676} INFO - Sync 3 DAGs
[2023-06-30T06:06:56.322+0000] {logging_mixin.py:137} INFO - [2023-06-30T06:06:56.322+0000] {dag.py:3427} INFO - Setting next_dagrun for example_subdag_operator to 2022-01-01T00:00:00+00:00, run_after=2022-01-01T00:00:00+00:00
[2023-06-30T06:06:56.327+0000] {logging_mixin.py:137} INFO - [2023-06-30T06:06:56.327+0000] {dag.py:3427} INFO - Setting next_dagrun for example_subdag_operator.section-1 to None, run_after=None
[2023-06-30T06:06:56.329+0000] {logging_mixin.py:137} INFO - [2023-06-30T06:06:56.329+0000] {dag.py:3427} INFO - Setting next_dagrun for example_subdag_operator.section-2 to None, run_after=None
[2023-06-30T06:06:56.337+0000] {logging_mixin.py:137} INFO - [2023-06-30T06:06:56.337+0000] {dag.py:2676} INFO - Sync 2 DAGs
[2023-06-30T06:06:56.343+0000] {logging_mixin.py:137} INFO - [2023-06-30T06:06:56.343+0000] {dag.py:3427} INFO - Setting next_dagrun for example_subdag_operator.section-1 to None, run_after=None
[2023-06-30T06:06:56.344+0000] {logging_mixin.py:137} INFO - [2023-06-30T06:06:56.344+0000] {dag.py:3427} INFO - Setting next_dagrun for example_subdag_operator.section-2 to None, run_after=None
[2023-06-30T06:06:56.357+0000] {processor.py:175} INFO - Processing /home/airflow/.local/lib/python3.7/site-packages/airflow/example_dags/example_subdag_operator.py took 0.156 seconds
[2023-06-30T06:07:26.552+0000] {processor.py:153} INFO - Started process (PID=930) to work on /home/airflow/.local/lib/python3.7/site-packages/airflow/example_dags/example_subdag_operator.py
[2023-06-30T06:07:26.555+0000] {processor.py:743} INFO - Processing file /home/airflow/.local/lib/python3.7/site-packages/airflow/example_dags/example_subdag_operator.py for tasks to queue
[2023-06-30T06:07:26.557+0000] {logging_mixin.py:137} INFO - [2023-06-30T06:07:26.557+0000] {dagbag.py:538} INFO - Filling up the DagBag from /home/airflow/.local/lib/python3.7/site-packages/airflow/example_dags/example_subdag_operator.py
[2023-06-30T06:07:26.617+0000] {processor.py:753} INFO - DAG(s) dict_keys(['example_subdag_operator.section-1', 'example_subdag_operator.section-2', 'example_subdag_operator']) retrieved from /home/airflow/.local/lib/python3.7/site-packages/airflow/example_dags/example_subdag_operator.py
[2023-06-30T06:07:26.664+0000] {logging_mixin.py:137} INFO - [2023-06-30T06:07:26.663+0000] {dag.py:2676} INFO - Sync 3 DAGs
[2023-06-30T06:07:26.708+0000] {logging_mixin.py:137} INFO - [2023-06-30T06:07:26.708+0000] {dag.py:3427} INFO - Setting next_dagrun for example_subdag_operator to 2022-01-01T00:00:00+00:00, run_after=2022-01-01T00:00:00+00:00
[2023-06-30T06:07:26.716+0000] {logging_mixin.py:137} INFO - [2023-06-30T06:07:26.716+0000] {dag.py:3427} INFO - Setting next_dagrun for example_subdag_operator.section-1 to None, run_after=None
[2023-06-30T06:07:26.720+0000] {logging_mixin.py:137} INFO - [2023-06-30T06:07:26.720+0000] {dag.py:3427} INFO - Setting next_dagrun for example_subdag_operator.section-2 to None, run_after=None
[2023-06-30T06:07:26.737+0000] {logging_mixin.py:137} INFO - [2023-06-30T06:07:26.737+0000] {dag.py:2676} INFO - Sync 2 DAGs
[2023-06-30T06:07:26.772+0000] {logging_mixin.py:137} INFO - [2023-06-30T06:07:26.771+0000] {dag.py:3427} INFO - Setting next_dagrun for example_subdag_operator.section-1 to None, run_after=None
[2023-06-30T06:07:26.774+0000] {logging_mixin.py:137} INFO - [2023-06-30T06:07:26.774+0000] {dag.py:3427} INFO - Setting next_dagrun for example_subdag_operator.section-2 to None, run_after=None
[2023-06-30T06:07:26.829+0000] {processor.py:175} INFO - Processing /home/airflow/.local/lib/python3.7/site-packages/airflow/example_dags/example_subdag_operator.py took 0.283 seconds
[2023-06-30T06:07:56.907+0000] {processor.py:153} INFO - Started process (PID=1001) to work on /home/airflow/.local/lib/python3.7/site-packages/airflow/example_dags/example_subdag_operator.py
[2023-06-30T06:07:56.909+0000] {processor.py:743} INFO - Processing file /home/airflow/.local/lib/python3.7/site-packages/airflow/example_dags/example_subdag_operator.py for tasks to queue
[2023-06-30T06:07:56.911+0000] {logging_mixin.py:137} INFO - [2023-06-30T06:07:56.911+0000] {dagbag.py:538} INFO - Filling up the DagBag from /home/airflow/.local/lib/python3.7/site-packages/airflow/example_dags/example_subdag_operator.py
[2023-06-30T06:07:56.960+0000] {processor.py:753} INFO - DAG(s) dict_keys(['example_subdag_operator.section-1', 'example_subdag_operator.section-2', 'example_subdag_operator']) retrieved from /home/airflow/.local/lib/python3.7/site-packages/airflow/example_dags/example_subdag_operator.py
[2023-06-30T06:07:56.980+0000] {logging_mixin.py:137} INFO - [2023-06-30T06:07:56.980+0000] {dag.py:2676} INFO - Sync 3 DAGs
[2023-06-30T06:07:57.011+0000] {logging_mixin.py:137} INFO - [2023-06-30T06:07:57.011+0000] {dag.py:3427} INFO - Setting next_dagrun for example_subdag_operator to 2022-01-01T00:00:00+00:00, run_after=2022-01-01T00:00:00+00:00
[2023-06-30T06:07:57.017+0000] {logging_mixin.py:137} INFO - [2023-06-30T06:07:57.016+0000] {dag.py:3427} INFO - Setting next_dagrun for example_subdag_operator.section-1 to None, run_after=None
[2023-06-30T06:07:57.019+0000] {logging_mixin.py:137} INFO - [2023-06-30T06:07:57.019+0000] {dag.py:3427} INFO - Setting next_dagrun for example_subdag_operator.section-2 to None, run_after=None
[2023-06-30T06:07:57.029+0000] {logging_mixin.py:137} INFO - [2023-06-30T06:07:57.029+0000] {dag.py:2676} INFO - Sync 2 DAGs
[2023-06-30T06:07:57.036+0000] {logging_mixin.py:137} INFO - [2023-06-30T06:07:57.036+0000] {dag.py:3427} INFO - Setting next_dagrun for example_subdag_operator.section-1 to None, run_after=None
[2023-06-30T06:07:57.038+0000] {logging_mixin.py:137} INFO - [2023-06-30T06:07:57.038+0000] {dag.py:3427} INFO - Setting next_dagrun for example_subdag_operator.section-2 to None, run_after=None
[2023-06-30T06:07:57.052+0000] {processor.py:175} INFO - Processing /home/airflow/.local/lib/python3.7/site-packages/airflow/example_dags/example_subdag_operator.py took 0.149 seconds
[2023-06-30T06:08:27.166+0000] {processor.py:153} INFO - Started process (PID=1066) to work on /home/airflow/.local/lib/python3.7/site-packages/airflow/example_dags/example_subdag_operator.py
[2023-06-30T06:08:27.168+0000] {processor.py:743} INFO - Processing file /home/airflow/.local/lib/python3.7/site-packages/airflow/example_dags/example_subdag_operator.py for tasks to queue
[2023-06-30T06:08:27.173+0000] {logging_mixin.py:137} INFO - [2023-06-30T06:08:27.172+0000] {dagbag.py:538} INFO - Filling up the DagBag from /home/airflow/.local/lib/python3.7/site-packages/airflow/example_dags/example_subdag_operator.py
[2023-06-30T06:08:27.238+0000] {processor.py:753} INFO - DAG(s) dict_keys(['example_subdag_operator.section-1', 'example_subdag_operator.section-2', 'example_subdag_operator']) retrieved from /home/airflow/.local/lib/python3.7/site-packages/airflow/example_dags/example_subdag_operator.py
[2023-06-30T06:08:27.320+0000] {logging_mixin.py:137} INFO - [2023-06-30T06:08:27.320+0000] {dag.py:2676} INFO - Sync 3 DAGs
[2023-06-30T06:08:27.382+0000] {logging_mixin.py:137} INFO - [2023-06-30T06:08:27.382+0000] {dag.py:3427} INFO - Setting next_dagrun for example_subdag_operator to 2022-01-01T00:00:00+00:00, run_after=2022-01-01T00:00:00+00:00
[2023-06-30T06:08:27.388+0000] {logging_mixin.py:137} INFO - [2023-06-30T06:08:27.388+0000] {dag.py:3427} INFO - Setting next_dagrun for example_subdag_operator.section-1 to None, run_after=None
[2023-06-30T06:08:27.391+0000] {logging_mixin.py:137} INFO - [2023-06-30T06:08:27.391+0000] {dag.py:3427} INFO - Setting next_dagrun for example_subdag_operator.section-2 to None, run_after=None
[2023-06-30T06:08:27.402+0000] {logging_mixin.py:137} INFO - [2023-06-30T06:08:27.402+0000] {dag.py:2676} INFO - Sync 2 DAGs
[2023-06-30T06:08:27.412+0000] {logging_mixin.py:137} INFO - [2023-06-30T06:08:27.412+0000] {dag.py:3427} INFO - Setting next_dagrun for example_subdag_operator.section-1 to None, run_after=None
[2023-06-30T06:08:27.415+0000] {logging_mixin.py:137} INFO - [2023-06-30T06:08:27.414+0000] {dag.py:3427} INFO - Setting next_dagrun for example_subdag_operator.section-2 to None, run_after=None
[2023-06-30T06:08:27.432+0000] {processor.py:175} INFO - Processing /home/airflow/.local/lib/python3.7/site-packages/airflow/example_dags/example_subdag_operator.py took 0.273 seconds
[2023-06-30T06:08:57.552+0000] {processor.py:153} INFO - Started process (PID=1141) to work on /home/airflow/.local/lib/python3.7/site-packages/airflow/example_dags/example_subdag_operator.py
[2023-06-30T06:08:57.556+0000] {processor.py:743} INFO - Processing file /home/airflow/.local/lib/python3.7/site-packages/airflow/example_dags/example_subdag_operator.py for tasks to queue
[2023-06-30T06:08:57.563+0000] {logging_mixin.py:137} INFO - [2023-06-30T06:08:57.563+0000] {dagbag.py:538} INFO - Filling up the DagBag from /home/airflow/.local/lib/python3.7/site-packages/airflow/example_dags/example_subdag_operator.py
[2023-06-30T06:08:57.627+0000] {processor.py:753} INFO - DAG(s) dict_keys(['example_subdag_operator.section-1', 'example_subdag_operator.section-2', 'example_subdag_operator']) retrieved from /home/airflow/.local/lib/python3.7/site-packages/airflow/example_dags/example_subdag_operator.py
[2023-06-30T06:08:57.680+0000] {logging_mixin.py:137} INFO - [2023-06-30T06:08:57.679+0000] {dag.py:2676} INFO - Sync 3 DAGs
[2023-06-30T06:08:57.724+0000] {logging_mixin.py:137} INFO - [2023-06-30T06:08:57.724+0000] {dag.py:3427} INFO - Setting next_dagrun for example_subdag_operator to 2022-01-01T00:00:00+00:00, run_after=2022-01-01T00:00:00+00:00
[2023-06-30T06:08:57.736+0000] {logging_mixin.py:137} INFO - [2023-06-30T06:08:57.736+0000] {dag.py:3427} INFO - Setting next_dagrun for example_subdag_operator.section-1 to None, run_after=None
[2023-06-30T06:08:57.743+0000] {logging_mixin.py:137} INFO - [2023-06-30T06:08:57.742+0000] {dag.py:3427} INFO - Setting next_dagrun for example_subdag_operator.section-2 to None, run_after=None
[2023-06-30T06:08:57.760+0000] {logging_mixin.py:137} INFO - [2023-06-30T06:08:57.760+0000] {dag.py:2676} INFO - Sync 2 DAGs
[2023-06-30T06:08:57.777+0000] {logging_mixin.py:137} INFO - [2023-06-30T06:08:57.776+0000] {dag.py:3427} INFO - Setting next_dagrun for example_subdag_operator.section-1 to None, run_after=None
[2023-06-30T06:08:57.779+0000] {logging_mixin.py:137} INFO - [2023-06-30T06:08:57.779+0000] {dag.py:3427} INFO - Setting next_dagrun for example_subdag_operator.section-2 to None, run_after=None
[2023-06-30T06:08:57.812+0000] {processor.py:175} INFO - Processing /home/airflow/.local/lib/python3.7/site-packages/airflow/example_dags/example_subdag_operator.py took 0.266 seconds
[2023-06-30T06:09:27.969+0000] {processor.py:153} INFO - Started process (PID=1212) to work on /home/airflow/.local/lib/python3.7/site-packages/airflow/example_dags/example_subdag_operator.py
[2023-06-30T06:09:27.972+0000] {processor.py:743} INFO - Processing file /home/airflow/.local/lib/python3.7/site-packages/airflow/example_dags/example_subdag_operator.py for tasks to queue
[2023-06-30T06:09:27.974+0000] {logging_mixin.py:137} INFO - [2023-06-30T06:09:27.974+0000] {dagbag.py:538} INFO - Filling up the DagBag from /home/airflow/.local/lib/python3.7/site-packages/airflow/example_dags/example_subdag_operator.py
[2023-06-30T06:09:28.024+0000] {processor.py:753} INFO - DAG(s) dict_keys(['example_subdag_operator.section-1', 'example_subdag_operator.section-2', 'example_subdag_operator']) retrieved from /home/airflow/.local/lib/python3.7/site-packages/airflow/example_dags/example_subdag_operator.py
[2023-06-30T06:09:28.072+0000] {logging_mixin.py:137} INFO - [2023-06-30T06:09:28.072+0000] {dag.py:2676} INFO - Sync 3 DAGs
[2023-06-30T06:09:28.107+0000] {logging_mixin.py:137} INFO - [2023-06-30T06:09:28.107+0000] {dag.py:3427} INFO - Setting next_dagrun for example_subdag_operator to 2022-01-01T00:00:00+00:00, run_after=2022-01-01T00:00:00+00:00
[2023-06-30T06:09:28.113+0000] {logging_mixin.py:137} INFO - [2023-06-30T06:09:28.113+0000] {dag.py:3427} INFO - Setting next_dagrun for example_subdag_operator.section-1 to None, run_after=None
[2023-06-30T06:09:28.117+0000] {logging_mixin.py:137} INFO - [2023-06-30T06:09:28.117+0000] {dag.py:3427} INFO - Setting next_dagrun for example_subdag_operator.section-2 to None, run_after=None
[2023-06-30T06:09:28.128+0000] {logging_mixin.py:137} INFO - [2023-06-30T06:09:28.128+0000] {dag.py:2676} INFO - Sync 2 DAGs
[2023-06-30T06:09:28.137+0000] {logging_mixin.py:137} INFO - [2023-06-30T06:09:28.137+0000] {dag.py:3427} INFO - Setting next_dagrun for example_subdag_operator.section-1 to None, run_after=None
[2023-06-30T06:09:28.139+0000] {logging_mixin.py:137} INFO - [2023-06-30T06:09:28.139+0000] {dag.py:3427} INFO - Setting next_dagrun for example_subdag_operator.section-2 to None, run_after=None
[2023-06-30T06:09:28.157+0000] {processor.py:175} INFO - Processing /home/airflow/.local/lib/python3.7/site-packages/airflow/example_dags/example_subdag_operator.py took 0.193 seconds
[2023-06-30T06:09:58.462+0000] {processor.py:153} INFO - Started process (PID=1278) to work on /home/airflow/.local/lib/python3.7/site-packages/airflow/example_dags/example_subdag_operator.py
[2023-06-30T06:09:58.469+0000] {processor.py:743} INFO - Processing file /home/airflow/.local/lib/python3.7/site-packages/airflow/example_dags/example_subdag_operator.py for tasks to queue
[2023-06-30T06:09:58.475+0000] {logging_mixin.py:137} INFO - [2023-06-30T06:09:58.475+0000] {dagbag.py:538} INFO - Filling up the DagBag from /home/airflow/.local/lib/python3.7/site-packages/airflow/example_dags/example_subdag_operator.py
[2023-06-30T06:09:58.554+0000] {processor.py:753} INFO - DAG(s) dict_keys(['example_subdag_operator.section-1', 'example_subdag_operator.section-2', 'example_subdag_operator']) retrieved from /home/airflow/.local/lib/python3.7/site-packages/airflow/example_dags/example_subdag_operator.py
[2023-06-30T06:09:58.652+0000] {logging_mixin.py:137} INFO - [2023-06-30T06:09:58.652+0000] {dag.py:2676} INFO - Sync 3 DAGs
[2023-06-30T06:09:58.703+0000] {logging_mixin.py:137} INFO - [2023-06-30T06:09:58.703+0000] {dag.py:3427} INFO - Setting next_dagrun for example_subdag_operator to 2022-01-01T00:00:00+00:00, run_after=2022-01-01T00:00:00+00:00
[2023-06-30T06:09:58.710+0000] {logging_mixin.py:137} INFO - [2023-06-30T06:09:58.710+0000] {dag.py:3427} INFO - Setting next_dagrun for example_subdag_operator.section-1 to None, run_after=None
[2023-06-30T06:09:58.715+0000] {logging_mixin.py:137} INFO - [2023-06-30T06:09:58.715+0000] {dag.py:3427} INFO - Setting next_dagrun for example_subdag_operator.section-2 to None, run_after=None
[2023-06-30T06:09:58.729+0000] {logging_mixin.py:137} INFO - [2023-06-30T06:09:58.729+0000] {dag.py:2676} INFO - Sync 2 DAGs
[2023-06-30T06:09:58.740+0000] {logging_mixin.py:137} INFO - [2023-06-30T06:09:58.739+0000] {dag.py:3427} INFO - Setting next_dagrun for example_subdag_operator.section-1 to None, run_after=None
[2023-06-30T06:09:58.742+0000] {logging_mixin.py:137} INFO - [2023-06-30T06:09:58.741+0000] {dag.py:3427} INFO - Setting next_dagrun for example_subdag_operator.section-2 to None, run_after=None
[2023-06-30T06:09:58.760+0000] {processor.py:175} INFO - Processing /home/airflow/.local/lib/python3.7/site-packages/airflow/example_dags/example_subdag_operator.py took 0.313 seconds
[2023-06-30T06:10:28.916+0000] {processor.py:153} INFO - Started process (PID=1358) to work on /home/airflow/.local/lib/python3.7/site-packages/airflow/example_dags/example_subdag_operator.py
[2023-06-30T06:10:28.919+0000] {processor.py:743} INFO - Processing file /home/airflow/.local/lib/python3.7/site-packages/airflow/example_dags/example_subdag_operator.py for tasks to queue
[2023-06-30T06:10:28.921+0000] {logging_mixin.py:137} INFO - [2023-06-30T06:10:28.921+0000] {dagbag.py:538} INFO - Filling up the DagBag from /home/airflow/.local/lib/python3.7/site-packages/airflow/example_dags/example_subdag_operator.py
[2023-06-30T06:10:28.972+0000] {processor.py:753} INFO - DAG(s) dict_keys(['example_subdag_operator.section-1', 'example_subdag_operator.section-2', 'example_subdag_operator']) retrieved from /home/airflow/.local/lib/python3.7/site-packages/airflow/example_dags/example_subdag_operator.py
[2023-06-30T06:10:29.021+0000] {logging_mixin.py:137} INFO - [2023-06-30T06:10:29.020+0000] {dag.py:2676} INFO - Sync 3 DAGs
[2023-06-30T06:10:29.057+0000] {logging_mixin.py:137} INFO - [2023-06-30T06:10:29.057+0000] {dag.py:3427} INFO - Setting next_dagrun for example_subdag_operator to 2022-01-01T00:00:00+00:00, run_after=2022-01-01T00:00:00+00:00
[2023-06-30T06:10:29.063+0000] {logging_mixin.py:137} INFO - [2023-06-30T06:10:29.062+0000] {dag.py:3427} INFO - Setting next_dagrun for example_subdag_operator.section-1 to None, run_after=None
[2023-06-30T06:10:29.066+0000] {logging_mixin.py:137} INFO - [2023-06-30T06:10:29.066+0000] {dag.py:3427} INFO - Setting next_dagrun for example_subdag_operator.section-2 to None, run_after=None
[2023-06-30T06:10:29.076+0000] {logging_mixin.py:137} INFO - [2023-06-30T06:10:29.076+0000] {dag.py:2676} INFO - Sync 2 DAGs
[2023-06-30T06:10:29.084+0000] {logging_mixin.py:137} INFO - [2023-06-30T06:10:29.083+0000] {dag.py:3427} INFO - Setting next_dagrun for example_subdag_operator.section-1 to None, run_after=None
[2023-06-30T06:10:29.085+0000] {logging_mixin.py:137} INFO - [2023-06-30T06:10:29.085+0000] {dag.py:3427} INFO - Setting next_dagrun for example_subdag_operator.section-2 to None, run_after=None
[2023-06-30T06:10:29.100+0000] {processor.py:175} INFO - Processing /home/airflow/.local/lib/python3.7/site-packages/airflow/example_dags/example_subdag_operator.py took 0.188 seconds
[2023-06-30T06:10:59.217+0000] {processor.py:153} INFO - Started process (PID=1424) to work on /home/airflow/.local/lib/python3.7/site-packages/airflow/example_dags/example_subdag_operator.py
[2023-06-30T06:10:59.221+0000] {processor.py:743} INFO - Processing file /home/airflow/.local/lib/python3.7/site-packages/airflow/example_dags/example_subdag_operator.py for tasks to queue
[2023-06-30T06:10:59.224+0000] {logging_mixin.py:137} INFO - [2023-06-30T06:10:59.224+0000] {dagbag.py:538} INFO - Filling up the DagBag from /home/airflow/.local/lib/python3.7/site-packages/airflow/example_dags/example_subdag_operator.py
[2023-06-30T06:10:59.286+0000] {processor.py:753} INFO - DAG(s) dict_keys(['example_subdag_operator.section-1', 'example_subdag_operator.section-2', 'example_subdag_operator']) retrieved from /home/airflow/.local/lib/python3.7/site-packages/airflow/example_dags/example_subdag_operator.py
[2023-06-30T06:10:59.341+0000] {logging_mixin.py:137} INFO - [2023-06-30T06:10:59.341+0000] {dag.py:2676} INFO - Sync 3 DAGs
[2023-06-30T06:10:59.392+0000] {logging_mixin.py:137} INFO - [2023-06-30T06:10:59.392+0000] {dag.py:3427} INFO - Setting next_dagrun for example_subdag_operator to 2022-01-01T00:00:00+00:00, run_after=2022-01-01T00:00:00+00:00
[2023-06-30T06:10:59.400+0000] {logging_mixin.py:137} INFO - [2023-06-30T06:10:59.400+0000] {dag.py:3427} INFO - Setting next_dagrun for example_subdag_operator.section-1 to None, run_after=None
[2023-06-30T06:10:59.404+0000] {logging_mixin.py:137} INFO - [2023-06-30T06:10:59.403+0000] {dag.py:3427} INFO - Setting next_dagrun for example_subdag_operator.section-2 to None, run_after=None
[2023-06-30T06:10:59.417+0000] {logging_mixin.py:137} INFO - [2023-06-30T06:10:59.417+0000] {dag.py:2676} INFO - Sync 2 DAGs
[2023-06-30T06:10:59.428+0000] {logging_mixin.py:137} INFO - [2023-06-30T06:10:59.428+0000] {dag.py:3427} INFO - Setting next_dagrun for example_subdag_operator.section-1 to None, run_after=None
[2023-06-30T06:10:59.431+0000] {logging_mixin.py:137} INFO - [2023-06-30T06:10:59.430+0000] {dag.py:3427} INFO - Setting next_dagrun for example_subdag_operator.section-2 to None, run_after=None
[2023-06-30T06:10:59.453+0000] {processor.py:175} INFO - Processing /home/airflow/.local/lib/python3.7/site-packages/airflow/example_dags/example_subdag_operator.py took 0.247 seconds
[2023-06-30T06:11:29.606+0000] {processor.py:153} INFO - Started process (PID=1490) to work on /home/airflow/.local/lib/python3.7/site-packages/airflow/example_dags/example_subdag_operator.py
[2023-06-30T06:11:29.609+0000] {processor.py:743} INFO - Processing file /home/airflow/.local/lib/python3.7/site-packages/airflow/example_dags/example_subdag_operator.py for tasks to queue
[2023-06-30T06:11:29.611+0000] {logging_mixin.py:137} INFO - [2023-06-30T06:11:29.610+0000] {dagbag.py:538} INFO - Filling up the DagBag from /home/airflow/.local/lib/python3.7/site-packages/airflow/example_dags/example_subdag_operator.py
[2023-06-30T06:11:29.658+0000] {processor.py:753} INFO - DAG(s) dict_keys(['example_subdag_operator.section-1', 'example_subdag_operator.section-2', 'example_subdag_operator']) retrieved from /home/airflow/.local/lib/python3.7/site-packages/airflow/example_dags/example_subdag_operator.py
[2023-06-30T06:11:29.702+0000] {logging_mixin.py:137} INFO - [2023-06-30T06:11:29.702+0000] {dag.py:2676} INFO - Sync 3 DAGs
[2023-06-30T06:11:29.736+0000] {logging_mixin.py:137} INFO - [2023-06-30T06:11:29.736+0000] {dag.py:3427} INFO - Setting next_dagrun for example_subdag_operator to 2022-01-01T00:00:00+00:00, run_after=2022-01-01T00:00:00+00:00
[2023-06-30T06:11:29.742+0000] {logging_mixin.py:137} INFO - [2023-06-30T06:11:29.742+0000] {dag.py:3427} INFO - Setting next_dagrun for example_subdag_operator.section-1 to None, run_after=None
[2023-06-30T06:11:29.745+0000] {logging_mixin.py:137} INFO - [2023-06-30T06:11:29.745+0000] {dag.py:3427} INFO - Setting next_dagrun for example_subdag_operator.section-2 to None, run_after=None
[2023-06-30T06:11:29.757+0000] {logging_mixin.py:137} INFO - [2023-06-30T06:11:29.757+0000] {dag.py:2676} INFO - Sync 2 DAGs
[2023-06-30T06:11:29.768+0000] {logging_mixin.py:137} INFO - [2023-06-30T06:11:29.768+0000] {dag.py:3427} INFO - Setting next_dagrun for example_subdag_operator.section-1 to None, run_after=None
[2023-06-30T06:11:29.770+0000] {logging_mixin.py:137} INFO - [2023-06-30T06:11:29.770+0000] {dag.py:3427} INFO - Setting next_dagrun for example_subdag_operator.section-2 to None, run_after=None
[2023-06-30T06:11:29.788+0000] {processor.py:175} INFO - Processing /home/airflow/.local/lib/python3.7/site-packages/airflow/example_dags/example_subdag_operator.py took 0.187 seconds
[2023-06-30T06:11:59.969+0000] {processor.py:153} INFO - Started process (PID=1570) to work on /home/airflow/.local/lib/python3.7/site-packages/airflow/example_dags/example_subdag_operator.py
[2023-06-30T06:11:59.971+0000] {processor.py:743} INFO - Processing file /home/airflow/.local/lib/python3.7/site-packages/airflow/example_dags/example_subdag_operator.py for tasks to queue
[2023-06-30T06:11:59.973+0000] {logging_mixin.py:137} INFO - [2023-06-30T06:11:59.973+0000] {dagbag.py:538} INFO - Filling up the DagBag from /home/airflow/.local/lib/python3.7/site-packages/airflow/example_dags/example_subdag_operator.py
[2023-06-30T06:12:00.023+0000] {processor.py:753} INFO - DAG(s) dict_keys(['example_subdag_operator.section-1', 'example_subdag_operator.section-2', 'example_subdag_operator']) retrieved from /home/airflow/.local/lib/python3.7/site-packages/airflow/example_dags/example_subdag_operator.py
[2023-06-30T06:12:00.071+0000] {logging_mixin.py:137} INFO - [2023-06-30T06:12:00.071+0000] {dag.py:2676} INFO - Sync 3 DAGs
[2023-06-30T06:12:00.107+0000] {logging_mixin.py:137} INFO - [2023-06-30T06:12:00.107+0000] {dag.py:3427} INFO - Setting next_dagrun for example_subdag_operator to 2022-01-01T00:00:00+00:00, run_after=2022-01-01T00:00:00+00:00
[2023-06-30T06:12:00.113+0000] {logging_mixin.py:137} INFO - [2023-06-30T06:12:00.113+0000] {dag.py:3427} INFO - Setting next_dagrun for example_subdag_operator.section-1 to None, run_after=None
[2023-06-30T06:12:00.116+0000] {logging_mixin.py:137} INFO - [2023-06-30T06:12:00.116+0000] {dag.py:3427} INFO - Setting next_dagrun for example_subdag_operator.section-2 to None, run_after=None
[2023-06-30T06:12:00.126+0000] {logging_mixin.py:137} INFO - [2023-06-30T06:12:00.126+0000] {dag.py:2676} INFO - Sync 2 DAGs
[2023-06-30T06:12:00.135+0000] {logging_mixin.py:137} INFO - [2023-06-30T06:12:00.135+0000] {dag.py:3427} INFO - Setting next_dagrun for example_subdag_operator.section-1 to None, run_after=None
[2023-06-30T06:12:00.136+0000] {logging_mixin.py:137} INFO - [2023-06-30T06:12:00.136+0000] {dag.py:3427} INFO - Setting next_dagrun for example_subdag_operator.section-2 to None, run_after=None
[2023-06-30T06:12:00.153+0000] {processor.py:175} INFO - Processing /home/airflow/.local/lib/python3.7/site-packages/airflow/example_dags/example_subdag_operator.py took 0.190 seconds
[2023-06-30T06:12:30.545+0000] {processor.py:153} INFO - Started process (PID=1636) to work on /home/airflow/.local/lib/python3.7/site-packages/airflow/example_dags/example_subdag_operator.py
[2023-06-30T06:12:30.550+0000] {processor.py:743} INFO - Processing file /home/airflow/.local/lib/python3.7/site-packages/airflow/example_dags/example_subdag_operator.py for tasks to queue
[2023-06-30T06:12:30.555+0000] {logging_mixin.py:137} INFO - [2023-06-30T06:12:30.554+0000] {dagbag.py:538} INFO - Filling up the DagBag from /home/airflow/.local/lib/python3.7/site-packages/airflow/example_dags/example_subdag_operator.py
[2023-06-30T06:12:30.643+0000] {processor.py:753} INFO - DAG(s) dict_keys(['example_subdag_operator.section-1', 'example_subdag_operator.section-2', 'example_subdag_operator']) retrieved from /home/airflow/.local/lib/python3.7/site-packages/airflow/example_dags/example_subdag_operator.py
[2023-06-30T06:12:30.770+0000] {logging_mixin.py:137} INFO - [2023-06-30T06:12:30.769+0000] {dag.py:2676} INFO - Sync 3 DAGs
[2023-06-30T06:12:30.853+0000] {logging_mixin.py:137} INFO - [2023-06-30T06:12:30.852+0000] {dag.py:3427} INFO - Setting next_dagrun for example_subdag_operator to 2022-01-01T00:00:00+00:00, run_after=2022-01-01T00:00:00+00:00
[2023-06-30T06:12:30.860+0000] {logging_mixin.py:137} INFO - [2023-06-30T06:12:30.860+0000] {dag.py:3427} INFO - Setting next_dagrun for example_subdag_operator.section-1 to None, run_after=None
[2023-06-30T06:12:30.863+0000] {logging_mixin.py:137} INFO - [2023-06-30T06:12:30.863+0000] {dag.py:3427} INFO - Setting next_dagrun for example_subdag_operator.section-2 to None, run_after=None
[2023-06-30T06:12:30.876+0000] {logging_mixin.py:137} INFO - [2023-06-30T06:12:30.876+0000] {dag.py:2676} INFO - Sync 2 DAGs
[2023-06-30T06:12:30.885+0000] {logging_mixin.py:137} INFO - [2023-06-30T06:12:30.885+0000] {dag.py:3427} INFO - Setting next_dagrun for example_subdag_operator.section-1 to None, run_after=None
[2023-06-30T06:12:30.887+0000] {logging_mixin.py:137} INFO - [2023-06-30T06:12:30.887+0000] {dag.py:3427} INFO - Setting next_dagrun for example_subdag_operator.section-2 to None, run_after=None
[2023-06-30T06:12:30.902+0000] {processor.py:175} INFO - Processing /home/airflow/.local/lib/python3.7/site-packages/airflow/example_dags/example_subdag_operator.py took 0.364 seconds
[2023-06-30T06:13:01.192+0000] {processor.py:153} INFO - Started process (PID=1711) to work on /home/airflow/.local/lib/python3.7/site-packages/airflow/example_dags/example_subdag_operator.py
[2023-06-30T06:13:01.196+0000] {processor.py:743} INFO - Processing file /home/airflow/.local/lib/python3.7/site-packages/airflow/example_dags/example_subdag_operator.py for tasks to queue
[2023-06-30T06:13:01.200+0000] {logging_mixin.py:137} INFO - [2023-06-30T06:13:01.200+0000] {dagbag.py:538} INFO - Filling up the DagBag from /home/airflow/.local/lib/python3.7/site-packages/airflow/example_dags/example_subdag_operator.py
[2023-06-30T06:13:01.260+0000] {processor.py:753} INFO - DAG(s) dict_keys(['example_subdag_operator.section-1', 'example_subdag_operator.section-2', 'example_subdag_operator']) retrieved from /home/airflow/.local/lib/python3.7/site-packages/airflow/example_dags/example_subdag_operator.py
[2023-06-30T06:13:01.319+0000] {logging_mixin.py:137} INFO - [2023-06-30T06:13:01.318+0000] {dag.py:2676} INFO - Sync 3 DAGs
[2023-06-30T06:13:01.360+0000] {logging_mixin.py:137} INFO - [2023-06-30T06:13:01.360+0000] {dag.py:3427} INFO - Setting next_dagrun for example_subdag_operator to 2022-01-01T00:00:00+00:00, run_after=2022-01-01T00:00:00+00:00
[2023-06-30T06:13:01.366+0000] {logging_mixin.py:137} INFO - [2023-06-30T06:13:01.365+0000] {dag.py:3427} INFO - Setting next_dagrun for example_subdag_operator.section-1 to None, run_after=None
[2023-06-30T06:13:01.369+0000] {logging_mixin.py:137} INFO - [2023-06-30T06:13:01.368+0000] {dag.py:3427} INFO - Setting next_dagrun for example_subdag_operator.section-2 to None, run_after=None
[2023-06-30T06:13:01.381+0000] {logging_mixin.py:137} INFO - [2023-06-30T06:13:01.381+0000] {dag.py:2676} INFO - Sync 2 DAGs
[2023-06-30T06:13:01.389+0000] {logging_mixin.py:137} INFO - [2023-06-30T06:13:01.389+0000] {dag.py:3427} INFO - Setting next_dagrun for example_subdag_operator.section-1 to None, run_after=None
[2023-06-30T06:13:01.391+0000] {logging_mixin.py:137} INFO - [2023-06-30T06:13:01.391+0000] {dag.py:3427} INFO - Setting next_dagrun for example_subdag_operator.section-2 to None, run_after=None
[2023-06-30T06:13:01.407+0000] {processor.py:175} INFO - Processing /home/airflow/.local/lib/python3.7/site-packages/airflow/example_dags/example_subdag_operator.py took 0.221 seconds
[2023-06-30T06:13:31.806+0000] {processor.py:153} INFO - Started process (PID=1782) to work on /home/airflow/.local/lib/python3.7/site-packages/airflow/example_dags/example_subdag_operator.py
[2023-06-30T06:13:31.809+0000] {processor.py:743} INFO - Processing file /home/airflow/.local/lib/python3.7/site-packages/airflow/example_dags/example_subdag_operator.py for tasks to queue
[2023-06-30T06:13:31.811+0000] {logging_mixin.py:137} INFO - [2023-06-30T06:13:31.811+0000] {dagbag.py:538} INFO - Filling up the DagBag from /home/airflow/.local/lib/python3.7/site-packages/airflow/example_dags/example_subdag_operator.py
[2023-06-30T06:13:31.859+0000] {processor.py:753} INFO - DAG(s) dict_keys(['example_subdag_operator.section-1', 'example_subdag_operator.section-2', 'example_subdag_operator']) retrieved from /home/airflow/.local/lib/python3.7/site-packages/airflow/example_dags/example_subdag_operator.py
[2023-06-30T06:13:31.900+0000] {logging_mixin.py:137} INFO - [2023-06-30T06:13:31.900+0000] {dag.py:2676} INFO - Sync 3 DAGs
[2023-06-30T06:13:31.933+0000] {logging_mixin.py:137} INFO - [2023-06-30T06:13:31.933+0000] {dag.py:3427} INFO - Setting next_dagrun for example_subdag_operator to 2022-01-01T00:00:00+00:00, run_after=2022-01-01T00:00:00+00:00
[2023-06-30T06:13:31.955+0000] {logging_mixin.py:137} INFO - [2023-06-30T06:13:31.955+0000] {dag.py:3427} INFO - Setting next_dagrun for example_subdag_operator.section-1 to None, run_after=None
[2023-06-30T06:13:31.958+0000] {logging_mixin.py:137} INFO - [2023-06-30T06:13:31.958+0000] {dag.py:3427} INFO - Setting next_dagrun for example_subdag_operator.section-2 to None, run_after=None
[2023-06-30T06:13:31.969+0000] {logging_mixin.py:137} INFO - [2023-06-30T06:13:31.969+0000] {dag.py:2676} INFO - Sync 2 DAGs
[2023-06-30T06:13:31.977+0000] {logging_mixin.py:137} INFO - [2023-06-30T06:13:31.977+0000] {dag.py:3427} INFO - Setting next_dagrun for example_subdag_operator.section-1 to None, run_after=None
[2023-06-30T06:13:31.979+0000] {logging_mixin.py:137} INFO - [2023-06-30T06:13:31.978+0000] {dag.py:3427} INFO - Setting next_dagrun for example_subdag_operator.section-2 to None, run_after=None
[2023-06-30T06:13:31.995+0000] {processor.py:175} INFO - Processing /home/airflow/.local/lib/python3.7/site-packages/airflow/example_dags/example_subdag_operator.py took 0.194 seconds
[2023-06-30T06:14:02.420+0000] {processor.py:153} INFO - Started process (PID=1848) to work on /home/airflow/.local/lib/python3.7/site-packages/airflow/example_dags/example_subdag_operator.py
[2023-06-30T06:14:02.426+0000] {processor.py:743} INFO - Processing file /home/airflow/.local/lib/python3.7/site-packages/airflow/example_dags/example_subdag_operator.py for tasks to queue
[2023-06-30T06:14:02.428+0000] {logging_mixin.py:137} INFO - [2023-06-30T06:14:02.427+0000] {dagbag.py:538} INFO - Filling up the DagBag from /home/airflow/.local/lib/python3.7/site-packages/airflow/example_dags/example_subdag_operator.py
[2023-06-30T06:14:02.477+0000] {processor.py:753} INFO - DAG(s) dict_keys(['example_subdag_operator.section-1', 'example_subdag_operator.section-2', 'example_subdag_operator']) retrieved from /home/airflow/.local/lib/python3.7/site-packages/airflow/example_dags/example_subdag_operator.py
[2023-06-30T06:14:02.519+0000] {logging_mixin.py:137} INFO - [2023-06-30T06:14:02.519+0000] {dag.py:2676} INFO - Sync 3 DAGs
[2023-06-30T06:14:02.553+0000] {logging_mixin.py:137} INFO - [2023-06-30T06:14:02.553+0000] {dag.py:3427} INFO - Setting next_dagrun for example_subdag_operator to 2022-01-01T00:00:00+00:00, run_after=2022-01-01T00:00:00+00:00
[2023-06-30T06:14:02.558+0000] {logging_mixin.py:137} INFO - [2023-06-30T06:14:02.558+0000] {dag.py:3427} INFO - Setting next_dagrun for example_subdag_operator.section-1 to None, run_after=None
[2023-06-30T06:14:02.561+0000] {logging_mixin.py:137} INFO - [2023-06-30T06:14:02.561+0000] {dag.py:3427} INFO - Setting next_dagrun for example_subdag_operator.section-2 to None, run_after=None
[2023-06-30T06:14:02.570+0000] {logging_mixin.py:137} INFO - [2023-06-30T06:14:02.570+0000] {dag.py:2676} INFO - Sync 2 DAGs
[2023-06-30T06:14:02.578+0000] {logging_mixin.py:137} INFO - [2023-06-30T06:14:02.578+0000] {dag.py:3427} INFO - Setting next_dagrun for example_subdag_operator.section-1 to None, run_after=None
[2023-06-30T06:14:02.580+0000] {logging_mixin.py:137} INFO - [2023-06-30T06:14:02.580+0000] {dag.py:3427} INFO - Setting next_dagrun for example_subdag_operator.section-2 to None, run_after=None
[2023-06-30T06:14:02.595+0000] {processor.py:175} INFO - Processing /home/airflow/.local/lib/python3.7/site-packages/airflow/example_dags/example_subdag_operator.py took 0.180 seconds
[2023-06-30T06:14:33.189+0000] {processor.py:153} INFO - Started process (PID=1928) to work on /home/airflow/.local/lib/python3.7/site-packages/airflow/example_dags/example_subdag_operator.py
[2023-06-30T06:14:33.191+0000] {processor.py:743} INFO - Processing file /home/airflow/.local/lib/python3.7/site-packages/airflow/example_dags/example_subdag_operator.py for tasks to queue
[2023-06-30T06:14:33.195+0000] {logging_mixin.py:137} INFO - [2023-06-30T06:14:33.194+0000] {dagbag.py:538} INFO - Filling up the DagBag from /home/airflow/.local/lib/python3.7/site-packages/airflow/example_dags/example_subdag_operator.py
[2023-06-30T06:14:33.242+0000] {processor.py:753} INFO - DAG(s) dict_keys(['example_subdag_operator.section-1', 'example_subdag_operator.section-2', 'example_subdag_operator']) retrieved from /home/airflow/.local/lib/python3.7/site-packages/airflow/example_dags/example_subdag_operator.py
[2023-06-30T06:14:33.287+0000] {logging_mixin.py:137} INFO - [2023-06-30T06:14:33.286+0000] {dag.py:2676} INFO - Sync 3 DAGs
[2023-06-30T06:14:33.401+0000] {logging_mixin.py:137} INFO - [2023-06-30T06:14:33.401+0000] {dag.py:3427} INFO - Setting next_dagrun for example_subdag_operator to 2022-01-01T00:00:00+00:00, run_after=2022-01-01T00:00:00+00:00
[2023-06-30T06:14:33.410+0000] {logging_mixin.py:137} INFO - [2023-06-30T06:14:33.410+0000] {dag.py:3427} INFO - Setting next_dagrun for example_subdag_operator.section-1 to None, run_after=None
[2023-06-30T06:14:33.415+0000] {logging_mixin.py:137} INFO - [2023-06-30T06:14:33.414+0000] {dag.py:3427} INFO - Setting next_dagrun for example_subdag_operator.section-2 to None, run_after=None
[2023-06-30T06:14:33.432+0000] {logging_mixin.py:137} INFO - [2023-06-30T06:14:33.432+0000] {dag.py:2676} INFO - Sync 2 DAGs
[2023-06-30T06:14:33.443+0000] {logging_mixin.py:137} INFO - [2023-06-30T06:14:33.442+0000] {dag.py:3427} INFO - Setting next_dagrun for example_subdag_operator.section-1 to None, run_after=None
[2023-06-30T06:14:33.445+0000] {logging_mixin.py:137} INFO - [2023-06-30T06:14:33.445+0000] {dag.py:3427} INFO - Setting next_dagrun for example_subdag_operator.section-2 to None, run_after=None
[2023-06-30T06:14:33.466+0000] {processor.py:175} INFO - Processing /home/airflow/.local/lib/python3.7/site-packages/airflow/example_dags/example_subdag_operator.py took 0.283 seconds
[2023-06-30T06:15:04.006+0000] {processor.py:153} INFO - Started process (PID=1994) to work on /home/airflow/.local/lib/python3.7/site-packages/airflow/example_dags/example_subdag_operator.py
[2023-06-30T06:15:04.009+0000] {processor.py:743} INFO - Processing file /home/airflow/.local/lib/python3.7/site-packages/airflow/example_dags/example_subdag_operator.py for tasks to queue
[2023-06-30T06:15:04.012+0000] {logging_mixin.py:137} INFO - [2023-06-30T06:15:04.011+0000] {dagbag.py:538} INFO - Filling up the DagBag from /home/airflow/.local/lib/python3.7/site-packages/airflow/example_dags/example_subdag_operator.py
[2023-06-30T06:15:04.061+0000] {processor.py:753} INFO - DAG(s) dict_keys(['example_subdag_operator.section-1', 'example_subdag_operator.section-2', 'example_subdag_operator']) retrieved from /home/airflow/.local/lib/python3.7/site-packages/airflow/example_dags/example_subdag_operator.py
[2023-06-30T06:15:04.107+0000] {logging_mixin.py:137} INFO - [2023-06-30T06:15:04.107+0000] {dag.py:2676} INFO - Sync 3 DAGs
[2023-06-30T06:15:04.140+0000] {logging_mixin.py:137} INFO - [2023-06-30T06:15:04.140+0000] {dag.py:3427} INFO - Setting next_dagrun for example_subdag_operator to 2022-01-01T00:00:00+00:00, run_after=2022-01-01T00:00:00+00:00
[2023-06-30T06:15:04.146+0000] {logging_mixin.py:137} INFO - [2023-06-30T06:15:04.146+0000] {dag.py:3427} INFO - Setting next_dagrun for example_subdag_operator.section-1 to None, run_after=None
[2023-06-30T06:15:04.148+0000] {logging_mixin.py:137} INFO - [2023-06-30T06:15:04.148+0000] {dag.py:3427} INFO - Setting next_dagrun for example_subdag_operator.section-2 to None, run_after=None
[2023-06-30T06:15:04.157+0000] {logging_mixin.py:137} INFO - [2023-06-30T06:15:04.157+0000] {dag.py:2676} INFO - Sync 2 DAGs
[2023-06-30T06:15:04.164+0000] {logging_mixin.py:137} INFO - [2023-06-30T06:15:04.164+0000] {dag.py:3427} INFO - Setting next_dagrun for example_subdag_operator.section-1 to None, run_after=None
[2023-06-30T06:15:04.165+0000] {logging_mixin.py:137} INFO - [2023-06-30T06:15:04.165+0000] {dag.py:3427} INFO - Setting next_dagrun for example_subdag_operator.section-2 to None, run_after=None
[2023-06-30T06:15:04.178+0000] {processor.py:175} INFO - Processing /home/airflow/.local/lib/python3.7/site-packages/airflow/example_dags/example_subdag_operator.py took 0.177 seconds
[2023-06-30T06:15:34.388+0000] {processor.py:153} INFO - Started process (PID=2060) to work on /home/airflow/.local/lib/python3.7/site-packages/airflow/example_dags/example_subdag_operator.py
[2023-06-30T06:15:34.390+0000] {processor.py:743} INFO - Processing file /home/airflow/.local/lib/python3.7/site-packages/airflow/example_dags/example_subdag_operator.py for tasks to queue
[2023-06-30T06:15:34.392+0000] {logging_mixin.py:137} INFO - [2023-06-30T06:15:34.391+0000] {dagbag.py:538} INFO - Filling up the DagBag from /home/airflow/.local/lib/python3.7/site-packages/airflow/example_dags/example_subdag_operator.py
[2023-06-30T06:15:34.441+0000] {processor.py:753} INFO - DAG(s) dict_keys(['example_subdag_operator.section-1', 'example_subdag_operator.section-2', 'example_subdag_operator']) retrieved from /home/airflow/.local/lib/python3.7/site-packages/airflow/example_dags/example_subdag_operator.py
[2023-06-30T06:15:34.468+0000] {logging_mixin.py:137} INFO - [2023-06-30T06:15:34.468+0000] {dag.py:2676} INFO - Sync 3 DAGs
[2023-06-30T06:15:34.508+0000] {logging_mixin.py:137} INFO - [2023-06-30T06:15:34.507+0000] {dag.py:3427} INFO - Setting next_dagrun for example_subdag_operator to 2022-01-01T00:00:00+00:00, run_after=2022-01-01T00:00:00+00:00
[2023-06-30T06:15:34.514+0000] {logging_mixin.py:137} INFO - [2023-06-30T06:15:34.514+0000] {dag.py:3427} INFO - Setting next_dagrun for example_subdag_operator.section-1 to None, run_after=None
[2023-06-30T06:15:34.517+0000] {logging_mixin.py:137} INFO - [2023-06-30T06:15:34.517+0000] {dag.py:3427} INFO - Setting next_dagrun for example_subdag_operator.section-2 to None, run_after=None
[2023-06-30T06:15:34.528+0000] {logging_mixin.py:137} INFO - [2023-06-30T06:15:34.528+0000] {dag.py:2676} INFO - Sync 2 DAGs
[2023-06-30T06:15:34.570+0000] {logging_mixin.py:137} INFO - [2023-06-30T06:15:34.570+0000] {dag.py:3427} INFO - Setting next_dagrun for example_subdag_operator.section-1 to None, run_after=None
[2023-06-30T06:15:34.572+0000] {logging_mixin.py:137} INFO - [2023-06-30T06:15:34.572+0000] {dag.py:3427} INFO - Setting next_dagrun for example_subdag_operator.section-2 to None, run_after=None
[2023-06-30T06:15:34.592+0000] {processor.py:175} INFO - Processing /home/airflow/.local/lib/python3.7/site-packages/airflow/example_dags/example_subdag_operator.py took 0.209 seconds
[2023-06-30T06:16:04.820+0000] {processor.py:153} INFO - Started process (PID=2140) to work on /home/airflow/.local/lib/python3.7/site-packages/airflow/example_dags/example_subdag_operator.py
[2023-06-30T06:16:04.823+0000] {processor.py:743} INFO - Processing file /home/airflow/.local/lib/python3.7/site-packages/airflow/example_dags/example_subdag_operator.py for tasks to queue
[2023-06-30T06:16:04.825+0000] {logging_mixin.py:137} INFO - [2023-06-30T06:16:04.825+0000] {dagbag.py:538} INFO - Filling up the DagBag from /home/airflow/.local/lib/python3.7/site-packages/airflow/example_dags/example_subdag_operator.py
[2023-06-30T06:16:04.882+0000] {processor.py:753} INFO - DAG(s) dict_keys(['example_subdag_operator.section-1', 'example_subdag_operator.section-2', 'example_subdag_operator']) retrieved from /home/airflow/.local/lib/python3.7/site-packages/airflow/example_dags/example_subdag_operator.py
[2023-06-30T06:16:04.934+0000] {logging_mixin.py:137} INFO - [2023-06-30T06:16:04.934+0000] {dag.py:2676} INFO - Sync 3 DAGs
[2023-06-30T06:16:04.976+0000] {logging_mixin.py:137} INFO - [2023-06-30T06:16:04.976+0000] {dag.py:3427} INFO - Setting next_dagrun for example_subdag_operator to 2022-01-01T00:00:00+00:00, run_after=2022-01-01T00:00:00+00:00
[2023-06-30T06:16:04.982+0000] {logging_mixin.py:137} INFO - [2023-06-30T06:16:04.982+0000] {dag.py:3427} INFO - Setting next_dagrun for example_subdag_operator.section-1 to None, run_after=None
[2023-06-30T06:16:04.985+0000] {logging_mixin.py:137} INFO - [2023-06-30T06:16:04.985+0000] {dag.py:3427} INFO - Setting next_dagrun for example_subdag_operator.section-2 to None, run_after=None
[2023-06-30T06:16:04.996+0000] {logging_mixin.py:137} INFO - [2023-06-30T06:16:04.996+0000] {dag.py:2676} INFO - Sync 2 DAGs
[2023-06-30T06:16:05.005+0000] {logging_mixin.py:137} INFO - [2023-06-30T06:16:05.005+0000] {dag.py:3427} INFO - Setting next_dagrun for example_subdag_operator.section-1 to None, run_after=None
[2023-06-30T06:16:05.007+0000] {logging_mixin.py:137} INFO - [2023-06-30T06:16:05.007+0000] {dag.py:3427} INFO - Setting next_dagrun for example_subdag_operator.section-2 to None, run_after=None
[2023-06-30T06:16:05.023+0000] {processor.py:175} INFO - Processing /home/airflow/.local/lib/python3.7/site-packages/airflow/example_dags/example_subdag_operator.py took 0.210 seconds
[2023-06-30T06:16:35.311+0000] {processor.py:153} INFO - Started process (PID=2206) to work on /home/airflow/.local/lib/python3.7/site-packages/airflow/example_dags/example_subdag_operator.py
[2023-06-30T06:16:35.313+0000] {processor.py:743} INFO - Processing file /home/airflow/.local/lib/python3.7/site-packages/airflow/example_dags/example_subdag_operator.py for tasks to queue
[2023-06-30T06:16:35.316+0000] {logging_mixin.py:137} INFO - [2023-06-30T06:16:35.315+0000] {dagbag.py:538} INFO - Filling up the DagBag from /home/airflow/.local/lib/python3.7/site-packages/airflow/example_dags/example_subdag_operator.py
[2023-06-30T06:16:35.363+0000] {processor.py:753} INFO - DAG(s) dict_keys(['example_subdag_operator.section-1', 'example_subdag_operator.section-2', 'example_subdag_operator']) retrieved from /home/airflow/.local/lib/python3.7/site-packages/airflow/example_dags/example_subdag_operator.py
[2023-06-30T06:16:35.406+0000] {logging_mixin.py:137} INFO - [2023-06-30T06:16:35.406+0000] {dag.py:2676} INFO - Sync 3 DAGs
[2023-06-30T06:16:35.438+0000] {logging_mixin.py:137} INFO - [2023-06-30T06:16:35.438+0000] {dag.py:3427} INFO - Setting next_dagrun for example_subdag_operator to 2022-01-01T00:00:00+00:00, run_after=2022-01-01T00:00:00+00:00
[2023-06-30T06:16:35.444+0000] {logging_mixin.py:137} INFO - [2023-06-30T06:16:35.444+0000] {dag.py:3427} INFO - Setting next_dagrun for example_subdag_operator.section-1 to None, run_after=None
[2023-06-30T06:16:35.447+0000] {logging_mixin.py:137} INFO - [2023-06-30T06:16:35.447+0000] {dag.py:3427} INFO - Setting next_dagrun for example_subdag_operator.section-2 to None, run_after=None
[2023-06-30T06:16:35.457+0000] {logging_mixin.py:137} INFO - [2023-06-30T06:16:35.456+0000] {dag.py:2676} INFO - Sync 2 DAGs
[2023-06-30T06:16:35.464+0000] {logging_mixin.py:137} INFO - [2023-06-30T06:16:35.464+0000] {dag.py:3427} INFO - Setting next_dagrun for example_subdag_operator.section-1 to None, run_after=None
[2023-06-30T06:16:35.466+0000] {logging_mixin.py:137} INFO - [2023-06-30T06:16:35.466+0000] {dag.py:3427} INFO - Setting next_dagrun for example_subdag_operator.section-2 to None, run_after=None
[2023-06-30T06:16:35.483+0000] {processor.py:175} INFO - Processing /home/airflow/.local/lib/python3.7/site-packages/airflow/example_dags/example_subdag_operator.py took 0.178 seconds
[2023-06-30T06:17:05.891+0000] {processor.py:153} INFO - Started process (PID=2272) to work on /home/airflow/.local/lib/python3.7/site-packages/airflow/example_dags/example_subdag_operator.py
[2023-06-30T06:17:05.893+0000] {processor.py:743} INFO - Processing file /home/airflow/.local/lib/python3.7/site-packages/airflow/example_dags/example_subdag_operator.py for tasks to queue
[2023-06-30T06:17:05.895+0000] {logging_mixin.py:137} INFO - [2023-06-30T06:17:05.895+0000] {dagbag.py:538} INFO - Filling up the DagBag from /home/airflow/.local/lib/python3.7/site-packages/airflow/example_dags/example_subdag_operator.py
[2023-06-30T06:17:05.932+0000] {processor.py:753} INFO - DAG(s) dict_keys(['example_subdag_operator.section-1', 'example_subdag_operator.section-2', 'example_subdag_operator']) retrieved from /home/airflow/.local/lib/python3.7/site-packages/airflow/example_dags/example_subdag_operator.py
[2023-06-30T06:17:05.974+0000] {logging_mixin.py:137} INFO - [2023-06-30T06:17:05.974+0000] {dag.py:2676} INFO - Sync 3 DAGs
[2023-06-30T06:17:06.016+0000] {logging_mixin.py:137} INFO - [2023-06-30T06:17:06.016+0000] {dag.py:3427} INFO - Setting next_dagrun for example_subdag_operator to 2022-01-01T00:00:00+00:00, run_after=2022-01-01T00:00:00+00:00
[2023-06-30T06:17:06.023+0000] {logging_mixin.py:137} INFO - [2023-06-30T06:17:06.023+0000] {dag.py:3427} INFO - Setting next_dagrun for example_subdag_operator.section-1 to None, run_after=None
[2023-06-30T06:17:06.026+0000] {logging_mixin.py:137} INFO - [2023-06-30T06:17:06.026+0000] {dag.py:3427} INFO - Setting next_dagrun for example_subdag_operator.section-2 to None, run_after=None
[2023-06-30T06:17:06.038+0000] {logging_mixin.py:137} INFO - [2023-06-30T06:17:06.038+0000] {dag.py:2676} INFO - Sync 2 DAGs
[2023-06-30T06:17:06.047+0000] {logging_mixin.py:137} INFO - [2023-06-30T06:17:06.046+0000] {dag.py:3427} INFO - Setting next_dagrun for example_subdag_operator.section-1 to None, run_after=None
[2023-06-30T06:17:06.048+0000] {logging_mixin.py:137} INFO - [2023-06-30T06:17:06.048+0000] {dag.py:3427} INFO - Setting next_dagrun for example_subdag_operator.section-2 to None, run_after=None
[2023-06-30T06:17:06.067+0000] {processor.py:175} INFO - Processing /home/airflow/.local/lib/python3.7/site-packages/airflow/example_dags/example_subdag_operator.py took 0.182 seconds
