[2023-06-30T06:01:10.469+0000] {processor.py:153} INFO - Started process (PID=66) to work on /home/airflow/.local/lib/python3.7/site-packages/airflow/example_dags/example_latest_only.py
[2023-06-30T06:01:10.472+0000] {processor.py:743} INFO - Processing file /home/airflow/.local/lib/python3.7/site-packages/airflow/example_dags/example_latest_only.py for tasks to queue
[2023-06-30T06:01:10.474+0000] {logging_mixin.py:137} INFO - [2023-06-30T06:01:10.474+0000] {dagbag.py:538} INFO - Filling up the DagBag from /home/airflow/.local/lib/python3.7/site-packages/airflow/example_dags/example_latest_only.py
[2023-06-30T06:01:10.496+0000] {processor.py:753} INFO - DAG(s) dict_keys(['latest_only']) retrieved from /home/airflow/.local/lib/python3.7/site-packages/airflow/example_dags/example_latest_only.py
[2023-06-30T06:01:10.539+0000] {logging_mixin.py:137} INFO - [2023-06-30T06:01:10.539+0000] {dag.py:2676} INFO - Sync 1 DAGs
[2023-06-30T06:01:10.580+0000] {logging_mixin.py:137} INFO - [2023-06-30T06:01:10.580+0000] {dag.py:3427} INFO - Setting next_dagrun for latest_only to 2023-06-30T02:01:10.579873+00:00, run_after=2023-06-30T06:01:10.579873+00:00
[2023-06-30T06:01:10.630+0000] {processor.py:175} INFO - Processing /home/airflow/.local/lib/python3.7/site-packages/airflow/example_dags/example_latest_only.py took 0.166 seconds
[2023-06-30T06:01:45.064+0000] {processor.py:153} INFO - Started process (PID=142) to work on /home/airflow/.local/lib/python3.7/site-packages/airflow/example_dags/example_latest_only.py
[2023-06-30T06:01:45.080+0000] {processor.py:743} INFO - Processing file /home/airflow/.local/lib/python3.7/site-packages/airflow/example_dags/example_latest_only.py for tasks to queue
[2023-06-30T06:01:45.085+0000] {logging_mixin.py:137} INFO - [2023-06-30T06:01:45.085+0000] {dagbag.py:538} INFO - Filling up the DagBag from /home/airflow/.local/lib/python3.7/site-packages/airflow/example_dags/example_latest_only.py
[2023-06-30T06:01:45.242+0000] {processor.py:753} INFO - DAG(s) dict_keys(['latest_only']) retrieved from /home/airflow/.local/lib/python3.7/site-packages/airflow/example_dags/example_latest_only.py
[2023-06-30T06:01:45.515+0000] {logging_mixin.py:137} INFO - [2023-06-30T06:01:45.514+0000] {dag.py:2676} INFO - Sync 1 DAGs
[2023-06-30T06:01:45.731+0000] {logging_mixin.py:137} INFO - [2023-06-30T06:01:45.731+0000] {dag.py:3427} INFO - Setting next_dagrun for latest_only to 2023-06-30T02:01:45.730239+00:00, run_after=2023-06-30T06:01:45.730239+00:00
[2023-06-30T06:01:45.827+0000] {processor.py:175} INFO - Processing /home/airflow/.local/lib/python3.7/site-packages/airflow/example_dags/example_latest_only.py took 0.791 seconds
[2023-06-30T06:02:16.302+0000] {processor.py:153} INFO - Started process (PID=199) to work on /home/airflow/.local/lib/python3.7/site-packages/airflow/example_dags/example_latest_only.py
[2023-06-30T06:02:16.304+0000] {processor.py:743} INFO - Processing file /home/airflow/.local/lib/python3.7/site-packages/airflow/example_dags/example_latest_only.py for tasks to queue
[2023-06-30T06:02:16.306+0000] {logging_mixin.py:137} INFO - [2023-06-30T06:02:16.306+0000] {dagbag.py:538} INFO - Filling up the DagBag from /home/airflow/.local/lib/python3.7/site-packages/airflow/example_dags/example_latest_only.py
[2023-06-30T06:02:16.341+0000] {processor.py:753} INFO - DAG(s) dict_keys(['latest_only']) retrieved from /home/airflow/.local/lib/python3.7/site-packages/airflow/example_dags/example_latest_only.py
[2023-06-30T06:02:16.430+0000] {logging_mixin.py:137} INFO - [2023-06-30T06:02:16.430+0000] {dag.py:2676} INFO - Sync 1 DAGs
[2023-06-30T06:02:16.515+0000] {logging_mixin.py:137} INFO - [2023-06-30T06:02:16.515+0000] {dag.py:3427} INFO - Setting next_dagrun for latest_only to 2023-06-30T02:02:16.515135+00:00, run_after=2023-06-30T06:02:16.515135+00:00
[2023-06-30T06:02:16.675+0000] {processor.py:175} INFO - Processing /home/airflow/.local/lib/python3.7/site-packages/airflow/example_dags/example_latest_only.py took 0.377 seconds
[2023-06-30T06:02:46.744+0000] {processor.py:153} INFO - Started process (PID=274) to work on /home/airflow/.local/lib/python3.7/site-packages/airflow/example_dags/example_latest_only.py
[2023-06-30T06:02:46.747+0000] {processor.py:743} INFO - Processing file /home/airflow/.local/lib/python3.7/site-packages/airflow/example_dags/example_latest_only.py for tasks to queue
[2023-06-30T06:02:46.749+0000] {logging_mixin.py:137} INFO - [2023-06-30T06:02:46.749+0000] {dagbag.py:538} INFO - Filling up the DagBag from /home/airflow/.local/lib/python3.7/site-packages/airflow/example_dags/example_latest_only.py
[2023-06-30T06:02:46.773+0000] {processor.py:753} INFO - DAG(s) dict_keys(['latest_only']) retrieved from /home/airflow/.local/lib/python3.7/site-packages/airflow/example_dags/example_latest_only.py
[2023-06-30T06:02:46.841+0000] {logging_mixin.py:137} INFO - [2023-06-30T06:02:46.841+0000] {dag.py:2676} INFO - Sync 1 DAGs
[2023-06-30T06:02:46.883+0000] {logging_mixin.py:137} INFO - [2023-06-30T06:02:46.882+0000] {dag.py:3427} INFO - Setting next_dagrun for latest_only to 2023-06-30T02:02:46.882615+00:00, run_after=2023-06-30T06:02:46.882615+00:00
[2023-06-30T06:02:46.914+0000] {processor.py:175} INFO - Processing /home/airflow/.local/lib/python3.7/site-packages/airflow/example_dags/example_latest_only.py took 0.175 seconds
[2023-06-30T06:03:17.817+0000] {processor.py:153} INFO - Started process (PID=345) to work on /home/airflow/.local/lib/python3.7/site-packages/airflow/example_dags/example_latest_only.py
[2023-06-30T06:03:17.820+0000] {processor.py:743} INFO - Processing file /home/airflow/.local/lib/python3.7/site-packages/airflow/example_dags/example_latest_only.py for tasks to queue
[2023-06-30T06:03:17.822+0000] {logging_mixin.py:137} INFO - [2023-06-30T06:03:17.822+0000] {dagbag.py:538} INFO - Filling up the DagBag from /home/airflow/.local/lib/python3.7/site-packages/airflow/example_dags/example_latest_only.py
[2023-06-30T06:03:17.843+0000] {processor.py:753} INFO - DAG(s) dict_keys(['latest_only']) retrieved from /home/airflow/.local/lib/python3.7/site-packages/airflow/example_dags/example_latest_only.py
[2023-06-30T06:03:17.892+0000] {logging_mixin.py:137} INFO - [2023-06-30T06:03:17.892+0000] {dag.py:2676} INFO - Sync 1 DAGs
[2023-06-30T06:03:17.925+0000] {logging_mixin.py:137} INFO - [2023-06-30T06:03:17.925+0000] {dag.py:3427} INFO - Setting next_dagrun for latest_only to 2023-06-30T02:03:17.925439+00:00, run_after=2023-06-30T06:03:17.925439+00:00
[2023-06-30T06:03:17.949+0000] {processor.py:175} INFO - Processing /home/airflow/.local/lib/python3.7/site-packages/airflow/example_dags/example_latest_only.py took 0.137 seconds
[2023-06-30T06:03:47.990+0000] {processor.py:153} INFO - Started process (PID=411) to work on /home/airflow/.local/lib/python3.7/site-packages/airflow/example_dags/example_latest_only.py
[2023-06-30T06:03:47.993+0000] {processor.py:743} INFO - Processing file /home/airflow/.local/lib/python3.7/site-packages/airflow/example_dags/example_latest_only.py for tasks to queue
[2023-06-30T06:03:47.995+0000] {logging_mixin.py:137} INFO - [2023-06-30T06:03:47.995+0000] {dagbag.py:538} INFO - Filling up the DagBag from /home/airflow/.local/lib/python3.7/site-packages/airflow/example_dags/example_latest_only.py
[2023-06-30T06:03:48.018+0000] {processor.py:753} INFO - DAG(s) dict_keys(['latest_only']) retrieved from /home/airflow/.local/lib/python3.7/site-packages/airflow/example_dags/example_latest_only.py
[2023-06-30T06:03:48.074+0000] {logging_mixin.py:137} INFO - [2023-06-30T06:03:48.074+0000] {dag.py:2676} INFO - Sync 1 DAGs
[2023-06-30T06:03:48.114+0000] {logging_mixin.py:137} INFO - [2023-06-30T06:03:48.114+0000] {dag.py:3427} INFO - Setting next_dagrun for latest_only to 2023-06-30T02:03:48.114407+00:00, run_after=2023-06-30T06:03:48.114407+00:00
[2023-06-30T06:03:48.145+0000] {processor.py:175} INFO - Processing /home/airflow/.local/lib/python3.7/site-packages/airflow/example_dags/example_latest_only.py took 0.160 seconds
[2023-06-30T06:04:18.558+0000] {processor.py:153} INFO - Started process (PID=490) to work on /home/airflow/.local/lib/python3.7/site-packages/airflow/example_dags/example_latest_only.py
[2023-06-30T06:04:18.562+0000] {processor.py:743} INFO - Processing file /home/airflow/.local/lib/python3.7/site-packages/airflow/example_dags/example_latest_only.py for tasks to queue
[2023-06-30T06:04:18.565+0000] {logging_mixin.py:137} INFO - [2023-06-30T06:04:18.564+0000] {dagbag.py:538} INFO - Filling up the DagBag from /home/airflow/.local/lib/python3.7/site-packages/airflow/example_dags/example_latest_only.py
[2023-06-30T06:04:18.587+0000] {processor.py:753} INFO - DAG(s) dict_keys(['latest_only']) retrieved from /home/airflow/.local/lib/python3.7/site-packages/airflow/example_dags/example_latest_only.py
[2023-06-30T06:04:18.638+0000] {logging_mixin.py:137} INFO - [2023-06-30T06:04:18.638+0000] {dag.py:2676} INFO - Sync 1 DAGs
[2023-06-30T06:04:18.673+0000] {logging_mixin.py:137} INFO - [2023-06-30T06:04:18.673+0000] {dag.py:3427} INFO - Setting next_dagrun for latest_only to 2023-06-30T02:04:18.673274+00:00, run_after=2023-06-30T06:04:18.673274+00:00
[2023-06-30T06:04:18.698+0000] {processor.py:175} INFO - Processing /home/airflow/.local/lib/python3.7/site-packages/airflow/example_dags/example_latest_only.py took 0.145 seconds
[2023-06-30T06:04:49.551+0000] {processor.py:153} INFO - Started process (PID=556) to work on /home/airflow/.local/lib/python3.7/site-packages/airflow/example_dags/example_latest_only.py
[2023-06-30T06:04:49.554+0000] {processor.py:743} INFO - Processing file /home/airflow/.local/lib/python3.7/site-packages/airflow/example_dags/example_latest_only.py for tasks to queue
[2023-06-30T06:04:49.556+0000] {logging_mixin.py:137} INFO - [2023-06-30T06:04:49.555+0000] {dagbag.py:538} INFO - Filling up the DagBag from /home/airflow/.local/lib/python3.7/site-packages/airflow/example_dags/example_latest_only.py
[2023-06-30T06:04:49.577+0000] {processor.py:753} INFO - DAG(s) dict_keys(['latest_only']) retrieved from /home/airflow/.local/lib/python3.7/site-packages/airflow/example_dags/example_latest_only.py
[2023-06-30T06:04:49.630+0000] {logging_mixin.py:137} INFO - [2023-06-30T06:04:49.630+0000] {dag.py:2676} INFO - Sync 1 DAGs
[2023-06-30T06:04:49.668+0000] {logging_mixin.py:137} INFO - [2023-06-30T06:04:49.667+0000] {dag.py:3427} INFO - Setting next_dagrun for latest_only to 2023-06-30T02:04:49.667625+00:00, run_after=2023-06-30T06:04:49.667625+00:00
[2023-06-30T06:04:49.698+0000] {processor.py:175} INFO - Processing /home/airflow/.local/lib/python3.7/site-packages/airflow/example_dags/example_latest_only.py took 0.152 seconds
[2023-06-30T06:05:20.686+0000] {processor.py:153} INFO - Started process (PID=636) to work on /home/airflow/.local/lib/python3.7/site-packages/airflow/example_dags/example_latest_only.py
[2023-06-30T06:05:20.688+0000] {processor.py:743} INFO - Processing file /home/airflow/.local/lib/python3.7/site-packages/airflow/example_dags/example_latest_only.py for tasks to queue
[2023-06-30T06:05:20.690+0000] {logging_mixin.py:137} INFO - [2023-06-30T06:05:20.690+0000] {dagbag.py:538} INFO - Filling up the DagBag from /home/airflow/.local/lib/python3.7/site-packages/airflow/example_dags/example_latest_only.py
[2023-06-30T06:05:20.711+0000] {processor.py:753} INFO - DAG(s) dict_keys(['latest_only']) retrieved from /home/airflow/.local/lib/python3.7/site-packages/airflow/example_dags/example_latest_only.py
[2023-06-30T06:05:20.760+0000] {logging_mixin.py:137} INFO - [2023-06-30T06:05:20.760+0000] {dag.py:2676} INFO - Sync 1 DAGs
[2023-06-30T06:05:20.794+0000] {logging_mixin.py:137} INFO - [2023-06-30T06:05:20.793+0000] {dag.py:3427} INFO - Setting next_dagrun for latest_only to 2023-06-30T02:05:20.793533+00:00, run_after=2023-06-30T06:05:20.793533+00:00
[2023-06-30T06:05:20.818+0000] {processor.py:175} INFO - Processing /home/airflow/.local/lib/python3.7/site-packages/airflow/example_dags/example_latest_only.py took 0.137 seconds
[2023-06-30T06:05:51.005+0000] {processor.py:153} INFO - Started process (PID=702) to work on /home/airflow/.local/lib/python3.7/site-packages/airflow/example_dags/example_latest_only.py
[2023-06-30T06:05:51.007+0000] {processor.py:743} INFO - Processing file /home/airflow/.local/lib/python3.7/site-packages/airflow/example_dags/example_latest_only.py for tasks to queue
[2023-06-30T06:05:51.013+0000] {logging_mixin.py:137} INFO - [2023-06-30T06:05:51.012+0000] {dagbag.py:538} INFO - Filling up the DagBag from /home/airflow/.local/lib/python3.7/site-packages/airflow/example_dags/example_latest_only.py
[2023-06-30T06:05:51.038+0000] {processor.py:753} INFO - DAG(s) dict_keys(['latest_only']) retrieved from /home/airflow/.local/lib/python3.7/site-packages/airflow/example_dags/example_latest_only.py
[2023-06-30T06:05:51.094+0000] {logging_mixin.py:137} INFO - [2023-06-30T06:05:51.093+0000] {dag.py:2676} INFO - Sync 1 DAGs
[2023-06-30T06:05:51.131+0000] {logging_mixin.py:137} INFO - [2023-06-30T06:05:51.131+0000] {dag.py:3427} INFO - Setting next_dagrun for latest_only to 2023-06-30T02:05:51.130787+00:00, run_after=2023-06-30T06:05:51.130787+00:00
[2023-06-30T06:05:51.159+0000] {processor.py:175} INFO - Processing /home/airflow/.local/lib/python3.7/site-packages/airflow/example_dags/example_latest_only.py took 0.158 seconds
[2023-06-30T06:06:21.240+0000] {processor.py:153} INFO - Started process (PID=769) to work on /home/airflow/.local/lib/python3.7/site-packages/airflow/example_dags/example_latest_only.py
[2023-06-30T06:06:21.243+0000] {processor.py:743} INFO - Processing file /home/airflow/.local/lib/python3.7/site-packages/airflow/example_dags/example_latest_only.py for tasks to queue
[2023-06-30T06:06:21.245+0000] {logging_mixin.py:137} INFO - [2023-06-30T06:06:21.245+0000] {dagbag.py:538} INFO - Filling up the DagBag from /home/airflow/.local/lib/python3.7/site-packages/airflow/example_dags/example_latest_only.py
[2023-06-30T06:06:21.273+0000] {processor.py:753} INFO - DAG(s) dict_keys(['latest_only']) retrieved from /home/airflow/.local/lib/python3.7/site-packages/airflow/example_dags/example_latest_only.py
[2023-06-30T06:06:21.335+0000] {logging_mixin.py:137} INFO - [2023-06-30T06:06:21.334+0000] {dag.py:2676} INFO - Sync 1 DAGs
[2023-06-30T06:06:21.389+0000] {logging_mixin.py:137} INFO - [2023-06-30T06:06:21.389+0000] {dag.py:3427} INFO - Setting next_dagrun for latest_only to 2023-06-30T02:06:21.389362+00:00, run_after=2023-06-30T06:06:21.389362+00:00
[2023-06-30T06:06:21.424+0000] {processor.py:175} INFO - Processing /home/airflow/.local/lib/python3.7/site-packages/airflow/example_dags/example_latest_only.py took 0.189 seconds
[2023-06-30T06:06:51.598+0000] {processor.py:153} INFO - Started process (PID=849) to work on /home/airflow/.local/lib/python3.7/site-packages/airflow/example_dags/example_latest_only.py
[2023-06-30T06:06:51.602+0000] {processor.py:743} INFO - Processing file /home/airflow/.local/lib/python3.7/site-packages/airflow/example_dags/example_latest_only.py for tasks to queue
[2023-06-30T06:06:51.605+0000] {logging_mixin.py:137} INFO - [2023-06-30T06:06:51.605+0000] {dagbag.py:538} INFO - Filling up the DagBag from /home/airflow/.local/lib/python3.7/site-packages/airflow/example_dags/example_latest_only.py
[2023-06-30T06:06:51.633+0000] {processor.py:753} INFO - DAG(s) dict_keys(['latest_only']) retrieved from /home/airflow/.local/lib/python3.7/site-packages/airflow/example_dags/example_latest_only.py
[2023-06-30T06:06:51.699+0000] {logging_mixin.py:137} INFO - [2023-06-30T06:06:51.699+0000] {dag.py:2676} INFO - Sync 1 DAGs
[2023-06-30T06:06:51.743+0000] {logging_mixin.py:137} INFO - [2023-06-30T06:06:51.743+0000] {dag.py:3427} INFO - Setting next_dagrun for latest_only to 2023-06-30T02:06:51.742899+00:00, run_after=2023-06-30T06:06:51.742899+00:00
[2023-06-30T06:06:51.788+0000] {processor.py:175} INFO - Processing /home/airflow/.local/lib/python3.7/site-packages/airflow/example_dags/example_latest_only.py took 0.199 seconds
[2023-06-30T06:07:22.060+0000] {processor.py:153} INFO - Started process (PID=915) to work on /home/airflow/.local/lib/python3.7/site-packages/airflow/example_dags/example_latest_only.py
[2023-06-30T06:07:22.063+0000] {processor.py:743} INFO - Processing file /home/airflow/.local/lib/python3.7/site-packages/airflow/example_dags/example_latest_only.py for tasks to queue
[2023-06-30T06:07:22.070+0000] {logging_mixin.py:137} INFO - [2023-06-30T06:07:22.069+0000] {dagbag.py:538} INFO - Filling up the DagBag from /home/airflow/.local/lib/python3.7/site-packages/airflow/example_dags/example_latest_only.py
[2023-06-30T06:07:22.101+0000] {processor.py:753} INFO - DAG(s) dict_keys(['latest_only']) retrieved from /home/airflow/.local/lib/python3.7/site-packages/airflow/example_dags/example_latest_only.py
[2023-06-30T06:07:22.175+0000] {logging_mixin.py:137} INFO - [2023-06-30T06:07:22.175+0000] {dag.py:2676} INFO - Sync 1 DAGs
[2023-06-30T06:07:22.214+0000] {logging_mixin.py:137} INFO - [2023-06-30T06:07:22.214+0000] {dag.py:3427} INFO - Setting next_dagrun for latest_only to 2023-06-30T02:07:22.214267+00:00, run_after=2023-06-30T06:07:22.214267+00:00
[2023-06-30T06:07:22.247+0000] {processor.py:175} INFO - Processing /home/airflow/.local/lib/python3.7/site-packages/airflow/example_dags/example_latest_only.py took 0.196 seconds
[2023-06-30T06:07:52.377+0000] {processor.py:153} INFO - Started process (PID=990) to work on /home/airflow/.local/lib/python3.7/site-packages/airflow/example_dags/example_latest_only.py
[2023-06-30T06:07:52.379+0000] {processor.py:743} INFO - Processing file /home/airflow/.local/lib/python3.7/site-packages/airflow/example_dags/example_latest_only.py for tasks to queue
[2023-06-30T06:07:52.381+0000] {logging_mixin.py:137} INFO - [2023-06-30T06:07:52.381+0000] {dagbag.py:538} INFO - Filling up the DagBag from /home/airflow/.local/lib/python3.7/site-packages/airflow/example_dags/example_latest_only.py
[2023-06-30T06:07:52.418+0000] {processor.py:753} INFO - DAG(s) dict_keys(['latest_only']) retrieved from /home/airflow/.local/lib/python3.7/site-packages/airflow/example_dags/example_latest_only.py
[2023-06-30T06:07:52.486+0000] {logging_mixin.py:137} INFO - [2023-06-30T06:07:52.486+0000] {dag.py:2676} INFO - Sync 1 DAGs
[2023-06-30T06:07:52.536+0000] {logging_mixin.py:137} INFO - [2023-06-30T06:07:52.535+0000] {dag.py:3427} INFO - Setting next_dagrun for latest_only to 2023-06-30T02:07:52.535335+00:00, run_after=2023-06-30T06:07:52.535335+00:00
[2023-06-30T06:07:52.580+0000] {processor.py:175} INFO - Processing /home/airflow/.local/lib/python3.7/site-packages/airflow/example_dags/example_latest_only.py took 0.211 seconds
[2023-06-30T06:08:22.766+0000] {processor.py:153} INFO - Started process (PID=1060) to work on /home/airflow/.local/lib/python3.7/site-packages/airflow/example_dags/example_latest_only.py
[2023-06-30T06:08:22.768+0000] {processor.py:743} INFO - Processing file /home/airflow/.local/lib/python3.7/site-packages/airflow/example_dags/example_latest_only.py for tasks to queue
[2023-06-30T06:08:22.770+0000] {logging_mixin.py:137} INFO - [2023-06-30T06:08:22.770+0000] {dagbag.py:538} INFO - Filling up the DagBag from /home/airflow/.local/lib/python3.7/site-packages/airflow/example_dags/example_latest_only.py
[2023-06-30T06:08:22.791+0000] {processor.py:753} INFO - DAG(s) dict_keys(['latest_only']) retrieved from /home/airflow/.local/lib/python3.7/site-packages/airflow/example_dags/example_latest_only.py
[2023-06-30T06:08:22.840+0000] {logging_mixin.py:137} INFO - [2023-06-30T06:08:22.840+0000] {dag.py:2676} INFO - Sync 1 DAGs
[2023-06-30T06:08:22.876+0000] {logging_mixin.py:137} INFO - [2023-06-30T06:08:22.876+0000] {dag.py:3427} INFO - Setting next_dagrun for latest_only to 2023-06-30T02:08:22.875932+00:00, run_after=2023-06-30T06:08:22.875932+00:00
[2023-06-30T06:08:22.899+0000] {processor.py:175} INFO - Processing /home/airflow/.local/lib/python3.7/site-packages/airflow/example_dags/example_latest_only.py took 0.138 seconds
[2023-06-30T06:08:53.041+0000] {processor.py:153} INFO - Started process (PID=1126) to work on /home/airflow/.local/lib/python3.7/site-packages/airflow/example_dags/example_latest_only.py
[2023-06-30T06:08:53.054+0000] {processor.py:743} INFO - Processing file /home/airflow/.local/lib/python3.7/site-packages/airflow/example_dags/example_latest_only.py for tasks to queue
[2023-06-30T06:08:53.056+0000] {logging_mixin.py:137} INFO - [2023-06-30T06:08:53.056+0000] {dagbag.py:538} INFO - Filling up the DagBag from /home/airflow/.local/lib/python3.7/site-packages/airflow/example_dags/example_latest_only.py
[2023-06-30T06:08:53.082+0000] {processor.py:753} INFO - DAG(s) dict_keys(['latest_only']) retrieved from /home/airflow/.local/lib/python3.7/site-packages/airflow/example_dags/example_latest_only.py
[2023-06-30T06:08:53.161+0000] {logging_mixin.py:137} INFO - [2023-06-30T06:08:53.161+0000] {dag.py:2676} INFO - Sync 1 DAGs
[2023-06-30T06:08:53.212+0000] {logging_mixin.py:137} INFO - [2023-06-30T06:08:53.212+0000] {dag.py:3427} INFO - Setting next_dagrun for latest_only to 2023-06-30T02:08:53.212496+00:00, run_after=2023-06-30T06:08:53.212496+00:00
[2023-06-30T06:08:53.269+0000] {processor.py:175} INFO - Processing /home/airflow/.local/lib/python3.7/site-packages/airflow/example_dags/example_latest_only.py took 0.236 seconds
[2023-06-30T06:09:23.437+0000] {processor.py:153} INFO - Started process (PID=1201) to work on /home/airflow/.local/lib/python3.7/site-packages/airflow/example_dags/example_latest_only.py
[2023-06-30T06:09:23.440+0000] {processor.py:743} INFO - Processing file /home/airflow/.local/lib/python3.7/site-packages/airflow/example_dags/example_latest_only.py for tasks to queue
[2023-06-30T06:09:23.443+0000] {logging_mixin.py:137} INFO - [2023-06-30T06:09:23.443+0000] {dagbag.py:538} INFO - Filling up the DagBag from /home/airflow/.local/lib/python3.7/site-packages/airflow/example_dags/example_latest_only.py
[2023-06-30T06:09:23.469+0000] {processor.py:753} INFO - DAG(s) dict_keys(['latest_only']) retrieved from /home/airflow/.local/lib/python3.7/site-packages/airflow/example_dags/example_latest_only.py
[2023-06-30T06:09:23.543+0000] {logging_mixin.py:137} INFO - [2023-06-30T06:09:23.542+0000] {dag.py:2676} INFO - Sync 1 DAGs
[2023-06-30T06:09:23.586+0000] {logging_mixin.py:137} INFO - [2023-06-30T06:09:23.586+0000] {dag.py:3427} INFO - Setting next_dagrun for latest_only to 2023-06-30T02:09:23.585737+00:00, run_after=2023-06-30T06:09:23.585737+00:00
[2023-06-30T06:09:23.623+0000] {processor.py:175} INFO - Processing /home/airflow/.local/lib/python3.7/site-packages/airflow/example_dags/example_latest_only.py took 0.193 seconds
[2023-06-30T06:09:53.776+0000] {processor.py:153} INFO - Started process (PID=1272) to work on /home/airflow/.local/lib/python3.7/site-packages/airflow/example_dags/example_latest_only.py
[2023-06-30T06:09:53.779+0000] {processor.py:743} INFO - Processing file /home/airflow/.local/lib/python3.7/site-packages/airflow/example_dags/example_latest_only.py for tasks to queue
[2023-06-30T06:09:53.781+0000] {logging_mixin.py:137} INFO - [2023-06-30T06:09:53.780+0000] {dagbag.py:538} INFO - Filling up the DagBag from /home/airflow/.local/lib/python3.7/site-packages/airflow/example_dags/example_latest_only.py
[2023-06-30T06:09:53.803+0000] {processor.py:753} INFO - DAG(s) dict_keys(['latest_only']) retrieved from /home/airflow/.local/lib/python3.7/site-packages/airflow/example_dags/example_latest_only.py
[2023-06-30T06:09:53.854+0000] {logging_mixin.py:137} INFO - [2023-06-30T06:09:53.854+0000] {dag.py:2676} INFO - Sync 1 DAGs
[2023-06-30T06:09:53.891+0000] {logging_mixin.py:137} INFO - [2023-06-30T06:09:53.891+0000] {dag.py:3427} INFO - Setting next_dagrun for latest_only to 2023-06-30T02:09:53.890811+00:00, run_after=2023-06-30T06:09:53.890811+00:00
[2023-06-30T06:09:53.917+0000] {processor.py:175} INFO - Processing /home/airflow/.local/lib/python3.7/site-packages/airflow/example_dags/example_latest_only.py took 0.146 seconds
[2023-06-30T06:10:24.339+0000] {processor.py:153} INFO - Started process (PID=1338) to work on /home/airflow/.local/lib/python3.7/site-packages/airflow/example_dags/example_latest_only.py
[2023-06-30T06:10:24.341+0000] {processor.py:743} INFO - Processing file /home/airflow/.local/lib/python3.7/site-packages/airflow/example_dags/example_latest_only.py for tasks to queue
[2023-06-30T06:10:24.344+0000] {logging_mixin.py:137} INFO - [2023-06-30T06:10:24.343+0000] {dagbag.py:538} INFO - Filling up the DagBag from /home/airflow/.local/lib/python3.7/site-packages/airflow/example_dags/example_latest_only.py
[2023-06-30T06:10:24.371+0000] {processor.py:753} INFO - DAG(s) dict_keys(['latest_only']) retrieved from /home/airflow/.local/lib/python3.7/site-packages/airflow/example_dags/example_latest_only.py
[2023-06-30T06:10:24.433+0000] {logging_mixin.py:137} INFO - [2023-06-30T06:10:24.433+0000] {dag.py:2676} INFO - Sync 1 DAGs
[2023-06-30T06:10:24.474+0000] {logging_mixin.py:137} INFO - [2023-06-30T06:10:24.474+0000] {dag.py:3427} INFO - Setting next_dagrun for latest_only to 2023-06-30T02:10:24.473772+00:00, run_after=2023-06-30T06:10:24.473772+00:00
[2023-06-30T06:10:24.504+0000] {processor.py:175} INFO - Processing /home/airflow/.local/lib/python3.7/site-packages/airflow/example_dags/example_latest_only.py took 0.171 seconds
[2023-06-30T06:10:54.600+0000] {processor.py:153} INFO - Started process (PID=1418) to work on /home/airflow/.local/lib/python3.7/site-packages/airflow/example_dags/example_latest_only.py
[2023-06-30T06:10:54.603+0000] {processor.py:743} INFO - Processing file /home/airflow/.local/lib/python3.7/site-packages/airflow/example_dags/example_latest_only.py for tasks to queue
[2023-06-30T06:10:54.605+0000] {logging_mixin.py:137} INFO - [2023-06-30T06:10:54.605+0000] {dagbag.py:538} INFO - Filling up the DagBag from /home/airflow/.local/lib/python3.7/site-packages/airflow/example_dags/example_latest_only.py
[2023-06-30T06:10:54.626+0000] {processor.py:753} INFO - DAG(s) dict_keys(['latest_only']) retrieved from /home/airflow/.local/lib/python3.7/site-packages/airflow/example_dags/example_latest_only.py
[2023-06-30T06:10:54.679+0000] {logging_mixin.py:137} INFO - [2023-06-30T06:10:54.679+0000] {dag.py:2676} INFO - Sync 1 DAGs
[2023-06-30T06:10:54.725+0000] {logging_mixin.py:137} INFO - [2023-06-30T06:10:54.725+0000] {dag.py:3427} INFO - Setting next_dagrun for latest_only to 2023-06-30T02:10:54.724357+00:00, run_after=2023-06-30T06:10:54.724357+00:00
[2023-06-30T06:10:54.763+0000] {processor.py:175} INFO - Processing /home/airflow/.local/lib/python3.7/site-packages/airflow/example_dags/example_latest_only.py took 0.168 seconds
[2023-06-30T06:11:25.123+0000] {processor.py:153} INFO - Started process (PID=1484) to work on /home/airflow/.local/lib/python3.7/site-packages/airflow/example_dags/example_latest_only.py
[2023-06-30T06:11:25.125+0000] {processor.py:743} INFO - Processing file /home/airflow/.local/lib/python3.7/site-packages/airflow/example_dags/example_latest_only.py for tasks to queue
[2023-06-30T06:11:25.128+0000] {logging_mixin.py:137} INFO - [2023-06-30T06:11:25.127+0000] {dagbag.py:538} INFO - Filling up the DagBag from /home/airflow/.local/lib/python3.7/site-packages/airflow/example_dags/example_latest_only.py
[2023-06-30T06:11:25.152+0000] {processor.py:753} INFO - DAG(s) dict_keys(['latest_only']) retrieved from /home/airflow/.local/lib/python3.7/site-packages/airflow/example_dags/example_latest_only.py
[2023-06-30T06:11:25.222+0000] {logging_mixin.py:137} INFO - [2023-06-30T06:11:25.221+0000] {dag.py:2676} INFO - Sync 1 DAGs
[2023-06-30T06:11:25.263+0000] {logging_mixin.py:137} INFO - [2023-06-30T06:11:25.263+0000] {dag.py:3427} INFO - Setting next_dagrun for latest_only to 2023-06-30T02:11:25.263120+00:00, run_after=2023-06-30T06:11:25.263120+00:00
[2023-06-30T06:11:25.291+0000] {processor.py:175} INFO - Processing /home/airflow/.local/lib/python3.7/site-packages/airflow/example_dags/example_latest_only.py took 0.173 seconds
[2023-06-30T06:11:55.438+0000] {processor.py:153} INFO - Started process (PID=1550) to work on /home/airflow/.local/lib/python3.7/site-packages/airflow/example_dags/example_latest_only.py
[2023-06-30T06:11:55.440+0000] {processor.py:743} INFO - Processing file /home/airflow/.local/lib/python3.7/site-packages/airflow/example_dags/example_latest_only.py for tasks to queue
[2023-06-30T06:11:55.442+0000] {logging_mixin.py:137} INFO - [2023-06-30T06:11:55.442+0000] {dagbag.py:538} INFO - Filling up the DagBag from /home/airflow/.local/lib/python3.7/site-packages/airflow/example_dags/example_latest_only.py
[2023-06-30T06:11:55.464+0000] {processor.py:753} INFO - DAG(s) dict_keys(['latest_only']) retrieved from /home/airflow/.local/lib/python3.7/site-packages/airflow/example_dags/example_latest_only.py
[2023-06-30T06:11:55.517+0000] {logging_mixin.py:137} INFO - [2023-06-30T06:11:55.516+0000] {dag.py:2676} INFO - Sync 1 DAGs
[2023-06-30T06:11:55.552+0000] {logging_mixin.py:137} INFO - [2023-06-30T06:11:55.552+0000] {dag.py:3427} INFO - Setting next_dagrun for latest_only to 2023-06-30T02:11:55.552321+00:00, run_after=2023-06-30T06:11:55.552321+00:00
[2023-06-30T06:11:55.577+0000] {processor.py:175} INFO - Processing /home/airflow/.local/lib/python3.7/site-packages/airflow/example_dags/example_latest_only.py took 0.144 seconds
[2023-06-30T06:12:26.977+0000] {processor.py:153} INFO - Started process (PID=1630) to work on /home/airflow/.local/lib/python3.7/site-packages/airflow/example_dags/example_latest_only.py
[2023-06-30T06:12:26.980+0000] {processor.py:743} INFO - Processing file /home/airflow/.local/lib/python3.7/site-packages/airflow/example_dags/example_latest_only.py for tasks to queue
[2023-06-30T06:12:26.982+0000] {logging_mixin.py:137} INFO - [2023-06-30T06:12:26.981+0000] {dagbag.py:538} INFO - Filling up the DagBag from /home/airflow/.local/lib/python3.7/site-packages/airflow/example_dags/example_latest_only.py
[2023-06-30T06:12:27.003+0000] {processor.py:753} INFO - DAG(s) dict_keys(['latest_only']) retrieved from /home/airflow/.local/lib/python3.7/site-packages/airflow/example_dags/example_latest_only.py
[2023-06-30T06:12:27.054+0000] {logging_mixin.py:137} INFO - [2023-06-30T06:12:27.054+0000] {dag.py:2676} INFO - Sync 1 DAGs
[2023-06-30T06:12:27.093+0000] {logging_mixin.py:137} INFO - [2023-06-30T06:12:27.093+0000] {dag.py:3427} INFO - Setting next_dagrun for latest_only to 2023-06-30T02:12:27.092559+00:00, run_after=2023-06-30T06:12:27.092559+00:00
[2023-06-30T06:12:27.122+0000] {processor.py:175} INFO - Processing /home/airflow/.local/lib/python3.7/site-packages/airflow/example_dags/example_latest_only.py took 0.149 seconds
[2023-06-30T06:12:57.671+0000] {processor.py:153} INFO - Started process (PID=1696) to work on /home/airflow/.local/lib/python3.7/site-packages/airflow/example_dags/example_latest_only.py
[2023-06-30T06:12:57.673+0000] {processor.py:743} INFO - Processing file /home/airflow/.local/lib/python3.7/site-packages/airflow/example_dags/example_latest_only.py for tasks to queue
[2023-06-30T06:12:57.675+0000] {logging_mixin.py:137} INFO - [2023-06-30T06:12:57.675+0000] {dagbag.py:538} INFO - Filling up the DagBag from /home/airflow/.local/lib/python3.7/site-packages/airflow/example_dags/example_latest_only.py
[2023-06-30T06:12:57.695+0000] {processor.py:753} INFO - DAG(s) dict_keys(['latest_only']) retrieved from /home/airflow/.local/lib/python3.7/site-packages/airflow/example_dags/example_latest_only.py
[2023-06-30T06:12:57.747+0000] {logging_mixin.py:137} INFO - [2023-06-30T06:12:57.746+0000] {dag.py:2676} INFO - Sync 1 DAGs
[2023-06-30T06:12:57.785+0000] {logging_mixin.py:137} INFO - [2023-06-30T06:12:57.785+0000] {dag.py:3427} INFO - Setting next_dagrun for latest_only to 2023-06-30T02:12:57.785016+00:00, run_after=2023-06-30T06:12:57.785016+00:00
[2023-06-30T06:12:57.812+0000] {processor.py:175} INFO - Processing /home/airflow/.local/lib/python3.7/site-packages/airflow/example_dags/example_latest_only.py took 0.146 seconds
[2023-06-30T06:13:28.350+0000] {processor.py:153} INFO - Started process (PID=1776) to work on /home/airflow/.local/lib/python3.7/site-packages/airflow/example_dags/example_latest_only.py
[2023-06-30T06:13:28.352+0000] {processor.py:743} INFO - Processing file /home/airflow/.local/lib/python3.7/site-packages/airflow/example_dags/example_latest_only.py for tasks to queue
[2023-06-30T06:13:28.354+0000] {logging_mixin.py:137} INFO - [2023-06-30T06:13:28.354+0000] {dagbag.py:538} INFO - Filling up the DagBag from /home/airflow/.local/lib/python3.7/site-packages/airflow/example_dags/example_latest_only.py
[2023-06-30T06:13:28.379+0000] {processor.py:753} INFO - DAG(s) dict_keys(['latest_only']) retrieved from /home/airflow/.local/lib/python3.7/site-packages/airflow/example_dags/example_latest_only.py
[2023-06-30T06:13:28.439+0000] {logging_mixin.py:137} INFO - [2023-06-30T06:13:28.439+0000] {dag.py:2676} INFO - Sync 1 DAGs
[2023-06-30T06:13:28.481+0000] {logging_mixin.py:137} INFO - [2023-06-30T06:13:28.481+0000] {dag.py:3427} INFO - Setting next_dagrun for latest_only to 2023-06-30T02:13:28.481071+00:00, run_after=2023-06-30T06:13:28.481071+00:00
[2023-06-30T06:13:28.512+0000] {processor.py:175} INFO - Processing /home/airflow/.local/lib/python3.7/site-packages/airflow/example_dags/example_latest_only.py took 0.168 seconds
[2023-06-30T06:13:59.004+0000] {processor.py:153} INFO - Started process (PID=1842) to work on /home/airflow/.local/lib/python3.7/site-packages/airflow/example_dags/example_latest_only.py
[2023-06-30T06:13:59.006+0000] {processor.py:743} INFO - Processing file /home/airflow/.local/lib/python3.7/site-packages/airflow/example_dags/example_latest_only.py for tasks to queue
[2023-06-30T06:13:59.008+0000] {logging_mixin.py:137} INFO - [2023-06-30T06:13:59.008+0000] {dagbag.py:538} INFO - Filling up the DagBag from /home/airflow/.local/lib/python3.7/site-packages/airflow/example_dags/example_latest_only.py
[2023-06-30T06:13:59.030+0000] {processor.py:753} INFO - DAG(s) dict_keys(['latest_only']) retrieved from /home/airflow/.local/lib/python3.7/site-packages/airflow/example_dags/example_latest_only.py
[2023-06-30T06:13:59.079+0000] {logging_mixin.py:137} INFO - [2023-06-30T06:13:59.078+0000] {dag.py:2676} INFO - Sync 1 DAGs
[2023-06-30T06:13:59.115+0000] {logging_mixin.py:137} INFO - [2023-06-30T06:13:59.115+0000] {dag.py:3427} INFO - Setting next_dagrun for latest_only to 2023-06-30T02:13:59.114651+00:00, run_after=2023-06-30T06:13:59.114651+00:00
[2023-06-30T06:13:59.141+0000] {processor.py:175} INFO - Processing /home/airflow/.local/lib/python3.7/site-packages/airflow/example_dags/example_latest_only.py took 0.142 seconds
[2023-06-30T06:14:29.784+0000] {processor.py:153} INFO - Started process (PID=1908) to work on /home/airflow/.local/lib/python3.7/site-packages/airflow/example_dags/example_latest_only.py
[2023-06-30T06:14:29.787+0000] {processor.py:743} INFO - Processing file /home/airflow/.local/lib/python3.7/site-packages/airflow/example_dags/example_latest_only.py for tasks to queue
[2023-06-30T06:14:29.789+0000] {logging_mixin.py:137} INFO - [2023-06-30T06:14:29.789+0000] {dagbag.py:538} INFO - Filling up the DagBag from /home/airflow/.local/lib/python3.7/site-packages/airflow/example_dags/example_latest_only.py
[2023-06-30T06:14:29.811+0000] {processor.py:753} INFO - DAG(s) dict_keys(['latest_only']) retrieved from /home/airflow/.local/lib/python3.7/site-packages/airflow/example_dags/example_latest_only.py
[2023-06-30T06:14:29.865+0000] {logging_mixin.py:137} INFO - [2023-06-30T06:14:29.864+0000] {dag.py:2676} INFO - Sync 1 DAGs
[2023-06-30T06:14:29.900+0000] {logging_mixin.py:137} INFO - [2023-06-30T06:14:29.900+0000] {dag.py:3427} INFO - Setting next_dagrun for latest_only to 2023-06-30T02:14:29.899812+00:00, run_after=2023-06-30T06:14:29.899812+00:00
[2023-06-30T06:14:29.923+0000] {processor.py:175} INFO - Processing /home/airflow/.local/lib/python3.7/site-packages/airflow/example_dags/example_latest_only.py took 0.144 seconds
[2023-06-30T06:15:00.376+0000] {processor.py:153} INFO - Started process (PID=1988) to work on /home/airflow/.local/lib/python3.7/site-packages/airflow/example_dags/example_latest_only.py
[2023-06-30T06:15:00.379+0000] {processor.py:743} INFO - Processing file /home/airflow/.local/lib/python3.7/site-packages/airflow/example_dags/example_latest_only.py for tasks to queue
[2023-06-30T06:15:00.382+0000] {logging_mixin.py:137} INFO - [2023-06-30T06:15:00.382+0000] {dagbag.py:538} INFO - Filling up the DagBag from /home/airflow/.local/lib/python3.7/site-packages/airflow/example_dags/example_latest_only.py
[2023-06-30T06:15:00.406+0000] {processor.py:753} INFO - DAG(s) dict_keys(['latest_only']) retrieved from /home/airflow/.local/lib/python3.7/site-packages/airflow/example_dags/example_latest_only.py
[2023-06-30T06:15:00.453+0000] {logging_mixin.py:137} INFO - [2023-06-30T06:15:00.453+0000] {dag.py:2676} INFO - Sync 1 DAGs
[2023-06-30T06:15:00.500+0000] {logging_mixin.py:137} INFO - [2023-06-30T06:15:00.500+0000] {dag.py:3427} INFO - Setting next_dagrun for latest_only to 2023-06-30T02:15:00.500069+00:00, run_after=2023-06-30T06:15:00.500069+00:00
[2023-06-30T06:15:00.535+0000] {processor.py:175} INFO - Processing /home/airflow/.local/lib/python3.7/site-packages/airflow/example_dags/example_latest_only.py took 0.164 seconds
[2023-06-30T06:15:30.866+0000] {processor.py:153} INFO - Started process (PID=2054) to work on /home/airflow/.local/lib/python3.7/site-packages/airflow/example_dags/example_latest_only.py
[2023-06-30T06:15:30.869+0000] {processor.py:743} INFO - Processing file /home/airflow/.local/lib/python3.7/site-packages/airflow/example_dags/example_latest_only.py for tasks to queue
[2023-06-30T06:15:30.870+0000] {logging_mixin.py:137} INFO - [2023-06-30T06:15:30.870+0000] {dagbag.py:538} INFO - Filling up the DagBag from /home/airflow/.local/lib/python3.7/site-packages/airflow/example_dags/example_latest_only.py
[2023-06-30T06:15:30.890+0000] {processor.py:753} INFO - DAG(s) dict_keys(['latest_only']) retrieved from /home/airflow/.local/lib/python3.7/site-packages/airflow/example_dags/example_latest_only.py
[2023-06-30T06:15:30.921+0000] {logging_mixin.py:137} INFO - [2023-06-30T06:15:30.921+0000] {dag.py:2676} INFO - Sync 1 DAGs
[2023-06-30T06:15:30.952+0000] {logging_mixin.py:137} INFO - [2023-06-30T06:15:30.951+0000] {dag.py:3427} INFO - Setting next_dagrun for latest_only to 2023-06-30T02:15:30.951732+00:00, run_after=2023-06-30T06:15:30.951732+00:00
[2023-06-30T06:15:30.976+0000] {processor.py:175} INFO - Processing /home/airflow/.local/lib/python3.7/site-packages/airflow/example_dags/example_latest_only.py took 0.113 seconds
[2023-06-30T06:16:01.958+0000] {processor.py:153} INFO - Started process (PID=2129) to work on /home/airflow/.local/lib/python3.7/site-packages/airflow/example_dags/example_latest_only.py
[2023-06-30T06:16:01.960+0000] {processor.py:743} INFO - Processing file /home/airflow/.local/lib/python3.7/site-packages/airflow/example_dags/example_latest_only.py for tasks to queue
[2023-06-30T06:16:01.962+0000] {logging_mixin.py:137} INFO - [2023-06-30T06:16:01.962+0000] {dagbag.py:538} INFO - Filling up the DagBag from /home/airflow/.local/lib/python3.7/site-packages/airflow/example_dags/example_latest_only.py
[2023-06-30T06:16:01.984+0000] {processor.py:753} INFO - DAG(s) dict_keys(['latest_only']) retrieved from /home/airflow/.local/lib/python3.7/site-packages/airflow/example_dags/example_latest_only.py
[2023-06-30T06:16:02.038+0000] {logging_mixin.py:137} INFO - [2023-06-30T06:16:02.037+0000] {dag.py:2676} INFO - Sync 1 DAGs
[2023-06-30T06:16:02.079+0000] {logging_mixin.py:137} INFO - [2023-06-30T06:16:02.079+0000] {dag.py:3427} INFO - Setting next_dagrun for latest_only to 2023-06-30T02:16:02.078983+00:00, run_after=2023-06-30T06:16:02.078983+00:00
[2023-06-30T06:16:02.109+0000] {processor.py:175} INFO - Processing /home/airflow/.local/lib/python3.7/site-packages/airflow/example_dags/example_latest_only.py took 0.157 seconds
[2023-06-30T06:16:32.672+0000] {processor.py:153} INFO - Started process (PID=2200) to work on /home/airflow/.local/lib/python3.7/site-packages/airflow/example_dags/example_latest_only.py
[2023-06-30T06:16:32.675+0000] {processor.py:743} INFO - Processing file /home/airflow/.local/lib/python3.7/site-packages/airflow/example_dags/example_latest_only.py for tasks to queue
[2023-06-30T06:16:32.677+0000] {logging_mixin.py:137} INFO - [2023-06-30T06:16:32.677+0000] {dagbag.py:538} INFO - Filling up the DagBag from /home/airflow/.local/lib/python3.7/site-packages/airflow/example_dags/example_latest_only.py
[2023-06-30T06:16:32.698+0000] {processor.py:753} INFO - DAG(s) dict_keys(['latest_only']) retrieved from /home/airflow/.local/lib/python3.7/site-packages/airflow/example_dags/example_latest_only.py
[2023-06-30T06:16:32.757+0000] {logging_mixin.py:137} INFO - [2023-06-30T06:16:32.756+0000] {dag.py:2676} INFO - Sync 1 DAGs
[2023-06-30T06:16:32.792+0000] {logging_mixin.py:137} INFO - [2023-06-30T06:16:32.792+0000] {dag.py:3427} INFO - Setting next_dagrun for latest_only to 2023-06-30T02:16:32.791838+00:00, run_after=2023-06-30T06:16:32.791838+00:00
[2023-06-30T06:16:32.817+0000] {processor.py:175} INFO - Processing /home/airflow/.local/lib/python3.7/site-packages/airflow/example_dags/example_latest_only.py took 0.151 seconds
[2023-06-30T06:17:03.306+0000] {processor.py:153} INFO - Started process (PID=2266) to work on /home/airflow/.local/lib/python3.7/site-packages/airflow/example_dags/example_latest_only.py
[2023-06-30T06:17:03.309+0000] {processor.py:743} INFO - Processing file /home/airflow/.local/lib/python3.7/site-packages/airflow/example_dags/example_latest_only.py for tasks to queue
[2023-06-30T06:17:03.311+0000] {logging_mixin.py:137} INFO - [2023-06-30T06:17:03.311+0000] {dagbag.py:538} INFO - Filling up the DagBag from /home/airflow/.local/lib/python3.7/site-packages/airflow/example_dags/example_latest_only.py
[2023-06-30T06:17:03.335+0000] {processor.py:753} INFO - DAG(s) dict_keys(['latest_only']) retrieved from /home/airflow/.local/lib/python3.7/site-packages/airflow/example_dags/example_latest_only.py
[2023-06-30T06:17:03.396+0000] {logging_mixin.py:137} INFO - [2023-06-30T06:17:03.396+0000] {dag.py:2676} INFO - Sync 1 DAGs
[2023-06-30T06:17:03.432+0000] {logging_mixin.py:137} INFO - [2023-06-30T06:17:03.432+0000] {dag.py:3427} INFO - Setting next_dagrun for latest_only to 2023-06-30T02:17:03.431753+00:00, run_after=2023-06-30T06:17:03.431753+00:00
[2023-06-30T06:17:03.460+0000] {processor.py:175} INFO - Processing /home/airflow/.local/lib/python3.7/site-packages/airflow/example_dags/example_latest_only.py took 0.159 seconds
