[2023-06-30T06:01:10.018+0000] {processor.py:153} INFO - Started process (PID=63) to work on /home/airflow/.local/lib/python3.7/site-packages/airflow/example_dags/example_latest_only_with_trigger.py
[2023-06-30T06:01:10.025+0000] {processor.py:743} INFO - Processing file /home/airflow/.local/lib/python3.7/site-packages/airflow/example_dags/example_latest_only_with_trigger.py for tasks to queue
[2023-06-30T06:01:10.062+0000] {logging_mixin.py:137} INFO - [2023-06-30T06:01:10.062+0000] {dagbag.py:538} INFO - Filling up the DagBag from /home/airflow/.local/lib/python3.7/site-packages/airflow/example_dags/example_latest_only_with_trigger.py
[2023-06-30T06:01:10.089+0000] {processor.py:753} INFO - DAG(s) dict_keys(['latest_only_with_trigger']) retrieved from /home/airflow/.local/lib/python3.7/site-packages/airflow/example_dags/example_latest_only_with_trigger.py
[2023-06-30T06:01:10.129+0000] {logging_mixin.py:137} INFO - [2023-06-30T06:01:10.129+0000] {dag.py:2676} INFO - Sync 1 DAGs
[2023-06-30T06:01:10.171+0000] {logging_mixin.py:137} INFO - [2023-06-30T06:01:10.171+0000] {dag.py:3427} INFO - Setting next_dagrun for latest_only_with_trigger to 2023-06-30T02:01:10.171220+00:00, run_after=2023-06-30T06:01:10.171220+00:00
[2023-06-30T06:01:10.213+0000] {processor.py:175} INFO - Processing /home/airflow/.local/lib/python3.7/site-packages/airflow/example_dags/example_latest_only_with_trigger.py took 0.200 seconds
[2023-06-30T06:01:43.682+0000] {processor.py:153} INFO - Started process (PID=137) to work on /home/airflow/.local/lib/python3.7/site-packages/airflow/example_dags/example_latest_only_with_trigger.py
[2023-06-30T06:01:43.692+0000] {processor.py:743} INFO - Processing file /home/airflow/.local/lib/python3.7/site-packages/airflow/example_dags/example_latest_only_with_trigger.py for tasks to queue
[2023-06-30T06:01:43.699+0000] {logging_mixin.py:137} INFO - [2023-06-30T06:01:43.699+0000] {dagbag.py:538} INFO - Filling up the DagBag from /home/airflow/.local/lib/python3.7/site-packages/airflow/example_dags/example_latest_only_with_trigger.py
[2023-06-30T06:01:43.760+0000] {processor.py:753} INFO - DAG(s) dict_keys(['latest_only_with_trigger']) retrieved from /home/airflow/.local/lib/python3.7/site-packages/airflow/example_dags/example_latest_only_with_trigger.py
[2023-06-30T06:01:44.005+0000] {logging_mixin.py:137} INFO - [2023-06-30T06:01:44.004+0000] {dag.py:2676} INFO - Sync 1 DAGs
[2023-06-30T06:01:44.175+0000] {logging_mixin.py:137} INFO - [2023-06-30T06:01:44.175+0000] {dag.py:3427} INFO - Setting next_dagrun for latest_only_with_trigger to 2023-06-30T02:01:44.174593+00:00, run_after=2023-06-30T06:01:44.174593+00:00
[2023-06-30T06:01:44.238+0000] {processor.py:175} INFO - Processing /home/airflow/.local/lib/python3.7/site-packages/airflow/example_dags/example_latest_only_with_trigger.py took 0.564 seconds
[2023-06-30T06:02:14.685+0000] {processor.py:153} INFO - Started process (PID=196) to work on /home/airflow/.local/lib/python3.7/site-packages/airflow/example_dags/example_latest_only_with_trigger.py
[2023-06-30T06:02:14.687+0000] {processor.py:743} INFO - Processing file /home/airflow/.local/lib/python3.7/site-packages/airflow/example_dags/example_latest_only_with_trigger.py for tasks to queue
[2023-06-30T06:02:14.689+0000] {logging_mixin.py:137} INFO - [2023-06-30T06:02:14.689+0000] {dagbag.py:538} INFO - Filling up the DagBag from /home/airflow/.local/lib/python3.7/site-packages/airflow/example_dags/example_latest_only_with_trigger.py
[2023-06-30T06:02:14.714+0000] {processor.py:753} INFO - DAG(s) dict_keys(['latest_only_with_trigger']) retrieved from /home/airflow/.local/lib/python3.7/site-packages/airflow/example_dags/example_latest_only_with_trigger.py
[2023-06-30T06:02:14.781+0000] {logging_mixin.py:137} INFO - [2023-06-30T06:02:14.781+0000] {dag.py:2676} INFO - Sync 1 DAGs
[2023-06-30T06:02:14.826+0000] {logging_mixin.py:137} INFO - [2023-06-30T06:02:14.826+0000] {dag.py:3427} INFO - Setting next_dagrun for latest_only_with_trigger to 2023-06-30T02:02:14.825744+00:00, run_after=2023-06-30T06:02:14.825744+00:00
[2023-06-30T06:02:14.907+0000] {processor.py:175} INFO - Processing /home/airflow/.local/lib/python3.7/site-packages/airflow/example_dags/example_latest_only_with_trigger.py took 0.227 seconds
[2023-06-30T06:02:45.173+0000] {processor.py:153} INFO - Started process (PID=262) to work on /home/airflow/.local/lib/python3.7/site-packages/airflow/example_dags/example_latest_only_with_trigger.py
[2023-06-30T06:02:45.175+0000] {processor.py:743} INFO - Processing file /home/airflow/.local/lib/python3.7/site-packages/airflow/example_dags/example_latest_only_with_trigger.py for tasks to queue
[2023-06-30T06:02:45.176+0000] {logging_mixin.py:137} INFO - [2023-06-30T06:02:45.176+0000] {dagbag.py:538} INFO - Filling up the DagBag from /home/airflow/.local/lib/python3.7/site-packages/airflow/example_dags/example_latest_only_with_trigger.py
[2023-06-30T06:02:45.194+0000] {processor.py:753} INFO - DAG(s) dict_keys(['latest_only_with_trigger']) retrieved from /home/airflow/.local/lib/python3.7/site-packages/airflow/example_dags/example_latest_only_with_trigger.py
[2023-06-30T06:02:45.243+0000] {logging_mixin.py:137} INFO - [2023-06-30T06:02:45.243+0000] {dag.py:2676} INFO - Sync 1 DAGs
[2023-06-30T06:02:45.278+0000] {logging_mixin.py:137} INFO - [2023-06-30T06:02:45.278+0000] {dag.py:3427} INFO - Setting next_dagrun for latest_only_with_trigger to 2023-06-30T02:02:45.277701+00:00, run_after=2023-06-30T06:02:45.277701+00:00
[2023-06-30T06:02:45.303+0000] {processor.py:175} INFO - Processing /home/airflow/.local/lib/python3.7/site-packages/airflow/example_dags/example_latest_only_with_trigger.py took 0.135 seconds
[2023-06-30T06:03:15.454+0000] {processor.py:153} INFO - Started process (PID=342) to work on /home/airflow/.local/lib/python3.7/site-packages/airflow/example_dags/example_latest_only_with_trigger.py
[2023-06-30T06:03:15.458+0000] {processor.py:743} INFO - Processing file /home/airflow/.local/lib/python3.7/site-packages/airflow/example_dags/example_latest_only_with_trigger.py for tasks to queue
[2023-06-30T06:03:15.460+0000] {logging_mixin.py:137} INFO - [2023-06-30T06:03:15.460+0000] {dagbag.py:538} INFO - Filling up the DagBag from /home/airflow/.local/lib/python3.7/site-packages/airflow/example_dags/example_latest_only_with_trigger.py
[2023-06-30T06:03:15.481+0000] {processor.py:753} INFO - DAG(s) dict_keys(['latest_only_with_trigger']) retrieved from /home/airflow/.local/lib/python3.7/site-packages/airflow/example_dags/example_latest_only_with_trigger.py
[2023-06-30T06:03:15.535+0000] {logging_mixin.py:137} INFO - [2023-06-30T06:03:15.534+0000] {dag.py:2676} INFO - Sync 1 DAGs
[2023-06-30T06:03:15.565+0000] {logging_mixin.py:137} INFO - [2023-06-30T06:03:15.565+0000] {dag.py:3427} INFO - Setting next_dagrun for latest_only_with_trigger to 2023-06-30T02:03:15.565514+00:00, run_after=2023-06-30T06:03:15.565514+00:00
[2023-06-30T06:03:15.587+0000] {processor.py:175} INFO - Processing /home/airflow/.local/lib/python3.7/site-packages/airflow/example_dags/example_latest_only_with_trigger.py took 0.138 seconds
[2023-06-30T06:03:46.337+0000] {processor.py:153} INFO - Started process (PID=408) to work on /home/airflow/.local/lib/python3.7/site-packages/airflow/example_dags/example_latest_only_with_trigger.py
[2023-06-30T06:03:46.343+0000] {processor.py:743} INFO - Processing file /home/airflow/.local/lib/python3.7/site-packages/airflow/example_dags/example_latest_only_with_trigger.py for tasks to queue
[2023-06-30T06:03:46.347+0000] {logging_mixin.py:137} INFO - [2023-06-30T06:03:46.346+0000] {dagbag.py:538} INFO - Filling up the DagBag from /home/airflow/.local/lib/python3.7/site-packages/airflow/example_dags/example_latest_only_with_trigger.py
[2023-06-30T06:03:46.384+0000] {processor.py:753} INFO - DAG(s) dict_keys(['latest_only_with_trigger']) retrieved from /home/airflow/.local/lib/python3.7/site-packages/airflow/example_dags/example_latest_only_with_trigger.py
[2023-06-30T06:03:46.453+0000] {logging_mixin.py:137} INFO - [2023-06-30T06:03:46.452+0000] {dag.py:2676} INFO - Sync 1 DAGs
[2023-06-30T06:03:46.491+0000] {logging_mixin.py:137} INFO - [2023-06-30T06:03:46.491+0000] {dag.py:3427} INFO - Setting next_dagrun for latest_only_with_trigger to 2023-06-30T02:03:46.490893+00:00, run_after=2023-06-30T06:03:46.490893+00:00
[2023-06-30T06:03:46.528+0000] {processor.py:175} INFO - Processing /home/airflow/.local/lib/python3.7/site-packages/airflow/example_dags/example_latest_only_with_trigger.py took 0.200 seconds
[2023-06-30T06:04:17.051+0000] {processor.py:153} INFO - Started process (PID=487) to work on /home/airflow/.local/lib/python3.7/site-packages/airflow/example_dags/example_latest_only_with_trigger.py
[2023-06-30T06:04:17.054+0000] {processor.py:743} INFO - Processing file /home/airflow/.local/lib/python3.7/site-packages/airflow/example_dags/example_latest_only_with_trigger.py for tasks to queue
[2023-06-30T06:04:17.058+0000] {logging_mixin.py:137} INFO - [2023-06-30T06:04:17.058+0000] {dagbag.py:538} INFO - Filling up the DagBag from /home/airflow/.local/lib/python3.7/site-packages/airflow/example_dags/example_latest_only_with_trigger.py
[2023-06-30T06:04:17.080+0000] {processor.py:753} INFO - DAG(s) dict_keys(['latest_only_with_trigger']) retrieved from /home/airflow/.local/lib/python3.7/site-packages/airflow/example_dags/example_latest_only_with_trigger.py
[2023-06-30T06:04:17.135+0000] {logging_mixin.py:137} INFO - [2023-06-30T06:04:17.135+0000] {dag.py:2676} INFO - Sync 1 DAGs
[2023-06-30T06:04:17.181+0000] {logging_mixin.py:137} INFO - [2023-06-30T06:04:17.181+0000] {dag.py:3427} INFO - Setting next_dagrun for latest_only_with_trigger to 2023-06-30T02:04:17.181370+00:00, run_after=2023-06-30T06:04:17.181370+00:00
[2023-06-30T06:04:17.216+0000] {processor.py:175} INFO - Processing /home/airflow/.local/lib/python3.7/site-packages/airflow/example_dags/example_latest_only_with_trigger.py took 0.171 seconds
[2023-06-30T06:04:47.355+0000] {processor.py:153} INFO - Started process (PID=553) to work on /home/airflow/.local/lib/python3.7/site-packages/airflow/example_dags/example_latest_only_with_trigger.py
[2023-06-30T06:04:47.358+0000] {processor.py:743} INFO - Processing file /home/airflow/.local/lib/python3.7/site-packages/airflow/example_dags/example_latest_only_with_trigger.py for tasks to queue
[2023-06-30T06:04:47.360+0000] {logging_mixin.py:137} INFO - [2023-06-30T06:04:47.360+0000] {dagbag.py:538} INFO - Filling up the DagBag from /home/airflow/.local/lib/python3.7/site-packages/airflow/example_dags/example_latest_only_with_trigger.py
[2023-06-30T06:04:47.382+0000] {processor.py:753} INFO - DAG(s) dict_keys(['latest_only_with_trigger']) retrieved from /home/airflow/.local/lib/python3.7/site-packages/airflow/example_dags/example_latest_only_with_trigger.py
[2023-06-30T06:04:47.432+0000] {logging_mixin.py:137} INFO - [2023-06-30T06:04:47.432+0000] {dag.py:2676} INFO - Sync 1 DAGs
[2023-06-30T06:04:47.462+0000] {logging_mixin.py:137} INFO - [2023-06-30T06:04:47.462+0000] {dag.py:3427} INFO - Setting next_dagrun for latest_only_with_trigger to 2023-06-30T02:04:47.461858+00:00, run_after=2023-06-30T06:04:47.461858+00:00
[2023-06-30T06:04:47.484+0000] {processor.py:175} INFO - Processing /home/airflow/.local/lib/python3.7/site-packages/airflow/example_dags/example_latest_only_with_trigger.py took 0.135 seconds
[2023-06-30T06:05:18.300+0000] {processor.py:153} INFO - Started process (PID=626) to work on /home/airflow/.local/lib/python3.7/site-packages/airflow/example_dags/example_latest_only_with_trigger.py
[2023-06-30T06:05:18.302+0000] {processor.py:743} INFO - Processing file /home/airflow/.local/lib/python3.7/site-packages/airflow/example_dags/example_latest_only_with_trigger.py for tasks to queue
[2023-06-30T06:05:18.304+0000] {logging_mixin.py:137} INFO - [2023-06-30T06:05:18.304+0000] {dagbag.py:538} INFO - Filling up the DagBag from /home/airflow/.local/lib/python3.7/site-packages/airflow/example_dags/example_latest_only_with_trigger.py
[2023-06-30T06:05:18.326+0000] {processor.py:753} INFO - DAG(s) dict_keys(['latest_only_with_trigger']) retrieved from /home/airflow/.local/lib/python3.7/site-packages/airflow/example_dags/example_latest_only_with_trigger.py
[2023-06-30T06:05:18.384+0000] {logging_mixin.py:137} INFO - [2023-06-30T06:05:18.384+0000] {dag.py:2676} INFO - Sync 1 DAGs
[2023-06-30T06:05:18.420+0000] {logging_mixin.py:137} INFO - [2023-06-30T06:05:18.420+0000] {dag.py:3427} INFO - Setting next_dagrun for latest_only_with_trigger to 2023-06-30T02:05:18.419963+00:00, run_after=2023-06-30T06:05:18.419963+00:00
[2023-06-30T06:05:18.447+0000] {processor.py:175} INFO - Processing /home/airflow/.local/lib/python3.7/site-packages/airflow/example_dags/example_latest_only_with_trigger.py took 0.152 seconds
[2023-06-30T06:05:48.613+0000] {processor.py:153} INFO - Started process (PID=699) to work on /home/airflow/.local/lib/python3.7/site-packages/airflow/example_dags/example_latest_only_with_trigger.py
[2023-06-30T06:05:48.615+0000] {processor.py:743} INFO - Processing file /home/airflow/.local/lib/python3.7/site-packages/airflow/example_dags/example_latest_only_with_trigger.py for tasks to queue
[2023-06-30T06:05:48.617+0000] {logging_mixin.py:137} INFO - [2023-06-30T06:05:48.617+0000] {dagbag.py:538} INFO - Filling up the DagBag from /home/airflow/.local/lib/python3.7/site-packages/airflow/example_dags/example_latest_only_with_trigger.py
[2023-06-30T06:05:48.642+0000] {processor.py:753} INFO - DAG(s) dict_keys(['latest_only_with_trigger']) retrieved from /home/airflow/.local/lib/python3.7/site-packages/airflow/example_dags/example_latest_only_with_trigger.py
[2023-06-30T06:05:48.700+0000] {logging_mixin.py:137} INFO - [2023-06-30T06:05:48.700+0000] {dag.py:2676} INFO - Sync 1 DAGs
[2023-06-30T06:05:48.736+0000] {logging_mixin.py:137} INFO - [2023-06-30T06:05:48.736+0000] {dag.py:3427} INFO - Setting next_dagrun for latest_only_with_trigger to 2023-06-30T02:05:48.736069+00:00, run_after=2023-06-30T06:05:48.736069+00:00
[2023-06-30T06:05:48.764+0000] {processor.py:175} INFO - Processing /home/airflow/.local/lib/python3.7/site-packages/airflow/example_dags/example_latest_only_with_trigger.py took 0.157 seconds
[2023-06-30T06:06:18.855+0000] {processor.py:153} INFO - Started process (PID=766) to work on /home/airflow/.local/lib/python3.7/site-packages/airflow/example_dags/example_latest_only_with_trigger.py
[2023-06-30T06:06:18.857+0000] {processor.py:743} INFO - Processing file /home/airflow/.local/lib/python3.7/site-packages/airflow/example_dags/example_latest_only_with_trigger.py for tasks to queue
[2023-06-30T06:06:18.859+0000] {logging_mixin.py:137} INFO - [2023-06-30T06:06:18.859+0000] {dagbag.py:538} INFO - Filling up the DagBag from /home/airflow/.local/lib/python3.7/site-packages/airflow/example_dags/example_latest_only_with_trigger.py
[2023-06-30T06:06:18.879+0000] {processor.py:753} INFO - DAG(s) dict_keys(['latest_only_with_trigger']) retrieved from /home/airflow/.local/lib/python3.7/site-packages/airflow/example_dags/example_latest_only_with_trigger.py
[2023-06-30T06:06:18.929+0000] {logging_mixin.py:137} INFO - [2023-06-30T06:06:18.928+0000] {dag.py:2676} INFO - Sync 1 DAGs
[2023-06-30T06:06:18.963+0000] {logging_mixin.py:137} INFO - [2023-06-30T06:06:18.963+0000] {dag.py:3427} INFO - Setting next_dagrun for latest_only_with_trigger to 2023-06-30T02:06:18.963122+00:00, run_after=2023-06-30T06:06:18.963122+00:00
[2023-06-30T06:06:18.989+0000] {processor.py:175} INFO - Processing /home/airflow/.local/lib/python3.7/site-packages/airflow/example_dags/example_latest_only_with_trigger.py took 0.139 seconds
[2023-06-30T06:06:49.261+0000] {processor.py:153} INFO - Started process (PID=846) to work on /home/airflow/.local/lib/python3.7/site-packages/airflow/example_dags/example_latest_only_with_trigger.py
[2023-06-30T06:06:49.264+0000] {processor.py:743} INFO - Processing file /home/airflow/.local/lib/python3.7/site-packages/airflow/example_dags/example_latest_only_with_trigger.py for tasks to queue
[2023-06-30T06:06:49.266+0000] {logging_mixin.py:137} INFO - [2023-06-30T06:06:49.265+0000] {dagbag.py:538} INFO - Filling up the DagBag from /home/airflow/.local/lib/python3.7/site-packages/airflow/example_dags/example_latest_only_with_trigger.py
[2023-06-30T06:06:49.288+0000] {processor.py:753} INFO - DAG(s) dict_keys(['latest_only_with_trigger']) retrieved from /home/airflow/.local/lib/python3.7/site-packages/airflow/example_dags/example_latest_only_with_trigger.py
[2023-06-30T06:06:49.342+0000] {logging_mixin.py:137} INFO - [2023-06-30T06:06:49.341+0000] {dag.py:2676} INFO - Sync 1 DAGs
[2023-06-30T06:06:49.376+0000] {logging_mixin.py:137} INFO - [2023-06-30T06:06:49.376+0000] {dag.py:3427} INFO - Setting next_dagrun for latest_only_with_trigger to 2023-06-30T02:06:49.376468+00:00, run_after=2023-06-30T06:06:49.376468+00:00
[2023-06-30T06:06:49.402+0000] {processor.py:175} INFO - Processing /home/airflow/.local/lib/python3.7/site-packages/airflow/example_dags/example_latest_only_with_trigger.py took 0.147 seconds
[2023-06-30T06:07:19.755+0000] {processor.py:153} INFO - Started process (PID=912) to work on /home/airflow/.local/lib/python3.7/site-packages/airflow/example_dags/example_latest_only_with_trigger.py
[2023-06-30T06:07:19.758+0000] {processor.py:743} INFO - Processing file /home/airflow/.local/lib/python3.7/site-packages/airflow/example_dags/example_latest_only_with_trigger.py for tasks to queue
[2023-06-30T06:07:19.760+0000] {logging_mixin.py:137} INFO - [2023-06-30T06:07:19.759+0000] {dagbag.py:538} INFO - Filling up the DagBag from /home/airflow/.local/lib/python3.7/site-packages/airflow/example_dags/example_latest_only_with_trigger.py
[2023-06-30T06:07:19.782+0000] {processor.py:753} INFO - DAG(s) dict_keys(['latest_only_with_trigger']) retrieved from /home/airflow/.local/lib/python3.7/site-packages/airflow/example_dags/example_latest_only_with_trigger.py
[2023-06-30T06:07:19.834+0000] {logging_mixin.py:137} INFO - [2023-06-30T06:07:19.834+0000] {dag.py:2676} INFO - Sync 1 DAGs
[2023-06-30T06:07:19.868+0000] {logging_mixin.py:137} INFO - [2023-06-30T06:07:19.868+0000] {dag.py:3427} INFO - Setting next_dagrun for latest_only_with_trigger to 2023-06-30T02:07:19.868238+00:00, run_after=2023-06-30T06:07:19.868238+00:00
[2023-06-30T06:07:19.893+0000] {processor.py:175} INFO - Processing /home/airflow/.local/lib/python3.7/site-packages/airflow/example_dags/example_latest_only_with_trigger.py took 0.144 seconds
[2023-06-30T06:07:51.000+0000] {processor.py:153} INFO - Started process (PID=978) to work on /home/airflow/.local/lib/python3.7/site-packages/airflow/example_dags/example_latest_only_with_trigger.py
[2023-06-30T06:07:51.003+0000] {processor.py:743} INFO - Processing file /home/airflow/.local/lib/python3.7/site-packages/airflow/example_dags/example_latest_only_with_trigger.py for tasks to queue
[2023-06-30T06:07:51.006+0000] {logging_mixin.py:137} INFO - [2023-06-30T06:07:51.006+0000] {dagbag.py:538} INFO - Filling up the DagBag from /home/airflow/.local/lib/python3.7/site-packages/airflow/example_dags/example_latest_only_with_trigger.py
[2023-06-30T06:07:51.047+0000] {processor.py:753} INFO - DAG(s) dict_keys(['latest_only_with_trigger']) retrieved from /home/airflow/.local/lib/python3.7/site-packages/airflow/example_dags/example_latest_only_with_trigger.py
[2023-06-30T06:07:51.104+0000] {logging_mixin.py:137} INFO - [2023-06-30T06:07:51.104+0000] {dag.py:2676} INFO - Sync 1 DAGs
[2023-06-30T06:07:51.168+0000] {logging_mixin.py:137} INFO - [2023-06-30T06:07:51.168+0000] {dag.py:3427} INFO - Setting next_dagrun for latest_only_with_trigger to 2023-06-30T02:07:51.168036+00:00, run_after=2023-06-30T06:07:51.168036+00:00
[2023-06-30T06:07:51.210+0000] {processor.py:175} INFO - Processing /home/airflow/.local/lib/python3.7/site-packages/airflow/example_dags/example_latest_only_with_trigger.py took 0.215 seconds
[2023-06-30T06:08:21.259+0000] {processor.py:153} INFO - Started process (PID=1057) to work on /home/airflow/.local/lib/python3.7/site-packages/airflow/example_dags/example_latest_only_with_trigger.py
[2023-06-30T06:08:21.261+0000] {processor.py:743} INFO - Processing file /home/airflow/.local/lib/python3.7/site-packages/airflow/example_dags/example_latest_only_with_trigger.py for tasks to queue
[2023-06-30T06:08:21.263+0000] {logging_mixin.py:137} INFO - [2023-06-30T06:08:21.263+0000] {dagbag.py:538} INFO - Filling up the DagBag from /home/airflow/.local/lib/python3.7/site-packages/airflow/example_dags/example_latest_only_with_trigger.py
[2023-06-30T06:08:21.284+0000] {processor.py:753} INFO - DAG(s) dict_keys(['latest_only_with_trigger']) retrieved from /home/airflow/.local/lib/python3.7/site-packages/airflow/example_dags/example_latest_only_with_trigger.py
[2023-06-30T06:08:21.333+0000] {logging_mixin.py:137} INFO - [2023-06-30T06:08:21.333+0000] {dag.py:2676} INFO - Sync 1 DAGs
[2023-06-30T06:08:21.366+0000] {logging_mixin.py:137} INFO - [2023-06-30T06:08:21.366+0000] {dag.py:3427} INFO - Setting next_dagrun for latest_only_with_trigger to 2023-06-30T02:08:21.365761+00:00, run_after=2023-06-30T06:08:21.365761+00:00
[2023-06-30T06:08:21.386+0000] {processor.py:175} INFO - Processing /home/airflow/.local/lib/python3.7/site-packages/airflow/example_dags/example_latest_only_with_trigger.py took 0.132 seconds
[2023-06-30T06:08:51.719+0000] {processor.py:153} INFO - Started process (PID=1123) to work on /home/airflow/.local/lib/python3.7/site-packages/airflow/example_dags/example_latest_only_with_trigger.py
[2023-06-30T06:08:51.721+0000] {processor.py:743} INFO - Processing file /home/airflow/.local/lib/python3.7/site-packages/airflow/example_dags/example_latest_only_with_trigger.py for tasks to queue
[2023-06-30T06:08:51.723+0000] {logging_mixin.py:137} INFO - [2023-06-30T06:08:51.723+0000] {dagbag.py:538} INFO - Filling up the DagBag from /home/airflow/.local/lib/python3.7/site-packages/airflow/example_dags/example_latest_only_with_trigger.py
[2023-06-30T06:08:51.743+0000] {processor.py:753} INFO - DAG(s) dict_keys(['latest_only_with_trigger']) retrieved from /home/airflow/.local/lib/python3.7/site-packages/airflow/example_dags/example_latest_only_with_trigger.py
[2023-06-30T06:08:51.795+0000] {logging_mixin.py:137} INFO - [2023-06-30T06:08:51.795+0000] {dag.py:2676} INFO - Sync 1 DAGs
[2023-06-30T06:08:51.832+0000] {logging_mixin.py:137} INFO - [2023-06-30T06:08:51.831+0000] {dag.py:3427} INFO - Setting next_dagrun for latest_only_with_trigger to 2023-06-30T02:08:51.831558+00:00, run_after=2023-06-30T06:08:51.831558+00:00
[2023-06-30T06:08:51.858+0000] {processor.py:175} INFO - Processing /home/airflow/.local/lib/python3.7/site-packages/airflow/example_dags/example_latest_only_with_trigger.py took 0.144 seconds
[2023-06-30T06:09:22.113+0000] {processor.py:153} INFO - Started process (PID=1189) to work on /home/airflow/.local/lib/python3.7/site-packages/airflow/example_dags/example_latest_only_with_trigger.py
[2023-06-30T06:09:22.115+0000] {processor.py:743} INFO - Processing file /home/airflow/.local/lib/python3.7/site-packages/airflow/example_dags/example_latest_only_with_trigger.py for tasks to queue
[2023-06-30T06:09:22.118+0000] {logging_mixin.py:137} INFO - [2023-06-30T06:09:22.118+0000] {dagbag.py:538} INFO - Filling up the DagBag from /home/airflow/.local/lib/python3.7/site-packages/airflow/example_dags/example_latest_only_with_trigger.py
[2023-06-30T06:09:22.143+0000] {processor.py:753} INFO - DAG(s) dict_keys(['latest_only_with_trigger']) retrieved from /home/airflow/.local/lib/python3.7/site-packages/airflow/example_dags/example_latest_only_with_trigger.py
[2023-06-30T06:09:22.202+0000] {logging_mixin.py:137} INFO - [2023-06-30T06:09:22.202+0000] {dag.py:2676} INFO - Sync 1 DAGs
[2023-06-30T06:09:22.245+0000] {logging_mixin.py:137} INFO - [2023-06-30T06:09:22.245+0000] {dag.py:3427} INFO - Setting next_dagrun for latest_only_with_trigger to 2023-06-30T02:09:22.245292+00:00, run_after=2023-06-30T06:09:22.245292+00:00
[2023-06-30T06:09:22.276+0000] {processor.py:175} INFO - Processing /home/airflow/.local/lib/python3.7/site-packages/airflow/example_dags/example_latest_only_with_trigger.py took 0.168 seconds
[2023-06-30T06:09:52.404+0000] {processor.py:153} INFO - Started process (PID=1269) to work on /home/airflow/.local/lib/python3.7/site-packages/airflow/example_dags/example_latest_only_with_trigger.py
[2023-06-30T06:09:52.406+0000] {processor.py:743} INFO - Processing file /home/airflow/.local/lib/python3.7/site-packages/airflow/example_dags/example_latest_only_with_trigger.py for tasks to queue
[2023-06-30T06:09:52.410+0000] {logging_mixin.py:137} INFO - [2023-06-30T06:09:52.409+0000] {dagbag.py:538} INFO - Filling up the DagBag from /home/airflow/.local/lib/python3.7/site-packages/airflow/example_dags/example_latest_only_with_trigger.py
[2023-06-30T06:09:52.431+0000] {processor.py:753} INFO - DAG(s) dict_keys(['latest_only_with_trigger']) retrieved from /home/airflow/.local/lib/python3.7/site-packages/airflow/example_dags/example_latest_only_with_trigger.py
[2023-06-30T06:09:52.482+0000] {logging_mixin.py:137} INFO - [2023-06-30T06:09:52.482+0000] {dag.py:2676} INFO - Sync 1 DAGs
[2023-06-30T06:09:52.519+0000] {logging_mixin.py:137} INFO - [2023-06-30T06:09:52.519+0000] {dag.py:3427} INFO - Setting next_dagrun for latest_only_with_trigger to 2023-06-30T02:09:52.518932+00:00, run_after=2023-06-30T06:09:52.518932+00:00
[2023-06-30T06:09:52.545+0000] {processor.py:175} INFO - Processing /home/airflow/.local/lib/python3.7/site-packages/airflow/example_dags/example_latest_only_with_trigger.py took 0.147 seconds
[2023-06-30T06:10:23.991+0000] {processor.py:153} INFO - Started process (PID=1335) to work on /home/airflow/.local/lib/python3.7/site-packages/airflow/example_dags/example_latest_only_with_trigger.py
[2023-06-30T06:10:23.994+0000] {processor.py:743} INFO - Processing file /home/airflow/.local/lib/python3.7/site-packages/airflow/example_dags/example_latest_only_with_trigger.py for tasks to queue
[2023-06-30T06:10:23.997+0000] {logging_mixin.py:137} INFO - [2023-06-30T06:10:23.996+0000] {dagbag.py:538} INFO - Filling up the DagBag from /home/airflow/.local/lib/python3.7/site-packages/airflow/example_dags/example_latest_only_with_trigger.py
[2023-06-30T06:10:24.023+0000] {processor.py:753} INFO - DAG(s) dict_keys(['latest_only_with_trigger']) retrieved from /home/airflow/.local/lib/python3.7/site-packages/airflow/example_dags/example_latest_only_with_trigger.py
[2023-06-30T06:10:24.112+0000] {logging_mixin.py:137} INFO - [2023-06-30T06:10:24.111+0000] {dag.py:2676} INFO - Sync 1 DAGs
[2023-06-30T06:10:24.158+0000] {logging_mixin.py:137} INFO - [2023-06-30T06:10:24.158+0000] {dag.py:3427} INFO - Setting next_dagrun for latest_only_with_trigger to 2023-06-30T02:10:24.157915+00:00, run_after=2023-06-30T06:10:24.157915+00:00
[2023-06-30T06:10:24.194+0000] {processor.py:175} INFO - Processing /home/airflow/.local/lib/python3.7/site-packages/airflow/example_dags/example_latest_only_with_trigger.py took 0.210 seconds
[2023-06-30T06:10:54.332+0000] {processor.py:153} INFO - Started process (PID=1415) to work on /home/airflow/.local/lib/python3.7/site-packages/airflow/example_dags/example_latest_only_with_trigger.py
[2023-06-30T06:10:54.335+0000] {processor.py:743} INFO - Processing file /home/airflow/.local/lib/python3.7/site-packages/airflow/example_dags/example_latest_only_with_trigger.py for tasks to queue
[2023-06-30T06:10:54.337+0000] {logging_mixin.py:137} INFO - [2023-06-30T06:10:54.337+0000] {dagbag.py:538} INFO - Filling up the DagBag from /home/airflow/.local/lib/python3.7/site-packages/airflow/example_dags/example_latest_only_with_trigger.py
[2023-06-30T06:10:54.360+0000] {processor.py:753} INFO - DAG(s) dict_keys(['latest_only_with_trigger']) retrieved from /home/airflow/.local/lib/python3.7/site-packages/airflow/example_dags/example_latest_only_with_trigger.py
[2023-06-30T06:10:54.410+0000] {logging_mixin.py:137} INFO - [2023-06-30T06:10:54.410+0000] {dag.py:2676} INFO - Sync 1 DAGs
[2023-06-30T06:10:54.451+0000] {logging_mixin.py:137} INFO - [2023-06-30T06:10:54.451+0000] {dag.py:3427} INFO - Setting next_dagrun for latest_only_with_trigger to 2023-06-30T02:10:54.451258+00:00, run_after=2023-06-30T06:10:54.451258+00:00
[2023-06-30T06:10:54.480+0000] {processor.py:175} INFO - Processing /home/airflow/.local/lib/python3.7/site-packages/airflow/example_dags/example_latest_only_with_trigger.py took 0.154 seconds
[2023-06-30T06:11:24.860+0000] {processor.py:153} INFO - Started process (PID=1481) to work on /home/airflow/.local/lib/python3.7/site-packages/airflow/example_dags/example_latest_only_with_trigger.py
[2023-06-30T06:11:24.864+0000] {processor.py:743} INFO - Processing file /home/airflow/.local/lib/python3.7/site-packages/airflow/example_dags/example_latest_only_with_trigger.py for tasks to queue
[2023-06-30T06:11:24.867+0000] {logging_mixin.py:137} INFO - [2023-06-30T06:11:24.867+0000] {dagbag.py:538} INFO - Filling up the DagBag from /home/airflow/.local/lib/python3.7/site-packages/airflow/example_dags/example_latest_only_with_trigger.py
[2023-06-30T06:11:24.892+0000] {processor.py:753} INFO - DAG(s) dict_keys(['latest_only_with_trigger']) retrieved from /home/airflow/.local/lib/python3.7/site-packages/airflow/example_dags/example_latest_only_with_trigger.py
[2023-06-30T06:11:24.945+0000] {logging_mixin.py:137} INFO - [2023-06-30T06:11:24.945+0000] {dag.py:2676} INFO - Sync 1 DAGs
[2023-06-30T06:11:24.981+0000] {logging_mixin.py:137} INFO - [2023-06-30T06:11:24.980+0000] {dag.py:3427} INFO - Setting next_dagrun for latest_only_with_trigger to 2023-06-30T02:11:24.980598+00:00, run_after=2023-06-30T06:11:24.980598+00:00
[2023-06-30T06:11:25.007+0000] {processor.py:175} INFO - Processing /home/airflow/.local/lib/python3.7/site-packages/airflow/example_dags/example_latest_only_with_trigger.py took 0.152 seconds
[2023-06-30T06:11:55.075+0000] {processor.py:153} INFO - Started process (PID=1547) to work on /home/airflow/.local/lib/python3.7/site-packages/airflow/example_dags/example_latest_only_with_trigger.py
[2023-06-30T06:11:55.077+0000] {processor.py:743} INFO - Processing file /home/airflow/.local/lib/python3.7/site-packages/airflow/example_dags/example_latest_only_with_trigger.py for tasks to queue
[2023-06-30T06:11:55.079+0000] {logging_mixin.py:137} INFO - [2023-06-30T06:11:55.079+0000] {dagbag.py:538} INFO - Filling up the DagBag from /home/airflow/.local/lib/python3.7/site-packages/airflow/example_dags/example_latest_only_with_trigger.py
[2023-06-30T06:11:55.100+0000] {processor.py:753} INFO - DAG(s) dict_keys(['latest_only_with_trigger']) retrieved from /home/airflow/.local/lib/python3.7/site-packages/airflow/example_dags/example_latest_only_with_trigger.py
[2023-06-30T06:11:55.153+0000] {logging_mixin.py:137} INFO - [2023-06-30T06:11:55.152+0000] {dag.py:2676} INFO - Sync 1 DAGs
[2023-06-30T06:11:55.191+0000] {logging_mixin.py:137} INFO - [2023-06-30T06:11:55.190+0000] {dag.py:3427} INFO - Setting next_dagrun for latest_only_with_trigger to 2023-06-30T02:11:55.190411+00:00, run_after=2023-06-30T06:11:55.190411+00:00
[2023-06-30T06:11:55.222+0000] {processor.py:175} INFO - Processing /home/airflow/.local/lib/python3.7/site-packages/airflow/example_dags/example_latest_only_with_trigger.py took 0.152 seconds
[2023-06-30T06:12:26.741+0000] {processor.py:153} INFO - Started process (PID=1627) to work on /home/airflow/.local/lib/python3.7/site-packages/airflow/example_dags/example_latest_only_with_trigger.py
[2023-06-30T06:12:26.744+0000] {processor.py:743} INFO - Processing file /home/airflow/.local/lib/python3.7/site-packages/airflow/example_dags/example_latest_only_with_trigger.py for tasks to queue
[2023-06-30T06:12:26.745+0000] {logging_mixin.py:137} INFO - [2023-06-30T06:12:26.745+0000] {dagbag.py:538} INFO - Filling up the DagBag from /home/airflow/.local/lib/python3.7/site-packages/airflow/example_dags/example_latest_only_with_trigger.py
[2023-06-30T06:12:26.766+0000] {processor.py:753} INFO - DAG(s) dict_keys(['latest_only_with_trigger']) retrieved from /home/airflow/.local/lib/python3.7/site-packages/airflow/example_dags/example_latest_only_with_trigger.py
[2023-06-30T06:12:26.815+0000] {logging_mixin.py:137} INFO - [2023-06-30T06:12:26.815+0000] {dag.py:2676} INFO - Sync 1 DAGs
[2023-06-30T06:12:26.850+0000] {logging_mixin.py:137} INFO - [2023-06-30T06:12:26.850+0000] {dag.py:3427} INFO - Setting next_dagrun for latest_only_with_trigger to 2023-06-30T02:12:26.849832+00:00, run_after=2023-06-30T06:12:26.849832+00:00
[2023-06-30T06:12:26.879+0000] {processor.py:175} INFO - Processing /home/airflow/.local/lib/python3.7/site-packages/airflow/example_dags/example_latest_only_with_trigger.py took 0.141 seconds
[2023-06-30T06:12:57.428+0000] {processor.py:153} INFO - Started process (PID=1693) to work on /home/airflow/.local/lib/python3.7/site-packages/airflow/example_dags/example_latest_only_with_trigger.py
[2023-06-30T06:12:57.431+0000] {processor.py:743} INFO - Processing file /home/airflow/.local/lib/python3.7/site-packages/airflow/example_dags/example_latest_only_with_trigger.py for tasks to queue
[2023-06-30T06:12:57.432+0000] {logging_mixin.py:137} INFO - [2023-06-30T06:12:57.432+0000] {dagbag.py:538} INFO - Filling up the DagBag from /home/airflow/.local/lib/python3.7/site-packages/airflow/example_dags/example_latest_only_with_trigger.py
[2023-06-30T06:12:57.455+0000] {processor.py:753} INFO - DAG(s) dict_keys(['latest_only_with_trigger']) retrieved from /home/airflow/.local/lib/python3.7/site-packages/airflow/example_dags/example_latest_only_with_trigger.py
[2023-06-30T06:12:57.510+0000] {logging_mixin.py:137} INFO - [2023-06-30T06:12:57.510+0000] {dag.py:2676} INFO - Sync 1 DAGs
[2023-06-30T06:12:57.546+0000] {logging_mixin.py:137} INFO - [2023-06-30T06:12:57.546+0000] {dag.py:3427} INFO - Setting next_dagrun for latest_only_with_trigger to 2023-06-30T02:12:57.546449+00:00, run_after=2023-06-30T06:12:57.546449+00:00
[2023-06-30T06:12:57.594+0000] {processor.py:175} INFO - Processing /home/airflow/.local/lib/python3.7/site-packages/airflow/example_dags/example_latest_only_with_trigger.py took 0.171 seconds
[2023-06-30T06:13:27.931+0000] {processor.py:153} INFO - Started process (PID=1773) to work on /home/airflow/.local/lib/python3.7/site-packages/airflow/example_dags/example_latest_only_with_trigger.py
[2023-06-30T06:13:27.935+0000] {processor.py:743} INFO - Processing file /home/airflow/.local/lib/python3.7/site-packages/airflow/example_dags/example_latest_only_with_trigger.py for tasks to queue
[2023-06-30T06:13:27.936+0000] {logging_mixin.py:137} INFO - [2023-06-30T06:13:27.936+0000] {dagbag.py:538} INFO - Filling up the DagBag from /home/airflow/.local/lib/python3.7/site-packages/airflow/example_dags/example_latest_only_with_trigger.py
[2023-06-30T06:13:27.971+0000] {processor.py:753} INFO - DAG(s) dict_keys(['latest_only_with_trigger']) retrieved from /home/airflow/.local/lib/python3.7/site-packages/airflow/example_dags/example_latest_only_with_trigger.py
[2023-06-30T06:13:28.034+0000] {logging_mixin.py:137} INFO - [2023-06-30T06:13:28.033+0000] {dag.py:2676} INFO - Sync 1 DAGs
[2023-06-30T06:13:28.070+0000] {logging_mixin.py:137} INFO - [2023-06-30T06:13:28.070+0000] {dag.py:3427} INFO - Setting next_dagrun for latest_only_with_trigger to 2023-06-30T02:13:28.070309+00:00, run_after=2023-06-30T06:13:28.070309+00:00
[2023-06-30T06:13:28.100+0000] {processor.py:175} INFO - Processing /home/airflow/.local/lib/python3.7/site-packages/airflow/example_dags/example_latest_only_with_trigger.py took 0.177 seconds
[2023-06-30T06:13:58.617+0000] {processor.py:153} INFO - Started process (PID=1839) to work on /home/airflow/.local/lib/python3.7/site-packages/airflow/example_dags/example_latest_only_with_trigger.py
[2023-06-30T06:13:58.620+0000] {processor.py:743} INFO - Processing file /home/airflow/.local/lib/python3.7/site-packages/airflow/example_dags/example_latest_only_with_trigger.py for tasks to queue
[2023-06-30T06:13:58.622+0000] {logging_mixin.py:137} INFO - [2023-06-30T06:13:58.622+0000] {dagbag.py:538} INFO - Filling up the DagBag from /home/airflow/.local/lib/python3.7/site-packages/airflow/example_dags/example_latest_only_with_trigger.py
[2023-06-30T06:13:58.645+0000] {processor.py:753} INFO - DAG(s) dict_keys(['latest_only_with_trigger']) retrieved from /home/airflow/.local/lib/python3.7/site-packages/airflow/example_dags/example_latest_only_with_trigger.py
[2023-06-30T06:13:58.698+0000] {logging_mixin.py:137} INFO - [2023-06-30T06:13:58.698+0000] {dag.py:2676} INFO - Sync 1 DAGs
[2023-06-30T06:13:58.739+0000] {logging_mixin.py:137} INFO - [2023-06-30T06:13:58.739+0000] {dag.py:3427} INFO - Setting next_dagrun for latest_only_with_trigger to 2023-06-30T02:13:58.738801+00:00, run_after=2023-06-30T06:13:58.738801+00:00
[2023-06-30T06:13:58.778+0000] {processor.py:175} INFO - Processing /home/airflow/.local/lib/python3.7/site-packages/airflow/example_dags/example_latest_only_with_trigger.py took 0.166 seconds
[2023-06-30T06:14:29.331+0000] {processor.py:153} INFO - Started process (PID=1905) to work on /home/airflow/.local/lib/python3.7/site-packages/airflow/example_dags/example_latest_only_with_trigger.py
[2023-06-30T06:14:29.334+0000] {processor.py:743} INFO - Processing file /home/airflow/.local/lib/python3.7/site-packages/airflow/example_dags/example_latest_only_with_trigger.py for tasks to queue
[2023-06-30T06:14:29.337+0000] {logging_mixin.py:137} INFO - [2023-06-30T06:14:29.337+0000] {dagbag.py:538} INFO - Filling up the DagBag from /home/airflow/.local/lib/python3.7/site-packages/airflow/example_dags/example_latest_only_with_trigger.py
[2023-06-30T06:14:29.360+0000] {processor.py:753} INFO - DAG(s) dict_keys(['latest_only_with_trigger']) retrieved from /home/airflow/.local/lib/python3.7/site-packages/airflow/example_dags/example_latest_only_with_trigger.py
[2023-06-30T06:14:29.412+0000] {logging_mixin.py:137} INFO - [2023-06-30T06:14:29.412+0000] {dag.py:2676} INFO - Sync 1 DAGs
[2023-06-30T06:14:29.462+0000] {logging_mixin.py:137} INFO - [2023-06-30T06:14:29.462+0000] {dag.py:3427} INFO - Setting next_dagrun for latest_only_with_trigger to 2023-06-30T02:14:29.461949+00:00, run_after=2023-06-30T06:14:29.461949+00:00
[2023-06-30T06:14:29.508+0000] {processor.py:175} INFO - Processing /home/airflow/.local/lib/python3.7/site-packages/airflow/example_dags/example_latest_only_with_trigger.py took 0.182 seconds
[2023-06-30T06:14:59.757+0000] {processor.py:153} INFO - Started process (PID=1985) to work on /home/airflow/.local/lib/python3.7/site-packages/airflow/example_dags/example_latest_only_with_trigger.py
[2023-06-30T06:14:59.760+0000] {processor.py:743} INFO - Processing file /home/airflow/.local/lib/python3.7/site-packages/airflow/example_dags/example_latest_only_with_trigger.py for tasks to queue
[2023-06-30T06:14:59.763+0000] {logging_mixin.py:137} INFO - [2023-06-30T06:14:59.763+0000] {dagbag.py:538} INFO - Filling up the DagBag from /home/airflow/.local/lib/python3.7/site-packages/airflow/example_dags/example_latest_only_with_trigger.py
[2023-06-30T06:14:59.798+0000] {processor.py:753} INFO - DAG(s) dict_keys(['latest_only_with_trigger']) retrieved from /home/airflow/.local/lib/python3.7/site-packages/airflow/example_dags/example_latest_only_with_trigger.py
[2023-06-30T06:14:59.836+0000] {logging_mixin.py:137} INFO - [2023-06-30T06:14:59.836+0000] {dag.py:2676} INFO - Sync 1 DAGs
[2023-06-30T06:14:59.873+0000] {logging_mixin.py:137} INFO - [2023-06-30T06:14:59.873+0000] {dag.py:3427} INFO - Setting next_dagrun for latest_only_with_trigger to 2023-06-30T02:14:59.873087+00:00, run_after=2023-06-30T06:14:59.873087+00:00
[2023-06-30T06:14:59.901+0000] {processor.py:175} INFO - Processing /home/airflow/.local/lib/python3.7/site-packages/airflow/example_dags/example_latest_only_with_trigger.py took 0.151 seconds
[2023-06-30T06:15:30.523+0000] {processor.py:153} INFO - Started process (PID=2051) to work on /home/airflow/.local/lib/python3.7/site-packages/airflow/example_dags/example_latest_only_with_trigger.py
[2023-06-30T06:15:30.525+0000] {processor.py:743} INFO - Processing file /home/airflow/.local/lib/python3.7/site-packages/airflow/example_dags/example_latest_only_with_trigger.py for tasks to queue
[2023-06-30T06:15:30.527+0000] {logging_mixin.py:137} INFO - [2023-06-30T06:15:30.527+0000] {dagbag.py:538} INFO - Filling up the DagBag from /home/airflow/.local/lib/python3.7/site-packages/airflow/example_dags/example_latest_only_with_trigger.py
[2023-06-30T06:15:30.549+0000] {processor.py:753} INFO - DAG(s) dict_keys(['latest_only_with_trigger']) retrieved from /home/airflow/.local/lib/python3.7/site-packages/airflow/example_dags/example_latest_only_with_trigger.py
[2023-06-30T06:15:30.587+0000] {logging_mixin.py:137} INFO - [2023-06-30T06:15:30.587+0000] {dag.py:2676} INFO - Sync 1 DAGs
[2023-06-30T06:15:30.632+0000] {logging_mixin.py:137} INFO - [2023-06-30T06:15:30.632+0000] {dag.py:3427} INFO - Setting next_dagrun for latest_only_with_trigger to 2023-06-30T02:15:30.631777+00:00, run_after=2023-06-30T06:15:30.631777+00:00
[2023-06-30T06:15:30.664+0000] {processor.py:175} INFO - Processing /home/airflow/.local/lib/python3.7/site-packages/airflow/example_dags/example_latest_only_with_trigger.py took 0.146 seconds
[2023-06-30T06:16:01.551+0000] {processor.py:153} INFO - Started process (PID=2117) to work on /home/airflow/.local/lib/python3.7/site-packages/airflow/example_dags/example_latest_only_with_trigger.py
[2023-06-30T06:16:01.554+0000] {processor.py:743} INFO - Processing file /home/airflow/.local/lib/python3.7/site-packages/airflow/example_dags/example_latest_only_with_trigger.py for tasks to queue
[2023-06-30T06:16:01.555+0000] {logging_mixin.py:137} INFO - [2023-06-30T06:16:01.555+0000] {dagbag.py:538} INFO - Filling up the DagBag from /home/airflow/.local/lib/python3.7/site-packages/airflow/example_dags/example_latest_only_with_trigger.py
[2023-06-30T06:16:01.576+0000] {processor.py:753} INFO - DAG(s) dict_keys(['latest_only_with_trigger']) retrieved from /home/airflow/.local/lib/python3.7/site-packages/airflow/example_dags/example_latest_only_with_trigger.py
[2023-06-30T06:16:01.628+0000] {logging_mixin.py:137} INFO - [2023-06-30T06:16:01.628+0000] {dag.py:2676} INFO - Sync 1 DAGs
[2023-06-30T06:16:01.667+0000] {logging_mixin.py:137} INFO - [2023-06-30T06:16:01.667+0000] {dag.py:3427} INFO - Setting next_dagrun for latest_only_with_trigger to 2023-06-30T02:16:01.667390+00:00, run_after=2023-06-30T06:16:01.667390+00:00
[2023-06-30T06:16:01.696+0000] {processor.py:175} INFO - Processing /home/airflow/.local/lib/python3.7/site-packages/airflow/example_dags/example_latest_only_with_trigger.py took 0.149 seconds
[2023-06-30T06:16:32.190+0000] {processor.py:153} INFO - Started process (PID=2197) to work on /home/airflow/.local/lib/python3.7/site-packages/airflow/example_dags/example_latest_only_with_trigger.py
[2023-06-30T06:16:32.193+0000] {processor.py:743} INFO - Processing file /home/airflow/.local/lib/python3.7/site-packages/airflow/example_dags/example_latest_only_with_trigger.py for tasks to queue
[2023-06-30T06:16:32.195+0000] {logging_mixin.py:137} INFO - [2023-06-30T06:16:32.195+0000] {dagbag.py:538} INFO - Filling up the DagBag from /home/airflow/.local/lib/python3.7/site-packages/airflow/example_dags/example_latest_only_with_trigger.py
[2023-06-30T06:16:32.220+0000] {processor.py:753} INFO - DAG(s) dict_keys(['latest_only_with_trigger']) retrieved from /home/airflow/.local/lib/python3.7/site-packages/airflow/example_dags/example_latest_only_with_trigger.py
[2023-06-30T06:16:32.280+0000] {logging_mixin.py:137} INFO - [2023-06-30T06:16:32.280+0000] {dag.py:2676} INFO - Sync 1 DAGs
[2023-06-30T06:16:32.320+0000] {logging_mixin.py:137} INFO - [2023-06-30T06:16:32.320+0000] {dag.py:3427} INFO - Setting next_dagrun for latest_only_with_trigger to 2023-06-30T02:16:32.320192+00:00, run_after=2023-06-30T06:16:32.320192+00:00
[2023-06-30T06:16:32.353+0000] {processor.py:175} INFO - Processing /home/airflow/.local/lib/python3.7/site-packages/airflow/example_dags/example_latest_only_with_trigger.py took 0.169 seconds
[2023-06-30T06:17:02.879+0000] {processor.py:153} INFO - Started process (PID=2263) to work on /home/airflow/.local/lib/python3.7/site-packages/airflow/example_dags/example_latest_only_with_trigger.py
[2023-06-30T06:17:02.882+0000] {processor.py:743} INFO - Processing file /home/airflow/.local/lib/python3.7/site-packages/airflow/example_dags/example_latest_only_with_trigger.py for tasks to queue
[2023-06-30T06:17:02.884+0000] {logging_mixin.py:137} INFO - [2023-06-30T06:17:02.884+0000] {dagbag.py:538} INFO - Filling up the DagBag from /home/airflow/.local/lib/python3.7/site-packages/airflow/example_dags/example_latest_only_with_trigger.py
[2023-06-30T06:17:02.908+0000] {processor.py:753} INFO - DAG(s) dict_keys(['latest_only_with_trigger']) retrieved from /home/airflow/.local/lib/python3.7/site-packages/airflow/example_dags/example_latest_only_with_trigger.py
[2023-06-30T06:17:02.970+0000] {logging_mixin.py:137} INFO - [2023-06-30T06:17:02.970+0000] {dag.py:2676} INFO - Sync 1 DAGs
[2023-06-30T06:17:03.006+0000] {logging_mixin.py:137} INFO - [2023-06-30T06:17:03.005+0000] {dag.py:3427} INFO - Setting next_dagrun for latest_only_with_trigger to 2023-06-30T02:17:03.005523+00:00, run_after=2023-06-30T06:17:03.005523+00:00
[2023-06-30T06:17:03.030+0000] {processor.py:175} INFO - Processing /home/airflow/.local/lib/python3.7/site-packages/airflow/example_dags/example_latest_only_with_trigger.py took 0.156 seconds
