[2023-06-30T06:01:09.946+0000] {processor.py:153} INFO - Started process (PID=62) to work on /home/airflow/.local/lib/python3.7/site-packages/airflow/example_dags/example_task_group.py
[2023-06-30T06:01:10.004+0000] {processor.py:743} INFO - Processing file /home/airflow/.local/lib/python3.7/site-packages/airflow/example_dags/example_task_group.py for tasks to queue
[2023-06-30T06:01:10.025+0000] {logging_mixin.py:137} INFO - [2023-06-30T06:01:10.025+0000] {dagbag.py:538} INFO - Filling up the DagBag from /home/airflow/.local/lib/python3.7/site-packages/airflow/example_dags/example_task_group.py
[2023-06-30T06:01:10.085+0000] {processor.py:753} INFO - DAG(s) dict_keys(['example_task_group']) retrieved from /home/airflow/.local/lib/python3.7/site-packages/airflow/example_dags/example_task_group.py
[2023-06-30T06:01:10.125+0000] {logging_mixin.py:137} INFO - [2023-06-30T06:01:10.125+0000] {dag.py:2676} INFO - Sync 1 DAGs
[2023-06-30T06:01:10.169+0000] {logging_mixin.py:137} INFO - [2023-06-30T06:01:10.169+0000] {dag.py:3427} INFO - Setting next_dagrun for example_task_group to 2023-06-29T06:01:10.169262+00:00, run_after=2023-06-30T06:01:10.169262+00:00
[2023-06-30T06:01:10.212+0000] {processor.py:175} INFO - Processing /home/airflow/.local/lib/python3.7/site-packages/airflow/example_dags/example_task_group.py took 0.271 seconds
[2023-06-30T06:01:43.374+0000] {processor.py:153} INFO - Started process (PID=129) to work on /home/airflow/.local/lib/python3.7/site-packages/airflow/example_dags/example_task_group.py
[2023-06-30T06:01:43.382+0000] {processor.py:743} INFO - Processing file /home/airflow/.local/lib/python3.7/site-packages/airflow/example_dags/example_task_group.py for tasks to queue
[2023-06-30T06:01:43.388+0000] {logging_mixin.py:137} INFO - [2023-06-30T06:01:43.388+0000] {dagbag.py:538} INFO - Filling up the DagBag from /home/airflow/.local/lib/python3.7/site-packages/airflow/example_dags/example_task_group.py
[2023-06-30T06:01:43.514+0000] {processor.py:753} INFO - DAG(s) dict_keys(['example_task_group']) retrieved from /home/airflow/.local/lib/python3.7/site-packages/airflow/example_dags/example_task_group.py
[2023-06-30T06:01:43.740+0000] {logging_mixin.py:137} INFO - [2023-06-30T06:01:43.739+0000] {dag.py:2676} INFO - Sync 1 DAGs
[2023-06-30T06:01:43.845+0000] {logging_mixin.py:137} INFO - [2023-06-30T06:01:43.844+0000] {dag.py:3427} INFO - Setting next_dagrun for example_task_group to 2023-06-29T06:01:43.844352+00:00, run_after=2023-06-30T06:01:43.844352+00:00
[2023-06-30T06:01:43.999+0000] {processor.py:175} INFO - Processing /home/airflow/.local/lib/python3.7/site-packages/airflow/example_dags/example_task_group.py took 0.634 seconds
[2023-06-30T06:02:14.682+0000] {processor.py:153} INFO - Started process (PID=195) to work on /home/airflow/.local/lib/python3.7/site-packages/airflow/example_dags/example_task_group.py
[2023-06-30T06:02:14.685+0000] {processor.py:743} INFO - Processing file /home/airflow/.local/lib/python3.7/site-packages/airflow/example_dags/example_task_group.py for tasks to queue
[2023-06-30T06:02:14.687+0000] {logging_mixin.py:137} INFO - [2023-06-30T06:02:14.686+0000] {dagbag.py:538} INFO - Filling up the DagBag from /home/airflow/.local/lib/python3.7/site-packages/airflow/example_dags/example_task_group.py
[2023-06-30T06:02:14.712+0000] {processor.py:753} INFO - DAG(s) dict_keys(['example_task_group']) retrieved from /home/airflow/.local/lib/python3.7/site-packages/airflow/example_dags/example_task_group.py
[2023-06-30T06:02:14.804+0000] {logging_mixin.py:137} INFO - [2023-06-30T06:02:14.804+0000] {dag.py:2676} INFO - Sync 1 DAGs
[2023-06-30T06:02:14.860+0000] {logging_mixin.py:137} INFO - [2023-06-30T06:02:14.859+0000] {dag.py:3427} INFO - Setting next_dagrun for example_task_group to 2023-06-29T06:02:14.859457+00:00, run_after=2023-06-30T06:02:14.859457+00:00
[2023-06-30T06:02:14.901+0000] {processor.py:175} INFO - Processing /home/airflow/.local/lib/python3.7/site-packages/airflow/example_dags/example_task_group.py took 0.223 seconds
[2023-06-30T06:02:45.169+0000] {processor.py:153} INFO - Started process (PID=261) to work on /home/airflow/.local/lib/python3.7/site-packages/airflow/example_dags/example_task_group.py
[2023-06-30T06:02:45.173+0000] {processor.py:743} INFO - Processing file /home/airflow/.local/lib/python3.7/site-packages/airflow/example_dags/example_task_group.py for tasks to queue
[2023-06-30T06:02:45.174+0000] {logging_mixin.py:137} INFO - [2023-06-30T06:02:45.174+0000] {dagbag.py:538} INFO - Filling up the DagBag from /home/airflow/.local/lib/python3.7/site-packages/airflow/example_dags/example_task_group.py
[2023-06-30T06:02:45.196+0000] {processor.py:753} INFO - DAG(s) dict_keys(['example_task_group']) retrieved from /home/airflow/.local/lib/python3.7/site-packages/airflow/example_dags/example_task_group.py
[2023-06-30T06:02:45.243+0000] {logging_mixin.py:137} INFO - [2023-06-30T06:02:45.243+0000] {dag.py:2676} INFO - Sync 1 DAGs
[2023-06-30T06:02:45.278+0000] {logging_mixin.py:137} INFO - [2023-06-30T06:02:45.278+0000] {dag.py:3427} INFO - Setting next_dagrun for example_task_group to 2023-06-29T06:02:45.277758+00:00, run_after=2023-06-30T06:02:45.277758+00:00
[2023-06-30T06:02:45.303+0000] {processor.py:175} INFO - Processing /home/airflow/.local/lib/python3.7/site-packages/airflow/example_dags/example_task_group.py took 0.140 seconds
[2023-06-30T06:03:15.450+0000] {processor.py:153} INFO - Started process (PID=341) to work on /home/airflow/.local/lib/python3.7/site-packages/airflow/example_dags/example_task_group.py
[2023-06-30T06:03:15.458+0000] {processor.py:743} INFO - Processing file /home/airflow/.local/lib/python3.7/site-packages/airflow/example_dags/example_task_group.py for tasks to queue
[2023-06-30T06:03:15.460+0000] {logging_mixin.py:137} INFO - [2023-06-30T06:03:15.460+0000] {dagbag.py:538} INFO - Filling up the DagBag from /home/airflow/.local/lib/python3.7/site-packages/airflow/example_dags/example_task_group.py
[2023-06-30T06:03:15.483+0000] {processor.py:753} INFO - DAG(s) dict_keys(['example_task_group']) retrieved from /home/airflow/.local/lib/python3.7/site-packages/airflow/example_dags/example_task_group.py
[2023-06-30T06:03:15.535+0000] {logging_mixin.py:137} INFO - [2023-06-30T06:03:15.535+0000] {dag.py:2676} INFO - Sync 1 DAGs
[2023-06-30T06:03:15.565+0000] {logging_mixin.py:137} INFO - [2023-06-30T06:03:15.565+0000] {dag.py:3427} INFO - Setting next_dagrun for example_task_group to 2023-06-29T06:03:15.565530+00:00, run_after=2023-06-30T06:03:15.565530+00:00
[2023-06-30T06:03:15.587+0000] {processor.py:175} INFO - Processing /home/airflow/.local/lib/python3.7/site-packages/airflow/example_dags/example_task_group.py took 0.142 seconds
[2023-06-30T06:03:46.328+0000] {processor.py:153} INFO - Started process (PID=407) to work on /home/airflow/.local/lib/python3.7/site-packages/airflow/example_dags/example_task_group.py
[2023-06-30T06:03:46.333+0000] {processor.py:743} INFO - Processing file /home/airflow/.local/lib/python3.7/site-packages/airflow/example_dags/example_task_group.py for tasks to queue
[2023-06-30T06:03:46.338+0000] {logging_mixin.py:137} INFO - [2023-06-30T06:03:46.337+0000] {dagbag.py:538} INFO - Filling up the DagBag from /home/airflow/.local/lib/python3.7/site-packages/airflow/example_dags/example_task_group.py
[2023-06-30T06:03:46.382+0000] {processor.py:753} INFO - DAG(s) dict_keys(['example_task_group']) retrieved from /home/airflow/.local/lib/python3.7/site-packages/airflow/example_dags/example_task_group.py
[2023-06-30T06:03:46.456+0000] {logging_mixin.py:137} INFO - [2023-06-30T06:03:46.456+0000] {dag.py:2676} INFO - Sync 1 DAGs
[2023-06-30T06:03:46.494+0000] {logging_mixin.py:137} INFO - [2023-06-30T06:03:46.494+0000] {dag.py:3427} INFO - Setting next_dagrun for example_task_group to 2023-06-29T06:03:46.493740+00:00, run_after=2023-06-30T06:03:46.493740+00:00
[2023-06-30T06:03:46.527+0000] {processor.py:175} INFO - Processing /home/airflow/.local/lib/python3.7/site-packages/airflow/example_dags/example_task_group.py took 0.213 seconds
[2023-06-30T06:04:17.047+0000] {processor.py:153} INFO - Started process (PID=486) to work on /home/airflow/.local/lib/python3.7/site-packages/airflow/example_dags/example_task_group.py
[2023-06-30T06:04:17.050+0000] {processor.py:743} INFO - Processing file /home/airflow/.local/lib/python3.7/site-packages/airflow/example_dags/example_task_group.py for tasks to queue
[2023-06-30T06:04:17.053+0000] {logging_mixin.py:137} INFO - [2023-06-30T06:04:17.052+0000] {dagbag.py:538} INFO - Filling up the DagBag from /home/airflow/.local/lib/python3.7/site-packages/airflow/example_dags/example_task_group.py
[2023-06-30T06:04:17.078+0000] {processor.py:753} INFO - DAG(s) dict_keys(['example_task_group']) retrieved from /home/airflow/.local/lib/python3.7/site-packages/airflow/example_dags/example_task_group.py
[2023-06-30T06:04:17.135+0000] {logging_mixin.py:137} INFO - [2023-06-30T06:04:17.135+0000] {dag.py:2676} INFO - Sync 1 DAGs
[2023-06-30T06:04:17.182+0000] {logging_mixin.py:137} INFO - [2023-06-30T06:04:17.182+0000] {dag.py:3427} INFO - Setting next_dagrun for example_task_group to 2023-06-29T06:04:17.181785+00:00, run_after=2023-06-30T06:04:17.181785+00:00
[2023-06-30T06:04:17.216+0000] {processor.py:175} INFO - Processing /home/airflow/.local/lib/python3.7/site-packages/airflow/example_dags/example_task_group.py took 0.174 seconds
[2023-06-30T06:04:47.349+0000] {processor.py:153} INFO - Started process (PID=552) to work on /home/airflow/.local/lib/python3.7/site-packages/airflow/example_dags/example_task_group.py
[2023-06-30T06:04:47.351+0000] {processor.py:743} INFO - Processing file /home/airflow/.local/lib/python3.7/site-packages/airflow/example_dags/example_task_group.py for tasks to queue
[2023-06-30T06:04:47.353+0000] {logging_mixin.py:137} INFO - [2023-06-30T06:04:47.353+0000] {dagbag.py:538} INFO - Filling up the DagBag from /home/airflow/.local/lib/python3.7/site-packages/airflow/example_dags/example_task_group.py
[2023-06-30T06:04:47.379+0000] {processor.py:753} INFO - DAG(s) dict_keys(['example_task_group']) retrieved from /home/airflow/.local/lib/python3.7/site-packages/airflow/example_dags/example_task_group.py
[2023-06-30T06:04:47.430+0000] {logging_mixin.py:137} INFO - [2023-06-30T06:04:47.430+0000] {dag.py:2676} INFO - Sync 1 DAGs
[2023-06-30T06:04:47.461+0000] {logging_mixin.py:137} INFO - [2023-06-30T06:04:47.461+0000] {dag.py:3427} INFO - Setting next_dagrun for example_task_group to 2023-06-29T06:04:47.461091+00:00, run_after=2023-06-30T06:04:47.461091+00:00
[2023-06-30T06:04:47.483+0000] {processor.py:175} INFO - Processing /home/airflow/.local/lib/python3.7/site-packages/airflow/example_dags/example_task_group.py took 0.139 seconds
[2023-06-30T06:05:18.292+0000] {processor.py:153} INFO - Started process (PID=625) to work on /home/airflow/.local/lib/python3.7/site-packages/airflow/example_dags/example_task_group.py
[2023-06-30T06:05:18.295+0000] {processor.py:743} INFO - Processing file /home/airflow/.local/lib/python3.7/site-packages/airflow/example_dags/example_task_group.py for tasks to queue
[2023-06-30T06:05:18.297+0000] {logging_mixin.py:137} INFO - [2023-06-30T06:05:18.297+0000] {dagbag.py:538} INFO - Filling up the DagBag from /home/airflow/.local/lib/python3.7/site-packages/airflow/example_dags/example_task_group.py
[2023-06-30T06:05:18.322+0000] {processor.py:753} INFO - DAG(s) dict_keys(['example_task_group']) retrieved from /home/airflow/.local/lib/python3.7/site-packages/airflow/example_dags/example_task_group.py
[2023-06-30T06:05:18.379+0000] {logging_mixin.py:137} INFO - [2023-06-30T06:05:18.379+0000] {dag.py:2676} INFO - Sync 1 DAGs
[2023-06-30T06:05:18.414+0000] {logging_mixin.py:137} INFO - [2023-06-30T06:05:18.414+0000] {dag.py:3427} INFO - Setting next_dagrun for example_task_group to 2023-06-29T06:05:18.413764+00:00, run_after=2023-06-30T06:05:18.413764+00:00
[2023-06-30T06:05:18.440+0000] {processor.py:175} INFO - Processing /home/airflow/.local/lib/python3.7/site-packages/airflow/example_dags/example_task_group.py took 0.154 seconds
[2023-06-30T06:05:48.606+0000] {processor.py:153} INFO - Started process (PID=698) to work on /home/airflow/.local/lib/python3.7/site-packages/airflow/example_dags/example_task_group.py
[2023-06-30T06:05:48.610+0000] {processor.py:743} INFO - Processing file /home/airflow/.local/lib/python3.7/site-packages/airflow/example_dags/example_task_group.py for tasks to queue
[2023-06-30T06:05:48.612+0000] {logging_mixin.py:137} INFO - [2023-06-30T06:05:48.612+0000] {dagbag.py:538} INFO - Filling up the DagBag from /home/airflow/.local/lib/python3.7/site-packages/airflow/example_dags/example_task_group.py
[2023-06-30T06:05:48.641+0000] {processor.py:753} INFO - DAG(s) dict_keys(['example_task_group']) retrieved from /home/airflow/.local/lib/python3.7/site-packages/airflow/example_dags/example_task_group.py
[2023-06-30T06:05:48.700+0000] {logging_mixin.py:137} INFO - [2023-06-30T06:05:48.700+0000] {dag.py:2676} INFO - Sync 1 DAGs
[2023-06-30T06:05:48.736+0000] {logging_mixin.py:137} INFO - [2023-06-30T06:05:48.736+0000] {dag.py:3427} INFO - Setting next_dagrun for example_task_group to 2023-06-29T06:05:48.736083+00:00, run_after=2023-06-30T06:05:48.736083+00:00
[2023-06-30T06:05:48.765+0000] {processor.py:175} INFO - Processing /home/airflow/.local/lib/python3.7/site-packages/airflow/example_dags/example_task_group.py took 0.164 seconds
[2023-06-30T06:06:18.850+0000] {processor.py:153} INFO - Started process (PID=765) to work on /home/airflow/.local/lib/python3.7/site-packages/airflow/example_dags/example_task_group.py
[2023-06-30T06:06:18.853+0000] {processor.py:743} INFO - Processing file /home/airflow/.local/lib/python3.7/site-packages/airflow/example_dags/example_task_group.py for tasks to queue
[2023-06-30T06:06:18.855+0000] {logging_mixin.py:137} INFO - [2023-06-30T06:06:18.855+0000] {dagbag.py:538} INFO - Filling up the DagBag from /home/airflow/.local/lib/python3.7/site-packages/airflow/example_dags/example_task_group.py
[2023-06-30T06:06:18.878+0000] {processor.py:753} INFO - DAG(s) dict_keys(['example_task_group']) retrieved from /home/airflow/.local/lib/python3.7/site-packages/airflow/example_dags/example_task_group.py
[2023-06-30T06:06:18.929+0000] {logging_mixin.py:137} INFO - [2023-06-30T06:06:18.928+0000] {dag.py:2676} INFO - Sync 1 DAGs
[2023-06-30T06:06:18.963+0000] {logging_mixin.py:137} INFO - [2023-06-30T06:06:18.963+0000] {dag.py:3427} INFO - Setting next_dagrun for example_task_group to 2023-06-29T06:06:18.963120+00:00, run_after=2023-06-30T06:06:18.963120+00:00
[2023-06-30T06:06:18.989+0000] {processor.py:175} INFO - Processing /home/airflow/.local/lib/python3.7/site-packages/airflow/example_dags/example_task_group.py took 0.144 seconds
[2023-06-30T06:06:49.258+0000] {processor.py:153} INFO - Started process (PID=845) to work on /home/airflow/.local/lib/python3.7/site-packages/airflow/example_dags/example_task_group.py
[2023-06-30T06:06:49.261+0000] {processor.py:743} INFO - Processing file /home/airflow/.local/lib/python3.7/site-packages/airflow/example_dags/example_task_group.py for tasks to queue
[2023-06-30T06:06:49.263+0000] {logging_mixin.py:137} INFO - [2023-06-30T06:06:49.263+0000] {dagbag.py:538} INFO - Filling up the DagBag from /home/airflow/.local/lib/python3.7/site-packages/airflow/example_dags/example_task_group.py
[2023-06-30T06:06:49.288+0000] {processor.py:753} INFO - DAG(s) dict_keys(['example_task_group']) retrieved from /home/airflow/.local/lib/python3.7/site-packages/airflow/example_dags/example_task_group.py
[2023-06-30T06:06:49.342+0000] {logging_mixin.py:137} INFO - [2023-06-30T06:06:49.342+0000] {dag.py:2676} INFO - Sync 1 DAGs
[2023-06-30T06:06:49.376+0000] {logging_mixin.py:137} INFO - [2023-06-30T06:06:49.376+0000] {dag.py:3427} INFO - Setting next_dagrun for example_task_group to 2023-06-29T06:06:49.376515+00:00, run_after=2023-06-30T06:06:49.376515+00:00
[2023-06-30T06:06:49.403+0000] {processor.py:175} INFO - Processing /home/airflow/.local/lib/python3.7/site-packages/airflow/example_dags/example_task_group.py took 0.153 seconds
[2023-06-30T06:07:19.750+0000] {processor.py:153} INFO - Started process (PID=911) to work on /home/airflow/.local/lib/python3.7/site-packages/airflow/example_dags/example_task_group.py
[2023-06-30T06:07:19.752+0000] {processor.py:743} INFO - Processing file /home/airflow/.local/lib/python3.7/site-packages/airflow/example_dags/example_task_group.py for tasks to queue
[2023-06-30T06:07:19.755+0000] {logging_mixin.py:137} INFO - [2023-06-30T06:07:19.755+0000] {dagbag.py:538} INFO - Filling up the DagBag from /home/airflow/.local/lib/python3.7/site-packages/airflow/example_dags/example_task_group.py
[2023-06-30T06:07:19.781+0000] {processor.py:753} INFO - DAG(s) dict_keys(['example_task_group']) retrieved from /home/airflow/.local/lib/python3.7/site-packages/airflow/example_dags/example_task_group.py
[2023-06-30T06:07:19.834+0000] {logging_mixin.py:137} INFO - [2023-06-30T06:07:19.834+0000] {dag.py:2676} INFO - Sync 1 DAGs
[2023-06-30T06:07:19.868+0000] {logging_mixin.py:137} INFO - [2023-06-30T06:07:19.868+0000] {dag.py:3427} INFO - Setting next_dagrun for example_task_group to 2023-06-29T06:07:19.868219+00:00, run_after=2023-06-30T06:07:19.868219+00:00
[2023-06-30T06:07:19.893+0000] {processor.py:175} INFO - Processing /home/airflow/.local/lib/python3.7/site-packages/airflow/example_dags/example_task_group.py took 0.150 seconds
[2023-06-30T06:07:50.793+0000] {processor.py:153} INFO - Started process (PID=977) to work on /home/airflow/.local/lib/python3.7/site-packages/airflow/example_dags/example_task_group.py
[2023-06-30T06:07:50.795+0000] {processor.py:743} INFO - Processing file /home/airflow/.local/lib/python3.7/site-packages/airflow/example_dags/example_task_group.py for tasks to queue
[2023-06-30T06:07:50.799+0000] {logging_mixin.py:137} INFO - [2023-06-30T06:07:50.799+0000] {dagbag.py:538} INFO - Filling up the DagBag from /home/airflow/.local/lib/python3.7/site-packages/airflow/example_dags/example_task_group.py
[2023-06-30T06:07:50.829+0000] {processor.py:753} INFO - DAG(s) dict_keys(['example_task_group']) retrieved from /home/airflow/.local/lib/python3.7/site-packages/airflow/example_dags/example_task_group.py
[2023-06-30T06:07:50.892+0000] {logging_mixin.py:137} INFO - [2023-06-30T06:07:50.892+0000] {dag.py:2676} INFO - Sync 1 DAGs
[2023-06-30T06:07:50.973+0000] {logging_mixin.py:137} INFO - [2023-06-30T06:07:50.973+0000] {dag.py:3427} INFO - Setting next_dagrun for example_task_group to 2023-06-29T06:07:50.972774+00:00, run_after=2023-06-30T06:07:50.972774+00:00
[2023-06-30T06:07:51.025+0000] {processor.py:175} INFO - Processing /home/airflow/.local/lib/python3.7/site-packages/airflow/example_dags/example_task_group.py took 0.238 seconds
[2023-06-30T06:08:21.254+0000] {processor.py:153} INFO - Started process (PID=1056) to work on /home/airflow/.local/lib/python3.7/site-packages/airflow/example_dags/example_task_group.py
[2023-06-30T06:08:21.256+0000] {processor.py:743} INFO - Processing file /home/airflow/.local/lib/python3.7/site-packages/airflow/example_dags/example_task_group.py for tasks to queue
[2023-06-30T06:08:21.258+0000] {logging_mixin.py:137} INFO - [2023-06-30T06:08:21.258+0000] {dagbag.py:538} INFO - Filling up the DagBag from /home/airflow/.local/lib/python3.7/site-packages/airflow/example_dags/example_task_group.py
[2023-06-30T06:08:21.281+0000] {processor.py:753} INFO - DAG(s) dict_keys(['example_task_group']) retrieved from /home/airflow/.local/lib/python3.7/site-packages/airflow/example_dags/example_task_group.py
[2023-06-30T06:08:21.331+0000] {logging_mixin.py:137} INFO - [2023-06-30T06:08:21.331+0000] {dag.py:2676} INFO - Sync 1 DAGs
[2023-06-30T06:08:21.365+0000] {logging_mixin.py:137} INFO - [2023-06-30T06:08:21.364+0000] {dag.py:3427} INFO - Setting next_dagrun for example_task_group to 2023-06-29T06:08:21.364612+00:00, run_after=2023-06-30T06:08:21.364612+00:00
[2023-06-30T06:08:21.386+0000] {processor.py:175} INFO - Processing /home/airflow/.local/lib/python3.7/site-packages/airflow/example_dags/example_task_group.py took 0.138 seconds
[2023-06-30T06:08:51.641+0000] {processor.py:153} INFO - Started process (PID=1122) to work on /home/airflow/.local/lib/python3.7/site-packages/airflow/example_dags/example_task_group.py
[2023-06-30T06:08:51.644+0000] {processor.py:743} INFO - Processing file /home/airflow/.local/lib/python3.7/site-packages/airflow/example_dags/example_task_group.py for tasks to queue
[2023-06-30T06:08:51.649+0000] {logging_mixin.py:137} INFO - [2023-06-30T06:08:51.648+0000] {dagbag.py:538} INFO - Filling up the DagBag from /home/airflow/.local/lib/python3.7/site-packages/airflow/example_dags/example_task_group.py
[2023-06-30T06:08:51.673+0000] {processor.py:753} INFO - DAG(s) dict_keys(['example_task_group']) retrieved from /home/airflow/.local/lib/python3.7/site-packages/airflow/example_dags/example_task_group.py
[2023-06-30T06:08:51.728+0000] {logging_mixin.py:137} INFO - [2023-06-30T06:08:51.728+0000] {dag.py:2676} INFO - Sync 1 DAGs
[2023-06-30T06:08:51.762+0000] {logging_mixin.py:137} INFO - [2023-06-30T06:08:51.762+0000] {dag.py:3427} INFO - Setting next_dagrun for example_task_group to 2023-06-29T06:08:51.762432+00:00, run_after=2023-06-30T06:08:51.762432+00:00
[2023-06-30T06:08:51.788+0000] {processor.py:175} INFO - Processing /home/airflow/.local/lib/python3.7/site-packages/airflow/example_dags/example_task_group.py took 0.152 seconds
[2023-06-30T06:09:21.940+0000] {processor.py:153} INFO - Started process (PID=1188) to work on /home/airflow/.local/lib/python3.7/site-packages/airflow/example_dags/example_task_group.py
[2023-06-30T06:09:21.943+0000] {processor.py:743} INFO - Processing file /home/airflow/.local/lib/python3.7/site-packages/airflow/example_dags/example_task_group.py for tasks to queue
[2023-06-30T06:09:21.946+0000] {logging_mixin.py:137} INFO - [2023-06-30T06:09:21.946+0000] {dagbag.py:538} INFO - Filling up the DagBag from /home/airflow/.local/lib/python3.7/site-packages/airflow/example_dags/example_task_group.py
[2023-06-30T06:09:21.977+0000] {processor.py:753} INFO - DAG(s) dict_keys(['example_task_group']) retrieved from /home/airflow/.local/lib/python3.7/site-packages/airflow/example_dags/example_task_group.py
[2023-06-30T06:09:22.044+0000] {logging_mixin.py:137} INFO - [2023-06-30T06:09:22.044+0000] {dag.py:2676} INFO - Sync 1 DAGs
[2023-06-30T06:09:22.087+0000] {logging_mixin.py:137} INFO - [2023-06-30T06:09:22.087+0000] {dag.py:3427} INFO - Setting next_dagrun for example_task_group to 2023-06-29T06:09:22.086707+00:00, run_after=2023-06-30T06:09:22.086707+00:00
[2023-06-30T06:09:22.120+0000] {processor.py:175} INFO - Processing /home/airflow/.local/lib/python3.7/site-packages/airflow/example_dags/example_task_group.py took 0.186 seconds
[2023-06-30T06:09:52.216+0000] {processor.py:153} INFO - Started process (PID=1268) to work on /home/airflow/.local/lib/python3.7/site-packages/airflow/example_dags/example_task_group.py
[2023-06-30T06:09:52.219+0000] {processor.py:743} INFO - Processing file /home/airflow/.local/lib/python3.7/site-packages/airflow/example_dags/example_task_group.py for tasks to queue
[2023-06-30T06:09:52.221+0000] {logging_mixin.py:137} INFO - [2023-06-30T06:09:52.220+0000] {dagbag.py:538} INFO - Filling up the DagBag from /home/airflow/.local/lib/python3.7/site-packages/airflow/example_dags/example_task_group.py
[2023-06-30T06:09:52.245+0000] {processor.py:753} INFO - DAG(s) dict_keys(['example_task_group']) retrieved from /home/airflow/.local/lib/python3.7/site-packages/airflow/example_dags/example_task_group.py
[2023-06-30T06:09:52.298+0000] {logging_mixin.py:137} INFO - [2023-06-30T06:09:52.298+0000] {dag.py:2676} INFO - Sync 1 DAGs
[2023-06-30T06:09:52.336+0000] {logging_mixin.py:137} INFO - [2023-06-30T06:09:52.336+0000] {dag.py:3427} INFO - Setting next_dagrun for example_task_group to 2023-06-29T06:09:52.336244+00:00, run_after=2023-06-30T06:09:52.336244+00:00
[2023-06-30T06:09:52.367+0000] {processor.py:175} INFO - Processing /home/airflow/.local/lib/python3.7/site-packages/airflow/example_dags/example_task_group.py took 0.157 seconds
[2023-06-30T06:10:23.750+0000] {processor.py:153} INFO - Started process (PID=1334) to work on /home/airflow/.local/lib/python3.7/site-packages/airflow/example_dags/example_task_group.py
[2023-06-30T06:10:23.753+0000] {processor.py:743} INFO - Processing file /home/airflow/.local/lib/python3.7/site-packages/airflow/example_dags/example_task_group.py for tasks to queue
[2023-06-30T06:10:23.757+0000] {logging_mixin.py:137} INFO - [2023-06-30T06:10:23.757+0000] {dagbag.py:538} INFO - Filling up the DagBag from /home/airflow/.local/lib/python3.7/site-packages/airflow/example_dags/example_task_group.py
[2023-06-30T06:10:23.784+0000] {processor.py:753} INFO - DAG(s) dict_keys(['example_task_group']) retrieved from /home/airflow/.local/lib/python3.7/site-packages/airflow/example_dags/example_task_group.py
[2023-06-30T06:10:23.896+0000] {logging_mixin.py:137} INFO - [2023-06-30T06:10:23.896+0000] {dag.py:2676} INFO - Sync 1 DAGs
[2023-06-30T06:10:23.996+0000] {logging_mixin.py:137} INFO - [2023-06-30T06:10:23.996+0000] {dag.py:3427} INFO - Setting next_dagrun for example_task_group to 2023-06-29T06:10:23.995090+00:00, run_after=2023-06-30T06:10:23.995090+00:00
[2023-06-30T06:10:24.028+0000] {processor.py:175} INFO - Processing /home/airflow/.local/lib/python3.7/site-packages/airflow/example_dags/example_task_group.py took 0.284 seconds
[2023-06-30T06:10:54.152+0000] {processor.py:153} INFO - Started process (PID=1414) to work on /home/airflow/.local/lib/python3.7/site-packages/airflow/example_dags/example_task_group.py
[2023-06-30T06:10:54.155+0000] {processor.py:743} INFO - Processing file /home/airflow/.local/lib/python3.7/site-packages/airflow/example_dags/example_task_group.py for tasks to queue
[2023-06-30T06:10:54.157+0000] {logging_mixin.py:137} INFO - [2023-06-30T06:10:54.157+0000] {dagbag.py:538} INFO - Filling up the DagBag from /home/airflow/.local/lib/python3.7/site-packages/airflow/example_dags/example_task_group.py
[2023-06-30T06:10:54.179+0000] {processor.py:753} INFO - DAG(s) dict_keys(['example_task_group']) retrieved from /home/airflow/.local/lib/python3.7/site-packages/airflow/example_dags/example_task_group.py
[2023-06-30T06:10:54.237+0000] {logging_mixin.py:137} INFO - [2023-06-30T06:10:54.237+0000] {dag.py:2676} INFO - Sync 1 DAGs
[2023-06-30T06:10:54.283+0000] {logging_mixin.py:137} INFO - [2023-06-30T06:10:54.283+0000] {dag.py:3427} INFO - Setting next_dagrun for example_task_group to 2023-06-29T06:10:54.283327+00:00, run_after=2023-06-30T06:10:54.283327+00:00
[2023-06-30T06:10:54.315+0000] {processor.py:175} INFO - Processing /home/airflow/.local/lib/python3.7/site-packages/airflow/example_dags/example_task_group.py took 0.167 seconds
[2023-06-30T06:11:24.697+0000] {processor.py:153} INFO - Started process (PID=1480) to work on /home/airflow/.local/lib/python3.7/site-packages/airflow/example_dags/example_task_group.py
[2023-06-30T06:11:24.700+0000] {processor.py:743} INFO - Processing file /home/airflow/.local/lib/python3.7/site-packages/airflow/example_dags/example_task_group.py for tasks to queue
[2023-06-30T06:11:24.702+0000] {logging_mixin.py:137} INFO - [2023-06-30T06:11:24.702+0000] {dagbag.py:538} INFO - Filling up the DagBag from /home/airflow/.local/lib/python3.7/site-packages/airflow/example_dags/example_task_group.py
[2023-06-30T06:11:24.727+0000] {processor.py:753} INFO - DAG(s) dict_keys(['example_task_group']) retrieved from /home/airflow/.local/lib/python3.7/site-packages/airflow/example_dags/example_task_group.py
[2023-06-30T06:11:24.782+0000] {logging_mixin.py:137} INFO - [2023-06-30T06:11:24.781+0000] {dag.py:2676} INFO - Sync 1 DAGs
[2023-06-30T06:11:24.821+0000] {logging_mixin.py:137} INFO - [2023-06-30T06:11:24.821+0000] {dag.py:3427} INFO - Setting next_dagrun for example_task_group to 2023-06-29T06:11:24.821307+00:00, run_after=2023-06-30T06:11:24.821307+00:00
[2023-06-30T06:11:24.858+0000] {processor.py:175} INFO - Processing /home/airflow/.local/lib/python3.7/site-packages/airflow/example_dags/example_task_group.py took 0.167 seconds
[2023-06-30T06:11:55.034+0000] {processor.py:153} INFO - Started process (PID=1546) to work on /home/airflow/.local/lib/python3.7/site-packages/airflow/example_dags/example_task_group.py
[2023-06-30T06:11:55.036+0000] {processor.py:743} INFO - Processing file /home/airflow/.local/lib/python3.7/site-packages/airflow/example_dags/example_task_group.py for tasks to queue
[2023-06-30T06:11:55.040+0000] {logging_mixin.py:137} INFO - [2023-06-30T06:11:55.039+0000] {dagbag.py:538} INFO - Filling up the DagBag from /home/airflow/.local/lib/python3.7/site-packages/airflow/example_dags/example_task_group.py
[2023-06-30T06:11:55.067+0000] {processor.py:753} INFO - DAG(s) dict_keys(['example_task_group']) retrieved from /home/airflow/.local/lib/python3.7/site-packages/airflow/example_dags/example_task_group.py
[2023-06-30T06:11:55.119+0000] {logging_mixin.py:137} INFO - [2023-06-30T06:11:55.119+0000] {dag.py:2676} INFO - Sync 1 DAGs
[2023-06-30T06:11:55.156+0000] {logging_mixin.py:137} INFO - [2023-06-30T06:11:55.156+0000] {dag.py:3427} INFO - Setting next_dagrun for example_task_group to 2023-06-29T06:11:55.156009+00:00, run_after=2023-06-30T06:11:55.156009+00:00
[2023-06-30T06:11:55.182+0000] {processor.py:175} INFO - Processing /home/airflow/.local/lib/python3.7/site-packages/airflow/example_dags/example_task_group.py took 0.153 seconds
[2023-06-30T06:12:26.581+0000] {processor.py:153} INFO - Started process (PID=1626) to work on /home/airflow/.local/lib/python3.7/site-packages/airflow/example_dags/example_task_group.py
[2023-06-30T06:12:26.583+0000] {processor.py:743} INFO - Processing file /home/airflow/.local/lib/python3.7/site-packages/airflow/example_dags/example_task_group.py for tasks to queue
[2023-06-30T06:12:26.585+0000] {logging_mixin.py:137} INFO - [2023-06-30T06:12:26.585+0000] {dagbag.py:538} INFO - Filling up the DagBag from /home/airflow/.local/lib/python3.7/site-packages/airflow/example_dags/example_task_group.py
[2023-06-30T06:12:26.608+0000] {processor.py:753} INFO - DAG(s) dict_keys(['example_task_group']) retrieved from /home/airflow/.local/lib/python3.7/site-packages/airflow/example_dags/example_task_group.py
[2023-06-30T06:12:26.659+0000] {logging_mixin.py:137} INFO - [2023-06-30T06:12:26.659+0000] {dag.py:2676} INFO - Sync 1 DAGs
[2023-06-30T06:12:26.695+0000] {logging_mixin.py:137} INFO - [2023-06-30T06:12:26.694+0000] {dag.py:3427} INFO - Setting next_dagrun for example_task_group to 2023-06-29T06:12:26.694636+00:00, run_after=2023-06-30T06:12:26.694636+00:00
[2023-06-30T06:12:26.721+0000] {processor.py:175} INFO - Processing /home/airflow/.local/lib/python3.7/site-packages/airflow/example_dags/example_task_group.py took 0.145 seconds
[2023-06-30T06:12:57.251+0000] {processor.py:153} INFO - Started process (PID=1692) to work on /home/airflow/.local/lib/python3.7/site-packages/airflow/example_dags/example_task_group.py
[2023-06-30T06:12:57.254+0000] {processor.py:743} INFO - Processing file /home/airflow/.local/lib/python3.7/site-packages/airflow/example_dags/example_task_group.py for tasks to queue
[2023-06-30T06:12:57.256+0000] {logging_mixin.py:137} INFO - [2023-06-30T06:12:57.255+0000] {dagbag.py:538} INFO - Filling up the DagBag from /home/airflow/.local/lib/python3.7/site-packages/airflow/example_dags/example_task_group.py
[2023-06-30T06:12:57.278+0000] {processor.py:753} INFO - DAG(s) dict_keys(['example_task_group']) retrieved from /home/airflow/.local/lib/python3.7/site-packages/airflow/example_dags/example_task_group.py
[2023-06-30T06:12:57.330+0000] {logging_mixin.py:137} INFO - [2023-06-30T06:12:57.330+0000] {dag.py:2676} INFO - Sync 1 DAGs
[2023-06-30T06:12:57.365+0000] {logging_mixin.py:137} INFO - [2023-06-30T06:12:57.365+0000] {dag.py:3427} INFO - Setting next_dagrun for example_task_group to 2023-06-29T06:12:57.365384+00:00, run_after=2023-06-30T06:12:57.365384+00:00
[2023-06-30T06:12:57.391+0000] {processor.py:175} INFO - Processing /home/airflow/.local/lib/python3.7/site-packages/airflow/example_dags/example_task_group.py took 0.144 seconds
[2023-06-30T06:13:27.923+0000] {processor.py:153} INFO - Started process (PID=1772) to work on /home/airflow/.local/lib/python3.7/site-packages/airflow/example_dags/example_task_group.py
[2023-06-30T06:13:27.925+0000] {processor.py:743} INFO - Processing file /home/airflow/.local/lib/python3.7/site-packages/airflow/example_dags/example_task_group.py for tasks to queue
[2023-06-30T06:13:27.927+0000] {logging_mixin.py:137} INFO - [2023-06-30T06:13:27.927+0000] {dagbag.py:538} INFO - Filling up the DagBag from /home/airflow/.local/lib/python3.7/site-packages/airflow/example_dags/example_task_group.py
[2023-06-30T06:13:27.967+0000] {processor.py:753} INFO - DAG(s) dict_keys(['example_task_group']) retrieved from /home/airflow/.local/lib/python3.7/site-packages/airflow/example_dags/example_task_group.py
[2023-06-30T06:13:28.034+0000] {logging_mixin.py:137} INFO - [2023-06-30T06:13:28.034+0000] {dag.py:2676} INFO - Sync 1 DAGs
[2023-06-30T06:13:28.070+0000] {logging_mixin.py:137} INFO - [2023-06-30T06:13:28.070+0000] {dag.py:3427} INFO - Setting next_dagrun for example_task_group to 2023-06-29T06:13:28.070340+00:00, run_after=2023-06-30T06:13:28.070340+00:00
[2023-06-30T06:13:28.100+0000] {processor.py:175} INFO - Processing /home/airflow/.local/lib/python3.7/site-packages/airflow/example_dags/example_task_group.py took 0.183 seconds
[2023-06-30T06:13:58.577+0000] {processor.py:153} INFO - Started process (PID=1838) to work on /home/airflow/.local/lib/python3.7/site-packages/airflow/example_dags/example_task_group.py
[2023-06-30T06:13:58.580+0000] {processor.py:743} INFO - Processing file /home/airflow/.local/lib/python3.7/site-packages/airflow/example_dags/example_task_group.py for tasks to queue
[2023-06-30T06:13:58.582+0000] {logging_mixin.py:137} INFO - [2023-06-30T06:13:58.582+0000] {dagbag.py:538} INFO - Filling up the DagBag from /home/airflow/.local/lib/python3.7/site-packages/airflow/example_dags/example_task_group.py
[2023-06-30T06:13:58.613+0000] {processor.py:753} INFO - DAG(s) dict_keys(['example_task_group']) retrieved from /home/airflow/.local/lib/python3.7/site-packages/airflow/example_dags/example_task_group.py
[2023-06-30T06:13:58.668+0000] {logging_mixin.py:137} INFO - [2023-06-30T06:13:58.667+0000] {dag.py:2676} INFO - Sync 1 DAGs
[2023-06-30T06:13:58.708+0000] {logging_mixin.py:137} INFO - [2023-06-30T06:13:58.708+0000] {dag.py:3427} INFO - Setting next_dagrun for example_task_group to 2023-06-29T06:13:58.707687+00:00, run_after=2023-06-30T06:13:58.707687+00:00
[2023-06-30T06:13:58.738+0000] {processor.py:175} INFO - Processing /home/airflow/.local/lib/python3.7/site-packages/airflow/example_dags/example_task_group.py took 0.166 seconds
[2023-06-30T06:14:29.313+0000] {processor.py:153} INFO - Started process (PID=1904) to work on /home/airflow/.local/lib/python3.7/site-packages/airflow/example_dags/example_task_group.py
[2023-06-30T06:14:29.315+0000] {processor.py:743} INFO - Processing file /home/airflow/.local/lib/python3.7/site-packages/airflow/example_dags/example_task_group.py for tasks to queue
[2023-06-30T06:14:29.317+0000] {logging_mixin.py:137} INFO - [2023-06-30T06:14:29.317+0000] {dagbag.py:538} INFO - Filling up the DagBag from /home/airflow/.local/lib/python3.7/site-packages/airflow/example_dags/example_task_group.py
[2023-06-30T06:14:29.344+0000] {processor.py:753} INFO - DAG(s) dict_keys(['example_task_group']) retrieved from /home/airflow/.local/lib/python3.7/site-packages/airflow/example_dags/example_task_group.py
[2023-06-30T06:14:29.397+0000] {logging_mixin.py:137} INFO - [2023-06-30T06:14:29.397+0000] {dag.py:2676} INFO - Sync 1 DAGs
[2023-06-30T06:14:29.439+0000] {logging_mixin.py:137} INFO - [2023-06-30T06:14:29.439+0000] {dag.py:3427} INFO - Setting next_dagrun for example_task_group to 2023-06-29T06:14:29.438796+00:00, run_after=2023-06-30T06:14:29.438796+00:00
[2023-06-30T06:14:29.475+0000] {processor.py:175} INFO - Processing /home/airflow/.local/lib/python3.7/site-packages/airflow/example_dags/example_task_group.py took 0.167 seconds
[2023-06-30T06:14:59.750+0000] {processor.py:153} INFO - Started process (PID=1984) to work on /home/airflow/.local/lib/python3.7/site-packages/airflow/example_dags/example_task_group.py
[2023-06-30T06:14:59.752+0000] {processor.py:743} INFO - Processing file /home/airflow/.local/lib/python3.7/site-packages/airflow/example_dags/example_task_group.py for tasks to queue
[2023-06-30T06:14:59.755+0000] {logging_mixin.py:137} INFO - [2023-06-30T06:14:59.754+0000] {dagbag.py:538} INFO - Filling up the DagBag from /home/airflow/.local/lib/python3.7/site-packages/airflow/example_dags/example_task_group.py
[2023-06-30T06:14:59.787+0000] {processor.py:753} INFO - DAG(s) dict_keys(['example_task_group']) retrieved from /home/airflow/.local/lib/python3.7/site-packages/airflow/example_dags/example_task_group.py
[2023-06-30T06:14:59.831+0000] {logging_mixin.py:137} INFO - [2023-06-30T06:14:59.831+0000] {dag.py:2676} INFO - Sync 1 DAGs
[2023-06-30T06:14:59.868+0000] {logging_mixin.py:137} INFO - [2023-06-30T06:14:59.868+0000] {dag.py:3427} INFO - Setting next_dagrun for example_task_group to 2023-06-29T06:14:59.867826+00:00, run_after=2023-06-30T06:14:59.867826+00:00
[2023-06-30T06:14:59.896+0000] {processor.py:175} INFO - Processing /home/airflow/.local/lib/python3.7/site-packages/airflow/example_dags/example_task_group.py took 0.153 seconds
[2023-06-30T06:15:30.517+0000] {processor.py:153} INFO - Started process (PID=2050) to work on /home/airflow/.local/lib/python3.7/site-packages/airflow/example_dags/example_task_group.py
[2023-06-30T06:15:30.519+0000] {processor.py:743} INFO - Processing file /home/airflow/.local/lib/python3.7/site-packages/airflow/example_dags/example_task_group.py for tasks to queue
[2023-06-30T06:15:30.521+0000] {logging_mixin.py:137} INFO - [2023-06-30T06:15:30.521+0000] {dagbag.py:538} INFO - Filling up the DagBag from /home/airflow/.local/lib/python3.7/site-packages/airflow/example_dags/example_task_group.py
[2023-06-30T06:15:30.544+0000] {processor.py:753} INFO - DAG(s) dict_keys(['example_task_group']) retrieved from /home/airflow/.local/lib/python3.7/site-packages/airflow/example_dags/example_task_group.py
[2023-06-30T06:15:30.581+0000] {logging_mixin.py:137} INFO - [2023-06-30T06:15:30.581+0000] {dag.py:2676} INFO - Sync 1 DAGs
[2023-06-30T06:15:30.625+0000] {logging_mixin.py:137} INFO - [2023-06-30T06:15:30.625+0000] {dag.py:3427} INFO - Setting next_dagrun for example_task_group to 2023-06-29T06:15:30.624921+00:00, run_after=2023-06-30T06:15:30.624921+00:00
[2023-06-30T06:15:30.657+0000] {processor.py:175} INFO - Processing /home/airflow/.local/lib/python3.7/site-packages/airflow/example_dags/example_task_group.py took 0.145 seconds
[2023-06-30T06:16:01.362+0000] {processor.py:153} INFO - Started process (PID=2116) to work on /home/airflow/.local/lib/python3.7/site-packages/airflow/example_dags/example_task_group.py
[2023-06-30T06:16:01.365+0000] {processor.py:743} INFO - Processing file /home/airflow/.local/lib/python3.7/site-packages/airflow/example_dags/example_task_group.py for tasks to queue
[2023-06-30T06:16:01.367+0000] {logging_mixin.py:137} INFO - [2023-06-30T06:16:01.367+0000] {dagbag.py:538} INFO - Filling up the DagBag from /home/airflow/.local/lib/python3.7/site-packages/airflow/example_dags/example_task_group.py
[2023-06-30T06:16:01.392+0000] {processor.py:753} INFO - DAG(s) dict_keys(['example_task_group']) retrieved from /home/airflow/.local/lib/python3.7/site-packages/airflow/example_dags/example_task_group.py
[2023-06-30T06:16:01.448+0000] {logging_mixin.py:137} INFO - [2023-06-30T06:16:01.448+0000] {dag.py:2676} INFO - Sync 1 DAGs
[2023-06-30T06:16:01.484+0000] {logging_mixin.py:137} INFO - [2023-06-30T06:16:01.484+0000] {dag.py:3427} INFO - Setting next_dagrun for example_task_group to 2023-06-29T06:16:01.483935+00:00, run_after=2023-06-30T06:16:01.483935+00:00
[2023-06-30T06:16:01.510+0000] {processor.py:175} INFO - Processing /home/airflow/.local/lib/python3.7/site-packages/airflow/example_dags/example_task_group.py took 0.153 seconds
[2023-06-30T06:16:32.182+0000] {processor.py:153} INFO - Started process (PID=2196) to work on /home/airflow/.local/lib/python3.7/site-packages/airflow/example_dags/example_task_group.py
[2023-06-30T06:16:32.185+0000] {processor.py:743} INFO - Processing file /home/airflow/.local/lib/python3.7/site-packages/airflow/example_dags/example_task_group.py for tasks to queue
[2023-06-30T06:16:32.187+0000] {logging_mixin.py:137} INFO - [2023-06-30T06:16:32.187+0000] {dagbag.py:538} INFO - Filling up the DagBag from /home/airflow/.local/lib/python3.7/site-packages/airflow/example_dags/example_task_group.py
[2023-06-30T06:16:32.215+0000] {processor.py:753} INFO - DAG(s) dict_keys(['example_task_group']) retrieved from /home/airflow/.local/lib/python3.7/site-packages/airflow/example_dags/example_task_group.py
[2023-06-30T06:16:32.274+0000] {logging_mixin.py:137} INFO - [2023-06-30T06:16:32.274+0000] {dag.py:2676} INFO - Sync 1 DAGs
[2023-06-30T06:16:32.316+0000] {logging_mixin.py:137} INFO - [2023-06-30T06:16:32.316+0000] {dag.py:3427} INFO - Setting next_dagrun for example_task_group to 2023-06-29T06:16:32.316160+00:00, run_after=2023-06-30T06:16:32.316160+00:00
[2023-06-30T06:16:32.350+0000] {processor.py:175} INFO - Processing /home/airflow/.local/lib/python3.7/site-packages/airflow/example_dags/example_task_group.py took 0.173 seconds
[2023-06-30T06:17:02.697+0000] {processor.py:153} INFO - Started process (PID=2262) to work on /home/airflow/.local/lib/python3.7/site-packages/airflow/example_dags/example_task_group.py
[2023-06-30T06:17:02.700+0000] {processor.py:743} INFO - Processing file /home/airflow/.local/lib/python3.7/site-packages/airflow/example_dags/example_task_group.py for tasks to queue
[2023-06-30T06:17:02.702+0000] {logging_mixin.py:137} INFO - [2023-06-30T06:17:02.701+0000] {dagbag.py:538} INFO - Filling up the DagBag from /home/airflow/.local/lib/python3.7/site-packages/airflow/example_dags/example_task_group.py
[2023-06-30T06:17:02.728+0000] {processor.py:753} INFO - DAG(s) dict_keys(['example_task_group']) retrieved from /home/airflow/.local/lib/python3.7/site-packages/airflow/example_dags/example_task_group.py
[2023-06-30T06:17:02.781+0000] {logging_mixin.py:137} INFO - [2023-06-30T06:17:02.781+0000] {dag.py:2676} INFO - Sync 1 DAGs
[2023-06-30T06:17:02.816+0000] {logging_mixin.py:137} INFO - [2023-06-30T06:17:02.816+0000] {dag.py:3427} INFO - Setting next_dagrun for example_task_group to 2023-06-29T06:17:02.816158+00:00, run_after=2023-06-30T06:17:02.816158+00:00
[2023-06-30T06:17:02.842+0000] {processor.py:175} INFO - Processing /home/airflow/.local/lib/python3.7/site-packages/airflow/example_dags/example_task_group.py took 0.150 seconds
