[2023-06-30T06:01:09.751+0000] {processor.py:153} INFO - Started process (PID=61) to work on /home/airflow/.local/lib/python3.7/site-packages/airflow/example_dags/example_bash_operator.py
[2023-06-30T06:01:09.753+0000] {processor.py:743} INFO - Processing file /home/airflow/.local/lib/python3.7/site-packages/airflow/example_dags/example_bash_operator.py for tasks to queue
[2023-06-30T06:01:09.755+0000] {logging_mixin.py:137} INFO - [2023-06-30T06:01:09.755+0000] {dagbag.py:538} INFO - Filling up the DagBag from /home/airflow/.local/lib/python3.7/site-packages/airflow/example_dags/example_bash_operator.py
[2023-06-30T06:01:09.794+0000] {processor.py:753} INFO - DAG(s) dict_keys(['example_bash_operator']) retrieved from /home/airflow/.local/lib/python3.7/site-packages/airflow/example_dags/example_bash_operator.py
[2023-06-30T06:01:09.838+0000] {logging_mixin.py:137} INFO - [2023-06-30T06:01:09.837+0000] {dag.py:2676} INFO - Sync 1 DAGs
[2023-06-30T06:01:09.880+0000] {logging_mixin.py:137} INFO - [2023-06-30T06:01:09.880+0000] {dag.py:3427} INFO - Setting next_dagrun for example_bash_operator to 2023-06-29T00:00:00+00:00, run_after=2023-06-30T00:00:00+00:00
[2023-06-30T06:01:09.947+0000] {processor.py:175} INFO - Processing /home/airflow/.local/lib/python3.7/site-packages/airflow/example_dags/example_bash_operator.py took 0.202 seconds
[2023-06-30T06:01:42.856+0000] {processor.py:153} INFO - Started process (PID=128) to work on /home/airflow/.local/lib/python3.7/site-packages/airflow/example_dags/example_bash_operator.py
[2023-06-30T06:01:42.889+0000] {processor.py:743} INFO - Processing file /home/airflow/.local/lib/python3.7/site-packages/airflow/example_dags/example_bash_operator.py for tasks to queue
[2023-06-30T06:01:42.899+0000] {logging_mixin.py:137} INFO - [2023-06-30T06:01:42.899+0000] {dagbag.py:538} INFO - Filling up the DagBag from /home/airflow/.local/lib/python3.7/site-packages/airflow/example_dags/example_bash_operator.py
[2023-06-30T06:01:42.994+0000] {processor.py:753} INFO - DAG(s) dict_keys(['example_bash_operator']) retrieved from /home/airflow/.local/lib/python3.7/site-packages/airflow/example_dags/example_bash_operator.py
[2023-06-30T06:01:43.343+0000] {logging_mixin.py:137} INFO - [2023-06-30T06:01:43.342+0000] {dag.py:2676} INFO - Sync 1 DAGs
[2023-06-30T06:01:43.428+0000] {logging_mixin.py:137} INFO - [2023-06-30T06:01:43.427+0000] {dag.py:3427} INFO - Setting next_dagrun for example_bash_operator to 2023-06-29T00:00:00+00:00, run_after=2023-06-30T00:00:00+00:00
[2023-06-30T06:01:43.496+0000] {processor.py:175} INFO - Processing /home/airflow/.local/lib/python3.7/site-packages/airflow/example_dags/example_bash_operator.py took 0.698 seconds
[2023-06-30T06:02:13.662+0000] {processor.py:153} INFO - Started process (PID=194) to work on /home/airflow/.local/lib/python3.7/site-packages/airflow/example_dags/example_bash_operator.py
[2023-06-30T06:02:13.665+0000] {processor.py:743} INFO - Processing file /home/airflow/.local/lib/python3.7/site-packages/airflow/example_dags/example_bash_operator.py for tasks to queue
[2023-06-30T06:02:13.667+0000] {logging_mixin.py:137} INFO - [2023-06-30T06:02:13.666+0000] {dagbag.py:538} INFO - Filling up the DagBag from /home/airflow/.local/lib/python3.7/site-packages/airflow/example_dags/example_bash_operator.py
[2023-06-30T06:02:13.697+0000] {processor.py:753} INFO - DAG(s) dict_keys(['example_bash_operator']) retrieved from /home/airflow/.local/lib/python3.7/site-packages/airflow/example_dags/example_bash_operator.py
[2023-06-30T06:02:13.763+0000] {logging_mixin.py:137} INFO - [2023-06-30T06:02:13.762+0000] {dag.py:2676} INFO - Sync 1 DAGs
[2023-06-30T06:02:13.797+0000] {logging_mixin.py:137} INFO - [2023-06-30T06:02:13.797+0000] {dag.py:3427} INFO - Setting next_dagrun for example_bash_operator to 2023-06-29T00:00:00+00:00, run_after=2023-06-30T00:00:00+00:00
[2023-06-30T06:02:13.822+0000] {processor.py:175} INFO - Processing /home/airflow/.local/lib/python3.7/site-packages/airflow/example_dags/example_bash_operator.py took 0.165 seconds
[2023-06-30T06:02:43.993+0000] {processor.py:153} INFO - Started process (PID=260) to work on /home/airflow/.local/lib/python3.7/site-packages/airflow/example_dags/example_bash_operator.py
[2023-06-30T06:02:43.998+0000] {processor.py:743} INFO - Processing file /home/airflow/.local/lib/python3.7/site-packages/airflow/example_dags/example_bash_operator.py for tasks to queue
[2023-06-30T06:02:44.001+0000] {logging_mixin.py:137} INFO - [2023-06-30T06:02:44.001+0000] {dagbag.py:538} INFO - Filling up the DagBag from /home/airflow/.local/lib/python3.7/site-packages/airflow/example_dags/example_bash_operator.py
[2023-06-30T06:02:44.047+0000] {processor.py:753} INFO - DAG(s) dict_keys(['example_bash_operator']) retrieved from /home/airflow/.local/lib/python3.7/site-packages/airflow/example_dags/example_bash_operator.py
[2023-06-30T06:02:44.136+0000] {logging_mixin.py:137} INFO - [2023-06-30T06:02:44.136+0000] {dag.py:2676} INFO - Sync 1 DAGs
[2023-06-30T06:02:44.179+0000] {logging_mixin.py:137} INFO - [2023-06-30T06:02:44.179+0000] {dag.py:3427} INFO - Setting next_dagrun for example_bash_operator to 2023-06-29T00:00:00+00:00, run_after=2023-06-30T00:00:00+00:00
[2023-06-30T06:02:44.210+0000] {processor.py:175} INFO - Processing /home/airflow/.local/lib/python3.7/site-packages/airflow/example_dags/example_bash_operator.py took 0.224 seconds
[2023-06-30T06:03:14.357+0000] {processor.py:153} INFO - Started process (PID=340) to work on /home/airflow/.local/lib/python3.7/site-packages/airflow/example_dags/example_bash_operator.py
[2023-06-30T06:03:14.360+0000] {processor.py:743} INFO - Processing file /home/airflow/.local/lib/python3.7/site-packages/airflow/example_dags/example_bash_operator.py for tasks to queue
[2023-06-30T06:03:14.361+0000] {logging_mixin.py:137} INFO - [2023-06-30T06:03:14.361+0000] {dagbag.py:538} INFO - Filling up the DagBag from /home/airflow/.local/lib/python3.7/site-packages/airflow/example_dags/example_bash_operator.py
[2023-06-30T06:03:14.393+0000] {processor.py:753} INFO - DAG(s) dict_keys(['example_bash_operator']) retrieved from /home/airflow/.local/lib/python3.7/site-packages/airflow/example_dags/example_bash_operator.py
[2023-06-30T06:03:14.457+0000] {logging_mixin.py:137} INFO - [2023-06-30T06:03:14.457+0000] {dag.py:2676} INFO - Sync 1 DAGs
[2023-06-30T06:03:14.487+0000] {logging_mixin.py:137} INFO - [2023-06-30T06:03:14.486+0000] {dag.py:3427} INFO - Setting next_dagrun for example_bash_operator to 2023-06-29T00:00:00+00:00, run_after=2023-06-30T00:00:00+00:00
[2023-06-30T06:03:14.509+0000] {processor.py:175} INFO - Processing /home/airflow/.local/lib/python3.7/site-packages/airflow/example_dags/example_bash_operator.py took 0.157 seconds
[2023-06-30T06:03:45.160+0000] {processor.py:153} INFO - Started process (PID=406) to work on /home/airflow/.local/lib/python3.7/site-packages/airflow/example_dags/example_bash_operator.py
[2023-06-30T06:03:45.163+0000] {processor.py:743} INFO - Processing file /home/airflow/.local/lib/python3.7/site-packages/airflow/example_dags/example_bash_operator.py for tasks to queue
[2023-06-30T06:03:45.165+0000] {logging_mixin.py:137} INFO - [2023-06-30T06:03:45.165+0000] {dagbag.py:538} INFO - Filling up the DagBag from /home/airflow/.local/lib/python3.7/site-packages/airflow/example_dags/example_bash_operator.py
[2023-06-30T06:03:45.201+0000] {processor.py:753} INFO - DAG(s) dict_keys(['example_bash_operator']) retrieved from /home/airflow/.local/lib/python3.7/site-packages/airflow/example_dags/example_bash_operator.py
[2023-06-30T06:03:45.281+0000] {logging_mixin.py:137} INFO - [2023-06-30T06:03:45.281+0000] {dag.py:2676} INFO - Sync 1 DAGs
[2023-06-30T06:03:45.343+0000] {logging_mixin.py:137} INFO - [2023-06-30T06:03:45.342+0000] {dag.py:3427} INFO - Setting next_dagrun for example_bash_operator to 2023-06-29T00:00:00+00:00, run_after=2023-06-30T00:00:00+00:00
[2023-06-30T06:03:45.368+0000] {processor.py:175} INFO - Processing /home/airflow/.local/lib/python3.7/site-packages/airflow/example_dags/example_bash_operator.py took 0.213 seconds
[2023-06-30T06:04:15.940+0000] {processor.py:153} INFO - Started process (PID=485) to work on /home/airflow/.local/lib/python3.7/site-packages/airflow/example_dags/example_bash_operator.py
[2023-06-30T06:04:15.944+0000] {processor.py:743} INFO - Processing file /home/airflow/.local/lib/python3.7/site-packages/airflow/example_dags/example_bash_operator.py for tasks to queue
[2023-06-30T06:04:15.947+0000] {logging_mixin.py:137} INFO - [2023-06-30T06:04:15.947+0000] {dagbag.py:538} INFO - Filling up the DagBag from /home/airflow/.local/lib/python3.7/site-packages/airflow/example_dags/example_bash_operator.py
[2023-06-30T06:04:15.984+0000] {processor.py:753} INFO - DAG(s) dict_keys(['example_bash_operator']) retrieved from /home/airflow/.local/lib/python3.7/site-packages/airflow/example_dags/example_bash_operator.py
[2023-06-30T06:04:16.064+0000] {logging_mixin.py:137} INFO - [2023-06-30T06:04:16.064+0000] {dag.py:2676} INFO - Sync 1 DAGs
[2023-06-30T06:04:16.107+0000] {logging_mixin.py:137} INFO - [2023-06-30T06:04:16.107+0000] {dag.py:3427} INFO - Setting next_dagrun for example_bash_operator to 2023-06-29T00:00:00+00:00, run_after=2023-06-30T00:00:00+00:00
[2023-06-30T06:04:16.138+0000] {processor.py:175} INFO - Processing /home/airflow/.local/lib/python3.7/site-packages/airflow/example_dags/example_bash_operator.py took 0.204 seconds
[2023-06-30T06:04:46.334+0000] {processor.py:153} INFO - Started process (PID=551) to work on /home/airflow/.local/lib/python3.7/site-packages/airflow/example_dags/example_bash_operator.py
[2023-06-30T06:04:46.336+0000] {processor.py:743} INFO - Processing file /home/airflow/.local/lib/python3.7/site-packages/airflow/example_dags/example_bash_operator.py for tasks to queue
[2023-06-30T06:04:46.338+0000] {logging_mixin.py:137} INFO - [2023-06-30T06:04:46.338+0000] {dagbag.py:538} INFO - Filling up the DagBag from /home/airflow/.local/lib/python3.7/site-packages/airflow/example_dags/example_bash_operator.py
[2023-06-30T06:04:46.367+0000] {processor.py:753} INFO - DAG(s) dict_keys(['example_bash_operator']) retrieved from /home/airflow/.local/lib/python3.7/site-packages/airflow/example_dags/example_bash_operator.py
[2023-06-30T06:04:46.435+0000] {logging_mixin.py:137} INFO - [2023-06-30T06:04:46.435+0000] {dag.py:2676} INFO - Sync 1 DAGs
[2023-06-30T06:04:46.478+0000] {logging_mixin.py:137} INFO - [2023-06-30T06:04:46.478+0000] {dag.py:3427} INFO - Setting next_dagrun for example_bash_operator to 2023-06-29T00:00:00+00:00, run_after=2023-06-30T00:00:00+00:00
[2023-06-30T06:04:46.509+0000] {processor.py:175} INFO - Processing /home/airflow/.local/lib/python3.7/site-packages/airflow/example_dags/example_bash_operator.py took 0.180 seconds
[2023-06-30T06:05:17.199+0000] {processor.py:153} INFO - Started process (PID=617) to work on /home/airflow/.local/lib/python3.7/site-packages/airflow/example_dags/example_bash_operator.py
[2023-06-30T06:05:17.201+0000] {processor.py:743} INFO - Processing file /home/airflow/.local/lib/python3.7/site-packages/airflow/example_dags/example_bash_operator.py for tasks to queue
[2023-06-30T06:05:17.203+0000] {logging_mixin.py:137} INFO - [2023-06-30T06:05:17.203+0000] {dagbag.py:538} INFO - Filling up the DagBag from /home/airflow/.local/lib/python3.7/site-packages/airflow/example_dags/example_bash_operator.py
[2023-06-30T06:05:17.242+0000] {processor.py:753} INFO - DAG(s) dict_keys(['example_bash_operator']) retrieved from /home/airflow/.local/lib/python3.7/site-packages/airflow/example_dags/example_bash_operator.py
[2023-06-30T06:05:17.328+0000] {logging_mixin.py:137} INFO - [2023-06-30T06:05:17.328+0000] {dag.py:2676} INFO - Sync 1 DAGs
[2023-06-30T06:05:17.372+0000] {logging_mixin.py:137} INFO - [2023-06-30T06:05:17.372+0000] {dag.py:3427} INFO - Setting next_dagrun for example_bash_operator to 2023-06-29T00:00:00+00:00, run_after=2023-06-30T00:00:00+00:00
[2023-06-30T06:05:17.408+0000] {processor.py:175} INFO - Processing /home/airflow/.local/lib/python3.7/site-packages/airflow/example_dags/example_bash_operator.py took 0.215 seconds
[2023-06-30T06:05:47.591+0000] {processor.py:153} INFO - Started process (PID=697) to work on /home/airflow/.local/lib/python3.7/site-packages/airflow/example_dags/example_bash_operator.py
[2023-06-30T06:05:47.594+0000] {processor.py:743} INFO - Processing file /home/airflow/.local/lib/python3.7/site-packages/airflow/example_dags/example_bash_operator.py for tasks to queue
[2023-06-30T06:05:47.596+0000] {logging_mixin.py:137} INFO - [2023-06-30T06:05:47.596+0000] {dagbag.py:538} INFO - Filling up the DagBag from /home/airflow/.local/lib/python3.7/site-packages/airflow/example_dags/example_bash_operator.py
[2023-06-30T06:05:47.635+0000] {processor.py:753} INFO - DAG(s) dict_keys(['example_bash_operator']) retrieved from /home/airflow/.local/lib/python3.7/site-packages/airflow/example_dags/example_bash_operator.py
[2023-06-30T06:05:47.713+0000] {logging_mixin.py:137} INFO - [2023-06-30T06:05:47.712+0000] {dag.py:2676} INFO - Sync 1 DAGs
[2023-06-30T06:05:47.757+0000] {logging_mixin.py:137} INFO - [2023-06-30T06:05:47.757+0000] {dag.py:3427} INFO - Setting next_dagrun for example_bash_operator to 2023-06-29T00:00:00+00:00, run_after=2023-06-30T00:00:00+00:00
[2023-06-30T06:05:47.787+0000] {processor.py:175} INFO - Processing /home/airflow/.local/lib/python3.7/site-packages/airflow/example_dags/example_bash_operator.py took 0.200 seconds
[2023-06-30T06:06:17.839+0000] {processor.py:153} INFO - Started process (PID=764) to work on /home/airflow/.local/lib/python3.7/site-packages/airflow/example_dags/example_bash_operator.py
[2023-06-30T06:06:17.842+0000] {processor.py:743} INFO - Processing file /home/airflow/.local/lib/python3.7/site-packages/airflow/example_dags/example_bash_operator.py for tasks to queue
[2023-06-30T06:06:17.844+0000] {logging_mixin.py:137} INFO - [2023-06-30T06:06:17.844+0000] {dagbag.py:538} INFO - Filling up the DagBag from /home/airflow/.local/lib/python3.7/site-packages/airflow/example_dags/example_bash_operator.py
[2023-06-30T06:06:17.874+0000] {processor.py:753} INFO - DAG(s) dict_keys(['example_bash_operator']) retrieved from /home/airflow/.local/lib/python3.7/site-packages/airflow/example_dags/example_bash_operator.py
[2023-06-30T06:06:17.934+0000] {logging_mixin.py:137} INFO - [2023-06-30T06:06:17.934+0000] {dag.py:2676} INFO - Sync 1 DAGs
[2023-06-30T06:06:17.968+0000] {logging_mixin.py:137} INFO - [2023-06-30T06:06:17.968+0000] {dag.py:3427} INFO - Setting next_dagrun for example_bash_operator to 2023-06-29T00:00:00+00:00, run_after=2023-06-30T00:00:00+00:00
[2023-06-30T06:06:17.993+0000] {processor.py:175} INFO - Processing /home/airflow/.local/lib/python3.7/site-packages/airflow/example_dags/example_bash_operator.py took 0.159 seconds
[2023-06-30T06:06:48.102+0000] {processor.py:153} INFO - Started process (PID=839) to work on /home/airflow/.local/lib/python3.7/site-packages/airflow/example_dags/example_bash_operator.py
[2023-06-30T06:06:48.105+0000] {processor.py:743} INFO - Processing file /home/airflow/.local/lib/python3.7/site-packages/airflow/example_dags/example_bash_operator.py for tasks to queue
[2023-06-30T06:06:48.107+0000] {logging_mixin.py:137} INFO - [2023-06-30T06:06:48.107+0000] {dagbag.py:538} INFO - Filling up the DagBag from /home/airflow/.local/lib/python3.7/site-packages/airflow/example_dags/example_bash_operator.py
[2023-06-30T06:06:48.144+0000] {processor.py:753} INFO - DAG(s) dict_keys(['example_bash_operator']) retrieved from /home/airflow/.local/lib/python3.7/site-packages/airflow/example_dags/example_bash_operator.py
[2023-06-30T06:06:48.219+0000] {logging_mixin.py:137} INFO - [2023-06-30T06:06:48.218+0000] {dag.py:2676} INFO - Sync 1 DAGs
[2023-06-30T06:06:48.257+0000] {logging_mixin.py:137} INFO - [2023-06-30T06:06:48.257+0000] {dag.py:3427} INFO - Setting next_dagrun for example_bash_operator to 2023-06-29T00:00:00+00:00, run_after=2023-06-30T00:00:00+00:00
[2023-06-30T06:06:48.285+0000] {processor.py:175} INFO - Processing /home/airflow/.local/lib/python3.7/site-packages/airflow/example_dags/example_bash_operator.py took 0.189 seconds
[2023-06-30T06:07:18.528+0000] {processor.py:153} INFO - Started process (PID=910) to work on /home/airflow/.local/lib/python3.7/site-packages/airflow/example_dags/example_bash_operator.py
[2023-06-30T06:07:18.534+0000] {processor.py:743} INFO - Processing file /home/airflow/.local/lib/python3.7/site-packages/airflow/example_dags/example_bash_operator.py for tasks to queue
[2023-06-30T06:07:18.538+0000] {logging_mixin.py:137} INFO - [2023-06-30T06:07:18.537+0000] {dagbag.py:538} INFO - Filling up the DagBag from /home/airflow/.local/lib/python3.7/site-packages/airflow/example_dags/example_bash_operator.py
[2023-06-30T06:07:18.580+0000] {processor.py:753} INFO - DAG(s) dict_keys(['example_bash_operator']) retrieved from /home/airflow/.local/lib/python3.7/site-packages/airflow/example_dags/example_bash_operator.py
[2023-06-30T06:07:18.751+0000] {logging_mixin.py:137} INFO - [2023-06-30T06:07:18.751+0000] {dag.py:2676} INFO - Sync 1 DAGs
[2023-06-30T06:07:18.794+0000] {logging_mixin.py:137} INFO - [2023-06-30T06:07:18.794+0000] {dag.py:3427} INFO - Setting next_dagrun for example_bash_operator to 2023-06-29T00:00:00+00:00, run_after=2023-06-30T00:00:00+00:00
[2023-06-30T06:07:18.820+0000] {processor.py:175} INFO - Processing /home/airflow/.local/lib/python3.7/site-packages/airflow/example_dags/example_bash_operator.py took 0.299 seconds
[2023-06-30T06:07:50.710+0000] {processor.py:153} INFO - Started process (PID=976) to work on /home/airflow/.local/lib/python3.7/site-packages/airflow/example_dags/example_bash_operator.py
[2023-06-30T06:07:50.713+0000] {processor.py:743} INFO - Processing file /home/airflow/.local/lib/python3.7/site-packages/airflow/example_dags/example_bash_operator.py for tasks to queue
[2023-06-30T06:07:50.715+0000] {logging_mixin.py:137} INFO - [2023-06-30T06:07:50.715+0000] {dagbag.py:538} INFO - Filling up the DagBag from /home/airflow/.local/lib/python3.7/site-packages/airflow/example_dags/example_bash_operator.py
[2023-06-30T06:07:50.763+0000] {processor.py:753} INFO - DAG(s) dict_keys(['example_bash_operator']) retrieved from /home/airflow/.local/lib/python3.7/site-packages/airflow/example_dags/example_bash_operator.py
[2023-06-30T06:07:50.832+0000] {logging_mixin.py:137} INFO - [2023-06-30T06:07:50.832+0000] {dag.py:2676} INFO - Sync 1 DAGs
[2023-06-30T06:07:50.895+0000] {logging_mixin.py:137} INFO - [2023-06-30T06:07:50.895+0000] {dag.py:3427} INFO - Setting next_dagrun for example_bash_operator to 2023-06-29T00:00:00+00:00, run_after=2023-06-30T00:00:00+00:00
[2023-06-30T06:07:50.949+0000] {processor.py:175} INFO - Processing /home/airflow/.local/lib/python3.7/site-packages/airflow/example_dags/example_bash_operator.py took 0.247 seconds
[2023-06-30T06:08:21.032+0000] {processor.py:153} INFO - Started process (PID=1055) to work on /home/airflow/.local/lib/python3.7/site-packages/airflow/example_dags/example_bash_operator.py
[2023-06-30T06:08:21.034+0000] {processor.py:743} INFO - Processing file /home/airflow/.local/lib/python3.7/site-packages/airflow/example_dags/example_bash_operator.py for tasks to queue
[2023-06-30T06:08:21.036+0000] {logging_mixin.py:137} INFO - [2023-06-30T06:08:21.036+0000] {dagbag.py:538} INFO - Filling up the DagBag from /home/airflow/.local/lib/python3.7/site-packages/airflow/example_dags/example_bash_operator.py
[2023-06-30T06:08:21.072+0000] {processor.py:753} INFO - DAG(s) dict_keys(['example_bash_operator']) retrieved from /home/airflow/.local/lib/python3.7/site-packages/airflow/example_dags/example_bash_operator.py
[2023-06-30T06:08:21.151+0000] {logging_mixin.py:137} INFO - [2023-06-30T06:08:21.150+0000] {dag.py:2676} INFO - Sync 1 DAGs
[2023-06-30T06:08:21.191+0000] {logging_mixin.py:137} INFO - [2023-06-30T06:08:21.191+0000] {dag.py:3427} INFO - Setting next_dagrun for example_bash_operator to 2023-06-29T00:00:00+00:00, run_after=2023-06-30T00:00:00+00:00
[2023-06-30T06:08:21.217+0000] {processor.py:175} INFO - Processing /home/airflow/.local/lib/python3.7/site-packages/airflow/example_dags/example_bash_operator.py took 0.190 seconds
[2023-06-30T06:08:51.477+0000] {processor.py:153} INFO - Started process (PID=1121) to work on /home/airflow/.local/lib/python3.7/site-packages/airflow/example_dags/example_bash_operator.py
[2023-06-30T06:08:51.481+0000] {processor.py:743} INFO - Processing file /home/airflow/.local/lib/python3.7/site-packages/airflow/example_dags/example_bash_operator.py for tasks to queue
[2023-06-30T06:08:51.484+0000] {logging_mixin.py:137} INFO - [2023-06-30T06:08:51.484+0000] {dagbag.py:538} INFO - Filling up the DagBag from /home/airflow/.local/lib/python3.7/site-packages/airflow/example_dags/example_bash_operator.py
[2023-06-30T06:08:51.522+0000] {processor.py:753} INFO - DAG(s) dict_keys(['example_bash_operator']) retrieved from /home/airflow/.local/lib/python3.7/site-packages/airflow/example_dags/example_bash_operator.py
[2023-06-30T06:08:51.605+0000] {logging_mixin.py:137} INFO - [2023-06-30T06:08:51.605+0000] {dag.py:2676} INFO - Sync 1 DAGs
[2023-06-30T06:08:51.650+0000] {logging_mixin.py:137} INFO - [2023-06-30T06:08:51.649+0000] {dag.py:3427} INFO - Setting next_dagrun for example_bash_operator to 2023-06-29T00:00:00+00:00, run_after=2023-06-30T00:00:00+00:00
[2023-06-30T06:08:51.676+0000] {processor.py:175} INFO - Processing /home/airflow/.local/lib/python3.7/site-packages/airflow/example_dags/example_bash_operator.py took 0.205 seconds
[2023-06-30T06:09:21.853+0000] {processor.py:153} INFO - Started process (PID=1187) to work on /home/airflow/.local/lib/python3.7/site-packages/airflow/example_dags/example_bash_operator.py
[2023-06-30T06:09:21.856+0000] {processor.py:743} INFO - Processing file /home/airflow/.local/lib/python3.7/site-packages/airflow/example_dags/example_bash_operator.py for tasks to queue
[2023-06-30T06:09:21.858+0000] {logging_mixin.py:137} INFO - [2023-06-30T06:09:21.858+0000] {dagbag.py:538} INFO - Filling up the DagBag from /home/airflow/.local/lib/python3.7/site-packages/airflow/example_dags/example_bash_operator.py
[2023-06-30T06:09:21.895+0000] {processor.py:753} INFO - DAG(s) dict_keys(['example_bash_operator']) retrieved from /home/airflow/.local/lib/python3.7/site-packages/airflow/example_dags/example_bash_operator.py
[2023-06-30T06:09:21.988+0000] {logging_mixin.py:137} INFO - [2023-06-30T06:09:21.987+0000] {dag.py:2676} INFO - Sync 1 DAGs
[2023-06-30T06:09:22.032+0000] {logging_mixin.py:137} INFO - [2023-06-30T06:09:22.031+0000] {dag.py:3427} INFO - Setting next_dagrun for example_bash_operator to 2023-06-29T00:00:00+00:00, run_after=2023-06-30T00:00:00+00:00
[2023-06-30T06:09:22.064+0000] {processor.py:175} INFO - Processing /home/airflow/.local/lib/python3.7/site-packages/airflow/example_dags/example_bash_operator.py took 0.216 seconds
[2023-06-30T06:09:52.177+0000] {processor.py:153} INFO - Started process (PID=1267) to work on /home/airflow/.local/lib/python3.7/site-packages/airflow/example_dags/example_bash_operator.py
[2023-06-30T06:09:52.180+0000] {processor.py:743} INFO - Processing file /home/airflow/.local/lib/python3.7/site-packages/airflow/example_dags/example_bash_operator.py for tasks to queue
[2023-06-30T06:09:52.183+0000] {logging_mixin.py:137} INFO - [2023-06-30T06:09:52.183+0000] {dagbag.py:538} INFO - Filling up the DagBag from /home/airflow/.local/lib/python3.7/site-packages/airflow/example_dags/example_bash_operator.py
[2023-06-30T06:09:52.222+0000] {processor.py:753} INFO - DAG(s) dict_keys(['example_bash_operator']) retrieved from /home/airflow/.local/lib/python3.7/site-packages/airflow/example_dags/example_bash_operator.py
[2023-06-30T06:09:52.290+0000] {logging_mixin.py:137} INFO - [2023-06-30T06:09:52.290+0000] {dag.py:2676} INFO - Sync 1 DAGs
[2023-06-30T06:09:52.328+0000] {logging_mixin.py:137} INFO - [2023-06-30T06:09:52.328+0000] {dag.py:3427} INFO - Setting next_dagrun for example_bash_operator to 2023-06-29T00:00:00+00:00, run_after=2023-06-30T00:00:00+00:00
[2023-06-30T06:09:52.359+0000] {processor.py:175} INFO - Processing /home/airflow/.local/lib/python3.7/site-packages/airflow/example_dags/example_bash_operator.py took 0.187 seconds
[2023-06-30T06:10:23.634+0000] {processor.py:153} INFO - Started process (PID=1333) to work on /home/airflow/.local/lib/python3.7/site-packages/airflow/example_dags/example_bash_operator.py
[2023-06-30T06:10:23.638+0000] {processor.py:743} INFO - Processing file /home/airflow/.local/lib/python3.7/site-packages/airflow/example_dags/example_bash_operator.py for tasks to queue
[2023-06-30T06:10:23.641+0000] {logging_mixin.py:137} INFO - [2023-06-30T06:10:23.640+0000] {dagbag.py:538} INFO - Filling up the DagBag from /home/airflow/.local/lib/python3.7/site-packages/airflow/example_dags/example_bash_operator.py
[2023-06-30T06:10:23.701+0000] {processor.py:753} INFO - DAG(s) dict_keys(['example_bash_operator']) retrieved from /home/airflow/.local/lib/python3.7/site-packages/airflow/example_dags/example_bash_operator.py
[2023-06-30T06:10:23.803+0000] {logging_mixin.py:137} INFO - [2023-06-30T06:10:23.803+0000] {dag.py:2676} INFO - Sync 1 DAGs
[2023-06-30T06:10:23.880+0000] {logging_mixin.py:137} INFO - [2023-06-30T06:10:23.880+0000] {dag.py:3427} INFO - Setting next_dagrun for example_bash_operator to 2023-06-29T00:00:00+00:00, run_after=2023-06-30T00:00:00+00:00
[2023-06-30T06:10:23.934+0000] {processor.py:175} INFO - Processing /home/airflow/.local/lib/python3.7/site-packages/airflow/example_dags/example_bash_operator.py took 0.309 seconds
[2023-06-30T06:10:54.101+0000] {processor.py:153} INFO - Started process (PID=1413) to work on /home/airflow/.local/lib/python3.7/site-packages/airflow/example_dags/example_bash_operator.py
[2023-06-30T06:10:54.103+0000] {processor.py:743} INFO - Processing file /home/airflow/.local/lib/python3.7/site-packages/airflow/example_dags/example_bash_operator.py for tasks to queue
[2023-06-30T06:10:54.105+0000] {logging_mixin.py:137} INFO - [2023-06-30T06:10:54.105+0000] {dagbag.py:538} INFO - Filling up the DagBag from /home/airflow/.local/lib/python3.7/site-packages/airflow/example_dags/example_bash_operator.py
[2023-06-30T06:10:54.139+0000] {processor.py:753} INFO - DAG(s) dict_keys(['example_bash_operator']) retrieved from /home/airflow/.local/lib/python3.7/site-packages/airflow/example_dags/example_bash_operator.py
[2023-06-30T06:10:54.206+0000] {logging_mixin.py:137} INFO - [2023-06-30T06:10:54.206+0000] {dag.py:2676} INFO - Sync 1 DAGs
[2023-06-30T06:10:54.255+0000] {logging_mixin.py:137} INFO - [2023-06-30T06:10:54.255+0000] {dag.py:3427} INFO - Setting next_dagrun for example_bash_operator to 2023-06-29T00:00:00+00:00, run_after=2023-06-30T00:00:00+00:00
[2023-06-30T06:10:54.286+0000] {processor.py:175} INFO - Processing /home/airflow/.local/lib/python3.7/site-packages/airflow/example_dags/example_bash_operator.py took 0.191 seconds
[2023-06-30T06:11:24.628+0000] {processor.py:153} INFO - Started process (PID=1479) to work on /home/airflow/.local/lib/python3.7/site-packages/airflow/example_dags/example_bash_operator.py
[2023-06-30T06:11:24.631+0000] {processor.py:743} INFO - Processing file /home/airflow/.local/lib/python3.7/site-packages/airflow/example_dags/example_bash_operator.py for tasks to queue
[2023-06-30T06:11:24.634+0000] {logging_mixin.py:137} INFO - [2023-06-30T06:11:24.633+0000] {dagbag.py:538} INFO - Filling up the DagBag from /home/airflow/.local/lib/python3.7/site-packages/airflow/example_dags/example_bash_operator.py
[2023-06-30T06:11:24.670+0000] {processor.py:753} INFO - DAG(s) dict_keys(['example_bash_operator']) retrieved from /home/airflow/.local/lib/python3.7/site-packages/airflow/example_dags/example_bash_operator.py
[2023-06-30T06:11:24.744+0000] {logging_mixin.py:137} INFO - [2023-06-30T06:11:24.744+0000] {dag.py:2676} INFO - Sync 1 DAGs
[2023-06-30T06:11:24.784+0000] {logging_mixin.py:137} INFO - [2023-06-30T06:11:24.783+0000] {dag.py:3427} INFO - Setting next_dagrun for example_bash_operator to 2023-06-29T00:00:00+00:00, run_after=2023-06-30T00:00:00+00:00
[2023-06-30T06:11:24.813+0000] {processor.py:175} INFO - Processing /home/airflow/.local/lib/python3.7/site-packages/airflow/example_dags/example_bash_operator.py took 0.190 seconds
[2023-06-30T06:11:54.855+0000] {processor.py:153} INFO - Started process (PID=1545) to work on /home/airflow/.local/lib/python3.7/site-packages/airflow/example_dags/example_bash_operator.py
[2023-06-30T06:11:54.857+0000] {processor.py:743} INFO - Processing file /home/airflow/.local/lib/python3.7/site-packages/airflow/example_dags/example_bash_operator.py for tasks to queue
[2023-06-30T06:11:54.859+0000] {logging_mixin.py:137} INFO - [2023-06-30T06:11:54.859+0000] {dagbag.py:538} INFO - Filling up the DagBag from /home/airflow/.local/lib/python3.7/site-packages/airflow/example_dags/example_bash_operator.py
[2023-06-30T06:11:54.894+0000] {processor.py:753} INFO - DAG(s) dict_keys(['example_bash_operator']) retrieved from /home/airflow/.local/lib/python3.7/site-packages/airflow/example_dags/example_bash_operator.py
[2023-06-30T06:11:54.964+0000] {logging_mixin.py:137} INFO - [2023-06-30T06:11:54.963+0000] {dag.py:2676} INFO - Sync 1 DAGs
[2023-06-30T06:11:55.004+0000] {logging_mixin.py:137} INFO - [2023-06-30T06:11:55.004+0000] {dag.py:3427} INFO - Setting next_dagrun for example_bash_operator to 2023-06-29T00:00:00+00:00, run_after=2023-06-30T00:00:00+00:00
[2023-06-30T06:11:55.032+0000] {processor.py:175} INFO - Processing /home/airflow/.local/lib/python3.7/site-packages/airflow/example_dags/example_bash_operator.py took 0.182 seconds
[2023-06-30T06:12:26.539+0000] {processor.py:153} INFO - Started process (PID=1625) to work on /home/airflow/.local/lib/python3.7/site-packages/airflow/example_dags/example_bash_operator.py
[2023-06-30T06:12:26.542+0000] {processor.py:743} INFO - Processing file /home/airflow/.local/lib/python3.7/site-packages/airflow/example_dags/example_bash_operator.py for tasks to queue
[2023-06-30T06:12:26.544+0000] {logging_mixin.py:137} INFO - [2023-06-30T06:12:26.544+0000] {dagbag.py:538} INFO - Filling up the DagBag from /home/airflow/.local/lib/python3.7/site-packages/airflow/example_dags/example_bash_operator.py
[2023-06-30T06:12:26.577+0000] {processor.py:753} INFO - DAG(s) dict_keys(['example_bash_operator']) retrieved from /home/airflow/.local/lib/python3.7/site-packages/airflow/example_dags/example_bash_operator.py
[2023-06-30T06:12:26.642+0000] {logging_mixin.py:137} INFO - [2023-06-30T06:12:26.642+0000] {dag.py:2676} INFO - Sync 1 DAGs
[2023-06-30T06:12:26.678+0000] {logging_mixin.py:137} INFO - [2023-06-30T06:12:26.678+0000] {dag.py:3427} INFO - Setting next_dagrun for example_bash_operator to 2023-06-29T00:00:00+00:00, run_after=2023-06-30T00:00:00+00:00
[2023-06-30T06:12:26.704+0000] {processor.py:175} INFO - Processing /home/airflow/.local/lib/python3.7/site-packages/airflow/example_dags/example_bash_operator.py took 0.170 seconds
[2023-06-30T06:12:57.070+0000] {processor.py:153} INFO - Started process (PID=1691) to work on /home/airflow/.local/lib/python3.7/site-packages/airflow/example_dags/example_bash_operator.py
[2023-06-30T06:12:57.073+0000] {processor.py:743} INFO - Processing file /home/airflow/.local/lib/python3.7/site-packages/airflow/example_dags/example_bash_operator.py for tasks to queue
[2023-06-30T06:12:57.075+0000] {logging_mixin.py:137} INFO - [2023-06-30T06:12:57.074+0000] {dagbag.py:538} INFO - Filling up the DagBag from /home/airflow/.local/lib/python3.7/site-packages/airflow/example_dags/example_bash_operator.py
[2023-06-30T06:12:57.105+0000] {processor.py:753} INFO - DAG(s) dict_keys(['example_bash_operator']) retrieved from /home/airflow/.local/lib/python3.7/site-packages/airflow/example_dags/example_bash_operator.py
[2023-06-30T06:12:57.166+0000] {logging_mixin.py:137} INFO - [2023-06-30T06:12:57.166+0000] {dag.py:2676} INFO - Sync 1 DAGs
[2023-06-30T06:12:57.196+0000] {logging_mixin.py:137} INFO - [2023-06-30T06:12:57.196+0000] {dag.py:3427} INFO - Setting next_dagrun for example_bash_operator to 2023-06-29T00:00:00+00:00, run_after=2023-06-30T00:00:00+00:00
[2023-06-30T06:12:57.217+0000] {processor.py:175} INFO - Processing /home/airflow/.local/lib/python3.7/site-packages/airflow/example_dags/example_bash_operator.py took 0.151 seconds
[2023-06-30T06:13:27.688+0000] {processor.py:153} INFO - Started process (PID=1766) to work on /home/airflow/.local/lib/python3.7/site-packages/airflow/example_dags/example_bash_operator.py
[2023-06-30T06:13:27.691+0000] {processor.py:743} INFO - Processing file /home/airflow/.local/lib/python3.7/site-packages/airflow/example_dags/example_bash_operator.py for tasks to queue
[2023-06-30T06:13:27.695+0000] {logging_mixin.py:137} INFO - [2023-06-30T06:13:27.694+0000] {dagbag.py:538} INFO - Filling up the DagBag from /home/airflow/.local/lib/python3.7/site-packages/airflow/example_dags/example_bash_operator.py
[2023-06-30T06:13:27.733+0000] {processor.py:753} INFO - DAG(s) dict_keys(['example_bash_operator']) retrieved from /home/airflow/.local/lib/python3.7/site-packages/airflow/example_dags/example_bash_operator.py
[2023-06-30T06:13:27.816+0000] {logging_mixin.py:137} INFO - [2023-06-30T06:13:27.816+0000] {dag.py:2676} INFO - Sync 1 DAGs
[2023-06-30T06:13:27.853+0000] {logging_mixin.py:137} INFO - [2023-06-30T06:13:27.853+0000] {dag.py:3427} INFO - Setting next_dagrun for example_bash_operator to 2023-06-29T00:00:00+00:00, run_after=2023-06-30T00:00:00+00:00
[2023-06-30T06:13:27.878+0000] {processor.py:175} INFO - Processing /home/airflow/.local/lib/python3.7/site-packages/airflow/example_dags/example_bash_operator.py took 0.197 seconds
[2023-06-30T06:13:58.384+0000] {processor.py:153} INFO - Started process (PID=1837) to work on /home/airflow/.local/lib/python3.7/site-packages/airflow/example_dags/example_bash_operator.py
[2023-06-30T06:13:58.387+0000] {processor.py:743} INFO - Processing file /home/airflow/.local/lib/python3.7/site-packages/airflow/example_dags/example_bash_operator.py for tasks to queue
[2023-06-30T06:13:58.389+0000] {logging_mixin.py:137} INFO - [2023-06-30T06:13:58.389+0000] {dagbag.py:538} INFO - Filling up the DagBag from /home/airflow/.local/lib/python3.7/site-packages/airflow/example_dags/example_bash_operator.py
[2023-06-30T06:13:58.425+0000] {processor.py:753} INFO - DAG(s) dict_keys(['example_bash_operator']) retrieved from /home/airflow/.local/lib/python3.7/site-packages/airflow/example_dags/example_bash_operator.py
[2023-06-30T06:13:58.501+0000] {logging_mixin.py:137} INFO - [2023-06-30T06:13:58.501+0000] {dag.py:2676} INFO - Sync 1 DAGs
[2023-06-30T06:13:58.543+0000] {logging_mixin.py:137} INFO - [2023-06-30T06:13:58.542+0000] {dag.py:3427} INFO - Setting next_dagrun for example_bash_operator to 2023-06-29T00:00:00+00:00, run_after=2023-06-30T00:00:00+00:00
[2023-06-30T06:13:58.572+0000] {processor.py:175} INFO - Processing /home/airflow/.local/lib/python3.7/site-packages/airflow/example_dags/example_bash_operator.py took 0.194 seconds
[2023-06-30T06:14:29.092+0000] {processor.py:153} INFO - Started process (PID=1903) to work on /home/airflow/.local/lib/python3.7/site-packages/airflow/example_dags/example_bash_operator.py
[2023-06-30T06:14:29.094+0000] {processor.py:743} INFO - Processing file /home/airflow/.local/lib/python3.7/site-packages/airflow/example_dags/example_bash_operator.py for tasks to queue
[2023-06-30T06:14:29.097+0000] {logging_mixin.py:137} INFO - [2023-06-30T06:14:29.097+0000] {dagbag.py:538} INFO - Filling up the DagBag from /home/airflow/.local/lib/python3.7/site-packages/airflow/example_dags/example_bash_operator.py
[2023-06-30T06:14:29.130+0000] {processor.py:753} INFO - DAG(s) dict_keys(['example_bash_operator']) retrieved from /home/airflow/.local/lib/python3.7/site-packages/airflow/example_dags/example_bash_operator.py
[2023-06-30T06:14:29.214+0000] {logging_mixin.py:137} INFO - [2023-06-30T06:14:29.213+0000] {dag.py:2676} INFO - Sync 1 DAGs
[2023-06-30T06:14:29.254+0000] {logging_mixin.py:137} INFO - [2023-06-30T06:14:29.253+0000] {dag.py:3427} INFO - Setting next_dagrun for example_bash_operator to 2023-06-29T00:00:00+00:00, run_after=2023-06-30T00:00:00+00:00
[2023-06-30T06:14:29.285+0000] {processor.py:175} INFO - Processing /home/airflow/.local/lib/python3.7/site-packages/airflow/example_dags/example_bash_operator.py took 0.198 seconds
[2023-06-30T06:14:59.575+0000] {processor.py:153} INFO - Started process (PID=1983) to work on /home/airflow/.local/lib/python3.7/site-packages/airflow/example_dags/example_bash_operator.py
[2023-06-30T06:14:59.577+0000] {processor.py:743} INFO - Processing file /home/airflow/.local/lib/python3.7/site-packages/airflow/example_dags/example_bash_operator.py for tasks to queue
[2023-06-30T06:14:59.580+0000] {logging_mixin.py:137} INFO - [2023-06-30T06:14:59.580+0000] {dagbag.py:538} INFO - Filling up the DagBag from /home/airflow/.local/lib/python3.7/site-packages/airflow/example_dags/example_bash_operator.py
[2023-06-30T06:14:59.615+0000] {processor.py:753} INFO - DAG(s) dict_keys(['example_bash_operator']) retrieved from /home/airflow/.local/lib/python3.7/site-packages/airflow/example_dags/example_bash_operator.py
[2023-06-30T06:14:59.650+0000] {logging_mixin.py:137} INFO - [2023-06-30T06:14:59.650+0000] {dag.py:2676} INFO - Sync 1 DAGs
[2023-06-30T06:14:59.684+0000] {logging_mixin.py:137} INFO - [2023-06-30T06:14:59.684+0000] {dag.py:3427} INFO - Setting next_dagrun for example_bash_operator to 2023-06-29T00:00:00+00:00, run_after=2023-06-30T00:00:00+00:00
[2023-06-30T06:14:59.708+0000] {processor.py:175} INFO - Processing /home/airflow/.local/lib/python3.7/site-packages/airflow/example_dags/example_bash_operator.py took 0.138 seconds
[2023-06-30T06:15:30.365+0000] {processor.py:153} INFO - Started process (PID=2049) to work on /home/airflow/.local/lib/python3.7/site-packages/airflow/example_dags/example_bash_operator.py
[2023-06-30T06:15:30.367+0000] {processor.py:743} INFO - Processing file /home/airflow/.local/lib/python3.7/site-packages/airflow/example_dags/example_bash_operator.py for tasks to queue
[2023-06-30T06:15:30.369+0000] {logging_mixin.py:137} INFO - [2023-06-30T06:15:30.368+0000] {dagbag.py:538} INFO - Filling up the DagBag from /home/airflow/.local/lib/python3.7/site-packages/airflow/example_dags/example_bash_operator.py
[2023-06-30T06:15:30.399+0000] {processor.py:753} INFO - DAG(s) dict_keys(['example_bash_operator']) retrieved from /home/airflow/.local/lib/python3.7/site-packages/airflow/example_dags/example_bash_operator.py
[2023-06-30T06:15:30.430+0000] {logging_mixin.py:137} INFO - [2023-06-30T06:15:30.429+0000] {dag.py:2676} INFO - Sync 1 DAGs
[2023-06-30T06:15:30.463+0000] {logging_mixin.py:137} INFO - [2023-06-30T06:15:30.463+0000] {dag.py:3427} INFO - Setting next_dagrun for example_bash_operator to 2023-06-29T00:00:00+00:00, run_after=2023-06-30T00:00:00+00:00
[2023-06-30T06:15:30.484+0000] {processor.py:175} INFO - Processing /home/airflow/.local/lib/python3.7/site-packages/airflow/example_dags/example_bash_operator.py took 0.124 seconds
[2023-06-30T06:16:01.336+0000] {processor.py:153} INFO - Started process (PID=2115) to work on /home/airflow/.local/lib/python3.7/site-packages/airflow/example_dags/example_bash_operator.py
[2023-06-30T06:16:01.338+0000] {processor.py:743} INFO - Processing file /home/airflow/.local/lib/python3.7/site-packages/airflow/example_dags/example_bash_operator.py for tasks to queue
[2023-06-30T06:16:01.340+0000] {logging_mixin.py:137} INFO - [2023-06-30T06:16:01.340+0000] {dagbag.py:538} INFO - Filling up the DagBag from /home/airflow/.local/lib/python3.7/site-packages/airflow/example_dags/example_bash_operator.py
[2023-06-30T06:16:01.376+0000] {processor.py:753} INFO - DAG(s) dict_keys(['example_bash_operator']) retrieved from /home/airflow/.local/lib/python3.7/site-packages/airflow/example_dags/example_bash_operator.py
[2023-06-30T06:16:01.446+0000] {logging_mixin.py:137} INFO - [2023-06-30T06:16:01.446+0000] {dag.py:2676} INFO - Sync 1 DAGs
[2023-06-30T06:16:01.486+0000] {logging_mixin.py:137} INFO - [2023-06-30T06:16:01.486+0000] {dag.py:3427} INFO - Setting next_dagrun for example_bash_operator to 2023-06-29T00:00:00+00:00, run_after=2023-06-30T00:00:00+00:00
[2023-06-30T06:16:01.510+0000] {processor.py:175} INFO - Processing /home/airflow/.local/lib/python3.7/site-packages/airflow/example_dags/example_bash_operator.py took 0.180 seconds
[2023-06-30T06:16:31.955+0000] {processor.py:153} INFO - Started process (PID=2195) to work on /home/airflow/.local/lib/python3.7/site-packages/airflow/example_dags/example_bash_operator.py
[2023-06-30T06:16:31.957+0000] {processor.py:743} INFO - Processing file /home/airflow/.local/lib/python3.7/site-packages/airflow/example_dags/example_bash_operator.py for tasks to queue
[2023-06-30T06:16:31.961+0000] {logging_mixin.py:137} INFO - [2023-06-30T06:16:31.961+0000] {dagbag.py:538} INFO - Filling up the DagBag from /home/airflow/.local/lib/python3.7/site-packages/airflow/example_dags/example_bash_operator.py
[2023-06-30T06:16:31.995+0000] {processor.py:753} INFO - DAG(s) dict_keys(['example_bash_operator']) retrieved from /home/airflow/.local/lib/python3.7/site-packages/airflow/example_dags/example_bash_operator.py
[2023-06-30T06:16:32.071+0000] {logging_mixin.py:137} INFO - [2023-06-30T06:16:32.071+0000] {dag.py:2676} INFO - Sync 1 DAGs
[2023-06-30T06:16:32.113+0000] {logging_mixin.py:137} INFO - [2023-06-30T06:16:32.113+0000] {dag.py:3427} INFO - Setting next_dagrun for example_bash_operator to 2023-06-29T00:00:00+00:00, run_after=2023-06-30T00:00:00+00:00
[2023-06-30T06:16:32.141+0000] {processor.py:175} INFO - Processing /home/airflow/.local/lib/python3.7/site-packages/airflow/example_dags/example_bash_operator.py took 0.192 seconds
[2023-06-30T06:17:02.682+0000] {processor.py:153} INFO - Started process (PID=2261) to work on /home/airflow/.local/lib/python3.7/site-packages/airflow/example_dags/example_bash_operator.py
[2023-06-30T06:17:02.684+0000] {processor.py:743} INFO - Processing file /home/airflow/.local/lib/python3.7/site-packages/airflow/example_dags/example_bash_operator.py for tasks to queue
[2023-06-30T06:17:02.686+0000] {logging_mixin.py:137} INFO - [2023-06-30T06:17:02.686+0000] {dagbag.py:538} INFO - Filling up the DagBag from /home/airflow/.local/lib/python3.7/site-packages/airflow/example_dags/example_bash_operator.py
[2023-06-30T06:17:02.719+0000] {processor.py:753} INFO - DAG(s) dict_keys(['example_bash_operator']) retrieved from /home/airflow/.local/lib/python3.7/site-packages/airflow/example_dags/example_bash_operator.py
[2023-06-30T06:17:02.788+0000] {logging_mixin.py:137} INFO - [2023-06-30T06:17:02.788+0000] {dag.py:2676} INFO - Sync 1 DAGs
[2023-06-30T06:17:02.825+0000] {logging_mixin.py:137} INFO - [2023-06-30T06:17:02.825+0000] {dag.py:3427} INFO - Setting next_dagrun for example_bash_operator to 2023-06-29T00:00:00+00:00, run_after=2023-06-30T00:00:00+00:00
[2023-06-30T06:17:02.851+0000] {processor.py:175} INFO - Processing /home/airflow/.local/lib/python3.7/site-packages/airflow/example_dags/example_bash_operator.py took 0.173 seconds
