[2023-06-30T06:01:12.130+0000] {processor.py:153} INFO - Started process (PID=79) to work on /home/airflow/.local/lib/python3.7/site-packages/airflow/example_dags/example_branch_labels.py
[2023-06-30T06:01:12.132+0000] {processor.py:743} INFO - Processing file /home/airflow/.local/lib/python3.7/site-packages/airflow/example_dags/example_branch_labels.py for tasks to queue
[2023-06-30T06:01:12.134+0000] {logging_mixin.py:137} INFO - [2023-06-30T06:01:12.134+0000] {dagbag.py:538} INFO - Filling up the DagBag from /home/airflow/.local/lib/python3.7/site-packages/airflow/example_dags/example_branch_labels.py
[2023-06-30T06:01:12.155+0000] {processor.py:753} INFO - DAG(s) dict_keys(['example_branch_labels']) retrieved from /home/airflow/.local/lib/python3.7/site-packages/airflow/example_dags/example_branch_labels.py
[2023-06-30T06:01:12.206+0000] {logging_mixin.py:137} INFO - [2023-06-30T06:01:12.206+0000] {dag.py:2676} INFO - Sync 1 DAGs
[2023-06-30T06:01:12.241+0000] {logging_mixin.py:137} INFO - [2023-06-30T06:01:12.241+0000] {dag.py:3427} INFO - Setting next_dagrun for example_branch_labels to 2023-06-29T00:00:00+00:00, run_after=2023-06-30T00:00:00+00:00
[2023-06-30T06:01:12.268+0000] {processor.py:175} INFO - Processing /home/airflow/.local/lib/python3.7/site-packages/airflow/example_dags/example_branch_labels.py took 0.142 seconds
[2023-06-30T06:01:52.089+0000] {processor.py:153} INFO - Started process (PID=160) to work on /home/airflow/.local/lib/python3.7/site-packages/airflow/example_dags/example_branch_labels.py
[2023-06-30T06:01:52.095+0000] {processor.py:743} INFO - Processing file /home/airflow/.local/lib/python3.7/site-packages/airflow/example_dags/example_branch_labels.py for tasks to queue
[2023-06-30T06:01:52.101+0000] {logging_mixin.py:137} INFO - [2023-06-30T06:01:52.100+0000] {dagbag.py:538} INFO - Filling up the DagBag from /home/airflow/.local/lib/python3.7/site-packages/airflow/example_dags/example_branch_labels.py
[2023-06-30T06:01:52.169+0000] {processor.py:753} INFO - DAG(s) dict_keys(['example_branch_labels']) retrieved from /home/airflow/.local/lib/python3.7/site-packages/airflow/example_dags/example_branch_labels.py
[2023-06-30T06:01:52.516+0000] {logging_mixin.py:137} INFO - [2023-06-30T06:01:52.515+0000] {dag.py:2676} INFO - Sync 1 DAGs
[2023-06-30T06:01:52.604+0000] {logging_mixin.py:137} INFO - [2023-06-30T06:01:52.604+0000] {dag.py:3427} INFO - Setting next_dagrun for example_branch_labels to 2023-06-29T00:00:00+00:00, run_after=2023-06-30T00:00:00+00:00
[2023-06-30T06:01:52.648+0000] {processor.py:175} INFO - Processing /home/airflow/.local/lib/python3.7/site-packages/airflow/example_dags/example_branch_labels.py took 0.571 seconds
[2023-06-30T06:02:23.442+0000] {processor.py:153} INFO - Started process (PID=226) to work on /home/airflow/.local/lib/python3.7/site-packages/airflow/example_dags/example_branch_labels.py
[2023-06-30T06:02:23.444+0000] {processor.py:743} INFO - Processing file /home/airflow/.local/lib/python3.7/site-packages/airflow/example_dags/example_branch_labels.py for tasks to queue
[2023-06-30T06:02:23.445+0000] {logging_mixin.py:137} INFO - [2023-06-30T06:02:23.445+0000] {dagbag.py:538} INFO - Filling up the DagBag from /home/airflow/.local/lib/python3.7/site-packages/airflow/example_dags/example_branch_labels.py
[2023-06-30T06:02:23.468+0000] {processor.py:753} INFO - DAG(s) dict_keys(['example_branch_labels']) retrieved from /home/airflow/.local/lib/python3.7/site-packages/airflow/example_dags/example_branch_labels.py
[2023-06-30T06:02:23.524+0000] {logging_mixin.py:137} INFO - [2023-06-30T06:02:23.523+0000] {dag.py:2676} INFO - Sync 1 DAGs
[2023-06-30T06:02:23.558+0000] {logging_mixin.py:137} INFO - [2023-06-30T06:02:23.558+0000] {dag.py:3427} INFO - Setting next_dagrun for example_branch_labels to 2023-06-29T00:00:00+00:00, run_after=2023-06-30T00:00:00+00:00
[2023-06-30T06:02:23.581+0000] {processor.py:175} INFO - Processing /home/airflow/.local/lib/python3.7/site-packages/airflow/example_dags/example_branch_labels.py took 0.144 seconds
[2023-06-30T06:02:54.110+0000] {processor.py:153} INFO - Started process (PID=292) to work on /home/airflow/.local/lib/python3.7/site-packages/airflow/example_dags/example_branch_labels.py
[2023-06-30T06:02:54.114+0000] {processor.py:743} INFO - Processing file /home/airflow/.local/lib/python3.7/site-packages/airflow/example_dags/example_branch_labels.py for tasks to queue
[2023-06-30T06:02:54.116+0000] {logging_mixin.py:137} INFO - [2023-06-30T06:02:54.116+0000] {dagbag.py:538} INFO - Filling up the DagBag from /home/airflow/.local/lib/python3.7/site-packages/airflow/example_dags/example_branch_labels.py
[2023-06-30T06:02:54.139+0000] {processor.py:753} INFO - DAG(s) dict_keys(['example_branch_labels']) retrieved from /home/airflow/.local/lib/python3.7/site-packages/airflow/example_dags/example_branch_labels.py
[2023-06-30T06:02:54.191+0000] {logging_mixin.py:137} INFO - [2023-06-30T06:02:54.191+0000] {dag.py:2676} INFO - Sync 1 DAGs
[2023-06-30T06:02:54.226+0000] {logging_mixin.py:137} INFO - [2023-06-30T06:02:54.226+0000] {dag.py:3427} INFO - Setting next_dagrun for example_branch_labels to 2023-06-29T00:00:00+00:00, run_after=2023-06-30T00:00:00+00:00
[2023-06-30T06:02:54.249+0000] {processor.py:175} INFO - Processing /home/airflow/.local/lib/python3.7/site-packages/airflow/example_dags/example_branch_labels.py took 0.143 seconds
[2023-06-30T06:03:24.995+0000] {processor.py:153} INFO - Started process (PID=367) to work on /home/airflow/.local/lib/python3.7/site-packages/airflow/example_dags/example_branch_labels.py
[2023-06-30T06:03:24.997+0000] {processor.py:743} INFO - Processing file /home/airflow/.local/lib/python3.7/site-packages/airflow/example_dags/example_branch_labels.py for tasks to queue
[2023-06-30T06:03:24.999+0000] {logging_mixin.py:137} INFO - [2023-06-30T06:03:24.999+0000] {dagbag.py:538} INFO - Filling up the DagBag from /home/airflow/.local/lib/python3.7/site-packages/airflow/example_dags/example_branch_labels.py
[2023-06-30T06:03:25.021+0000] {processor.py:753} INFO - DAG(s) dict_keys(['example_branch_labels']) retrieved from /home/airflow/.local/lib/python3.7/site-packages/airflow/example_dags/example_branch_labels.py
[2023-06-30T06:03:25.073+0000] {logging_mixin.py:137} INFO - [2023-06-30T06:03:25.073+0000] {dag.py:2676} INFO - Sync 1 DAGs
[2023-06-30T06:03:25.109+0000] {logging_mixin.py:137} INFO - [2023-06-30T06:03:25.109+0000] {dag.py:3427} INFO - Setting next_dagrun for example_branch_labels to 2023-06-29T00:00:00+00:00, run_after=2023-06-30T00:00:00+00:00
[2023-06-30T06:03:25.132+0000] {processor.py:175} INFO - Processing /home/airflow/.local/lib/python3.7/site-packages/airflow/example_dags/example_branch_labels.py took 0.142 seconds
[2023-06-30T06:03:55.331+0000] {processor.py:153} INFO - Started process (PID=438) to work on /home/airflow/.local/lib/python3.7/site-packages/airflow/example_dags/example_branch_labels.py
[2023-06-30T06:03:55.334+0000] {processor.py:743} INFO - Processing file /home/airflow/.local/lib/python3.7/site-packages/airflow/example_dags/example_branch_labels.py for tasks to queue
[2023-06-30T06:03:55.336+0000] {logging_mixin.py:137} INFO - [2023-06-30T06:03:55.336+0000] {dagbag.py:538} INFO - Filling up the DagBag from /home/airflow/.local/lib/python3.7/site-packages/airflow/example_dags/example_branch_labels.py
[2023-06-30T06:03:55.362+0000] {processor.py:753} INFO - DAG(s) dict_keys(['example_branch_labels']) retrieved from /home/airflow/.local/lib/python3.7/site-packages/airflow/example_dags/example_branch_labels.py
[2023-06-30T06:03:55.419+0000] {logging_mixin.py:137} INFO - [2023-06-30T06:03:55.419+0000] {dag.py:2676} INFO - Sync 1 DAGs
[2023-06-30T06:03:55.457+0000] {logging_mixin.py:137} INFO - [2023-06-30T06:03:55.457+0000] {dag.py:3427} INFO - Setting next_dagrun for example_branch_labels to 2023-06-29T00:00:00+00:00, run_after=2023-06-30T00:00:00+00:00
[2023-06-30T06:03:55.486+0000] {processor.py:175} INFO - Processing /home/airflow/.local/lib/python3.7/site-packages/airflow/example_dags/example_branch_labels.py took 0.160 seconds
[2023-06-30T06:04:25.706+0000] {processor.py:153} INFO - Started process (PID=503) to work on /home/airflow/.local/lib/python3.7/site-packages/airflow/example_dags/example_branch_labels.py
[2023-06-30T06:04:25.709+0000] {processor.py:743} INFO - Processing file /home/airflow/.local/lib/python3.7/site-packages/airflow/example_dags/example_branch_labels.py for tasks to queue
[2023-06-30T06:04:25.711+0000] {logging_mixin.py:137} INFO - [2023-06-30T06:04:25.711+0000] {dagbag.py:538} INFO - Filling up the DagBag from /home/airflow/.local/lib/python3.7/site-packages/airflow/example_dags/example_branch_labels.py
[2023-06-30T06:04:25.735+0000] {processor.py:753} INFO - DAG(s) dict_keys(['example_branch_labels']) retrieved from /home/airflow/.local/lib/python3.7/site-packages/airflow/example_dags/example_branch_labels.py
[2023-06-30T06:04:25.790+0000] {logging_mixin.py:137} INFO - [2023-06-30T06:04:25.790+0000] {dag.py:2676} INFO - Sync 1 DAGs
[2023-06-30T06:04:25.836+0000] {logging_mixin.py:137} INFO - [2023-06-30T06:04:25.835+0000] {dag.py:3427} INFO - Setting next_dagrun for example_branch_labels to 2023-06-29T00:00:00+00:00, run_after=2023-06-30T00:00:00+00:00
[2023-06-30T06:04:25.862+0000] {processor.py:175} INFO - Processing /home/airflow/.local/lib/python3.7/site-packages/airflow/example_dags/example_branch_labels.py took 0.162 seconds
[2023-06-30T06:04:56.785+0000] {processor.py:153} INFO - Started process (PID=583) to work on /home/airflow/.local/lib/python3.7/site-packages/airflow/example_dags/example_branch_labels.py
[2023-06-30T06:04:56.787+0000] {processor.py:743} INFO - Processing file /home/airflow/.local/lib/python3.7/site-packages/airflow/example_dags/example_branch_labels.py for tasks to queue
[2023-06-30T06:04:56.788+0000] {logging_mixin.py:137} INFO - [2023-06-30T06:04:56.788+0000] {dagbag.py:538} INFO - Filling up the DagBag from /home/airflow/.local/lib/python3.7/site-packages/airflow/example_dags/example_branch_labels.py
[2023-06-30T06:04:56.807+0000] {processor.py:753} INFO - DAG(s) dict_keys(['example_branch_labels']) retrieved from /home/airflow/.local/lib/python3.7/site-packages/airflow/example_dags/example_branch_labels.py
[2023-06-30T06:04:56.860+0000] {logging_mixin.py:137} INFO - [2023-06-30T06:04:56.860+0000] {dag.py:2676} INFO - Sync 1 DAGs
[2023-06-30T06:04:56.917+0000] {logging_mixin.py:137} INFO - [2023-06-30T06:04:56.917+0000] {dag.py:3427} INFO - Setting next_dagrun for example_branch_labels to 2023-06-29T00:00:00+00:00, run_after=2023-06-30T00:00:00+00:00
[2023-06-30T06:04:56.957+0000] {processor.py:175} INFO - Processing /home/airflow/.local/lib/python3.7/site-packages/airflow/example_dags/example_branch_labels.py took 0.176 seconds
[2023-06-30T06:05:27.094+0000] {processor.py:153} INFO - Started process (PID=649) to work on /home/airflow/.local/lib/python3.7/site-packages/airflow/example_dags/example_branch_labels.py
[2023-06-30T06:05:27.096+0000] {processor.py:743} INFO - Processing file /home/airflow/.local/lib/python3.7/site-packages/airflow/example_dags/example_branch_labels.py for tasks to queue
[2023-06-30T06:05:27.098+0000] {logging_mixin.py:137} INFO - [2023-06-30T06:05:27.098+0000] {dagbag.py:538} INFO - Filling up the DagBag from /home/airflow/.local/lib/python3.7/site-packages/airflow/example_dags/example_branch_labels.py
[2023-06-30T06:05:27.121+0000] {processor.py:753} INFO - DAG(s) dict_keys(['example_branch_labels']) retrieved from /home/airflow/.local/lib/python3.7/site-packages/airflow/example_dags/example_branch_labels.py
[2023-06-30T06:05:27.177+0000] {logging_mixin.py:137} INFO - [2023-06-30T06:05:27.177+0000] {dag.py:2676} INFO - Sync 1 DAGs
[2023-06-30T06:05:27.217+0000] {logging_mixin.py:137} INFO - [2023-06-30T06:05:27.216+0000] {dag.py:3427} INFO - Setting next_dagrun for example_branch_labels to 2023-06-29T00:00:00+00:00, run_after=2023-06-30T00:00:00+00:00
[2023-06-30T06:05:27.245+0000] {processor.py:175} INFO - Processing /home/airflow/.local/lib/python3.7/site-packages/airflow/example_dags/example_branch_labels.py took 0.157 seconds
[2023-06-30T06:05:57.506+0000] {processor.py:153} INFO - Started process (PID=730) to work on /home/airflow/.local/lib/python3.7/site-packages/airflow/example_dags/example_branch_labels.py
[2023-06-30T06:05:57.510+0000] {processor.py:743} INFO - Processing file /home/airflow/.local/lib/python3.7/site-packages/airflow/example_dags/example_branch_labels.py for tasks to queue
[2023-06-30T06:05:57.511+0000] {logging_mixin.py:137} INFO - [2023-06-30T06:05:57.511+0000] {dagbag.py:538} INFO - Filling up the DagBag from /home/airflow/.local/lib/python3.7/site-packages/airflow/example_dags/example_branch_labels.py
[2023-06-30T06:05:57.534+0000] {processor.py:753} INFO - DAG(s) dict_keys(['example_branch_labels']) retrieved from /home/airflow/.local/lib/python3.7/site-packages/airflow/example_dags/example_branch_labels.py
[2023-06-30T06:05:57.594+0000] {logging_mixin.py:137} INFO - [2023-06-30T06:05:57.594+0000] {dag.py:2676} INFO - Sync 1 DAGs
[2023-06-30T06:05:57.636+0000] {logging_mixin.py:137} INFO - [2023-06-30T06:05:57.635+0000] {dag.py:3427} INFO - Setting next_dagrun for example_branch_labels to 2023-06-29T00:00:00+00:00, run_after=2023-06-30T00:00:00+00:00
[2023-06-30T06:05:57.664+0000] {processor.py:175} INFO - Processing /home/airflow/.local/lib/python3.7/site-packages/airflow/example_dags/example_branch_labels.py took 0.162 seconds
[2023-06-30T06:06:27.944+0000] {processor.py:153} INFO - Started process (PID=796) to work on /home/airflow/.local/lib/python3.7/site-packages/airflow/example_dags/example_branch_labels.py
[2023-06-30T06:06:27.947+0000] {processor.py:743} INFO - Processing file /home/airflow/.local/lib/python3.7/site-packages/airflow/example_dags/example_branch_labels.py for tasks to queue
[2023-06-30T06:06:27.949+0000] {logging_mixin.py:137} INFO - [2023-06-30T06:06:27.949+0000] {dagbag.py:538} INFO - Filling up the DagBag from /home/airflow/.local/lib/python3.7/site-packages/airflow/example_dags/example_branch_labels.py
[2023-06-30T06:06:27.973+0000] {processor.py:753} INFO - DAG(s) dict_keys(['example_branch_labels']) retrieved from /home/airflow/.local/lib/python3.7/site-packages/airflow/example_dags/example_branch_labels.py
[2023-06-30T06:06:28.027+0000] {logging_mixin.py:137} INFO - [2023-06-30T06:06:28.027+0000] {dag.py:2676} INFO - Sync 1 DAGs
[2023-06-30T06:06:28.070+0000] {logging_mixin.py:137} INFO - [2023-06-30T06:06:28.069+0000] {dag.py:3427} INFO - Setting next_dagrun for example_branch_labels to 2023-06-29T00:00:00+00:00, run_after=2023-06-30T00:00:00+00:00
[2023-06-30T06:06:28.098+0000] {processor.py:175} INFO - Processing /home/airflow/.local/lib/python3.7/site-packages/airflow/example_dags/example_branch_labels.py took 0.158 seconds
[2023-06-30T06:06:58.286+0000] {processor.py:153} INFO - Started process (PID=862) to work on /home/airflow/.local/lib/python3.7/site-packages/airflow/example_dags/example_branch_labels.py
[2023-06-30T06:06:58.288+0000] {processor.py:743} INFO - Processing file /home/airflow/.local/lib/python3.7/site-packages/airflow/example_dags/example_branch_labels.py for tasks to queue
[2023-06-30T06:06:58.291+0000] {logging_mixin.py:137} INFO - [2023-06-30T06:06:58.290+0000] {dagbag.py:538} INFO - Filling up the DagBag from /home/airflow/.local/lib/python3.7/site-packages/airflow/example_dags/example_branch_labels.py
[2023-06-30T06:06:58.312+0000] {processor.py:753} INFO - DAG(s) dict_keys(['example_branch_labels']) retrieved from /home/airflow/.local/lib/python3.7/site-packages/airflow/example_dags/example_branch_labels.py
[2023-06-30T06:06:58.366+0000] {logging_mixin.py:137} INFO - [2023-06-30T06:06:58.366+0000] {dag.py:2676} INFO - Sync 1 DAGs
[2023-06-30T06:06:58.402+0000] {logging_mixin.py:137} INFO - [2023-06-30T06:06:58.402+0000] {dag.py:3427} INFO - Setting next_dagrun for example_branch_labels to 2023-06-29T00:00:00+00:00, run_after=2023-06-30T00:00:00+00:00
[2023-06-30T06:06:58.427+0000] {processor.py:175} INFO - Processing /home/airflow/.local/lib/python3.7/site-packages/airflow/example_dags/example_branch_labels.py took 0.147 seconds
[2023-06-30T06:07:28.587+0000] {processor.py:153} INFO - Started process (PID=942) to work on /home/airflow/.local/lib/python3.7/site-packages/airflow/example_dags/example_branch_labels.py
[2023-06-30T06:07:28.591+0000] {processor.py:743} INFO - Processing file /home/airflow/.local/lib/python3.7/site-packages/airflow/example_dags/example_branch_labels.py for tasks to queue
[2023-06-30T06:07:28.593+0000] {logging_mixin.py:137} INFO - [2023-06-30T06:07:28.593+0000] {dagbag.py:538} INFO - Filling up the DagBag from /home/airflow/.local/lib/python3.7/site-packages/airflow/example_dags/example_branch_labels.py
[2023-06-30T06:07:28.620+0000] {processor.py:753} INFO - DAG(s) dict_keys(['example_branch_labels']) retrieved from /home/airflow/.local/lib/python3.7/site-packages/airflow/example_dags/example_branch_labels.py
[2023-06-30T06:07:28.683+0000] {logging_mixin.py:137} INFO - [2023-06-30T06:07:28.683+0000] {dag.py:2676} INFO - Sync 1 DAGs
[2023-06-30T06:07:28.733+0000] {logging_mixin.py:137} INFO - [2023-06-30T06:07:28.732+0000] {dag.py:3427} INFO - Setting next_dagrun for example_branch_labels to 2023-06-29T00:00:00+00:00, run_after=2023-06-30T00:00:00+00:00
[2023-06-30T06:07:28.756+0000] {processor.py:175} INFO - Processing /home/airflow/.local/lib/python3.7/site-packages/airflow/example_dags/example_branch_labels.py took 0.175 seconds
[2023-06-30T06:07:59.586+0000] {processor.py:153} INFO - Started process (PID=1008) to work on /home/airflow/.local/lib/python3.7/site-packages/airflow/example_dags/example_branch_labels.py
[2023-06-30T06:07:59.588+0000] {processor.py:743} INFO - Processing file /home/airflow/.local/lib/python3.7/site-packages/airflow/example_dags/example_branch_labels.py for tasks to queue
[2023-06-30T06:07:59.590+0000] {logging_mixin.py:137} INFO - [2023-06-30T06:07:59.590+0000] {dagbag.py:538} INFO - Filling up the DagBag from /home/airflow/.local/lib/python3.7/site-packages/airflow/example_dags/example_branch_labels.py
[2023-06-30T06:07:59.613+0000] {processor.py:753} INFO - DAG(s) dict_keys(['example_branch_labels']) retrieved from /home/airflow/.local/lib/python3.7/site-packages/airflow/example_dags/example_branch_labels.py
[2023-06-30T06:07:59.649+0000] {logging_mixin.py:137} INFO - [2023-06-30T06:07:59.649+0000] {dag.py:2676} INFO - Sync 1 DAGs
[2023-06-30T06:07:59.687+0000] {logging_mixin.py:137} INFO - [2023-06-30T06:07:59.686+0000] {dag.py:3427} INFO - Setting next_dagrun for example_branch_labels to 2023-06-29T00:00:00+00:00, run_after=2023-06-30T00:00:00+00:00
[2023-06-30T06:07:59.714+0000] {processor.py:175} INFO - Processing /home/airflow/.local/lib/python3.7/site-packages/airflow/example_dags/example_branch_labels.py took 0.133 seconds
[2023-06-30T06:08:29.988+0000] {processor.py:153} INFO - Started process (PID=1073) to work on /home/airflow/.local/lib/python3.7/site-packages/airflow/example_dags/example_branch_labels.py
[2023-06-30T06:08:29.991+0000] {processor.py:743} INFO - Processing file /home/airflow/.local/lib/python3.7/site-packages/airflow/example_dags/example_branch_labels.py for tasks to queue
[2023-06-30T06:08:29.993+0000] {logging_mixin.py:137} INFO - [2023-06-30T06:08:29.993+0000] {dagbag.py:538} INFO - Filling up the DagBag from /home/airflow/.local/lib/python3.7/site-packages/airflow/example_dags/example_branch_labels.py
[2023-06-30T06:08:30.022+0000] {processor.py:753} INFO - DAG(s) dict_keys(['example_branch_labels']) retrieved from /home/airflow/.local/lib/python3.7/site-packages/airflow/example_dags/example_branch_labels.py
[2023-06-30T06:08:30.079+0000] {logging_mixin.py:137} INFO - [2023-06-30T06:08:30.079+0000] {dag.py:2676} INFO - Sync 1 DAGs
[2023-06-30T06:08:30.115+0000] {logging_mixin.py:137} INFO - [2023-06-30T06:08:30.114+0000] {dag.py:3427} INFO - Setting next_dagrun for example_branch_labels to 2023-06-29T00:00:00+00:00, run_after=2023-06-30T00:00:00+00:00
[2023-06-30T06:08:30.137+0000] {processor.py:175} INFO - Processing /home/airflow/.local/lib/python3.7/site-packages/airflow/example_dags/example_branch_labels.py took 0.156 seconds
[2023-06-30T06:09:00.452+0000] {processor.py:153} INFO - Started process (PID=1153) to work on /home/airflow/.local/lib/python3.7/site-packages/airflow/example_dags/example_branch_labels.py
[2023-06-30T06:09:00.455+0000] {processor.py:743} INFO - Processing file /home/airflow/.local/lib/python3.7/site-packages/airflow/example_dags/example_branch_labels.py for tasks to queue
[2023-06-30T06:09:00.457+0000] {logging_mixin.py:137} INFO - [2023-06-30T06:09:00.457+0000] {dagbag.py:538} INFO - Filling up the DagBag from /home/airflow/.local/lib/python3.7/site-packages/airflow/example_dags/example_branch_labels.py
[2023-06-30T06:09:00.478+0000] {processor.py:753} INFO - DAG(s) dict_keys(['example_branch_labels']) retrieved from /home/airflow/.local/lib/python3.7/site-packages/airflow/example_dags/example_branch_labels.py
[2023-06-30T06:09:00.532+0000] {logging_mixin.py:137} INFO - [2023-06-30T06:09:00.531+0000] {dag.py:2676} INFO - Sync 1 DAGs
[2023-06-30T06:09:00.568+0000] {logging_mixin.py:137} INFO - [2023-06-30T06:09:00.567+0000] {dag.py:3427} INFO - Setting next_dagrun for example_branch_labels to 2023-06-29T00:00:00+00:00, run_after=2023-06-30T00:00:00+00:00
[2023-06-30T06:09:00.591+0000] {processor.py:175} INFO - Processing /home/airflow/.local/lib/python3.7/site-packages/airflow/example_dags/example_branch_labels.py took 0.145 seconds
[2023-06-30T06:09:30.835+0000] {processor.py:153} INFO - Started process (PID=1219) to work on /home/airflow/.local/lib/python3.7/site-packages/airflow/example_dags/example_branch_labels.py
[2023-06-30T06:09:30.837+0000] {processor.py:743} INFO - Processing file /home/airflow/.local/lib/python3.7/site-packages/airflow/example_dags/example_branch_labels.py for tasks to queue
[2023-06-30T06:09:30.840+0000] {logging_mixin.py:137} INFO - [2023-06-30T06:09:30.839+0000] {dagbag.py:538} INFO - Filling up the DagBag from /home/airflow/.local/lib/python3.7/site-packages/airflow/example_dags/example_branch_labels.py
[2023-06-30T06:09:30.871+0000] {processor.py:753} INFO - DAG(s) dict_keys(['example_branch_labels']) retrieved from /home/airflow/.local/lib/python3.7/site-packages/airflow/example_dags/example_branch_labels.py
[2023-06-30T06:09:30.943+0000] {logging_mixin.py:137} INFO - [2023-06-30T06:09:30.943+0000] {dag.py:2676} INFO - Sync 1 DAGs
[2023-06-30T06:09:30.987+0000] {logging_mixin.py:137} INFO - [2023-06-30T06:09:30.986+0000] {dag.py:3427} INFO - Setting next_dagrun for example_branch_labels to 2023-06-29T00:00:00+00:00, run_after=2023-06-30T00:00:00+00:00
[2023-06-30T06:09:31.018+0000] {processor.py:175} INFO - Processing /home/airflow/.local/lib/python3.7/site-packages/airflow/example_dags/example_branch_labels.py took 0.192 seconds
[2023-06-30T06:10:01.301+0000] {processor.py:153} INFO - Started process (PID=1292) to work on /home/airflow/.local/lib/python3.7/site-packages/airflow/example_dags/example_branch_labels.py
[2023-06-30T06:10:01.304+0000] {processor.py:743} INFO - Processing file /home/airflow/.local/lib/python3.7/site-packages/airflow/example_dags/example_branch_labels.py for tasks to queue
[2023-06-30T06:10:01.307+0000] {logging_mixin.py:137} INFO - [2023-06-30T06:10:01.306+0000] {dagbag.py:538} INFO - Filling up the DagBag from /home/airflow/.local/lib/python3.7/site-packages/airflow/example_dags/example_branch_labels.py
[2023-06-30T06:10:01.335+0000] {processor.py:753} INFO - DAG(s) dict_keys(['example_branch_labels']) retrieved from /home/airflow/.local/lib/python3.7/site-packages/airflow/example_dags/example_branch_labels.py
[2023-06-30T06:10:01.406+0000] {logging_mixin.py:137} INFO - [2023-06-30T06:10:01.406+0000] {dag.py:2676} INFO - Sync 1 DAGs
[2023-06-30T06:10:01.455+0000] {logging_mixin.py:137} INFO - [2023-06-30T06:10:01.455+0000] {dag.py:3427} INFO - Setting next_dagrun for example_branch_labels to 2023-06-29T00:00:00+00:00, run_after=2023-06-30T00:00:00+00:00
[2023-06-30T06:10:01.489+0000] {processor.py:175} INFO - Processing /home/airflow/.local/lib/python3.7/site-packages/airflow/example_dags/example_branch_labels.py took 0.193 seconds
[2023-06-30T06:10:31.710+0000] {processor.py:153} INFO - Started process (PID=1365) to work on /home/airflow/.local/lib/python3.7/site-packages/airflow/example_dags/example_branch_labels.py
[2023-06-30T06:10:31.713+0000] {processor.py:743} INFO - Processing file /home/airflow/.local/lib/python3.7/site-packages/airflow/example_dags/example_branch_labels.py for tasks to queue
[2023-06-30T06:10:31.715+0000] {logging_mixin.py:137} INFO - [2023-06-30T06:10:31.715+0000] {dagbag.py:538} INFO - Filling up the DagBag from /home/airflow/.local/lib/python3.7/site-packages/airflow/example_dags/example_branch_labels.py
[2023-06-30T06:10:31.737+0000] {processor.py:753} INFO - DAG(s) dict_keys(['example_branch_labels']) retrieved from /home/airflow/.local/lib/python3.7/site-packages/airflow/example_dags/example_branch_labels.py
[2023-06-30T06:10:31.792+0000] {logging_mixin.py:137} INFO - [2023-06-30T06:10:31.792+0000] {dag.py:2676} INFO - Sync 1 DAGs
[2023-06-30T06:10:31.829+0000] {logging_mixin.py:137} INFO - [2023-06-30T06:10:31.828+0000] {dag.py:3427} INFO - Setting next_dagrun for example_branch_labels to 2023-06-29T00:00:00+00:00, run_after=2023-06-30T00:00:00+00:00
[2023-06-30T06:10:31.851+0000] {processor.py:175} INFO - Processing /home/airflow/.local/lib/python3.7/site-packages/airflow/example_dags/example_branch_labels.py took 0.146 seconds
[2023-06-30T06:11:02.158+0000] {processor.py:153} INFO - Started process (PID=1431) to work on /home/airflow/.local/lib/python3.7/site-packages/airflow/example_dags/example_branch_labels.py
[2023-06-30T06:11:02.161+0000] {processor.py:743} INFO - Processing file /home/airflow/.local/lib/python3.7/site-packages/airflow/example_dags/example_branch_labels.py for tasks to queue
[2023-06-30T06:11:02.163+0000] {logging_mixin.py:137} INFO - [2023-06-30T06:11:02.163+0000] {dagbag.py:538} INFO - Filling up the DagBag from /home/airflow/.local/lib/python3.7/site-packages/airflow/example_dags/example_branch_labels.py
[2023-06-30T06:11:02.188+0000] {processor.py:753} INFO - DAG(s) dict_keys(['example_branch_labels']) retrieved from /home/airflow/.local/lib/python3.7/site-packages/airflow/example_dags/example_branch_labels.py
[2023-06-30T06:11:02.247+0000] {logging_mixin.py:137} INFO - [2023-06-30T06:11:02.247+0000] {dag.py:2676} INFO - Sync 1 DAGs
[2023-06-30T06:11:02.285+0000] {logging_mixin.py:137} INFO - [2023-06-30T06:11:02.285+0000] {dag.py:3427} INFO - Setting next_dagrun for example_branch_labels to 2023-06-29T00:00:00+00:00, run_after=2023-06-30T00:00:00+00:00
[2023-06-30T06:11:02.310+0000] {processor.py:175} INFO - Processing /home/airflow/.local/lib/python3.7/site-packages/airflow/example_dags/example_branch_labels.py took 0.157 seconds
[2023-06-30T06:11:32.464+0000] {processor.py:153} INFO - Started process (PID=1506) to work on /home/airflow/.local/lib/python3.7/site-packages/airflow/example_dags/example_branch_labels.py
[2023-06-30T06:11:32.467+0000] {processor.py:743} INFO - Processing file /home/airflow/.local/lib/python3.7/site-packages/airflow/example_dags/example_branch_labels.py for tasks to queue
[2023-06-30T06:11:32.469+0000] {logging_mixin.py:137} INFO - [2023-06-30T06:11:32.468+0000] {dagbag.py:538} INFO - Filling up the DagBag from /home/airflow/.local/lib/python3.7/site-packages/airflow/example_dags/example_branch_labels.py
[2023-06-30T06:11:32.493+0000] {processor.py:753} INFO - DAG(s) dict_keys(['example_branch_labels']) retrieved from /home/airflow/.local/lib/python3.7/site-packages/airflow/example_dags/example_branch_labels.py
[2023-06-30T06:11:32.554+0000] {logging_mixin.py:137} INFO - [2023-06-30T06:11:32.554+0000] {dag.py:2676} INFO - Sync 1 DAGs
[2023-06-30T06:11:32.615+0000] {logging_mixin.py:137} INFO - [2023-06-30T06:11:32.615+0000] {dag.py:3427} INFO - Setting next_dagrun for example_branch_labels to 2023-06-29T00:00:00+00:00, run_after=2023-06-30T00:00:00+00:00
[2023-06-30T06:11:32.661+0000] {processor.py:175} INFO - Processing /home/airflow/.local/lib/python3.7/site-packages/airflow/example_dags/example_branch_labels.py took 0.203 seconds
[2023-06-30T06:12:02.804+0000] {processor.py:153} INFO - Started process (PID=1577) to work on /home/airflow/.local/lib/python3.7/site-packages/airflow/example_dags/example_branch_labels.py
[2023-06-30T06:12:02.807+0000] {processor.py:743} INFO - Processing file /home/airflow/.local/lib/python3.7/site-packages/airflow/example_dags/example_branch_labels.py for tasks to queue
[2023-06-30T06:12:02.809+0000] {logging_mixin.py:137} INFO - [2023-06-30T06:12:02.809+0000] {dagbag.py:538} INFO - Filling up the DagBag from /home/airflow/.local/lib/python3.7/site-packages/airflow/example_dags/example_branch_labels.py
[2023-06-30T06:12:02.834+0000] {processor.py:753} INFO - DAG(s) dict_keys(['example_branch_labels']) retrieved from /home/airflow/.local/lib/python3.7/site-packages/airflow/example_dags/example_branch_labels.py
[2023-06-30T06:12:02.893+0000] {logging_mixin.py:137} INFO - [2023-06-30T06:12:02.893+0000] {dag.py:2676} INFO - Sync 1 DAGs
[2023-06-30T06:12:02.934+0000] {logging_mixin.py:137} INFO - [2023-06-30T06:12:02.934+0000] {dag.py:3427} INFO - Setting next_dagrun for example_branch_labels to 2023-06-29T00:00:00+00:00, run_after=2023-06-30T00:00:00+00:00
[2023-06-30T06:12:02.960+0000] {processor.py:175} INFO - Processing /home/airflow/.local/lib/python3.7/site-packages/airflow/example_dags/example_branch_labels.py took 0.161 seconds
[2023-06-30T06:12:33.804+0000] {processor.py:153} INFO - Started process (PID=1643) to work on /home/airflow/.local/lib/python3.7/site-packages/airflow/example_dags/example_branch_labels.py
[2023-06-30T06:12:33.807+0000] {processor.py:743} INFO - Processing file /home/airflow/.local/lib/python3.7/site-packages/airflow/example_dags/example_branch_labels.py for tasks to queue
[2023-06-30T06:12:33.810+0000] {logging_mixin.py:137} INFO - [2023-06-30T06:12:33.809+0000] {dagbag.py:538} INFO - Filling up the DagBag from /home/airflow/.local/lib/python3.7/site-packages/airflow/example_dags/example_branch_labels.py
[2023-06-30T06:12:33.845+0000] {processor.py:753} INFO - DAG(s) dict_keys(['example_branch_labels']) retrieved from /home/airflow/.local/lib/python3.7/site-packages/airflow/example_dags/example_branch_labels.py
[2023-06-30T06:12:33.912+0000] {logging_mixin.py:137} INFO - [2023-06-30T06:12:33.912+0000] {dag.py:2676} INFO - Sync 1 DAGs
[2023-06-30T06:12:33.951+0000] {logging_mixin.py:137} INFO - [2023-06-30T06:12:33.951+0000] {dag.py:3427} INFO - Setting next_dagrun for example_branch_labels to 2023-06-29T00:00:00+00:00, run_after=2023-06-30T00:00:00+00:00
[2023-06-30T06:12:33.976+0000] {processor.py:175} INFO - Processing /home/airflow/.local/lib/python3.7/site-packages/airflow/example_dags/example_branch_labels.py took 0.177 seconds
[2023-06-30T06:13:04.094+0000] {processor.py:153} INFO - Started process (PID=1723) to work on /home/airflow/.local/lib/python3.7/site-packages/airflow/example_dags/example_branch_labels.py
[2023-06-30T06:13:04.096+0000] {processor.py:743} INFO - Processing file /home/airflow/.local/lib/python3.7/site-packages/airflow/example_dags/example_branch_labels.py for tasks to queue
[2023-06-30T06:13:04.098+0000] {logging_mixin.py:137} INFO - [2023-06-30T06:13:04.098+0000] {dagbag.py:538} INFO - Filling up the DagBag from /home/airflow/.local/lib/python3.7/site-packages/airflow/example_dags/example_branch_labels.py
[2023-06-30T06:13:04.122+0000] {processor.py:753} INFO - DAG(s) dict_keys(['example_branch_labels']) retrieved from /home/airflow/.local/lib/python3.7/site-packages/airflow/example_dags/example_branch_labels.py
[2023-06-30T06:13:04.187+0000] {logging_mixin.py:137} INFO - [2023-06-30T06:13:04.186+0000] {dag.py:2676} INFO - Sync 1 DAGs
[2023-06-30T06:13:04.229+0000] {logging_mixin.py:137} INFO - [2023-06-30T06:13:04.229+0000] {dag.py:3427} INFO - Setting next_dagrun for example_branch_labels to 2023-06-29T00:00:00+00:00, run_after=2023-06-30T00:00:00+00:00
[2023-06-30T06:13:04.262+0000] {processor.py:175} INFO - Processing /home/airflow/.local/lib/python3.7/site-packages/airflow/example_dags/example_branch_labels.py took 0.173 seconds
[2023-06-30T06:13:34.573+0000] {processor.py:153} INFO - Started process (PID=1789) to work on /home/airflow/.local/lib/python3.7/site-packages/airflow/example_dags/example_branch_labels.py
[2023-06-30T06:13:34.576+0000] {processor.py:743} INFO - Processing file /home/airflow/.local/lib/python3.7/site-packages/airflow/example_dags/example_branch_labels.py for tasks to queue
[2023-06-30T06:13:34.579+0000] {logging_mixin.py:137} INFO - [2023-06-30T06:13:34.578+0000] {dagbag.py:538} INFO - Filling up the DagBag from /home/airflow/.local/lib/python3.7/site-packages/airflow/example_dags/example_branch_labels.py
[2023-06-30T06:13:34.601+0000] {processor.py:753} INFO - DAG(s) dict_keys(['example_branch_labels']) retrieved from /home/airflow/.local/lib/python3.7/site-packages/airflow/example_dags/example_branch_labels.py
[2023-06-30T06:13:34.653+0000] {logging_mixin.py:137} INFO - [2023-06-30T06:13:34.653+0000] {dag.py:2676} INFO - Sync 1 DAGs
[2023-06-30T06:13:34.689+0000] {logging_mixin.py:137} INFO - [2023-06-30T06:13:34.689+0000] {dag.py:3427} INFO - Setting next_dagrun for example_branch_labels to 2023-06-29T00:00:00+00:00, run_after=2023-06-30T00:00:00+00:00
[2023-06-30T06:13:34.712+0000] {processor.py:175} INFO - Processing /home/airflow/.local/lib/python3.7/site-packages/airflow/example_dags/example_branch_labels.py took 0.143 seconds
[2023-06-30T06:14:05.227+0000] {processor.py:153} INFO - Started process (PID=1855) to work on /home/airflow/.local/lib/python3.7/site-packages/airflow/example_dags/example_branch_labels.py
[2023-06-30T06:14:05.230+0000] {processor.py:743} INFO - Processing file /home/airflow/.local/lib/python3.7/site-packages/airflow/example_dags/example_branch_labels.py for tasks to queue
[2023-06-30T06:14:05.233+0000] {logging_mixin.py:137} INFO - [2023-06-30T06:14:05.233+0000] {dagbag.py:538} INFO - Filling up the DagBag from /home/airflow/.local/lib/python3.7/site-packages/airflow/example_dags/example_branch_labels.py
[2023-06-30T06:14:05.264+0000] {processor.py:753} INFO - DAG(s) dict_keys(['example_branch_labels']) retrieved from /home/airflow/.local/lib/python3.7/site-packages/airflow/example_dags/example_branch_labels.py
[2023-06-30T06:14:05.345+0000] {logging_mixin.py:137} INFO - [2023-06-30T06:14:05.345+0000] {dag.py:2676} INFO - Sync 1 DAGs
[2023-06-30T06:14:05.393+0000] {logging_mixin.py:137} INFO - [2023-06-30T06:14:05.393+0000] {dag.py:3427} INFO - Setting next_dagrun for example_branch_labels to 2023-06-29T00:00:00+00:00, run_after=2023-06-30T00:00:00+00:00
[2023-06-30T06:14:05.428+0000] {processor.py:175} INFO - Processing /home/airflow/.local/lib/python3.7/site-packages/airflow/example_dags/example_branch_labels.py took 0.207 seconds
[2023-06-30T06:14:36.009+0000] {processor.py:153} INFO - Started process (PID=1935) to work on /home/airflow/.local/lib/python3.7/site-packages/airflow/example_dags/example_branch_labels.py
[2023-06-30T06:14:36.011+0000] {processor.py:743} INFO - Processing file /home/airflow/.local/lib/python3.7/site-packages/airflow/example_dags/example_branch_labels.py for tasks to queue
[2023-06-30T06:14:36.014+0000] {logging_mixin.py:137} INFO - [2023-06-30T06:14:36.014+0000] {dagbag.py:538} INFO - Filling up the DagBag from /home/airflow/.local/lib/python3.7/site-packages/airflow/example_dags/example_branch_labels.py
[2023-06-30T06:14:36.047+0000] {processor.py:753} INFO - DAG(s) dict_keys(['example_branch_labels']) retrieved from /home/airflow/.local/lib/python3.7/site-packages/airflow/example_dags/example_branch_labels.py
[2023-06-30T06:14:36.093+0000] {logging_mixin.py:137} INFO - [2023-06-30T06:14:36.093+0000] {dag.py:2676} INFO - Sync 1 DAGs
[2023-06-30T06:14:36.133+0000] {logging_mixin.py:137} INFO - [2023-06-30T06:14:36.133+0000] {dag.py:3427} INFO - Setting next_dagrun for example_branch_labels to 2023-06-29T00:00:00+00:00, run_after=2023-06-30T00:00:00+00:00
[2023-06-30T06:14:36.159+0000] {processor.py:175} INFO - Processing /home/airflow/.local/lib/python3.7/site-packages/airflow/example_dags/example_branch_labels.py took 0.156 seconds
[2023-06-30T06:15:06.593+0000] {processor.py:153} INFO - Started process (PID=2001) to work on /home/airflow/.local/lib/python3.7/site-packages/airflow/example_dags/example_branch_labels.py
[2023-06-30T06:15:06.595+0000] {processor.py:743} INFO - Processing file /home/airflow/.local/lib/python3.7/site-packages/airflow/example_dags/example_branch_labels.py for tasks to queue
[2023-06-30T06:15:06.598+0000] {logging_mixin.py:137} INFO - [2023-06-30T06:15:06.598+0000] {dagbag.py:538} INFO - Filling up the DagBag from /home/airflow/.local/lib/python3.7/site-packages/airflow/example_dags/example_branch_labels.py
[2023-06-30T06:15:06.619+0000] {processor.py:753} INFO - DAG(s) dict_keys(['example_branch_labels']) retrieved from /home/airflow/.local/lib/python3.7/site-packages/airflow/example_dags/example_branch_labels.py
[2023-06-30T06:15:06.672+0000] {logging_mixin.py:137} INFO - [2023-06-30T06:15:06.672+0000] {dag.py:2676} INFO - Sync 1 DAGs
[2023-06-30T06:15:06.718+0000] {logging_mixin.py:137} INFO - [2023-06-30T06:15:06.718+0000] {dag.py:3427} INFO - Setting next_dagrun for example_branch_labels to 2023-06-29T00:00:00+00:00, run_after=2023-06-30T00:00:00+00:00
[2023-06-30T06:15:06.746+0000] {processor.py:175} INFO - Processing /home/airflow/.local/lib/python3.7/site-packages/airflow/example_dags/example_branch_labels.py took 0.158 seconds
[2023-06-30T06:15:37.158+0000] {processor.py:153} INFO - Started process (PID=2076) to work on /home/airflow/.local/lib/python3.7/site-packages/airflow/example_dags/example_branch_labels.py
[2023-06-30T06:15:37.162+0000] {processor.py:743} INFO - Processing file /home/airflow/.local/lib/python3.7/site-packages/airflow/example_dags/example_branch_labels.py for tasks to queue
[2023-06-30T06:15:37.165+0000] {logging_mixin.py:137} INFO - [2023-06-30T06:15:37.164+0000] {dagbag.py:538} INFO - Filling up the DagBag from /home/airflow/.local/lib/python3.7/site-packages/airflow/example_dags/example_branch_labels.py
[2023-06-30T06:15:37.194+0000] {processor.py:753} INFO - DAG(s) dict_keys(['example_branch_labels']) retrieved from /home/airflow/.local/lib/python3.7/site-packages/airflow/example_dags/example_branch_labels.py
[2023-06-30T06:15:37.251+0000] {logging_mixin.py:137} INFO - [2023-06-30T06:15:37.251+0000] {dag.py:2676} INFO - Sync 1 DAGs
[2023-06-30T06:15:37.307+0000] {logging_mixin.py:137} INFO - [2023-06-30T06:15:37.307+0000] {dag.py:3427} INFO - Setting next_dagrun for example_branch_labels to 2023-06-29T00:00:00+00:00, run_after=2023-06-30T00:00:00+00:00
[2023-06-30T06:15:37.343+0000] {processor.py:175} INFO - Processing /home/airflow/.local/lib/python3.7/site-packages/airflow/example_dags/example_branch_labels.py took 0.192 seconds
[2023-06-30T06:16:07.684+0000] {processor.py:153} INFO - Started process (PID=2147) to work on /home/airflow/.local/lib/python3.7/site-packages/airflow/example_dags/example_branch_labels.py
[2023-06-30T06:16:07.687+0000] {processor.py:743} INFO - Processing file /home/airflow/.local/lib/python3.7/site-packages/airflow/example_dags/example_branch_labels.py for tasks to queue
[2023-06-30T06:16:07.690+0000] {logging_mixin.py:137} INFO - [2023-06-30T06:16:07.689+0000] {dagbag.py:538} INFO - Filling up the DagBag from /home/airflow/.local/lib/python3.7/site-packages/airflow/example_dags/example_branch_labels.py
[2023-06-30T06:16:07.712+0000] {processor.py:753} INFO - DAG(s) dict_keys(['example_branch_labels']) retrieved from /home/airflow/.local/lib/python3.7/site-packages/airflow/example_dags/example_branch_labels.py
[2023-06-30T06:16:07.768+0000] {logging_mixin.py:137} INFO - [2023-06-30T06:16:07.768+0000] {dag.py:2676} INFO - Sync 1 DAGs
[2023-06-30T06:16:07.808+0000] {logging_mixin.py:137} INFO - [2023-06-30T06:16:07.807+0000] {dag.py:3427} INFO - Setting next_dagrun for example_branch_labels to 2023-06-29T00:00:00+00:00, run_after=2023-06-30T00:00:00+00:00
[2023-06-30T06:16:07.836+0000] {processor.py:175} INFO - Processing /home/airflow/.local/lib/python3.7/site-packages/airflow/example_dags/example_branch_labels.py took 0.158 seconds
[2023-06-30T06:16:38.013+0000] {processor.py:153} INFO - Started process (PID=2213) to work on /home/airflow/.local/lib/python3.7/site-packages/airflow/example_dags/example_branch_labels.py
[2023-06-30T06:16:38.016+0000] {processor.py:743} INFO - Processing file /home/airflow/.local/lib/python3.7/site-packages/airflow/example_dags/example_branch_labels.py for tasks to queue
[2023-06-30T06:16:38.020+0000] {logging_mixin.py:137} INFO - [2023-06-30T06:16:38.020+0000] {dagbag.py:538} INFO - Filling up the DagBag from /home/airflow/.local/lib/python3.7/site-packages/airflow/example_dags/example_branch_labels.py
[2023-06-30T06:16:38.049+0000] {processor.py:753} INFO - DAG(s) dict_keys(['example_branch_labels']) retrieved from /home/airflow/.local/lib/python3.7/site-packages/airflow/example_dags/example_branch_labels.py
[2023-06-30T06:16:38.107+0000] {logging_mixin.py:137} INFO - [2023-06-30T06:16:38.107+0000] {dag.py:2676} INFO - Sync 1 DAGs
[2023-06-30T06:16:38.145+0000] {logging_mixin.py:137} INFO - [2023-06-30T06:16:38.145+0000] {dag.py:3427} INFO - Setting next_dagrun for example_branch_labels to 2023-06-29T00:00:00+00:00, run_after=2023-06-30T00:00:00+00:00
[2023-06-30T06:16:38.173+0000] {processor.py:175} INFO - Processing /home/airflow/.local/lib/python3.7/site-packages/airflow/example_dags/example_branch_labels.py took 0.165 seconds
[2023-06-30T06:17:08.667+0000] {processor.py:153} INFO - Started process (PID=2293) to work on /home/airflow/.local/lib/python3.7/site-packages/airflow/example_dags/example_branch_labels.py
[2023-06-30T06:17:08.669+0000] {processor.py:743} INFO - Processing file /home/airflow/.local/lib/python3.7/site-packages/airflow/example_dags/example_branch_labels.py for tasks to queue
[2023-06-30T06:17:08.671+0000] {logging_mixin.py:137} INFO - [2023-06-30T06:17:08.671+0000] {dagbag.py:538} INFO - Filling up the DagBag from /home/airflow/.local/lib/python3.7/site-packages/airflow/example_dags/example_branch_labels.py
[2023-06-30T06:17:08.692+0000] {processor.py:753} INFO - DAG(s) dict_keys(['example_branch_labels']) retrieved from /home/airflow/.local/lib/python3.7/site-packages/airflow/example_dags/example_branch_labels.py
[2023-06-30T06:17:08.743+0000] {logging_mixin.py:137} INFO - [2023-06-30T06:17:08.743+0000] {dag.py:2676} INFO - Sync 1 DAGs
[2023-06-30T06:17:08.776+0000] {logging_mixin.py:137} INFO - [2023-06-30T06:17:08.776+0000] {dag.py:3427} INFO - Setting next_dagrun for example_branch_labels to 2023-06-29T00:00:00+00:00, run_after=2023-06-30T00:00:00+00:00
[2023-06-30T06:17:08.799+0000] {processor.py:175} INFO - Processing /home/airflow/.local/lib/python3.7/site-packages/airflow/example_dags/example_branch_labels.py took 0.137 seconds
