[2023-06-30T06:01:11.424+0000] {processor.py:153} INFO - Started process (PID=73) to work on /home/airflow/.local/lib/python3.7/site-packages/airflow/example_dags/example_complex.py
[2023-06-30T06:01:11.426+0000] {processor.py:743} INFO - Processing file /home/airflow/.local/lib/python3.7/site-packages/airflow/example_dags/example_complex.py for tasks to queue
[2023-06-30T06:01:11.429+0000] {logging_mixin.py:137} INFO - [2023-06-30T06:01:11.428+0000] {dagbag.py:538} INFO - Filling up the DagBag from /home/airflow/.local/lib/python3.7/site-packages/airflow/example_dags/example_complex.py
[2023-06-30T06:01:11.450+0000] {logging_mixin.py:137} INFO - [2023-06-30T06:01:11.450+0000] {taskmixin.py:205} WARNING - Dependency <Task(BashOperator): create_entry_group>, delete_entry_group already registered for DAG: example_complex
[2023-06-30T06:01:11.452+0000] {logging_mixin.py:137} INFO - [2023-06-30T06:01:11.452+0000] {taskmixin.py:205} WARNING - Dependency <Task(BashOperator): delete_entry_group>, create_entry_group already registered for DAG: example_complex
[2023-06-30T06:01:11.454+0000] {logging_mixin.py:137} INFO - [2023-06-30T06:01:11.454+0000] {taskmixin.py:205} WARNING - Dependency <Task(BashOperator): create_entry_gcs>, delete_entry already registered for DAG: example_complex
[2023-06-30T06:01:11.456+0000] {logging_mixin.py:137} INFO - [2023-06-30T06:01:11.455+0000] {taskmixin.py:205} WARNING - Dependency <Task(BashOperator): delete_entry>, create_entry_gcs already registered for DAG: example_complex
[2023-06-30T06:01:11.457+0000] {logging_mixin.py:137} INFO - [2023-06-30T06:01:11.457+0000] {taskmixin.py:205} WARNING - Dependency <Task(BashOperator): create_tag>, delete_tag already registered for DAG: example_complex
[2023-06-30T06:01:11.459+0000] {logging_mixin.py:137} INFO - [2023-06-30T06:01:11.458+0000] {taskmixin.py:205} WARNING - Dependency <Task(BashOperator): delete_tag>, create_tag already registered for DAG: example_complex
[2023-06-30T06:01:11.470+0000] {processor.py:753} INFO - DAG(s) dict_keys(['example_complex']) retrieved from /home/airflow/.local/lib/python3.7/site-packages/airflow/example_dags/example_complex.py
[2023-06-30T06:01:11.542+0000] {logging_mixin.py:137} INFO - [2023-06-30T06:01:11.542+0000] {dag.py:2676} INFO - Sync 1 DAGs
[2023-06-30T06:01:11.585+0000] {logging_mixin.py:137} INFO - [2023-06-30T06:01:11.584+0000] {dag.py:3427} INFO - Setting next_dagrun for example_complex to None, run_after=None
[2023-06-30T06:01:11.632+0000] {processor.py:175} INFO - Processing /home/airflow/.local/lib/python3.7/site-packages/airflow/example_dags/example_complex.py took 0.212 seconds
[2023-06-30T06:01:49.612+0000] {processor.py:153} INFO - Started process (PID=154) to work on /home/airflow/.local/lib/python3.7/site-packages/airflow/example_dags/example_complex.py
[2023-06-30T06:01:49.616+0000] {processor.py:743} INFO - Processing file /home/airflow/.local/lib/python3.7/site-packages/airflow/example_dags/example_complex.py for tasks to queue
[2023-06-30T06:01:49.623+0000] {logging_mixin.py:137} INFO - [2023-06-30T06:01:49.623+0000] {dagbag.py:538} INFO - Filling up the DagBag from /home/airflow/.local/lib/python3.7/site-packages/airflow/example_dags/example_complex.py
[2023-06-30T06:01:49.666+0000] {logging_mixin.py:137} INFO - [2023-06-30T06:01:49.666+0000] {taskmixin.py:205} WARNING - Dependency <Task(BashOperator): create_entry_group>, delete_entry_group already registered for DAG: example_complex
[2023-06-30T06:01:49.670+0000] {logging_mixin.py:137} INFO - [2023-06-30T06:01:49.669+0000] {taskmixin.py:205} WARNING - Dependency <Task(BashOperator): delete_entry_group>, create_entry_group already registered for DAG: example_complex
[2023-06-30T06:01:49.685+0000] {logging_mixin.py:137} INFO - [2023-06-30T06:01:49.685+0000] {taskmixin.py:205} WARNING - Dependency <Task(BashOperator): create_entry_gcs>, delete_entry already registered for DAG: example_complex
[2023-06-30T06:01:49.689+0000] {logging_mixin.py:137} INFO - [2023-06-30T06:01:49.688+0000] {taskmixin.py:205} WARNING - Dependency <Task(BashOperator): delete_entry>, create_entry_gcs already registered for DAG: example_complex
[2023-06-30T06:01:49.695+0000] {logging_mixin.py:137} INFO - [2023-06-30T06:01:49.695+0000] {taskmixin.py:205} WARNING - Dependency <Task(BashOperator): create_tag>, delete_tag already registered for DAG: example_complex
[2023-06-30T06:01:49.698+0000] {logging_mixin.py:137} INFO - [2023-06-30T06:01:49.697+0000] {taskmixin.py:205} WARNING - Dependency <Task(BashOperator): delete_tag>, create_tag already registered for DAG: example_complex
[2023-06-30T06:01:49.737+0000] {processor.py:753} INFO - DAG(s) dict_keys(['example_complex']) retrieved from /home/airflow/.local/lib/python3.7/site-packages/airflow/example_dags/example_complex.py
[2023-06-30T06:01:50.234+0000] {logging_mixin.py:137} INFO - [2023-06-30T06:01:50.233+0000] {dag.py:2676} INFO - Sync 1 DAGs
[2023-06-30T06:01:50.346+0000] {logging_mixin.py:137} INFO - [2023-06-30T06:01:50.346+0000] {dag.py:3427} INFO - Setting next_dagrun for example_complex to None, run_after=None
[2023-06-30T06:01:50.420+0000] {processor.py:175} INFO - Processing /home/airflow/.local/lib/python3.7/site-packages/airflow/example_dags/example_complex.py took 0.813 seconds
[2023-06-30T06:02:20.919+0000] {processor.py:153} INFO - Started process (PID=220) to work on /home/airflow/.local/lib/python3.7/site-packages/airflow/example_dags/example_complex.py
[2023-06-30T06:02:20.923+0000] {processor.py:743} INFO - Processing file /home/airflow/.local/lib/python3.7/site-packages/airflow/example_dags/example_complex.py for tasks to queue
[2023-06-30T06:02:20.925+0000] {logging_mixin.py:137} INFO - [2023-06-30T06:02:20.925+0000] {dagbag.py:538} INFO - Filling up the DagBag from /home/airflow/.local/lib/python3.7/site-packages/airflow/example_dags/example_complex.py
[2023-06-30T06:02:20.950+0000] {logging_mixin.py:137} INFO - [2023-06-30T06:02:20.950+0000] {taskmixin.py:205} WARNING - Dependency <Task(BashOperator): create_entry_group>, delete_entry_group already registered for DAG: example_complex
[2023-06-30T06:02:20.952+0000] {logging_mixin.py:137} INFO - [2023-06-30T06:02:20.952+0000] {taskmixin.py:205} WARNING - Dependency <Task(BashOperator): delete_entry_group>, create_entry_group already registered for DAG: example_complex
[2023-06-30T06:02:20.953+0000] {logging_mixin.py:137} INFO - [2023-06-30T06:02:20.953+0000] {taskmixin.py:205} WARNING - Dependency <Task(BashOperator): create_entry_gcs>, delete_entry already registered for DAG: example_complex
[2023-06-30T06:02:20.955+0000] {logging_mixin.py:137} INFO - [2023-06-30T06:02:20.954+0000] {taskmixin.py:205} WARNING - Dependency <Task(BashOperator): delete_entry>, create_entry_gcs already registered for DAG: example_complex
[2023-06-30T06:02:20.957+0000] {logging_mixin.py:137} INFO - [2023-06-30T06:02:20.956+0000] {taskmixin.py:205} WARNING - Dependency <Task(BashOperator): create_tag>, delete_tag already registered for DAG: example_complex
[2023-06-30T06:02:20.959+0000] {logging_mixin.py:137} INFO - [2023-06-30T06:02:20.959+0000] {taskmixin.py:205} WARNING - Dependency <Task(BashOperator): delete_tag>, create_tag already registered for DAG: example_complex
[2023-06-30T06:02:20.973+0000] {processor.py:753} INFO - DAG(s) dict_keys(['example_complex']) retrieved from /home/airflow/.local/lib/python3.7/site-packages/airflow/example_dags/example_complex.py
[2023-06-30T06:02:21.070+0000] {logging_mixin.py:137} INFO - [2023-06-30T06:02:21.069+0000] {dag.py:2676} INFO - Sync 1 DAGs
[2023-06-30T06:02:21.154+0000] {logging_mixin.py:137} INFO - [2023-06-30T06:02:21.154+0000] {dag.py:3427} INFO - Setting next_dagrun for example_complex to None, run_after=None
[2023-06-30T06:02:21.235+0000] {processor.py:175} INFO - Processing /home/airflow/.local/lib/python3.7/site-packages/airflow/example_dags/example_complex.py took 0.329 seconds
[2023-06-30T06:02:51.608+0000] {processor.py:153} INFO - Started process (PID=286) to work on /home/airflow/.local/lib/python3.7/site-packages/airflow/example_dags/example_complex.py
[2023-06-30T06:02:51.616+0000] {processor.py:743} INFO - Processing file /home/airflow/.local/lib/python3.7/site-packages/airflow/example_dags/example_complex.py for tasks to queue
[2023-06-30T06:02:51.634+0000] {logging_mixin.py:137} INFO - [2023-06-30T06:02:51.633+0000] {dagbag.py:538} INFO - Filling up the DagBag from /home/airflow/.local/lib/python3.7/site-packages/airflow/example_dags/example_complex.py
[2023-06-30T06:02:51.676+0000] {logging_mixin.py:137} INFO - [2023-06-30T06:02:51.675+0000] {taskmixin.py:205} WARNING - Dependency <Task(BashOperator): create_entry_group>, delete_entry_group already registered for DAG: example_complex
[2023-06-30T06:02:51.678+0000] {logging_mixin.py:137} INFO - [2023-06-30T06:02:51.678+0000] {taskmixin.py:205} WARNING - Dependency <Task(BashOperator): delete_entry_group>, create_entry_group already registered for DAG: example_complex
[2023-06-30T06:02:51.679+0000] {logging_mixin.py:137} INFO - [2023-06-30T06:02:51.679+0000] {taskmixin.py:205} WARNING - Dependency <Task(BashOperator): create_entry_gcs>, delete_entry already registered for DAG: example_complex
[2023-06-30T06:02:51.680+0000] {logging_mixin.py:137} INFO - [2023-06-30T06:02:51.680+0000] {taskmixin.py:205} WARNING - Dependency <Task(BashOperator): delete_entry>, create_entry_gcs already registered for DAG: example_complex
[2023-06-30T06:02:51.682+0000] {logging_mixin.py:137} INFO - [2023-06-30T06:02:51.682+0000] {taskmixin.py:205} WARNING - Dependency <Task(BashOperator): create_tag>, delete_tag already registered for DAG: example_complex
[2023-06-30T06:02:51.683+0000] {logging_mixin.py:137} INFO - [2023-06-30T06:02:51.683+0000] {taskmixin.py:205} WARNING - Dependency <Task(BashOperator): delete_tag>, create_tag already registered for DAG: example_complex
[2023-06-30T06:02:51.693+0000] {processor.py:753} INFO - DAG(s) dict_keys(['example_complex']) retrieved from /home/airflow/.local/lib/python3.7/site-packages/airflow/example_dags/example_complex.py
[2023-06-30T06:02:51.744+0000] {logging_mixin.py:137} INFO - [2023-06-30T06:02:51.743+0000] {dag.py:2676} INFO - Sync 1 DAGs
[2023-06-30T06:02:51.772+0000] {logging_mixin.py:137} INFO - [2023-06-30T06:02:51.772+0000] {dag.py:3427} INFO - Setting next_dagrun for example_complex to None, run_after=None
[2023-06-30T06:02:51.793+0000] {processor.py:175} INFO - Processing /home/airflow/.local/lib/python3.7/site-packages/airflow/example_dags/example_complex.py took 0.211 seconds
[2023-06-30T06:03:22.427+0000] {processor.py:153} INFO - Started process (PID=352) to work on /home/airflow/.local/lib/python3.7/site-packages/airflow/example_dags/example_complex.py
[2023-06-30T06:03:22.429+0000] {processor.py:743} INFO - Processing file /home/airflow/.local/lib/python3.7/site-packages/airflow/example_dags/example_complex.py for tasks to queue
[2023-06-30T06:03:22.431+0000] {logging_mixin.py:137} INFO - [2023-06-30T06:03:22.431+0000] {dagbag.py:538} INFO - Filling up the DagBag from /home/airflow/.local/lib/python3.7/site-packages/airflow/example_dags/example_complex.py
[2023-06-30T06:03:22.458+0000] {logging_mixin.py:137} INFO - [2023-06-30T06:03:22.458+0000] {taskmixin.py:205} WARNING - Dependency <Task(BashOperator): create_entry_group>, delete_entry_group already registered for DAG: example_complex
[2023-06-30T06:03:22.462+0000] {logging_mixin.py:137} INFO - [2023-06-30T06:03:22.459+0000] {taskmixin.py:205} WARNING - Dependency <Task(BashOperator): delete_entry_group>, create_entry_group already registered for DAG: example_complex
[2023-06-30T06:03:22.463+0000] {logging_mixin.py:137} INFO - [2023-06-30T06:03:22.463+0000] {taskmixin.py:205} WARNING - Dependency <Task(BashOperator): create_entry_gcs>, delete_entry already registered for DAG: example_complex
[2023-06-30T06:03:22.465+0000] {logging_mixin.py:137} INFO - [2023-06-30T06:03:22.464+0000] {taskmixin.py:205} WARNING - Dependency <Task(BashOperator): delete_entry>, create_entry_gcs already registered for DAG: example_complex
[2023-06-30T06:03:22.466+0000] {logging_mixin.py:137} INFO - [2023-06-30T06:03:22.466+0000] {taskmixin.py:205} WARNING - Dependency <Task(BashOperator): create_tag>, delete_tag already registered for DAG: example_complex
[2023-06-30T06:03:22.468+0000] {logging_mixin.py:137} INFO - [2023-06-30T06:03:22.468+0000] {taskmixin.py:205} WARNING - Dependency <Task(BashOperator): delete_tag>, create_tag already registered for DAG: example_complex
[2023-06-30T06:03:22.480+0000] {processor.py:753} INFO - DAG(s) dict_keys(['example_complex']) retrieved from /home/airflow/.local/lib/python3.7/site-packages/airflow/example_dags/example_complex.py
[2023-06-30T06:03:22.571+0000] {logging_mixin.py:137} INFO - [2023-06-30T06:03:22.571+0000] {dag.py:2676} INFO - Sync 1 DAGs
[2023-06-30T06:03:22.623+0000] {logging_mixin.py:137} INFO - [2023-06-30T06:03:22.623+0000] {dag.py:3427} INFO - Setting next_dagrun for example_complex to None, run_after=None
[2023-06-30T06:03:22.660+0000] {processor.py:175} INFO - Processing /home/airflow/.local/lib/python3.7/site-packages/airflow/example_dags/example_complex.py took 0.239 seconds
[2023-06-30T06:03:52.832+0000] {processor.py:153} INFO - Started process (PID=432) to work on /home/airflow/.local/lib/python3.7/site-packages/airflow/example_dags/example_complex.py
[2023-06-30T06:03:52.836+0000] {processor.py:743} INFO - Processing file /home/airflow/.local/lib/python3.7/site-packages/airflow/example_dags/example_complex.py for tasks to queue
[2023-06-30T06:03:52.838+0000] {logging_mixin.py:137} INFO - [2023-06-30T06:03:52.838+0000] {dagbag.py:538} INFO - Filling up the DagBag from /home/airflow/.local/lib/python3.7/site-packages/airflow/example_dags/example_complex.py
[2023-06-30T06:03:52.856+0000] {logging_mixin.py:137} INFO - [2023-06-30T06:03:52.856+0000] {taskmixin.py:205} WARNING - Dependency <Task(BashOperator): create_entry_group>, delete_entry_group already registered for DAG: example_complex
[2023-06-30T06:03:52.858+0000] {logging_mixin.py:137} INFO - [2023-06-30T06:03:52.857+0000] {taskmixin.py:205} WARNING - Dependency <Task(BashOperator): delete_entry_group>, create_entry_group already registered for DAG: example_complex
[2023-06-30T06:03:52.859+0000] {logging_mixin.py:137} INFO - [2023-06-30T06:03:52.859+0000] {taskmixin.py:205} WARNING - Dependency <Task(BashOperator): create_entry_gcs>, delete_entry already registered for DAG: example_complex
[2023-06-30T06:03:52.861+0000] {logging_mixin.py:137} INFO - [2023-06-30T06:03:52.860+0000] {taskmixin.py:205} WARNING - Dependency <Task(BashOperator): delete_entry>, create_entry_gcs already registered for DAG: example_complex
[2023-06-30T06:03:52.862+0000] {logging_mixin.py:137} INFO - [2023-06-30T06:03:52.862+0000] {taskmixin.py:205} WARNING - Dependency <Task(BashOperator): create_tag>, delete_tag already registered for DAG: example_complex
[2023-06-30T06:03:52.863+0000] {logging_mixin.py:137} INFO - [2023-06-30T06:03:52.863+0000] {taskmixin.py:205} WARNING - Dependency <Task(BashOperator): delete_tag>, create_tag already registered for DAG: example_complex
[2023-06-30T06:03:52.874+0000] {processor.py:753} INFO - DAG(s) dict_keys(['example_complex']) retrieved from /home/airflow/.local/lib/python3.7/site-packages/airflow/example_dags/example_complex.py
[2023-06-30T06:03:52.932+0000] {logging_mixin.py:137} INFO - [2023-06-30T06:03:52.932+0000] {dag.py:2676} INFO - Sync 1 DAGs
[2023-06-30T06:03:52.967+0000] {logging_mixin.py:137} INFO - [2023-06-30T06:03:52.967+0000] {dag.py:3427} INFO - Setting next_dagrun for example_complex to None, run_after=None
[2023-06-30T06:03:52.991+0000] {processor.py:175} INFO - Processing /home/airflow/.local/lib/python3.7/site-packages/airflow/example_dags/example_complex.py took 0.163 seconds
[2023-06-30T06:04:23.153+0000] {processor.py:153} INFO - Started process (PID=497) to work on /home/airflow/.local/lib/python3.7/site-packages/airflow/example_dags/example_complex.py
[2023-06-30T06:04:23.155+0000] {processor.py:743} INFO - Processing file /home/airflow/.local/lib/python3.7/site-packages/airflow/example_dags/example_complex.py for tasks to queue
[2023-06-30T06:04:23.157+0000] {logging_mixin.py:137} INFO - [2023-06-30T06:04:23.157+0000] {dagbag.py:538} INFO - Filling up the DagBag from /home/airflow/.local/lib/python3.7/site-packages/airflow/example_dags/example_complex.py
[2023-06-30T06:04:23.175+0000] {logging_mixin.py:137} INFO - [2023-06-30T06:04:23.175+0000] {taskmixin.py:205} WARNING - Dependency <Task(BashOperator): create_entry_group>, delete_entry_group already registered for DAG: example_complex
[2023-06-30T06:04:23.176+0000] {logging_mixin.py:137} INFO - [2023-06-30T06:04:23.176+0000] {taskmixin.py:205} WARNING - Dependency <Task(BashOperator): delete_entry_group>, create_entry_group already registered for DAG: example_complex
[2023-06-30T06:04:23.177+0000] {logging_mixin.py:137} INFO - [2023-06-30T06:04:23.177+0000] {taskmixin.py:205} WARNING - Dependency <Task(BashOperator): create_entry_gcs>, delete_entry already registered for DAG: example_complex
[2023-06-30T06:04:23.178+0000] {logging_mixin.py:137} INFO - [2023-06-30T06:04:23.178+0000] {taskmixin.py:205} WARNING - Dependency <Task(BashOperator): delete_entry>, create_entry_gcs already registered for DAG: example_complex
[2023-06-30T06:04:23.180+0000] {logging_mixin.py:137} INFO - [2023-06-30T06:04:23.180+0000] {taskmixin.py:205} WARNING - Dependency <Task(BashOperator): create_tag>, delete_tag already registered for DAG: example_complex
[2023-06-30T06:04:23.181+0000] {logging_mixin.py:137} INFO - [2023-06-30T06:04:23.181+0000] {taskmixin.py:205} WARNING - Dependency <Task(BashOperator): delete_tag>, create_tag already registered for DAG: example_complex
[2023-06-30T06:04:23.191+0000] {processor.py:753} INFO - DAG(s) dict_keys(['example_complex']) retrieved from /home/airflow/.local/lib/python3.7/site-packages/airflow/example_dags/example_complex.py
[2023-06-30T06:04:23.246+0000] {logging_mixin.py:137} INFO - [2023-06-30T06:04:23.245+0000] {dag.py:2676} INFO - Sync 1 DAGs
[2023-06-30T06:04:23.276+0000] {logging_mixin.py:137} INFO - [2023-06-30T06:04:23.276+0000] {dag.py:3427} INFO - Setting next_dagrun for example_complex to None, run_after=None
[2023-06-30T06:04:23.296+0000] {processor.py:175} INFO - Processing /home/airflow/.local/lib/python3.7/site-packages/airflow/example_dags/example_complex.py took 0.148 seconds
[2023-06-30T06:04:54.245+0000] {processor.py:153} INFO - Started process (PID=577) to work on /home/airflow/.local/lib/python3.7/site-packages/airflow/example_dags/example_complex.py
[2023-06-30T06:04:54.248+0000] {processor.py:743} INFO - Processing file /home/airflow/.local/lib/python3.7/site-packages/airflow/example_dags/example_complex.py for tasks to queue
[2023-06-30T06:04:54.250+0000] {logging_mixin.py:137} INFO - [2023-06-30T06:04:54.250+0000] {dagbag.py:538} INFO - Filling up the DagBag from /home/airflow/.local/lib/python3.7/site-packages/airflow/example_dags/example_complex.py
[2023-06-30T06:04:54.286+0000] {logging_mixin.py:137} INFO - [2023-06-30T06:04:54.285+0000] {taskmixin.py:205} WARNING - Dependency <Task(BashOperator): create_entry_group>, delete_entry_group already registered for DAG: example_complex
[2023-06-30T06:04:54.288+0000] {logging_mixin.py:137} INFO - [2023-06-30T06:04:54.288+0000] {taskmixin.py:205} WARNING - Dependency <Task(BashOperator): delete_entry_group>, create_entry_group already registered for DAG: example_complex
[2023-06-30T06:04:54.291+0000] {logging_mixin.py:137} INFO - [2023-06-30T06:04:54.291+0000] {taskmixin.py:205} WARNING - Dependency <Task(BashOperator): create_entry_gcs>, delete_entry already registered for DAG: example_complex
[2023-06-30T06:04:54.296+0000] {logging_mixin.py:137} INFO - [2023-06-30T06:04:54.295+0000] {taskmixin.py:205} WARNING - Dependency <Task(BashOperator): delete_entry>, create_entry_gcs already registered for DAG: example_complex
[2023-06-30T06:04:54.299+0000] {logging_mixin.py:137} INFO - [2023-06-30T06:04:54.299+0000] {taskmixin.py:205} WARNING - Dependency <Task(BashOperator): create_tag>, delete_tag already registered for DAG: example_complex
[2023-06-30T06:04:54.301+0000] {logging_mixin.py:137} INFO - [2023-06-30T06:04:54.300+0000] {taskmixin.py:205} WARNING - Dependency <Task(BashOperator): delete_tag>, create_tag already registered for DAG: example_complex
[2023-06-30T06:04:54.323+0000] {processor.py:753} INFO - DAG(s) dict_keys(['example_complex']) retrieved from /home/airflow/.local/lib/python3.7/site-packages/airflow/example_dags/example_complex.py
[2023-06-30T06:04:54.413+0000] {logging_mixin.py:137} INFO - [2023-06-30T06:04:54.412+0000] {dag.py:2676} INFO - Sync 1 DAGs
[2023-06-30T06:04:54.456+0000] {logging_mixin.py:137} INFO - [2023-06-30T06:04:54.456+0000] {dag.py:3427} INFO - Setting next_dagrun for example_complex to None, run_after=None
[2023-06-30T06:04:54.488+0000] {processor.py:175} INFO - Processing /home/airflow/.local/lib/python3.7/site-packages/airflow/example_dags/example_complex.py took 0.249 seconds
[2023-06-30T06:05:25.431+0000] {processor.py:153} INFO - Started process (PID=643) to work on /home/airflow/.local/lib/python3.7/site-packages/airflow/example_dags/example_complex.py
[2023-06-30T06:05:25.434+0000] {processor.py:743} INFO - Processing file /home/airflow/.local/lib/python3.7/site-packages/airflow/example_dags/example_complex.py for tasks to queue
[2023-06-30T06:05:25.436+0000] {logging_mixin.py:137} INFO - [2023-06-30T06:05:25.436+0000] {dagbag.py:538} INFO - Filling up the DagBag from /home/airflow/.local/lib/python3.7/site-packages/airflow/example_dags/example_complex.py
[2023-06-30T06:05:25.455+0000] {logging_mixin.py:137} INFO - [2023-06-30T06:05:25.455+0000] {taskmixin.py:205} WARNING - Dependency <Task(BashOperator): create_entry_group>, delete_entry_group already registered for DAG: example_complex
[2023-06-30T06:05:25.457+0000] {logging_mixin.py:137} INFO - [2023-06-30T06:05:25.457+0000] {taskmixin.py:205} WARNING - Dependency <Task(BashOperator): delete_entry_group>, create_entry_group already registered for DAG: example_complex
[2023-06-30T06:05:25.459+0000] {logging_mixin.py:137} INFO - [2023-06-30T06:05:25.458+0000] {taskmixin.py:205} WARNING - Dependency <Task(BashOperator): create_entry_gcs>, delete_entry already registered for DAG: example_complex
[2023-06-30T06:05:25.460+0000] {logging_mixin.py:137} INFO - [2023-06-30T06:05:25.460+0000] {taskmixin.py:205} WARNING - Dependency <Task(BashOperator): delete_entry>, create_entry_gcs already registered for DAG: example_complex
[2023-06-30T06:05:25.462+0000] {logging_mixin.py:137} INFO - [2023-06-30T06:05:25.462+0000] {taskmixin.py:205} WARNING - Dependency <Task(BashOperator): create_tag>, delete_tag already registered for DAG: example_complex
[2023-06-30T06:05:25.464+0000] {logging_mixin.py:137} INFO - [2023-06-30T06:05:25.463+0000] {taskmixin.py:205} WARNING - Dependency <Task(BashOperator): delete_tag>, create_tag already registered for DAG: example_complex
[2023-06-30T06:05:25.476+0000] {processor.py:753} INFO - DAG(s) dict_keys(['example_complex']) retrieved from /home/airflow/.local/lib/python3.7/site-packages/airflow/example_dags/example_complex.py
[2023-06-30T06:05:25.538+0000] {logging_mixin.py:137} INFO - [2023-06-30T06:05:25.538+0000] {dag.py:2676} INFO - Sync 1 DAGs
[2023-06-30T06:05:25.584+0000] {logging_mixin.py:137} INFO - [2023-06-30T06:05:25.584+0000] {dag.py:3427} INFO - Setting next_dagrun for example_complex to None, run_after=None
[2023-06-30T06:05:25.638+0000] {processor.py:175} INFO - Processing /home/airflow/.local/lib/python3.7/site-packages/airflow/example_dags/example_complex.py took 0.212 seconds
[2023-06-30T06:05:55.825+0000] {processor.py:153} INFO - Started process (PID=709) to work on /home/airflow/.local/lib/python3.7/site-packages/airflow/example_dags/example_complex.py
[2023-06-30T06:05:55.828+0000] {processor.py:743} INFO - Processing file /home/airflow/.local/lib/python3.7/site-packages/airflow/example_dags/example_complex.py for tasks to queue
[2023-06-30T06:05:55.830+0000] {logging_mixin.py:137} INFO - [2023-06-30T06:05:55.830+0000] {dagbag.py:538} INFO - Filling up the DagBag from /home/airflow/.local/lib/python3.7/site-packages/airflow/example_dags/example_complex.py
[2023-06-30T06:05:55.851+0000] {logging_mixin.py:137} INFO - [2023-06-30T06:05:55.850+0000] {taskmixin.py:205} WARNING - Dependency <Task(BashOperator): create_entry_group>, delete_entry_group already registered for DAG: example_complex
[2023-06-30T06:05:55.854+0000] {logging_mixin.py:137} INFO - [2023-06-30T06:05:55.853+0000] {taskmixin.py:205} WARNING - Dependency <Task(BashOperator): delete_entry_group>, create_entry_group already registered for DAG: example_complex
[2023-06-30T06:05:55.855+0000] {logging_mixin.py:137} INFO - [2023-06-30T06:05:55.855+0000] {taskmixin.py:205} WARNING - Dependency <Task(BashOperator): create_entry_gcs>, delete_entry already registered for DAG: example_complex
[2023-06-30T06:05:55.857+0000] {logging_mixin.py:137} INFO - [2023-06-30T06:05:55.856+0000] {taskmixin.py:205} WARNING - Dependency <Task(BashOperator): delete_entry>, create_entry_gcs already registered for DAG: example_complex
[2023-06-30T06:05:55.859+0000] {logging_mixin.py:137} INFO - [2023-06-30T06:05:55.859+0000] {taskmixin.py:205} WARNING - Dependency <Task(BashOperator): create_tag>, delete_tag already registered for DAG: example_complex
[2023-06-30T06:05:55.861+0000] {logging_mixin.py:137} INFO - [2023-06-30T06:05:55.861+0000] {taskmixin.py:205} WARNING - Dependency <Task(BashOperator): delete_tag>, create_tag already registered for DAG: example_complex
[2023-06-30T06:05:55.873+0000] {processor.py:753} INFO - DAG(s) dict_keys(['example_complex']) retrieved from /home/airflow/.local/lib/python3.7/site-packages/airflow/example_dags/example_complex.py
[2023-06-30T06:05:55.941+0000] {logging_mixin.py:137} INFO - [2023-06-30T06:05:55.941+0000] {dag.py:2676} INFO - Sync 1 DAGs
[2023-06-30T06:05:56.001+0000] {logging_mixin.py:137} INFO - [2023-06-30T06:05:56.001+0000] {dag.py:3427} INFO - Setting next_dagrun for example_complex to None, run_after=None
[2023-06-30T06:05:56.059+0000] {processor.py:175} INFO - Processing /home/airflow/.local/lib/python3.7/site-packages/airflow/example_dags/example_complex.py took 0.242 seconds
[2023-06-30T06:06:26.127+0000] {processor.py:153} INFO - Started process (PID=790) to work on /home/airflow/.local/lib/python3.7/site-packages/airflow/example_dags/example_complex.py
[2023-06-30T06:06:26.130+0000] {processor.py:743} INFO - Processing file /home/airflow/.local/lib/python3.7/site-packages/airflow/example_dags/example_complex.py for tasks to queue
[2023-06-30T06:06:26.131+0000] {logging_mixin.py:137} INFO - [2023-06-30T06:06:26.131+0000] {dagbag.py:538} INFO - Filling up the DagBag from /home/airflow/.local/lib/python3.7/site-packages/airflow/example_dags/example_complex.py
[2023-06-30T06:06:26.148+0000] {logging_mixin.py:137} INFO - [2023-06-30T06:06:26.148+0000] {taskmixin.py:205} WARNING - Dependency <Task(BashOperator): create_entry_group>, delete_entry_group already registered for DAG: example_complex
[2023-06-30T06:06:26.149+0000] {logging_mixin.py:137} INFO - [2023-06-30T06:06:26.149+0000] {taskmixin.py:205} WARNING - Dependency <Task(BashOperator): delete_entry_group>, create_entry_group already registered for DAG: example_complex
[2023-06-30T06:06:26.151+0000] {logging_mixin.py:137} INFO - [2023-06-30T06:06:26.151+0000] {taskmixin.py:205} WARNING - Dependency <Task(BashOperator): create_entry_gcs>, delete_entry already registered for DAG: example_complex
[2023-06-30T06:06:26.152+0000] {logging_mixin.py:137} INFO - [2023-06-30T06:06:26.152+0000] {taskmixin.py:205} WARNING - Dependency <Task(BashOperator): delete_entry>, create_entry_gcs already registered for DAG: example_complex
[2023-06-30T06:06:26.154+0000] {logging_mixin.py:137} INFO - [2023-06-30T06:06:26.153+0000] {taskmixin.py:205} WARNING - Dependency <Task(BashOperator): create_tag>, delete_tag already registered for DAG: example_complex
[2023-06-30T06:06:26.155+0000] {logging_mixin.py:137} INFO - [2023-06-30T06:06:26.155+0000] {taskmixin.py:205} WARNING - Dependency <Task(BashOperator): delete_tag>, create_tag already registered for DAG: example_complex
[2023-06-30T06:06:26.165+0000] {processor.py:753} INFO - DAG(s) dict_keys(['example_complex']) retrieved from /home/airflow/.local/lib/python3.7/site-packages/airflow/example_dags/example_complex.py
[2023-06-30T06:06:26.224+0000] {logging_mixin.py:137} INFO - [2023-06-30T06:06:26.224+0000] {dag.py:2676} INFO - Sync 1 DAGs
[2023-06-30T06:06:26.259+0000] {logging_mixin.py:137} INFO - [2023-06-30T06:06:26.258+0000] {dag.py:3427} INFO - Setting next_dagrun for example_complex to None, run_after=None
[2023-06-30T06:06:26.285+0000] {processor.py:175} INFO - Processing /home/airflow/.local/lib/python3.7/site-packages/airflow/example_dags/example_complex.py took 0.162 seconds
[2023-06-30T06:06:56.390+0000] {processor.py:153} INFO - Started process (PID=856) to work on /home/airflow/.local/lib/python3.7/site-packages/airflow/example_dags/example_complex.py
[2023-06-30T06:06:56.392+0000] {processor.py:743} INFO - Processing file /home/airflow/.local/lib/python3.7/site-packages/airflow/example_dags/example_complex.py for tasks to queue
[2023-06-30T06:06:56.393+0000] {logging_mixin.py:137} INFO - [2023-06-30T06:06:56.393+0000] {dagbag.py:538} INFO - Filling up the DagBag from /home/airflow/.local/lib/python3.7/site-packages/airflow/example_dags/example_complex.py
[2023-06-30T06:06:56.410+0000] {logging_mixin.py:137} INFO - [2023-06-30T06:06:56.410+0000] {taskmixin.py:205} WARNING - Dependency <Task(BashOperator): create_entry_group>, delete_entry_group already registered for DAG: example_complex
[2023-06-30T06:06:56.411+0000] {logging_mixin.py:137} INFO - [2023-06-30T06:06:56.411+0000] {taskmixin.py:205} WARNING - Dependency <Task(BashOperator): delete_entry_group>, create_entry_group already registered for DAG: example_complex
[2023-06-30T06:06:56.413+0000] {logging_mixin.py:137} INFO - [2023-06-30T06:06:56.413+0000] {taskmixin.py:205} WARNING - Dependency <Task(BashOperator): create_entry_gcs>, delete_entry already registered for DAG: example_complex
[2023-06-30T06:06:56.414+0000] {logging_mixin.py:137} INFO - [2023-06-30T06:06:56.414+0000] {taskmixin.py:205} WARNING - Dependency <Task(BashOperator): delete_entry>, create_entry_gcs already registered for DAG: example_complex
[2023-06-30T06:06:56.415+0000] {logging_mixin.py:137} INFO - [2023-06-30T06:06:56.415+0000] {taskmixin.py:205} WARNING - Dependency <Task(BashOperator): create_tag>, delete_tag already registered for DAG: example_complex
[2023-06-30T06:06:56.416+0000] {logging_mixin.py:137} INFO - [2023-06-30T06:06:56.416+0000] {taskmixin.py:205} WARNING - Dependency <Task(BashOperator): delete_tag>, create_tag already registered for DAG: example_complex
[2023-06-30T06:06:56.424+0000] {processor.py:753} INFO - DAG(s) dict_keys(['example_complex']) retrieved from /home/airflow/.local/lib/python3.7/site-packages/airflow/example_dags/example_complex.py
[2023-06-30T06:06:56.478+0000] {logging_mixin.py:137} INFO - [2023-06-30T06:06:56.478+0000] {dag.py:2676} INFO - Sync 1 DAGs
[2023-06-30T06:06:56.508+0000] {logging_mixin.py:137} INFO - [2023-06-30T06:06:56.508+0000] {dag.py:3427} INFO - Setting next_dagrun for example_complex to None, run_after=None
[2023-06-30T06:06:56.530+0000] {processor.py:175} INFO - Processing /home/airflow/.local/lib/python3.7/site-packages/airflow/example_dags/example_complex.py took 0.145 seconds
[2023-06-30T06:07:26.842+0000] {processor.py:153} INFO - Started process (PID=936) to work on /home/airflow/.local/lib/python3.7/site-packages/airflow/example_dags/example_complex.py
[2023-06-30T06:07:26.845+0000] {processor.py:743} INFO - Processing file /home/airflow/.local/lib/python3.7/site-packages/airflow/example_dags/example_complex.py for tasks to queue
[2023-06-30T06:07:26.848+0000] {logging_mixin.py:137} INFO - [2023-06-30T06:07:26.848+0000] {dagbag.py:538} INFO - Filling up the DagBag from /home/airflow/.local/lib/python3.7/site-packages/airflow/example_dags/example_complex.py
[2023-06-30T06:07:26.881+0000] {logging_mixin.py:137} INFO - [2023-06-30T06:07:26.881+0000] {taskmixin.py:205} WARNING - Dependency <Task(BashOperator): create_entry_group>, delete_entry_group already registered for DAG: example_complex
[2023-06-30T06:07:26.882+0000] {logging_mixin.py:137} INFO - [2023-06-30T06:07:26.882+0000] {taskmixin.py:205} WARNING - Dependency <Task(BashOperator): delete_entry_group>, create_entry_group already registered for DAG: example_complex
[2023-06-30T06:07:26.885+0000] {logging_mixin.py:137} INFO - [2023-06-30T06:07:26.885+0000] {taskmixin.py:205} WARNING - Dependency <Task(BashOperator): create_entry_gcs>, delete_entry already registered for DAG: example_complex
[2023-06-30T06:07:26.887+0000] {logging_mixin.py:137} INFO - [2023-06-30T06:07:26.886+0000] {taskmixin.py:205} WARNING - Dependency <Task(BashOperator): delete_entry>, create_entry_gcs already registered for DAG: example_complex
[2023-06-30T06:07:26.889+0000] {logging_mixin.py:137} INFO - [2023-06-30T06:07:26.889+0000] {taskmixin.py:205} WARNING - Dependency <Task(BashOperator): create_tag>, delete_tag already registered for DAG: example_complex
[2023-06-30T06:07:26.891+0000] {logging_mixin.py:137} INFO - [2023-06-30T06:07:26.890+0000] {taskmixin.py:205} WARNING - Dependency <Task(BashOperator): delete_tag>, create_tag already registered for DAG: example_complex
[2023-06-30T06:07:26.913+0000] {processor.py:753} INFO - DAG(s) dict_keys(['example_complex']) retrieved from /home/airflow/.local/lib/python3.7/site-packages/airflow/example_dags/example_complex.py
[2023-06-30T06:07:26.991+0000] {logging_mixin.py:137} INFO - [2023-06-30T06:07:26.991+0000] {dag.py:2676} INFO - Sync 1 DAGs
[2023-06-30T06:07:27.035+0000] {logging_mixin.py:137} INFO - [2023-06-30T06:07:27.035+0000] {dag.py:3427} INFO - Setting next_dagrun for example_complex to None, run_after=None
[2023-06-30T06:07:27.094+0000] {processor.py:175} INFO - Processing /home/airflow/.local/lib/python3.7/site-packages/airflow/example_dags/example_complex.py took 0.271 seconds
[2023-06-30T06:07:58.078+0000] {processor.py:153} INFO - Started process (PID=1002) to work on /home/airflow/.local/lib/python3.7/site-packages/airflow/example_dags/example_complex.py
[2023-06-30T06:07:58.079+0000] {processor.py:743} INFO - Processing file /home/airflow/.local/lib/python3.7/site-packages/airflow/example_dags/example_complex.py for tasks to queue
[2023-06-30T06:07:58.081+0000] {logging_mixin.py:137} INFO - [2023-06-30T06:07:58.081+0000] {dagbag.py:538} INFO - Filling up the DagBag from /home/airflow/.local/lib/python3.7/site-packages/airflow/example_dags/example_complex.py
[2023-06-30T06:07:58.101+0000] {logging_mixin.py:137} INFO - [2023-06-30T06:07:58.100+0000] {taskmixin.py:205} WARNING - Dependency <Task(BashOperator): create_entry_group>, delete_entry_group already registered for DAG: example_complex
[2023-06-30T06:07:58.102+0000] {logging_mixin.py:137} INFO - [2023-06-30T06:07:58.102+0000] {taskmixin.py:205} WARNING - Dependency <Task(BashOperator): delete_entry_group>, create_entry_group already registered for DAG: example_complex
[2023-06-30T06:07:58.103+0000] {logging_mixin.py:137} INFO - [2023-06-30T06:07:58.103+0000] {taskmixin.py:205} WARNING - Dependency <Task(BashOperator): create_entry_gcs>, delete_entry already registered for DAG: example_complex
[2023-06-30T06:07:58.105+0000] {logging_mixin.py:137} INFO - [2023-06-30T06:07:58.105+0000] {taskmixin.py:205} WARNING - Dependency <Task(BashOperator): delete_entry>, create_entry_gcs already registered for DAG: example_complex
[2023-06-30T06:07:58.108+0000] {logging_mixin.py:137} INFO - [2023-06-30T06:07:58.108+0000] {taskmixin.py:205} WARNING - Dependency <Task(BashOperator): create_tag>, delete_tag already registered for DAG: example_complex
[2023-06-30T06:07:58.109+0000] {logging_mixin.py:137} INFO - [2023-06-30T06:07:58.109+0000] {taskmixin.py:205} WARNING - Dependency <Task(BashOperator): delete_tag>, create_tag already registered for DAG: example_complex
[2023-06-30T06:07:58.119+0000] {processor.py:753} INFO - DAG(s) dict_keys(['example_complex']) retrieved from /home/airflow/.local/lib/python3.7/site-packages/airflow/example_dags/example_complex.py
[2023-06-30T06:07:58.150+0000] {logging_mixin.py:137} INFO - [2023-06-30T06:07:58.150+0000] {dag.py:2676} INFO - Sync 1 DAGs
[2023-06-30T06:07:58.181+0000] {logging_mixin.py:137} INFO - [2023-06-30T06:07:58.181+0000] {dag.py:3427} INFO - Setting next_dagrun for example_complex to None, run_after=None
[2023-06-30T06:07:58.211+0000] {processor.py:175} INFO - Processing /home/airflow/.local/lib/python3.7/site-packages/airflow/example_dags/example_complex.py took 0.138 seconds
[2023-06-30T06:08:28.440+0000] {processor.py:153} INFO - Started process (PID=1067) to work on /home/airflow/.local/lib/python3.7/site-packages/airflow/example_dags/example_complex.py
[2023-06-30T06:08:28.443+0000] {processor.py:743} INFO - Processing file /home/airflow/.local/lib/python3.7/site-packages/airflow/example_dags/example_complex.py for tasks to queue
[2023-06-30T06:08:28.445+0000] {logging_mixin.py:137} INFO - [2023-06-30T06:08:28.445+0000] {dagbag.py:538} INFO - Filling up the DagBag from /home/airflow/.local/lib/python3.7/site-packages/airflow/example_dags/example_complex.py
[2023-06-30T06:08:28.462+0000] {logging_mixin.py:137} INFO - [2023-06-30T06:08:28.462+0000] {taskmixin.py:205} WARNING - Dependency <Task(BashOperator): create_entry_group>, delete_entry_group already registered for DAG: example_complex
[2023-06-30T06:08:28.466+0000] {logging_mixin.py:137} INFO - [2023-06-30T06:08:28.464+0000] {taskmixin.py:205} WARNING - Dependency <Task(BashOperator): delete_entry_group>, create_entry_group already registered for DAG: example_complex
[2023-06-30T06:08:28.473+0000] {logging_mixin.py:137} INFO - [2023-06-30T06:08:28.473+0000] {taskmixin.py:205} WARNING - Dependency <Task(BashOperator): create_entry_gcs>, delete_entry already registered for DAG: example_complex
[2023-06-30T06:08:28.474+0000] {logging_mixin.py:137} INFO - [2023-06-30T06:08:28.474+0000] {taskmixin.py:205} WARNING - Dependency <Task(BashOperator): delete_entry>, create_entry_gcs already registered for DAG: example_complex
[2023-06-30T06:08:28.475+0000] {logging_mixin.py:137} INFO - [2023-06-30T06:08:28.475+0000] {taskmixin.py:205} WARNING - Dependency <Task(BashOperator): create_tag>, delete_tag already registered for DAG: example_complex
[2023-06-30T06:08:28.477+0000] {logging_mixin.py:137} INFO - [2023-06-30T06:08:28.476+0000] {taskmixin.py:205} WARNING - Dependency <Task(BashOperator): delete_tag>, create_tag already registered for DAG: example_complex
[2023-06-30T06:08:28.488+0000] {processor.py:753} INFO - DAG(s) dict_keys(['example_complex']) retrieved from /home/airflow/.local/lib/python3.7/site-packages/airflow/example_dags/example_complex.py
[2023-06-30T06:08:28.559+0000] {logging_mixin.py:137} INFO - [2023-06-30T06:08:28.559+0000] {dag.py:2676} INFO - Sync 1 DAGs
[2023-06-30T06:08:28.597+0000] {logging_mixin.py:137} INFO - [2023-06-30T06:08:28.597+0000] {dag.py:3427} INFO - Setting next_dagrun for example_complex to None, run_after=None
[2023-06-30T06:08:28.628+0000] {processor.py:175} INFO - Processing /home/airflow/.local/lib/python3.7/site-packages/airflow/example_dags/example_complex.py took 0.192 seconds
[2023-06-30T06:08:58.859+0000] {processor.py:153} INFO - Started process (PID=1147) to work on /home/airflow/.local/lib/python3.7/site-packages/airflow/example_dags/example_complex.py
[2023-06-30T06:08:58.863+0000] {processor.py:743} INFO - Processing file /home/airflow/.local/lib/python3.7/site-packages/airflow/example_dags/example_complex.py for tasks to queue
[2023-06-30T06:08:58.866+0000] {logging_mixin.py:137} INFO - [2023-06-30T06:08:58.866+0000] {dagbag.py:538} INFO - Filling up the DagBag from /home/airflow/.local/lib/python3.7/site-packages/airflow/example_dags/example_complex.py
[2023-06-30T06:08:58.891+0000] {logging_mixin.py:137} INFO - [2023-06-30T06:08:58.891+0000] {taskmixin.py:205} WARNING - Dependency <Task(BashOperator): create_entry_group>, delete_entry_group already registered for DAG: example_complex
[2023-06-30T06:08:58.893+0000] {logging_mixin.py:137} INFO - [2023-06-30T06:08:58.893+0000] {taskmixin.py:205} WARNING - Dependency <Task(BashOperator): delete_entry_group>, create_entry_group already registered for DAG: example_complex
[2023-06-30T06:08:58.895+0000] {logging_mixin.py:137} INFO - [2023-06-30T06:08:58.895+0000] {taskmixin.py:205} WARNING - Dependency <Task(BashOperator): create_entry_gcs>, delete_entry already registered for DAG: example_complex
[2023-06-30T06:08:58.897+0000] {logging_mixin.py:137} INFO - [2023-06-30T06:08:58.897+0000] {taskmixin.py:205} WARNING - Dependency <Task(BashOperator): delete_entry>, create_entry_gcs already registered for DAG: example_complex
[2023-06-30T06:08:58.899+0000] {logging_mixin.py:137} INFO - [2023-06-30T06:08:58.899+0000] {taskmixin.py:205} WARNING - Dependency <Task(BashOperator): create_tag>, delete_tag already registered for DAG: example_complex
[2023-06-30T06:08:58.900+0000] {logging_mixin.py:137} INFO - [2023-06-30T06:08:58.900+0000] {taskmixin.py:205} WARNING - Dependency <Task(BashOperator): delete_tag>, create_tag already registered for DAG: example_complex
[2023-06-30T06:08:58.912+0000] {processor.py:753} INFO - DAG(s) dict_keys(['example_complex']) retrieved from /home/airflow/.local/lib/python3.7/site-packages/airflow/example_dags/example_complex.py
[2023-06-30T06:08:58.976+0000] {logging_mixin.py:137} INFO - [2023-06-30T06:08:58.976+0000] {dag.py:2676} INFO - Sync 1 DAGs
[2023-06-30T06:08:59.022+0000] {logging_mixin.py:137} INFO - [2023-06-30T06:08:59.022+0000] {dag.py:3427} INFO - Setting next_dagrun for example_complex to None, run_after=None
[2023-06-30T06:08:59.064+0000] {processor.py:175} INFO - Processing /home/airflow/.local/lib/python3.7/site-packages/airflow/example_dags/example_complex.py took 0.211 seconds
[2023-06-30T06:09:29.181+0000] {processor.py:153} INFO - Started process (PID=1213) to work on /home/airflow/.local/lib/python3.7/site-packages/airflow/example_dags/example_complex.py
[2023-06-30T06:09:29.184+0000] {processor.py:743} INFO - Processing file /home/airflow/.local/lib/python3.7/site-packages/airflow/example_dags/example_complex.py for tasks to queue
[2023-06-30T06:09:29.187+0000] {logging_mixin.py:137} INFO - [2023-06-30T06:09:29.187+0000] {dagbag.py:538} INFO - Filling up the DagBag from /home/airflow/.local/lib/python3.7/site-packages/airflow/example_dags/example_complex.py
[2023-06-30T06:09:29.208+0000] {logging_mixin.py:137} INFO - [2023-06-30T06:09:29.207+0000] {taskmixin.py:205} WARNING - Dependency <Task(BashOperator): create_entry_group>, delete_entry_group already registered for DAG: example_complex
[2023-06-30T06:09:29.209+0000] {logging_mixin.py:137} INFO - [2023-06-30T06:09:29.209+0000] {taskmixin.py:205} WARNING - Dependency <Task(BashOperator): delete_entry_group>, create_entry_group already registered for DAG: example_complex
[2023-06-30T06:09:29.211+0000] {logging_mixin.py:137} INFO - [2023-06-30T06:09:29.211+0000] {taskmixin.py:205} WARNING - Dependency <Task(BashOperator): create_entry_gcs>, delete_entry already registered for DAG: example_complex
[2023-06-30T06:09:29.213+0000] {logging_mixin.py:137} INFO - [2023-06-30T06:09:29.212+0000] {taskmixin.py:205} WARNING - Dependency <Task(BashOperator): delete_entry>, create_entry_gcs already registered for DAG: example_complex
[2023-06-30T06:09:29.216+0000] {logging_mixin.py:137} INFO - [2023-06-30T06:09:29.215+0000] {taskmixin.py:205} WARNING - Dependency <Task(BashOperator): create_tag>, delete_tag already registered for DAG: example_complex
[2023-06-30T06:09:29.217+0000] {logging_mixin.py:137} INFO - [2023-06-30T06:09:29.217+0000] {taskmixin.py:205} WARNING - Dependency <Task(BashOperator): delete_tag>, create_tag already registered for DAG: example_complex
[2023-06-30T06:09:29.230+0000] {processor.py:753} INFO - DAG(s) dict_keys(['example_complex']) retrieved from /home/airflow/.local/lib/python3.7/site-packages/airflow/example_dags/example_complex.py
[2023-06-30T06:09:29.296+0000] {logging_mixin.py:137} INFO - [2023-06-30T06:09:29.296+0000] {dag.py:2676} INFO - Sync 1 DAGs
[2023-06-30T06:09:29.332+0000] {logging_mixin.py:137} INFO - [2023-06-30T06:09:29.332+0000] {dag.py:3427} INFO - Setting next_dagrun for example_complex to None, run_after=None
[2023-06-30T06:09:29.363+0000] {processor.py:175} INFO - Processing /home/airflow/.local/lib/python3.7/site-packages/airflow/example_dags/example_complex.py took 0.187 seconds
[2023-06-30T06:09:59.768+0000] {processor.py:153} INFO - Started process (PID=1279) to work on /home/airflow/.local/lib/python3.7/site-packages/airflow/example_dags/example_complex.py
[2023-06-30T06:09:59.773+0000] {processor.py:743} INFO - Processing file /home/airflow/.local/lib/python3.7/site-packages/airflow/example_dags/example_complex.py for tasks to queue
[2023-06-30T06:09:59.776+0000] {logging_mixin.py:137} INFO - [2023-06-30T06:09:59.776+0000] {dagbag.py:538} INFO - Filling up the DagBag from /home/airflow/.local/lib/python3.7/site-packages/airflow/example_dags/example_complex.py
[2023-06-30T06:09:59.804+0000] {logging_mixin.py:137} INFO - [2023-06-30T06:09:59.804+0000] {taskmixin.py:205} WARNING - Dependency <Task(BashOperator): create_entry_group>, delete_entry_group already registered for DAG: example_complex
[2023-06-30T06:09:59.806+0000] {logging_mixin.py:137} INFO - [2023-06-30T06:09:59.806+0000] {taskmixin.py:205} WARNING - Dependency <Task(BashOperator): delete_entry_group>, create_entry_group already registered for DAG: example_complex
[2023-06-30T06:09:59.809+0000] {logging_mixin.py:137} INFO - [2023-06-30T06:09:59.808+0000] {taskmixin.py:205} WARNING - Dependency <Task(BashOperator): create_entry_gcs>, delete_entry already registered for DAG: example_complex
[2023-06-30T06:09:59.811+0000] {logging_mixin.py:137} INFO - [2023-06-30T06:09:59.811+0000] {taskmixin.py:205} WARNING - Dependency <Task(BashOperator): delete_entry>, create_entry_gcs already registered for DAG: example_complex
[2023-06-30T06:09:59.814+0000] {logging_mixin.py:137} INFO - [2023-06-30T06:09:59.813+0000] {taskmixin.py:205} WARNING - Dependency <Task(BashOperator): create_tag>, delete_tag already registered for DAG: example_complex
[2023-06-30T06:09:59.815+0000] {logging_mixin.py:137} INFO - [2023-06-30T06:09:59.815+0000] {taskmixin.py:205} WARNING - Dependency <Task(BashOperator): delete_tag>, create_tag already registered for DAG: example_complex
[2023-06-30T06:09:59.834+0000] {processor.py:753} INFO - DAG(s) dict_keys(['example_complex']) retrieved from /home/airflow/.local/lib/python3.7/site-packages/airflow/example_dags/example_complex.py
[2023-06-30T06:09:59.916+0000] {logging_mixin.py:137} INFO - [2023-06-30T06:09:59.915+0000] {dag.py:2676} INFO - Sync 1 DAGs
[2023-06-30T06:09:59.973+0000] {logging_mixin.py:137} INFO - [2023-06-30T06:09:59.973+0000] {dag.py:3427} INFO - Setting next_dagrun for example_complex to None, run_after=None
[2023-06-30T06:10:00.032+0000] {processor.py:175} INFO - Processing /home/airflow/.local/lib/python3.7/site-packages/airflow/example_dags/example_complex.py took 0.275 seconds
[2023-06-30T06:10:30.143+0000] {processor.py:153} INFO - Started process (PID=1359) to work on /home/airflow/.local/lib/python3.7/site-packages/airflow/example_dags/example_complex.py
[2023-06-30T06:10:30.145+0000] {processor.py:743} INFO - Processing file /home/airflow/.local/lib/python3.7/site-packages/airflow/example_dags/example_complex.py for tasks to queue
[2023-06-30T06:10:30.147+0000] {logging_mixin.py:137} INFO - [2023-06-30T06:10:30.147+0000] {dagbag.py:538} INFO - Filling up the DagBag from /home/airflow/.local/lib/python3.7/site-packages/airflow/example_dags/example_complex.py
[2023-06-30T06:10:30.165+0000] {logging_mixin.py:137} INFO - [2023-06-30T06:10:30.165+0000] {taskmixin.py:205} WARNING - Dependency <Task(BashOperator): create_entry_group>, delete_entry_group already registered for DAG: example_complex
[2023-06-30T06:10:30.167+0000] {logging_mixin.py:137} INFO - [2023-06-30T06:10:30.167+0000] {taskmixin.py:205} WARNING - Dependency <Task(BashOperator): delete_entry_group>, create_entry_group already registered for DAG: example_complex
[2023-06-30T06:10:30.168+0000] {logging_mixin.py:137} INFO - [2023-06-30T06:10:30.168+0000] {taskmixin.py:205} WARNING - Dependency <Task(BashOperator): create_entry_gcs>, delete_entry already registered for DAG: example_complex
[2023-06-30T06:10:30.170+0000] {logging_mixin.py:137} INFO - [2023-06-30T06:10:30.170+0000] {taskmixin.py:205} WARNING - Dependency <Task(BashOperator): delete_entry>, create_entry_gcs already registered for DAG: example_complex
[2023-06-30T06:10:30.172+0000] {logging_mixin.py:137} INFO - [2023-06-30T06:10:30.172+0000] {taskmixin.py:205} WARNING - Dependency <Task(BashOperator): create_tag>, delete_tag already registered for DAG: example_complex
[2023-06-30T06:10:30.173+0000] {logging_mixin.py:137} INFO - [2023-06-30T06:10:30.173+0000] {taskmixin.py:205} WARNING - Dependency <Task(BashOperator): delete_tag>, create_tag already registered for DAG: example_complex
[2023-06-30T06:10:30.184+0000] {processor.py:753} INFO - DAG(s) dict_keys(['example_complex']) retrieved from /home/airflow/.local/lib/python3.7/site-packages/airflow/example_dags/example_complex.py
[2023-06-30T06:10:30.245+0000] {logging_mixin.py:137} INFO - [2023-06-30T06:10:30.245+0000] {dag.py:2676} INFO - Sync 1 DAGs
[2023-06-30T06:10:30.278+0000] {logging_mixin.py:137} INFO - [2023-06-30T06:10:30.278+0000] {dag.py:3427} INFO - Setting next_dagrun for example_complex to None, run_after=None
[2023-06-30T06:10:30.303+0000] {processor.py:175} INFO - Processing /home/airflow/.local/lib/python3.7/site-packages/airflow/example_dags/example_complex.py took 0.166 seconds
[2023-06-30T06:11:00.358+0000] {processor.py:153} INFO - Started process (PID=1425) to work on /home/airflow/.local/lib/python3.7/site-packages/airflow/example_dags/example_complex.py
[2023-06-30T06:11:00.363+0000] {processor.py:743} INFO - Processing file /home/airflow/.local/lib/python3.7/site-packages/airflow/example_dags/example_complex.py for tasks to queue
[2023-06-30T06:11:00.366+0000] {logging_mixin.py:137} INFO - [2023-06-30T06:11:00.365+0000] {dagbag.py:538} INFO - Filling up the DagBag from /home/airflow/.local/lib/python3.7/site-packages/airflow/example_dags/example_complex.py
[2023-06-30T06:11:00.396+0000] {logging_mixin.py:137} INFO - [2023-06-30T06:11:00.396+0000] {taskmixin.py:205} WARNING - Dependency <Task(BashOperator): create_entry_group>, delete_entry_group already registered for DAG: example_complex
[2023-06-30T06:11:00.399+0000] {logging_mixin.py:137} INFO - [2023-06-30T06:11:00.398+0000] {taskmixin.py:205} WARNING - Dependency <Task(BashOperator): delete_entry_group>, create_entry_group already registered for DAG: example_complex
[2023-06-30T06:11:00.401+0000] {logging_mixin.py:137} INFO - [2023-06-30T06:11:00.401+0000] {taskmixin.py:205} WARNING - Dependency <Task(BashOperator): create_entry_gcs>, delete_entry already registered for DAG: example_complex
[2023-06-30T06:11:00.404+0000] {logging_mixin.py:137} INFO - [2023-06-30T06:11:00.403+0000] {taskmixin.py:205} WARNING - Dependency <Task(BashOperator): delete_entry>, create_entry_gcs already registered for DAG: example_complex
[2023-06-30T06:11:00.406+0000] {logging_mixin.py:137} INFO - [2023-06-30T06:11:00.406+0000] {taskmixin.py:205} WARNING - Dependency <Task(BashOperator): create_tag>, delete_tag already registered for DAG: example_complex
[2023-06-30T06:11:00.409+0000] {logging_mixin.py:137} INFO - [2023-06-30T06:11:00.408+0000] {taskmixin.py:205} WARNING - Dependency <Task(BashOperator): delete_tag>, create_tag already registered for DAG: example_complex
[2023-06-30T06:11:00.432+0000] {processor.py:753} INFO - DAG(s) dict_keys(['example_complex']) retrieved from /home/airflow/.local/lib/python3.7/site-packages/airflow/example_dags/example_complex.py
[2023-06-30T06:11:00.547+0000] {logging_mixin.py:137} INFO - [2023-06-30T06:11:00.547+0000] {dag.py:2676} INFO - Sync 1 DAGs
[2023-06-30T06:11:00.601+0000] {logging_mixin.py:137} INFO - [2023-06-30T06:11:00.601+0000] {dag.py:3427} INFO - Setting next_dagrun for example_complex to None, run_after=None
[2023-06-30T06:11:00.638+0000] {processor.py:175} INFO - Processing /home/airflow/.local/lib/python3.7/site-packages/airflow/example_dags/example_complex.py took 0.288 seconds
[2023-06-30T06:11:30.805+0000] {processor.py:153} INFO - Started process (PID=1491) to work on /home/airflow/.local/lib/python3.7/site-packages/airflow/example_dags/example_complex.py
[2023-06-30T06:11:30.810+0000] {processor.py:743} INFO - Processing file /home/airflow/.local/lib/python3.7/site-packages/airflow/example_dags/example_complex.py for tasks to queue
[2023-06-30T06:11:30.813+0000] {logging_mixin.py:137} INFO - [2023-06-30T06:11:30.813+0000] {dagbag.py:538} INFO - Filling up the DagBag from /home/airflow/.local/lib/python3.7/site-packages/airflow/example_dags/example_complex.py
[2023-06-30T06:11:30.831+0000] {logging_mixin.py:137} INFO - [2023-06-30T06:11:30.831+0000] {taskmixin.py:205} WARNING - Dependency <Task(BashOperator): create_entry_group>, delete_entry_group already registered for DAG: example_complex
[2023-06-30T06:11:30.833+0000] {logging_mixin.py:137} INFO - [2023-06-30T06:11:30.833+0000] {taskmixin.py:205} WARNING - Dependency <Task(BashOperator): delete_entry_group>, create_entry_group already registered for DAG: example_complex
[2023-06-30T06:11:30.835+0000] {logging_mixin.py:137} INFO - [2023-06-30T06:11:30.835+0000] {taskmixin.py:205} WARNING - Dependency <Task(BashOperator): create_entry_gcs>, delete_entry already registered for DAG: example_complex
[2023-06-30T06:11:30.836+0000] {logging_mixin.py:137} INFO - [2023-06-30T06:11:30.836+0000] {taskmixin.py:205} WARNING - Dependency <Task(BashOperator): delete_entry>, create_entry_gcs already registered for DAG: example_complex
[2023-06-30T06:11:30.838+0000] {logging_mixin.py:137} INFO - [2023-06-30T06:11:30.838+0000] {taskmixin.py:205} WARNING - Dependency <Task(BashOperator): create_tag>, delete_tag already registered for DAG: example_complex
[2023-06-30T06:11:30.839+0000] {logging_mixin.py:137} INFO - [2023-06-30T06:11:30.839+0000] {taskmixin.py:205} WARNING - Dependency <Task(BashOperator): delete_tag>, create_tag already registered for DAG: example_complex
[2023-06-30T06:11:30.851+0000] {processor.py:753} INFO - DAG(s) dict_keys(['example_complex']) retrieved from /home/airflow/.local/lib/python3.7/site-packages/airflow/example_dags/example_complex.py
[2023-06-30T06:11:30.919+0000] {logging_mixin.py:137} INFO - [2023-06-30T06:11:30.919+0000] {dag.py:2676} INFO - Sync 1 DAGs
[2023-06-30T06:11:30.957+0000] {logging_mixin.py:137} INFO - [2023-06-30T06:11:30.957+0000] {dag.py:3427} INFO - Setting next_dagrun for example_complex to None, run_after=None
[2023-06-30T06:11:30.989+0000] {processor.py:175} INFO - Processing /home/airflow/.local/lib/python3.7/site-packages/airflow/example_dags/example_complex.py took 0.189 seconds
[2023-06-30T06:12:01.179+0000] {processor.py:153} INFO - Started process (PID=1571) to work on /home/airflow/.local/lib/python3.7/site-packages/airflow/example_dags/example_complex.py
[2023-06-30T06:12:01.182+0000] {processor.py:743} INFO - Processing file /home/airflow/.local/lib/python3.7/site-packages/airflow/example_dags/example_complex.py for tasks to queue
[2023-06-30T06:12:01.184+0000] {logging_mixin.py:137} INFO - [2023-06-30T06:12:01.184+0000] {dagbag.py:538} INFO - Filling up the DagBag from /home/airflow/.local/lib/python3.7/site-packages/airflow/example_dags/example_complex.py
[2023-06-30T06:12:01.203+0000] {logging_mixin.py:137} INFO - [2023-06-30T06:12:01.203+0000] {taskmixin.py:205} WARNING - Dependency <Task(BashOperator): create_entry_group>, delete_entry_group already registered for DAG: example_complex
[2023-06-30T06:12:01.204+0000] {logging_mixin.py:137} INFO - [2023-06-30T06:12:01.204+0000] {taskmixin.py:205} WARNING - Dependency <Task(BashOperator): delete_entry_group>, create_entry_group already registered for DAG: example_complex
[2023-06-30T06:12:01.206+0000] {logging_mixin.py:137} INFO - [2023-06-30T06:12:01.206+0000] {taskmixin.py:205} WARNING - Dependency <Task(BashOperator): create_entry_gcs>, delete_entry already registered for DAG: example_complex
[2023-06-30T06:12:01.207+0000] {logging_mixin.py:137} INFO - [2023-06-30T06:12:01.207+0000] {taskmixin.py:205} WARNING - Dependency <Task(BashOperator): delete_entry>, create_entry_gcs already registered for DAG: example_complex
[2023-06-30T06:12:01.209+0000] {logging_mixin.py:137} INFO - [2023-06-30T06:12:01.208+0000] {taskmixin.py:205} WARNING - Dependency <Task(BashOperator): create_tag>, delete_tag already registered for DAG: example_complex
[2023-06-30T06:12:01.210+0000] {logging_mixin.py:137} INFO - [2023-06-30T06:12:01.210+0000] {taskmixin.py:205} WARNING - Dependency <Task(BashOperator): delete_tag>, create_tag already registered for DAG: example_complex
[2023-06-30T06:12:01.222+0000] {processor.py:753} INFO - DAG(s) dict_keys(['example_complex']) retrieved from /home/airflow/.local/lib/python3.7/site-packages/airflow/example_dags/example_complex.py
[2023-06-30T06:12:01.279+0000] {logging_mixin.py:137} INFO - [2023-06-30T06:12:01.279+0000] {dag.py:2676} INFO - Sync 1 DAGs
[2023-06-30T06:12:01.315+0000] {logging_mixin.py:137} INFO - [2023-06-30T06:12:01.315+0000] {dag.py:3427} INFO - Setting next_dagrun for example_complex to None, run_after=None
[2023-06-30T06:12:01.342+0000] {processor.py:175} INFO - Processing /home/airflow/.local/lib/python3.7/site-packages/airflow/example_dags/example_complex.py took 0.168 seconds
[2023-06-30T06:12:31.929+0000] {processor.py:153} INFO - Started process (PID=1637) to work on /home/airflow/.local/lib/python3.7/site-packages/airflow/example_dags/example_complex.py
[2023-06-30T06:12:31.933+0000] {processor.py:743} INFO - Processing file /home/airflow/.local/lib/python3.7/site-packages/airflow/example_dags/example_complex.py for tasks to queue
[2023-06-30T06:12:31.935+0000] {logging_mixin.py:137} INFO - [2023-06-30T06:12:31.935+0000] {dagbag.py:538} INFO - Filling up the DagBag from /home/airflow/.local/lib/python3.7/site-packages/airflow/example_dags/example_complex.py
[2023-06-30T06:12:31.960+0000] {logging_mixin.py:137} INFO - [2023-06-30T06:12:31.960+0000] {taskmixin.py:205} WARNING - Dependency <Task(BashOperator): create_entry_group>, delete_entry_group already registered for DAG: example_complex
[2023-06-30T06:12:31.963+0000] {logging_mixin.py:137} INFO - [2023-06-30T06:12:31.962+0000] {taskmixin.py:205} WARNING - Dependency <Task(BashOperator): delete_entry_group>, create_entry_group already registered for DAG: example_complex
[2023-06-30T06:12:31.965+0000] {logging_mixin.py:137} INFO - [2023-06-30T06:12:31.965+0000] {taskmixin.py:205} WARNING - Dependency <Task(BashOperator): create_entry_gcs>, delete_entry already registered for DAG: example_complex
[2023-06-30T06:12:31.967+0000] {logging_mixin.py:137} INFO - [2023-06-30T06:12:31.967+0000] {taskmixin.py:205} WARNING - Dependency <Task(BashOperator): delete_entry>, create_entry_gcs already registered for DAG: example_complex
[2023-06-30T06:12:31.969+0000] {logging_mixin.py:137} INFO - [2023-06-30T06:12:31.969+0000] {taskmixin.py:205} WARNING - Dependency <Task(BashOperator): create_tag>, delete_tag already registered for DAG: example_complex
[2023-06-30T06:12:31.971+0000] {logging_mixin.py:137} INFO - [2023-06-30T06:12:31.971+0000] {taskmixin.py:205} WARNING - Dependency <Task(BashOperator): delete_tag>, create_tag already registered for DAG: example_complex
[2023-06-30T06:12:31.989+0000] {processor.py:753} INFO - DAG(s) dict_keys(['example_complex']) retrieved from /home/airflow/.local/lib/python3.7/site-packages/airflow/example_dags/example_complex.py
[2023-06-30T06:12:32.071+0000] {logging_mixin.py:137} INFO - [2023-06-30T06:12:32.071+0000] {dag.py:2676} INFO - Sync 1 DAGs
[2023-06-30T06:12:32.124+0000] {logging_mixin.py:137} INFO - [2023-06-30T06:12:32.124+0000] {dag.py:3427} INFO - Setting next_dagrun for example_complex to None, run_after=None
[2023-06-30T06:12:32.164+0000] {processor.py:175} INFO - Processing /home/airflow/.local/lib/python3.7/site-packages/airflow/example_dags/example_complex.py took 0.242 seconds
[2023-06-30T06:13:02.440+0000] {processor.py:153} INFO - Started process (PID=1717) to work on /home/airflow/.local/lib/python3.7/site-packages/airflow/example_dags/example_complex.py
[2023-06-30T06:13:02.443+0000] {processor.py:743} INFO - Processing file /home/airflow/.local/lib/python3.7/site-packages/airflow/example_dags/example_complex.py for tasks to queue
[2023-06-30T06:13:02.446+0000] {logging_mixin.py:137} INFO - [2023-06-30T06:13:02.445+0000] {dagbag.py:538} INFO - Filling up the DagBag from /home/airflow/.local/lib/python3.7/site-packages/airflow/example_dags/example_complex.py
[2023-06-30T06:13:02.467+0000] {logging_mixin.py:137} INFO - [2023-06-30T06:13:02.467+0000] {taskmixin.py:205} WARNING - Dependency <Task(BashOperator): create_entry_group>, delete_entry_group already registered for DAG: example_complex
[2023-06-30T06:13:02.469+0000] {logging_mixin.py:137} INFO - [2023-06-30T06:13:02.469+0000] {taskmixin.py:205} WARNING - Dependency <Task(BashOperator): delete_entry_group>, create_entry_group already registered for DAG: example_complex
[2023-06-30T06:13:02.471+0000] {logging_mixin.py:137} INFO - [2023-06-30T06:13:02.470+0000] {taskmixin.py:205} WARNING - Dependency <Task(BashOperator): create_entry_gcs>, delete_entry already registered for DAG: example_complex
[2023-06-30T06:13:02.472+0000] {logging_mixin.py:137} INFO - [2023-06-30T06:13:02.472+0000] {taskmixin.py:205} WARNING - Dependency <Task(BashOperator): delete_entry>, create_entry_gcs already registered for DAG: example_complex
[2023-06-30T06:13:02.474+0000] {logging_mixin.py:137} INFO - [2023-06-30T06:13:02.474+0000] {taskmixin.py:205} WARNING - Dependency <Task(BashOperator): create_tag>, delete_tag already registered for DAG: example_complex
[2023-06-30T06:13:02.475+0000] {logging_mixin.py:137} INFO - [2023-06-30T06:13:02.475+0000] {taskmixin.py:205} WARNING - Dependency <Task(BashOperator): delete_tag>, create_tag already registered for DAG: example_complex
[2023-06-30T06:13:02.488+0000] {processor.py:753} INFO - DAG(s) dict_keys(['example_complex']) retrieved from /home/airflow/.local/lib/python3.7/site-packages/airflow/example_dags/example_complex.py
[2023-06-30T06:13:02.555+0000] {logging_mixin.py:137} INFO - [2023-06-30T06:13:02.554+0000] {dag.py:2676} INFO - Sync 1 DAGs
[2023-06-30T06:13:02.595+0000] {logging_mixin.py:137} INFO - [2023-06-30T06:13:02.594+0000] {dag.py:3427} INFO - Setting next_dagrun for example_complex to None, run_after=None
[2023-06-30T06:13:02.628+0000] {processor.py:175} INFO - Processing /home/airflow/.local/lib/python3.7/site-packages/airflow/example_dags/example_complex.py took 0.199 seconds
[2023-06-30T06:13:33.021+0000] {processor.py:153} INFO - Started process (PID=1783) to work on /home/airflow/.local/lib/python3.7/site-packages/airflow/example_dags/example_complex.py
[2023-06-30T06:13:33.024+0000] {processor.py:743} INFO - Processing file /home/airflow/.local/lib/python3.7/site-packages/airflow/example_dags/example_complex.py for tasks to queue
[2023-06-30T06:13:33.026+0000] {logging_mixin.py:137} INFO - [2023-06-30T06:13:33.026+0000] {dagbag.py:538} INFO - Filling up the DagBag from /home/airflow/.local/lib/python3.7/site-packages/airflow/example_dags/example_complex.py
[2023-06-30T06:13:33.043+0000] {logging_mixin.py:137} INFO - [2023-06-30T06:13:33.043+0000] {taskmixin.py:205} WARNING - Dependency <Task(BashOperator): create_entry_group>, delete_entry_group already registered for DAG: example_complex
[2023-06-30T06:13:33.045+0000] {logging_mixin.py:137} INFO - [2023-06-30T06:13:33.045+0000] {taskmixin.py:205} WARNING - Dependency <Task(BashOperator): delete_entry_group>, create_entry_group already registered for DAG: example_complex
[2023-06-30T06:13:33.046+0000] {logging_mixin.py:137} INFO - [2023-06-30T06:13:33.046+0000] {taskmixin.py:205} WARNING - Dependency <Task(BashOperator): create_entry_gcs>, delete_entry already registered for DAG: example_complex
[2023-06-30T06:13:33.048+0000] {logging_mixin.py:137} INFO - [2023-06-30T06:13:33.048+0000] {taskmixin.py:205} WARNING - Dependency <Task(BashOperator): delete_entry>, create_entry_gcs already registered for DAG: example_complex
[2023-06-30T06:13:33.050+0000] {logging_mixin.py:137} INFO - [2023-06-30T06:13:33.050+0000] {taskmixin.py:205} WARNING - Dependency <Task(BashOperator): create_tag>, delete_tag already registered for DAG: example_complex
[2023-06-30T06:13:33.051+0000] {logging_mixin.py:137} INFO - [2023-06-30T06:13:33.051+0000] {taskmixin.py:205} WARNING - Dependency <Task(BashOperator): delete_tag>, create_tag already registered for DAG: example_complex
[2023-06-30T06:13:33.062+0000] {processor.py:753} INFO - DAG(s) dict_keys(['example_complex']) retrieved from /home/airflow/.local/lib/python3.7/site-packages/airflow/example_dags/example_complex.py
[2023-06-30T06:13:33.118+0000] {logging_mixin.py:137} INFO - [2023-06-30T06:13:33.118+0000] {dag.py:2676} INFO - Sync 1 DAGs
[2023-06-30T06:13:33.148+0000] {logging_mixin.py:137} INFO - [2023-06-30T06:13:33.148+0000] {dag.py:3427} INFO - Setting next_dagrun for example_complex to None, run_after=None
[2023-06-30T06:13:33.172+0000] {processor.py:175} INFO - Processing /home/airflow/.local/lib/python3.7/site-packages/airflow/example_dags/example_complex.py took 0.157 seconds
[2023-06-30T06:14:03.619+0000] {processor.py:153} INFO - Started process (PID=1849) to work on /home/airflow/.local/lib/python3.7/site-packages/airflow/example_dags/example_complex.py
[2023-06-30T06:14:03.621+0000] {processor.py:743} INFO - Processing file /home/airflow/.local/lib/python3.7/site-packages/airflow/example_dags/example_complex.py for tasks to queue
[2023-06-30T06:14:03.623+0000] {logging_mixin.py:137} INFO - [2023-06-30T06:14:03.623+0000] {dagbag.py:538} INFO - Filling up the DagBag from /home/airflow/.local/lib/python3.7/site-packages/airflow/example_dags/example_complex.py
[2023-06-30T06:14:03.639+0000] {logging_mixin.py:137} INFO - [2023-06-30T06:14:03.639+0000] {taskmixin.py:205} WARNING - Dependency <Task(BashOperator): create_entry_group>, delete_entry_group already registered for DAG: example_complex
[2023-06-30T06:14:03.641+0000] {logging_mixin.py:137} INFO - [2023-06-30T06:14:03.641+0000] {taskmixin.py:205} WARNING - Dependency <Task(BashOperator): delete_entry_group>, create_entry_group already registered for DAG: example_complex
[2023-06-30T06:14:03.642+0000] {logging_mixin.py:137} INFO - [2023-06-30T06:14:03.642+0000] {taskmixin.py:205} WARNING - Dependency <Task(BashOperator): create_entry_gcs>, delete_entry already registered for DAG: example_complex
[2023-06-30T06:14:03.644+0000] {logging_mixin.py:137} INFO - [2023-06-30T06:14:03.643+0000] {taskmixin.py:205} WARNING - Dependency <Task(BashOperator): delete_entry>, create_entry_gcs already registered for DAG: example_complex
[2023-06-30T06:14:03.645+0000] {logging_mixin.py:137} INFO - [2023-06-30T06:14:03.645+0000] {taskmixin.py:205} WARNING - Dependency <Task(BashOperator): create_tag>, delete_tag already registered for DAG: example_complex
[2023-06-30T06:14:03.646+0000] {logging_mixin.py:137} INFO - [2023-06-30T06:14:03.646+0000] {taskmixin.py:205} WARNING - Dependency <Task(BashOperator): delete_tag>, create_tag already registered for DAG: example_complex
[2023-06-30T06:14:03.657+0000] {processor.py:753} INFO - DAG(s) dict_keys(['example_complex']) retrieved from /home/airflow/.local/lib/python3.7/site-packages/airflow/example_dags/example_complex.py
[2023-06-30T06:14:03.715+0000] {logging_mixin.py:137} INFO - [2023-06-30T06:14:03.715+0000] {dag.py:2676} INFO - Sync 1 DAGs
[2023-06-30T06:14:03.750+0000] {logging_mixin.py:137} INFO - [2023-06-30T06:14:03.750+0000] {dag.py:3427} INFO - Setting next_dagrun for example_complex to None, run_after=None
[2023-06-30T06:14:03.780+0000] {processor.py:175} INFO - Processing /home/airflow/.local/lib/python3.7/site-packages/airflow/example_dags/example_complex.py took 0.167 seconds
[2023-06-30T06:14:34.498+0000] {processor.py:153} INFO - Started process (PID=1929) to work on /home/airflow/.local/lib/python3.7/site-packages/airflow/example_dags/example_complex.py
[2023-06-30T06:14:34.501+0000] {processor.py:743} INFO - Processing file /home/airflow/.local/lib/python3.7/site-packages/airflow/example_dags/example_complex.py for tasks to queue
[2023-06-30T06:14:34.503+0000] {logging_mixin.py:137} INFO - [2023-06-30T06:14:34.503+0000] {dagbag.py:538} INFO - Filling up the DagBag from /home/airflow/.local/lib/python3.7/site-packages/airflow/example_dags/example_complex.py
[2023-06-30T06:14:34.520+0000] {logging_mixin.py:137} INFO - [2023-06-30T06:14:34.519+0000] {taskmixin.py:205} WARNING - Dependency <Task(BashOperator): create_entry_group>, delete_entry_group already registered for DAG: example_complex
[2023-06-30T06:14:34.522+0000] {logging_mixin.py:137} INFO - [2023-06-30T06:14:34.522+0000] {taskmixin.py:205} WARNING - Dependency <Task(BashOperator): delete_entry_group>, create_entry_group already registered for DAG: example_complex
[2023-06-30T06:14:34.523+0000] {logging_mixin.py:137} INFO - [2023-06-30T06:14:34.523+0000] {taskmixin.py:205} WARNING - Dependency <Task(BashOperator): create_entry_gcs>, delete_entry already registered for DAG: example_complex
[2023-06-30T06:14:34.525+0000] {logging_mixin.py:137} INFO - [2023-06-30T06:14:34.525+0000] {taskmixin.py:205} WARNING - Dependency <Task(BashOperator): delete_entry>, create_entry_gcs already registered for DAG: example_complex
[2023-06-30T06:14:34.526+0000] {logging_mixin.py:137} INFO - [2023-06-30T06:14:34.526+0000] {taskmixin.py:205} WARNING - Dependency <Task(BashOperator): create_tag>, delete_tag already registered for DAG: example_complex
[2023-06-30T06:14:34.528+0000] {logging_mixin.py:137} INFO - [2023-06-30T06:14:34.527+0000] {taskmixin.py:205} WARNING - Dependency <Task(BashOperator): delete_tag>, create_tag already registered for DAG: example_complex
[2023-06-30T06:14:34.538+0000] {processor.py:753} INFO - DAG(s) dict_keys(['example_complex']) retrieved from /home/airflow/.local/lib/python3.7/site-packages/airflow/example_dags/example_complex.py
[2023-06-30T06:14:34.570+0000] {logging_mixin.py:137} INFO - [2023-06-30T06:14:34.570+0000] {dag.py:2676} INFO - Sync 1 DAGs
[2023-06-30T06:14:34.602+0000] {logging_mixin.py:137} INFO - [2023-06-30T06:14:34.602+0000] {dag.py:3427} INFO - Setting next_dagrun for example_complex to None, run_after=None
[2023-06-30T06:14:34.623+0000] {processor.py:175} INFO - Processing /home/airflow/.local/lib/python3.7/site-packages/airflow/example_dags/example_complex.py took 0.135 seconds
[2023-06-30T06:15:05.020+0000] {processor.py:153} INFO - Started process (PID=1995) to work on /home/airflow/.local/lib/python3.7/site-packages/airflow/example_dags/example_complex.py
[2023-06-30T06:15:05.023+0000] {processor.py:743} INFO - Processing file /home/airflow/.local/lib/python3.7/site-packages/airflow/example_dags/example_complex.py for tasks to queue
[2023-06-30T06:15:05.025+0000] {logging_mixin.py:137} INFO - [2023-06-30T06:15:05.025+0000] {dagbag.py:538} INFO - Filling up the DagBag from /home/airflow/.local/lib/python3.7/site-packages/airflow/example_dags/example_complex.py
[2023-06-30T06:15:05.045+0000] {logging_mixin.py:137} INFO - [2023-06-30T06:15:05.044+0000] {taskmixin.py:205} WARNING - Dependency <Task(BashOperator): create_entry_group>, delete_entry_group already registered for DAG: example_complex
[2023-06-30T06:15:05.046+0000] {logging_mixin.py:137} INFO - [2023-06-30T06:15:05.046+0000] {taskmixin.py:205} WARNING - Dependency <Task(BashOperator): delete_entry_group>, create_entry_group already registered for DAG: example_complex
[2023-06-30T06:15:05.048+0000] {logging_mixin.py:137} INFO - [2023-06-30T06:15:05.048+0000] {taskmixin.py:205} WARNING - Dependency <Task(BashOperator): create_entry_gcs>, delete_entry already registered for DAG: example_complex
[2023-06-30T06:15:05.049+0000] {logging_mixin.py:137} INFO - [2023-06-30T06:15:05.049+0000] {taskmixin.py:205} WARNING - Dependency <Task(BashOperator): delete_entry>, create_entry_gcs already registered for DAG: example_complex
[2023-06-30T06:15:05.051+0000] {logging_mixin.py:137} INFO - [2023-06-30T06:15:05.051+0000] {taskmixin.py:205} WARNING - Dependency <Task(BashOperator): create_tag>, delete_tag already registered for DAG: example_complex
[2023-06-30T06:15:05.053+0000] {logging_mixin.py:137} INFO - [2023-06-30T06:15:05.052+0000] {taskmixin.py:205} WARNING - Dependency <Task(BashOperator): delete_tag>, create_tag already registered for DAG: example_complex
[2023-06-30T06:15:05.064+0000] {processor.py:753} INFO - DAG(s) dict_keys(['example_complex']) retrieved from /home/airflow/.local/lib/python3.7/site-packages/airflow/example_dags/example_complex.py
[2023-06-30T06:15:05.123+0000] {logging_mixin.py:137} INFO - [2023-06-30T06:15:05.123+0000] {dag.py:2676} INFO - Sync 1 DAGs
[2023-06-30T06:15:05.155+0000] {logging_mixin.py:137} INFO - [2023-06-30T06:15:05.154+0000] {dag.py:3427} INFO - Setting next_dagrun for example_complex to None, run_after=None
[2023-06-30T06:15:05.175+0000] {processor.py:175} INFO - Processing /home/airflow/.local/lib/python3.7/site-packages/airflow/example_dags/example_complex.py took 0.162 seconds
[2023-06-30T06:15:35.625+0000] {processor.py:153} INFO - Started process (PID=2061) to work on /home/airflow/.local/lib/python3.7/site-packages/airflow/example_dags/example_complex.py
[2023-06-30T06:15:35.628+0000] {processor.py:743} INFO - Processing file /home/airflow/.local/lib/python3.7/site-packages/airflow/example_dags/example_complex.py for tasks to queue
[2023-06-30T06:15:35.633+0000] {logging_mixin.py:137} INFO - [2023-06-30T06:15:35.632+0000] {dagbag.py:538} INFO - Filling up the DagBag from /home/airflow/.local/lib/python3.7/site-packages/airflow/example_dags/example_complex.py
[2023-06-30T06:15:35.659+0000] {logging_mixin.py:137} INFO - [2023-06-30T06:15:35.658+0000] {taskmixin.py:205} WARNING - Dependency <Task(BashOperator): create_entry_group>, delete_entry_group already registered for DAG: example_complex
[2023-06-30T06:15:35.661+0000] {logging_mixin.py:137} INFO - [2023-06-30T06:15:35.661+0000] {taskmixin.py:205} WARNING - Dependency <Task(BashOperator): delete_entry_group>, create_entry_group already registered for DAG: example_complex
[2023-06-30T06:15:35.663+0000] {logging_mixin.py:137} INFO - [2023-06-30T06:15:35.662+0000] {taskmixin.py:205} WARNING - Dependency <Task(BashOperator): create_entry_gcs>, delete_entry already registered for DAG: example_complex
[2023-06-30T06:15:35.665+0000] {logging_mixin.py:137} INFO - [2023-06-30T06:15:35.665+0000] {taskmixin.py:205} WARNING - Dependency <Task(BashOperator): delete_entry>, create_entry_gcs already registered for DAG: example_complex
[2023-06-30T06:15:35.668+0000] {logging_mixin.py:137} INFO - [2023-06-30T06:15:35.667+0000] {taskmixin.py:205} WARNING - Dependency <Task(BashOperator): create_tag>, delete_tag already registered for DAG: example_complex
[2023-06-30T06:15:35.669+0000] {logging_mixin.py:137} INFO - [2023-06-30T06:15:35.669+0000] {taskmixin.py:205} WARNING - Dependency <Task(BashOperator): delete_tag>, create_tag already registered for DAG: example_complex
[2023-06-30T06:15:35.686+0000] {processor.py:753} INFO - DAG(s) dict_keys(['example_complex']) retrieved from /home/airflow/.local/lib/python3.7/site-packages/airflow/example_dags/example_complex.py
[2023-06-30T06:15:35.735+0000] {logging_mixin.py:137} INFO - [2023-06-30T06:15:35.734+0000] {dag.py:2676} INFO - Sync 1 DAGs
[2023-06-30T06:15:35.788+0000] {logging_mixin.py:137} INFO - [2023-06-30T06:15:35.787+0000] {dag.py:3427} INFO - Setting next_dagrun for example_complex to None, run_after=None
[2023-06-30T06:15:35.831+0000] {processor.py:175} INFO - Processing /home/airflow/.local/lib/python3.7/site-packages/airflow/example_dags/example_complex.py took 0.211 seconds
[2023-06-30T06:16:06.045+0000] {processor.py:153} INFO - Started process (PID=2141) to work on /home/airflow/.local/lib/python3.7/site-packages/airflow/example_dags/example_complex.py
[2023-06-30T06:16:06.048+0000] {processor.py:743} INFO - Processing file /home/airflow/.local/lib/python3.7/site-packages/airflow/example_dags/example_complex.py for tasks to queue
[2023-06-30T06:16:06.051+0000] {logging_mixin.py:137} INFO - [2023-06-30T06:16:06.051+0000] {dagbag.py:538} INFO - Filling up the DagBag from /home/airflow/.local/lib/python3.7/site-packages/airflow/example_dags/example_complex.py
[2023-06-30T06:16:06.071+0000] {logging_mixin.py:137} INFO - [2023-06-30T06:16:06.071+0000] {taskmixin.py:205} WARNING - Dependency <Task(BashOperator): create_entry_group>, delete_entry_group already registered for DAG: example_complex
[2023-06-30T06:16:06.073+0000] {logging_mixin.py:137} INFO - [2023-06-30T06:16:06.073+0000] {taskmixin.py:205} WARNING - Dependency <Task(BashOperator): delete_entry_group>, create_entry_group already registered for DAG: example_complex
[2023-06-30T06:16:06.074+0000] {logging_mixin.py:137} INFO - [2023-06-30T06:16:06.074+0000] {taskmixin.py:205} WARNING - Dependency <Task(BashOperator): create_entry_gcs>, delete_entry already registered for DAG: example_complex
[2023-06-30T06:16:06.077+0000] {logging_mixin.py:137} INFO - [2023-06-30T06:16:06.077+0000] {taskmixin.py:205} WARNING - Dependency <Task(BashOperator): delete_entry>, create_entry_gcs already registered for DAG: example_complex
[2023-06-30T06:16:06.078+0000] {logging_mixin.py:137} INFO - [2023-06-30T06:16:06.078+0000] {taskmixin.py:205} WARNING - Dependency <Task(BashOperator): create_tag>, delete_tag already registered for DAG: example_complex
[2023-06-30T06:16:06.080+0000] {logging_mixin.py:137} INFO - [2023-06-30T06:16:06.080+0000] {taskmixin.py:205} WARNING - Dependency <Task(BashOperator): delete_tag>, create_tag already registered for DAG: example_complex
[2023-06-30T06:16:06.091+0000] {processor.py:753} INFO - DAG(s) dict_keys(['example_complex']) retrieved from /home/airflow/.local/lib/python3.7/site-packages/airflow/example_dags/example_complex.py
[2023-06-30T06:16:06.152+0000] {logging_mixin.py:137} INFO - [2023-06-30T06:16:06.151+0000] {dag.py:2676} INFO - Sync 1 DAGs
[2023-06-30T06:16:06.188+0000] {logging_mixin.py:137} INFO - [2023-06-30T06:16:06.188+0000] {dag.py:3427} INFO - Setting next_dagrun for example_complex to None, run_after=None
[2023-06-30T06:16:06.216+0000] {processor.py:175} INFO - Processing /home/airflow/.local/lib/python3.7/site-packages/airflow/example_dags/example_complex.py took 0.177 seconds
[2023-06-30T06:16:36.501+0000] {processor.py:153} INFO - Started process (PID=2207) to work on /home/airflow/.local/lib/python3.7/site-packages/airflow/example_dags/example_complex.py
[2023-06-30T06:16:36.504+0000] {processor.py:743} INFO - Processing file /home/airflow/.local/lib/python3.7/site-packages/airflow/example_dags/example_complex.py for tasks to queue
[2023-06-30T06:16:36.506+0000] {logging_mixin.py:137} INFO - [2023-06-30T06:16:36.506+0000] {dagbag.py:538} INFO - Filling up the DagBag from /home/airflow/.local/lib/python3.7/site-packages/airflow/example_dags/example_complex.py
[2023-06-30T06:16:36.524+0000] {logging_mixin.py:137} INFO - [2023-06-30T06:16:36.524+0000] {taskmixin.py:205} WARNING - Dependency <Task(BashOperator): create_entry_group>, delete_entry_group already registered for DAG: example_complex
[2023-06-30T06:16:36.532+0000] {logging_mixin.py:137} INFO - [2023-06-30T06:16:36.532+0000] {taskmixin.py:205} WARNING - Dependency <Task(BashOperator): delete_entry_group>, create_entry_group already registered for DAG: example_complex
[2023-06-30T06:16:36.533+0000] {logging_mixin.py:137} INFO - [2023-06-30T06:16:36.533+0000] {taskmixin.py:205} WARNING - Dependency <Task(BashOperator): create_entry_gcs>, delete_entry already registered for DAG: example_complex
[2023-06-30T06:16:36.535+0000] {logging_mixin.py:137} INFO - [2023-06-30T06:16:36.534+0000] {taskmixin.py:205} WARNING - Dependency <Task(BashOperator): delete_entry>, create_entry_gcs already registered for DAG: example_complex
[2023-06-30T06:16:36.536+0000] {logging_mixin.py:137} INFO - [2023-06-30T06:16:36.536+0000] {taskmixin.py:205} WARNING - Dependency <Task(BashOperator): create_tag>, delete_tag already registered for DAG: example_complex
[2023-06-30T06:16:36.537+0000] {logging_mixin.py:137} INFO - [2023-06-30T06:16:36.537+0000] {taskmixin.py:205} WARNING - Dependency <Task(BashOperator): delete_tag>, create_tag already registered for DAG: example_complex
[2023-06-30T06:16:36.548+0000] {processor.py:753} INFO - DAG(s) dict_keys(['example_complex']) retrieved from /home/airflow/.local/lib/python3.7/site-packages/airflow/example_dags/example_complex.py
[2023-06-30T06:16:36.608+0000] {logging_mixin.py:137} INFO - [2023-06-30T06:16:36.608+0000] {dag.py:2676} INFO - Sync 1 DAGs
[2023-06-30T06:16:36.642+0000] {logging_mixin.py:137} INFO - [2023-06-30T06:16:36.642+0000] {dag.py:3427} INFO - Setting next_dagrun for example_complex to None, run_after=None
[2023-06-30T06:16:36.669+0000] {processor.py:175} INFO - Processing /home/airflow/.local/lib/python3.7/site-packages/airflow/example_dags/example_complex.py took 0.172 seconds
[2023-06-30T06:17:07.098+0000] {processor.py:153} INFO - Started process (PID=2287) to work on /home/airflow/.local/lib/python3.7/site-packages/airflow/example_dags/example_complex.py
[2023-06-30T06:17:07.100+0000] {processor.py:743} INFO - Processing file /home/airflow/.local/lib/python3.7/site-packages/airflow/example_dags/example_complex.py for tasks to queue
[2023-06-30T06:17:07.101+0000] {logging_mixin.py:137} INFO - [2023-06-30T06:17:07.101+0000] {dagbag.py:538} INFO - Filling up the DagBag from /home/airflow/.local/lib/python3.7/site-packages/airflow/example_dags/example_complex.py
[2023-06-30T06:17:07.122+0000] {logging_mixin.py:137} INFO - [2023-06-30T06:17:07.122+0000] {taskmixin.py:205} WARNING - Dependency <Task(BashOperator): create_entry_group>, delete_entry_group already registered for DAG: example_complex
[2023-06-30T06:17:07.130+0000] {logging_mixin.py:137} INFO - [2023-06-30T06:17:07.130+0000] {taskmixin.py:205} WARNING - Dependency <Task(BashOperator): delete_entry_group>, create_entry_group already registered for DAG: example_complex
[2023-06-30T06:17:07.131+0000] {logging_mixin.py:137} INFO - [2023-06-30T06:17:07.131+0000] {taskmixin.py:205} WARNING - Dependency <Task(BashOperator): create_entry_gcs>, delete_entry already registered for DAG: example_complex
[2023-06-30T06:17:07.132+0000] {logging_mixin.py:137} INFO - [2023-06-30T06:17:07.132+0000] {taskmixin.py:205} WARNING - Dependency <Task(BashOperator): delete_entry>, create_entry_gcs already registered for DAG: example_complex
[2023-06-30T06:17:07.133+0000] {logging_mixin.py:137} INFO - [2023-06-30T06:17:07.133+0000] {taskmixin.py:205} WARNING - Dependency <Task(BashOperator): create_tag>, delete_tag already registered for DAG: example_complex
[2023-06-30T06:17:07.134+0000] {logging_mixin.py:137} INFO - [2023-06-30T06:17:07.134+0000] {taskmixin.py:205} WARNING - Dependency <Task(BashOperator): delete_tag>, create_tag already registered for DAG: example_complex
[2023-06-30T06:17:07.151+0000] {processor.py:753} INFO - DAG(s) dict_keys(['example_complex']) retrieved from /home/airflow/.local/lib/python3.7/site-packages/airflow/example_dags/example_complex.py
[2023-06-30T06:17:07.223+0000] {logging_mixin.py:137} INFO - [2023-06-30T06:17:07.223+0000] {dag.py:2676} INFO - Sync 1 DAGs
[2023-06-30T06:17:07.252+0000] {logging_mixin.py:137} INFO - [2023-06-30T06:17:07.252+0000] {dag.py:3427} INFO - Setting next_dagrun for example_complex to None, run_after=None
[2023-06-30T06:17:07.274+0000] {processor.py:175} INFO - Processing /home/airflow/.local/lib/python3.7/site-packages/airflow/example_dags/example_complex.py took 0.184 seconds
