[2023-06-30T06:01:10.256+0000] {processor.py:153} INFO - Started process (PID=64) to work on /home/airflow/.local/lib/python3.7/site-packages/airflow/example_dags/example_branch_datetime_operator.py
[2023-06-30T06:01:10.259+0000] {processor.py:743} INFO - Processing file /home/airflow/.local/lib/python3.7/site-packages/airflow/example_dags/example_branch_datetime_operator.py for tasks to queue
[2023-06-30T06:01:10.261+0000] {logging_mixin.py:137} INFO - [2023-06-30T06:01:10.261+0000] {dagbag.py:538} INFO - Filling up the DagBag from /home/airflow/.local/lib/python3.7/site-packages/airflow/example_dags/example_branch_datetime_operator.py
[2023-06-30T06:01:10.288+0000] {processor.py:753} INFO - DAG(s) dict_keys(['example_branch_datetime_operator', 'example_branch_datetime_operator_3', 'example_branch_datetime_operator_2']) retrieved from /home/airflow/.local/lib/python3.7/site-packages/airflow/example_dags/example_branch_datetime_operator.py
[2023-06-30T06:01:10.330+0000] {logging_mixin.py:137} INFO - [2023-06-30T06:01:10.330+0000] {dag.py:2676} INFO - Sync 3 DAGs
[2023-06-30T06:01:10.372+0000] {logging_mixin.py:137} INFO - [2023-06-30T06:01:10.372+0000] {dag.py:3427} INFO - Setting next_dagrun for example_branch_datetime_operator to 2023-06-29T00:00:00+00:00, run_after=2023-06-30T00:00:00+00:00
[2023-06-30T06:01:10.381+0000] {logging_mixin.py:137} INFO - [2023-06-30T06:01:10.380+0000] {dag.py:3427} INFO - Setting next_dagrun for example_branch_datetime_operator_2 to 2023-06-29T00:00:00+00:00, run_after=2023-06-30T00:00:00+00:00
[2023-06-30T06:01:10.386+0000] {logging_mixin.py:137} INFO - [2023-06-30T06:01:10.386+0000] {dag.py:3427} INFO - Setting next_dagrun for example_branch_datetime_operator_3 to 2023-06-29T00:00:00+00:00, run_after=2023-06-30T00:00:00+00:00
[2023-06-30T06:01:10.416+0000] {processor.py:175} INFO - Processing /home/airflow/.local/lib/python3.7/site-packages/airflow/example_dags/example_branch_datetime_operator.py took 0.165 seconds
[2023-06-30T06:01:44.132+0000] {processor.py:153} INFO - Started process (PID=138) to work on /home/airflow/.local/lib/python3.7/site-packages/airflow/example_dags/example_branch_datetime_operator.py
[2023-06-30T06:01:44.136+0000] {processor.py:743} INFO - Processing file /home/airflow/.local/lib/python3.7/site-packages/airflow/example_dags/example_branch_datetime_operator.py for tasks to queue
[2023-06-30T06:01:44.142+0000] {logging_mixin.py:137} INFO - [2023-06-30T06:01:44.141+0000] {dagbag.py:538} INFO - Filling up the DagBag from /home/airflow/.local/lib/python3.7/site-packages/airflow/example_dags/example_branch_datetime_operator.py
[2023-06-30T06:01:44.247+0000] {processor.py:753} INFO - DAG(s) dict_keys(['example_branch_datetime_operator', 'example_branch_datetime_operator_2', 'example_branch_datetime_operator_3']) retrieved from /home/airflow/.local/lib/python3.7/site-packages/airflow/example_dags/example_branch_datetime_operator.py
[2023-06-30T06:01:44.429+0000] {logging_mixin.py:137} INFO - [2023-06-30T06:01:44.429+0000] {dag.py:2676} INFO - Sync 3 DAGs
[2023-06-30T06:01:44.618+0000] {logging_mixin.py:137} INFO - [2023-06-30T06:01:44.618+0000] {dag.py:3427} INFO - Setting next_dagrun for example_branch_datetime_operator to 2023-06-29T00:00:00+00:00, run_after=2023-06-30T00:00:00+00:00
[2023-06-30T06:01:44.656+0000] {logging_mixin.py:137} INFO - [2023-06-30T06:01:44.656+0000] {dag.py:3427} INFO - Setting next_dagrun for example_branch_datetime_operator_2 to 2023-06-29T00:00:00+00:00, run_after=2023-06-30T00:00:00+00:00
[2023-06-30T06:01:44.678+0000] {logging_mixin.py:137} INFO - [2023-06-30T06:01:44.678+0000] {dag.py:3427} INFO - Setting next_dagrun for example_branch_datetime_operator_3 to 2023-06-29T00:00:00+00:00, run_after=2023-06-30T00:00:00+00:00
[2023-06-30T06:01:44.907+0000] {processor.py:175} INFO - Processing /home/airflow/.local/lib/python3.7/site-packages/airflow/example_dags/example_branch_datetime_operator.py took 0.781 seconds
[2023-06-30T06:02:14.994+0000] {processor.py:153} INFO - Started process (PID=197) to work on /home/airflow/.local/lib/python3.7/site-packages/airflow/example_dags/example_branch_datetime_operator.py
[2023-06-30T06:02:15.001+0000] {processor.py:743} INFO - Processing file /home/airflow/.local/lib/python3.7/site-packages/airflow/example_dags/example_branch_datetime_operator.py for tasks to queue
[2023-06-30T06:02:15.005+0000] {logging_mixin.py:137} INFO - [2023-06-30T06:02:15.004+0000] {dagbag.py:538} INFO - Filling up the DagBag from /home/airflow/.local/lib/python3.7/site-packages/airflow/example_dags/example_branch_datetime_operator.py
[2023-06-30T06:02:15.044+0000] {processor.py:753} INFO - DAG(s) dict_keys(['example_branch_datetime_operator', 'example_branch_datetime_operator_3', 'example_branch_datetime_operator_2']) retrieved from /home/airflow/.local/lib/python3.7/site-packages/airflow/example_dags/example_branch_datetime_operator.py
[2023-06-30T06:02:15.142+0000] {logging_mixin.py:137} INFO - [2023-06-30T06:02:15.141+0000] {dag.py:2676} INFO - Sync 3 DAGs
[2023-06-30T06:02:15.185+0000] {logging_mixin.py:137} INFO - [2023-06-30T06:02:15.184+0000] {dag.py:3427} INFO - Setting next_dagrun for example_branch_datetime_operator to 2023-06-29T00:00:00+00:00, run_after=2023-06-30T00:00:00+00:00
[2023-06-30T06:02:15.195+0000] {logging_mixin.py:137} INFO - [2023-06-30T06:02:15.195+0000] {dag.py:3427} INFO - Setting next_dagrun for example_branch_datetime_operator_2 to 2023-06-29T00:00:00+00:00, run_after=2023-06-30T00:00:00+00:00
[2023-06-30T06:02:15.200+0000] {logging_mixin.py:137} INFO - [2023-06-30T06:02:15.200+0000] {dag.py:3427} INFO - Setting next_dagrun for example_branch_datetime_operator_3 to 2023-06-29T00:00:00+00:00, run_after=2023-06-30T00:00:00+00:00
[2023-06-30T06:02:15.237+0000] {processor.py:175} INFO - Processing /home/airflow/.local/lib/python3.7/site-packages/airflow/example_dags/example_branch_datetime_operator.py took 0.253 seconds
[2023-06-30T06:02:45.344+0000] {processor.py:153} INFO - Started process (PID=263) to work on /home/airflow/.local/lib/python3.7/site-packages/airflow/example_dags/example_branch_datetime_operator.py
[2023-06-30T06:02:45.347+0000] {processor.py:743} INFO - Processing file /home/airflow/.local/lib/python3.7/site-packages/airflow/example_dags/example_branch_datetime_operator.py for tasks to queue
[2023-06-30T06:02:45.349+0000] {logging_mixin.py:137} INFO - [2023-06-30T06:02:45.349+0000] {dagbag.py:538} INFO - Filling up the DagBag from /home/airflow/.local/lib/python3.7/site-packages/airflow/example_dags/example_branch_datetime_operator.py
[2023-06-30T06:02:45.378+0000] {processor.py:753} INFO - DAG(s) dict_keys(['example_branch_datetime_operator_3', 'example_branch_datetime_operator', 'example_branch_datetime_operator_2']) retrieved from /home/airflow/.local/lib/python3.7/site-packages/airflow/example_dags/example_branch_datetime_operator.py
[2023-06-30T06:02:45.443+0000] {logging_mixin.py:137} INFO - [2023-06-30T06:02:45.443+0000] {dag.py:2676} INFO - Sync 3 DAGs
[2023-06-30T06:02:45.480+0000] {logging_mixin.py:137} INFO - [2023-06-30T06:02:45.480+0000] {dag.py:3427} INFO - Setting next_dagrun for example_branch_datetime_operator to 2023-06-29T00:00:00+00:00, run_after=2023-06-30T00:00:00+00:00
[2023-06-30T06:02:45.488+0000] {logging_mixin.py:137} INFO - [2023-06-30T06:02:45.488+0000] {dag.py:3427} INFO - Setting next_dagrun for example_branch_datetime_operator_2 to 2023-06-29T00:00:00+00:00, run_after=2023-06-30T00:00:00+00:00
[2023-06-30T06:02:45.494+0000] {logging_mixin.py:137} INFO - [2023-06-30T06:02:45.493+0000] {dag.py:3427} INFO - Setting next_dagrun for example_branch_datetime_operator_3 to 2023-06-29T00:00:00+00:00, run_after=2023-06-30T00:00:00+00:00
[2023-06-30T06:02:45.516+0000] {processor.py:175} INFO - Processing /home/airflow/.local/lib/python3.7/site-packages/airflow/example_dags/example_branch_datetime_operator.py took 0.177 seconds
[2023-06-30T06:03:15.620+0000] {processor.py:153} INFO - Started process (PID=343) to work on /home/airflow/.local/lib/python3.7/site-packages/airflow/example_dags/example_branch_datetime_operator.py
[2023-06-30T06:03:15.622+0000] {processor.py:743} INFO - Processing file /home/airflow/.local/lib/python3.7/site-packages/airflow/example_dags/example_branch_datetime_operator.py for tasks to queue
[2023-06-30T06:03:15.625+0000] {logging_mixin.py:137} INFO - [2023-06-30T06:03:15.625+0000] {dagbag.py:538} INFO - Filling up the DagBag from /home/airflow/.local/lib/python3.7/site-packages/airflow/example_dags/example_branch_datetime_operator.py
[2023-06-30T06:03:15.649+0000] {processor.py:753} INFO - DAG(s) dict_keys(['example_branch_datetime_operator', 'example_branch_datetime_operator_3', 'example_branch_datetime_operator_2']) retrieved from /home/airflow/.local/lib/python3.7/site-packages/airflow/example_dags/example_branch_datetime_operator.py
[2023-06-30T06:03:15.706+0000] {logging_mixin.py:137} INFO - [2023-06-30T06:03:15.706+0000] {dag.py:2676} INFO - Sync 3 DAGs
[2023-06-30T06:03:15.736+0000] {logging_mixin.py:137} INFO - [2023-06-30T06:03:15.736+0000] {dag.py:3427} INFO - Setting next_dagrun for example_branch_datetime_operator to 2023-06-29T00:00:00+00:00, run_after=2023-06-30T00:00:00+00:00
[2023-06-30T06:03:15.742+0000] {logging_mixin.py:137} INFO - [2023-06-30T06:03:15.742+0000] {dag.py:3427} INFO - Setting next_dagrun for example_branch_datetime_operator_2 to 2023-06-29T00:00:00+00:00, run_after=2023-06-30T00:00:00+00:00
[2023-06-30T06:03:15.746+0000] {logging_mixin.py:137} INFO - [2023-06-30T06:03:15.746+0000] {dag.py:3427} INFO - Setting next_dagrun for example_branch_datetime_operator_3 to 2023-06-29T00:00:00+00:00, run_after=2023-06-30T00:00:00+00:00
[2023-06-30T06:03:15.764+0000] {processor.py:175} INFO - Processing /home/airflow/.local/lib/python3.7/site-packages/airflow/example_dags/example_branch_datetime_operator.py took 0.148 seconds
[2023-06-30T06:03:46.572+0000] {processor.py:153} INFO - Started process (PID=409) to work on /home/airflow/.local/lib/python3.7/site-packages/airflow/example_dags/example_branch_datetime_operator.py
[2023-06-30T06:03:46.575+0000] {processor.py:743} INFO - Processing file /home/airflow/.local/lib/python3.7/site-packages/airflow/example_dags/example_branch_datetime_operator.py for tasks to queue
[2023-06-30T06:03:46.578+0000] {logging_mixin.py:137} INFO - [2023-06-30T06:03:46.578+0000] {dagbag.py:538} INFO - Filling up the DagBag from /home/airflow/.local/lib/python3.7/site-packages/airflow/example_dags/example_branch_datetime_operator.py
[2023-06-30T06:03:46.609+0000] {processor.py:753} INFO - DAG(s) dict_keys(['example_branch_datetime_operator_2', 'example_branch_datetime_operator_3', 'example_branch_datetime_operator']) retrieved from /home/airflow/.local/lib/python3.7/site-packages/airflow/example_dags/example_branch_datetime_operator.py
[2023-06-30T06:03:46.672+0000] {logging_mixin.py:137} INFO - [2023-06-30T06:03:46.672+0000] {dag.py:2676} INFO - Sync 3 DAGs
[2023-06-30T06:03:46.712+0000] {logging_mixin.py:137} INFO - [2023-06-30T06:03:46.712+0000] {dag.py:3427} INFO - Setting next_dagrun for example_branch_datetime_operator to 2023-06-29T00:00:00+00:00, run_after=2023-06-30T00:00:00+00:00
[2023-06-30T06:03:46.720+0000] {logging_mixin.py:137} INFO - [2023-06-30T06:03:46.720+0000] {dag.py:3427} INFO - Setting next_dagrun for example_branch_datetime_operator_2 to 2023-06-29T00:00:00+00:00, run_after=2023-06-30T00:00:00+00:00
[2023-06-30T06:03:46.725+0000] {logging_mixin.py:137} INFO - [2023-06-30T06:03:46.725+0000] {dag.py:3427} INFO - Setting next_dagrun for example_branch_datetime_operator_3 to 2023-06-29T00:00:00+00:00, run_after=2023-06-30T00:00:00+00:00
[2023-06-30T06:03:46.747+0000] {processor.py:175} INFO - Processing /home/airflow/.local/lib/python3.7/site-packages/airflow/example_dags/example_branch_datetime_operator.py took 0.180 seconds
[2023-06-30T06:04:17.262+0000] {processor.py:153} INFO - Started process (PID=488) to work on /home/airflow/.local/lib/python3.7/site-packages/airflow/example_dags/example_branch_datetime_operator.py
[2023-06-30T06:04:17.266+0000] {processor.py:743} INFO - Processing file /home/airflow/.local/lib/python3.7/site-packages/airflow/example_dags/example_branch_datetime_operator.py for tasks to queue
[2023-06-30T06:04:17.270+0000] {logging_mixin.py:137} INFO - [2023-06-30T06:04:17.270+0000] {dagbag.py:538} INFO - Filling up the DagBag from /home/airflow/.local/lib/python3.7/site-packages/airflow/example_dags/example_branch_datetime_operator.py
[2023-06-30T06:04:17.302+0000] {processor.py:753} INFO - DAG(s) dict_keys(['example_branch_datetime_operator', 'example_branch_datetime_operator_2', 'example_branch_datetime_operator_3']) retrieved from /home/airflow/.local/lib/python3.7/site-packages/airflow/example_dags/example_branch_datetime_operator.py
[2023-06-30T06:04:17.380+0000] {logging_mixin.py:137} INFO - [2023-06-30T06:04:17.379+0000] {dag.py:2676} INFO - Sync 3 DAGs
[2023-06-30T06:04:17.473+0000] {logging_mixin.py:137} INFO - [2023-06-30T06:04:17.472+0000] {dag.py:3427} INFO - Setting next_dagrun for example_branch_datetime_operator to 2023-06-29T00:00:00+00:00, run_after=2023-06-30T00:00:00+00:00
[2023-06-30T06:04:17.489+0000] {logging_mixin.py:137} INFO - [2023-06-30T06:04:17.489+0000] {dag.py:3427} INFO - Setting next_dagrun for example_branch_datetime_operator_2 to 2023-06-29T00:00:00+00:00, run_after=2023-06-30T00:00:00+00:00
[2023-06-30T06:04:17.500+0000] {logging_mixin.py:137} INFO - [2023-06-30T06:04:17.500+0000] {dag.py:3427} INFO - Setting next_dagrun for example_branch_datetime_operator_3 to 2023-06-29T00:00:00+00:00, run_after=2023-06-30T00:00:00+00:00
[2023-06-30T06:04:17.548+0000] {processor.py:175} INFO - Processing /home/airflow/.local/lib/python3.7/site-packages/airflow/example_dags/example_branch_datetime_operator.py took 0.291 seconds
[2023-06-30T06:04:48.368+0000] {processor.py:153} INFO - Started process (PID=554) to work on /home/airflow/.local/lib/python3.7/site-packages/airflow/example_dags/example_branch_datetime_operator.py
[2023-06-30T06:04:48.370+0000] {processor.py:743} INFO - Processing file /home/airflow/.local/lib/python3.7/site-packages/airflow/example_dags/example_branch_datetime_operator.py for tasks to queue
[2023-06-30T06:04:48.372+0000] {logging_mixin.py:137} INFO - [2023-06-30T06:04:48.372+0000] {dagbag.py:538} INFO - Filling up the DagBag from /home/airflow/.local/lib/python3.7/site-packages/airflow/example_dags/example_branch_datetime_operator.py
[2023-06-30T06:04:48.398+0000] {processor.py:753} INFO - DAG(s) dict_keys(['example_branch_datetime_operator_3', 'example_branch_datetime_operator', 'example_branch_datetime_operator_2']) retrieved from /home/airflow/.local/lib/python3.7/site-packages/airflow/example_dags/example_branch_datetime_operator.py
[2023-06-30T06:04:48.457+0000] {logging_mixin.py:137} INFO - [2023-06-30T06:04:48.457+0000] {dag.py:2676} INFO - Sync 3 DAGs
[2023-06-30T06:04:48.494+0000] {logging_mixin.py:137} INFO - [2023-06-30T06:04:48.494+0000] {dag.py:3427} INFO - Setting next_dagrun for example_branch_datetime_operator to 2023-06-29T00:00:00+00:00, run_after=2023-06-30T00:00:00+00:00
[2023-06-30T06:04:48.502+0000] {logging_mixin.py:137} INFO - [2023-06-30T06:04:48.502+0000] {dag.py:3427} INFO - Setting next_dagrun for example_branch_datetime_operator_2 to 2023-06-29T00:00:00+00:00, run_after=2023-06-30T00:00:00+00:00
[2023-06-30T06:04:48.507+0000] {logging_mixin.py:137} INFO - [2023-06-30T06:04:48.506+0000] {dag.py:3427} INFO - Setting next_dagrun for example_branch_datetime_operator_3 to 2023-06-29T00:00:00+00:00, run_after=2023-06-30T00:00:00+00:00
[2023-06-30T06:04:48.533+0000] {processor.py:175} INFO - Processing /home/airflow/.local/lib/python3.7/site-packages/airflow/example_dags/example_branch_datetime_operator.py took 0.171 seconds
[2023-06-30T06:05:19.481+0000] {processor.py:153} INFO - Started process (PID=634) to work on /home/airflow/.local/lib/python3.7/site-packages/airflow/example_dags/example_branch_datetime_operator.py
[2023-06-30T06:05:19.483+0000] {processor.py:743} INFO - Processing file /home/airflow/.local/lib/python3.7/site-packages/airflow/example_dags/example_branch_datetime_operator.py for tasks to queue
[2023-06-30T06:05:19.485+0000] {logging_mixin.py:137} INFO - [2023-06-30T06:05:19.484+0000] {dagbag.py:538} INFO - Filling up the DagBag from /home/airflow/.local/lib/python3.7/site-packages/airflow/example_dags/example_branch_datetime_operator.py
[2023-06-30T06:05:19.512+0000] {processor.py:753} INFO - DAG(s) dict_keys(['example_branch_datetime_operator_2', 'example_branch_datetime_operator_3', 'example_branch_datetime_operator']) retrieved from /home/airflow/.local/lib/python3.7/site-packages/airflow/example_dags/example_branch_datetime_operator.py
[2023-06-30T06:05:19.573+0000] {logging_mixin.py:137} INFO - [2023-06-30T06:05:19.573+0000] {dag.py:2676} INFO - Sync 3 DAGs
[2023-06-30T06:05:19.617+0000] {logging_mixin.py:137} INFO - [2023-06-30T06:05:19.617+0000] {dag.py:3427} INFO - Setting next_dagrun for example_branch_datetime_operator to 2023-06-29T00:00:00+00:00, run_after=2023-06-30T00:00:00+00:00
[2023-06-30T06:05:19.627+0000] {logging_mixin.py:137} INFO - [2023-06-30T06:05:19.627+0000] {dag.py:3427} INFO - Setting next_dagrun for example_branch_datetime_operator_2 to 2023-06-29T00:00:00+00:00, run_after=2023-06-30T00:00:00+00:00
[2023-06-30T06:05:19.633+0000] {logging_mixin.py:137} INFO - [2023-06-30T06:05:19.632+0000] {dag.py:3427} INFO - Setting next_dagrun for example_branch_datetime_operator_3 to 2023-06-29T00:00:00+00:00, run_after=2023-06-30T00:00:00+00:00
[2023-06-30T06:05:19.663+0000] {processor.py:175} INFO - Processing /home/airflow/.local/lib/python3.7/site-packages/airflow/example_dags/example_branch_datetime_operator.py took 0.188 seconds
[2023-06-30T06:05:49.810+0000] {processor.py:153} INFO - Started process (PID=700) to work on /home/airflow/.local/lib/python3.7/site-packages/airflow/example_dags/example_branch_datetime_operator.py
[2023-06-30T06:05:49.813+0000] {processor.py:743} INFO - Processing file /home/airflow/.local/lib/python3.7/site-packages/airflow/example_dags/example_branch_datetime_operator.py for tasks to queue
[2023-06-30T06:05:49.815+0000] {logging_mixin.py:137} INFO - [2023-06-30T06:05:49.814+0000] {dagbag.py:538} INFO - Filling up the DagBag from /home/airflow/.local/lib/python3.7/site-packages/airflow/example_dags/example_branch_datetime_operator.py
[2023-06-30T06:05:49.843+0000] {processor.py:753} INFO - DAG(s) dict_keys(['example_branch_datetime_operator', 'example_branch_datetime_operator_2', 'example_branch_datetime_operator_3']) retrieved from /home/airflow/.local/lib/python3.7/site-packages/airflow/example_dags/example_branch_datetime_operator.py
[2023-06-30T06:05:49.906+0000] {logging_mixin.py:137} INFO - [2023-06-30T06:05:49.906+0000] {dag.py:2676} INFO - Sync 3 DAGs
[2023-06-30T06:05:49.945+0000] {logging_mixin.py:137} INFO - [2023-06-30T06:05:49.944+0000] {dag.py:3427} INFO - Setting next_dagrun for example_branch_datetime_operator to 2023-06-29T00:00:00+00:00, run_after=2023-06-30T00:00:00+00:00
[2023-06-30T06:05:49.954+0000] {logging_mixin.py:137} INFO - [2023-06-30T06:05:49.954+0000] {dag.py:3427} INFO - Setting next_dagrun for example_branch_datetime_operator_2 to 2023-06-29T00:00:00+00:00, run_after=2023-06-30T00:00:00+00:00
[2023-06-30T06:05:49.958+0000] {logging_mixin.py:137} INFO - [2023-06-30T06:05:49.958+0000] {dag.py:3427} INFO - Setting next_dagrun for example_branch_datetime_operator_3 to 2023-06-29T00:00:00+00:00, run_after=2023-06-30T00:00:00+00:00
[2023-06-30T06:05:49.985+0000] {processor.py:175} INFO - Processing /home/airflow/.local/lib/python3.7/site-packages/airflow/example_dags/example_branch_datetime_operator.py took 0.180 seconds
[2023-06-30T06:06:20.040+0000] {processor.py:153} INFO - Started process (PID=767) to work on /home/airflow/.local/lib/python3.7/site-packages/airflow/example_dags/example_branch_datetime_operator.py
[2023-06-30T06:06:20.043+0000] {processor.py:743} INFO - Processing file /home/airflow/.local/lib/python3.7/site-packages/airflow/example_dags/example_branch_datetime_operator.py for tasks to queue
[2023-06-30T06:06:20.045+0000] {logging_mixin.py:137} INFO - [2023-06-30T06:06:20.045+0000] {dagbag.py:538} INFO - Filling up the DagBag from /home/airflow/.local/lib/python3.7/site-packages/airflow/example_dags/example_branch_datetime_operator.py
[2023-06-30T06:06:20.072+0000] {processor.py:753} INFO - DAG(s) dict_keys(['example_branch_datetime_operator', 'example_branch_datetime_operator_2', 'example_branch_datetime_operator_3']) retrieved from /home/airflow/.local/lib/python3.7/site-packages/airflow/example_dags/example_branch_datetime_operator.py
[2023-06-30T06:06:20.134+0000] {logging_mixin.py:137} INFO - [2023-06-30T06:06:20.134+0000] {dag.py:2676} INFO - Sync 3 DAGs
[2023-06-30T06:06:20.177+0000] {logging_mixin.py:137} INFO - [2023-06-30T06:06:20.177+0000] {dag.py:3427} INFO - Setting next_dagrun for example_branch_datetime_operator to 2023-06-29T00:00:00+00:00, run_after=2023-06-30T00:00:00+00:00
[2023-06-30T06:06:20.185+0000] {logging_mixin.py:137} INFO - [2023-06-30T06:06:20.185+0000] {dag.py:3427} INFO - Setting next_dagrun for example_branch_datetime_operator_2 to 2023-06-29T00:00:00+00:00, run_after=2023-06-30T00:00:00+00:00
[2023-06-30T06:06:20.191+0000] {logging_mixin.py:137} INFO - [2023-06-30T06:06:20.191+0000] {dag.py:3427} INFO - Setting next_dagrun for example_branch_datetime_operator_3 to 2023-06-29T00:00:00+00:00, run_after=2023-06-30T00:00:00+00:00
[2023-06-30T06:06:20.220+0000] {processor.py:175} INFO - Processing /home/airflow/.local/lib/python3.7/site-packages/airflow/example_dags/example_branch_datetime_operator.py took 0.185 seconds
[2023-06-30T06:06:50.343+0000] {processor.py:153} INFO - Started process (PID=847) to work on /home/airflow/.local/lib/python3.7/site-packages/airflow/example_dags/example_branch_datetime_operator.py
[2023-06-30T06:06:50.346+0000] {processor.py:743} INFO - Processing file /home/airflow/.local/lib/python3.7/site-packages/airflow/example_dags/example_branch_datetime_operator.py for tasks to queue
[2023-06-30T06:06:50.348+0000] {logging_mixin.py:137} INFO - [2023-06-30T06:06:50.348+0000] {dagbag.py:538} INFO - Filling up the DagBag from /home/airflow/.local/lib/python3.7/site-packages/airflow/example_dags/example_branch_datetime_operator.py
[2023-06-30T06:06:50.376+0000] {processor.py:753} INFO - DAG(s) dict_keys(['example_branch_datetime_operator_3', 'example_branch_datetime_operator', 'example_branch_datetime_operator_2']) retrieved from /home/airflow/.local/lib/python3.7/site-packages/airflow/example_dags/example_branch_datetime_operator.py
[2023-06-30T06:06:50.435+0000] {logging_mixin.py:137} INFO - [2023-06-30T06:06:50.435+0000] {dag.py:2676} INFO - Sync 3 DAGs
[2023-06-30T06:06:50.469+0000] {logging_mixin.py:137} INFO - [2023-06-30T06:06:50.468+0000] {dag.py:3427} INFO - Setting next_dagrun for example_branch_datetime_operator to 2023-06-29T00:00:00+00:00, run_after=2023-06-30T00:00:00+00:00
[2023-06-30T06:06:50.474+0000] {logging_mixin.py:137} INFO - [2023-06-30T06:06:50.474+0000] {dag.py:3427} INFO - Setting next_dagrun for example_branch_datetime_operator_2 to 2023-06-29T00:00:00+00:00, run_after=2023-06-30T00:00:00+00:00
[2023-06-30T06:06:50.478+0000] {logging_mixin.py:137} INFO - [2023-06-30T06:06:50.478+0000] {dag.py:3427} INFO - Setting next_dagrun for example_branch_datetime_operator_3 to 2023-06-29T00:00:00+00:00, run_after=2023-06-30T00:00:00+00:00
[2023-06-30T06:06:50.498+0000] {processor.py:175} INFO - Processing /home/airflow/.local/lib/python3.7/site-packages/airflow/example_dags/example_branch_datetime_operator.py took 0.161 seconds
[2023-06-30T06:07:20.869+0000] {processor.py:153} INFO - Started process (PID=913) to work on /home/airflow/.local/lib/python3.7/site-packages/airflow/example_dags/example_branch_datetime_operator.py
[2023-06-30T06:07:20.872+0000] {processor.py:743} INFO - Processing file /home/airflow/.local/lib/python3.7/site-packages/airflow/example_dags/example_branch_datetime_operator.py for tasks to queue
[2023-06-30T06:07:20.874+0000] {logging_mixin.py:137} INFO - [2023-06-30T06:07:20.873+0000] {dagbag.py:538} INFO - Filling up the DagBag from /home/airflow/.local/lib/python3.7/site-packages/airflow/example_dags/example_branch_datetime_operator.py
[2023-06-30T06:07:20.900+0000] {processor.py:753} INFO - DAG(s) dict_keys(['example_branch_datetime_operator_3', 'example_branch_datetime_operator_2', 'example_branch_datetime_operator']) retrieved from /home/airflow/.local/lib/python3.7/site-packages/airflow/example_dags/example_branch_datetime_operator.py
[2023-06-30T06:07:20.961+0000] {logging_mixin.py:137} INFO - [2023-06-30T06:07:20.961+0000] {dag.py:2676} INFO - Sync 3 DAGs
[2023-06-30T06:07:20.996+0000] {logging_mixin.py:137} INFO - [2023-06-30T06:07:20.996+0000] {dag.py:3427} INFO - Setting next_dagrun for example_branch_datetime_operator to 2023-06-29T00:00:00+00:00, run_after=2023-06-30T00:00:00+00:00
[2023-06-30T06:07:21.003+0000] {logging_mixin.py:137} INFO - [2023-06-30T06:07:21.003+0000] {dag.py:3427} INFO - Setting next_dagrun for example_branch_datetime_operator_2 to 2023-06-29T00:00:00+00:00, run_after=2023-06-30T00:00:00+00:00
[2023-06-30T06:07:21.007+0000] {logging_mixin.py:137} INFO - [2023-06-30T06:07:21.007+0000] {dag.py:3427} INFO - Setting next_dagrun for example_branch_datetime_operator_3 to 2023-06-29T00:00:00+00:00, run_after=2023-06-30T00:00:00+00:00
[2023-06-30T06:07:21.029+0000] {processor.py:175} INFO - Processing /home/airflow/.local/lib/python3.7/site-packages/airflow/example_dags/example_branch_datetime_operator.py took 0.167 seconds
[2023-06-30T06:07:51.080+0000] {processor.py:153} INFO - Started process (PID=979) to work on /home/airflow/.local/lib/python3.7/site-packages/airflow/example_dags/example_branch_datetime_operator.py
[2023-06-30T06:07:51.090+0000] {processor.py:743} INFO - Processing file /home/airflow/.local/lib/python3.7/site-packages/airflow/example_dags/example_branch_datetime_operator.py for tasks to queue
[2023-06-30T06:07:51.098+0000] {logging_mixin.py:137} INFO - [2023-06-30T06:07:51.097+0000] {dagbag.py:538} INFO - Filling up the DagBag from /home/airflow/.local/lib/python3.7/site-packages/airflow/example_dags/example_branch_datetime_operator.py
[2023-06-30T06:07:51.150+0000] {processor.py:753} INFO - DAG(s) dict_keys(['example_branch_datetime_operator_2', 'example_branch_datetime_operator_3', 'example_branch_datetime_operator']) retrieved from /home/airflow/.local/lib/python3.7/site-packages/airflow/example_dags/example_branch_datetime_operator.py
[2023-06-30T06:07:51.199+0000] {logging_mixin.py:137} INFO - [2023-06-30T06:07:51.199+0000] {dag.py:2676} INFO - Sync 3 DAGs
[2023-06-30T06:07:51.260+0000] {logging_mixin.py:137} INFO - [2023-06-30T06:07:51.259+0000] {dag.py:3427} INFO - Setting next_dagrun for example_branch_datetime_operator to 2023-06-29T00:00:00+00:00, run_after=2023-06-30T00:00:00+00:00
[2023-06-30T06:07:51.270+0000] {logging_mixin.py:137} INFO - [2023-06-30T06:07:51.270+0000] {dag.py:3427} INFO - Setting next_dagrun for example_branch_datetime_operator_2 to 2023-06-29T00:00:00+00:00, run_after=2023-06-30T00:00:00+00:00
[2023-06-30T06:07:51.276+0000] {logging_mixin.py:137} INFO - [2023-06-30T06:07:51.276+0000] {dag.py:3427} INFO - Setting next_dagrun for example_branch_datetime_operator_3 to 2023-06-29T00:00:00+00:00, run_after=2023-06-30T00:00:00+00:00
[2023-06-30T06:07:51.317+0000] {processor.py:175} INFO - Processing /home/airflow/.local/lib/python3.7/site-packages/airflow/example_dags/example_branch_datetime_operator.py took 0.247 seconds
[2023-06-30T06:08:21.423+0000] {processor.py:153} INFO - Started process (PID=1058) to work on /home/airflow/.local/lib/python3.7/site-packages/airflow/example_dags/example_branch_datetime_operator.py
[2023-06-30T06:08:21.425+0000] {processor.py:743} INFO - Processing file /home/airflow/.local/lib/python3.7/site-packages/airflow/example_dags/example_branch_datetime_operator.py for tasks to queue
[2023-06-30T06:08:21.427+0000] {logging_mixin.py:137} INFO - [2023-06-30T06:08:21.427+0000] {dagbag.py:538} INFO - Filling up the DagBag from /home/airflow/.local/lib/python3.7/site-packages/airflow/example_dags/example_branch_datetime_operator.py
[2023-06-30T06:08:21.450+0000] {processor.py:753} INFO - DAG(s) dict_keys(['example_branch_datetime_operator_3', 'example_branch_datetime_operator_2', 'example_branch_datetime_operator']) retrieved from /home/airflow/.local/lib/python3.7/site-packages/airflow/example_dags/example_branch_datetime_operator.py
[2023-06-30T06:08:21.506+0000] {logging_mixin.py:137} INFO - [2023-06-30T06:08:21.506+0000] {dag.py:2676} INFO - Sync 3 DAGs
[2023-06-30T06:08:21.537+0000] {logging_mixin.py:137} INFO - [2023-06-30T06:08:21.536+0000] {dag.py:3427} INFO - Setting next_dagrun for example_branch_datetime_operator to 2023-06-29T00:00:00+00:00, run_after=2023-06-30T00:00:00+00:00
[2023-06-30T06:08:21.543+0000] {logging_mixin.py:137} INFO - [2023-06-30T06:08:21.543+0000] {dag.py:3427} INFO - Setting next_dagrun for example_branch_datetime_operator_2 to 2023-06-29T00:00:00+00:00, run_after=2023-06-30T00:00:00+00:00
[2023-06-30T06:08:21.547+0000] {logging_mixin.py:137} INFO - [2023-06-30T06:08:21.547+0000] {dag.py:3427} INFO - Setting next_dagrun for example_branch_datetime_operator_3 to 2023-06-29T00:00:00+00:00, run_after=2023-06-30T00:00:00+00:00
[2023-06-30T06:08:21.565+0000] {processor.py:175} INFO - Processing /home/airflow/.local/lib/python3.7/site-packages/airflow/example_dags/example_branch_datetime_operator.py took 0.146 seconds
[2023-06-30T06:08:51.827+0000] {processor.py:153} INFO - Started process (PID=1124) to work on /home/airflow/.local/lib/python3.7/site-packages/airflow/example_dags/example_branch_datetime_operator.py
[2023-06-30T06:08:51.830+0000] {processor.py:743} INFO - Processing file /home/airflow/.local/lib/python3.7/site-packages/airflow/example_dags/example_branch_datetime_operator.py for tasks to queue
[2023-06-30T06:08:51.831+0000] {logging_mixin.py:137} INFO - [2023-06-30T06:08:51.831+0000] {dagbag.py:538} INFO - Filling up the DagBag from /home/airflow/.local/lib/python3.7/site-packages/airflow/example_dags/example_branch_datetime_operator.py
[2023-06-30T06:08:51.857+0000] {processor.py:753} INFO - DAG(s) dict_keys(['example_branch_datetime_operator_3', 'example_branch_datetime_operator_2', 'example_branch_datetime_operator']) retrieved from /home/airflow/.local/lib/python3.7/site-packages/airflow/example_dags/example_branch_datetime_operator.py
[2023-06-30T06:08:51.921+0000] {logging_mixin.py:137} INFO - [2023-06-30T06:08:51.920+0000] {dag.py:2676} INFO - Sync 3 DAGs
[2023-06-30T06:08:51.957+0000] {logging_mixin.py:137} INFO - [2023-06-30T06:08:51.957+0000] {dag.py:3427} INFO - Setting next_dagrun for example_branch_datetime_operator to 2023-06-29T00:00:00+00:00, run_after=2023-06-30T00:00:00+00:00
[2023-06-30T06:08:51.965+0000] {logging_mixin.py:137} INFO - [2023-06-30T06:08:51.964+0000] {dag.py:3427} INFO - Setting next_dagrun for example_branch_datetime_operator_2 to 2023-06-29T00:00:00+00:00, run_after=2023-06-30T00:00:00+00:00
[2023-06-30T06:08:51.969+0000] {logging_mixin.py:137} INFO - [2023-06-30T06:08:51.969+0000] {dag.py:3427} INFO - Setting next_dagrun for example_branch_datetime_operator_3 to 2023-06-29T00:00:00+00:00, run_after=2023-06-30T00:00:00+00:00
[2023-06-30T06:08:51.993+0000] {processor.py:175} INFO - Processing /home/airflow/.local/lib/python3.7/site-packages/airflow/example_dags/example_branch_datetime_operator.py took 0.170 seconds
[2023-06-30T06:09:22.163+0000] {processor.py:153} INFO - Started process (PID=1190) to work on /home/airflow/.local/lib/python3.7/site-packages/airflow/example_dags/example_branch_datetime_operator.py
[2023-06-30T06:09:22.165+0000] {processor.py:743} INFO - Processing file /home/airflow/.local/lib/python3.7/site-packages/airflow/example_dags/example_branch_datetime_operator.py for tasks to queue
[2023-06-30T06:09:22.168+0000] {logging_mixin.py:137} INFO - [2023-06-30T06:09:22.167+0000] {dagbag.py:538} INFO - Filling up the DagBag from /home/airflow/.local/lib/python3.7/site-packages/airflow/example_dags/example_branch_datetime_operator.py
[2023-06-30T06:09:22.198+0000] {processor.py:753} INFO - DAG(s) dict_keys(['example_branch_datetime_operator_3', 'example_branch_datetime_operator_2', 'example_branch_datetime_operator']) retrieved from /home/airflow/.local/lib/python3.7/site-packages/airflow/example_dags/example_branch_datetime_operator.py
[2023-06-30T06:09:22.268+0000] {logging_mixin.py:137} INFO - [2023-06-30T06:09:22.268+0000] {dag.py:2676} INFO - Sync 3 DAGs
[2023-06-30T06:09:22.323+0000] {logging_mixin.py:137} INFO - [2023-06-30T06:09:22.323+0000] {dag.py:3427} INFO - Setting next_dagrun for example_branch_datetime_operator to 2023-06-29T00:00:00+00:00, run_after=2023-06-30T00:00:00+00:00
[2023-06-30T06:09:22.331+0000] {logging_mixin.py:137} INFO - [2023-06-30T06:09:22.331+0000] {dag.py:3427} INFO - Setting next_dagrun for example_branch_datetime_operator_2 to 2023-06-29T00:00:00+00:00, run_after=2023-06-30T00:00:00+00:00
[2023-06-30T06:09:22.339+0000] {logging_mixin.py:137} INFO - [2023-06-30T06:09:22.339+0000] {dag.py:3427} INFO - Setting next_dagrun for example_branch_datetime_operator_3 to 2023-06-29T00:00:00+00:00, run_after=2023-06-30T00:00:00+00:00
[2023-06-30T06:09:22.381+0000] {processor.py:175} INFO - Processing /home/airflow/.local/lib/python3.7/site-packages/airflow/example_dags/example_branch_datetime_operator.py took 0.223 seconds
[2023-06-30T06:09:52.580+0000] {processor.py:153} INFO - Started process (PID=1270) to work on /home/airflow/.local/lib/python3.7/site-packages/airflow/example_dags/example_branch_datetime_operator.py
[2023-06-30T06:09:52.583+0000] {processor.py:743} INFO - Processing file /home/airflow/.local/lib/python3.7/site-packages/airflow/example_dags/example_branch_datetime_operator.py for tasks to queue
[2023-06-30T06:09:52.585+0000] {logging_mixin.py:137} INFO - [2023-06-30T06:09:52.585+0000] {dagbag.py:538} INFO - Filling up the DagBag from /home/airflow/.local/lib/python3.7/site-packages/airflow/example_dags/example_branch_datetime_operator.py
[2023-06-30T06:09:52.610+0000] {processor.py:753} INFO - DAG(s) dict_keys(['example_branch_datetime_operator_2', 'example_branch_datetime_operator', 'example_branch_datetime_operator_3']) retrieved from /home/airflow/.local/lib/python3.7/site-packages/airflow/example_dags/example_branch_datetime_operator.py
[2023-06-30T06:09:52.665+0000] {logging_mixin.py:137} INFO - [2023-06-30T06:09:52.664+0000] {dag.py:2676} INFO - Sync 3 DAGs
[2023-06-30T06:09:52.703+0000] {logging_mixin.py:137} INFO - [2023-06-30T06:09:52.703+0000] {dag.py:3427} INFO - Setting next_dagrun for example_branch_datetime_operator to 2023-06-29T00:00:00+00:00, run_after=2023-06-30T00:00:00+00:00
[2023-06-30T06:09:52.712+0000] {logging_mixin.py:137} INFO - [2023-06-30T06:09:52.712+0000] {dag.py:3427} INFO - Setting next_dagrun for example_branch_datetime_operator_2 to 2023-06-29T00:00:00+00:00, run_after=2023-06-30T00:00:00+00:00
[2023-06-30T06:09:52.719+0000] {logging_mixin.py:137} INFO - [2023-06-30T06:09:52.719+0000] {dag.py:3427} INFO - Setting next_dagrun for example_branch_datetime_operator_3 to 2023-06-29T00:00:00+00:00, run_after=2023-06-30T00:00:00+00:00
[2023-06-30T06:09:52.752+0000] {processor.py:175} INFO - Processing /home/airflow/.local/lib/python3.7/site-packages/airflow/example_dags/example_branch_datetime_operator.py took 0.177 seconds
[2023-06-30T06:10:24.093+0000] {processor.py:153} INFO - Started process (PID=1336) to work on /home/airflow/.local/lib/python3.7/site-packages/airflow/example_dags/example_branch_datetime_operator.py
[2023-06-30T06:10:24.097+0000] {processor.py:743} INFO - Processing file /home/airflow/.local/lib/python3.7/site-packages/airflow/example_dags/example_branch_datetime_operator.py for tasks to queue
[2023-06-30T06:10:24.104+0000] {logging_mixin.py:137} INFO - [2023-06-30T06:10:24.104+0000] {dagbag.py:538} INFO - Filling up the DagBag from /home/airflow/.local/lib/python3.7/site-packages/airflow/example_dags/example_branch_datetime_operator.py
[2023-06-30T06:10:24.137+0000] {processor.py:753} INFO - DAG(s) dict_keys(['example_branch_datetime_operator_3', 'example_branch_datetime_operator', 'example_branch_datetime_operator_2']) retrieved from /home/airflow/.local/lib/python3.7/site-packages/airflow/example_dags/example_branch_datetime_operator.py
[2023-06-30T06:10:24.217+0000] {logging_mixin.py:137} INFO - [2023-06-30T06:10:24.217+0000] {dag.py:2676} INFO - Sync 3 DAGs
[2023-06-30T06:10:24.261+0000] {logging_mixin.py:137} INFO - [2023-06-30T06:10:24.261+0000] {dag.py:3427} INFO - Setting next_dagrun for example_branch_datetime_operator to 2023-06-29T00:00:00+00:00, run_after=2023-06-30T00:00:00+00:00
[2023-06-30T06:10:24.270+0000] {logging_mixin.py:137} INFO - [2023-06-30T06:10:24.270+0000] {dag.py:3427} INFO - Setting next_dagrun for example_branch_datetime_operator_2 to 2023-06-29T00:00:00+00:00, run_after=2023-06-30T00:00:00+00:00
[2023-06-30T06:10:24.274+0000] {logging_mixin.py:137} INFO - [2023-06-30T06:10:24.274+0000] {dag.py:3427} INFO - Setting next_dagrun for example_branch_datetime_operator_3 to 2023-06-29T00:00:00+00:00, run_after=2023-06-30T00:00:00+00:00
[2023-06-30T06:10:24.298+0000] {processor.py:175} INFO - Processing /home/airflow/.local/lib/python3.7/site-packages/airflow/example_dags/example_branch_datetime_operator.py took 0.211 seconds
[2023-06-30T06:10:54.363+0000] {processor.py:153} INFO - Started process (PID=1416) to work on /home/airflow/.local/lib/python3.7/site-packages/airflow/example_dags/example_branch_datetime_operator.py
[2023-06-30T06:10:54.365+0000] {processor.py:743} INFO - Processing file /home/airflow/.local/lib/python3.7/site-packages/airflow/example_dags/example_branch_datetime_operator.py for tasks to queue
[2023-06-30T06:10:54.367+0000] {logging_mixin.py:137} INFO - [2023-06-30T06:10:54.367+0000] {dagbag.py:538} INFO - Filling up the DagBag from /home/airflow/.local/lib/python3.7/site-packages/airflow/example_dags/example_branch_datetime_operator.py
[2023-06-30T06:10:54.392+0000] {processor.py:753} INFO - DAG(s) dict_keys(['example_branch_datetime_operator_3', 'example_branch_datetime_operator_2', 'example_branch_datetime_operator']) retrieved from /home/airflow/.local/lib/python3.7/site-packages/airflow/example_dags/example_branch_datetime_operator.py
[2023-06-30T06:10:54.460+0000] {logging_mixin.py:137} INFO - [2023-06-30T06:10:54.460+0000] {dag.py:2676} INFO - Sync 3 DAGs
[2023-06-30T06:10:54.504+0000] {logging_mixin.py:137} INFO - [2023-06-30T06:10:54.503+0000] {dag.py:3427} INFO - Setting next_dagrun for example_branch_datetime_operator to 2023-06-29T00:00:00+00:00, run_after=2023-06-30T00:00:00+00:00
[2023-06-30T06:10:54.512+0000] {logging_mixin.py:137} INFO - [2023-06-30T06:10:54.512+0000] {dag.py:3427} INFO - Setting next_dagrun for example_branch_datetime_operator_2 to 2023-06-29T00:00:00+00:00, run_after=2023-06-30T00:00:00+00:00
[2023-06-30T06:10:54.518+0000] {logging_mixin.py:137} INFO - [2023-06-30T06:10:54.518+0000] {dag.py:3427} INFO - Setting next_dagrun for example_branch_datetime_operator_3 to 2023-06-29T00:00:00+00:00, run_after=2023-06-30T00:00:00+00:00
[2023-06-30T06:10:54.552+0000] {processor.py:175} INFO - Processing /home/airflow/.local/lib/python3.7/site-packages/airflow/example_dags/example_branch_datetime_operator.py took 0.194 seconds
[2023-06-30T06:11:24.902+0000] {processor.py:153} INFO - Started process (PID=1482) to work on /home/airflow/.local/lib/python3.7/site-packages/airflow/example_dags/example_branch_datetime_operator.py
[2023-06-30T06:11:24.904+0000] {processor.py:743} INFO - Processing file /home/airflow/.local/lib/python3.7/site-packages/airflow/example_dags/example_branch_datetime_operator.py for tasks to queue
[2023-06-30T06:11:24.906+0000] {logging_mixin.py:137} INFO - [2023-06-30T06:11:24.906+0000] {dagbag.py:538} INFO - Filling up the DagBag from /home/airflow/.local/lib/python3.7/site-packages/airflow/example_dags/example_branch_datetime_operator.py
[2023-06-30T06:11:24.933+0000] {processor.py:753} INFO - DAG(s) dict_keys(['example_branch_datetime_operator_2', 'example_branch_datetime_operator', 'example_branch_datetime_operator_3']) retrieved from /home/airflow/.local/lib/python3.7/site-packages/airflow/example_dags/example_branch_datetime_operator.py
[2023-06-30T06:11:24.996+0000] {logging_mixin.py:137} INFO - [2023-06-30T06:11:24.995+0000] {dag.py:2676} INFO - Sync 3 DAGs
[2023-06-30T06:11:25.037+0000] {logging_mixin.py:137} INFO - [2023-06-30T06:11:25.037+0000] {dag.py:3427} INFO - Setting next_dagrun for example_branch_datetime_operator to 2023-06-29T00:00:00+00:00, run_after=2023-06-30T00:00:00+00:00
[2023-06-30T06:11:25.047+0000] {logging_mixin.py:137} INFO - [2023-06-30T06:11:25.047+0000] {dag.py:3427} INFO - Setting next_dagrun for example_branch_datetime_operator_2 to 2023-06-29T00:00:00+00:00, run_after=2023-06-30T00:00:00+00:00
[2023-06-30T06:11:25.052+0000] {logging_mixin.py:137} INFO - [2023-06-30T06:11:25.052+0000] {dag.py:3427} INFO - Setting next_dagrun for example_branch_datetime_operator_3 to 2023-06-29T00:00:00+00:00, run_after=2023-06-30T00:00:00+00:00
[2023-06-30T06:11:25.076+0000] {processor.py:175} INFO - Processing /home/airflow/.local/lib/python3.7/site-packages/airflow/example_dags/example_branch_datetime_operator.py took 0.179 seconds
[2023-06-30T06:11:55.224+0000] {processor.py:153} INFO - Started process (PID=1548) to work on /home/airflow/.local/lib/python3.7/site-packages/airflow/example_dags/example_branch_datetime_operator.py
[2023-06-30T06:11:55.226+0000] {processor.py:743} INFO - Processing file /home/airflow/.local/lib/python3.7/site-packages/airflow/example_dags/example_branch_datetime_operator.py for tasks to queue
[2023-06-30T06:11:55.229+0000] {logging_mixin.py:137} INFO - [2023-06-30T06:11:55.228+0000] {dagbag.py:538} INFO - Filling up the DagBag from /home/airflow/.local/lib/python3.7/site-packages/airflow/example_dags/example_branch_datetime_operator.py
[2023-06-30T06:11:55.259+0000] {processor.py:753} INFO - DAG(s) dict_keys(['example_branch_datetime_operator_3', 'example_branch_datetime_operator_2', 'example_branch_datetime_operator']) retrieved from /home/airflow/.local/lib/python3.7/site-packages/airflow/example_dags/example_branch_datetime_operator.py
[2023-06-30T06:11:55.321+0000] {logging_mixin.py:137} INFO - [2023-06-30T06:11:55.321+0000] {dag.py:2676} INFO - Sync 3 DAGs
[2023-06-30T06:11:55.360+0000] {logging_mixin.py:137} INFO - [2023-06-30T06:11:55.359+0000] {dag.py:3427} INFO - Setting next_dagrun for example_branch_datetime_operator to 2023-06-29T00:00:00+00:00, run_after=2023-06-30T00:00:00+00:00
[2023-06-30T06:11:55.368+0000] {logging_mixin.py:137} INFO - [2023-06-30T06:11:55.368+0000] {dag.py:3427} INFO - Setting next_dagrun for example_branch_datetime_operator_2 to 2023-06-29T00:00:00+00:00, run_after=2023-06-30T00:00:00+00:00
[2023-06-30T06:11:55.373+0000] {logging_mixin.py:137} INFO - [2023-06-30T06:11:55.373+0000] {dag.py:3427} INFO - Setting next_dagrun for example_branch_datetime_operator_3 to 2023-06-29T00:00:00+00:00, run_after=2023-06-30T00:00:00+00:00
[2023-06-30T06:11:55.397+0000] {processor.py:175} INFO - Processing /home/airflow/.local/lib/python3.7/site-packages/airflow/example_dags/example_branch_datetime_operator.py took 0.179 seconds
[2023-06-30T06:12:26.761+0000] {processor.py:153} INFO - Started process (PID=1628) to work on /home/airflow/.local/lib/python3.7/site-packages/airflow/example_dags/example_branch_datetime_operator.py
[2023-06-30T06:12:26.763+0000] {processor.py:743} INFO - Processing file /home/airflow/.local/lib/python3.7/site-packages/airflow/example_dags/example_branch_datetime_operator.py for tasks to queue
[2023-06-30T06:12:26.765+0000] {logging_mixin.py:137} INFO - [2023-06-30T06:12:26.765+0000] {dagbag.py:538} INFO - Filling up the DagBag from /home/airflow/.local/lib/python3.7/site-packages/airflow/example_dags/example_branch_datetime_operator.py
[2023-06-30T06:12:26.789+0000] {processor.py:753} INFO - DAG(s) dict_keys(['example_branch_datetime_operator', 'example_branch_datetime_operator_3', 'example_branch_datetime_operator_2']) retrieved from /home/airflow/.local/lib/python3.7/site-packages/airflow/example_dags/example_branch_datetime_operator.py
[2023-06-30T06:12:26.849+0000] {logging_mixin.py:137} INFO - [2023-06-30T06:12:26.849+0000] {dag.py:2676} INFO - Sync 3 DAGs
[2023-06-30T06:12:26.894+0000] {logging_mixin.py:137} INFO - [2023-06-30T06:12:26.894+0000] {dag.py:3427} INFO - Setting next_dagrun for example_branch_datetime_operator to 2023-06-29T00:00:00+00:00, run_after=2023-06-30T00:00:00+00:00
[2023-06-30T06:12:26.904+0000] {logging_mixin.py:137} INFO - [2023-06-30T06:12:26.903+0000] {dag.py:3427} INFO - Setting next_dagrun for example_branch_datetime_operator_2 to 2023-06-29T00:00:00+00:00, run_after=2023-06-30T00:00:00+00:00
[2023-06-30T06:12:26.911+0000] {logging_mixin.py:137} INFO - [2023-06-30T06:12:26.911+0000] {dag.py:3427} INFO - Setting next_dagrun for example_branch_datetime_operator_3 to 2023-06-29T00:00:00+00:00, run_after=2023-06-30T00:00:00+00:00
[2023-06-30T06:12:26.937+0000] {processor.py:175} INFO - Processing /home/airflow/.local/lib/python3.7/site-packages/airflow/example_dags/example_branch_datetime_operator.py took 0.181 seconds
[2023-06-30T06:12:57.435+0000] {processor.py:153} INFO - Started process (PID=1694) to work on /home/airflow/.local/lib/python3.7/site-packages/airflow/example_dags/example_branch_datetime_operator.py
[2023-06-30T06:12:57.437+0000] {processor.py:743} INFO - Processing file /home/airflow/.local/lib/python3.7/site-packages/airflow/example_dags/example_branch_datetime_operator.py for tasks to queue
[2023-06-30T06:12:57.439+0000] {logging_mixin.py:137} INFO - [2023-06-30T06:12:57.439+0000] {dagbag.py:538} INFO - Filling up the DagBag from /home/airflow/.local/lib/python3.7/site-packages/airflow/example_dags/example_branch_datetime_operator.py
[2023-06-30T06:12:57.466+0000] {processor.py:753} INFO - DAG(s) dict_keys(['example_branch_datetime_operator_3', 'example_branch_datetime_operator_2', 'example_branch_datetime_operator']) retrieved from /home/airflow/.local/lib/python3.7/site-packages/airflow/example_dags/example_branch_datetime_operator.py
[2023-06-30T06:12:57.530+0000] {logging_mixin.py:137} INFO - [2023-06-30T06:12:57.529+0000] {dag.py:2676} INFO - Sync 3 DAGs
[2023-06-30T06:12:57.569+0000] {logging_mixin.py:137} INFO - [2023-06-30T06:12:57.569+0000] {dag.py:3427} INFO - Setting next_dagrun for example_branch_datetime_operator to 2023-06-29T00:00:00+00:00, run_after=2023-06-30T00:00:00+00:00
[2023-06-30T06:12:57.595+0000] {logging_mixin.py:137} INFO - [2023-06-30T06:12:57.594+0000] {dag.py:3427} INFO - Setting next_dagrun for example_branch_datetime_operator_2 to 2023-06-29T00:00:00+00:00, run_after=2023-06-30T00:00:00+00:00
[2023-06-30T06:12:57.605+0000] {logging_mixin.py:137} INFO - [2023-06-30T06:12:57.604+0000] {dag.py:3427} INFO - Setting next_dagrun for example_branch_datetime_operator_3 to 2023-06-29T00:00:00+00:00, run_after=2023-06-30T00:00:00+00:00
[2023-06-30T06:12:57.632+0000] {processor.py:175} INFO - Processing /home/airflow/.local/lib/python3.7/site-packages/airflow/example_dags/example_branch_datetime_operator.py took 0.202 seconds
[2023-06-30T06:13:28.141+0000] {processor.py:153} INFO - Started process (PID=1774) to work on /home/airflow/.local/lib/python3.7/site-packages/airflow/example_dags/example_branch_datetime_operator.py
[2023-06-30T06:13:28.144+0000] {processor.py:743} INFO - Processing file /home/airflow/.local/lib/python3.7/site-packages/airflow/example_dags/example_branch_datetime_operator.py for tasks to queue
[2023-06-30T06:13:28.146+0000] {logging_mixin.py:137} INFO - [2023-06-30T06:13:28.145+0000] {dagbag.py:538} INFO - Filling up the DagBag from /home/airflow/.local/lib/python3.7/site-packages/airflow/example_dags/example_branch_datetime_operator.py
[2023-06-30T06:13:28.172+0000] {processor.py:753} INFO - DAG(s) dict_keys(['example_branch_datetime_operator', 'example_branch_datetime_operator_2', 'example_branch_datetime_operator_3']) retrieved from /home/airflow/.local/lib/python3.7/site-packages/airflow/example_dags/example_branch_datetime_operator.py
[2023-06-30T06:13:28.238+0000] {logging_mixin.py:137} INFO - [2023-06-30T06:13:28.238+0000] {dag.py:2676} INFO - Sync 3 DAGs
[2023-06-30T06:13:28.281+0000] {logging_mixin.py:137} INFO - [2023-06-30T06:13:28.280+0000] {dag.py:3427} INFO - Setting next_dagrun for example_branch_datetime_operator to 2023-06-29T00:00:00+00:00, run_after=2023-06-30T00:00:00+00:00
[2023-06-30T06:13:28.293+0000] {logging_mixin.py:137} INFO - [2023-06-30T06:13:28.293+0000] {dag.py:3427} INFO - Setting next_dagrun for example_branch_datetime_operator_2 to 2023-06-29T00:00:00+00:00, run_after=2023-06-30T00:00:00+00:00
[2023-06-30T06:13:28.300+0000] {logging_mixin.py:137} INFO - [2023-06-30T06:13:28.300+0000] {dag.py:3427} INFO - Setting next_dagrun for example_branch_datetime_operator_3 to 2023-06-29T00:00:00+00:00, run_after=2023-06-30T00:00:00+00:00
[2023-06-30T06:13:28.327+0000] {processor.py:175} INFO - Processing /home/airflow/.local/lib/python3.7/site-packages/airflow/example_dags/example_branch_datetime_operator.py took 0.192 seconds
[2023-06-30T06:13:58.782+0000] {processor.py:153} INFO - Started process (PID=1840) to work on /home/airflow/.local/lib/python3.7/site-packages/airflow/example_dags/example_branch_datetime_operator.py
[2023-06-30T06:13:58.784+0000] {processor.py:743} INFO - Processing file /home/airflow/.local/lib/python3.7/site-packages/airflow/example_dags/example_branch_datetime_operator.py for tasks to queue
[2023-06-30T06:13:58.787+0000] {logging_mixin.py:137} INFO - [2023-06-30T06:13:58.786+0000] {dagbag.py:538} INFO - Filling up the DagBag from /home/airflow/.local/lib/python3.7/site-packages/airflow/example_dags/example_branch_datetime_operator.py
[2023-06-30T06:13:58.817+0000] {processor.py:753} INFO - DAG(s) dict_keys(['example_branch_datetime_operator_3', 'example_branch_datetime_operator', 'example_branch_datetime_operator_2']) retrieved from /home/airflow/.local/lib/python3.7/site-packages/airflow/example_dags/example_branch_datetime_operator.py
[2023-06-30T06:13:58.881+0000] {logging_mixin.py:137} INFO - [2023-06-30T06:13:58.880+0000] {dag.py:2676} INFO - Sync 3 DAGs
[2023-06-30T06:13:58.921+0000] {logging_mixin.py:137} INFO - [2023-06-30T06:13:58.921+0000] {dag.py:3427} INFO - Setting next_dagrun for example_branch_datetime_operator to 2023-06-29T00:00:00+00:00, run_after=2023-06-30T00:00:00+00:00
[2023-06-30T06:13:58.929+0000] {logging_mixin.py:137} INFO - [2023-06-30T06:13:58.929+0000] {dag.py:3427} INFO - Setting next_dagrun for example_branch_datetime_operator_2 to 2023-06-29T00:00:00+00:00, run_after=2023-06-30T00:00:00+00:00
[2023-06-30T06:13:58.934+0000] {logging_mixin.py:137} INFO - [2023-06-30T06:13:58.934+0000] {dag.py:3427} INFO - Setting next_dagrun for example_branch_datetime_operator_3 to 2023-06-29T00:00:00+00:00, run_after=2023-06-30T00:00:00+00:00
[2023-06-30T06:13:58.960+0000] {processor.py:175} INFO - Processing /home/airflow/.local/lib/python3.7/site-packages/airflow/example_dags/example_branch_datetime_operator.py took 0.184 seconds
[2023-06-30T06:14:29.541+0000] {processor.py:153} INFO - Started process (PID=1906) to work on /home/airflow/.local/lib/python3.7/site-packages/airflow/example_dags/example_branch_datetime_operator.py
[2023-06-30T06:14:29.544+0000] {processor.py:743} INFO - Processing file /home/airflow/.local/lib/python3.7/site-packages/airflow/example_dags/example_branch_datetime_operator.py for tasks to queue
[2023-06-30T06:14:29.547+0000] {logging_mixin.py:137} INFO - [2023-06-30T06:14:29.547+0000] {dagbag.py:538} INFO - Filling up the DagBag from /home/airflow/.local/lib/python3.7/site-packages/airflow/example_dags/example_branch_datetime_operator.py
[2023-06-30T06:14:29.579+0000] {processor.py:753} INFO - DAG(s) dict_keys(['example_branch_datetime_operator_2', 'example_branch_datetime_operator_3', 'example_branch_datetime_operator']) retrieved from /home/airflow/.local/lib/python3.7/site-packages/airflow/example_dags/example_branch_datetime_operator.py
[2023-06-30T06:14:29.663+0000] {logging_mixin.py:137} INFO - [2023-06-30T06:14:29.662+0000] {dag.py:2676} INFO - Sync 3 DAGs
[2023-06-30T06:14:29.709+0000] {logging_mixin.py:137} INFO - [2023-06-30T06:14:29.709+0000] {dag.py:3427} INFO - Setting next_dagrun for example_branch_datetime_operator to 2023-06-29T00:00:00+00:00, run_after=2023-06-30T00:00:00+00:00
[2023-06-30T06:14:29.718+0000] {logging_mixin.py:137} INFO - [2023-06-30T06:14:29.718+0000] {dag.py:3427} INFO - Setting next_dagrun for example_branch_datetime_operator_2 to 2023-06-29T00:00:00+00:00, run_after=2023-06-30T00:00:00+00:00
[2023-06-30T06:14:29.723+0000] {logging_mixin.py:137} INFO - [2023-06-30T06:14:29.722+0000] {dag.py:3427} INFO - Setting next_dagrun for example_branch_datetime_operator_3 to 2023-06-29T00:00:00+00:00, run_after=2023-06-30T00:00:00+00:00
[2023-06-30T06:14:29.753+0000] {processor.py:175} INFO - Processing /home/airflow/.local/lib/python3.7/site-packages/airflow/example_dags/example_branch_datetime_operator.py took 0.218 seconds
[2023-06-30T06:14:59.937+0000] {processor.py:153} INFO - Started process (PID=1986) to work on /home/airflow/.local/lib/python3.7/site-packages/airflow/example_dags/example_branch_datetime_operator.py
[2023-06-30T06:14:59.940+0000] {processor.py:743} INFO - Processing file /home/airflow/.local/lib/python3.7/site-packages/airflow/example_dags/example_branch_datetime_operator.py for tasks to queue
[2023-06-30T06:14:59.941+0000] {logging_mixin.py:137} INFO - [2023-06-30T06:14:59.941+0000] {dagbag.py:538} INFO - Filling up the DagBag from /home/airflow/.local/lib/python3.7/site-packages/airflow/example_dags/example_branch_datetime_operator.py
[2023-06-30T06:14:59.966+0000] {processor.py:753} INFO - DAG(s) dict_keys(['example_branch_datetime_operator', 'example_branch_datetime_operator_2', 'example_branch_datetime_operator_3']) retrieved from /home/airflow/.local/lib/python3.7/site-packages/airflow/example_dags/example_branch_datetime_operator.py
[2023-06-30T06:15:00.005+0000] {logging_mixin.py:137} INFO - [2023-06-30T06:15:00.004+0000] {dag.py:2676} INFO - Sync 3 DAGs
[2023-06-30T06:15:00.061+0000] {logging_mixin.py:137} INFO - [2023-06-30T06:15:00.061+0000] {dag.py:3427} INFO - Setting next_dagrun for example_branch_datetime_operator to 2023-06-29T00:00:00+00:00, run_after=2023-06-30T00:00:00+00:00
[2023-06-30T06:15:00.074+0000] {logging_mixin.py:137} INFO - [2023-06-30T06:15:00.074+0000] {dag.py:3427} INFO - Setting next_dagrun for example_branch_datetime_operator_2 to 2023-06-29T00:00:00+00:00, run_after=2023-06-30T00:00:00+00:00
[2023-06-30T06:15:00.080+0000] {logging_mixin.py:137} INFO - [2023-06-30T06:15:00.080+0000] {dag.py:3427} INFO - Setting next_dagrun for example_branch_datetime_operator_3 to 2023-06-29T00:00:00+00:00, run_after=2023-06-30T00:00:00+00:00
[2023-06-30T06:15:00.111+0000] {processor.py:175} INFO - Processing /home/airflow/.local/lib/python3.7/site-packages/airflow/example_dags/example_branch_datetime_operator.py took 0.179 seconds
[2023-06-30T06:15:30.701+0000] {processor.py:153} INFO - Started process (PID=2052) to work on /home/airflow/.local/lib/python3.7/site-packages/airflow/example_dags/example_branch_datetime_operator.py
[2023-06-30T06:15:30.703+0000] {processor.py:743} INFO - Processing file /home/airflow/.local/lib/python3.7/site-packages/airflow/example_dags/example_branch_datetime_operator.py for tasks to queue
[2023-06-30T06:15:30.705+0000] {logging_mixin.py:137} INFO - [2023-06-30T06:15:30.705+0000] {dagbag.py:538} INFO - Filling up the DagBag from /home/airflow/.local/lib/python3.7/site-packages/airflow/example_dags/example_branch_datetime_operator.py
[2023-06-30T06:15:30.730+0000] {processor.py:753} INFO - DAG(s) dict_keys(['example_branch_datetime_operator_3', 'example_branch_datetime_operator', 'example_branch_datetime_operator_2']) retrieved from /home/airflow/.local/lib/python3.7/site-packages/airflow/example_dags/example_branch_datetime_operator.py
[2023-06-30T06:15:30.768+0000] {logging_mixin.py:137} INFO - [2023-06-30T06:15:30.768+0000] {dag.py:2676} INFO - Sync 3 DAGs
[2023-06-30T06:15:30.801+0000] {logging_mixin.py:137} INFO - [2023-06-30T06:15:30.801+0000] {dag.py:3427} INFO - Setting next_dagrun for example_branch_datetime_operator to 2023-06-29T00:00:00+00:00, run_after=2023-06-30T00:00:00+00:00
[2023-06-30T06:15:30.807+0000] {logging_mixin.py:137} INFO - [2023-06-30T06:15:30.807+0000] {dag.py:3427} INFO - Setting next_dagrun for example_branch_datetime_operator_2 to 2023-06-29T00:00:00+00:00, run_after=2023-06-30T00:00:00+00:00
[2023-06-30T06:15:30.810+0000] {logging_mixin.py:137} INFO - [2023-06-30T06:15:30.810+0000] {dag.py:3427} INFO - Setting next_dagrun for example_branch_datetime_operator_3 to 2023-06-29T00:00:00+00:00, run_after=2023-06-30T00:00:00+00:00
[2023-06-30T06:15:30.829+0000] {processor.py:175} INFO - Processing /home/airflow/.local/lib/python3.7/site-packages/airflow/example_dags/example_branch_datetime_operator.py took 0.133 seconds
[2023-06-30T06:16:01.735+0000] {processor.py:153} INFO - Started process (PID=2125) to work on /home/airflow/.local/lib/python3.7/site-packages/airflow/example_dags/example_branch_datetime_operator.py
[2023-06-30T06:16:01.737+0000] {processor.py:743} INFO - Processing file /home/airflow/.local/lib/python3.7/site-packages/airflow/example_dags/example_branch_datetime_operator.py for tasks to queue
[2023-06-30T06:16:01.740+0000] {logging_mixin.py:137} INFO - [2023-06-30T06:16:01.740+0000] {dagbag.py:538} INFO - Filling up the DagBag from /home/airflow/.local/lib/python3.7/site-packages/airflow/example_dags/example_branch_datetime_operator.py
[2023-06-30T06:16:01.765+0000] {processor.py:753} INFO - DAG(s) dict_keys(['example_branch_datetime_operator_2', 'example_branch_datetime_operator_3', 'example_branch_datetime_operator']) retrieved from /home/airflow/.local/lib/python3.7/site-packages/airflow/example_dags/example_branch_datetime_operator.py
[2023-06-30T06:16:01.828+0000] {logging_mixin.py:137} INFO - [2023-06-30T06:16:01.827+0000] {dag.py:2676} INFO - Sync 3 DAGs
[2023-06-30T06:16:01.867+0000] {logging_mixin.py:137} INFO - [2023-06-30T06:16:01.866+0000] {dag.py:3427} INFO - Setting next_dagrun for example_branch_datetime_operator to 2023-06-29T00:00:00+00:00, run_after=2023-06-30T00:00:00+00:00
[2023-06-30T06:16:01.874+0000] {logging_mixin.py:137} INFO - [2023-06-30T06:16:01.874+0000] {dag.py:3427} INFO - Setting next_dagrun for example_branch_datetime_operator_2 to 2023-06-29T00:00:00+00:00, run_after=2023-06-30T00:00:00+00:00
[2023-06-30T06:16:01.879+0000] {logging_mixin.py:137} INFO - [2023-06-30T06:16:01.879+0000] {dag.py:3427} INFO - Setting next_dagrun for example_branch_datetime_operator_3 to 2023-06-29T00:00:00+00:00, run_after=2023-06-30T00:00:00+00:00
[2023-06-30T06:16:01.906+0000] {processor.py:175} INFO - Processing /home/airflow/.local/lib/python3.7/site-packages/airflow/example_dags/example_branch_datetime_operator.py took 0.176 seconds
[2023-06-30T06:16:32.393+0000] {processor.py:153} INFO - Started process (PID=2198) to work on /home/airflow/.local/lib/python3.7/site-packages/airflow/example_dags/example_branch_datetime_operator.py
[2023-06-30T06:16:32.395+0000] {processor.py:743} INFO - Processing file /home/airflow/.local/lib/python3.7/site-packages/airflow/example_dags/example_branch_datetime_operator.py for tasks to queue
[2023-06-30T06:16:32.397+0000] {logging_mixin.py:137} INFO - [2023-06-30T06:16:32.397+0000] {dagbag.py:538} INFO - Filling up the DagBag from /home/airflow/.local/lib/python3.7/site-packages/airflow/example_dags/example_branch_datetime_operator.py
[2023-06-30T06:16:32.425+0000] {processor.py:753} INFO - DAG(s) dict_keys(['example_branch_datetime_operator_2', 'example_branch_datetime_operator', 'example_branch_datetime_operator_3']) retrieved from /home/airflow/.local/lib/python3.7/site-packages/airflow/example_dags/example_branch_datetime_operator.py
[2023-06-30T06:16:32.523+0000] {logging_mixin.py:137} INFO - [2023-06-30T06:16:32.523+0000] {dag.py:2676} INFO - Sync 3 DAGs
[2023-06-30T06:16:32.568+0000] {logging_mixin.py:137} INFO - [2023-06-30T06:16:32.568+0000] {dag.py:3427} INFO - Setting next_dagrun for example_branch_datetime_operator to 2023-06-29T00:00:00+00:00, run_after=2023-06-30T00:00:00+00:00
[2023-06-30T06:16:32.593+0000] {logging_mixin.py:137} INFO - [2023-06-30T06:16:32.593+0000] {dag.py:3427} INFO - Setting next_dagrun for example_branch_datetime_operator_2 to 2023-06-29T00:00:00+00:00, run_after=2023-06-30T00:00:00+00:00
[2023-06-30T06:16:32.599+0000] {logging_mixin.py:137} INFO - [2023-06-30T06:16:32.598+0000] {dag.py:3427} INFO - Setting next_dagrun for example_branch_datetime_operator_3 to 2023-06-29T00:00:00+00:00, run_after=2023-06-30T00:00:00+00:00
[2023-06-30T06:16:32.623+0000] {processor.py:175} INFO - Processing /home/airflow/.local/lib/python3.7/site-packages/airflow/example_dags/example_branch_datetime_operator.py took 0.235 seconds
[2023-06-30T06:17:03.064+0000] {processor.py:153} INFO - Started process (PID=2264) to work on /home/airflow/.local/lib/python3.7/site-packages/airflow/example_dags/example_branch_datetime_operator.py
[2023-06-30T06:17:03.066+0000] {processor.py:743} INFO - Processing file /home/airflow/.local/lib/python3.7/site-packages/airflow/example_dags/example_branch_datetime_operator.py for tasks to queue
[2023-06-30T06:17:03.067+0000] {logging_mixin.py:137} INFO - [2023-06-30T06:17:03.067+0000] {dagbag.py:538} INFO - Filling up the DagBag from /home/airflow/.local/lib/python3.7/site-packages/airflow/example_dags/example_branch_datetime_operator.py
[2023-06-30T06:17:03.092+0000] {processor.py:753} INFO - DAG(s) dict_keys(['example_branch_datetime_operator_3', 'example_branch_datetime_operator_2', 'example_branch_datetime_operator']) retrieved from /home/airflow/.local/lib/python3.7/site-packages/airflow/example_dags/example_branch_datetime_operator.py
[2023-06-30T06:17:03.164+0000] {logging_mixin.py:137} INFO - [2023-06-30T06:17:03.164+0000] {dag.py:2676} INFO - Sync 3 DAGs
[2023-06-30T06:17:03.208+0000] {logging_mixin.py:137} INFO - [2023-06-30T06:17:03.208+0000] {dag.py:3427} INFO - Setting next_dagrun for example_branch_datetime_operator to 2023-06-29T00:00:00+00:00, run_after=2023-06-30T00:00:00+00:00
[2023-06-30T06:17:03.217+0000] {logging_mixin.py:137} INFO - [2023-06-30T06:17:03.217+0000] {dag.py:3427} INFO - Setting next_dagrun for example_branch_datetime_operator_2 to 2023-06-29T00:00:00+00:00, run_after=2023-06-30T00:00:00+00:00
[2023-06-30T06:17:03.222+0000] {logging_mixin.py:137} INFO - [2023-06-30T06:17:03.222+0000] {dag.py:3427} INFO - Setting next_dagrun for example_branch_datetime_operator_3 to 2023-06-29T00:00:00+00:00, run_after=2023-06-30T00:00:00+00:00
[2023-06-30T06:17:03.252+0000] {processor.py:175} INFO - Processing /home/airflow/.local/lib/python3.7/site-packages/airflow/example_dags/example_branch_datetime_operator.py took 0.192 seconds
