[2023-06-30T06:01:11.679+0000] {processor.py:153} INFO - Started process (PID=75) to work on /home/airflow/.local/lib/python3.7/site-packages/airflow/example_dags/example_task_group_decorator.py
[2023-06-30T06:01:11.681+0000] {processor.py:743} INFO - Processing file /home/airflow/.local/lib/python3.7/site-packages/airflow/example_dags/example_task_group_decorator.py for tasks to queue
[2023-06-30T06:01:11.682+0000] {logging_mixin.py:137} INFO - [2023-06-30T06:01:11.682+0000] {dagbag.py:538} INFO - Filling up the DagBag from /home/airflow/.local/lib/python3.7/site-packages/airflow/example_dags/example_task_group_decorator.py
[2023-06-30T06:01:11.724+0000] {processor.py:753} INFO - DAG(s) dict_keys(['example_task_group_decorator']) retrieved from /home/airflow/.local/lib/python3.7/site-packages/airflow/example_dags/example_task_group_decorator.py
[2023-06-30T06:01:11.775+0000] {logging_mixin.py:137} INFO - [2023-06-30T06:01:11.775+0000] {dag.py:2676} INFO - Sync 1 DAGs
[2023-06-30T06:01:11.810+0000] {logging_mixin.py:137} INFO - [2023-06-30T06:01:11.810+0000] {dag.py:3427} INFO - Setting next_dagrun for example_task_group_decorator to 2023-06-29T06:01:11.809744+00:00, run_after=2023-06-30T06:01:11.809744+00:00
[2023-06-30T06:01:11.840+0000] {processor.py:175} INFO - Processing /home/airflow/.local/lib/python3.7/site-packages/airflow/example_dags/example_task_group_decorator.py took 0.166 seconds
[2023-06-30T06:01:50.518+0000] {processor.py:153} INFO - Started process (PID=156) to work on /home/airflow/.local/lib/python3.7/site-packages/airflow/example_dags/example_task_group_decorator.py
[2023-06-30T06:01:50.523+0000] {processor.py:743} INFO - Processing file /home/airflow/.local/lib/python3.7/site-packages/airflow/example_dags/example_task_group_decorator.py for tasks to queue
[2023-06-30T06:01:50.529+0000] {logging_mixin.py:137} INFO - [2023-06-30T06:01:50.528+0000] {dagbag.py:538} INFO - Filling up the DagBag from /home/airflow/.local/lib/python3.7/site-packages/airflow/example_dags/example_task_group_decorator.py
[2023-06-30T06:01:50.614+0000] {processor.py:753} INFO - DAG(s) dict_keys(['example_task_group_decorator']) retrieved from /home/airflow/.local/lib/python3.7/site-packages/airflow/example_dags/example_task_group_decorator.py
[2023-06-30T06:01:50.747+0000] {logging_mixin.py:137} INFO - [2023-06-30T06:01:50.747+0000] {dag.py:2676} INFO - Sync 1 DAGs
[2023-06-30T06:01:50.833+0000] {logging_mixin.py:137} INFO - [2023-06-30T06:01:50.832+0000] {dag.py:3427} INFO - Setting next_dagrun for example_task_group_decorator to 2023-06-29T06:01:50.831925+00:00, run_after=2023-06-30T06:01:50.831925+00:00
[2023-06-30T06:01:51.347+0000] {processor.py:175} INFO - Processing /home/airflow/.local/lib/python3.7/site-packages/airflow/example_dags/example_task_group_decorator.py took 0.838 seconds
[2023-06-30T06:02:21.797+0000] {processor.py:153} INFO - Started process (PID=222) to work on /home/airflow/.local/lib/python3.7/site-packages/airflow/example_dags/example_task_group_decorator.py
[2023-06-30T06:02:21.804+0000] {processor.py:743} INFO - Processing file /home/airflow/.local/lib/python3.7/site-packages/airflow/example_dags/example_task_group_decorator.py for tasks to queue
[2023-06-30T06:02:21.808+0000] {logging_mixin.py:137} INFO - [2023-06-30T06:02:21.808+0000] {dagbag.py:538} INFO - Filling up the DagBag from /home/airflow/.local/lib/python3.7/site-packages/airflow/example_dags/example_task_group_decorator.py
[2023-06-30T06:02:21.901+0000] {processor.py:753} INFO - DAG(s) dict_keys(['example_task_group_decorator']) retrieved from /home/airflow/.local/lib/python3.7/site-packages/airflow/example_dags/example_task_group_decorator.py
[2023-06-30T06:02:21.997+0000] {logging_mixin.py:137} INFO - [2023-06-30T06:02:21.997+0000] {dag.py:2676} INFO - Sync 1 DAGs
[2023-06-30T06:02:22.057+0000] {logging_mixin.py:137} INFO - [2023-06-30T06:02:22.057+0000] {dag.py:3427} INFO - Setting next_dagrun for example_task_group_decorator to 2023-06-29T06:02:22.057334+00:00, run_after=2023-06-30T06:02:22.057334+00:00
[2023-06-30T06:02:22.106+0000] {processor.py:175} INFO - Processing /home/airflow/.local/lib/python3.7/site-packages/airflow/example_dags/example_task_group_decorator.py took 0.323 seconds
[2023-06-30T06:02:52.843+0000] {processor.py:153} INFO - Started process (PID=288) to work on /home/airflow/.local/lib/python3.7/site-packages/airflow/example_dags/example_task_group_decorator.py
[2023-06-30T06:02:52.846+0000] {processor.py:743} INFO - Processing file /home/airflow/.local/lib/python3.7/site-packages/airflow/example_dags/example_task_group_decorator.py for tasks to queue
[2023-06-30T06:02:52.849+0000] {logging_mixin.py:137} INFO - [2023-06-30T06:02:52.849+0000] {dagbag.py:538} INFO - Filling up the DagBag from /home/airflow/.local/lib/python3.7/site-packages/airflow/example_dags/example_task_group_decorator.py
[2023-06-30T06:02:52.893+0000] {processor.py:753} INFO - DAG(s) dict_keys(['example_task_group_decorator']) retrieved from /home/airflow/.local/lib/python3.7/site-packages/airflow/example_dags/example_task_group_decorator.py
[2023-06-30T06:02:52.948+0000] {logging_mixin.py:137} INFO - [2023-06-30T06:02:52.948+0000] {dag.py:2676} INFO - Sync 1 DAGs
[2023-06-30T06:02:52.983+0000] {logging_mixin.py:137} INFO - [2023-06-30T06:02:52.983+0000] {dag.py:3427} INFO - Setting next_dagrun for example_task_group_decorator to 2023-06-29T06:02:52.982909+00:00, run_after=2023-06-30T06:02:52.982909+00:00
[2023-06-30T06:02:53.008+0000] {processor.py:175} INFO - Processing /home/airflow/.local/lib/python3.7/site-packages/airflow/example_dags/example_task_group_decorator.py took 0.171 seconds
[2023-06-30T06:03:23.722+0000] {processor.py:153} INFO - Started process (PID=354) to work on /home/airflow/.local/lib/python3.7/site-packages/airflow/example_dags/example_task_group_decorator.py
[2023-06-30T06:03:23.725+0000] {processor.py:743} INFO - Processing file /home/airflow/.local/lib/python3.7/site-packages/airflow/example_dags/example_task_group_decorator.py for tasks to queue
[2023-06-30T06:03:23.727+0000] {logging_mixin.py:137} INFO - [2023-06-30T06:03:23.727+0000] {dagbag.py:538} INFO - Filling up the DagBag from /home/airflow/.local/lib/python3.7/site-packages/airflow/example_dags/example_task_group_decorator.py
[2023-06-30T06:03:23.771+0000] {processor.py:753} INFO - DAG(s) dict_keys(['example_task_group_decorator']) retrieved from /home/airflow/.local/lib/python3.7/site-packages/airflow/example_dags/example_task_group_decorator.py
[2023-06-30T06:03:23.824+0000] {logging_mixin.py:137} INFO - [2023-06-30T06:03:23.823+0000] {dag.py:2676} INFO - Sync 1 DAGs
[2023-06-30T06:03:23.861+0000] {logging_mixin.py:137} INFO - [2023-06-30T06:03:23.861+0000] {dag.py:3427} INFO - Setting next_dagrun for example_task_group_decorator to 2023-06-29T06:03:23.861416+00:00, run_after=2023-06-30T06:03:23.861416+00:00
[2023-06-30T06:03:23.888+0000] {processor.py:175} INFO - Processing /home/airflow/.local/lib/python3.7/site-packages/airflow/example_dags/example_task_group_decorator.py took 0.173 seconds
[2023-06-30T06:03:54.040+0000] {processor.py:153} INFO - Started process (PID=434) to work on /home/airflow/.local/lib/python3.7/site-packages/airflow/example_dags/example_task_group_decorator.py
[2023-06-30T06:03:54.043+0000] {processor.py:743} INFO - Processing file /home/airflow/.local/lib/python3.7/site-packages/airflow/example_dags/example_task_group_decorator.py for tasks to queue
[2023-06-30T06:03:54.045+0000] {logging_mixin.py:137} INFO - [2023-06-30T06:03:54.045+0000] {dagbag.py:538} INFO - Filling up the DagBag from /home/airflow/.local/lib/python3.7/site-packages/airflow/example_dags/example_task_group_decorator.py
[2023-06-30T06:03:54.096+0000] {processor.py:753} INFO - DAG(s) dict_keys(['example_task_group_decorator']) retrieved from /home/airflow/.local/lib/python3.7/site-packages/airflow/example_dags/example_task_group_decorator.py
[2023-06-30T06:03:54.155+0000] {logging_mixin.py:137} INFO - [2023-06-30T06:03:54.155+0000] {dag.py:2676} INFO - Sync 1 DAGs
[2023-06-30T06:03:54.192+0000] {logging_mixin.py:137} INFO - [2023-06-30T06:03:54.192+0000] {dag.py:3427} INFO - Setting next_dagrun for example_task_group_decorator to 2023-06-29T06:03:54.191856+00:00, run_after=2023-06-30T06:03:54.191856+00:00
[2023-06-30T06:03:54.219+0000] {processor.py:175} INFO - Processing /home/airflow/.local/lib/python3.7/site-packages/airflow/example_dags/example_task_group_decorator.py took 0.186 seconds
[2023-06-30T06:04:24.337+0000] {processor.py:153} INFO - Started process (PID=499) to work on /home/airflow/.local/lib/python3.7/site-packages/airflow/example_dags/example_task_group_decorator.py
[2023-06-30T06:04:24.340+0000] {processor.py:743} INFO - Processing file /home/airflow/.local/lib/python3.7/site-packages/airflow/example_dags/example_task_group_decorator.py for tasks to queue
[2023-06-30T06:04:24.343+0000] {logging_mixin.py:137} INFO - [2023-06-30T06:04:24.343+0000] {dagbag.py:538} INFO - Filling up the DagBag from /home/airflow/.local/lib/python3.7/site-packages/airflow/example_dags/example_task_group_decorator.py
[2023-06-30T06:04:24.385+0000] {processor.py:753} INFO - DAG(s) dict_keys(['example_task_group_decorator']) retrieved from /home/airflow/.local/lib/python3.7/site-packages/airflow/example_dags/example_task_group_decorator.py
[2023-06-30T06:04:24.450+0000] {logging_mixin.py:137} INFO - [2023-06-30T06:04:24.449+0000] {dag.py:2676} INFO - Sync 1 DAGs
[2023-06-30T06:04:24.495+0000] {logging_mixin.py:137} INFO - [2023-06-30T06:04:24.495+0000] {dag.py:3427} INFO - Setting next_dagrun for example_task_group_decorator to 2023-06-29T06:04:24.494965+00:00, run_after=2023-06-30T06:04:24.494965+00:00
[2023-06-30T06:04:24.531+0000] {processor.py:175} INFO - Processing /home/airflow/.local/lib/python3.7/site-packages/airflow/example_dags/example_task_group_decorator.py took 0.199 seconds
[2023-06-30T06:04:55.540+0000] {processor.py:153} INFO - Started process (PID=579) to work on /home/airflow/.local/lib/python3.7/site-packages/airflow/example_dags/example_task_group_decorator.py
[2023-06-30T06:04:55.542+0000] {processor.py:743} INFO - Processing file /home/airflow/.local/lib/python3.7/site-packages/airflow/example_dags/example_task_group_decorator.py for tasks to queue
[2023-06-30T06:04:55.544+0000] {logging_mixin.py:137} INFO - [2023-06-30T06:04:55.544+0000] {dagbag.py:538} INFO - Filling up the DagBag from /home/airflow/.local/lib/python3.7/site-packages/airflow/example_dags/example_task_group_decorator.py
[2023-06-30T06:04:55.585+0000] {processor.py:753} INFO - DAG(s) dict_keys(['example_task_group_decorator']) retrieved from /home/airflow/.local/lib/python3.7/site-packages/airflow/example_dags/example_task_group_decorator.py
[2023-06-30T06:04:55.636+0000] {logging_mixin.py:137} INFO - [2023-06-30T06:04:55.636+0000] {dag.py:2676} INFO - Sync 1 DAGs
[2023-06-30T06:04:55.670+0000] {logging_mixin.py:137} INFO - [2023-06-30T06:04:55.670+0000] {dag.py:3427} INFO - Setting next_dagrun for example_task_group_decorator to 2023-06-29T06:04:55.669798+00:00, run_after=2023-06-30T06:04:55.669798+00:00
[2023-06-30T06:04:55.694+0000] {processor.py:175} INFO - Processing /home/airflow/.local/lib/python3.7/site-packages/airflow/example_dags/example_task_group_decorator.py took 0.160 seconds
[2023-06-30T06:05:26.710+0000] {processor.py:153} INFO - Started process (PID=645) to work on /home/airflow/.local/lib/python3.7/site-packages/airflow/example_dags/example_task_group_decorator.py
[2023-06-30T06:05:26.712+0000] {processor.py:743} INFO - Processing file /home/airflow/.local/lib/python3.7/site-packages/airflow/example_dags/example_task_group_decorator.py for tasks to queue
[2023-06-30T06:05:26.714+0000] {logging_mixin.py:137} INFO - [2023-06-30T06:05:26.714+0000] {dagbag.py:538} INFO - Filling up the DagBag from /home/airflow/.local/lib/python3.7/site-packages/airflow/example_dags/example_task_group_decorator.py
[2023-06-30T06:05:26.753+0000] {processor.py:753} INFO - DAG(s) dict_keys(['example_task_group_decorator']) retrieved from /home/airflow/.local/lib/python3.7/site-packages/airflow/example_dags/example_task_group_decorator.py
[2023-06-30T06:05:26.809+0000] {logging_mixin.py:137} INFO - [2023-06-30T06:05:26.809+0000] {dag.py:2676} INFO - Sync 1 DAGs
[2023-06-30T06:05:26.849+0000] {logging_mixin.py:137} INFO - [2023-06-30T06:05:26.849+0000] {dag.py:3427} INFO - Setting next_dagrun for example_task_group_decorator to 2023-06-29T06:05:26.848715+00:00, run_after=2023-06-30T06:05:26.848715+00:00
[2023-06-30T06:05:26.878+0000] {processor.py:175} INFO - Processing /home/airflow/.local/lib/python3.7/site-packages/airflow/example_dags/example_task_group_decorator.py took 0.172 seconds
[2023-06-30T06:05:57.073+0000] {processor.py:153} INFO - Started process (PID=721) to work on /home/airflow/.local/lib/python3.7/site-packages/airflow/example_dags/example_task_group_decorator.py
[2023-06-30T06:05:57.074+0000] {processor.py:743} INFO - Processing file /home/airflow/.local/lib/python3.7/site-packages/airflow/example_dags/example_task_group_decorator.py for tasks to queue
[2023-06-30T06:05:57.076+0000] {logging_mixin.py:137} INFO - [2023-06-30T06:05:57.076+0000] {dagbag.py:538} INFO - Filling up the DagBag from /home/airflow/.local/lib/python3.7/site-packages/airflow/example_dags/example_task_group_decorator.py
[2023-06-30T06:05:57.116+0000] {processor.py:753} INFO - DAG(s) dict_keys(['example_task_group_decorator']) retrieved from /home/airflow/.local/lib/python3.7/site-packages/airflow/example_dags/example_task_group_decorator.py
[2023-06-30T06:05:57.170+0000] {logging_mixin.py:137} INFO - [2023-06-30T06:05:57.169+0000] {dag.py:2676} INFO - Sync 1 DAGs
[2023-06-30T06:05:57.212+0000] {logging_mixin.py:137} INFO - [2023-06-30T06:05:57.212+0000] {dag.py:3427} INFO - Setting next_dagrun for example_task_group_decorator to 2023-06-29T06:05:57.212087+00:00, run_after=2023-06-30T06:05:57.212087+00:00
[2023-06-30T06:05:57.258+0000] {processor.py:175} INFO - Processing /home/airflow/.local/lib/python3.7/site-packages/airflow/example_dags/example_task_group_decorator.py took 0.191 seconds
[2023-06-30T06:06:27.311+0000] {processor.py:153} INFO - Started process (PID=792) to work on /home/airflow/.local/lib/python3.7/site-packages/airflow/example_dags/example_task_group_decorator.py
[2023-06-30T06:06:27.313+0000] {processor.py:743} INFO - Processing file /home/airflow/.local/lib/python3.7/site-packages/airflow/example_dags/example_task_group_decorator.py for tasks to queue
[2023-06-30T06:06:27.315+0000] {logging_mixin.py:137} INFO - [2023-06-30T06:06:27.315+0000] {dagbag.py:538} INFO - Filling up the DagBag from /home/airflow/.local/lib/python3.7/site-packages/airflow/example_dags/example_task_group_decorator.py
[2023-06-30T06:06:27.352+0000] {processor.py:753} INFO - DAG(s) dict_keys(['example_task_group_decorator']) retrieved from /home/airflow/.local/lib/python3.7/site-packages/airflow/example_dags/example_task_group_decorator.py
[2023-06-30T06:06:27.399+0000] {logging_mixin.py:137} INFO - [2023-06-30T06:06:27.399+0000] {dag.py:2676} INFO - Sync 1 DAGs
[2023-06-30T06:06:27.428+0000] {logging_mixin.py:137} INFO - [2023-06-30T06:06:27.428+0000] {dag.py:3427} INFO - Setting next_dagrun for example_task_group_decorator to 2023-06-29T06:06:27.428470+00:00, run_after=2023-06-30T06:06:27.428470+00:00
[2023-06-30T06:06:27.449+0000] {processor.py:175} INFO - Processing /home/airflow/.local/lib/python3.7/site-packages/airflow/example_dags/example_task_group_decorator.py took 0.143 seconds
[2023-06-30T06:06:57.568+0000] {processor.py:153} INFO - Started process (PID=858) to work on /home/airflow/.local/lib/python3.7/site-packages/airflow/example_dags/example_task_group_decorator.py
[2023-06-30T06:06:57.571+0000] {processor.py:743} INFO - Processing file /home/airflow/.local/lib/python3.7/site-packages/airflow/example_dags/example_task_group_decorator.py for tasks to queue
[2023-06-30T06:06:57.574+0000] {logging_mixin.py:137} INFO - [2023-06-30T06:06:57.573+0000] {dagbag.py:538} INFO - Filling up the DagBag from /home/airflow/.local/lib/python3.7/site-packages/airflow/example_dags/example_task_group_decorator.py
[2023-06-30T06:06:57.622+0000] {processor.py:753} INFO - DAG(s) dict_keys(['example_task_group_decorator']) retrieved from /home/airflow/.local/lib/python3.7/site-packages/airflow/example_dags/example_task_group_decorator.py
[2023-06-30T06:06:57.712+0000] {logging_mixin.py:137} INFO - [2023-06-30T06:06:57.712+0000] {dag.py:2676} INFO - Sync 1 DAGs
[2023-06-30T06:06:57.761+0000] {logging_mixin.py:137} INFO - [2023-06-30T06:06:57.761+0000] {dag.py:3427} INFO - Setting next_dagrun for example_task_group_decorator to 2023-06-29T06:06:57.760881+00:00, run_after=2023-06-30T06:06:57.760881+00:00
[2023-06-30T06:06:57.798+0000] {processor.py:175} INFO - Processing /home/airflow/.local/lib/python3.7/site-packages/airflow/example_dags/example_task_group_decorator.py took 0.236 seconds
[2023-06-30T06:07:28.149+0000] {processor.py:153} INFO - Started process (PID=938) to work on /home/airflow/.local/lib/python3.7/site-packages/airflow/example_dags/example_task_group_decorator.py
[2023-06-30T06:07:28.160+0000] {processor.py:743} INFO - Processing file /home/airflow/.local/lib/python3.7/site-packages/airflow/example_dags/example_task_group_decorator.py for tasks to queue
[2023-06-30T06:07:28.163+0000] {logging_mixin.py:137} INFO - [2023-06-30T06:07:28.162+0000] {dagbag.py:538} INFO - Filling up the DagBag from /home/airflow/.local/lib/python3.7/site-packages/airflow/example_dags/example_task_group_decorator.py
[2023-06-30T06:07:28.209+0000] {processor.py:753} INFO - DAG(s) dict_keys(['example_task_group_decorator']) retrieved from /home/airflow/.local/lib/python3.7/site-packages/airflow/example_dags/example_task_group_decorator.py
[2023-06-30T06:07:28.266+0000] {logging_mixin.py:137} INFO - [2023-06-30T06:07:28.266+0000] {dag.py:2676} INFO - Sync 1 DAGs
[2023-06-30T06:07:28.303+0000] {logging_mixin.py:137} INFO - [2023-06-30T06:07:28.303+0000] {dag.py:3427} INFO - Setting next_dagrun for example_task_group_decorator to 2023-06-29T06:07:28.303058+00:00, run_after=2023-06-30T06:07:28.303058+00:00
[2023-06-30T06:07:28.331+0000] {processor.py:175} INFO - Processing /home/airflow/.local/lib/python3.7/site-packages/airflow/example_dags/example_task_group_decorator.py took 0.187 seconds
[2023-06-30T06:07:59.246+0000] {processor.py:153} INFO - Started process (PID=1004) to work on /home/airflow/.local/lib/python3.7/site-packages/airflow/example_dags/example_task_group_decorator.py
[2023-06-30T06:07:59.250+0000] {processor.py:743} INFO - Processing file /home/airflow/.local/lib/python3.7/site-packages/airflow/example_dags/example_task_group_decorator.py for tasks to queue
[2023-06-30T06:07:59.252+0000] {logging_mixin.py:137} INFO - [2023-06-30T06:07:59.252+0000] {dagbag.py:538} INFO - Filling up the DagBag from /home/airflow/.local/lib/python3.7/site-packages/airflow/example_dags/example_task_group_decorator.py
[2023-06-30T06:07:59.290+0000] {processor.py:753} INFO - DAG(s) dict_keys(['example_task_group_decorator']) retrieved from /home/airflow/.local/lib/python3.7/site-packages/airflow/example_dags/example_task_group_decorator.py
[2023-06-30T06:07:59.322+0000] {logging_mixin.py:137} INFO - [2023-06-30T06:07:59.322+0000] {dag.py:2676} INFO - Sync 1 DAGs
[2023-06-30T06:07:59.357+0000] {logging_mixin.py:137} INFO - [2023-06-30T06:07:59.357+0000] {dag.py:3427} INFO - Setting next_dagrun for example_task_group_decorator to 2023-06-29T06:07:59.357090+00:00, run_after=2023-06-30T06:07:59.357090+00:00
[2023-06-30T06:07:59.383+0000] {processor.py:175} INFO - Processing /home/airflow/.local/lib/python3.7/site-packages/airflow/example_dags/example_task_group_decorator.py took 0.143 seconds
[2023-06-30T06:08:29.482+0000] {processor.py:153} INFO - Started process (PID=1069) to work on /home/airflow/.local/lib/python3.7/site-packages/airflow/example_dags/example_task_group_decorator.py
[2023-06-30T06:08:29.484+0000] {processor.py:743} INFO - Processing file /home/airflow/.local/lib/python3.7/site-packages/airflow/example_dags/example_task_group_decorator.py for tasks to queue
[2023-06-30T06:08:29.487+0000] {logging_mixin.py:137} INFO - [2023-06-30T06:08:29.487+0000] {dagbag.py:538} INFO - Filling up the DagBag from /home/airflow/.local/lib/python3.7/site-packages/airflow/example_dags/example_task_group_decorator.py
[2023-06-30T06:08:29.526+0000] {processor.py:753} INFO - DAG(s) dict_keys(['example_task_group_decorator']) retrieved from /home/airflow/.local/lib/python3.7/site-packages/airflow/example_dags/example_task_group_decorator.py
[2023-06-30T06:08:29.583+0000] {logging_mixin.py:137} INFO - [2023-06-30T06:08:29.583+0000] {dag.py:2676} INFO - Sync 1 DAGs
[2023-06-30T06:08:29.616+0000] {logging_mixin.py:137} INFO - [2023-06-30T06:08:29.616+0000] {dag.py:3427} INFO - Setting next_dagrun for example_task_group_decorator to 2023-06-29T06:08:29.615842+00:00, run_after=2023-06-30T06:08:29.615842+00:00
[2023-06-30T06:08:29.638+0000] {processor.py:175} INFO - Processing /home/airflow/.local/lib/python3.7/site-packages/airflow/example_dags/example_task_group_decorator.py took 0.162 seconds
[2023-06-30T06:09:00.091+0000] {processor.py:153} INFO - Started process (PID=1149) to work on /home/airflow/.local/lib/python3.7/site-packages/airflow/example_dags/example_task_group_decorator.py
[2023-06-30T06:09:00.094+0000] {processor.py:743} INFO - Processing file /home/airflow/.local/lib/python3.7/site-packages/airflow/example_dags/example_task_group_decorator.py for tasks to queue
[2023-06-30T06:09:00.096+0000] {logging_mixin.py:137} INFO - [2023-06-30T06:09:00.096+0000] {dagbag.py:538} INFO - Filling up the DagBag from /home/airflow/.local/lib/python3.7/site-packages/airflow/example_dags/example_task_group_decorator.py
[2023-06-30T06:09:00.136+0000] {processor.py:753} INFO - DAG(s) dict_keys(['example_task_group_decorator']) retrieved from /home/airflow/.local/lib/python3.7/site-packages/airflow/example_dags/example_task_group_decorator.py
[2023-06-30T06:09:00.188+0000] {logging_mixin.py:137} INFO - [2023-06-30T06:09:00.188+0000] {dag.py:2676} INFO - Sync 1 DAGs
[2023-06-30T06:09:00.222+0000] {logging_mixin.py:137} INFO - [2023-06-30T06:09:00.222+0000] {dag.py:3427} INFO - Setting next_dagrun for example_task_group_decorator to 2023-06-29T06:09:00.222094+00:00, run_after=2023-06-30T06:09:00.222094+00:00
[2023-06-30T06:09:00.244+0000] {processor.py:175} INFO - Processing /home/airflow/.local/lib/python3.7/site-packages/airflow/example_dags/example_task_group_decorator.py took 0.159 seconds
[2023-06-30T06:09:30.393+0000] {processor.py:153} INFO - Started process (PID=1215) to work on /home/airflow/.local/lib/python3.7/site-packages/airflow/example_dags/example_task_group_decorator.py
[2023-06-30T06:09:30.395+0000] {processor.py:743} INFO - Processing file /home/airflow/.local/lib/python3.7/site-packages/airflow/example_dags/example_task_group_decorator.py for tasks to queue
[2023-06-30T06:09:30.397+0000] {logging_mixin.py:137} INFO - [2023-06-30T06:09:30.397+0000] {dagbag.py:538} INFO - Filling up the DagBag from /home/airflow/.local/lib/python3.7/site-packages/airflow/example_dags/example_task_group_decorator.py
[2023-06-30T06:09:30.439+0000] {processor.py:753} INFO - DAG(s) dict_keys(['example_task_group_decorator']) retrieved from /home/airflow/.local/lib/python3.7/site-packages/airflow/example_dags/example_task_group_decorator.py
[2023-06-30T06:09:30.495+0000] {logging_mixin.py:137} INFO - [2023-06-30T06:09:30.494+0000] {dag.py:2676} INFO - Sync 1 DAGs
[2023-06-30T06:09:30.534+0000] {logging_mixin.py:137} INFO - [2023-06-30T06:09:30.534+0000] {dag.py:3427} INFO - Setting next_dagrun for example_task_group_decorator to 2023-06-29T06:09:30.534056+00:00, run_after=2023-06-30T06:09:30.534056+00:00
[2023-06-30T06:09:30.565+0000] {processor.py:175} INFO - Processing /home/airflow/.local/lib/python3.7/site-packages/airflow/example_dags/example_task_group_decorator.py took 0.177 seconds
[2023-06-30T06:10:00.818+0000] {processor.py:153} INFO - Started process (PID=1281) to work on /home/airflow/.local/lib/python3.7/site-packages/airflow/example_dags/example_task_group_decorator.py
[2023-06-30T06:10:00.821+0000] {processor.py:743} INFO - Processing file /home/airflow/.local/lib/python3.7/site-packages/airflow/example_dags/example_task_group_decorator.py for tasks to queue
[2023-06-30T06:10:00.824+0000] {logging_mixin.py:137} INFO - [2023-06-30T06:10:00.824+0000] {dagbag.py:538} INFO - Filling up the DagBag from /home/airflow/.local/lib/python3.7/site-packages/airflow/example_dags/example_task_group_decorator.py
[2023-06-30T06:10:00.876+0000] {processor.py:753} INFO - DAG(s) dict_keys(['example_task_group_decorator']) retrieved from /home/airflow/.local/lib/python3.7/site-packages/airflow/example_dags/example_task_group_decorator.py
[2023-06-30T06:10:00.932+0000] {logging_mixin.py:137} INFO - [2023-06-30T06:10:00.932+0000] {dag.py:2676} INFO - Sync 1 DAGs
[2023-06-30T06:10:00.972+0000] {logging_mixin.py:137} INFO - [2023-06-30T06:10:00.972+0000] {dag.py:3427} INFO - Setting next_dagrun for example_task_group_decorator to 2023-06-29T06:10:00.971990+00:00, run_after=2023-06-30T06:10:00.971990+00:00
[2023-06-30T06:10:01.004+0000] {processor.py:175} INFO - Processing /home/airflow/.local/lib/python3.7/site-packages/airflow/example_dags/example_task_group_decorator.py took 0.191 seconds
[2023-06-30T06:10:31.334+0000] {processor.py:153} INFO - Started process (PID=1361) to work on /home/airflow/.local/lib/python3.7/site-packages/airflow/example_dags/example_task_group_decorator.py
[2023-06-30T06:10:31.337+0000] {processor.py:743} INFO - Processing file /home/airflow/.local/lib/python3.7/site-packages/airflow/example_dags/example_task_group_decorator.py for tasks to queue
[2023-06-30T06:10:31.339+0000] {logging_mixin.py:137} INFO - [2023-06-30T06:10:31.339+0000] {dagbag.py:538} INFO - Filling up the DagBag from /home/airflow/.local/lib/python3.7/site-packages/airflow/example_dags/example_task_group_decorator.py
[2023-06-30T06:10:31.382+0000] {processor.py:753} INFO - DAG(s) dict_keys(['example_task_group_decorator']) retrieved from /home/airflow/.local/lib/python3.7/site-packages/airflow/example_dags/example_task_group_decorator.py
[2023-06-30T06:10:31.436+0000] {logging_mixin.py:137} INFO - [2023-06-30T06:10:31.436+0000] {dag.py:2676} INFO - Sync 1 DAGs
[2023-06-30T06:10:31.469+0000] {logging_mixin.py:137} INFO - [2023-06-30T06:10:31.469+0000] {dag.py:3427} INFO - Setting next_dagrun for example_task_group_decorator to 2023-06-29T06:10:31.469279+00:00, run_after=2023-06-30T06:10:31.469279+00:00
[2023-06-30T06:10:31.494+0000] {processor.py:175} INFO - Processing /home/airflow/.local/lib/python3.7/site-packages/airflow/example_dags/example_task_group_decorator.py took 0.165 seconds
[2023-06-30T06:11:01.669+0000] {processor.py:153} INFO - Started process (PID=1427) to work on /home/airflow/.local/lib/python3.7/site-packages/airflow/example_dags/example_task_group_decorator.py
[2023-06-30T06:11:01.671+0000] {processor.py:743} INFO - Processing file /home/airflow/.local/lib/python3.7/site-packages/airflow/example_dags/example_task_group_decorator.py for tasks to queue
[2023-06-30T06:11:01.673+0000] {logging_mixin.py:137} INFO - [2023-06-30T06:11:01.673+0000] {dagbag.py:538} INFO - Filling up the DagBag from /home/airflow/.local/lib/python3.7/site-packages/airflow/example_dags/example_task_group_decorator.py
[2023-06-30T06:11:01.715+0000] {processor.py:753} INFO - DAG(s) dict_keys(['example_task_group_decorator']) retrieved from /home/airflow/.local/lib/python3.7/site-packages/airflow/example_dags/example_task_group_decorator.py
[2023-06-30T06:11:01.770+0000] {logging_mixin.py:137} INFO - [2023-06-30T06:11:01.770+0000] {dag.py:2676} INFO - Sync 1 DAGs
[2023-06-30T06:11:01.812+0000] {logging_mixin.py:137} INFO - [2023-06-30T06:11:01.812+0000] {dag.py:3427} INFO - Setting next_dagrun for example_task_group_decorator to 2023-06-29T06:11:01.812171+00:00, run_after=2023-06-30T06:11:01.812171+00:00
[2023-06-30T06:11:01.842+0000] {processor.py:175} INFO - Processing /home/airflow/.local/lib/python3.7/site-packages/airflow/example_dags/example_task_group_decorator.py took 0.178 seconds
[2023-06-30T06:11:32.033+0000] {processor.py:153} INFO - Started process (PID=1502) to work on /home/airflow/.local/lib/python3.7/site-packages/airflow/example_dags/example_task_group_decorator.py
[2023-06-30T06:11:32.036+0000] {processor.py:743} INFO - Processing file /home/airflow/.local/lib/python3.7/site-packages/airflow/example_dags/example_task_group_decorator.py for tasks to queue
[2023-06-30T06:11:32.040+0000] {logging_mixin.py:137} INFO - [2023-06-30T06:11:32.040+0000] {dagbag.py:538} INFO - Filling up the DagBag from /home/airflow/.local/lib/python3.7/site-packages/airflow/example_dags/example_task_group_decorator.py
[2023-06-30T06:11:32.091+0000] {processor.py:753} INFO - DAG(s) dict_keys(['example_task_group_decorator']) retrieved from /home/airflow/.local/lib/python3.7/site-packages/airflow/example_dags/example_task_group_decorator.py
[2023-06-30T06:11:32.149+0000] {logging_mixin.py:137} INFO - [2023-06-30T06:11:32.149+0000] {dag.py:2676} INFO - Sync 1 DAGs
[2023-06-30T06:11:32.188+0000] {logging_mixin.py:137} INFO - [2023-06-30T06:11:32.188+0000] {dag.py:3427} INFO - Setting next_dagrun for example_task_group_decorator to 2023-06-29T06:11:32.187849+00:00, run_after=2023-06-30T06:11:32.187849+00:00
[2023-06-30T06:11:32.216+0000] {processor.py:175} INFO - Processing /home/airflow/.local/lib/python3.7/site-packages/airflow/example_dags/example_task_group_decorator.py took 0.190 seconds
[2023-06-30T06:12:02.381+0000] {processor.py:153} INFO - Started process (PID=1573) to work on /home/airflow/.local/lib/python3.7/site-packages/airflow/example_dags/example_task_group_decorator.py
[2023-06-30T06:12:02.383+0000] {processor.py:743} INFO - Processing file /home/airflow/.local/lib/python3.7/site-packages/airflow/example_dags/example_task_group_decorator.py for tasks to queue
[2023-06-30T06:12:02.385+0000] {logging_mixin.py:137} INFO - [2023-06-30T06:12:02.385+0000] {dagbag.py:538} INFO - Filling up the DagBag from /home/airflow/.local/lib/python3.7/site-packages/airflow/example_dags/example_task_group_decorator.py
[2023-06-30T06:12:02.427+0000] {processor.py:753} INFO - DAG(s) dict_keys(['example_task_group_decorator']) retrieved from /home/airflow/.local/lib/python3.7/site-packages/airflow/example_dags/example_task_group_decorator.py
[2023-06-30T06:12:02.481+0000] {logging_mixin.py:137} INFO - [2023-06-30T06:12:02.480+0000] {dag.py:2676} INFO - Sync 1 DAGs
[2023-06-30T06:12:02.520+0000] {logging_mixin.py:137} INFO - [2023-06-30T06:12:02.520+0000] {dag.py:3427} INFO - Setting next_dagrun for example_task_group_decorator to 2023-06-29T06:12:02.520428+00:00, run_after=2023-06-30T06:12:02.520428+00:00
[2023-06-30T06:12:02.549+0000] {processor.py:175} INFO - Processing /home/airflow/.local/lib/python3.7/site-packages/airflow/example_dags/example_task_group_decorator.py took 0.173 seconds
[2023-06-30T06:12:33.206+0000] {processor.py:153} INFO - Started process (PID=1639) to work on /home/airflow/.local/lib/python3.7/site-packages/airflow/example_dags/example_task_group_decorator.py
[2023-06-30T06:12:33.210+0000] {processor.py:743} INFO - Processing file /home/airflow/.local/lib/python3.7/site-packages/airflow/example_dags/example_task_group_decorator.py for tasks to queue
[2023-06-30T06:12:33.214+0000] {logging_mixin.py:137} INFO - [2023-06-30T06:12:33.214+0000] {dagbag.py:538} INFO - Filling up the DagBag from /home/airflow/.local/lib/python3.7/site-packages/airflow/example_dags/example_task_group_decorator.py
[2023-06-30T06:12:33.268+0000] {processor.py:753} INFO - DAG(s) dict_keys(['example_task_group_decorator']) retrieved from /home/airflow/.local/lib/python3.7/site-packages/airflow/example_dags/example_task_group_decorator.py
[2023-06-30T06:12:33.352+0000] {logging_mixin.py:137} INFO - [2023-06-30T06:12:33.352+0000] {dag.py:2676} INFO - Sync 1 DAGs
[2023-06-30T06:12:33.425+0000] {logging_mixin.py:137} INFO - [2023-06-30T06:12:33.424+0000] {dag.py:3427} INFO - Setting next_dagrun for example_task_group_decorator to 2023-06-29T06:12:33.424293+00:00, run_after=2023-06-30T06:12:33.424293+00:00
[2023-06-30T06:12:33.472+0000] {processor.py:175} INFO - Processing /home/airflow/.local/lib/python3.7/site-packages/airflow/example_dags/example_task_group_decorator.py took 0.270 seconds
[2023-06-30T06:13:03.657+0000] {processor.py:153} INFO - Started process (PID=1719) to work on /home/airflow/.local/lib/python3.7/site-packages/airflow/example_dags/example_task_group_decorator.py
[2023-06-30T06:13:03.660+0000] {processor.py:743} INFO - Processing file /home/airflow/.local/lib/python3.7/site-packages/airflow/example_dags/example_task_group_decorator.py for tasks to queue
[2023-06-30T06:13:03.662+0000] {logging_mixin.py:137} INFO - [2023-06-30T06:13:03.662+0000] {dagbag.py:538} INFO - Filling up the DagBag from /home/airflow/.local/lib/python3.7/site-packages/airflow/example_dags/example_task_group_decorator.py
[2023-06-30T06:13:03.702+0000] {processor.py:753} INFO - DAG(s) dict_keys(['example_task_group_decorator']) retrieved from /home/airflow/.local/lib/python3.7/site-packages/airflow/example_dags/example_task_group_decorator.py
[2023-06-30T06:13:03.752+0000] {logging_mixin.py:137} INFO - [2023-06-30T06:13:03.752+0000] {dag.py:2676} INFO - Sync 1 DAGs
[2023-06-30T06:13:03.786+0000] {logging_mixin.py:137} INFO - [2023-06-30T06:13:03.786+0000] {dag.py:3427} INFO - Setting next_dagrun for example_task_group_decorator to 2023-06-29T06:13:03.786078+00:00, run_after=2023-06-30T06:13:03.786078+00:00
[2023-06-30T06:13:03.813+0000] {processor.py:175} INFO - Processing /home/airflow/.local/lib/python3.7/site-packages/airflow/example_dags/example_task_group_decorator.py took 0.161 seconds
[2023-06-30T06:13:34.200+0000] {processor.py:153} INFO - Started process (PID=1785) to work on /home/airflow/.local/lib/python3.7/site-packages/airflow/example_dags/example_task_group_decorator.py
[2023-06-30T06:13:34.203+0000] {processor.py:743} INFO - Processing file /home/airflow/.local/lib/python3.7/site-packages/airflow/example_dags/example_task_group_decorator.py for tasks to queue
[2023-06-30T06:13:34.205+0000] {logging_mixin.py:137} INFO - [2023-06-30T06:13:34.204+0000] {dagbag.py:538} INFO - Filling up the DagBag from /home/airflow/.local/lib/python3.7/site-packages/airflow/example_dags/example_task_group_decorator.py
[2023-06-30T06:13:34.246+0000] {processor.py:753} INFO - DAG(s) dict_keys(['example_task_group_decorator']) retrieved from /home/airflow/.local/lib/python3.7/site-packages/airflow/example_dags/example_task_group_decorator.py
[2023-06-30T06:13:34.300+0000] {logging_mixin.py:137} INFO - [2023-06-30T06:13:34.300+0000] {dag.py:2676} INFO - Sync 1 DAGs
[2023-06-30T06:13:34.337+0000] {logging_mixin.py:137} INFO - [2023-06-30T06:13:34.337+0000] {dag.py:3427} INFO - Setting next_dagrun for example_task_group_decorator to 2023-06-29T06:13:34.337001+00:00, run_after=2023-06-30T06:13:34.337001+00:00
[2023-06-30T06:13:34.363+0000] {processor.py:175} INFO - Processing /home/airflow/.local/lib/python3.7/site-packages/airflow/example_dags/example_task_group_decorator.py took 0.169 seconds
[2023-06-30T06:14:04.814+0000] {processor.py:153} INFO - Started process (PID=1851) to work on /home/airflow/.local/lib/python3.7/site-packages/airflow/example_dags/example_task_group_decorator.py
[2023-06-30T06:14:04.817+0000] {processor.py:743} INFO - Processing file /home/airflow/.local/lib/python3.7/site-packages/airflow/example_dags/example_task_group_decorator.py for tasks to queue
[2023-06-30T06:14:04.818+0000] {logging_mixin.py:137} INFO - [2023-06-30T06:14:04.818+0000] {dagbag.py:538} INFO - Filling up the DagBag from /home/airflow/.local/lib/python3.7/site-packages/airflow/example_dags/example_task_group_decorator.py
[2023-06-30T06:14:04.858+0000] {processor.py:753} INFO - DAG(s) dict_keys(['example_task_group_decorator']) retrieved from /home/airflow/.local/lib/python3.7/site-packages/airflow/example_dags/example_task_group_decorator.py
[2023-06-30T06:14:04.911+0000] {logging_mixin.py:137} INFO - [2023-06-30T06:14:04.911+0000] {dag.py:2676} INFO - Sync 1 DAGs
[2023-06-30T06:14:04.959+0000] {logging_mixin.py:137} INFO - [2023-06-30T06:14:04.959+0000] {dag.py:3427} INFO - Setting next_dagrun for example_task_group_decorator to 2023-06-29T06:14:04.958680+00:00, run_after=2023-06-30T06:14:04.958680+00:00
[2023-06-30T06:14:04.987+0000] {processor.py:175} INFO - Processing /home/airflow/.local/lib/python3.7/site-packages/airflow/example_dags/example_task_group_decorator.py took 0.178 seconds
[2023-06-30T06:14:35.656+0000] {processor.py:153} INFO - Started process (PID=1931) to work on /home/airflow/.local/lib/python3.7/site-packages/airflow/example_dags/example_task_group_decorator.py
[2023-06-30T06:14:35.658+0000] {processor.py:743} INFO - Processing file /home/airflow/.local/lib/python3.7/site-packages/airflow/example_dags/example_task_group_decorator.py for tasks to queue
[2023-06-30T06:14:35.660+0000] {logging_mixin.py:137} INFO - [2023-06-30T06:14:35.660+0000] {dagbag.py:538} INFO - Filling up the DagBag from /home/airflow/.local/lib/python3.7/site-packages/airflow/example_dags/example_task_group_decorator.py
[2023-06-30T06:14:35.698+0000] {processor.py:753} INFO - DAG(s) dict_keys(['example_task_group_decorator']) retrieved from /home/airflow/.local/lib/python3.7/site-packages/airflow/example_dags/example_task_group_decorator.py
[2023-06-30T06:14:35.729+0000] {logging_mixin.py:137} INFO - [2023-06-30T06:14:35.729+0000] {dag.py:2676} INFO - Sync 1 DAGs
[2023-06-30T06:14:35.762+0000] {logging_mixin.py:137} INFO - [2023-06-30T06:14:35.762+0000] {dag.py:3427} INFO - Setting next_dagrun for example_task_group_decorator to 2023-06-29T06:14:35.761766+00:00, run_after=2023-06-30T06:14:35.761766+00:00
[2023-06-30T06:14:35.787+0000] {processor.py:175} INFO - Processing /home/airflow/.local/lib/python3.7/site-packages/airflow/example_dags/example_task_group_decorator.py took 0.136 seconds
[2023-06-30T06:15:06.215+0000] {processor.py:153} INFO - Started process (PID=1997) to work on /home/airflow/.local/lib/python3.7/site-packages/airflow/example_dags/example_task_group_decorator.py
[2023-06-30T06:15:06.234+0000] {processor.py:743} INFO - Processing file /home/airflow/.local/lib/python3.7/site-packages/airflow/example_dags/example_task_group_decorator.py for tasks to queue
[2023-06-30T06:15:06.236+0000] {logging_mixin.py:137} INFO - [2023-06-30T06:15:06.236+0000] {dagbag.py:538} INFO - Filling up the DagBag from /home/airflow/.local/lib/python3.7/site-packages/airflow/example_dags/example_task_group_decorator.py
[2023-06-30T06:15:06.276+0000] {processor.py:753} INFO - DAG(s) dict_keys(['example_task_group_decorator']) retrieved from /home/airflow/.local/lib/python3.7/site-packages/airflow/example_dags/example_task_group_decorator.py
[2023-06-30T06:15:06.332+0000] {logging_mixin.py:137} INFO - [2023-06-30T06:15:06.332+0000] {dag.py:2676} INFO - Sync 1 DAGs
[2023-06-30T06:15:06.369+0000] {logging_mixin.py:137} INFO - [2023-06-30T06:15:06.369+0000] {dag.py:3427} INFO - Setting next_dagrun for example_task_group_decorator to 2023-06-29T06:15:06.369094+00:00, run_after=2023-06-30T06:15:06.369094+00:00
[2023-06-30T06:15:06.393+0000] {processor.py:175} INFO - Processing /home/airflow/.local/lib/python3.7/site-packages/airflow/example_dags/example_task_group_decorator.py took 0.185 seconds
[2023-06-30T06:15:36.659+0000] {processor.py:153} INFO - Started process (PID=2072) to work on /home/airflow/.local/lib/python3.7/site-packages/airflow/example_dags/example_task_group_decorator.py
[2023-06-30T06:15:36.663+0000] {processor.py:743} INFO - Processing file /home/airflow/.local/lib/python3.7/site-packages/airflow/example_dags/example_task_group_decorator.py for tasks to queue
[2023-06-30T06:15:36.666+0000] {logging_mixin.py:137} INFO - [2023-06-30T06:15:36.666+0000] {dagbag.py:538} INFO - Filling up the DagBag from /home/airflow/.local/lib/python3.7/site-packages/airflow/example_dags/example_task_group_decorator.py
[2023-06-30T06:15:36.725+0000] {processor.py:753} INFO - DAG(s) dict_keys(['example_task_group_decorator']) retrieved from /home/airflow/.local/lib/python3.7/site-packages/airflow/example_dags/example_task_group_decorator.py
[2023-06-30T06:15:36.774+0000] {logging_mixin.py:137} INFO - [2023-06-30T06:15:36.774+0000] {dag.py:2676} INFO - Sync 1 DAGs
[2023-06-30T06:15:36.826+0000] {logging_mixin.py:137} INFO - [2023-06-30T06:15:36.826+0000] {dag.py:3427} INFO - Setting next_dagrun for example_task_group_decorator to 2023-06-29T06:15:36.825505+00:00, run_after=2023-06-30T06:15:36.825505+00:00
[2023-06-30T06:15:36.874+0000] {processor.py:175} INFO - Processing /home/airflow/.local/lib/python3.7/site-packages/airflow/example_dags/example_task_group_decorator.py took 0.223 seconds
[2023-06-30T06:16:07.244+0000] {processor.py:153} INFO - Started process (PID=2143) to work on /home/airflow/.local/lib/python3.7/site-packages/airflow/example_dags/example_task_group_decorator.py
[2023-06-30T06:16:07.247+0000] {processor.py:743} INFO - Processing file /home/airflow/.local/lib/python3.7/site-packages/airflow/example_dags/example_task_group_decorator.py for tasks to queue
[2023-06-30T06:16:07.249+0000] {logging_mixin.py:137} INFO - [2023-06-30T06:16:07.249+0000] {dagbag.py:538} INFO - Filling up the DagBag from /home/airflow/.local/lib/python3.7/site-packages/airflow/example_dags/example_task_group_decorator.py
[2023-06-30T06:16:07.297+0000] {processor.py:753} INFO - DAG(s) dict_keys(['example_task_group_decorator']) retrieved from /home/airflow/.local/lib/python3.7/site-packages/airflow/example_dags/example_task_group_decorator.py
[2023-06-30T06:16:07.354+0000] {logging_mixin.py:137} INFO - [2023-06-30T06:16:07.354+0000] {dag.py:2676} INFO - Sync 1 DAGs
[2023-06-30T06:16:07.394+0000] {logging_mixin.py:137} INFO - [2023-06-30T06:16:07.394+0000] {dag.py:3427} INFO - Setting next_dagrun for example_task_group_decorator to 2023-06-29T06:16:07.393754+00:00, run_after=2023-06-30T06:16:07.393754+00:00
[2023-06-30T06:16:07.422+0000] {processor.py:175} INFO - Processing /home/airflow/.local/lib/python3.7/site-packages/airflow/example_dags/example_task_group_decorator.py took 0.185 seconds
[2023-06-30T06:16:37.537+0000] {processor.py:153} INFO - Started process (PID=2209) to work on /home/airflow/.local/lib/python3.7/site-packages/airflow/example_dags/example_task_group_decorator.py
[2023-06-30T06:16:37.541+0000] {processor.py:743} INFO - Processing file /home/airflow/.local/lib/python3.7/site-packages/airflow/example_dags/example_task_group_decorator.py for tasks to queue
[2023-06-30T06:16:37.543+0000] {logging_mixin.py:137} INFO - [2023-06-30T06:16:37.543+0000] {dagbag.py:538} INFO - Filling up the DagBag from /home/airflow/.local/lib/python3.7/site-packages/airflow/example_dags/example_task_group_decorator.py
[2023-06-30T06:16:37.590+0000] {processor.py:753} INFO - DAG(s) dict_keys(['example_task_group_decorator']) retrieved from /home/airflow/.local/lib/python3.7/site-packages/airflow/example_dags/example_task_group_decorator.py
[2023-06-30T06:16:37.651+0000] {logging_mixin.py:137} INFO - [2023-06-30T06:16:37.651+0000] {dag.py:2676} INFO - Sync 1 DAGs
[2023-06-30T06:16:37.687+0000] {logging_mixin.py:137} INFO - [2023-06-30T06:16:37.686+0000] {dag.py:3427} INFO - Setting next_dagrun for example_task_group_decorator to 2023-06-29T06:16:37.686483+00:00, run_after=2023-06-30T06:16:37.686483+00:00
[2023-06-30T06:16:37.716+0000] {processor.py:175} INFO - Processing /home/airflow/.local/lib/python3.7/site-packages/airflow/example_dags/example_task_group_decorator.py took 0.185 seconds
[2023-06-30T06:17:08.311+0000] {processor.py:153} INFO - Started process (PID=2289) to work on /home/airflow/.local/lib/python3.7/site-packages/airflow/example_dags/example_task_group_decorator.py
[2023-06-30T06:17:08.314+0000] {processor.py:743} INFO - Processing file /home/airflow/.local/lib/python3.7/site-packages/airflow/example_dags/example_task_group_decorator.py for tasks to queue
[2023-06-30T06:17:08.316+0000] {logging_mixin.py:137} INFO - [2023-06-30T06:17:08.316+0000] {dagbag.py:538} INFO - Filling up the DagBag from /home/airflow/.local/lib/python3.7/site-packages/airflow/example_dags/example_task_group_decorator.py
[2023-06-30T06:17:08.362+0000] {processor.py:753} INFO - DAG(s) dict_keys(['example_task_group_decorator']) retrieved from /home/airflow/.local/lib/python3.7/site-packages/airflow/example_dags/example_task_group_decorator.py
[2023-06-30T06:17:08.414+0000] {logging_mixin.py:137} INFO - [2023-06-30T06:17:08.414+0000] {dag.py:2676} INFO - Sync 1 DAGs
[2023-06-30T06:17:08.445+0000] {logging_mixin.py:137} INFO - [2023-06-30T06:17:08.445+0000] {dag.py:3427} INFO - Setting next_dagrun for example_task_group_decorator to 2023-06-29T06:17:08.444914+00:00, run_after=2023-06-30T06:17:08.444914+00:00
[2023-06-30T06:17:08.467+0000] {processor.py:175} INFO - Processing /home/airflow/.local/lib/python3.7/site-packages/airflow/example_dags/example_task_group_decorator.py took 0.162 seconds
