[2023-06-30T06:01:08.867+0000] {processor.py:153} INFO - Started process (PID=53) to work on /home/airflow/.local/lib/python3.7/site-packages/airflow/example_dags/example_short_circuit_decorator.py
[2023-06-30T06:01:08.869+0000] {processor.py:743} INFO - Processing file /home/airflow/.local/lib/python3.7/site-packages/airflow/example_dags/example_short_circuit_decorator.py for tasks to queue
[2023-06-30T06:01:08.871+0000] {logging_mixin.py:137} INFO - [2023-06-30T06:01:08.871+0000] {dagbag.py:538} INFO - Filling up the DagBag from /home/airflow/.local/lib/python3.7/site-packages/airflow/example_dags/example_short_circuit_decorator.py
[2023-06-30T06:01:08.914+0000] {processor.py:753} INFO - DAG(s) dict_keys(['example_short_circuit_decorator']) retrieved from /home/airflow/.local/lib/python3.7/site-packages/airflow/example_dags/example_short_circuit_decorator.py
[2023-06-30T06:01:08.952+0000] {logging_mixin.py:137} INFO - [2023-06-30T06:01:08.951+0000] {dag.py:2676} INFO - Sync 1 DAGs
[2023-06-30T06:01:08.990+0000] {logging_mixin.py:137} INFO - [2023-06-30T06:01:08.990+0000] {dag.py:3427} INFO - Setting next_dagrun for example_short_circuit_decorator to 2023-06-29T06:01:08.990359+00:00, run_after=2023-06-30T06:01:08.990359+00:00
[2023-06-30T06:01:09.017+0000] {processor.py:175} INFO - Processing /home/airflow/.local/lib/python3.7/site-packages/airflow/example_dags/example_short_circuit_decorator.py took 0.155 seconds
[2023-06-30T06:01:40.668+0000] {processor.py:153} INFO - Started process (PID=120) to work on /home/airflow/.local/lib/python3.7/site-packages/airflow/example_dags/example_short_circuit_decorator.py
[2023-06-30T06:01:40.672+0000] {processor.py:743} INFO - Processing file /home/airflow/.local/lib/python3.7/site-packages/airflow/example_dags/example_short_circuit_decorator.py for tasks to queue
[2023-06-30T06:01:40.675+0000] {logging_mixin.py:137} INFO - [2023-06-30T06:01:40.675+0000] {dagbag.py:538} INFO - Filling up the DagBag from /home/airflow/.local/lib/python3.7/site-packages/airflow/example_dags/example_short_circuit_decorator.py
[2023-06-30T06:01:40.785+0000] {processor.py:753} INFO - DAG(s) dict_keys(['example_short_circuit_decorator']) retrieved from /home/airflow/.local/lib/python3.7/site-packages/airflow/example_dags/example_short_circuit_decorator.py
[2023-06-30T06:01:41.102+0000] {logging_mixin.py:137} INFO - [2023-06-30T06:01:41.101+0000] {dag.py:2676} INFO - Sync 1 DAGs
[2023-06-30T06:01:41.222+0000] {logging_mixin.py:137} INFO - [2023-06-30T06:01:41.221+0000] {dag.py:3427} INFO - Setting next_dagrun for example_short_circuit_decorator to 2023-06-29T06:01:41.220897+00:00, run_after=2023-06-30T06:01:41.220897+00:00
[2023-06-30T06:01:41.315+0000] {processor.py:175} INFO - Processing /home/airflow/.local/lib/python3.7/site-packages/airflow/example_dags/example_short_circuit_decorator.py took 0.655 seconds
[2023-06-30T06:02:12.453+0000] {processor.py:153} INFO - Started process (PID=186) to work on /home/airflow/.local/lib/python3.7/site-packages/airflow/example_dags/example_short_circuit_decorator.py
[2023-06-30T06:02:12.456+0000] {processor.py:743} INFO - Processing file /home/airflow/.local/lib/python3.7/site-packages/airflow/example_dags/example_short_circuit_decorator.py for tasks to queue
[2023-06-30T06:02:12.458+0000] {logging_mixin.py:137} INFO - [2023-06-30T06:02:12.457+0000] {dagbag.py:538} INFO - Filling up the DagBag from /home/airflow/.local/lib/python3.7/site-packages/airflow/example_dags/example_short_circuit_decorator.py
[2023-06-30T06:02:12.497+0000] {processor.py:753} INFO - DAG(s) dict_keys(['example_short_circuit_decorator']) retrieved from /home/airflow/.local/lib/python3.7/site-packages/airflow/example_dags/example_short_circuit_decorator.py
[2023-06-30T06:02:12.560+0000] {logging_mixin.py:137} INFO - [2023-06-30T06:02:12.560+0000] {dag.py:2676} INFO - Sync 1 DAGs
[2023-06-30T06:02:12.601+0000] {logging_mixin.py:137} INFO - [2023-06-30T06:02:12.601+0000] {dag.py:3427} INFO - Setting next_dagrun for example_short_circuit_decorator to 2023-06-29T06:02:12.601082+00:00, run_after=2023-06-30T06:02:12.601082+00:00
[2023-06-30T06:02:12.632+0000] {processor.py:175} INFO - Processing /home/airflow/.local/lib/python3.7/site-packages/airflow/example_dags/example_short_circuit_decorator.py took 0.186 seconds
[2023-06-30T06:02:42.839+0000] {processor.py:153} INFO - Started process (PID=252) to work on /home/airflow/.local/lib/python3.7/site-packages/airflow/example_dags/example_short_circuit_decorator.py
[2023-06-30T06:02:42.843+0000] {processor.py:743} INFO - Processing file /home/airflow/.local/lib/python3.7/site-packages/airflow/example_dags/example_short_circuit_decorator.py for tasks to queue
[2023-06-30T06:02:42.847+0000] {logging_mixin.py:137} INFO - [2023-06-30T06:02:42.846+0000] {dagbag.py:538} INFO - Filling up the DagBag from /home/airflow/.local/lib/python3.7/site-packages/airflow/example_dags/example_short_circuit_decorator.py
[2023-06-30T06:02:42.888+0000] {processor.py:753} INFO - DAG(s) dict_keys(['example_short_circuit_decorator']) retrieved from /home/airflow/.local/lib/python3.7/site-packages/airflow/example_dags/example_short_circuit_decorator.py
[2023-06-30T06:02:42.945+0000] {logging_mixin.py:137} INFO - [2023-06-30T06:02:42.945+0000] {dag.py:2676} INFO - Sync 1 DAGs
[2023-06-30T06:02:42.981+0000] {logging_mixin.py:137} INFO - [2023-06-30T06:02:42.981+0000] {dag.py:3427} INFO - Setting next_dagrun for example_short_circuit_decorator to 2023-06-29T06:02:42.981112+00:00, run_after=2023-06-30T06:02:42.981112+00:00
[2023-06-30T06:02:43.038+0000] {processor.py:175} INFO - Processing /home/airflow/.local/lib/python3.7/site-packages/airflow/example_dags/example_short_circuit_decorator.py took 0.209 seconds
[2023-06-30T06:03:13.526+0000] {processor.py:153} INFO - Started process (PID=332) to work on /home/airflow/.local/lib/python3.7/site-packages/airflow/example_dags/example_short_circuit_decorator.py
[2023-06-30T06:03:13.528+0000] {processor.py:743} INFO - Processing file /home/airflow/.local/lib/python3.7/site-packages/airflow/example_dags/example_short_circuit_decorator.py for tasks to queue
[2023-06-30T06:03:13.530+0000] {logging_mixin.py:137} INFO - [2023-06-30T06:03:13.530+0000] {dagbag.py:538} INFO - Filling up the DagBag from /home/airflow/.local/lib/python3.7/site-packages/airflow/example_dags/example_short_circuit_decorator.py
[2023-06-30T06:03:13.577+0000] {processor.py:753} INFO - DAG(s) dict_keys(['example_short_circuit_decorator']) retrieved from /home/airflow/.local/lib/python3.7/site-packages/airflow/example_dags/example_short_circuit_decorator.py
[2023-06-30T06:03:13.637+0000] {logging_mixin.py:137} INFO - [2023-06-30T06:03:13.637+0000] {dag.py:2676} INFO - Sync 1 DAGs
[2023-06-30T06:03:13.671+0000] {logging_mixin.py:137} INFO - [2023-06-30T06:03:13.671+0000] {dag.py:3427} INFO - Setting next_dagrun for example_short_circuit_decorator to 2023-06-29T06:03:13.670971+00:00, run_after=2023-06-30T06:03:13.670971+00:00
[2023-06-30T06:03:13.697+0000] {processor.py:175} INFO - Processing /home/airflow/.local/lib/python3.7/site-packages/airflow/example_dags/example_short_circuit_decorator.py took 0.176 seconds
[2023-06-30T06:03:44.344+0000] {processor.py:153} INFO - Started process (PID=398) to work on /home/airflow/.local/lib/python3.7/site-packages/airflow/example_dags/example_short_circuit_decorator.py
[2023-06-30T06:03:44.346+0000] {processor.py:743} INFO - Processing file /home/airflow/.local/lib/python3.7/site-packages/airflow/example_dags/example_short_circuit_decorator.py for tasks to queue
[2023-06-30T06:03:44.348+0000] {logging_mixin.py:137} INFO - [2023-06-30T06:03:44.348+0000] {dagbag.py:538} INFO - Filling up the DagBag from /home/airflow/.local/lib/python3.7/site-packages/airflow/example_dags/example_short_circuit_decorator.py
[2023-06-30T06:03:44.384+0000] {processor.py:753} INFO - DAG(s) dict_keys(['example_short_circuit_decorator']) retrieved from /home/airflow/.local/lib/python3.7/site-packages/airflow/example_dags/example_short_circuit_decorator.py
[2023-06-30T06:03:44.440+0000] {logging_mixin.py:137} INFO - [2023-06-30T06:03:44.439+0000] {dag.py:2676} INFO - Sync 1 DAGs
[2023-06-30T06:03:44.476+0000] {logging_mixin.py:137} INFO - [2023-06-30T06:03:44.476+0000] {dag.py:3427} INFO - Setting next_dagrun for example_short_circuit_decorator to 2023-06-29T06:03:44.475827+00:00, run_after=2023-06-30T06:03:44.475827+00:00
[2023-06-30T06:03:44.504+0000] {processor.py:175} INFO - Processing /home/airflow/.local/lib/python3.7/site-packages/airflow/example_dags/example_short_circuit_decorator.py took 0.164 seconds
[2023-06-30T06:04:14.940+0000] {processor.py:153} INFO - Started process (PID=472) to work on /home/airflow/.local/lib/python3.7/site-packages/airflow/example_dags/example_short_circuit_decorator.py
[2023-06-30T06:04:14.943+0000] {processor.py:743} INFO - Processing file /home/airflow/.local/lib/python3.7/site-packages/airflow/example_dags/example_short_circuit_decorator.py for tasks to queue
[2023-06-30T06:04:14.946+0000] {logging_mixin.py:137} INFO - [2023-06-30T06:04:14.945+0000] {dagbag.py:538} INFO - Filling up the DagBag from /home/airflow/.local/lib/python3.7/site-packages/airflow/example_dags/example_short_circuit_decorator.py
[2023-06-30T06:04:14.986+0000] {processor.py:753} INFO - DAG(s) dict_keys(['example_short_circuit_decorator']) retrieved from /home/airflow/.local/lib/python3.7/site-packages/airflow/example_dags/example_short_circuit_decorator.py
[2023-06-30T06:04:15.046+0000] {logging_mixin.py:137} INFO - [2023-06-30T06:04:15.045+0000] {dag.py:2676} INFO - Sync 1 DAGs
[2023-06-30T06:04:15.082+0000] {logging_mixin.py:137} INFO - [2023-06-30T06:04:15.082+0000] {dag.py:3427} INFO - Setting next_dagrun for example_short_circuit_decorator to 2023-06-29T06:04:15.081773+00:00, run_after=2023-06-30T06:04:15.081773+00:00
[2023-06-30T06:04:15.112+0000] {processor.py:175} INFO - Processing /home/airflow/.local/lib/python3.7/site-packages/airflow/example_dags/example_short_circuit_decorator.py took 0.177 seconds
[2023-06-30T06:04:45.288+0000] {processor.py:153} INFO - Started process (PID=543) to work on /home/airflow/.local/lib/python3.7/site-packages/airflow/example_dags/example_short_circuit_decorator.py
[2023-06-30T06:04:45.290+0000] {processor.py:743} INFO - Processing file /home/airflow/.local/lib/python3.7/site-packages/airflow/example_dags/example_short_circuit_decorator.py for tasks to queue
[2023-06-30T06:04:45.292+0000] {logging_mixin.py:137} INFO - [2023-06-30T06:04:45.292+0000] {dagbag.py:538} INFO - Filling up the DagBag from /home/airflow/.local/lib/python3.7/site-packages/airflow/example_dags/example_short_circuit_decorator.py
[2023-06-30T06:04:45.327+0000] {processor.py:753} INFO - DAG(s) dict_keys(['example_short_circuit_decorator']) retrieved from /home/airflow/.local/lib/python3.7/site-packages/airflow/example_dags/example_short_circuit_decorator.py
[2023-06-30T06:04:45.383+0000] {logging_mixin.py:137} INFO - [2023-06-30T06:04:45.382+0000] {dag.py:2676} INFO - Sync 1 DAGs
[2023-06-30T06:04:45.417+0000] {logging_mixin.py:137} INFO - [2023-06-30T06:04:45.417+0000] {dag.py:3427} INFO - Setting next_dagrun for example_short_circuit_decorator to 2023-06-29T06:04:45.416723+00:00, run_after=2023-06-30T06:04:45.416723+00:00
[2023-06-30T06:04:45.441+0000] {processor.py:175} INFO - Processing /home/airflow/.local/lib/python3.7/site-packages/airflow/example_dags/example_short_circuit_decorator.py took 0.158 seconds
[2023-06-30T06:05:16.228+0000] {processor.py:153} INFO - Started process (PID=609) to work on /home/airflow/.local/lib/python3.7/site-packages/airflow/example_dags/example_short_circuit_decorator.py
[2023-06-30T06:05:16.230+0000] {processor.py:743} INFO - Processing file /home/airflow/.local/lib/python3.7/site-packages/airflow/example_dags/example_short_circuit_decorator.py for tasks to queue
[2023-06-30T06:05:16.232+0000] {logging_mixin.py:137} INFO - [2023-06-30T06:05:16.232+0000] {dagbag.py:538} INFO - Filling up the DagBag from /home/airflow/.local/lib/python3.7/site-packages/airflow/example_dags/example_short_circuit_decorator.py
[2023-06-30T06:05:16.270+0000] {processor.py:753} INFO - DAG(s) dict_keys(['example_short_circuit_decorator']) retrieved from /home/airflow/.local/lib/python3.7/site-packages/airflow/example_dags/example_short_circuit_decorator.py
[2023-06-30T06:05:16.357+0000] {logging_mixin.py:137} INFO - [2023-06-30T06:05:16.357+0000] {dag.py:2676} INFO - Sync 1 DAGs
[2023-06-30T06:05:16.397+0000] {logging_mixin.py:137} INFO - [2023-06-30T06:05:16.397+0000] {dag.py:3427} INFO - Setting next_dagrun for example_short_circuit_decorator to 2023-06-29T06:05:16.397242+00:00, run_after=2023-06-30T06:05:16.397242+00:00
[2023-06-30T06:05:16.426+0000] {processor.py:175} INFO - Processing /home/airflow/.local/lib/python3.7/site-packages/airflow/example_dags/example_short_circuit_decorator.py took 0.203 seconds
[2023-06-30T06:05:46.483+0000] {processor.py:153} INFO - Started process (PID=689) to work on /home/airflow/.local/lib/python3.7/site-packages/airflow/example_dags/example_short_circuit_decorator.py
[2023-06-30T06:05:46.485+0000] {processor.py:743} INFO - Processing file /home/airflow/.local/lib/python3.7/site-packages/airflow/example_dags/example_short_circuit_decorator.py for tasks to queue
[2023-06-30T06:05:46.487+0000] {logging_mixin.py:137} INFO - [2023-06-30T06:05:46.486+0000] {dagbag.py:538} INFO - Filling up the DagBag from /home/airflow/.local/lib/python3.7/site-packages/airflow/example_dags/example_short_circuit_decorator.py
[2023-06-30T06:05:46.521+0000] {processor.py:753} INFO - DAG(s) dict_keys(['example_short_circuit_decorator']) retrieved from /home/airflow/.local/lib/python3.7/site-packages/airflow/example_dags/example_short_circuit_decorator.py
[2023-06-30T06:05:46.570+0000] {logging_mixin.py:137} INFO - [2023-06-30T06:05:46.570+0000] {dag.py:2676} INFO - Sync 1 DAGs
[2023-06-30T06:05:46.606+0000] {logging_mixin.py:137} INFO - [2023-06-30T06:05:46.606+0000] {dag.py:3427} INFO - Setting next_dagrun for example_short_circuit_decorator to 2023-06-29T06:05:46.605942+00:00, run_after=2023-06-30T06:05:46.605942+00:00
[2023-06-30T06:05:46.631+0000] {processor.py:175} INFO - Processing /home/airflow/.local/lib/python3.7/site-packages/airflow/example_dags/example_short_circuit_decorator.py took 0.153 seconds
[2023-06-30T06:06:16.805+0000] {processor.py:153} INFO - Started process (PID=756) to work on /home/airflow/.local/lib/python3.7/site-packages/airflow/example_dags/example_short_circuit_decorator.py
[2023-06-30T06:06:16.808+0000] {processor.py:743} INFO - Processing file /home/airflow/.local/lib/python3.7/site-packages/airflow/example_dags/example_short_circuit_decorator.py for tasks to queue
[2023-06-30T06:06:16.810+0000] {logging_mixin.py:137} INFO - [2023-06-30T06:06:16.809+0000] {dagbag.py:538} INFO - Filling up the DagBag from /home/airflow/.local/lib/python3.7/site-packages/airflow/example_dags/example_short_circuit_decorator.py
[2023-06-30T06:06:16.845+0000] {processor.py:753} INFO - DAG(s) dict_keys(['example_short_circuit_decorator']) retrieved from /home/airflow/.local/lib/python3.7/site-packages/airflow/example_dags/example_short_circuit_decorator.py
[2023-06-30T06:06:16.900+0000] {logging_mixin.py:137} INFO - [2023-06-30T06:06:16.899+0000] {dag.py:2676} INFO - Sync 1 DAGs
[2023-06-30T06:06:16.947+0000] {logging_mixin.py:137} INFO - [2023-06-30T06:06:16.947+0000] {dag.py:3427} INFO - Setting next_dagrun for example_short_circuit_decorator to 2023-06-29T06:06:16.947039+00:00, run_after=2023-06-30T06:06:16.947039+00:00
[2023-06-30T06:06:16.973+0000] {processor.py:175} INFO - Processing /home/airflow/.local/lib/python3.7/site-packages/airflow/example_dags/example_short_circuit_decorator.py took 0.172 seconds
[2023-06-30T06:06:47.153+0000] {processor.py:153} INFO - Started process (PID=822) to work on /home/airflow/.local/lib/python3.7/site-packages/airflow/example_dags/example_short_circuit_decorator.py
[2023-06-30T06:06:47.156+0000] {processor.py:743} INFO - Processing file /home/airflow/.local/lib/python3.7/site-packages/airflow/example_dags/example_short_circuit_decorator.py for tasks to queue
[2023-06-30T06:06:47.158+0000] {logging_mixin.py:137} INFO - [2023-06-30T06:06:47.158+0000] {dagbag.py:538} INFO - Filling up the DagBag from /home/airflow/.local/lib/python3.7/site-packages/airflow/example_dags/example_short_circuit_decorator.py
[2023-06-30T06:06:47.194+0000] {processor.py:753} INFO - DAG(s) dict_keys(['example_short_circuit_decorator']) retrieved from /home/airflow/.local/lib/python3.7/site-packages/airflow/example_dags/example_short_circuit_decorator.py
[2023-06-30T06:06:47.247+0000] {logging_mixin.py:137} INFO - [2023-06-30T06:06:47.247+0000] {dag.py:2676} INFO - Sync 1 DAGs
[2023-06-30T06:06:47.284+0000] {logging_mixin.py:137} INFO - [2023-06-30T06:06:47.284+0000] {dag.py:3427} INFO - Setting next_dagrun for example_short_circuit_decorator to 2023-06-29T06:06:47.284072+00:00, run_after=2023-06-30T06:06:47.284072+00:00
[2023-06-30T06:06:47.312+0000] {processor.py:175} INFO - Processing /home/airflow/.local/lib/python3.7/site-packages/airflow/example_dags/example_short_circuit_decorator.py took 0.166 seconds
[2023-06-30T06:07:17.639+0000] {processor.py:153} INFO - Started process (PID=902) to work on /home/airflow/.local/lib/python3.7/site-packages/airflow/example_dags/example_short_circuit_decorator.py
[2023-06-30T06:07:17.641+0000] {processor.py:743} INFO - Processing file /home/airflow/.local/lib/python3.7/site-packages/airflow/example_dags/example_short_circuit_decorator.py for tasks to queue
[2023-06-30T06:07:17.643+0000] {logging_mixin.py:137} INFO - [2023-06-30T06:07:17.643+0000] {dagbag.py:538} INFO - Filling up the DagBag from /home/airflow/.local/lib/python3.7/site-packages/airflow/example_dags/example_short_circuit_decorator.py
[2023-06-30T06:07:17.685+0000] {processor.py:753} INFO - DAG(s) dict_keys(['example_short_circuit_decorator']) retrieved from /home/airflow/.local/lib/python3.7/site-packages/airflow/example_dags/example_short_circuit_decorator.py
[2023-06-30T06:07:17.748+0000] {logging_mixin.py:137} INFO - [2023-06-30T06:07:17.748+0000] {dag.py:2676} INFO - Sync 1 DAGs
[2023-06-30T06:07:17.788+0000] {logging_mixin.py:137} INFO - [2023-06-30T06:07:17.788+0000] {dag.py:3427} INFO - Setting next_dagrun for example_short_circuit_decorator to 2023-06-29T06:07:17.787897+00:00, run_after=2023-06-30T06:07:17.787897+00:00
[2023-06-30T06:07:17.819+0000] {processor.py:175} INFO - Processing /home/airflow/.local/lib/python3.7/site-packages/airflow/example_dags/example_short_circuit_decorator.py took 0.186 seconds
[2023-06-30T06:07:47.894+0000] {processor.py:153} INFO - Started process (PID=968) to work on /home/airflow/.local/lib/python3.7/site-packages/airflow/example_dags/example_short_circuit_decorator.py
[2023-06-30T06:07:47.896+0000] {processor.py:743} INFO - Processing file /home/airflow/.local/lib/python3.7/site-packages/airflow/example_dags/example_short_circuit_decorator.py for tasks to queue
[2023-06-30T06:07:47.898+0000] {logging_mixin.py:137} INFO - [2023-06-30T06:07:47.897+0000] {dagbag.py:538} INFO - Filling up the DagBag from /home/airflow/.local/lib/python3.7/site-packages/airflow/example_dags/example_short_circuit_decorator.py
[2023-06-30T06:07:47.943+0000] {processor.py:753} INFO - DAG(s) dict_keys(['example_short_circuit_decorator']) retrieved from /home/airflow/.local/lib/python3.7/site-packages/airflow/example_dags/example_short_circuit_decorator.py
[2023-06-30T06:07:48.001+0000] {logging_mixin.py:137} INFO - [2023-06-30T06:07:48.001+0000] {dag.py:2676} INFO - Sync 1 DAGs
[2023-06-30T06:07:48.040+0000] {logging_mixin.py:137} INFO - [2023-06-30T06:07:48.040+0000] {dag.py:3427} INFO - Setting next_dagrun for example_short_circuit_decorator to 2023-06-29T06:07:48.039944+00:00, run_after=2023-06-30T06:07:48.039944+00:00
[2023-06-30T06:07:48.080+0000] {processor.py:175} INFO - Processing /home/airflow/.local/lib/python3.7/site-packages/airflow/example_dags/example_short_circuit_decorator.py took 0.192 seconds
[2023-06-30T06:08:18.760+0000] {processor.py:153} INFO - Started process (PID=1041) to work on /home/airflow/.local/lib/python3.7/site-packages/airflow/example_dags/example_short_circuit_decorator.py
[2023-06-30T06:08:18.762+0000] {processor.py:743} INFO - Processing file /home/airflow/.local/lib/python3.7/site-packages/airflow/example_dags/example_short_circuit_decorator.py for tasks to queue
[2023-06-30T06:08:18.766+0000] {logging_mixin.py:137} INFO - [2023-06-30T06:08:18.766+0000] {dagbag.py:538} INFO - Filling up the DagBag from /home/airflow/.local/lib/python3.7/site-packages/airflow/example_dags/example_short_circuit_decorator.py
[2023-06-30T06:08:18.803+0000] {processor.py:753} INFO - DAG(s) dict_keys(['example_short_circuit_decorator']) retrieved from /home/airflow/.local/lib/python3.7/site-packages/airflow/example_dags/example_short_circuit_decorator.py
[2023-06-30T06:08:18.864+0000] {logging_mixin.py:137} INFO - [2023-06-30T06:08:18.864+0000] {dag.py:2676} INFO - Sync 1 DAGs
[2023-06-30T06:08:18.920+0000] {logging_mixin.py:137} INFO - [2023-06-30T06:08:18.919+0000] {dag.py:3427} INFO - Setting next_dagrun for example_short_circuit_decorator to 2023-06-29T06:08:18.919343+00:00, run_after=2023-06-30T06:08:18.919343+00:00
[2023-06-30T06:08:18.960+0000] {processor.py:175} INFO - Processing /home/airflow/.local/lib/python3.7/site-packages/airflow/example_dags/example_short_circuit_decorator.py took 0.204 seconds
[2023-06-30T06:08:49.020+0000] {processor.py:153} INFO - Started process (PID=1112) to work on /home/airflow/.local/lib/python3.7/site-packages/airflow/example_dags/example_short_circuit_decorator.py
[2023-06-30T06:08:49.023+0000] {processor.py:743} INFO - Processing file /home/airflow/.local/lib/python3.7/site-packages/airflow/example_dags/example_short_circuit_decorator.py for tasks to queue
[2023-06-30T06:08:49.024+0000] {logging_mixin.py:137} INFO - [2023-06-30T06:08:49.024+0000] {dagbag.py:538} INFO - Filling up the DagBag from /home/airflow/.local/lib/python3.7/site-packages/airflow/example_dags/example_short_circuit_decorator.py
[2023-06-30T06:08:49.059+0000] {processor.py:753} INFO - DAG(s) dict_keys(['example_short_circuit_decorator']) retrieved from /home/airflow/.local/lib/python3.7/site-packages/airflow/example_dags/example_short_circuit_decorator.py
[2023-06-30T06:08:49.111+0000] {logging_mixin.py:137} INFO - [2023-06-30T06:08:49.111+0000] {dag.py:2676} INFO - Sync 1 DAGs
[2023-06-30T06:08:49.145+0000] {logging_mixin.py:137} INFO - [2023-06-30T06:08:49.145+0000] {dag.py:3427} INFO - Setting next_dagrun for example_short_circuit_decorator to 2023-06-29T06:08:49.144705+00:00, run_after=2023-06-30T06:08:49.144705+00:00
[2023-06-30T06:08:49.179+0000] {processor.py:175} INFO - Processing /home/airflow/.local/lib/python3.7/site-packages/airflow/example_dags/example_short_circuit_decorator.py took 0.164 seconds
[2023-06-30T06:09:19.762+0000] {processor.py:153} INFO - Started process (PID=1178) to work on /home/airflow/.local/lib/python3.7/site-packages/airflow/example_dags/example_short_circuit_decorator.py
[2023-06-30T06:09:19.765+0000] {processor.py:743} INFO - Processing file /home/airflow/.local/lib/python3.7/site-packages/airflow/example_dags/example_short_circuit_decorator.py for tasks to queue
[2023-06-30T06:09:19.769+0000] {logging_mixin.py:137} INFO - [2023-06-30T06:09:19.768+0000] {dagbag.py:538} INFO - Filling up the DagBag from /home/airflow/.local/lib/python3.7/site-packages/airflow/example_dags/example_short_circuit_decorator.py
[2023-06-30T06:09:19.808+0000] {processor.py:753} INFO - DAG(s) dict_keys(['example_short_circuit_decorator']) retrieved from /home/airflow/.local/lib/python3.7/site-packages/airflow/example_dags/example_short_circuit_decorator.py
[2023-06-30T06:09:19.876+0000] {logging_mixin.py:137} INFO - [2023-06-30T06:09:19.876+0000] {dag.py:2676} INFO - Sync 1 DAGs
[2023-06-30T06:09:19.940+0000] {logging_mixin.py:137} INFO - [2023-06-30T06:09:19.940+0000] {dag.py:3427} INFO - Setting next_dagrun for example_short_circuit_decorator to 2023-06-29T06:09:19.939606+00:00, run_after=2023-06-30T06:09:19.939606+00:00
[2023-06-30T06:09:19.981+0000] {processor.py:175} INFO - Processing /home/airflow/.local/lib/python3.7/site-packages/airflow/example_dags/example_short_circuit_decorator.py took 0.223 seconds
[2023-06-30T06:09:50.097+0000] {processor.py:153} INFO - Started process (PID=1258) to work on /home/airflow/.local/lib/python3.7/site-packages/airflow/example_dags/example_short_circuit_decorator.py
[2023-06-30T06:09:50.101+0000] {processor.py:743} INFO - Processing file /home/airflow/.local/lib/python3.7/site-packages/airflow/example_dags/example_short_circuit_decorator.py for tasks to queue
[2023-06-30T06:09:50.104+0000] {logging_mixin.py:137} INFO - [2023-06-30T06:09:50.104+0000] {dagbag.py:538} INFO - Filling up the DagBag from /home/airflow/.local/lib/python3.7/site-packages/airflow/example_dags/example_short_circuit_decorator.py
[2023-06-30T06:09:50.148+0000] {processor.py:753} INFO - DAG(s) dict_keys(['example_short_circuit_decorator']) retrieved from /home/airflow/.local/lib/python3.7/site-packages/airflow/example_dags/example_short_circuit_decorator.py
[2023-06-30T06:09:50.222+0000] {logging_mixin.py:137} INFO - [2023-06-30T06:09:50.222+0000] {dag.py:2676} INFO - Sync 1 DAGs
[2023-06-30T06:09:50.276+0000] {logging_mixin.py:137} INFO - [2023-06-30T06:09:50.276+0000] {dag.py:3427} INFO - Setting next_dagrun for example_short_circuit_decorator to 2023-06-29T06:09:50.275671+00:00, run_after=2023-06-30T06:09:50.275671+00:00
[2023-06-30T06:09:50.305+0000] {processor.py:175} INFO - Processing /home/airflow/.local/lib/python3.7/site-packages/airflow/example_dags/example_short_circuit_decorator.py took 0.213 seconds
[2023-06-30T06:10:20.537+0000] {processor.py:153} INFO - Started process (PID=1324) to work on /home/airflow/.local/lib/python3.7/site-packages/airflow/example_dags/example_short_circuit_decorator.py
[2023-06-30T06:10:20.539+0000] {processor.py:743} INFO - Processing file /home/airflow/.local/lib/python3.7/site-packages/airflow/example_dags/example_short_circuit_decorator.py for tasks to queue
[2023-06-30T06:10:20.541+0000] {logging_mixin.py:137} INFO - [2023-06-30T06:10:20.540+0000] {dagbag.py:538} INFO - Filling up the DagBag from /home/airflow/.local/lib/python3.7/site-packages/airflow/example_dags/example_short_circuit_decorator.py
[2023-06-30T06:10:20.569+0000] {processor.py:753} INFO - DAG(s) dict_keys(['example_short_circuit_decorator']) retrieved from /home/airflow/.local/lib/python3.7/site-packages/airflow/example_dags/example_short_circuit_decorator.py
[2023-06-30T06:10:20.613+0000] {logging_mixin.py:137} INFO - [2023-06-30T06:10:20.613+0000] {dag.py:2676} INFO - Sync 1 DAGs
[2023-06-30T06:10:20.642+0000] {logging_mixin.py:137} INFO - [2023-06-30T06:10:20.642+0000] {dag.py:3427} INFO - Setting next_dagrun for example_short_circuit_decorator to 2023-06-29T06:10:20.641779+00:00, run_after=2023-06-30T06:10:20.641779+00:00
[2023-06-30T06:10:20.662+0000] {processor.py:175} INFO - Processing /home/airflow/.local/lib/python3.7/site-packages/airflow/example_dags/example_short_circuit_decorator.py took 0.129 seconds
[2023-06-30T06:10:50.812+0000] {processor.py:153} INFO - Started process (PID=1390) to work on /home/airflow/.local/lib/python3.7/site-packages/airflow/example_dags/example_short_circuit_decorator.py
[2023-06-30T06:10:50.814+0000] {processor.py:743} INFO - Processing file /home/airflow/.local/lib/python3.7/site-packages/airflow/example_dags/example_short_circuit_decorator.py for tasks to queue
[2023-06-30T06:10:50.816+0000] {logging_mixin.py:137} INFO - [2023-06-30T06:10:50.816+0000] {dagbag.py:538} INFO - Filling up the DagBag from /home/airflow/.local/lib/python3.7/site-packages/airflow/example_dags/example_short_circuit_decorator.py
[2023-06-30T06:10:50.858+0000] {processor.py:753} INFO - DAG(s) dict_keys(['example_short_circuit_decorator']) retrieved from /home/airflow/.local/lib/python3.7/site-packages/airflow/example_dags/example_short_circuit_decorator.py
[2023-06-30T06:10:50.980+0000] {logging_mixin.py:137} INFO - [2023-06-30T06:10:50.979+0000] {dag.py:2676} INFO - Sync 1 DAGs
[2023-06-30T06:10:51.049+0000] {logging_mixin.py:137} INFO - [2023-06-30T06:10:51.049+0000] {dag.py:3427} INFO - Setting next_dagrun for example_short_circuit_decorator to 2023-06-29T06:10:51.048646+00:00, run_after=2023-06-30T06:10:51.048646+00:00
[2023-06-30T06:10:51.103+0000] {processor.py:175} INFO - Processing /home/airflow/.local/lib/python3.7/site-packages/airflow/example_dags/example_short_circuit_decorator.py took 0.296 seconds
[2023-06-30T06:11:21.354+0000] {processor.py:153} INFO - Started process (PID=1470) to work on /home/airflow/.local/lib/python3.7/site-packages/airflow/example_dags/example_short_circuit_decorator.py
[2023-06-30T06:11:21.357+0000] {processor.py:743} INFO - Processing file /home/airflow/.local/lib/python3.7/site-packages/airflow/example_dags/example_short_circuit_decorator.py for tasks to queue
[2023-06-30T06:11:21.359+0000] {logging_mixin.py:137} INFO - [2023-06-30T06:11:21.359+0000] {dagbag.py:538} INFO - Filling up the DagBag from /home/airflow/.local/lib/python3.7/site-packages/airflow/example_dags/example_short_circuit_decorator.py
[2023-06-30T06:11:21.414+0000] {processor.py:753} INFO - DAG(s) dict_keys(['example_short_circuit_decorator']) retrieved from /home/airflow/.local/lib/python3.7/site-packages/airflow/example_dags/example_short_circuit_decorator.py
[2023-06-30T06:11:21.476+0000] {logging_mixin.py:137} INFO - [2023-06-30T06:11:21.476+0000] {dag.py:2676} INFO - Sync 1 DAGs
[2023-06-30T06:11:21.520+0000] {logging_mixin.py:137} INFO - [2023-06-30T06:11:21.520+0000] {dag.py:3427} INFO - Setting next_dagrun for example_short_circuit_decorator to 2023-06-29T06:11:21.520154+00:00, run_after=2023-06-30T06:11:21.520154+00:00
[2023-06-30T06:11:21.553+0000] {processor.py:175} INFO - Processing /home/airflow/.local/lib/python3.7/site-packages/airflow/example_dags/example_short_circuit_decorator.py took 0.206 seconds
[2023-06-30T06:11:51.709+0000] {processor.py:153} INFO - Started process (PID=1536) to work on /home/airflow/.local/lib/python3.7/site-packages/airflow/example_dags/example_short_circuit_decorator.py
[2023-06-30T06:11:51.713+0000] {processor.py:743} INFO - Processing file /home/airflow/.local/lib/python3.7/site-packages/airflow/example_dags/example_short_circuit_decorator.py for tasks to queue
[2023-06-30T06:11:51.716+0000] {logging_mixin.py:137} INFO - [2023-06-30T06:11:51.715+0000] {dagbag.py:538} INFO - Filling up the DagBag from /home/airflow/.local/lib/python3.7/site-packages/airflow/example_dags/example_short_circuit_decorator.py
[2023-06-30T06:11:51.762+0000] {processor.py:753} INFO - DAG(s) dict_keys(['example_short_circuit_decorator']) retrieved from /home/airflow/.local/lib/python3.7/site-packages/airflow/example_dags/example_short_circuit_decorator.py
[2023-06-30T06:11:51.823+0000] {logging_mixin.py:137} INFO - [2023-06-30T06:11:51.822+0000] {dag.py:2676} INFO - Sync 1 DAGs
[2023-06-30T06:11:51.862+0000] {logging_mixin.py:137} INFO - [2023-06-30T06:11:51.862+0000] {dag.py:3427} INFO - Setting next_dagrun for example_short_circuit_decorator to 2023-06-29T06:11:51.862323+00:00, run_after=2023-06-30T06:11:51.862323+00:00
[2023-06-30T06:11:51.893+0000] {processor.py:175} INFO - Processing /home/airflow/.local/lib/python3.7/site-packages/airflow/example_dags/example_short_circuit_decorator.py took 0.198 seconds
[2023-06-30T06:12:22.740+0000] {processor.py:153} INFO - Started process (PID=1611) to work on /home/airflow/.local/lib/python3.7/site-packages/airflow/example_dags/example_short_circuit_decorator.py
[2023-06-30T06:12:22.742+0000] {processor.py:743} INFO - Processing file /home/airflow/.local/lib/python3.7/site-packages/airflow/example_dags/example_short_circuit_decorator.py for tasks to queue
[2023-06-30T06:12:22.744+0000] {logging_mixin.py:137} INFO - [2023-06-30T06:12:22.744+0000] {dagbag.py:538} INFO - Filling up the DagBag from /home/airflow/.local/lib/python3.7/site-packages/airflow/example_dags/example_short_circuit_decorator.py
[2023-06-30T06:12:22.775+0000] {processor.py:753} INFO - DAG(s) dict_keys(['example_short_circuit_decorator']) retrieved from /home/airflow/.local/lib/python3.7/site-packages/airflow/example_dags/example_short_circuit_decorator.py
[2023-06-30T06:12:22.833+0000] {logging_mixin.py:137} INFO - [2023-06-30T06:12:22.832+0000] {dag.py:2676} INFO - Sync 1 DAGs
[2023-06-30T06:12:22.872+0000] {logging_mixin.py:137} INFO - [2023-06-30T06:12:22.872+0000] {dag.py:3427} INFO - Setting next_dagrun for example_short_circuit_decorator to 2023-06-29T06:12:22.871787+00:00, run_after=2023-06-30T06:12:22.871787+00:00
[2023-06-30T06:12:22.903+0000] {processor.py:175} INFO - Processing /home/airflow/.local/lib/python3.7/site-packages/airflow/example_dags/example_short_circuit_decorator.py took 0.169 seconds
[2023-06-30T06:12:53.001+0000] {processor.py:153} INFO - Started process (PID=1682) to work on /home/airflow/.local/lib/python3.7/site-packages/airflow/example_dags/example_short_circuit_decorator.py
[2023-06-30T06:12:53.004+0000] {processor.py:743} INFO - Processing file /home/airflow/.local/lib/python3.7/site-packages/airflow/example_dags/example_short_circuit_decorator.py for tasks to queue
[2023-06-30T06:12:53.005+0000] {logging_mixin.py:137} INFO - [2023-06-30T06:12:53.005+0000] {dagbag.py:538} INFO - Filling up the DagBag from /home/airflow/.local/lib/python3.7/site-packages/airflow/example_dags/example_short_circuit_decorator.py
[2023-06-30T06:12:53.038+0000] {processor.py:753} INFO - DAG(s) dict_keys(['example_short_circuit_decorator']) retrieved from /home/airflow/.local/lib/python3.7/site-packages/airflow/example_dags/example_short_circuit_decorator.py
[2023-06-30T06:12:53.081+0000] {logging_mixin.py:137} INFO - [2023-06-30T06:12:53.080+0000] {dag.py:2676} INFO - Sync 1 DAGs
[2023-06-30T06:12:53.108+0000] {logging_mixin.py:137} INFO - [2023-06-30T06:12:53.108+0000] {dag.py:3427} INFO - Setting next_dagrun for example_short_circuit_decorator to 2023-06-29T06:12:53.108459+00:00, run_after=2023-06-30T06:12:53.108459+00:00
[2023-06-30T06:12:53.130+0000] {processor.py:175} INFO - Processing /home/airflow/.local/lib/python3.7/site-packages/airflow/example_dags/example_short_circuit_decorator.py took 0.133 seconds
[2023-06-30T06:13:23.200+0000] {processor.py:153} INFO - Started process (PID=1748) to work on /home/airflow/.local/lib/python3.7/site-packages/airflow/example_dags/example_short_circuit_decorator.py
[2023-06-30T06:13:23.203+0000] {processor.py:743} INFO - Processing file /home/airflow/.local/lib/python3.7/site-packages/airflow/example_dags/example_short_circuit_decorator.py for tasks to queue
[2023-06-30T06:13:23.212+0000] {logging_mixin.py:137} INFO - [2023-06-30T06:13:23.211+0000] {dagbag.py:538} INFO - Filling up the DagBag from /home/airflow/.local/lib/python3.7/site-packages/airflow/example_dags/example_short_circuit_decorator.py
[2023-06-30T06:13:23.252+0000] {processor.py:753} INFO - DAG(s) dict_keys(['example_short_circuit_decorator']) retrieved from /home/airflow/.local/lib/python3.7/site-packages/airflow/example_dags/example_short_circuit_decorator.py
[2023-06-30T06:13:23.306+0000] {logging_mixin.py:137} INFO - [2023-06-30T06:13:23.305+0000] {dag.py:2676} INFO - Sync 1 DAGs
[2023-06-30T06:13:23.340+0000] {logging_mixin.py:137} INFO - [2023-06-30T06:13:23.340+0000] {dag.py:3427} INFO - Setting next_dagrun for example_short_circuit_decorator to 2023-06-29T06:13:23.340284+00:00, run_after=2023-06-30T06:13:23.340284+00:00
[2023-06-30T06:13:23.368+0000] {processor.py:175} INFO - Processing /home/airflow/.local/lib/python3.7/site-packages/airflow/example_dags/example_short_circuit_decorator.py took 0.174 seconds
[2023-06-30T06:13:53.492+0000] {processor.py:153} INFO - Started process (PID=1814) to work on /home/airflow/.local/lib/python3.7/site-packages/airflow/example_dags/example_short_circuit_decorator.py
[2023-06-30T06:13:53.495+0000] {processor.py:743} INFO - Processing file /home/airflow/.local/lib/python3.7/site-packages/airflow/example_dags/example_short_circuit_decorator.py for tasks to queue
[2023-06-30T06:13:53.496+0000] {logging_mixin.py:137} INFO - [2023-06-30T06:13:53.496+0000] {dagbag.py:538} INFO - Filling up the DagBag from /home/airflow/.local/lib/python3.7/site-packages/airflow/example_dags/example_short_circuit_decorator.py
[2023-06-30T06:13:53.533+0000] {processor.py:753} INFO - DAG(s) dict_keys(['example_short_circuit_decorator']) retrieved from /home/airflow/.local/lib/python3.7/site-packages/airflow/example_dags/example_short_circuit_decorator.py
[2023-06-30T06:13:53.584+0000] {logging_mixin.py:137} INFO - [2023-06-30T06:13:53.583+0000] {dag.py:2676} INFO - Sync 1 DAGs
[2023-06-30T06:13:53.617+0000] {logging_mixin.py:137} INFO - [2023-06-30T06:13:53.617+0000] {dag.py:3427} INFO - Setting next_dagrun for example_short_circuit_decorator to 2023-06-29T06:13:53.617050+00:00, run_after=2023-06-30T06:13:53.617050+00:00
[2023-06-30T06:13:53.640+0000] {processor.py:175} INFO - Processing /home/airflow/.local/lib/python3.7/site-packages/airflow/example_dags/example_short_circuit_decorator.py took 0.153 seconds
[2023-06-30T06:14:24.239+0000] {processor.py:153} INFO - Started process (PID=1894) to work on /home/airflow/.local/lib/python3.7/site-packages/airflow/example_dags/example_short_circuit_decorator.py
[2023-06-30T06:14:24.240+0000] {processor.py:743} INFO - Processing file /home/airflow/.local/lib/python3.7/site-packages/airflow/example_dags/example_short_circuit_decorator.py for tasks to queue
[2023-06-30T06:14:24.242+0000] {logging_mixin.py:137} INFO - [2023-06-30T06:14:24.242+0000] {dagbag.py:538} INFO - Filling up the DagBag from /home/airflow/.local/lib/python3.7/site-packages/airflow/example_dags/example_short_circuit_decorator.py
[2023-06-30T06:14:24.271+0000] {processor.py:753} INFO - DAG(s) dict_keys(['example_short_circuit_decorator']) retrieved from /home/airflow/.local/lib/python3.7/site-packages/airflow/example_dags/example_short_circuit_decorator.py
[2023-06-30T06:14:24.322+0000] {logging_mixin.py:137} INFO - [2023-06-30T06:14:24.322+0000] {dag.py:2676} INFO - Sync 1 DAGs
[2023-06-30T06:14:24.361+0000] {logging_mixin.py:137} INFO - [2023-06-30T06:14:24.360+0000] {dag.py:3427} INFO - Setting next_dagrun for example_short_circuit_decorator to 2023-06-29T06:14:24.360296+00:00, run_after=2023-06-30T06:14:24.360296+00:00
[2023-06-30T06:14:24.390+0000] {processor.py:175} INFO - Processing /home/airflow/.local/lib/python3.7/site-packages/airflow/example_dags/example_short_circuit_decorator.py took 0.155 seconds
[2023-06-30T06:14:54.911+0000] {processor.py:153} INFO - Started process (PID=1960) to work on /home/airflow/.local/lib/python3.7/site-packages/airflow/example_dags/example_short_circuit_decorator.py
[2023-06-30T06:14:54.914+0000] {processor.py:743} INFO - Processing file /home/airflow/.local/lib/python3.7/site-packages/airflow/example_dags/example_short_circuit_decorator.py for tasks to queue
[2023-06-30T06:14:54.916+0000] {logging_mixin.py:137} INFO - [2023-06-30T06:14:54.916+0000] {dagbag.py:538} INFO - Filling up the DagBag from /home/airflow/.local/lib/python3.7/site-packages/airflow/example_dags/example_short_circuit_decorator.py
[2023-06-30T06:14:54.953+0000] {processor.py:753} INFO - DAG(s) dict_keys(['example_short_circuit_decorator']) retrieved from /home/airflow/.local/lib/python3.7/site-packages/airflow/example_dags/example_short_circuit_decorator.py
[2023-06-30T06:14:54.993+0000] {logging_mixin.py:137} INFO - [2023-06-30T06:14:54.992+0000] {dag.py:2676} INFO - Sync 1 DAGs
[2023-06-30T06:14:55.029+0000] {logging_mixin.py:137} INFO - [2023-06-30T06:14:55.029+0000] {dag.py:3427} INFO - Setting next_dagrun for example_short_circuit_decorator to 2023-06-29T06:14:55.029195+00:00, run_after=2023-06-30T06:14:55.029195+00:00
[2023-06-30T06:14:55.056+0000] {processor.py:175} INFO - Processing /home/airflow/.local/lib/python3.7/site-packages/airflow/example_dags/example_short_circuit_decorator.py took 0.149 seconds
[2023-06-30T06:15:25.760+0000] {processor.py:153} INFO - Started process (PID=2040) to work on /home/airflow/.local/lib/python3.7/site-packages/airflow/example_dags/example_short_circuit_decorator.py
[2023-06-30T06:15:25.763+0000] {processor.py:743} INFO - Processing file /home/airflow/.local/lib/python3.7/site-packages/airflow/example_dags/example_short_circuit_decorator.py for tasks to queue
[2023-06-30T06:15:25.766+0000] {logging_mixin.py:137} INFO - [2023-06-30T06:15:25.765+0000] {dagbag.py:538} INFO - Filling up the DagBag from /home/airflow/.local/lib/python3.7/site-packages/airflow/example_dags/example_short_circuit_decorator.py
[2023-06-30T06:15:25.809+0000] {processor.py:753} INFO - DAG(s) dict_keys(['example_short_circuit_decorator']) retrieved from /home/airflow/.local/lib/python3.7/site-packages/airflow/example_dags/example_short_circuit_decorator.py
[2023-06-30T06:15:25.849+0000] {logging_mixin.py:137} INFO - [2023-06-30T06:15:25.849+0000] {dag.py:2676} INFO - Sync 1 DAGs
[2023-06-30T06:15:25.884+0000] {logging_mixin.py:137} INFO - [2023-06-30T06:15:25.884+0000] {dag.py:3427} INFO - Setting next_dagrun for example_short_circuit_decorator to 2023-06-29T06:15:25.883960+00:00, run_after=2023-06-30T06:15:25.883960+00:00
[2023-06-30T06:15:25.910+0000] {processor.py:175} INFO - Processing /home/airflow/.local/lib/python3.7/site-packages/airflow/example_dags/example_short_circuit_decorator.py took 0.155 seconds
[2023-06-30T06:15:56.210+0000] {processor.py:153} INFO - Started process (PID=2106) to work on /home/airflow/.local/lib/python3.7/site-packages/airflow/example_dags/example_short_circuit_decorator.py
[2023-06-30T06:15:56.213+0000] {processor.py:743} INFO - Processing file /home/airflow/.local/lib/python3.7/site-packages/airflow/example_dags/example_short_circuit_decorator.py for tasks to queue
[2023-06-30T06:15:56.215+0000] {logging_mixin.py:137} INFO - [2023-06-30T06:15:56.215+0000] {dagbag.py:538} INFO - Filling up the DagBag from /home/airflow/.local/lib/python3.7/site-packages/airflow/example_dags/example_short_circuit_decorator.py
[2023-06-30T06:15:56.258+0000] {processor.py:753} INFO - DAG(s) dict_keys(['example_short_circuit_decorator']) retrieved from /home/airflow/.local/lib/python3.7/site-packages/airflow/example_dags/example_short_circuit_decorator.py
[2023-06-30T06:15:56.327+0000] {logging_mixin.py:137} INFO - [2023-06-30T06:15:56.326+0000] {dag.py:2676} INFO - Sync 1 DAGs
[2023-06-30T06:15:56.370+0000] {logging_mixin.py:137} INFO - [2023-06-30T06:15:56.370+0000] {dag.py:3427} INFO - Setting next_dagrun for example_short_circuit_decorator to 2023-06-29T06:15:56.369949+00:00, run_after=2023-06-30T06:15:56.369949+00:00
[2023-06-30T06:15:56.402+0000] {processor.py:175} INFO - Processing /home/airflow/.local/lib/python3.7/site-packages/airflow/example_dags/example_short_circuit_decorator.py took 0.198 seconds
[2023-06-30T06:16:26.760+0000] {processor.py:153} INFO - Started process (PID=2172) to work on /home/airflow/.local/lib/python3.7/site-packages/airflow/example_dags/example_short_circuit_decorator.py
[2023-06-30T06:16:26.763+0000] {processor.py:743} INFO - Processing file /home/airflow/.local/lib/python3.7/site-packages/airflow/example_dags/example_short_circuit_decorator.py for tasks to queue
[2023-06-30T06:16:26.765+0000] {logging_mixin.py:137} INFO - [2023-06-30T06:16:26.765+0000] {dagbag.py:538} INFO - Filling up the DagBag from /home/airflow/.local/lib/python3.7/site-packages/airflow/example_dags/example_short_circuit_decorator.py
[2023-06-30T06:16:26.812+0000] {processor.py:753} INFO - DAG(s) dict_keys(['example_short_circuit_decorator']) retrieved from /home/airflow/.local/lib/python3.7/site-packages/airflow/example_dags/example_short_circuit_decorator.py
[2023-06-30T06:16:26.878+0000] {logging_mixin.py:137} INFO - [2023-06-30T06:16:26.878+0000] {dag.py:2676} INFO - Sync 1 DAGs
[2023-06-30T06:16:26.918+0000] {logging_mixin.py:137} INFO - [2023-06-30T06:16:26.918+0000] {dag.py:3427} INFO - Setting next_dagrun for example_short_circuit_decorator to 2023-06-29T06:16:26.918310+00:00, run_after=2023-06-30T06:16:26.918310+00:00
[2023-06-30T06:16:26.951+0000] {processor.py:175} INFO - Processing /home/airflow/.local/lib/python3.7/site-packages/airflow/example_dags/example_short_circuit_decorator.py took 0.195 seconds
[2023-06-30T06:16:57.005+0000] {processor.py:153} INFO - Started process (PID=2252) to work on /home/airflow/.local/lib/python3.7/site-packages/airflow/example_dags/example_short_circuit_decorator.py
[2023-06-30T06:16:57.008+0000] {processor.py:743} INFO - Processing file /home/airflow/.local/lib/python3.7/site-packages/airflow/example_dags/example_short_circuit_decorator.py for tasks to queue
[2023-06-30T06:16:57.009+0000] {logging_mixin.py:137} INFO - [2023-06-30T06:16:57.009+0000] {dagbag.py:538} INFO - Filling up the DagBag from /home/airflow/.local/lib/python3.7/site-packages/airflow/example_dags/example_short_circuit_decorator.py
[2023-06-30T06:16:57.045+0000] {processor.py:753} INFO - DAG(s) dict_keys(['example_short_circuit_decorator']) retrieved from /home/airflow/.local/lib/python3.7/site-packages/airflow/example_dags/example_short_circuit_decorator.py
[2023-06-30T06:16:57.094+0000] {logging_mixin.py:137} INFO - [2023-06-30T06:16:57.094+0000] {dag.py:2676} INFO - Sync 1 DAGs
[2023-06-30T06:16:57.127+0000] {logging_mixin.py:137} INFO - [2023-06-30T06:16:57.127+0000] {dag.py:3427} INFO - Setting next_dagrun for example_short_circuit_decorator to 2023-06-29T06:16:57.126975+00:00, run_after=2023-06-30T06:16:57.126975+00:00
[2023-06-30T06:16:57.150+0000] {processor.py:175} INFO - Processing /home/airflow/.local/lib/python3.7/site-packages/airflow/example_dags/example_short_circuit_decorator.py took 0.149 seconds
