[2023-06-30T06:01:08.487+0000] {processor.py:153} INFO - Started process (PID=49) to work on /home/airflow/.local/lib/python3.7/site-packages/airflow/example_dags/example_sensors.py
[2023-06-30T06:01:08.489+0000] {processor.py:743} INFO - Processing file /home/airflow/.local/lib/python3.7/site-packages/airflow/example_dags/example_sensors.py for tasks to queue
[2023-06-30T06:01:08.492+0000] {logging_mixin.py:137} INFO - [2023-06-30T06:01:08.492+0000] {dagbag.py:538} INFO - Filling up the DagBag from /home/airflow/.local/lib/python3.7/site-packages/airflow/example_dags/example_sensors.py
[2023-06-30T06:01:08.542+0000] {processor.py:753} INFO - DAG(s) dict_keys(['example_sensors']) retrieved from /home/airflow/.local/lib/python3.7/site-packages/airflow/example_dags/example_sensors.py
[2023-06-30T06:01:08.574+0000] {logging_mixin.py:137} INFO - [2023-06-30T06:01:08.574+0000] {dag.py:2676} INFO - Sync 1 DAGs
[2023-06-30T06:01:08.604+0000] {logging_mixin.py:137} INFO - [2023-06-30T06:01:08.604+0000] {dag.py:3427} INFO - Setting next_dagrun for example_sensors to None, run_after=None
[2023-06-30T06:01:08.629+0000] {processor.py:175} INFO - Processing /home/airflow/.local/lib/python3.7/site-packages/airflow/example_dags/example_sensors.py took 0.146 seconds
[2023-06-30T06:01:39.060+0000] {processor.py:153} INFO - Started process (PID=116) to work on /home/airflow/.local/lib/python3.7/site-packages/airflow/example_dags/example_sensors.py
[2023-06-30T06:01:39.069+0000] {processor.py:743} INFO - Processing file /home/airflow/.local/lib/python3.7/site-packages/airflow/example_dags/example_sensors.py for tasks to queue
[2023-06-30T06:01:39.076+0000] {logging_mixin.py:137} INFO - [2023-06-30T06:01:39.075+0000] {dagbag.py:538} INFO - Filling up the DagBag from /home/airflow/.local/lib/python3.7/site-packages/airflow/example_dags/example_sensors.py
[2023-06-30T06:01:39.483+0000] {processor.py:753} INFO - DAG(s) dict_keys(['example_sensors']) retrieved from /home/airflow/.local/lib/python3.7/site-packages/airflow/example_dags/example_sensors.py
[2023-06-30T06:01:39.799+0000] {logging_mixin.py:137} INFO - [2023-06-30T06:01:39.799+0000] {dag.py:2676} INFO - Sync 1 DAGs
[2023-06-30T06:01:39.986+0000] {logging_mixin.py:137} INFO - [2023-06-30T06:01:39.985+0000] {dag.py:3427} INFO - Setting next_dagrun for example_sensors to None, run_after=None
[2023-06-30T06:01:40.036+0000] {processor.py:175} INFO - Processing /home/airflow/.local/lib/python3.7/site-packages/airflow/example_dags/example_sensors.py took 1.000 seconds
[2023-06-30T06:02:10.996+0000] {processor.py:153} INFO - Started process (PID=182) to work on /home/airflow/.local/lib/python3.7/site-packages/airflow/example_dags/example_sensors.py
[2023-06-30T06:02:11.000+0000] {processor.py:743} INFO - Processing file /home/airflow/.local/lib/python3.7/site-packages/airflow/example_dags/example_sensors.py for tasks to queue
[2023-06-30T06:02:11.003+0000] {logging_mixin.py:137} INFO - [2023-06-30T06:02:11.003+0000] {dagbag.py:538} INFO - Filling up the DagBag from /home/airflow/.local/lib/python3.7/site-packages/airflow/example_dags/example_sensors.py
[2023-06-30T06:02:11.056+0000] {processor.py:753} INFO - DAG(s) dict_keys(['example_sensors']) retrieved from /home/airflow/.local/lib/python3.7/site-packages/airflow/example_dags/example_sensors.py
[2023-06-30T06:02:11.133+0000] {logging_mixin.py:137} INFO - [2023-06-30T06:02:11.133+0000] {dag.py:2676} INFO - Sync 1 DAGs
[2023-06-30T06:02:11.190+0000] {logging_mixin.py:137} INFO - [2023-06-30T06:02:11.190+0000] {dag.py:3427} INFO - Setting next_dagrun for example_sensors to None, run_after=None
[2023-06-30T06:02:11.962+0000] {processor.py:175} INFO - Processing /home/airflow/.local/lib/python3.7/site-packages/airflow/example_dags/example_sensors.py took 0.972 seconds
[2023-06-30T06:02:42.389+0000] {processor.py:153} INFO - Started process (PID=248) to work on /home/airflow/.local/lib/python3.7/site-packages/airflow/example_dags/example_sensors.py
[2023-06-30T06:02:42.392+0000] {processor.py:743} INFO - Processing file /home/airflow/.local/lib/python3.7/site-packages/airflow/example_dags/example_sensors.py for tasks to queue
[2023-06-30T06:02:42.395+0000] {logging_mixin.py:137} INFO - [2023-06-30T06:02:42.395+0000] {dagbag.py:538} INFO - Filling up the DagBag from /home/airflow/.local/lib/python3.7/site-packages/airflow/example_dags/example_sensors.py
[2023-06-30T06:02:42.434+0000] {processor.py:753} INFO - DAG(s) dict_keys(['example_sensors']) retrieved from /home/airflow/.local/lib/python3.7/site-packages/airflow/example_dags/example_sensors.py
[2023-06-30T06:02:42.501+0000] {logging_mixin.py:137} INFO - [2023-06-30T06:02:42.501+0000] {dag.py:2676} INFO - Sync 1 DAGs
[2023-06-30T06:02:42.540+0000] {logging_mixin.py:137} INFO - [2023-06-30T06:02:42.540+0000] {dag.py:3427} INFO - Setting next_dagrun for example_sensors to None, run_after=None
[2023-06-30T06:02:42.572+0000] {processor.py:175} INFO - Processing /home/airflow/.local/lib/python3.7/site-packages/airflow/example_dags/example_sensors.py took 0.189 seconds
[2023-06-30T06:03:13.150+0000] {processor.py:153} INFO - Started process (PID=328) to work on /home/airflow/.local/lib/python3.7/site-packages/airflow/example_dags/example_sensors.py
[2023-06-30T06:03:13.153+0000] {processor.py:743} INFO - Processing file /home/airflow/.local/lib/python3.7/site-packages/airflow/example_dags/example_sensors.py for tasks to queue
[2023-06-30T06:03:13.155+0000] {logging_mixin.py:137} INFO - [2023-06-30T06:03:13.154+0000] {dagbag.py:538} INFO - Filling up the DagBag from /home/airflow/.local/lib/python3.7/site-packages/airflow/example_dags/example_sensors.py
[2023-06-30T06:03:13.183+0000] {processor.py:753} INFO - DAG(s) dict_keys(['example_sensors']) retrieved from /home/airflow/.local/lib/python3.7/site-packages/airflow/example_dags/example_sensors.py
[2023-06-30T06:03:13.234+0000] {logging_mixin.py:137} INFO - [2023-06-30T06:03:13.234+0000] {dag.py:2676} INFO - Sync 1 DAGs
[2023-06-30T06:03:13.267+0000] {logging_mixin.py:137} INFO - [2023-06-30T06:03:13.267+0000] {dag.py:3427} INFO - Setting next_dagrun for example_sensors to None, run_after=None
[2023-06-30T06:03:13.292+0000] {processor.py:175} INFO - Processing /home/airflow/.local/lib/python3.7/site-packages/airflow/example_dags/example_sensors.py took 0.146 seconds
[2023-06-30T06:03:43.946+0000] {processor.py:153} INFO - Started process (PID=394) to work on /home/airflow/.local/lib/python3.7/site-packages/airflow/example_dags/example_sensors.py
[2023-06-30T06:03:43.949+0000] {processor.py:743} INFO - Processing file /home/airflow/.local/lib/python3.7/site-packages/airflow/example_dags/example_sensors.py for tasks to queue
[2023-06-30T06:03:43.952+0000] {logging_mixin.py:137} INFO - [2023-06-30T06:03:43.952+0000] {dagbag.py:538} INFO - Filling up the DagBag from /home/airflow/.local/lib/python3.7/site-packages/airflow/example_dags/example_sensors.py
[2023-06-30T06:03:43.984+0000] {processor.py:753} INFO - DAG(s) dict_keys(['example_sensors']) retrieved from /home/airflow/.local/lib/python3.7/site-packages/airflow/example_dags/example_sensors.py
[2023-06-30T06:03:44.040+0000] {logging_mixin.py:137} INFO - [2023-06-30T06:03:44.039+0000] {dag.py:2676} INFO - Sync 1 DAGs
[2023-06-30T06:03:44.074+0000] {logging_mixin.py:137} INFO - [2023-06-30T06:03:44.074+0000] {dag.py:3427} INFO - Setting next_dagrun for example_sensors to None, run_after=None
[2023-06-30T06:03:44.099+0000] {processor.py:175} INFO - Processing /home/airflow/.local/lib/python3.7/site-packages/airflow/example_dags/example_sensors.py took 0.158 seconds
[2023-06-30T06:04:14.238+0000] {processor.py:153} INFO - Started process (PID=466) to work on /home/airflow/.local/lib/python3.7/site-packages/airflow/example_dags/example_sensors.py
[2023-06-30T06:04:14.240+0000] {processor.py:743} INFO - Processing file /home/airflow/.local/lib/python3.7/site-packages/airflow/example_dags/example_sensors.py for tasks to queue
[2023-06-30T06:04:14.243+0000] {logging_mixin.py:137} INFO - [2023-06-30T06:04:14.243+0000] {dagbag.py:538} INFO - Filling up the DagBag from /home/airflow/.local/lib/python3.7/site-packages/airflow/example_dags/example_sensors.py
[2023-06-30T06:04:14.280+0000] {processor.py:753} INFO - DAG(s) dict_keys(['example_sensors']) retrieved from /home/airflow/.local/lib/python3.7/site-packages/airflow/example_dags/example_sensors.py
[2023-06-30T06:04:14.396+0000] {logging_mixin.py:137} INFO - [2023-06-30T06:04:14.396+0000] {dag.py:2676} INFO - Sync 1 DAGs
[2023-06-30T06:04:14.484+0000] {logging_mixin.py:137} INFO - [2023-06-30T06:04:14.484+0000] {dag.py:3427} INFO - Setting next_dagrun for example_sensors to None, run_after=None
[2023-06-30T06:04:14.578+0000] {processor.py:175} INFO - Processing /home/airflow/.local/lib/python3.7/site-packages/airflow/example_dags/example_sensors.py took 0.346 seconds
[2023-06-30T06:04:44.910+0000] {processor.py:153} INFO - Started process (PID=539) to work on /home/airflow/.local/lib/python3.7/site-packages/airflow/example_dags/example_sensors.py
[2023-06-30T06:04:44.914+0000] {processor.py:743} INFO - Processing file /home/airflow/.local/lib/python3.7/site-packages/airflow/example_dags/example_sensors.py for tasks to queue
[2023-06-30T06:04:44.916+0000] {logging_mixin.py:137} INFO - [2023-06-30T06:04:44.915+0000] {dagbag.py:538} INFO - Filling up the DagBag from /home/airflow/.local/lib/python3.7/site-packages/airflow/example_dags/example_sensors.py
[2023-06-30T06:04:44.948+0000] {processor.py:753} INFO - DAG(s) dict_keys(['example_sensors']) retrieved from /home/airflow/.local/lib/python3.7/site-packages/airflow/example_dags/example_sensors.py
[2023-06-30T06:04:45.006+0000] {logging_mixin.py:137} INFO - [2023-06-30T06:04:45.005+0000] {dag.py:2676} INFO - Sync 1 DAGs
[2023-06-30T06:04:45.040+0000] {logging_mixin.py:137} INFO - [2023-06-30T06:04:45.040+0000] {dag.py:3427} INFO - Setting next_dagrun for example_sensors to None, run_after=None
[2023-06-30T06:04:45.065+0000] {processor.py:175} INFO - Processing /home/airflow/.local/lib/python3.7/site-packages/airflow/example_dags/example_sensors.py took 0.159 seconds
[2023-06-30T06:05:15.749+0000] {processor.py:153} INFO - Started process (PID=605) to work on /home/airflow/.local/lib/python3.7/site-packages/airflow/example_dags/example_sensors.py
[2023-06-30T06:05:15.752+0000] {processor.py:743} INFO - Processing file /home/airflow/.local/lib/python3.7/site-packages/airflow/example_dags/example_sensors.py for tasks to queue
[2023-06-30T06:05:15.756+0000] {logging_mixin.py:137} INFO - [2023-06-30T06:05:15.756+0000] {dagbag.py:538} INFO - Filling up the DagBag from /home/airflow/.local/lib/python3.7/site-packages/airflow/example_dags/example_sensors.py
[2023-06-30T06:05:15.805+0000] {processor.py:753} INFO - DAG(s) dict_keys(['example_sensors']) retrieved from /home/airflow/.local/lib/python3.7/site-packages/airflow/example_dags/example_sensors.py
[2023-06-30T06:05:15.873+0000] {logging_mixin.py:137} INFO - [2023-06-30T06:05:15.873+0000] {dag.py:2676} INFO - Sync 1 DAGs
[2023-06-30T06:05:15.910+0000] {logging_mixin.py:137} INFO - [2023-06-30T06:05:15.910+0000] {dag.py:3427} INFO - Setting next_dagrun for example_sensors to None, run_after=None
[2023-06-30T06:05:15.938+0000] {processor.py:175} INFO - Processing /home/airflow/.local/lib/python3.7/site-packages/airflow/example_dags/example_sensors.py took 0.198 seconds
[2023-06-30T06:05:45.994+0000] {processor.py:153} INFO - Started process (PID=685) to work on /home/airflow/.local/lib/python3.7/site-packages/airflow/example_dags/example_sensors.py
[2023-06-30T06:05:45.996+0000] {processor.py:743} INFO - Processing file /home/airflow/.local/lib/python3.7/site-packages/airflow/example_dags/example_sensors.py for tasks to queue
[2023-06-30T06:05:45.999+0000] {logging_mixin.py:137} INFO - [2023-06-30T06:05:45.998+0000] {dagbag.py:538} INFO - Filling up the DagBag from /home/airflow/.local/lib/python3.7/site-packages/airflow/example_dags/example_sensors.py
[2023-06-30T06:05:46.033+0000] {processor.py:753} INFO - DAG(s) dict_keys(['example_sensors']) retrieved from /home/airflow/.local/lib/python3.7/site-packages/airflow/example_dags/example_sensors.py
[2023-06-30T06:05:46.097+0000] {logging_mixin.py:137} INFO - [2023-06-30T06:05:46.097+0000] {dag.py:2676} INFO - Sync 1 DAGs
[2023-06-30T06:05:46.133+0000] {logging_mixin.py:137} INFO - [2023-06-30T06:05:46.133+0000] {dag.py:3427} INFO - Setting next_dagrun for example_sensors to None, run_after=None
[2023-06-30T06:05:46.158+0000] {processor.py:175} INFO - Processing /home/airflow/.local/lib/python3.7/site-packages/airflow/example_dags/example_sensors.py took 0.170 seconds
[2023-06-30T06:06:16.405+0000] {processor.py:153} INFO - Started process (PID=752) to work on /home/airflow/.local/lib/python3.7/site-packages/airflow/example_dags/example_sensors.py
[2023-06-30T06:06:16.408+0000] {processor.py:743} INFO - Processing file /home/airflow/.local/lib/python3.7/site-packages/airflow/example_dags/example_sensors.py for tasks to queue
[2023-06-30T06:06:16.410+0000] {logging_mixin.py:137} INFO - [2023-06-30T06:06:16.410+0000] {dagbag.py:538} INFO - Filling up the DagBag from /home/airflow/.local/lib/python3.7/site-packages/airflow/example_dags/example_sensors.py
[2023-06-30T06:06:16.447+0000] {processor.py:753} INFO - DAG(s) dict_keys(['example_sensors']) retrieved from /home/airflow/.local/lib/python3.7/site-packages/airflow/example_dags/example_sensors.py
[2023-06-30T06:06:16.506+0000] {logging_mixin.py:137} INFO - [2023-06-30T06:06:16.506+0000] {dag.py:2676} INFO - Sync 1 DAGs
[2023-06-30T06:06:16.542+0000] {logging_mixin.py:137} INFO - [2023-06-30T06:06:16.541+0000] {dag.py:3427} INFO - Setting next_dagrun for example_sensors to None, run_after=None
[2023-06-30T06:06:16.569+0000] {processor.py:175} INFO - Processing /home/airflow/.local/lib/python3.7/site-packages/airflow/example_dags/example_sensors.py took 0.170 seconds
[2023-06-30T06:06:46.698+0000] {processor.py:153} INFO - Started process (PID=818) to work on /home/airflow/.local/lib/python3.7/site-packages/airflow/example_dags/example_sensors.py
[2023-06-30T06:06:46.701+0000] {processor.py:743} INFO - Processing file /home/airflow/.local/lib/python3.7/site-packages/airflow/example_dags/example_sensors.py for tasks to queue
[2023-06-30T06:06:46.703+0000] {logging_mixin.py:137} INFO - [2023-06-30T06:06:46.703+0000] {dagbag.py:538} INFO - Filling up the DagBag from /home/airflow/.local/lib/python3.7/site-packages/airflow/example_dags/example_sensors.py
[2023-06-30T06:06:46.746+0000] {processor.py:753} INFO - DAG(s) dict_keys(['example_sensors']) retrieved from /home/airflow/.local/lib/python3.7/site-packages/airflow/example_dags/example_sensors.py
[2023-06-30T06:06:46.812+0000] {logging_mixin.py:137} INFO - [2023-06-30T06:06:46.812+0000] {dag.py:2676} INFO - Sync 1 DAGs
[2023-06-30T06:06:46.858+0000] {logging_mixin.py:137} INFO - [2023-06-30T06:06:46.858+0000] {dag.py:3427} INFO - Setting next_dagrun for example_sensors to None, run_after=None
[2023-06-30T06:06:46.888+0000] {processor.py:175} INFO - Processing /home/airflow/.local/lib/python3.7/site-packages/airflow/example_dags/example_sensors.py took 0.196 seconds
[2023-06-30T06:07:17.188+0000] {processor.py:153} INFO - Started process (PID=898) to work on /home/airflow/.local/lib/python3.7/site-packages/airflow/example_dags/example_sensors.py
[2023-06-30T06:07:17.191+0000] {processor.py:743} INFO - Processing file /home/airflow/.local/lib/python3.7/site-packages/airflow/example_dags/example_sensors.py for tasks to queue
[2023-06-30T06:07:17.193+0000] {logging_mixin.py:137} INFO - [2023-06-30T06:07:17.193+0000] {dagbag.py:538} INFO - Filling up the DagBag from /home/airflow/.local/lib/python3.7/site-packages/airflow/example_dags/example_sensors.py
[2023-06-30T06:07:17.225+0000] {processor.py:753} INFO - DAG(s) dict_keys(['example_sensors']) retrieved from /home/airflow/.local/lib/python3.7/site-packages/airflow/example_dags/example_sensors.py
[2023-06-30T06:07:17.291+0000] {logging_mixin.py:137} INFO - [2023-06-30T06:07:17.290+0000] {dag.py:2676} INFO - Sync 1 DAGs
[2023-06-30T06:07:17.338+0000] {logging_mixin.py:137} INFO - [2023-06-30T06:07:17.338+0000] {dag.py:3427} INFO - Setting next_dagrun for example_sensors to None, run_after=None
[2023-06-30T06:07:17.371+0000] {processor.py:175} INFO - Processing /home/airflow/.local/lib/python3.7/site-packages/airflow/example_dags/example_sensors.py took 0.187 seconds
[2023-06-30T06:07:47.476+0000] {processor.py:153} INFO - Started process (PID=964) to work on /home/airflow/.local/lib/python3.7/site-packages/airflow/example_dags/example_sensors.py
[2023-06-30T06:07:47.479+0000] {processor.py:743} INFO - Processing file /home/airflow/.local/lib/python3.7/site-packages/airflow/example_dags/example_sensors.py for tasks to queue
[2023-06-30T06:07:47.481+0000] {logging_mixin.py:137} INFO - [2023-06-30T06:07:47.481+0000] {dagbag.py:538} INFO - Filling up the DagBag from /home/airflow/.local/lib/python3.7/site-packages/airflow/example_dags/example_sensors.py
[2023-06-30T06:07:47.506+0000] {processor.py:753} INFO - DAG(s) dict_keys(['example_sensors']) retrieved from /home/airflow/.local/lib/python3.7/site-packages/airflow/example_dags/example_sensors.py
[2023-06-30T06:07:47.560+0000] {logging_mixin.py:137} INFO - [2023-06-30T06:07:47.560+0000] {dag.py:2676} INFO - Sync 1 DAGs
[2023-06-30T06:07:47.596+0000] {logging_mixin.py:137} INFO - [2023-06-30T06:07:47.596+0000] {dag.py:3427} INFO - Setting next_dagrun for example_sensors to None, run_after=None
[2023-06-30T06:07:47.623+0000] {processor.py:175} INFO - Processing /home/airflow/.local/lib/python3.7/site-packages/airflow/example_dags/example_sensors.py took 0.152 seconds
[2023-06-30T06:08:18.398+0000] {processor.py:153} INFO - Started process (PID=1038) to work on /home/airflow/.local/lib/python3.7/site-packages/airflow/example_dags/example_sensors.py
[2023-06-30T06:08:18.404+0000] {processor.py:743} INFO - Processing file /home/airflow/.local/lib/python3.7/site-packages/airflow/example_dags/example_sensors.py for tasks to queue
[2023-06-30T06:08:18.413+0000] {logging_mixin.py:137} INFO - [2023-06-30T06:08:18.413+0000] {dagbag.py:538} INFO - Filling up the DagBag from /home/airflow/.local/lib/python3.7/site-packages/airflow/example_dags/example_sensors.py
[2023-06-30T06:08:18.471+0000] {processor.py:753} INFO - DAG(s) dict_keys(['example_sensors']) retrieved from /home/airflow/.local/lib/python3.7/site-packages/airflow/example_dags/example_sensors.py
[2023-06-30T06:08:18.543+0000] {logging_mixin.py:137} INFO - [2023-06-30T06:08:18.543+0000] {dag.py:2676} INFO - Sync 1 DAGs
[2023-06-30T06:08:18.582+0000] {logging_mixin.py:137} INFO - [2023-06-30T06:08:18.582+0000] {dag.py:3427} INFO - Setting next_dagrun for example_sensors to None, run_after=None
[2023-06-30T06:08:18.623+0000] {processor.py:175} INFO - Processing /home/airflow/.local/lib/python3.7/site-packages/airflow/example_dags/example_sensors.py took 0.246 seconds
[2023-06-30T06:08:48.793+0000] {processor.py:153} INFO - Started process (PID=1109) to work on /home/airflow/.local/lib/python3.7/site-packages/airflow/example_dags/example_sensors.py
[2023-06-30T06:08:48.795+0000] {processor.py:743} INFO - Processing file /home/airflow/.local/lib/python3.7/site-packages/airflow/example_dags/example_sensors.py for tasks to queue
[2023-06-30T06:08:48.797+0000] {logging_mixin.py:137} INFO - [2023-06-30T06:08:48.796+0000] {dagbag.py:538} INFO - Filling up the DagBag from /home/airflow/.local/lib/python3.7/site-packages/airflow/example_dags/example_sensors.py
[2023-06-30T06:08:48.824+0000] {processor.py:753} INFO - DAG(s) dict_keys(['example_sensors']) retrieved from /home/airflow/.local/lib/python3.7/site-packages/airflow/example_dags/example_sensors.py
[2023-06-30T06:08:48.885+0000] {logging_mixin.py:137} INFO - [2023-06-30T06:08:48.884+0000] {dag.py:2676} INFO - Sync 1 DAGs
[2023-06-30T06:08:48.925+0000] {logging_mixin.py:137} INFO - [2023-06-30T06:08:48.925+0000] {dag.py:3427} INFO - Setting next_dagrun for example_sensors to None, run_after=None
[2023-06-30T06:08:48.953+0000] {processor.py:175} INFO - Processing /home/airflow/.local/lib/python3.7/site-packages/airflow/example_dags/example_sensors.py took 0.165 seconds
[2023-06-30T06:09:19.511+0000] {processor.py:153} INFO - Started process (PID=1175) to work on /home/airflow/.local/lib/python3.7/site-packages/airflow/example_dags/example_sensors.py
[2023-06-30T06:09:19.515+0000] {processor.py:743} INFO - Processing file /home/airflow/.local/lib/python3.7/site-packages/airflow/example_dags/example_sensors.py for tasks to queue
[2023-06-30T06:09:19.518+0000] {logging_mixin.py:137} INFO - [2023-06-30T06:09:19.518+0000] {dagbag.py:538} INFO - Filling up the DagBag from /home/airflow/.local/lib/python3.7/site-packages/airflow/example_dags/example_sensors.py
[2023-06-30T06:09:19.551+0000] {processor.py:753} INFO - DAG(s) dict_keys(['example_sensors']) retrieved from /home/airflow/.local/lib/python3.7/site-packages/airflow/example_dags/example_sensors.py
[2023-06-30T06:09:19.619+0000] {logging_mixin.py:137} INFO - [2023-06-30T06:09:19.619+0000] {dag.py:2676} INFO - Sync 1 DAGs
[2023-06-30T06:09:19.658+0000] {logging_mixin.py:137} INFO - [2023-06-30T06:09:19.658+0000] {dag.py:3427} INFO - Setting next_dagrun for example_sensors to None, run_after=None
[2023-06-30T06:09:19.689+0000] {processor.py:175} INFO - Processing /home/airflow/.local/lib/python3.7/site-packages/airflow/example_dags/example_sensors.py took 0.184 seconds
[2023-06-30T06:09:49.815+0000] {processor.py:153} INFO - Started process (PID=1255) to work on /home/airflow/.local/lib/python3.7/site-packages/airflow/example_dags/example_sensors.py
[2023-06-30T06:09:49.818+0000] {processor.py:743} INFO - Processing file /home/airflow/.local/lib/python3.7/site-packages/airflow/example_dags/example_sensors.py for tasks to queue
[2023-06-30T06:09:49.820+0000] {logging_mixin.py:137} INFO - [2023-06-30T06:09:49.820+0000] {dagbag.py:538} INFO - Filling up the DagBag from /home/airflow/.local/lib/python3.7/site-packages/airflow/example_dags/example_sensors.py
[2023-06-30T06:09:49.854+0000] {processor.py:753} INFO - DAG(s) dict_keys(['example_sensors']) retrieved from /home/airflow/.local/lib/python3.7/site-packages/airflow/example_dags/example_sensors.py
[2023-06-30T06:09:49.928+0000] {logging_mixin.py:137} INFO - [2023-06-30T06:09:49.928+0000] {dag.py:2676} INFO - Sync 1 DAGs
[2023-06-30T06:09:49.972+0000] {logging_mixin.py:137} INFO - [2023-06-30T06:09:49.971+0000] {dag.py:3427} INFO - Setting next_dagrun for example_sensors to None, run_after=None
[2023-06-30T06:09:50.006+0000] {processor.py:175} INFO - Processing /home/airflow/.local/lib/python3.7/site-packages/airflow/example_dags/example_sensors.py took 0.195 seconds
[2023-06-30T06:10:20.300+0000] {processor.py:153} INFO - Started process (PID=1321) to work on /home/airflow/.local/lib/python3.7/site-packages/airflow/example_dags/example_sensors.py
[2023-06-30T06:10:20.303+0000] {processor.py:743} INFO - Processing file /home/airflow/.local/lib/python3.7/site-packages/airflow/example_dags/example_sensors.py for tasks to queue
[2023-06-30T06:10:20.307+0000] {logging_mixin.py:137} INFO - [2023-06-30T06:10:20.307+0000] {dagbag.py:538} INFO - Filling up the DagBag from /home/airflow/.local/lib/python3.7/site-packages/airflow/example_dags/example_sensors.py
[2023-06-30T06:10:20.353+0000] {processor.py:753} INFO - DAG(s) dict_keys(['example_sensors']) retrieved from /home/airflow/.local/lib/python3.7/site-packages/airflow/example_dags/example_sensors.py
[2023-06-30T06:10:20.417+0000] {logging_mixin.py:137} INFO - [2023-06-30T06:10:20.417+0000] {dag.py:2676} INFO - Sync 1 DAGs
[2023-06-30T06:10:20.456+0000] {logging_mixin.py:137} INFO - [2023-06-30T06:10:20.456+0000] {dag.py:3427} INFO - Setting next_dagrun for example_sensors to None, run_after=None
[2023-06-30T06:10:20.485+0000] {processor.py:175} INFO - Processing /home/airflow/.local/lib/python3.7/site-packages/airflow/example_dags/example_sensors.py took 0.194 seconds
[2023-06-30T06:10:50.583+0000] {processor.py:153} INFO - Started process (PID=1387) to work on /home/airflow/.local/lib/python3.7/site-packages/airflow/example_dags/example_sensors.py
[2023-06-30T06:10:50.585+0000] {processor.py:743} INFO - Processing file /home/airflow/.local/lib/python3.7/site-packages/airflow/example_dags/example_sensors.py for tasks to queue
[2023-06-30T06:10:50.588+0000] {logging_mixin.py:137} INFO - [2023-06-30T06:10:50.587+0000] {dagbag.py:538} INFO - Filling up the DagBag from /home/airflow/.local/lib/python3.7/site-packages/airflow/example_dags/example_sensors.py
[2023-06-30T06:10:50.619+0000] {processor.py:753} INFO - DAG(s) dict_keys(['example_sensors']) retrieved from /home/airflow/.local/lib/python3.7/site-packages/airflow/example_dags/example_sensors.py
[2023-06-30T06:10:50.676+0000] {logging_mixin.py:137} INFO - [2023-06-30T06:10:50.676+0000] {dag.py:2676} INFO - Sync 1 DAGs
[2023-06-30T06:10:50.712+0000] {logging_mixin.py:137} INFO - [2023-06-30T06:10:50.712+0000] {dag.py:3427} INFO - Setting next_dagrun for example_sensors to None, run_after=None
[2023-06-30T06:10:50.739+0000] {processor.py:175} INFO - Processing /home/airflow/.local/lib/python3.7/site-packages/airflow/example_dags/example_sensors.py took 0.162 seconds
[2023-06-30T06:11:21.040+0000] {processor.py:153} INFO - Started process (PID=1467) to work on /home/airflow/.local/lib/python3.7/site-packages/airflow/example_dags/example_sensors.py
[2023-06-30T06:11:21.045+0000] {processor.py:743} INFO - Processing file /home/airflow/.local/lib/python3.7/site-packages/airflow/example_dags/example_sensors.py for tasks to queue
[2023-06-30T06:11:21.049+0000] {logging_mixin.py:137} INFO - [2023-06-30T06:11:21.048+0000] {dagbag.py:538} INFO - Filling up the DagBag from /home/airflow/.local/lib/python3.7/site-packages/airflow/example_dags/example_sensors.py
[2023-06-30T06:11:21.088+0000] {processor.py:753} INFO - DAG(s) dict_keys(['example_sensors']) retrieved from /home/airflow/.local/lib/python3.7/site-packages/airflow/example_dags/example_sensors.py
[2023-06-30T06:11:21.162+0000] {logging_mixin.py:137} INFO - [2023-06-30T06:11:21.162+0000] {dag.py:2676} INFO - Sync 1 DAGs
[2023-06-30T06:11:21.210+0000] {logging_mixin.py:137} INFO - [2023-06-30T06:11:21.210+0000] {dag.py:3427} INFO - Setting next_dagrun for example_sensors to None, run_after=None
[2023-06-30T06:11:21.250+0000] {processor.py:175} INFO - Processing /home/airflow/.local/lib/python3.7/site-packages/airflow/example_dags/example_sensors.py took 0.220 seconds
[2023-06-30T06:11:51.297+0000] {processor.py:153} INFO - Started process (PID=1533) to work on /home/airflow/.local/lib/python3.7/site-packages/airflow/example_dags/example_sensors.py
[2023-06-30T06:11:51.300+0000] {processor.py:743} INFO - Processing file /home/airflow/.local/lib/python3.7/site-packages/airflow/example_dags/example_sensors.py for tasks to queue
[2023-06-30T06:11:51.302+0000] {logging_mixin.py:137} INFO - [2023-06-30T06:11:51.301+0000] {dagbag.py:538} INFO - Filling up the DagBag from /home/airflow/.local/lib/python3.7/site-packages/airflow/example_dags/example_sensors.py
[2023-06-30T06:11:51.330+0000] {processor.py:753} INFO - DAG(s) dict_keys(['example_sensors']) retrieved from /home/airflow/.local/lib/python3.7/site-packages/airflow/example_dags/example_sensors.py
[2023-06-30T06:11:51.388+0000] {logging_mixin.py:137} INFO - [2023-06-30T06:11:51.388+0000] {dag.py:2676} INFO - Sync 1 DAGs
[2023-06-30T06:11:51.426+0000] {logging_mixin.py:137} INFO - [2023-06-30T06:11:51.426+0000] {dag.py:3427} INFO - Setting next_dagrun for example_sensors to None, run_after=None
[2023-06-30T06:11:51.454+0000] {processor.py:175} INFO - Processing /home/airflow/.local/lib/python3.7/site-packages/airflow/example_dags/example_sensors.py took 0.162 seconds
[2023-06-30T06:12:21.551+0000] {processor.py:153} INFO - Started process (PID=1599) to work on /home/airflow/.local/lib/python3.7/site-packages/airflow/example_dags/example_sensors.py
[2023-06-30T06:12:21.554+0000] {processor.py:743} INFO - Processing file /home/airflow/.local/lib/python3.7/site-packages/airflow/example_dags/example_sensors.py for tasks to queue
[2023-06-30T06:12:21.556+0000] {logging_mixin.py:137} INFO - [2023-06-30T06:12:21.556+0000] {dagbag.py:538} INFO - Filling up the DagBag from /home/airflow/.local/lib/python3.7/site-packages/airflow/example_dags/example_sensors.py
[2023-06-30T06:12:21.583+0000] {processor.py:753} INFO - DAG(s) dict_keys(['example_sensors']) retrieved from /home/airflow/.local/lib/python3.7/site-packages/airflow/example_dags/example_sensors.py
[2023-06-30T06:12:21.633+0000] {logging_mixin.py:137} INFO - [2023-06-30T06:12:21.632+0000] {dag.py:2676} INFO - Sync 1 DAGs
[2023-06-30T06:12:21.665+0000] {logging_mixin.py:137} INFO - [2023-06-30T06:12:21.665+0000] {dag.py:3427} INFO - Setting next_dagrun for example_sensors to None, run_after=None
[2023-06-30T06:12:21.687+0000] {processor.py:175} INFO - Processing /home/airflow/.local/lib/python3.7/site-packages/airflow/example_dags/example_sensors.py took 0.140 seconds
[2023-06-30T06:12:51.816+0000] {processor.py:153} INFO - Started process (PID=1679) to work on /home/airflow/.local/lib/python3.7/site-packages/airflow/example_dags/example_sensors.py
[2023-06-30T06:12:51.819+0000] {processor.py:743} INFO - Processing file /home/airflow/.local/lib/python3.7/site-packages/airflow/example_dags/example_sensors.py for tasks to queue
[2023-06-30T06:12:51.820+0000] {logging_mixin.py:137} INFO - [2023-06-30T06:12:51.820+0000] {dagbag.py:538} INFO - Filling up the DagBag from /home/airflow/.local/lib/python3.7/site-packages/airflow/example_dags/example_sensors.py
[2023-06-30T06:12:51.845+0000] {processor.py:753} INFO - DAG(s) dict_keys(['example_sensors']) retrieved from /home/airflow/.local/lib/python3.7/site-packages/airflow/example_dags/example_sensors.py
[2023-06-30T06:12:51.893+0000] {logging_mixin.py:137} INFO - [2023-06-30T06:12:51.893+0000] {dag.py:2676} INFO - Sync 1 DAGs
[2023-06-30T06:12:51.922+0000] {logging_mixin.py:137} INFO - [2023-06-30T06:12:51.922+0000] {dag.py:3427} INFO - Setting next_dagrun for example_sensors to None, run_after=None
[2023-06-30T06:12:51.948+0000] {processor.py:175} INFO - Processing /home/airflow/.local/lib/python3.7/site-packages/airflow/example_dags/example_sensors.py took 0.137 seconds
[2023-06-30T06:13:21.991+0000] {processor.py:153} INFO - Started process (PID=1745) to work on /home/airflow/.local/lib/python3.7/site-packages/airflow/example_dags/example_sensors.py
[2023-06-30T06:13:21.994+0000] {processor.py:743} INFO - Processing file /home/airflow/.local/lib/python3.7/site-packages/airflow/example_dags/example_sensors.py for tasks to queue
[2023-06-30T06:13:21.996+0000] {logging_mixin.py:137} INFO - [2023-06-30T06:13:21.996+0000] {dagbag.py:538} INFO - Filling up the DagBag from /home/airflow/.local/lib/python3.7/site-packages/airflow/example_dags/example_sensors.py
[2023-06-30T06:13:22.026+0000] {processor.py:753} INFO - DAG(s) dict_keys(['example_sensors']) retrieved from /home/airflow/.local/lib/python3.7/site-packages/airflow/example_dags/example_sensors.py
[2023-06-30T06:13:22.082+0000] {logging_mixin.py:137} INFO - [2023-06-30T06:13:22.082+0000] {dag.py:2676} INFO - Sync 1 DAGs
[2023-06-30T06:13:22.116+0000] {logging_mixin.py:137} INFO - [2023-06-30T06:13:22.115+0000] {dag.py:3427} INFO - Setting next_dagrun for example_sensors to None, run_after=None
[2023-06-30T06:13:22.141+0000] {processor.py:175} INFO - Processing /home/airflow/.local/lib/python3.7/site-packages/airflow/example_dags/example_sensors.py took 0.155 seconds
[2023-06-30T06:13:52.305+0000] {processor.py:153} INFO - Started process (PID=1811) to work on /home/airflow/.local/lib/python3.7/site-packages/airflow/example_dags/example_sensors.py
[2023-06-30T06:13:52.307+0000] {processor.py:743} INFO - Processing file /home/airflow/.local/lib/python3.7/site-packages/airflow/example_dags/example_sensors.py for tasks to queue
[2023-06-30T06:13:52.309+0000] {logging_mixin.py:137} INFO - [2023-06-30T06:13:52.309+0000] {dagbag.py:538} INFO - Filling up the DagBag from /home/airflow/.local/lib/python3.7/site-packages/airflow/example_dags/example_sensors.py
[2023-06-30T06:13:52.337+0000] {processor.py:753} INFO - DAG(s) dict_keys(['example_sensors']) retrieved from /home/airflow/.local/lib/python3.7/site-packages/airflow/example_dags/example_sensors.py
[2023-06-30T06:13:52.385+0000] {logging_mixin.py:137} INFO - [2023-06-30T06:13:52.385+0000] {dag.py:2676} INFO - Sync 1 DAGs
[2023-06-30T06:13:52.417+0000] {logging_mixin.py:137} INFO - [2023-06-30T06:13:52.416+0000] {dag.py:3427} INFO - Setting next_dagrun for example_sensors to None, run_after=None
[2023-06-30T06:13:52.439+0000] {processor.py:175} INFO - Processing /home/airflow/.local/lib/python3.7/site-packages/airflow/example_dags/example_sensors.py took 0.139 seconds
[2023-06-30T06:14:23.080+0000] {processor.py:153} INFO - Started process (PID=1891) to work on /home/airflow/.local/lib/python3.7/site-packages/airflow/example_dags/example_sensors.py
[2023-06-30T06:14:23.082+0000] {processor.py:743} INFO - Processing file /home/airflow/.local/lib/python3.7/site-packages/airflow/example_dags/example_sensors.py for tasks to queue
[2023-06-30T06:14:23.084+0000] {logging_mixin.py:137} INFO - [2023-06-30T06:14:23.084+0000] {dagbag.py:538} INFO - Filling up the DagBag from /home/airflow/.local/lib/python3.7/site-packages/airflow/example_dags/example_sensors.py
[2023-06-30T06:14:23.116+0000] {processor.py:753} INFO - DAG(s) dict_keys(['example_sensors']) retrieved from /home/airflow/.local/lib/python3.7/site-packages/airflow/example_dags/example_sensors.py
[2023-06-30T06:14:23.175+0000] {logging_mixin.py:137} INFO - [2023-06-30T06:14:23.174+0000] {dag.py:2676} INFO - Sync 1 DAGs
[2023-06-30T06:14:23.212+0000] {logging_mixin.py:137} INFO - [2023-06-30T06:14:23.211+0000] {dag.py:3427} INFO - Setting next_dagrun for example_sensors to None, run_after=None
[2023-06-30T06:14:23.238+0000] {processor.py:175} INFO - Processing /home/airflow/.local/lib/python3.7/site-packages/airflow/example_dags/example_sensors.py took 0.163 seconds
[2023-06-30T06:14:53.712+0000] {processor.py:153} INFO - Started process (PID=1957) to work on /home/airflow/.local/lib/python3.7/site-packages/airflow/example_dags/example_sensors.py
[2023-06-30T06:14:53.715+0000] {processor.py:743} INFO - Processing file /home/airflow/.local/lib/python3.7/site-packages/airflow/example_dags/example_sensors.py for tasks to queue
[2023-06-30T06:14:53.717+0000] {logging_mixin.py:137} INFO - [2023-06-30T06:14:53.717+0000] {dagbag.py:538} INFO - Filling up the DagBag from /home/airflow/.local/lib/python3.7/site-packages/airflow/example_dags/example_sensors.py
[2023-06-30T06:14:53.747+0000] {processor.py:753} INFO - DAG(s) dict_keys(['example_sensors']) retrieved from /home/airflow/.local/lib/python3.7/site-packages/airflow/example_dags/example_sensors.py
[2023-06-30T06:14:53.792+0000] {logging_mixin.py:137} INFO - [2023-06-30T06:14:53.792+0000] {dag.py:2676} INFO - Sync 1 DAGs
[2023-06-30T06:14:53.830+0000] {logging_mixin.py:137} INFO - [2023-06-30T06:14:53.830+0000] {dag.py:3427} INFO - Setting next_dagrun for example_sensors to None, run_after=None
[2023-06-30T06:14:53.858+0000] {processor.py:175} INFO - Processing /home/airflow/.local/lib/python3.7/site-packages/airflow/example_dags/example_sensors.py took 0.151 seconds
[2023-06-30T06:15:24.416+0000] {processor.py:153} INFO - Started process (PID=2037) to work on /home/airflow/.local/lib/python3.7/site-packages/airflow/example_dags/example_sensors.py
[2023-06-30T06:15:24.421+0000] {processor.py:743} INFO - Processing file /home/airflow/.local/lib/python3.7/site-packages/airflow/example_dags/example_sensors.py for tasks to queue
[2023-06-30T06:15:24.424+0000] {logging_mixin.py:137} INFO - [2023-06-30T06:15:24.424+0000] {dagbag.py:538} INFO - Filling up the DagBag from /home/airflow/.local/lib/python3.7/site-packages/airflow/example_dags/example_sensors.py
[2023-06-30T06:15:24.465+0000] {processor.py:753} INFO - DAG(s) dict_keys(['example_sensors']) retrieved from /home/airflow/.local/lib/python3.7/site-packages/airflow/example_dags/example_sensors.py
[2023-06-30T06:15:24.521+0000] {logging_mixin.py:137} INFO - [2023-06-30T06:15:24.521+0000] {dag.py:2676} INFO - Sync 1 DAGs
[2023-06-30T06:15:24.595+0000] {logging_mixin.py:137} INFO - [2023-06-30T06:15:24.595+0000] {dag.py:3427} INFO - Setting next_dagrun for example_sensors to None, run_after=None
[2023-06-30T06:15:24.657+0000] {processor.py:175} INFO - Processing /home/airflow/.local/lib/python3.7/site-packages/airflow/example_dags/example_sensors.py took 0.248 seconds
[2023-06-30T06:15:54.989+0000] {processor.py:153} INFO - Started process (PID=2103) to work on /home/airflow/.local/lib/python3.7/site-packages/airflow/example_dags/example_sensors.py
[2023-06-30T06:15:54.991+0000] {processor.py:743} INFO - Processing file /home/airflow/.local/lib/python3.7/site-packages/airflow/example_dags/example_sensors.py for tasks to queue
[2023-06-30T06:15:54.993+0000] {logging_mixin.py:137} INFO - [2023-06-30T06:15:54.993+0000] {dagbag.py:538} INFO - Filling up the DagBag from /home/airflow/.local/lib/python3.7/site-packages/airflow/example_dags/example_sensors.py
[2023-06-30T06:15:55.025+0000] {processor.py:753} INFO - DAG(s) dict_keys(['example_sensors']) retrieved from /home/airflow/.local/lib/python3.7/site-packages/airflow/example_dags/example_sensors.py
[2023-06-30T06:15:55.087+0000] {logging_mixin.py:137} INFO - [2023-06-30T06:15:55.087+0000] {dag.py:2676} INFO - Sync 1 DAGs
[2023-06-30T06:15:55.123+0000] {logging_mixin.py:137} INFO - [2023-06-30T06:15:55.123+0000] {dag.py:3427} INFO - Setting next_dagrun for example_sensors to None, run_after=None
[2023-06-30T06:15:55.151+0000] {processor.py:175} INFO - Processing /home/airflow/.local/lib/python3.7/site-packages/airflow/example_dags/example_sensors.py took 0.168 seconds
[2023-06-30T06:16:25.520+0000] {processor.py:153} INFO - Started process (PID=2169) to work on /home/airflow/.local/lib/python3.7/site-packages/airflow/example_dags/example_sensors.py
[2023-06-30T06:16:25.522+0000] {processor.py:743} INFO - Processing file /home/airflow/.local/lib/python3.7/site-packages/airflow/example_dags/example_sensors.py for tasks to queue
[2023-06-30T06:16:25.524+0000] {logging_mixin.py:137} INFO - [2023-06-30T06:16:25.524+0000] {dagbag.py:538} INFO - Filling up the DagBag from /home/airflow/.local/lib/python3.7/site-packages/airflow/example_dags/example_sensors.py
[2023-06-30T06:16:25.557+0000] {processor.py:753} INFO - DAG(s) dict_keys(['example_sensors']) retrieved from /home/airflow/.local/lib/python3.7/site-packages/airflow/example_dags/example_sensors.py
[2023-06-30T06:16:25.623+0000] {logging_mixin.py:137} INFO - [2023-06-30T06:16:25.623+0000] {dag.py:2676} INFO - Sync 1 DAGs
[2023-06-30T06:16:25.660+0000] {logging_mixin.py:137} INFO - [2023-06-30T06:16:25.659+0000] {dag.py:3427} INFO - Setting next_dagrun for example_sensors to None, run_after=None
[2023-06-30T06:16:25.684+0000] {processor.py:175} INFO - Processing /home/airflow/.local/lib/python3.7/site-packages/airflow/example_dags/example_sensors.py took 0.171 seconds
[2023-06-30T06:16:55.777+0000] {processor.py:153} INFO - Started process (PID=2249) to work on /home/airflow/.local/lib/python3.7/site-packages/airflow/example_dags/example_sensors.py
[2023-06-30T06:16:55.780+0000] {processor.py:743} INFO - Processing file /home/airflow/.local/lib/python3.7/site-packages/airflow/example_dags/example_sensors.py for tasks to queue
[2023-06-30T06:16:55.782+0000] {logging_mixin.py:137} INFO - [2023-06-30T06:16:55.782+0000] {dagbag.py:538} INFO - Filling up the DagBag from /home/airflow/.local/lib/python3.7/site-packages/airflow/example_dags/example_sensors.py
[2023-06-30T06:16:55.817+0000] {processor.py:753} INFO - DAG(s) dict_keys(['example_sensors']) retrieved from /home/airflow/.local/lib/python3.7/site-packages/airflow/example_dags/example_sensors.py
[2023-06-30T06:16:55.881+0000] {logging_mixin.py:137} INFO - [2023-06-30T06:16:55.881+0000] {dag.py:2676} INFO - Sync 1 DAGs
[2023-06-30T06:16:55.921+0000] {logging_mixin.py:137} INFO - [2023-06-30T06:16:55.921+0000] {dag.py:3427} INFO - Setting next_dagrun for example_sensors to None, run_after=None
[2023-06-30T06:16:55.951+0000] {processor.py:175} INFO - Processing /home/airflow/.local/lib/python3.7/site-packages/airflow/example_dags/example_sensors.py took 0.180 seconds
