[2023-06-30T06:01:12.312+0000] {processor.py:153} INFO - Started process (PID=81) to work on /home/airflow/.local/lib/python3.7/site-packages/airflow/example_dags/example_branch_day_of_week_operator.py
[2023-06-30T06:01:12.314+0000] {processor.py:743} INFO - Processing file /home/airflow/.local/lib/python3.7/site-packages/airflow/example_dags/example_branch_day_of_week_operator.py for tasks to queue
[2023-06-30T06:01:12.315+0000] {logging_mixin.py:137} INFO - [2023-06-30T06:01:12.315+0000] {dagbag.py:538} INFO - Filling up the DagBag from /home/airflow/.local/lib/python3.7/site-packages/airflow/example_dags/example_branch_day_of_week_operator.py
[2023-06-30T06:01:12.338+0000] {processor.py:753} INFO - DAG(s) dict_keys(['example_weekday_branch_operator']) retrieved from /home/airflow/.local/lib/python3.7/site-packages/airflow/example_dags/example_branch_day_of_week_operator.py
[2023-06-30T06:01:12.391+0000] {logging_mixin.py:137} INFO - [2023-06-30T06:01:12.391+0000] {dag.py:2676} INFO - Sync 1 DAGs
[2023-06-30T06:01:12.427+0000] {logging_mixin.py:137} INFO - [2023-06-30T06:01:12.427+0000] {dag.py:3427} INFO - Setting next_dagrun for example_weekday_branch_operator to 2023-06-29T00:00:00+00:00, run_after=2023-06-30T00:00:00+00:00
[2023-06-30T06:01:12.457+0000] {processor.py:175} INFO - Processing /home/airflow/.local/lib/python3.7/site-packages/airflow/example_dags/example_branch_day_of_week_operator.py took 0.151 seconds
[2023-06-30T06:01:52.968+0000] {processor.py:153} INFO - Started process (PID=162) to work on /home/airflow/.local/lib/python3.7/site-packages/airflow/example_dags/example_branch_day_of_week_operator.py
[2023-06-30T06:01:52.971+0000] {processor.py:743} INFO - Processing file /home/airflow/.local/lib/python3.7/site-packages/airflow/example_dags/example_branch_day_of_week_operator.py for tasks to queue
[2023-06-30T06:01:52.974+0000] {logging_mixin.py:137} INFO - [2023-06-30T06:01:52.974+0000] {dagbag.py:538} INFO - Filling up the DagBag from /home/airflow/.local/lib/python3.7/site-packages/airflow/example_dags/example_branch_day_of_week_operator.py
[2023-06-30T06:01:53.013+0000] {processor.py:753} INFO - DAG(s) dict_keys(['example_weekday_branch_operator']) retrieved from /home/airflow/.local/lib/python3.7/site-packages/airflow/example_dags/example_branch_day_of_week_operator.py
[2023-06-30T06:01:53.078+0000] {logging_mixin.py:137} INFO - [2023-06-30T06:01:53.078+0000] {dag.py:2676} INFO - Sync 1 DAGs
[2023-06-30T06:01:53.171+0000] {logging_mixin.py:137} INFO - [2023-06-30T06:01:53.171+0000] {dag.py:3427} INFO - Setting next_dagrun for example_weekday_branch_operator to 2023-06-29T00:00:00+00:00, run_after=2023-06-30T00:00:00+00:00
[2023-06-30T06:01:53.227+0000] {processor.py:175} INFO - Processing /home/airflow/.local/lib/python3.7/site-packages/airflow/example_dags/example_branch_day_of_week_operator.py took 0.267 seconds
[2023-06-30T06:02:23.788+0000] {processor.py:153} INFO - Started process (PID=228) to work on /home/airflow/.local/lib/python3.7/site-packages/airflow/example_dags/example_branch_day_of_week_operator.py
[2023-06-30T06:02:23.790+0000] {processor.py:743} INFO - Processing file /home/airflow/.local/lib/python3.7/site-packages/airflow/example_dags/example_branch_day_of_week_operator.py for tasks to queue
[2023-06-30T06:02:23.792+0000] {logging_mixin.py:137} INFO - [2023-06-30T06:02:23.792+0000] {dagbag.py:538} INFO - Filling up the DagBag from /home/airflow/.local/lib/python3.7/site-packages/airflow/example_dags/example_branch_day_of_week_operator.py
[2023-06-30T06:02:23.815+0000] {processor.py:753} INFO - DAG(s) dict_keys(['example_weekday_branch_operator']) retrieved from /home/airflow/.local/lib/python3.7/site-packages/airflow/example_dags/example_branch_day_of_week_operator.py
[2023-06-30T06:02:23.867+0000] {logging_mixin.py:137} INFO - [2023-06-30T06:02:23.867+0000] {dag.py:2676} INFO - Sync 1 DAGs
[2023-06-30T06:02:23.904+0000] {logging_mixin.py:137} INFO - [2023-06-30T06:02:23.903+0000] {dag.py:3427} INFO - Setting next_dagrun for example_weekday_branch_operator to 2023-06-29T00:00:00+00:00, run_after=2023-06-30T00:00:00+00:00
[2023-06-30T06:02:23.929+0000] {processor.py:175} INFO - Processing /home/airflow/.local/lib/python3.7/site-packages/airflow/example_dags/example_branch_day_of_week_operator.py took 0.147 seconds
[2023-06-30T06:02:54.465+0000] {processor.py:153} INFO - Started process (PID=294) to work on /home/airflow/.local/lib/python3.7/site-packages/airflow/example_dags/example_branch_day_of_week_operator.py
[2023-06-30T06:02:54.467+0000] {processor.py:743} INFO - Processing file /home/airflow/.local/lib/python3.7/site-packages/airflow/example_dags/example_branch_day_of_week_operator.py for tasks to queue
[2023-06-30T06:02:54.469+0000] {logging_mixin.py:137} INFO - [2023-06-30T06:02:54.469+0000] {dagbag.py:538} INFO - Filling up the DagBag from /home/airflow/.local/lib/python3.7/site-packages/airflow/example_dags/example_branch_day_of_week_operator.py
[2023-06-30T06:02:54.491+0000] {processor.py:753} INFO - DAG(s) dict_keys(['example_weekday_branch_operator']) retrieved from /home/airflow/.local/lib/python3.7/site-packages/airflow/example_dags/example_branch_day_of_week_operator.py
[2023-06-30T06:02:54.543+0000] {logging_mixin.py:137} INFO - [2023-06-30T06:02:54.542+0000] {dag.py:2676} INFO - Sync 1 DAGs
[2023-06-30T06:02:54.579+0000] {logging_mixin.py:137} INFO - [2023-06-30T06:02:54.578+0000] {dag.py:3427} INFO - Setting next_dagrun for example_weekday_branch_operator to 2023-06-29T00:00:00+00:00, run_after=2023-06-30T00:00:00+00:00
[2023-06-30T06:02:54.600+0000] {processor.py:175} INFO - Processing /home/airflow/.local/lib/python3.7/site-packages/airflow/example_dags/example_branch_day_of_week_operator.py took 0.139 seconds
[2023-06-30T06:03:25.354+0000] {processor.py:153} INFO - Started process (PID=374) to work on /home/airflow/.local/lib/python3.7/site-packages/airflow/example_dags/example_branch_day_of_week_operator.py
[2023-06-30T06:03:25.356+0000] {processor.py:743} INFO - Processing file /home/airflow/.local/lib/python3.7/site-packages/airflow/example_dags/example_branch_day_of_week_operator.py for tasks to queue
[2023-06-30T06:03:25.358+0000] {logging_mixin.py:137} INFO - [2023-06-30T06:03:25.358+0000] {dagbag.py:538} INFO - Filling up the DagBag from /home/airflow/.local/lib/python3.7/site-packages/airflow/example_dags/example_branch_day_of_week_operator.py
[2023-06-30T06:03:25.377+0000] {processor.py:753} INFO - DAG(s) dict_keys(['example_weekday_branch_operator']) retrieved from /home/airflow/.local/lib/python3.7/site-packages/airflow/example_dags/example_branch_day_of_week_operator.py
[2023-06-30T06:03:25.422+0000] {logging_mixin.py:137} INFO - [2023-06-30T06:03:25.422+0000] {dag.py:2676} INFO - Sync 1 DAGs
[2023-06-30T06:03:25.454+0000] {logging_mixin.py:137} INFO - [2023-06-30T06:03:25.454+0000] {dag.py:3427} INFO - Setting next_dagrun for example_weekday_branch_operator to 2023-06-29T00:00:00+00:00, run_after=2023-06-30T00:00:00+00:00
[2023-06-30T06:03:25.477+0000] {processor.py:175} INFO - Processing /home/airflow/.local/lib/python3.7/site-packages/airflow/example_dags/example_branch_day_of_week_operator.py took 0.127 seconds
[2023-06-30T06:03:55.725+0000] {processor.py:153} INFO - Started process (PID=440) to work on /home/airflow/.local/lib/python3.7/site-packages/airflow/example_dags/example_branch_day_of_week_operator.py
[2023-06-30T06:03:55.727+0000] {processor.py:743} INFO - Processing file /home/airflow/.local/lib/python3.7/site-packages/airflow/example_dags/example_branch_day_of_week_operator.py for tasks to queue
[2023-06-30T06:03:55.729+0000] {logging_mixin.py:137} INFO - [2023-06-30T06:03:55.729+0000] {dagbag.py:538} INFO - Filling up the DagBag from /home/airflow/.local/lib/python3.7/site-packages/airflow/example_dags/example_branch_day_of_week_operator.py
[2023-06-30T06:03:55.753+0000] {processor.py:753} INFO - DAG(s) dict_keys(['example_weekday_branch_operator']) retrieved from /home/airflow/.local/lib/python3.7/site-packages/airflow/example_dags/example_branch_day_of_week_operator.py
[2023-06-30T06:03:55.806+0000] {logging_mixin.py:137} INFO - [2023-06-30T06:03:55.806+0000] {dag.py:2676} INFO - Sync 1 DAGs
[2023-06-30T06:03:55.844+0000] {logging_mixin.py:137} INFO - [2023-06-30T06:03:55.844+0000] {dag.py:3427} INFO - Setting next_dagrun for example_weekday_branch_operator to 2023-06-29T00:00:00+00:00, run_after=2023-06-30T00:00:00+00:00
[2023-06-30T06:03:55.870+0000] {processor.py:175} INFO - Processing /home/airflow/.local/lib/python3.7/site-packages/airflow/example_dags/example_branch_day_of_week_operator.py took 0.150 seconds
[2023-06-30T06:04:26.112+0000] {processor.py:153} INFO - Started process (PID=505) to work on /home/airflow/.local/lib/python3.7/site-packages/airflow/example_dags/example_branch_day_of_week_operator.py
[2023-06-30T06:04:26.115+0000] {processor.py:743} INFO - Processing file /home/airflow/.local/lib/python3.7/site-packages/airflow/example_dags/example_branch_day_of_week_operator.py for tasks to queue
[2023-06-30T06:04:26.117+0000] {logging_mixin.py:137} INFO - [2023-06-30T06:04:26.117+0000] {dagbag.py:538} INFO - Filling up the DagBag from /home/airflow/.local/lib/python3.7/site-packages/airflow/example_dags/example_branch_day_of_week_operator.py
[2023-06-30T06:04:26.145+0000] {processor.py:753} INFO - DAG(s) dict_keys(['example_weekday_branch_operator']) retrieved from /home/airflow/.local/lib/python3.7/site-packages/airflow/example_dags/example_branch_day_of_week_operator.py
[2023-06-30T06:04:26.200+0000] {logging_mixin.py:137} INFO - [2023-06-30T06:04:26.200+0000] {dag.py:2676} INFO - Sync 1 DAGs
[2023-06-30T06:04:26.240+0000] {logging_mixin.py:137} INFO - [2023-06-30T06:04:26.240+0000] {dag.py:3427} INFO - Setting next_dagrun for example_weekday_branch_operator to 2023-06-29T00:00:00+00:00, run_after=2023-06-30T00:00:00+00:00
[2023-06-30T06:04:26.269+0000] {processor.py:175} INFO - Processing /home/airflow/.local/lib/python3.7/site-packages/airflow/example_dags/example_branch_day_of_week_operator.py took 0.164 seconds
[2023-06-30T06:04:57.238+0000] {processor.py:153} INFO - Started process (PID=585) to work on /home/airflow/.local/lib/python3.7/site-packages/airflow/example_dags/example_branch_day_of_week_operator.py
[2023-06-30T06:04:57.241+0000] {processor.py:743} INFO - Processing file /home/airflow/.local/lib/python3.7/site-packages/airflow/example_dags/example_branch_day_of_week_operator.py for tasks to queue
[2023-06-30T06:04:57.247+0000] {logging_mixin.py:137} INFO - [2023-06-30T06:04:57.246+0000] {dagbag.py:538} INFO - Filling up the DagBag from /home/airflow/.local/lib/python3.7/site-packages/airflow/example_dags/example_branch_day_of_week_operator.py
[2023-06-30T06:04:57.277+0000] {processor.py:753} INFO - DAG(s) dict_keys(['example_weekday_branch_operator']) retrieved from /home/airflow/.local/lib/python3.7/site-packages/airflow/example_dags/example_branch_day_of_week_operator.py
[2023-06-30T06:04:57.346+0000] {logging_mixin.py:137} INFO - [2023-06-30T06:04:57.345+0000] {dag.py:2676} INFO - Sync 1 DAGs
[2023-06-30T06:04:57.383+0000] {logging_mixin.py:137} INFO - [2023-06-30T06:04:57.383+0000] {dag.py:3427} INFO - Setting next_dagrun for example_weekday_branch_operator to 2023-06-29T00:00:00+00:00, run_after=2023-06-30T00:00:00+00:00
[2023-06-30T06:04:57.409+0000] {processor.py:175} INFO - Processing /home/airflow/.local/lib/python3.7/site-packages/airflow/example_dags/example_branch_day_of_week_operator.py took 0.180 seconds
[2023-06-30T06:05:27.496+0000] {processor.py:153} INFO - Started process (PID=651) to work on /home/airflow/.local/lib/python3.7/site-packages/airflow/example_dags/example_branch_day_of_week_operator.py
[2023-06-30T06:05:27.499+0000] {processor.py:743} INFO - Processing file /home/airflow/.local/lib/python3.7/site-packages/airflow/example_dags/example_branch_day_of_week_operator.py for tasks to queue
[2023-06-30T06:05:27.500+0000] {logging_mixin.py:137} INFO - [2023-06-30T06:05:27.500+0000] {dagbag.py:538} INFO - Filling up the DagBag from /home/airflow/.local/lib/python3.7/site-packages/airflow/example_dags/example_branch_day_of_week_operator.py
[2023-06-30T06:05:27.523+0000] {processor.py:753} INFO - DAG(s) dict_keys(['example_weekday_branch_operator']) retrieved from /home/airflow/.local/lib/python3.7/site-packages/airflow/example_dags/example_branch_day_of_week_operator.py
[2023-06-30T06:05:27.572+0000] {logging_mixin.py:137} INFO - [2023-06-30T06:05:27.572+0000] {dag.py:2676} INFO - Sync 1 DAGs
[2023-06-30T06:05:27.610+0000] {logging_mixin.py:137} INFO - [2023-06-30T06:05:27.610+0000] {dag.py:3427} INFO - Setting next_dagrun for example_weekday_branch_operator to 2023-06-29T00:00:00+00:00, run_after=2023-06-30T00:00:00+00:00
[2023-06-30T06:05:27.670+0000] {processor.py:175} INFO - Processing /home/airflow/.local/lib/python3.7/site-packages/airflow/example_dags/example_branch_day_of_week_operator.py took 0.179 seconds
[2023-06-30T06:05:57.718+0000] {processor.py:153} INFO - Started process (PID=732) to work on /home/airflow/.local/lib/python3.7/site-packages/airflow/example_dags/example_branch_day_of_week_operator.py
[2023-06-30T06:05:57.721+0000] {processor.py:743} INFO - Processing file /home/airflow/.local/lib/python3.7/site-packages/airflow/example_dags/example_branch_day_of_week_operator.py for tasks to queue
[2023-06-30T06:05:57.724+0000] {logging_mixin.py:137} INFO - [2023-06-30T06:05:57.723+0000] {dagbag.py:538} INFO - Filling up the DagBag from /home/airflow/.local/lib/python3.7/site-packages/airflow/example_dags/example_branch_day_of_week_operator.py
[2023-06-30T06:05:57.751+0000] {processor.py:753} INFO - DAG(s) dict_keys(['example_weekday_branch_operator']) retrieved from /home/airflow/.local/lib/python3.7/site-packages/airflow/example_dags/example_branch_day_of_week_operator.py
[2023-06-30T06:05:57.813+0000] {logging_mixin.py:137} INFO - [2023-06-30T06:05:57.812+0000] {dag.py:2676} INFO - Sync 1 DAGs
[2023-06-30T06:05:57.861+0000] {logging_mixin.py:137} INFO - [2023-06-30T06:05:57.861+0000] {dag.py:3427} INFO - Setting next_dagrun for example_weekday_branch_operator to 2023-06-29T00:00:00+00:00, run_after=2023-06-30T00:00:00+00:00
[2023-06-30T06:05:57.900+0000] {processor.py:175} INFO - Processing /home/airflow/.local/lib/python3.7/site-packages/airflow/example_dags/example_branch_day_of_week_operator.py took 0.187 seconds
[2023-06-30T06:06:28.138+0000] {processor.py:153} INFO - Started process (PID=798) to work on /home/airflow/.local/lib/python3.7/site-packages/airflow/example_dags/example_branch_day_of_week_operator.py
[2023-06-30T06:06:28.141+0000] {processor.py:743} INFO - Processing file /home/airflow/.local/lib/python3.7/site-packages/airflow/example_dags/example_branch_day_of_week_operator.py for tasks to queue
[2023-06-30T06:06:28.143+0000] {logging_mixin.py:137} INFO - [2023-06-30T06:06:28.143+0000] {dagbag.py:538} INFO - Filling up the DagBag from /home/airflow/.local/lib/python3.7/site-packages/airflow/example_dags/example_branch_day_of_week_operator.py
[2023-06-30T06:06:28.167+0000] {processor.py:753} INFO - DAG(s) dict_keys(['example_weekday_branch_operator']) retrieved from /home/airflow/.local/lib/python3.7/site-packages/airflow/example_dags/example_branch_day_of_week_operator.py
[2023-06-30T06:06:28.219+0000] {logging_mixin.py:137} INFO - [2023-06-30T06:06:28.219+0000] {dag.py:2676} INFO - Sync 1 DAGs
[2023-06-30T06:06:28.256+0000] {logging_mixin.py:137} INFO - [2023-06-30T06:06:28.256+0000] {dag.py:3427} INFO - Setting next_dagrun for example_weekday_branch_operator to 2023-06-29T00:00:00+00:00, run_after=2023-06-30T00:00:00+00:00
[2023-06-30T06:06:28.281+0000] {processor.py:175} INFO - Processing /home/airflow/.local/lib/python3.7/site-packages/airflow/example_dags/example_branch_day_of_week_operator.py took 0.148 seconds
[2023-06-30T06:06:58.645+0000] {processor.py:153} INFO - Started process (PID=864) to work on /home/airflow/.local/lib/python3.7/site-packages/airflow/example_dags/example_branch_day_of_week_operator.py
[2023-06-30T06:06:58.648+0000] {processor.py:743} INFO - Processing file /home/airflow/.local/lib/python3.7/site-packages/airflow/example_dags/example_branch_day_of_week_operator.py for tasks to queue
[2023-06-30T06:06:58.650+0000] {logging_mixin.py:137} INFO - [2023-06-30T06:06:58.650+0000] {dagbag.py:538} INFO - Filling up the DagBag from /home/airflow/.local/lib/python3.7/site-packages/airflow/example_dags/example_branch_day_of_week_operator.py
[2023-06-30T06:06:58.677+0000] {processor.py:753} INFO - DAG(s) dict_keys(['example_weekday_branch_operator']) retrieved from /home/airflow/.local/lib/python3.7/site-packages/airflow/example_dags/example_branch_day_of_week_operator.py
[2023-06-30T06:06:58.733+0000] {logging_mixin.py:137} INFO - [2023-06-30T06:06:58.733+0000] {dag.py:2676} INFO - Sync 1 DAGs
[2023-06-30T06:06:58.771+0000] {logging_mixin.py:137} INFO - [2023-06-30T06:06:58.771+0000] {dag.py:3427} INFO - Setting next_dagrun for example_weekday_branch_operator to 2023-06-29T00:00:00+00:00, run_after=2023-06-30T00:00:00+00:00
[2023-06-30T06:06:58.802+0000] {processor.py:175} INFO - Processing /home/airflow/.local/lib/python3.7/site-packages/airflow/example_dags/example_branch_day_of_week_operator.py took 0.162 seconds
[2023-06-30T06:07:28.858+0000] {processor.py:153} INFO - Started process (PID=944) to work on /home/airflow/.local/lib/python3.7/site-packages/airflow/example_dags/example_branch_day_of_week_operator.py
[2023-06-30T06:07:28.860+0000] {processor.py:743} INFO - Processing file /home/airflow/.local/lib/python3.7/site-packages/airflow/example_dags/example_branch_day_of_week_operator.py for tasks to queue
[2023-06-30T06:07:28.862+0000] {logging_mixin.py:137} INFO - [2023-06-30T06:07:28.862+0000] {dagbag.py:538} INFO - Filling up the DagBag from /home/airflow/.local/lib/python3.7/site-packages/airflow/example_dags/example_branch_day_of_week_operator.py
[2023-06-30T06:07:28.885+0000] {processor.py:753} INFO - DAG(s) dict_keys(['example_weekday_branch_operator']) retrieved from /home/airflow/.local/lib/python3.7/site-packages/airflow/example_dags/example_branch_day_of_week_operator.py
[2023-06-30T06:07:28.938+0000] {logging_mixin.py:137} INFO - [2023-06-30T06:07:28.938+0000] {dag.py:2676} INFO - Sync 1 DAGs
[2023-06-30T06:07:28.974+0000] {logging_mixin.py:137} INFO - [2023-06-30T06:07:28.974+0000] {dag.py:3427} INFO - Setting next_dagrun for example_weekday_branch_operator to 2023-06-29T00:00:00+00:00, run_after=2023-06-30T00:00:00+00:00
[2023-06-30T06:07:29.000+0000] {processor.py:175} INFO - Processing /home/airflow/.local/lib/python3.7/site-packages/airflow/example_dags/example_branch_day_of_week_operator.py took 0.147 seconds
[2023-06-30T06:07:59.750+0000] {processor.py:153} INFO - Started process (PID=1010) to work on /home/airflow/.local/lib/python3.7/site-packages/airflow/example_dags/example_branch_day_of_week_operator.py
[2023-06-30T06:07:59.752+0000] {processor.py:743} INFO - Processing file /home/airflow/.local/lib/python3.7/site-packages/airflow/example_dags/example_branch_day_of_week_operator.py for tasks to queue
[2023-06-30T06:07:59.755+0000] {logging_mixin.py:137} INFO - [2023-06-30T06:07:59.754+0000] {dagbag.py:538} INFO - Filling up the DagBag from /home/airflow/.local/lib/python3.7/site-packages/airflow/example_dags/example_branch_day_of_week_operator.py
[2023-06-30T06:07:59.779+0000] {processor.py:753} INFO - DAG(s) dict_keys(['example_weekday_branch_operator']) retrieved from /home/airflow/.local/lib/python3.7/site-packages/airflow/example_dags/example_branch_day_of_week_operator.py
[2023-06-30T06:07:59.815+0000] {logging_mixin.py:137} INFO - [2023-06-30T06:07:59.815+0000] {dag.py:2676} INFO - Sync 1 DAGs
[2023-06-30T06:07:59.853+0000] {logging_mixin.py:137} INFO - [2023-06-30T06:07:59.853+0000] {dag.py:3427} INFO - Setting next_dagrun for example_weekday_branch_operator to 2023-06-29T00:00:00+00:00, run_after=2023-06-30T00:00:00+00:00
[2023-06-30T06:07:59.880+0000] {processor.py:175} INFO - Processing /home/airflow/.local/lib/python3.7/site-packages/airflow/example_dags/example_branch_day_of_week_operator.py took 0.135 seconds
[2023-06-30T06:08:30.174+0000] {processor.py:153} INFO - Started process (PID=1075) to work on /home/airflow/.local/lib/python3.7/site-packages/airflow/example_dags/example_branch_day_of_week_operator.py
[2023-06-30T06:08:30.177+0000] {processor.py:743} INFO - Processing file /home/airflow/.local/lib/python3.7/site-packages/airflow/example_dags/example_branch_day_of_week_operator.py for tasks to queue
[2023-06-30T06:08:30.180+0000] {logging_mixin.py:137} INFO - [2023-06-30T06:08:30.180+0000] {dagbag.py:538} INFO - Filling up the DagBag from /home/airflow/.local/lib/python3.7/site-packages/airflow/example_dags/example_branch_day_of_week_operator.py
[2023-06-30T06:08:30.203+0000] {processor.py:753} INFO - DAG(s) dict_keys(['example_weekday_branch_operator']) retrieved from /home/airflow/.local/lib/python3.7/site-packages/airflow/example_dags/example_branch_day_of_week_operator.py
[2023-06-30T06:08:30.262+0000] {logging_mixin.py:137} INFO - [2023-06-30T06:08:30.262+0000] {dag.py:2676} INFO - Sync 1 DAGs
[2023-06-30T06:08:30.306+0000] {logging_mixin.py:137} INFO - [2023-06-30T06:08:30.306+0000] {dag.py:3427} INFO - Setting next_dagrun for example_weekday_branch_operator to 2023-06-29T00:00:00+00:00, run_after=2023-06-30T00:00:00+00:00
[2023-06-30T06:08:30.332+0000] {processor.py:175} INFO - Processing /home/airflow/.local/lib/python3.7/site-packages/airflow/example_dags/example_branch_day_of_week_operator.py took 0.163 seconds
[2023-06-30T06:09:00.628+0000] {processor.py:153} INFO - Started process (PID=1155) to work on /home/airflow/.local/lib/python3.7/site-packages/airflow/example_dags/example_branch_day_of_week_operator.py
[2023-06-30T06:09:00.631+0000] {processor.py:743} INFO - Processing file /home/airflow/.local/lib/python3.7/site-packages/airflow/example_dags/example_branch_day_of_week_operator.py for tasks to queue
[2023-06-30T06:09:00.633+0000] {logging_mixin.py:137} INFO - [2023-06-30T06:09:00.633+0000] {dagbag.py:538} INFO - Filling up the DagBag from /home/airflow/.local/lib/python3.7/site-packages/airflow/example_dags/example_branch_day_of_week_operator.py
[2023-06-30T06:09:00.662+0000] {processor.py:753} INFO - DAG(s) dict_keys(['example_weekday_branch_operator']) retrieved from /home/airflow/.local/lib/python3.7/site-packages/airflow/example_dags/example_branch_day_of_week_operator.py
[2023-06-30T06:09:00.722+0000] {logging_mixin.py:137} INFO - [2023-06-30T06:09:00.722+0000] {dag.py:2676} INFO - Sync 1 DAGs
[2023-06-30T06:09:00.761+0000] {logging_mixin.py:137} INFO - [2023-06-30T06:09:00.761+0000] {dag.py:3427} INFO - Setting next_dagrun for example_weekday_branch_operator to 2023-06-29T00:00:00+00:00, run_after=2023-06-30T00:00:00+00:00
[2023-06-30T06:09:00.790+0000] {processor.py:175} INFO - Processing /home/airflow/.local/lib/python3.7/site-packages/airflow/example_dags/example_branch_day_of_week_operator.py took 0.167 seconds
[2023-06-30T06:09:31.155+0000] {processor.py:153} INFO - Started process (PID=1222) to work on /home/airflow/.local/lib/python3.7/site-packages/airflow/example_dags/example_branch_day_of_week_operator.py
[2023-06-30T06:09:31.158+0000] {processor.py:743} INFO - Processing file /home/airflow/.local/lib/python3.7/site-packages/airflow/example_dags/example_branch_day_of_week_operator.py for tasks to queue
[2023-06-30T06:09:31.160+0000] {logging_mixin.py:137} INFO - [2023-06-30T06:09:31.159+0000] {dagbag.py:538} INFO - Filling up the DagBag from /home/airflow/.local/lib/python3.7/site-packages/airflow/example_dags/example_branch_day_of_week_operator.py
[2023-06-30T06:09:31.189+0000] {processor.py:753} INFO - DAG(s) dict_keys(['example_weekday_branch_operator']) retrieved from /home/airflow/.local/lib/python3.7/site-packages/airflow/example_dags/example_branch_day_of_week_operator.py
[2023-06-30T06:09:31.260+0000] {logging_mixin.py:137} INFO - [2023-06-30T06:09:31.260+0000] {dag.py:2676} INFO - Sync 1 DAGs
[2023-06-30T06:09:31.311+0000] {logging_mixin.py:137} INFO - [2023-06-30T06:09:31.311+0000] {dag.py:3427} INFO - Setting next_dagrun for example_weekday_branch_operator to 2023-06-29T00:00:00+00:00, run_after=2023-06-30T00:00:00+00:00
[2023-06-30T06:09:31.346+0000] {processor.py:175} INFO - Processing /home/airflow/.local/lib/python3.7/site-packages/airflow/example_dags/example_branch_day_of_week_operator.py took 0.196 seconds
[2023-06-30T06:10:01.603+0000] {processor.py:153} INFO - Started process (PID=1297) to work on /home/airflow/.local/lib/python3.7/site-packages/airflow/example_dags/example_branch_day_of_week_operator.py
[2023-06-30T06:10:01.606+0000] {processor.py:743} INFO - Processing file /home/airflow/.local/lib/python3.7/site-packages/airflow/example_dags/example_branch_day_of_week_operator.py for tasks to queue
[2023-06-30T06:10:01.609+0000] {logging_mixin.py:137} INFO - [2023-06-30T06:10:01.609+0000] {dagbag.py:538} INFO - Filling up the DagBag from /home/airflow/.local/lib/python3.7/site-packages/airflow/example_dags/example_branch_day_of_week_operator.py
[2023-06-30T06:10:01.637+0000] {processor.py:753} INFO - DAG(s) dict_keys(['example_weekday_branch_operator']) retrieved from /home/airflow/.local/lib/python3.7/site-packages/airflow/example_dags/example_branch_day_of_week_operator.py
[2023-06-30T06:10:01.697+0000] {logging_mixin.py:137} INFO - [2023-06-30T06:10:01.697+0000] {dag.py:2676} INFO - Sync 1 DAGs
[2023-06-30T06:10:01.745+0000] {logging_mixin.py:137} INFO - [2023-06-30T06:10:01.744+0000] {dag.py:3427} INFO - Setting next_dagrun for example_weekday_branch_operator to 2023-06-29T00:00:00+00:00, run_after=2023-06-30T00:00:00+00:00
[2023-06-30T06:10:01.774+0000] {processor.py:175} INFO - Processing /home/airflow/.local/lib/python3.7/site-packages/airflow/example_dags/example_branch_day_of_week_operator.py took 0.176 seconds
[2023-06-30T06:10:31.948+0000] {processor.py:153} INFO - Started process (PID=1368) to work on /home/airflow/.local/lib/python3.7/site-packages/airflow/example_dags/example_branch_day_of_week_operator.py
[2023-06-30T06:10:31.950+0000] {processor.py:743} INFO - Processing file /home/airflow/.local/lib/python3.7/site-packages/airflow/example_dags/example_branch_day_of_week_operator.py for tasks to queue
[2023-06-30T06:10:31.952+0000] {logging_mixin.py:137} INFO - [2023-06-30T06:10:31.952+0000] {dagbag.py:538} INFO - Filling up the DagBag from /home/airflow/.local/lib/python3.7/site-packages/airflow/example_dags/example_branch_day_of_week_operator.py
[2023-06-30T06:10:31.973+0000] {processor.py:753} INFO - DAG(s) dict_keys(['example_weekday_branch_operator']) retrieved from /home/airflow/.local/lib/python3.7/site-packages/airflow/example_dags/example_branch_day_of_week_operator.py
[2023-06-30T06:10:32.022+0000] {logging_mixin.py:137} INFO - [2023-06-30T06:10:32.022+0000] {dag.py:2676} INFO - Sync 1 DAGs
[2023-06-30T06:10:32.060+0000] {logging_mixin.py:137} INFO - [2023-06-30T06:10:32.060+0000] {dag.py:3427} INFO - Setting next_dagrun for example_weekday_branch_operator to 2023-06-29T00:00:00+00:00, run_after=2023-06-30T00:00:00+00:00
[2023-06-30T06:10:32.085+0000] {processor.py:175} INFO - Processing /home/airflow/.local/lib/python3.7/site-packages/airflow/example_dags/example_branch_day_of_week_operator.py took 0.141 seconds
[2023-06-30T06:11:02.356+0000] {processor.py:153} INFO - Started process (PID=1433) to work on /home/airflow/.local/lib/python3.7/site-packages/airflow/example_dags/example_branch_day_of_week_operator.py
[2023-06-30T06:11:02.359+0000] {processor.py:743} INFO - Processing file /home/airflow/.local/lib/python3.7/site-packages/airflow/example_dags/example_branch_day_of_week_operator.py for tasks to queue
[2023-06-30T06:11:02.363+0000] {logging_mixin.py:137} INFO - [2023-06-30T06:11:02.362+0000] {dagbag.py:538} INFO - Filling up the DagBag from /home/airflow/.local/lib/python3.7/site-packages/airflow/example_dags/example_branch_day_of_week_operator.py
[2023-06-30T06:11:02.396+0000] {processor.py:753} INFO - DAG(s) dict_keys(['example_weekday_branch_operator']) retrieved from /home/airflow/.local/lib/python3.7/site-packages/airflow/example_dags/example_branch_day_of_week_operator.py
[2023-06-30T06:11:02.462+0000] {logging_mixin.py:137} INFO - [2023-06-30T06:11:02.462+0000] {dag.py:2676} INFO - Sync 1 DAGs
[2023-06-30T06:11:02.508+0000] {logging_mixin.py:137} INFO - [2023-06-30T06:11:02.508+0000] {dag.py:3427} INFO - Setting next_dagrun for example_weekday_branch_operator to 2023-06-29T00:00:00+00:00, run_after=2023-06-30T00:00:00+00:00
[2023-06-30T06:11:02.545+0000] {processor.py:175} INFO - Processing /home/airflow/.local/lib/python3.7/site-packages/airflow/example_dags/example_branch_day_of_week_operator.py took 0.195 seconds
[2023-06-30T06:11:32.709+0000] {processor.py:153} INFO - Started process (PID=1513) to work on /home/airflow/.local/lib/python3.7/site-packages/airflow/example_dags/example_branch_day_of_week_operator.py
[2023-06-30T06:11:32.712+0000] {processor.py:743} INFO - Processing file /home/airflow/.local/lib/python3.7/site-packages/airflow/example_dags/example_branch_day_of_week_operator.py for tasks to queue
[2023-06-30T06:11:32.716+0000] {logging_mixin.py:137} INFO - [2023-06-30T06:11:32.715+0000] {dagbag.py:538} INFO - Filling up the DagBag from /home/airflow/.local/lib/python3.7/site-packages/airflow/example_dags/example_branch_day_of_week_operator.py
[2023-06-30T06:11:32.743+0000] {processor.py:753} INFO - DAG(s) dict_keys(['example_weekday_branch_operator']) retrieved from /home/airflow/.local/lib/python3.7/site-packages/airflow/example_dags/example_branch_day_of_week_operator.py
[2023-06-30T06:11:32.805+0000] {logging_mixin.py:137} INFO - [2023-06-30T06:11:32.805+0000] {dag.py:2676} INFO - Sync 1 DAGs
[2023-06-30T06:11:32.848+0000] {logging_mixin.py:137} INFO - [2023-06-30T06:11:32.848+0000] {dag.py:3427} INFO - Setting next_dagrun for example_weekday_branch_operator to 2023-06-29T00:00:00+00:00, run_after=2023-06-30T00:00:00+00:00
[2023-06-30T06:11:32.888+0000] {processor.py:175} INFO - Processing /home/airflow/.local/lib/python3.7/site-packages/airflow/example_dags/example_branch_day_of_week_operator.py took 0.185 seconds
[2023-06-30T06:12:03.004+0000] {processor.py:153} INFO - Started process (PID=1579) to work on /home/airflow/.local/lib/python3.7/site-packages/airflow/example_dags/example_branch_day_of_week_operator.py
[2023-06-30T06:12:03.006+0000] {processor.py:743} INFO - Processing file /home/airflow/.local/lib/python3.7/site-packages/airflow/example_dags/example_branch_day_of_week_operator.py for tasks to queue
[2023-06-30T06:12:03.008+0000] {logging_mixin.py:137} INFO - [2023-06-30T06:12:03.008+0000] {dagbag.py:538} INFO - Filling up the DagBag from /home/airflow/.local/lib/python3.7/site-packages/airflow/example_dags/example_branch_day_of_week_operator.py
[2023-06-30T06:12:03.034+0000] {processor.py:753} INFO - DAG(s) dict_keys(['example_weekday_branch_operator']) retrieved from /home/airflow/.local/lib/python3.7/site-packages/airflow/example_dags/example_branch_day_of_week_operator.py
[2023-06-30T06:12:03.093+0000] {logging_mixin.py:137} INFO - [2023-06-30T06:12:03.092+0000] {dag.py:2676} INFO - Sync 1 DAGs
[2023-06-30T06:12:03.136+0000] {logging_mixin.py:137} INFO - [2023-06-30T06:12:03.135+0000] {dag.py:3427} INFO - Setting next_dagrun for example_weekday_branch_operator to 2023-06-29T00:00:00+00:00, run_after=2023-06-30T00:00:00+00:00
[2023-06-30T06:12:03.164+0000] {processor.py:175} INFO - Processing /home/airflow/.local/lib/python3.7/site-packages/airflow/example_dags/example_branch_day_of_week_operator.py took 0.165 seconds
[2023-06-30T06:12:34.082+0000] {processor.py:153} INFO - Started process (PID=1646) to work on /home/airflow/.local/lib/python3.7/site-packages/airflow/example_dags/example_branch_day_of_week_operator.py
[2023-06-30T06:12:34.085+0000] {processor.py:743} INFO - Processing file /home/airflow/.local/lib/python3.7/site-packages/airflow/example_dags/example_branch_day_of_week_operator.py for tasks to queue
[2023-06-30T06:12:34.086+0000] {logging_mixin.py:137} INFO - [2023-06-30T06:12:34.086+0000] {dagbag.py:538} INFO - Filling up the DagBag from /home/airflow/.local/lib/python3.7/site-packages/airflow/example_dags/example_branch_day_of_week_operator.py
[2023-06-30T06:12:34.109+0000] {processor.py:753} INFO - DAG(s) dict_keys(['example_weekday_branch_operator']) retrieved from /home/airflow/.local/lib/python3.7/site-packages/airflow/example_dags/example_branch_day_of_week_operator.py
[2023-06-30T06:12:34.161+0000] {logging_mixin.py:137} INFO - [2023-06-30T06:12:34.161+0000] {dag.py:2676} INFO - Sync 1 DAGs
[2023-06-30T06:12:34.199+0000] {logging_mixin.py:137} INFO - [2023-06-30T06:12:34.199+0000] {dag.py:3427} INFO - Setting next_dagrun for example_weekday_branch_operator to 2023-06-29T00:00:00+00:00, run_after=2023-06-30T00:00:00+00:00
[2023-06-30T06:12:34.223+0000] {processor.py:175} INFO - Processing /home/airflow/.local/lib/python3.7/site-packages/airflow/example_dags/example_branch_day_of_week_operator.py took 0.146 seconds
[2023-06-30T06:13:04.373+0000] {processor.py:153} INFO - Started process (PID=1726) to work on /home/airflow/.local/lib/python3.7/site-packages/airflow/example_dags/example_branch_day_of_week_operator.py
[2023-06-30T06:13:04.376+0000] {processor.py:743} INFO - Processing file /home/airflow/.local/lib/python3.7/site-packages/airflow/example_dags/example_branch_day_of_week_operator.py for tasks to queue
[2023-06-30T06:13:04.378+0000] {logging_mixin.py:137} INFO - [2023-06-30T06:13:04.377+0000] {dagbag.py:538} INFO - Filling up the DagBag from /home/airflow/.local/lib/python3.7/site-packages/airflow/example_dags/example_branch_day_of_week_operator.py
[2023-06-30T06:13:04.400+0000] {processor.py:753} INFO - DAG(s) dict_keys(['example_weekday_branch_operator']) retrieved from /home/airflow/.local/lib/python3.7/site-packages/airflow/example_dags/example_branch_day_of_week_operator.py
[2023-06-30T06:13:04.451+0000] {logging_mixin.py:137} INFO - [2023-06-30T06:13:04.450+0000] {dag.py:2676} INFO - Sync 1 DAGs
[2023-06-30T06:13:04.486+0000] {logging_mixin.py:137} INFO - [2023-06-30T06:13:04.486+0000] {dag.py:3427} INFO - Setting next_dagrun for example_weekday_branch_operator to 2023-06-29T00:00:00+00:00, run_after=2023-06-30T00:00:00+00:00
[2023-06-30T06:13:04.511+0000] {processor.py:175} INFO - Processing /home/airflow/.local/lib/python3.7/site-packages/airflow/example_dags/example_branch_day_of_week_operator.py took 0.142 seconds
[2023-06-30T06:13:34.748+0000] {processor.py:153} INFO - Started process (PID=1791) to work on /home/airflow/.local/lib/python3.7/site-packages/airflow/example_dags/example_branch_day_of_week_operator.py
[2023-06-30T06:13:34.751+0000] {processor.py:743} INFO - Processing file /home/airflow/.local/lib/python3.7/site-packages/airflow/example_dags/example_branch_day_of_week_operator.py for tasks to queue
[2023-06-30T06:13:34.753+0000] {logging_mixin.py:137} INFO - [2023-06-30T06:13:34.753+0000] {dagbag.py:538} INFO - Filling up the DagBag from /home/airflow/.local/lib/python3.7/site-packages/airflow/example_dags/example_branch_day_of_week_operator.py
[2023-06-30T06:13:34.776+0000] {processor.py:753} INFO - DAG(s) dict_keys(['example_weekday_branch_operator']) retrieved from /home/airflow/.local/lib/python3.7/site-packages/airflow/example_dags/example_branch_day_of_week_operator.py
[2023-06-30T06:13:34.831+0000] {logging_mixin.py:137} INFO - [2023-06-30T06:13:34.831+0000] {dag.py:2676} INFO - Sync 1 DAGs
[2023-06-30T06:13:34.870+0000] {logging_mixin.py:137} INFO - [2023-06-30T06:13:34.870+0000] {dag.py:3427} INFO - Setting next_dagrun for example_weekday_branch_operator to 2023-06-29T00:00:00+00:00, run_after=2023-06-30T00:00:00+00:00
[2023-06-30T06:13:34.903+0000] {processor.py:175} INFO - Processing /home/airflow/.local/lib/python3.7/site-packages/airflow/example_dags/example_branch_day_of_week_operator.py took 0.159 seconds
[2023-06-30T06:14:05.480+0000] {processor.py:153} INFO - Started process (PID=1857) to work on /home/airflow/.local/lib/python3.7/site-packages/airflow/example_dags/example_branch_day_of_week_operator.py
[2023-06-30T06:14:05.483+0000] {processor.py:743} INFO - Processing file /home/airflow/.local/lib/python3.7/site-packages/airflow/example_dags/example_branch_day_of_week_operator.py for tasks to queue
[2023-06-30T06:14:05.485+0000] {logging_mixin.py:137} INFO - [2023-06-30T06:14:05.485+0000] {dagbag.py:538} INFO - Filling up the DagBag from /home/airflow/.local/lib/python3.7/site-packages/airflow/example_dags/example_branch_day_of_week_operator.py
[2023-06-30T06:14:05.512+0000] {processor.py:753} INFO - DAG(s) dict_keys(['example_weekday_branch_operator']) retrieved from /home/airflow/.local/lib/python3.7/site-packages/airflow/example_dags/example_branch_day_of_week_operator.py
[2023-06-30T06:14:05.575+0000] {logging_mixin.py:137} INFO - [2023-06-30T06:14:05.575+0000] {dag.py:2676} INFO - Sync 1 DAGs
[2023-06-30T06:14:05.619+0000] {logging_mixin.py:137} INFO - [2023-06-30T06:14:05.618+0000] {dag.py:3427} INFO - Setting next_dagrun for example_weekday_branch_operator to 2023-06-29T00:00:00+00:00, run_after=2023-06-30T00:00:00+00:00
[2023-06-30T06:14:05.645+0000] {processor.py:175} INFO - Processing /home/airflow/.local/lib/python3.7/site-packages/airflow/example_dags/example_branch_day_of_week_operator.py took 0.170 seconds
[2023-06-30T06:14:36.197+0000] {processor.py:153} INFO - Started process (PID=1937) to work on /home/airflow/.local/lib/python3.7/site-packages/airflow/example_dags/example_branch_day_of_week_operator.py
[2023-06-30T06:14:36.200+0000] {processor.py:743} INFO - Processing file /home/airflow/.local/lib/python3.7/site-packages/airflow/example_dags/example_branch_day_of_week_operator.py for tasks to queue
[2023-06-30T06:14:36.202+0000] {logging_mixin.py:137} INFO - [2023-06-30T06:14:36.202+0000] {dagbag.py:538} INFO - Filling up the DagBag from /home/airflow/.local/lib/python3.7/site-packages/airflow/example_dags/example_branch_day_of_week_operator.py
[2023-06-30T06:14:36.226+0000] {processor.py:753} INFO - DAG(s) dict_keys(['example_weekday_branch_operator']) retrieved from /home/airflow/.local/lib/python3.7/site-packages/airflow/example_dags/example_branch_day_of_week_operator.py
[2023-06-30T06:14:36.264+0000] {logging_mixin.py:137} INFO - [2023-06-30T06:14:36.264+0000] {dag.py:2676} INFO - Sync 1 DAGs
[2023-06-30T06:14:36.303+0000] {logging_mixin.py:137} INFO - [2023-06-30T06:14:36.303+0000] {dag.py:3427} INFO - Setting next_dagrun for example_weekday_branch_operator to 2023-06-29T00:00:00+00:00, run_after=2023-06-30T00:00:00+00:00
[2023-06-30T06:14:36.331+0000] {processor.py:175} INFO - Processing /home/airflow/.local/lib/python3.7/site-packages/airflow/example_dags/example_branch_day_of_week_operator.py took 0.138 seconds
[2023-06-30T06:15:06.788+0000] {processor.py:153} INFO - Started process (PID=2003) to work on /home/airflow/.local/lib/python3.7/site-packages/airflow/example_dags/example_branch_day_of_week_operator.py
[2023-06-30T06:15:06.790+0000] {processor.py:743} INFO - Processing file /home/airflow/.local/lib/python3.7/site-packages/airflow/example_dags/example_branch_day_of_week_operator.py for tasks to queue
[2023-06-30T06:15:06.791+0000] {logging_mixin.py:137} INFO - [2023-06-30T06:15:06.791+0000] {dagbag.py:538} INFO - Filling up the DagBag from /home/airflow/.local/lib/python3.7/site-packages/airflow/example_dags/example_branch_day_of_week_operator.py
[2023-06-30T06:15:06.814+0000] {processor.py:753} INFO - DAG(s) dict_keys(['example_weekday_branch_operator']) retrieved from /home/airflow/.local/lib/python3.7/site-packages/airflow/example_dags/example_branch_day_of_week_operator.py
[2023-06-30T06:15:06.865+0000] {logging_mixin.py:137} INFO - [2023-06-30T06:15:06.865+0000] {dag.py:2676} INFO - Sync 1 DAGs
[2023-06-30T06:15:06.898+0000] {logging_mixin.py:137} INFO - [2023-06-30T06:15:06.898+0000] {dag.py:3427} INFO - Setting next_dagrun for example_weekday_branch_operator to 2023-06-29T00:00:00+00:00, run_after=2023-06-30T00:00:00+00:00
[2023-06-30T06:15:06.925+0000] {processor.py:175} INFO - Processing /home/airflow/.local/lib/python3.7/site-packages/airflow/example_dags/example_branch_day_of_week_operator.py took 0.142 seconds
[2023-06-30T06:15:37.393+0000] {processor.py:153} INFO - Started process (PID=2078) to work on /home/airflow/.local/lib/python3.7/site-packages/airflow/example_dags/example_branch_day_of_week_operator.py
[2023-06-30T06:15:37.396+0000] {processor.py:743} INFO - Processing file /home/airflow/.local/lib/python3.7/site-packages/airflow/example_dags/example_branch_day_of_week_operator.py for tasks to queue
[2023-06-30T06:15:37.400+0000] {logging_mixin.py:137} INFO - [2023-06-30T06:15:37.400+0000] {dagbag.py:538} INFO - Filling up the DagBag from /home/airflow/.local/lib/python3.7/site-packages/airflow/example_dags/example_branch_day_of_week_operator.py
[2023-06-30T06:15:37.436+0000] {processor.py:753} INFO - DAG(s) dict_keys(['example_weekday_branch_operator']) retrieved from /home/airflow/.local/lib/python3.7/site-packages/airflow/example_dags/example_branch_day_of_week_operator.py
[2023-06-30T06:15:37.518+0000] {logging_mixin.py:137} INFO - [2023-06-30T06:15:37.518+0000] {dag.py:2676} INFO - Sync 1 DAGs
[2023-06-30T06:15:37.562+0000] {logging_mixin.py:137} INFO - [2023-06-30T06:15:37.562+0000] {dag.py:3427} INFO - Setting next_dagrun for example_weekday_branch_operator to 2023-06-29T00:00:00+00:00, run_after=2023-06-30T00:00:00+00:00
[2023-06-30T06:15:37.591+0000] {processor.py:175} INFO - Processing /home/airflow/.local/lib/python3.7/site-packages/airflow/example_dags/example_branch_day_of_week_operator.py took 0.205 seconds
[2023-06-30T06:16:07.880+0000] {processor.py:153} INFO - Started process (PID=2149) to work on /home/airflow/.local/lib/python3.7/site-packages/airflow/example_dags/example_branch_day_of_week_operator.py
[2023-06-30T06:16:07.882+0000] {processor.py:743} INFO - Processing file /home/airflow/.local/lib/python3.7/site-packages/airflow/example_dags/example_branch_day_of_week_operator.py for tasks to queue
[2023-06-30T06:16:07.885+0000] {logging_mixin.py:137} INFO - [2023-06-30T06:16:07.884+0000] {dagbag.py:538} INFO - Filling up the DagBag from /home/airflow/.local/lib/python3.7/site-packages/airflow/example_dags/example_branch_day_of_week_operator.py
[2023-06-30T06:16:07.909+0000] {processor.py:753} INFO - DAG(s) dict_keys(['example_weekday_branch_operator']) retrieved from /home/airflow/.local/lib/python3.7/site-packages/airflow/example_dags/example_branch_day_of_week_operator.py
[2023-06-30T06:16:07.967+0000] {logging_mixin.py:137} INFO - [2023-06-30T06:16:07.967+0000] {dag.py:2676} INFO - Sync 1 DAGs
[2023-06-30T06:16:08.007+0000] {logging_mixin.py:137} INFO - [2023-06-30T06:16:08.007+0000] {dag.py:3427} INFO - Setting next_dagrun for example_weekday_branch_operator to 2023-06-29T00:00:00+00:00, run_after=2023-06-30T00:00:00+00:00
[2023-06-30T06:16:08.036+0000] {processor.py:175} INFO - Processing /home/airflow/.local/lib/python3.7/site-packages/airflow/example_dags/example_branch_day_of_week_operator.py took 0.161 seconds
[2023-06-30T06:16:38.212+0000] {processor.py:153} INFO - Started process (PID=2215) to work on /home/airflow/.local/lib/python3.7/site-packages/airflow/example_dags/example_branch_day_of_week_operator.py
[2023-06-30T06:16:38.214+0000] {processor.py:743} INFO - Processing file /home/airflow/.local/lib/python3.7/site-packages/airflow/example_dags/example_branch_day_of_week_operator.py for tasks to queue
[2023-06-30T06:16:38.216+0000] {logging_mixin.py:137} INFO - [2023-06-30T06:16:38.216+0000] {dagbag.py:538} INFO - Filling up the DagBag from /home/airflow/.local/lib/python3.7/site-packages/airflow/example_dags/example_branch_day_of_week_operator.py
[2023-06-30T06:16:38.239+0000] {processor.py:753} INFO - DAG(s) dict_keys(['example_weekday_branch_operator']) retrieved from /home/airflow/.local/lib/python3.7/site-packages/airflow/example_dags/example_branch_day_of_week_operator.py
[2023-06-30T06:16:38.292+0000] {logging_mixin.py:137} INFO - [2023-06-30T06:16:38.292+0000] {dag.py:2676} INFO - Sync 1 DAGs
[2023-06-30T06:16:38.328+0000] {logging_mixin.py:137} INFO - [2023-06-30T06:16:38.328+0000] {dag.py:3427} INFO - Setting next_dagrun for example_weekday_branch_operator to 2023-06-29T00:00:00+00:00, run_after=2023-06-30T00:00:00+00:00
[2023-06-30T06:16:38.356+0000] {processor.py:175} INFO - Processing /home/airflow/.local/lib/python3.7/site-packages/airflow/example_dags/example_branch_day_of_week_operator.py took 0.148 seconds
[2023-06-30T06:17:08.836+0000] {processor.py:153} INFO - Started process (PID=2295) to work on /home/airflow/.local/lib/python3.7/site-packages/airflow/example_dags/example_branch_day_of_week_operator.py
[2023-06-30T06:17:08.839+0000] {processor.py:743} INFO - Processing file /home/airflow/.local/lib/python3.7/site-packages/airflow/example_dags/example_branch_day_of_week_operator.py for tasks to queue
[2023-06-30T06:17:08.841+0000] {logging_mixin.py:137} INFO - [2023-06-30T06:17:08.841+0000] {dagbag.py:538} INFO - Filling up the DagBag from /home/airflow/.local/lib/python3.7/site-packages/airflow/example_dags/example_branch_day_of_week_operator.py
[2023-06-30T06:17:08.863+0000] {processor.py:753} INFO - DAG(s) dict_keys(['example_weekday_branch_operator']) retrieved from /home/airflow/.local/lib/python3.7/site-packages/airflow/example_dags/example_branch_day_of_week_operator.py
[2023-06-30T06:17:08.915+0000] {logging_mixin.py:137} INFO - [2023-06-30T06:17:08.915+0000] {dag.py:2676} INFO - Sync 1 DAGs
[2023-06-30T06:17:08.950+0000] {logging_mixin.py:137} INFO - [2023-06-30T06:17:08.950+0000] {dag.py:3427} INFO - Setting next_dagrun for example_weekday_branch_operator to 2023-06-29T00:00:00+00:00, run_after=2023-06-30T00:00:00+00:00
[2023-06-30T06:17:08.974+0000] {processor.py:175} INFO - Processing /home/airflow/.local/lib/python3.7/site-packages/airflow/example_dags/example_branch_day_of_week_operator.py took 0.143 seconds
