[2023-06-30T06:01:12.506+0000] {processor.py:153} INFO - Started process (PID=83) to work on /home/airflow/.local/lib/python3.7/site-packages/airflow/example_dags/example_skip_dag.py
[2023-06-30T06:01:12.508+0000] {processor.py:743} INFO - Processing file /home/airflow/.local/lib/python3.7/site-packages/airflow/example_dags/example_skip_dag.py for tasks to queue
[2023-06-30T06:01:12.510+0000] {logging_mixin.py:137} INFO - [2023-06-30T06:01:12.510+0000] {dagbag.py:538} INFO - Filling up the DagBag from /home/airflow/.local/lib/python3.7/site-packages/airflow/example_dags/example_skip_dag.py
[2023-06-30T06:01:12.531+0000] {processor.py:753} INFO - DAG(s) dict_keys(['example_skip_dag']) retrieved from /home/airflow/.local/lib/python3.7/site-packages/airflow/example_dags/example_skip_dag.py
[2023-06-30T06:01:12.588+0000] {logging_mixin.py:137} INFO - [2023-06-30T06:01:12.587+0000] {dag.py:2676} INFO - Sync 1 DAGs
[2023-06-30T06:01:12.621+0000] {logging_mixin.py:137} INFO - [2023-06-30T06:01:12.621+0000] {dag.py:3427} INFO - Setting next_dagrun for example_skip_dag to 2023-06-29T06:01:12.620664+00:00, run_after=2023-06-30T06:01:12.620664+00:00
[2023-06-30T06:01:12.649+0000] {processor.py:175} INFO - Processing /home/airflow/.local/lib/python3.7/site-packages/airflow/example_dags/example_skip_dag.py took 0.147 seconds
[2023-06-30T06:01:53.298+0000] {processor.py:153} INFO - Started process (PID=164) to work on /home/airflow/.local/lib/python3.7/site-packages/airflow/example_dags/example_skip_dag.py
[2023-06-30T06:01:53.306+0000] {processor.py:743} INFO - Processing file /home/airflow/.local/lib/python3.7/site-packages/airflow/example_dags/example_skip_dag.py for tasks to queue
[2023-06-30T06:01:53.311+0000] {logging_mixin.py:137} INFO - [2023-06-30T06:01:53.310+0000] {dagbag.py:538} INFO - Filling up the DagBag from /home/airflow/.local/lib/python3.7/site-packages/airflow/example_dags/example_skip_dag.py
[2023-06-30T06:01:53.357+0000] {processor.py:753} INFO - DAG(s) dict_keys(['example_skip_dag']) retrieved from /home/airflow/.local/lib/python3.7/site-packages/airflow/example_dags/example_skip_dag.py
[2023-06-30T06:01:53.560+0000] {logging_mixin.py:137} INFO - [2023-06-30T06:01:53.553+0000] {dag.py:2676} INFO - Sync 1 DAGs
[2023-06-30T06:01:53.638+0000] {logging_mixin.py:137} INFO - [2023-06-30T06:01:53.638+0000] {dag.py:3427} INFO - Setting next_dagrun for example_skip_dag to 2023-06-29T06:01:53.637576+00:00, run_after=2023-06-30T06:01:53.637576+00:00
[2023-06-30T06:01:53.686+0000] {processor.py:175} INFO - Processing /home/airflow/.local/lib/python3.7/site-packages/airflow/example_dags/example_skip_dag.py took 0.398 seconds
[2023-06-30T06:02:23.969+0000] {processor.py:153} INFO - Started process (PID=230) to work on /home/airflow/.local/lib/python3.7/site-packages/airflow/example_dags/example_skip_dag.py
[2023-06-30T06:02:23.971+0000] {processor.py:743} INFO - Processing file /home/airflow/.local/lib/python3.7/site-packages/airflow/example_dags/example_skip_dag.py for tasks to queue
[2023-06-30T06:02:23.973+0000] {logging_mixin.py:137} INFO - [2023-06-30T06:02:23.973+0000] {dagbag.py:538} INFO - Filling up the DagBag from /home/airflow/.local/lib/python3.7/site-packages/airflow/example_dags/example_skip_dag.py
[2023-06-30T06:02:23.993+0000] {processor.py:753} INFO - DAG(s) dict_keys(['example_skip_dag']) retrieved from /home/airflow/.local/lib/python3.7/site-packages/airflow/example_dags/example_skip_dag.py
[2023-06-30T06:02:24.043+0000] {logging_mixin.py:137} INFO - [2023-06-30T06:02:24.042+0000] {dag.py:2676} INFO - Sync 1 DAGs
[2023-06-30T06:02:24.077+0000] {logging_mixin.py:137} INFO - [2023-06-30T06:02:24.076+0000] {dag.py:3427} INFO - Setting next_dagrun for example_skip_dag to 2023-06-29T06:02:24.076545+00:00, run_after=2023-06-30T06:02:24.076545+00:00
[2023-06-30T06:02:24.101+0000] {processor.py:175} INFO - Processing /home/airflow/.local/lib/python3.7/site-packages/airflow/example_dags/example_skip_dag.py took 0.137 seconds
[2023-06-30T06:02:54.655+0000] {processor.py:153} INFO - Started process (PID=296) to work on /home/airflow/.local/lib/python3.7/site-packages/airflow/example_dags/example_skip_dag.py
[2023-06-30T06:02:54.660+0000] {processor.py:743} INFO - Processing file /home/airflow/.local/lib/python3.7/site-packages/airflow/example_dags/example_skip_dag.py for tasks to queue
[2023-06-30T06:02:54.662+0000] {logging_mixin.py:137} INFO - [2023-06-30T06:02:54.662+0000] {dagbag.py:538} INFO - Filling up the DagBag from /home/airflow/.local/lib/python3.7/site-packages/airflow/example_dags/example_skip_dag.py
[2023-06-30T06:02:54.689+0000] {processor.py:753} INFO - DAG(s) dict_keys(['example_skip_dag']) retrieved from /home/airflow/.local/lib/python3.7/site-packages/airflow/example_dags/example_skip_dag.py
[2023-06-30T06:02:54.752+0000] {logging_mixin.py:137} INFO - [2023-06-30T06:02:54.752+0000] {dag.py:2676} INFO - Sync 1 DAGs
[2023-06-30T06:02:54.789+0000] {logging_mixin.py:137} INFO - [2023-06-30T06:02:54.788+0000] {dag.py:3427} INFO - Setting next_dagrun for example_skip_dag to 2023-06-29T06:02:54.788648+00:00, run_after=2023-06-30T06:02:54.788648+00:00
[2023-06-30T06:02:54.817+0000] {processor.py:175} INFO - Processing /home/airflow/.local/lib/python3.7/site-packages/airflow/example_dags/example_skip_dag.py took 0.167 seconds
[2023-06-30T06:03:25.514+0000] {processor.py:153} INFO - Started process (PID=376) to work on /home/airflow/.local/lib/python3.7/site-packages/airflow/example_dags/example_skip_dag.py
[2023-06-30T06:03:25.517+0000] {processor.py:743} INFO - Processing file /home/airflow/.local/lib/python3.7/site-packages/airflow/example_dags/example_skip_dag.py for tasks to queue
[2023-06-30T06:03:25.519+0000] {logging_mixin.py:137} INFO - [2023-06-30T06:03:25.518+0000] {dagbag.py:538} INFO - Filling up the DagBag from /home/airflow/.local/lib/python3.7/site-packages/airflow/example_dags/example_skip_dag.py
[2023-06-30T06:03:25.539+0000] {processor.py:753} INFO - DAG(s) dict_keys(['example_skip_dag']) retrieved from /home/airflow/.local/lib/python3.7/site-packages/airflow/example_dags/example_skip_dag.py
[2023-06-30T06:03:25.589+0000] {logging_mixin.py:137} INFO - [2023-06-30T06:03:25.589+0000] {dag.py:2676} INFO - Sync 1 DAGs
[2023-06-30T06:03:25.619+0000] {logging_mixin.py:137} INFO - [2023-06-30T06:03:25.619+0000] {dag.py:3427} INFO - Setting next_dagrun for example_skip_dag to 2023-06-29T06:03:25.619545+00:00, run_after=2023-06-30T06:03:25.619545+00:00
[2023-06-30T06:03:25.642+0000] {processor.py:175} INFO - Processing /home/airflow/.local/lib/python3.7/site-packages/airflow/example_dags/example_skip_dag.py took 0.132 seconds
[2023-06-30T06:03:55.908+0000] {processor.py:153} INFO - Started process (PID=442) to work on /home/airflow/.local/lib/python3.7/site-packages/airflow/example_dags/example_skip_dag.py
[2023-06-30T06:03:55.910+0000] {processor.py:743} INFO - Processing file /home/airflow/.local/lib/python3.7/site-packages/airflow/example_dags/example_skip_dag.py for tasks to queue
[2023-06-30T06:03:55.912+0000] {logging_mixin.py:137} INFO - [2023-06-30T06:03:55.912+0000] {dagbag.py:538} INFO - Filling up the DagBag from /home/airflow/.local/lib/python3.7/site-packages/airflow/example_dags/example_skip_dag.py
[2023-06-30T06:03:55.937+0000] {processor.py:753} INFO - DAG(s) dict_keys(['example_skip_dag']) retrieved from /home/airflow/.local/lib/python3.7/site-packages/airflow/example_dags/example_skip_dag.py
[2023-06-30T06:03:55.990+0000] {logging_mixin.py:137} INFO - [2023-06-30T06:03:55.990+0000] {dag.py:2676} INFO - Sync 1 DAGs
[2023-06-30T06:03:56.036+0000] {logging_mixin.py:137} INFO - [2023-06-30T06:03:56.036+0000] {dag.py:3427} INFO - Setting next_dagrun for example_skip_dag to 2023-06-29T06:03:56.035792+00:00, run_after=2023-06-30T06:03:56.035792+00:00
[2023-06-30T06:03:56.073+0000] {processor.py:175} INFO - Processing /home/airflow/.local/lib/python3.7/site-packages/airflow/example_dags/example_skip_dag.py took 0.169 seconds
[2023-06-30T06:04:26.493+0000] {processor.py:153} INFO - Started process (PID=509) to work on /home/airflow/.local/lib/python3.7/site-packages/airflow/example_dags/example_skip_dag.py
[2023-06-30T06:04:26.504+0000] {processor.py:743} INFO - Processing file /home/airflow/.local/lib/python3.7/site-packages/airflow/example_dags/example_skip_dag.py for tasks to queue
[2023-06-30T06:04:26.508+0000] {logging_mixin.py:137} INFO - [2023-06-30T06:04:26.507+0000] {dagbag.py:538} INFO - Filling up the DagBag from /home/airflow/.local/lib/python3.7/site-packages/airflow/example_dags/example_skip_dag.py
[2023-06-30T06:04:26.551+0000] {processor.py:753} INFO - DAG(s) dict_keys(['example_skip_dag']) retrieved from /home/airflow/.local/lib/python3.7/site-packages/airflow/example_dags/example_skip_dag.py
[2023-06-30T06:04:26.627+0000] {logging_mixin.py:137} INFO - [2023-06-30T06:04:26.627+0000] {dag.py:2676} INFO - Sync 1 DAGs
[2023-06-30T06:04:26.678+0000] {logging_mixin.py:137} INFO - [2023-06-30T06:04:26.678+0000] {dag.py:3427} INFO - Setting next_dagrun for example_skip_dag to 2023-06-29T06:04:26.677686+00:00, run_after=2023-06-30T06:04:26.677686+00:00
[2023-06-30T06:04:26.730+0000] {processor.py:175} INFO - Processing /home/airflow/.local/lib/python3.7/site-packages/airflow/example_dags/example_skip_dag.py took 0.246 seconds
[2023-06-30T06:04:57.446+0000] {processor.py:153} INFO - Started process (PID=587) to work on /home/airflow/.local/lib/python3.7/site-packages/airflow/example_dags/example_skip_dag.py
[2023-06-30T06:04:57.448+0000] {processor.py:743} INFO - Processing file /home/airflow/.local/lib/python3.7/site-packages/airflow/example_dags/example_skip_dag.py for tasks to queue
[2023-06-30T06:04:57.450+0000] {logging_mixin.py:137} INFO - [2023-06-30T06:04:57.450+0000] {dagbag.py:538} INFO - Filling up the DagBag from /home/airflow/.local/lib/python3.7/site-packages/airflow/example_dags/example_skip_dag.py
[2023-06-30T06:04:57.472+0000] {processor.py:753} INFO - DAG(s) dict_keys(['example_skip_dag']) retrieved from /home/airflow/.local/lib/python3.7/site-packages/airflow/example_dags/example_skip_dag.py
[2023-06-30T06:04:57.529+0000] {logging_mixin.py:137} INFO - [2023-06-30T06:04:57.529+0000] {dag.py:2676} INFO - Sync 1 DAGs
[2023-06-30T06:04:57.569+0000] {logging_mixin.py:137} INFO - [2023-06-30T06:04:57.569+0000] {dag.py:3427} INFO - Setting next_dagrun for example_skip_dag to 2023-06-29T06:04:57.569298+00:00, run_after=2023-06-30T06:04:57.569298+00:00
[2023-06-30T06:04:57.596+0000] {processor.py:175} INFO - Processing /home/airflow/.local/lib/python3.7/site-packages/airflow/example_dags/example_skip_dag.py took 0.155 seconds
[2023-06-30T06:05:27.708+0000] {processor.py:153} INFO - Started process (PID=653) to work on /home/airflow/.local/lib/python3.7/site-packages/airflow/example_dags/example_skip_dag.py
[2023-06-30T06:05:27.710+0000] {processor.py:743} INFO - Processing file /home/airflow/.local/lib/python3.7/site-packages/airflow/example_dags/example_skip_dag.py for tasks to queue
[2023-06-30T06:05:27.712+0000] {logging_mixin.py:137} INFO - [2023-06-30T06:05:27.712+0000] {dagbag.py:538} INFO - Filling up the DagBag from /home/airflow/.local/lib/python3.7/site-packages/airflow/example_dags/example_skip_dag.py
[2023-06-30T06:05:27.733+0000] {processor.py:753} INFO - DAG(s) dict_keys(['example_skip_dag']) retrieved from /home/airflow/.local/lib/python3.7/site-packages/airflow/example_dags/example_skip_dag.py
[2023-06-30T06:05:27.784+0000] {logging_mixin.py:137} INFO - [2023-06-30T06:05:27.784+0000] {dag.py:2676} INFO - Sync 1 DAGs
[2023-06-30T06:05:27.820+0000] {logging_mixin.py:137} INFO - [2023-06-30T06:05:27.820+0000] {dag.py:3427} INFO - Setting next_dagrun for example_skip_dag to 2023-06-29T06:05:27.819947+00:00, run_after=2023-06-30T06:05:27.819947+00:00
[2023-06-30T06:05:27.847+0000] {processor.py:175} INFO - Processing /home/airflow/.local/lib/python3.7/site-packages/airflow/example_dags/example_skip_dag.py took 0.143 seconds
[2023-06-30T06:05:58.024+0000] {processor.py:153} INFO - Started process (PID=735) to work on /home/airflow/.local/lib/python3.7/site-packages/airflow/example_dags/example_skip_dag.py
[2023-06-30T06:05:58.027+0000] {processor.py:743} INFO - Processing file /home/airflow/.local/lib/python3.7/site-packages/airflow/example_dags/example_skip_dag.py for tasks to queue
[2023-06-30T06:05:58.034+0000] {logging_mixin.py:137} INFO - [2023-06-30T06:05:58.034+0000] {dagbag.py:538} INFO - Filling up the DagBag from /home/airflow/.local/lib/python3.7/site-packages/airflow/example_dags/example_skip_dag.py
[2023-06-30T06:05:58.064+0000] {processor.py:753} INFO - DAG(s) dict_keys(['example_skip_dag']) retrieved from /home/airflow/.local/lib/python3.7/site-packages/airflow/example_dags/example_skip_dag.py
[2023-06-30T06:05:58.133+0000] {logging_mixin.py:137} INFO - [2023-06-30T06:05:58.133+0000] {dag.py:2676} INFO - Sync 1 DAGs
[2023-06-30T06:05:58.172+0000] {logging_mixin.py:137} INFO - [2023-06-30T06:05:58.172+0000] {dag.py:3427} INFO - Setting next_dagrun for example_skip_dag to 2023-06-29T06:05:58.172425+00:00, run_after=2023-06-30T06:05:58.172425+00:00
[2023-06-30T06:05:58.202+0000] {processor.py:175} INFO - Processing /home/airflow/.local/lib/python3.7/site-packages/airflow/example_dags/example_skip_dag.py took 0.183 seconds
[2023-06-30T06:06:28.390+0000] {processor.py:153} INFO - Started process (PID=802) to work on /home/airflow/.local/lib/python3.7/site-packages/airflow/example_dags/example_skip_dag.py
[2023-06-30T06:06:28.392+0000] {processor.py:743} INFO - Processing file /home/airflow/.local/lib/python3.7/site-packages/airflow/example_dags/example_skip_dag.py for tasks to queue
[2023-06-30T06:06:28.394+0000] {logging_mixin.py:137} INFO - [2023-06-30T06:06:28.394+0000] {dagbag.py:538} INFO - Filling up the DagBag from /home/airflow/.local/lib/python3.7/site-packages/airflow/example_dags/example_skip_dag.py
[2023-06-30T06:06:28.416+0000] {processor.py:753} INFO - DAG(s) dict_keys(['example_skip_dag']) retrieved from /home/airflow/.local/lib/python3.7/site-packages/airflow/example_dags/example_skip_dag.py
[2023-06-30T06:06:28.470+0000] {logging_mixin.py:137} INFO - [2023-06-30T06:06:28.470+0000] {dag.py:2676} INFO - Sync 1 DAGs
[2023-06-30T06:06:28.511+0000] {logging_mixin.py:137} INFO - [2023-06-30T06:06:28.511+0000] {dag.py:3427} INFO - Setting next_dagrun for example_skip_dag to 2023-06-29T06:06:28.510986+00:00, run_after=2023-06-30T06:06:28.510986+00:00
[2023-06-30T06:06:28.543+0000] {processor.py:175} INFO - Processing /home/airflow/.local/lib/python3.7/site-packages/airflow/example_dags/example_skip_dag.py took 0.158 seconds
[2023-06-30T06:06:58.850+0000] {processor.py:153} INFO - Started process (PID=866) to work on /home/airflow/.local/lib/python3.7/site-packages/airflow/example_dags/example_skip_dag.py
[2023-06-30T06:06:58.854+0000] {processor.py:743} INFO - Processing file /home/airflow/.local/lib/python3.7/site-packages/airflow/example_dags/example_skip_dag.py for tasks to queue
[2023-06-30T06:06:58.857+0000] {logging_mixin.py:137} INFO - [2023-06-30T06:06:58.857+0000] {dagbag.py:538} INFO - Filling up the DagBag from /home/airflow/.local/lib/python3.7/site-packages/airflow/example_dags/example_skip_dag.py
[2023-06-30T06:06:58.886+0000] {processor.py:753} INFO - DAG(s) dict_keys(['example_skip_dag']) retrieved from /home/airflow/.local/lib/python3.7/site-packages/airflow/example_dags/example_skip_dag.py
[2023-06-30T06:06:58.954+0000] {logging_mixin.py:137} INFO - [2023-06-30T06:06:58.954+0000] {dag.py:2676} INFO - Sync 1 DAGs
[2023-06-30T06:06:58.999+0000] {logging_mixin.py:137} INFO - [2023-06-30T06:06:58.998+0000] {dag.py:3427} INFO - Setting next_dagrun for example_skip_dag to 2023-06-29T06:06:58.998450+00:00, run_after=2023-06-30T06:06:58.998450+00:00
[2023-06-30T06:06:59.036+0000] {processor.py:175} INFO - Processing /home/airflow/.local/lib/python3.7/site-packages/airflow/example_dags/example_skip_dag.py took 0.192 seconds
[2023-06-30T06:07:29.176+0000] {processor.py:153} INFO - Started process (PID=948) to work on /home/airflow/.local/lib/python3.7/site-packages/airflow/example_dags/example_skip_dag.py
[2023-06-30T06:07:29.179+0000] {processor.py:743} INFO - Processing file /home/airflow/.local/lib/python3.7/site-packages/airflow/example_dags/example_skip_dag.py for tasks to queue
[2023-06-30T06:07:29.182+0000] {logging_mixin.py:137} INFO - [2023-06-30T06:07:29.182+0000] {dagbag.py:538} INFO - Filling up the DagBag from /home/airflow/.local/lib/python3.7/site-packages/airflow/example_dags/example_skip_dag.py
[2023-06-30T06:07:29.210+0000] {processor.py:753} INFO - DAG(s) dict_keys(['example_skip_dag']) retrieved from /home/airflow/.local/lib/python3.7/site-packages/airflow/example_dags/example_skip_dag.py
[2023-06-30T06:07:29.265+0000] {logging_mixin.py:137} INFO - [2023-06-30T06:07:29.265+0000] {dag.py:2676} INFO - Sync 1 DAGs
[2023-06-30T06:07:29.299+0000] {logging_mixin.py:137} INFO - [2023-06-30T06:07:29.299+0000] {dag.py:3427} INFO - Setting next_dagrun for example_skip_dag to 2023-06-29T06:07:29.299024+00:00, run_after=2023-06-30T06:07:29.299024+00:00
[2023-06-30T06:07:29.324+0000] {processor.py:175} INFO - Processing /home/airflow/.local/lib/python3.7/site-packages/airflow/example_dags/example_skip_dag.py took 0.153 seconds
[2023-06-30T06:08:00.060+0000] {processor.py:153} INFO - Started process (PID=1014) to work on /home/airflow/.local/lib/python3.7/site-packages/airflow/example_dags/example_skip_dag.py
[2023-06-30T06:08:00.062+0000] {processor.py:743} INFO - Processing file /home/airflow/.local/lib/python3.7/site-packages/airflow/example_dags/example_skip_dag.py for tasks to queue
[2023-06-30T06:08:00.065+0000] {logging_mixin.py:137} INFO - [2023-06-30T06:08:00.064+0000] {dagbag.py:538} INFO - Filling up the DagBag from /home/airflow/.local/lib/python3.7/site-packages/airflow/example_dags/example_skip_dag.py
[2023-06-30T06:08:00.089+0000] {processor.py:753} INFO - DAG(s) dict_keys(['example_skip_dag']) retrieved from /home/airflow/.local/lib/python3.7/site-packages/airflow/example_dags/example_skip_dag.py
[2023-06-30T06:08:00.134+0000] {logging_mixin.py:137} INFO - [2023-06-30T06:08:00.134+0000] {dag.py:2676} INFO - Sync 1 DAGs
[2023-06-30T06:08:00.180+0000] {logging_mixin.py:137} INFO - [2023-06-30T06:08:00.180+0000] {dag.py:3427} INFO - Setting next_dagrun for example_skip_dag to 2023-06-29T06:08:00.180165+00:00, run_after=2023-06-30T06:08:00.180165+00:00
[2023-06-30T06:08:00.216+0000] {processor.py:175} INFO - Processing /home/airflow/.local/lib/python3.7/site-packages/airflow/example_dags/example_skip_dag.py took 0.162 seconds
[2023-06-30T06:08:30.468+0000] {processor.py:153} INFO - Started process (PID=1079) to work on /home/airflow/.local/lib/python3.7/site-packages/airflow/example_dags/example_skip_dag.py
[2023-06-30T06:08:30.470+0000] {processor.py:743} INFO - Processing file /home/airflow/.local/lib/python3.7/site-packages/airflow/example_dags/example_skip_dag.py for tasks to queue
[2023-06-30T06:08:30.472+0000] {logging_mixin.py:137} INFO - [2023-06-30T06:08:30.472+0000] {dagbag.py:538} INFO - Filling up the DagBag from /home/airflow/.local/lib/python3.7/site-packages/airflow/example_dags/example_skip_dag.py
[2023-06-30T06:08:30.498+0000] {processor.py:753} INFO - DAG(s) dict_keys(['example_skip_dag']) retrieved from /home/airflow/.local/lib/python3.7/site-packages/airflow/example_dags/example_skip_dag.py
[2023-06-30T06:08:30.555+0000] {logging_mixin.py:137} INFO - [2023-06-30T06:08:30.555+0000] {dag.py:2676} INFO - Sync 1 DAGs
[2023-06-30T06:08:30.599+0000] {logging_mixin.py:137} INFO - [2023-06-30T06:08:30.599+0000] {dag.py:3427} INFO - Setting next_dagrun for example_skip_dag to 2023-06-29T06:08:30.599177+00:00, run_after=2023-06-30T06:08:30.599177+00:00
[2023-06-30T06:08:30.627+0000] {processor.py:175} INFO - Processing /home/airflow/.local/lib/python3.7/site-packages/airflow/example_dags/example_skip_dag.py took 0.164 seconds
[2023-06-30T06:09:00.929+0000] {processor.py:153} INFO - Started process (PID=1158) to work on /home/airflow/.local/lib/python3.7/site-packages/airflow/example_dags/example_skip_dag.py
[2023-06-30T06:09:00.933+0000] {processor.py:743} INFO - Processing file /home/airflow/.local/lib/python3.7/site-packages/airflow/example_dags/example_skip_dag.py for tasks to queue
[2023-06-30T06:09:00.937+0000] {logging_mixin.py:137} INFO - [2023-06-30T06:09:00.937+0000] {dagbag.py:538} INFO - Filling up the DagBag from /home/airflow/.local/lib/python3.7/site-packages/airflow/example_dags/example_skip_dag.py
[2023-06-30T06:09:00.988+0000] {processor.py:753} INFO - DAG(s) dict_keys(['example_skip_dag']) retrieved from /home/airflow/.local/lib/python3.7/site-packages/airflow/example_dags/example_skip_dag.py
[2023-06-30T06:09:01.086+0000] {logging_mixin.py:137} INFO - [2023-06-30T06:09:01.085+0000] {dag.py:2676} INFO - Sync 1 DAGs
[2023-06-30T06:09:01.164+0000] {logging_mixin.py:137} INFO - [2023-06-30T06:09:01.163+0000] {dag.py:3427} INFO - Setting next_dagrun for example_skip_dag to 2023-06-29T06:09:01.162668+00:00, run_after=2023-06-30T06:09:01.162668+00:00
[2023-06-30T06:09:01.225+0000] {processor.py:175} INFO - Processing /home/airflow/.local/lib/python3.7/site-packages/airflow/example_dags/example_skip_dag.py took 0.302 seconds
[2023-06-30T06:09:31.407+0000] {processor.py:153} INFO - Started process (PID=1224) to work on /home/airflow/.local/lib/python3.7/site-packages/airflow/example_dags/example_skip_dag.py
[2023-06-30T06:09:31.409+0000] {processor.py:743} INFO - Processing file /home/airflow/.local/lib/python3.7/site-packages/airflow/example_dags/example_skip_dag.py for tasks to queue
[2023-06-30T06:09:31.412+0000] {logging_mixin.py:137} INFO - [2023-06-30T06:09:31.412+0000] {dagbag.py:538} INFO - Filling up the DagBag from /home/airflow/.local/lib/python3.7/site-packages/airflow/example_dags/example_skip_dag.py
[2023-06-30T06:09:31.441+0000] {processor.py:753} INFO - DAG(s) dict_keys(['example_skip_dag']) retrieved from /home/airflow/.local/lib/python3.7/site-packages/airflow/example_dags/example_skip_dag.py
[2023-06-30T06:09:31.507+0000] {logging_mixin.py:137} INFO - [2023-06-30T06:09:31.506+0000] {dag.py:2676} INFO - Sync 1 DAGs
[2023-06-30T06:09:31.549+0000] {logging_mixin.py:137} INFO - [2023-06-30T06:09:31.549+0000] {dag.py:3427} INFO - Setting next_dagrun for example_skip_dag to 2023-06-29T06:09:31.549217+00:00, run_after=2023-06-30T06:09:31.549217+00:00
[2023-06-30T06:09:31.584+0000] {processor.py:175} INFO - Processing /home/airflow/.local/lib/python3.7/site-packages/airflow/example_dags/example_skip_dag.py took 0.183 seconds
[2023-06-30T06:10:01.847+0000] {processor.py:153} INFO - Started process (PID=1299) to work on /home/airflow/.local/lib/python3.7/site-packages/airflow/example_dags/example_skip_dag.py
[2023-06-30T06:10:01.850+0000] {processor.py:743} INFO - Processing file /home/airflow/.local/lib/python3.7/site-packages/airflow/example_dags/example_skip_dag.py for tasks to queue
[2023-06-30T06:10:01.853+0000] {logging_mixin.py:137} INFO - [2023-06-30T06:10:01.852+0000] {dagbag.py:538} INFO - Filling up the DagBag from /home/airflow/.local/lib/python3.7/site-packages/airflow/example_dags/example_skip_dag.py
[2023-06-30T06:10:01.878+0000] {processor.py:753} INFO - DAG(s) dict_keys(['example_skip_dag']) retrieved from /home/airflow/.local/lib/python3.7/site-packages/airflow/example_dags/example_skip_dag.py
[2023-06-30T06:10:01.940+0000] {logging_mixin.py:137} INFO - [2023-06-30T06:10:01.940+0000] {dag.py:2676} INFO - Sync 1 DAGs
[2023-06-30T06:10:01.983+0000] {logging_mixin.py:137} INFO - [2023-06-30T06:10:01.982+0000] {dag.py:3427} INFO - Setting next_dagrun for example_skip_dag to 2023-06-29T06:10:01.982465+00:00, run_after=2023-06-30T06:10:01.982465+00:00
[2023-06-30T06:10:02.016+0000] {processor.py:175} INFO - Processing /home/airflow/.local/lib/python3.7/site-packages/airflow/example_dags/example_skip_dag.py took 0.174 seconds
[2023-06-30T06:10:32.126+0000] {processor.py:153} INFO - Started process (PID=1370) to work on /home/airflow/.local/lib/python3.7/site-packages/airflow/example_dags/example_skip_dag.py
[2023-06-30T06:10:32.128+0000] {processor.py:743} INFO - Processing file /home/airflow/.local/lib/python3.7/site-packages/airflow/example_dags/example_skip_dag.py for tasks to queue
[2023-06-30T06:10:32.130+0000] {logging_mixin.py:137} INFO - [2023-06-30T06:10:32.130+0000] {dagbag.py:538} INFO - Filling up the DagBag from /home/airflow/.local/lib/python3.7/site-packages/airflow/example_dags/example_skip_dag.py
[2023-06-30T06:10:32.151+0000] {processor.py:753} INFO - DAG(s) dict_keys(['example_skip_dag']) retrieved from /home/airflow/.local/lib/python3.7/site-packages/airflow/example_dags/example_skip_dag.py
[2023-06-30T06:10:32.201+0000] {logging_mixin.py:137} INFO - [2023-06-30T06:10:32.201+0000] {dag.py:2676} INFO - Sync 1 DAGs
[2023-06-30T06:10:32.236+0000] {logging_mixin.py:137} INFO - [2023-06-30T06:10:32.236+0000] {dag.py:3427} INFO - Setting next_dagrun for example_skip_dag to 2023-06-29T06:10:32.236407+00:00, run_after=2023-06-30T06:10:32.236407+00:00
[2023-06-30T06:10:32.263+0000] {processor.py:175} INFO - Processing /home/airflow/.local/lib/python3.7/site-packages/airflow/example_dags/example_skip_dag.py took 0.141 seconds
[2023-06-30T06:11:02.596+0000] {processor.py:153} INFO - Started process (PID=1436) to work on /home/airflow/.local/lib/python3.7/site-packages/airflow/example_dags/example_skip_dag.py
[2023-06-30T06:11:02.599+0000] {processor.py:743} INFO - Processing file /home/airflow/.local/lib/python3.7/site-packages/airflow/example_dags/example_skip_dag.py for tasks to queue
[2023-06-30T06:11:02.602+0000] {logging_mixin.py:137} INFO - [2023-06-30T06:11:02.602+0000] {dagbag.py:538} INFO - Filling up the DagBag from /home/airflow/.local/lib/python3.7/site-packages/airflow/example_dags/example_skip_dag.py
[2023-06-30T06:11:02.628+0000] {processor.py:753} INFO - DAG(s) dict_keys(['example_skip_dag']) retrieved from /home/airflow/.local/lib/python3.7/site-packages/airflow/example_dags/example_skip_dag.py
[2023-06-30T06:11:02.693+0000] {logging_mixin.py:137} INFO - [2023-06-30T06:11:02.692+0000] {dag.py:2676} INFO - Sync 1 DAGs
[2023-06-30T06:11:02.736+0000] {logging_mixin.py:137} INFO - [2023-06-30T06:11:02.736+0000] {dag.py:3427} INFO - Setting next_dagrun for example_skip_dag to 2023-06-29T06:11:02.735829+00:00, run_after=2023-06-30T06:11:02.735829+00:00
[2023-06-30T06:11:02.769+0000] {processor.py:175} INFO - Processing /home/airflow/.local/lib/python3.7/site-packages/airflow/example_dags/example_skip_dag.py took 0.179 seconds
[2023-06-30T06:11:32.938+0000] {processor.py:153} INFO - Started process (PID=1516) to work on /home/airflow/.local/lib/python3.7/site-packages/airflow/example_dags/example_skip_dag.py
[2023-06-30T06:11:32.941+0000] {processor.py:743} INFO - Processing file /home/airflow/.local/lib/python3.7/site-packages/airflow/example_dags/example_skip_dag.py for tasks to queue
[2023-06-30T06:11:32.944+0000] {logging_mixin.py:137} INFO - [2023-06-30T06:11:32.943+0000] {dagbag.py:538} INFO - Filling up the DagBag from /home/airflow/.local/lib/python3.7/site-packages/airflow/example_dags/example_skip_dag.py
[2023-06-30T06:11:32.970+0000] {processor.py:753} INFO - DAG(s) dict_keys(['example_skip_dag']) retrieved from /home/airflow/.local/lib/python3.7/site-packages/airflow/example_dags/example_skip_dag.py
[2023-06-30T06:11:33.036+0000] {logging_mixin.py:137} INFO - [2023-06-30T06:11:33.036+0000] {dag.py:2676} INFO - Sync 1 DAGs
[2023-06-30T06:11:33.082+0000] {logging_mixin.py:137} INFO - [2023-06-30T06:11:33.082+0000] {dag.py:3427} INFO - Setting next_dagrun for example_skip_dag to 2023-06-29T06:11:33.081730+00:00, run_after=2023-06-30T06:11:33.081730+00:00
[2023-06-30T06:11:33.121+0000] {processor.py:175} INFO - Processing /home/airflow/.local/lib/python3.7/site-packages/airflow/example_dags/example_skip_dag.py took 0.188 seconds
[2023-06-30T06:12:03.208+0000] {processor.py:153} INFO - Started process (PID=1582) to work on /home/airflow/.local/lib/python3.7/site-packages/airflow/example_dags/example_skip_dag.py
[2023-06-30T06:12:03.211+0000] {processor.py:743} INFO - Processing file /home/airflow/.local/lib/python3.7/site-packages/airflow/example_dags/example_skip_dag.py for tasks to queue
[2023-06-30T06:12:03.213+0000] {logging_mixin.py:137} INFO - [2023-06-30T06:12:03.213+0000] {dagbag.py:538} INFO - Filling up the DagBag from /home/airflow/.local/lib/python3.7/site-packages/airflow/example_dags/example_skip_dag.py
[2023-06-30T06:12:03.237+0000] {processor.py:753} INFO - DAG(s) dict_keys(['example_skip_dag']) retrieved from /home/airflow/.local/lib/python3.7/site-packages/airflow/example_dags/example_skip_dag.py
[2023-06-30T06:12:03.294+0000] {logging_mixin.py:137} INFO - [2023-06-30T06:12:03.294+0000] {dag.py:2676} INFO - Sync 1 DAGs
[2023-06-30T06:12:03.334+0000] {logging_mixin.py:137} INFO - [2023-06-30T06:12:03.334+0000] {dag.py:3427} INFO - Setting next_dagrun for example_skip_dag to 2023-06-29T06:12:03.334427+00:00, run_after=2023-06-30T06:12:03.334427+00:00
[2023-06-30T06:12:03.365+0000] {processor.py:175} INFO - Processing /home/airflow/.local/lib/python3.7/site-packages/airflow/example_dags/example_skip_dag.py took 0.161 seconds
[2023-06-30T06:12:34.264+0000] {processor.py:153} INFO - Started process (PID=1648) to work on /home/airflow/.local/lib/python3.7/site-packages/airflow/example_dags/example_skip_dag.py
[2023-06-30T06:12:34.266+0000] {processor.py:743} INFO - Processing file /home/airflow/.local/lib/python3.7/site-packages/airflow/example_dags/example_skip_dag.py for tasks to queue
[2023-06-30T06:12:34.268+0000] {logging_mixin.py:137} INFO - [2023-06-30T06:12:34.268+0000] {dagbag.py:538} INFO - Filling up the DagBag from /home/airflow/.local/lib/python3.7/site-packages/airflow/example_dags/example_skip_dag.py
[2023-06-30T06:12:34.290+0000] {processor.py:753} INFO - DAG(s) dict_keys(['example_skip_dag']) retrieved from /home/airflow/.local/lib/python3.7/site-packages/airflow/example_dags/example_skip_dag.py
[2023-06-30T06:12:34.345+0000] {logging_mixin.py:137} INFO - [2023-06-30T06:12:34.345+0000] {dag.py:2676} INFO - Sync 1 DAGs
[2023-06-30T06:12:34.381+0000] {logging_mixin.py:137} INFO - [2023-06-30T06:12:34.381+0000] {dag.py:3427} INFO - Setting next_dagrun for example_skip_dag to 2023-06-29T06:12:34.381348+00:00, run_after=2023-06-30T06:12:34.381348+00:00
[2023-06-30T06:12:34.407+0000] {processor.py:175} INFO - Processing /home/airflow/.local/lib/python3.7/site-packages/airflow/example_dags/example_skip_dag.py took 0.148 seconds
[2023-06-30T06:13:04.562+0000] {processor.py:153} INFO - Started process (PID=1728) to work on /home/airflow/.local/lib/python3.7/site-packages/airflow/example_dags/example_skip_dag.py
[2023-06-30T06:13:04.566+0000] {processor.py:743} INFO - Processing file /home/airflow/.local/lib/python3.7/site-packages/airflow/example_dags/example_skip_dag.py for tasks to queue
[2023-06-30T06:13:04.570+0000] {logging_mixin.py:137} INFO - [2023-06-30T06:13:04.570+0000] {dagbag.py:538} INFO - Filling up the DagBag from /home/airflow/.local/lib/python3.7/site-packages/airflow/example_dags/example_skip_dag.py
[2023-06-30T06:13:04.607+0000] {processor.py:753} INFO - DAG(s) dict_keys(['example_skip_dag']) retrieved from /home/airflow/.local/lib/python3.7/site-packages/airflow/example_dags/example_skip_dag.py
[2023-06-30T06:13:04.676+0000] {logging_mixin.py:137} INFO - [2023-06-30T06:13:04.676+0000] {dag.py:2676} INFO - Sync 1 DAGs
[2023-06-30T06:13:04.719+0000] {logging_mixin.py:137} INFO - [2023-06-30T06:13:04.719+0000] {dag.py:3427} INFO - Setting next_dagrun for example_skip_dag to 2023-06-29T06:13:04.719214+00:00, run_after=2023-06-30T06:13:04.719214+00:00
[2023-06-30T06:13:04.751+0000] {processor.py:175} INFO - Processing /home/airflow/.local/lib/python3.7/site-packages/airflow/example_dags/example_skip_dag.py took 0.195 seconds
[2023-06-30T06:13:34.949+0000] {processor.py:153} INFO - Started process (PID=1794) to work on /home/airflow/.local/lib/python3.7/site-packages/airflow/example_dags/example_skip_dag.py
[2023-06-30T06:13:34.952+0000] {processor.py:743} INFO - Processing file /home/airflow/.local/lib/python3.7/site-packages/airflow/example_dags/example_skip_dag.py for tasks to queue
[2023-06-30T06:13:34.954+0000] {logging_mixin.py:137} INFO - [2023-06-30T06:13:34.954+0000] {dagbag.py:538} INFO - Filling up the DagBag from /home/airflow/.local/lib/python3.7/site-packages/airflow/example_dags/example_skip_dag.py
[2023-06-30T06:13:34.976+0000] {processor.py:753} INFO - DAG(s) dict_keys(['example_skip_dag']) retrieved from /home/airflow/.local/lib/python3.7/site-packages/airflow/example_dags/example_skip_dag.py
[2023-06-30T06:13:35.029+0000] {logging_mixin.py:137} INFO - [2023-06-30T06:13:35.029+0000] {dag.py:2676} INFO - Sync 1 DAGs
[2023-06-30T06:13:35.066+0000] {logging_mixin.py:137} INFO - [2023-06-30T06:13:35.065+0000] {dag.py:3427} INFO - Setting next_dagrun for example_skip_dag to 2023-06-29T06:13:35.065457+00:00, run_after=2023-06-30T06:13:35.065457+00:00
[2023-06-30T06:13:35.093+0000] {processor.py:175} INFO - Processing /home/airflow/.local/lib/python3.7/site-packages/airflow/example_dags/example_skip_dag.py took 0.150 seconds
[2023-06-30T06:14:05.693+0000] {processor.py:153} INFO - Started process (PID=1859) to work on /home/airflow/.local/lib/python3.7/site-packages/airflow/example_dags/example_skip_dag.py
[2023-06-30T06:14:05.696+0000] {processor.py:743} INFO - Processing file /home/airflow/.local/lib/python3.7/site-packages/airflow/example_dags/example_skip_dag.py for tasks to queue
[2023-06-30T06:14:05.699+0000] {logging_mixin.py:137} INFO - [2023-06-30T06:14:05.699+0000] {dagbag.py:538} INFO - Filling up the DagBag from /home/airflow/.local/lib/python3.7/site-packages/airflow/example_dags/example_skip_dag.py
[2023-06-30T06:14:05.723+0000] {processor.py:753} INFO - DAG(s) dict_keys(['example_skip_dag']) retrieved from /home/airflow/.local/lib/python3.7/site-packages/airflow/example_dags/example_skip_dag.py
[2023-06-30T06:14:05.795+0000] {logging_mixin.py:137} INFO - [2023-06-30T06:14:05.794+0000] {dag.py:2676} INFO - Sync 1 DAGs
[2023-06-30T06:14:05.837+0000] {logging_mixin.py:137} INFO - [2023-06-30T06:14:05.837+0000] {dag.py:3427} INFO - Setting next_dagrun for example_skip_dag to 2023-06-29T06:14:05.837004+00:00, run_after=2023-06-30T06:14:05.837004+00:00
[2023-06-30T06:14:05.871+0000] {processor.py:175} INFO - Processing /home/airflow/.local/lib/python3.7/site-packages/airflow/example_dags/example_skip_dag.py took 0.184 seconds
[2023-06-30T06:14:36.373+0000] {processor.py:153} INFO - Started process (PID=1939) to work on /home/airflow/.local/lib/python3.7/site-packages/airflow/example_dags/example_skip_dag.py
[2023-06-30T06:14:36.377+0000] {processor.py:743} INFO - Processing file /home/airflow/.local/lib/python3.7/site-packages/airflow/example_dags/example_skip_dag.py for tasks to queue
[2023-06-30T06:14:36.379+0000] {logging_mixin.py:137} INFO - [2023-06-30T06:14:36.379+0000] {dagbag.py:538} INFO - Filling up the DagBag from /home/airflow/.local/lib/python3.7/site-packages/airflow/example_dags/example_skip_dag.py
[2023-06-30T06:14:36.403+0000] {processor.py:753} INFO - DAG(s) dict_keys(['example_skip_dag']) retrieved from /home/airflow/.local/lib/python3.7/site-packages/airflow/example_dags/example_skip_dag.py
[2023-06-30T06:14:36.441+0000] {logging_mixin.py:137} INFO - [2023-06-30T06:14:36.440+0000] {dag.py:2676} INFO - Sync 1 DAGs
[2023-06-30T06:14:36.480+0000] {logging_mixin.py:137} INFO - [2023-06-30T06:14:36.480+0000] {dag.py:3427} INFO - Setting next_dagrun for example_skip_dag to 2023-06-29T06:14:36.480485+00:00, run_after=2023-06-30T06:14:36.480485+00:00
[2023-06-30T06:14:36.522+0000] {processor.py:175} INFO - Processing /home/airflow/.local/lib/python3.7/site-packages/airflow/example_dags/example_skip_dag.py took 0.153 seconds
[2023-06-30T06:15:06.971+0000] {processor.py:153} INFO - Started process (PID=2005) to work on /home/airflow/.local/lib/python3.7/site-packages/airflow/example_dags/example_skip_dag.py
[2023-06-30T06:15:06.973+0000] {processor.py:743} INFO - Processing file /home/airflow/.local/lib/python3.7/site-packages/airflow/example_dags/example_skip_dag.py for tasks to queue
[2023-06-30T06:15:06.974+0000] {logging_mixin.py:137} INFO - [2023-06-30T06:15:06.974+0000] {dagbag.py:538} INFO - Filling up the DagBag from /home/airflow/.local/lib/python3.7/site-packages/airflow/example_dags/example_skip_dag.py
[2023-06-30T06:15:06.997+0000] {processor.py:753} INFO - DAG(s) dict_keys(['example_skip_dag']) retrieved from /home/airflow/.local/lib/python3.7/site-packages/airflow/example_dags/example_skip_dag.py
[2023-06-30T06:15:07.067+0000] {logging_mixin.py:137} INFO - [2023-06-30T06:15:07.066+0000] {dag.py:2676} INFO - Sync 1 DAGs
[2023-06-30T06:15:07.115+0000] {logging_mixin.py:137} INFO - [2023-06-30T06:15:07.114+0000] {dag.py:3427} INFO - Setting next_dagrun for example_skip_dag to 2023-06-29T06:15:07.114495+00:00, run_after=2023-06-30T06:15:07.114495+00:00
[2023-06-30T06:15:07.147+0000] {processor.py:175} INFO - Processing /home/airflow/.local/lib/python3.7/site-packages/airflow/example_dags/example_skip_dag.py took 0.181 seconds
[2023-06-30T06:15:37.633+0000] {processor.py:153} INFO - Started process (PID=2085) to work on /home/airflow/.local/lib/python3.7/site-packages/airflow/example_dags/example_skip_dag.py
[2023-06-30T06:15:37.636+0000] {processor.py:743} INFO - Processing file /home/airflow/.local/lib/python3.7/site-packages/airflow/example_dags/example_skip_dag.py for tasks to queue
[2023-06-30T06:15:37.638+0000] {logging_mixin.py:137} INFO - [2023-06-30T06:15:37.638+0000] {dagbag.py:538} INFO - Filling up the DagBag from /home/airflow/.local/lib/python3.7/site-packages/airflow/example_dags/example_skip_dag.py
[2023-06-30T06:15:37.660+0000] {processor.py:753} INFO - DAG(s) dict_keys(['example_skip_dag']) retrieved from /home/airflow/.local/lib/python3.7/site-packages/airflow/example_dags/example_skip_dag.py
[2023-06-30T06:15:37.701+0000] {logging_mixin.py:137} INFO - [2023-06-30T06:15:37.701+0000] {dag.py:2676} INFO - Sync 1 DAGs
[2023-06-30T06:15:37.740+0000] {logging_mixin.py:137} INFO - [2023-06-30T06:15:37.740+0000] {dag.py:3427} INFO - Setting next_dagrun for example_skip_dag to 2023-06-29T06:15:37.740019+00:00, run_after=2023-06-30T06:15:37.740019+00:00
[2023-06-30T06:15:37.768+0000] {processor.py:175} INFO - Processing /home/airflow/.local/lib/python3.7/site-packages/airflow/example_dags/example_skip_dag.py took 0.140 seconds
[2023-06-30T06:16:08.081+0000] {processor.py:153} INFO - Started process (PID=2151) to work on /home/airflow/.local/lib/python3.7/site-packages/airflow/example_dags/example_skip_dag.py
[2023-06-30T06:16:08.084+0000] {processor.py:743} INFO - Processing file /home/airflow/.local/lib/python3.7/site-packages/airflow/example_dags/example_skip_dag.py for tasks to queue
[2023-06-30T06:16:08.087+0000] {logging_mixin.py:137} INFO - [2023-06-30T06:16:08.086+0000] {dagbag.py:538} INFO - Filling up the DagBag from /home/airflow/.local/lib/python3.7/site-packages/airflow/example_dags/example_skip_dag.py
[2023-06-30T06:16:08.109+0000] {processor.py:753} INFO - DAG(s) dict_keys(['example_skip_dag']) retrieved from /home/airflow/.local/lib/python3.7/site-packages/airflow/example_dags/example_skip_dag.py
[2023-06-30T06:16:08.165+0000] {logging_mixin.py:137} INFO - [2023-06-30T06:16:08.164+0000] {dag.py:2676} INFO - Sync 1 DAGs
[2023-06-30T06:16:08.206+0000] {logging_mixin.py:137} INFO - [2023-06-30T06:16:08.206+0000] {dag.py:3427} INFO - Setting next_dagrun for example_skip_dag to 2023-06-29T06:16:08.206010+00:00, run_after=2023-06-30T06:16:08.206010+00:00
[2023-06-30T06:16:08.238+0000] {processor.py:175} INFO - Processing /home/airflow/.local/lib/python3.7/site-packages/airflow/example_dags/example_skip_dag.py took 0.162 seconds
[2023-06-30T06:16:38.397+0000] {processor.py:153} INFO - Started process (PID=2217) to work on /home/airflow/.local/lib/python3.7/site-packages/airflow/example_dags/example_skip_dag.py
[2023-06-30T06:16:38.400+0000] {processor.py:743} INFO - Processing file /home/airflow/.local/lib/python3.7/site-packages/airflow/example_dags/example_skip_dag.py for tasks to queue
[2023-06-30T06:16:38.402+0000] {logging_mixin.py:137} INFO - [2023-06-30T06:16:38.402+0000] {dagbag.py:538} INFO - Filling up the DagBag from /home/airflow/.local/lib/python3.7/site-packages/airflow/example_dags/example_skip_dag.py
[2023-06-30T06:16:38.423+0000] {processor.py:753} INFO - DAG(s) dict_keys(['example_skip_dag']) retrieved from /home/airflow/.local/lib/python3.7/site-packages/airflow/example_dags/example_skip_dag.py
[2023-06-30T06:16:38.477+0000] {logging_mixin.py:137} INFO - [2023-06-30T06:16:38.476+0000] {dag.py:2676} INFO - Sync 1 DAGs
[2023-06-30T06:16:38.512+0000] {logging_mixin.py:137} INFO - [2023-06-30T06:16:38.512+0000] {dag.py:3427} INFO - Setting next_dagrun for example_skip_dag to 2023-06-29T06:16:38.511865+00:00, run_after=2023-06-30T06:16:38.511865+00:00
[2023-06-30T06:16:38.541+0000] {processor.py:175} INFO - Processing /home/airflow/.local/lib/python3.7/site-packages/airflow/example_dags/example_skip_dag.py took 0.149 seconds
[2023-06-30T06:17:09.011+0000] {processor.py:153} INFO - Started process (PID=2297) to work on /home/airflow/.local/lib/python3.7/site-packages/airflow/example_dags/example_skip_dag.py
[2023-06-30T06:17:09.013+0000] {processor.py:743} INFO - Processing file /home/airflow/.local/lib/python3.7/site-packages/airflow/example_dags/example_skip_dag.py for tasks to queue
[2023-06-30T06:17:09.015+0000] {logging_mixin.py:137} INFO - [2023-06-30T06:17:09.015+0000] {dagbag.py:538} INFO - Filling up the DagBag from /home/airflow/.local/lib/python3.7/site-packages/airflow/example_dags/example_skip_dag.py
[2023-06-30T06:17:09.036+0000] {processor.py:753} INFO - DAG(s) dict_keys(['example_skip_dag']) retrieved from /home/airflow/.local/lib/python3.7/site-packages/airflow/example_dags/example_skip_dag.py
[2023-06-30T06:17:09.088+0000] {logging_mixin.py:137} INFO - [2023-06-30T06:17:09.088+0000] {dag.py:2676} INFO - Sync 1 DAGs
[2023-06-30T06:17:09.122+0000] {logging_mixin.py:137} INFO - [2023-06-30T06:17:09.122+0000] {dag.py:3427} INFO - Setting next_dagrun for example_skip_dag to 2023-06-29T06:17:09.121958+00:00, run_after=2023-06-30T06:17:09.121958+00:00
[2023-06-30T06:17:09.149+0000] {processor.py:175} INFO - Processing /home/airflow/.local/lib/python3.7/site-packages/airflow/example_dags/example_skip_dag.py took 0.142 seconds
