[2023-06-30T06:01:11.643+0000] {processor.py:153} INFO - Started process (PID=74) to work on /home/airflow/.local/lib/python3.7/site-packages/airflow/example_dags/example_short_circuit_operator.py
[2023-06-30T06:01:11.647+0000] {processor.py:743} INFO - Processing file /home/airflow/.local/lib/python3.7/site-packages/airflow/example_dags/example_short_circuit_operator.py for tasks to queue
[2023-06-30T06:01:11.649+0000] {logging_mixin.py:137} INFO - [2023-06-30T06:01:11.649+0000] {dagbag.py:538} INFO - Filling up the DagBag from /home/airflow/.local/lib/python3.7/site-packages/airflow/example_dags/example_short_circuit_operator.py
[2023-06-30T06:01:11.679+0000] {processor.py:753} INFO - DAG(s) dict_keys(['example_short_circuit_operator']) retrieved from /home/airflow/.local/lib/python3.7/site-packages/airflow/example_dags/example_short_circuit_operator.py
[2023-06-30T06:01:11.730+0000] {logging_mixin.py:137} INFO - [2023-06-30T06:01:11.730+0000] {dag.py:2676} INFO - Sync 1 DAGs
[2023-06-30T06:01:11.763+0000] {logging_mixin.py:137} INFO - [2023-06-30T06:01:11.763+0000] {dag.py:3427} INFO - Setting next_dagrun for example_short_circuit_operator to 2023-06-29T06:01:11.762904+00:00, run_after=2023-06-30T06:01:11.762904+00:00
[2023-06-30T06:01:11.789+0000] {processor.py:175} INFO - Processing /home/airflow/.local/lib/python3.7/site-packages/airflow/example_dags/example_short_circuit_operator.py took 0.151 seconds
[2023-06-30T06:01:50.304+0000] {processor.py:153} INFO - Started process (PID=155) to work on /home/airflow/.local/lib/python3.7/site-packages/airflow/example_dags/example_short_circuit_operator.py
[2023-06-30T06:01:50.308+0000] {processor.py:743} INFO - Processing file /home/airflow/.local/lib/python3.7/site-packages/airflow/example_dags/example_short_circuit_operator.py for tasks to queue
[2023-06-30T06:01:50.313+0000] {logging_mixin.py:137} INFO - [2023-06-30T06:01:50.313+0000] {dagbag.py:538} INFO - Filling up the DagBag from /home/airflow/.local/lib/python3.7/site-packages/airflow/example_dags/example_short_circuit_operator.py
[2023-06-30T06:01:50.383+0000] {processor.py:753} INFO - DAG(s) dict_keys(['example_short_circuit_operator']) retrieved from /home/airflow/.local/lib/python3.7/site-packages/airflow/example_dags/example_short_circuit_operator.py
[2023-06-30T06:01:50.551+0000] {logging_mixin.py:137} INFO - [2023-06-30T06:01:50.551+0000] {dag.py:2676} INFO - Sync 1 DAGs
[2023-06-30T06:01:50.637+0000] {logging_mixin.py:137} INFO - [2023-06-30T06:01:50.637+0000] {dag.py:3427} INFO - Setting next_dagrun for example_short_circuit_operator to 2023-06-29T06:01:50.636731+00:00, run_after=2023-06-30T06:01:50.636731+00:00
[2023-06-30T06:01:50.713+0000] {processor.py:175} INFO - Processing /home/airflow/.local/lib/python3.7/site-packages/airflow/example_dags/example_short_circuit_operator.py took 0.436 seconds
[2023-06-30T06:02:21.330+0000] {processor.py:153} INFO - Started process (PID=221) to work on /home/airflow/.local/lib/python3.7/site-packages/airflow/example_dags/example_short_circuit_operator.py
[2023-06-30T06:02:21.334+0000] {processor.py:743} INFO - Processing file /home/airflow/.local/lib/python3.7/site-packages/airflow/example_dags/example_short_circuit_operator.py for tasks to queue
[2023-06-30T06:02:21.347+0000] {logging_mixin.py:137} INFO - [2023-06-30T06:02:21.347+0000] {dagbag.py:538} INFO - Filling up the DagBag from /home/airflow/.local/lib/python3.7/site-packages/airflow/example_dags/example_short_circuit_operator.py
[2023-06-30T06:02:21.394+0000] {processor.py:753} INFO - DAG(s) dict_keys(['example_short_circuit_operator']) retrieved from /home/airflow/.local/lib/python3.7/site-packages/airflow/example_dags/example_short_circuit_operator.py
[2023-06-30T06:02:21.521+0000] {logging_mixin.py:137} INFO - [2023-06-30T06:02:21.521+0000] {dag.py:2676} INFO - Sync 1 DAGs
[2023-06-30T06:02:21.589+0000] {logging_mixin.py:137} INFO - [2023-06-30T06:02:21.589+0000] {dag.py:3427} INFO - Setting next_dagrun for example_short_circuit_operator to 2023-06-29T06:02:21.589145+00:00, run_after=2023-06-30T06:02:21.589145+00:00
[2023-06-30T06:02:21.719+0000] {processor.py:175} INFO - Processing /home/airflow/.local/lib/python3.7/site-packages/airflow/example_dags/example_short_circuit_operator.py took 0.398 seconds
[2023-06-30T06:02:51.827+0000] {processor.py:153} INFO - Started process (PID=287) to work on /home/airflow/.local/lib/python3.7/site-packages/airflow/example_dags/example_short_circuit_operator.py
[2023-06-30T06:02:51.829+0000] {processor.py:743} INFO - Processing file /home/airflow/.local/lib/python3.7/site-packages/airflow/example_dags/example_short_circuit_operator.py for tasks to queue
[2023-06-30T06:02:51.831+0000] {logging_mixin.py:137} INFO - [2023-06-30T06:02:51.831+0000] {dagbag.py:538} INFO - Filling up the DagBag from /home/airflow/.local/lib/python3.7/site-packages/airflow/example_dags/example_short_circuit_operator.py
[2023-06-30T06:02:51.854+0000] {processor.py:753} INFO - DAG(s) dict_keys(['example_short_circuit_operator']) retrieved from /home/airflow/.local/lib/python3.7/site-packages/airflow/example_dags/example_short_circuit_operator.py
[2023-06-30T06:02:51.905+0000] {logging_mixin.py:137} INFO - [2023-06-30T06:02:51.905+0000] {dag.py:2676} INFO - Sync 1 DAGs
[2023-06-30T06:02:51.936+0000] {logging_mixin.py:137} INFO - [2023-06-30T06:02:51.936+0000] {dag.py:3427} INFO - Setting next_dagrun for example_short_circuit_operator to 2023-06-29T06:02:51.936279+00:00, run_after=2023-06-30T06:02:51.936279+00:00
[2023-06-30T06:02:51.961+0000] {processor.py:175} INFO - Processing /home/airflow/.local/lib/python3.7/site-packages/airflow/example_dags/example_short_circuit_operator.py took 0.138 seconds
[2023-06-30T06:03:22.458+0000] {processor.py:153} INFO - Started process (PID=353) to work on /home/airflow/.local/lib/python3.7/site-packages/airflow/example_dags/example_short_circuit_operator.py
[2023-06-30T06:03:22.461+0000] {processor.py:743} INFO - Processing file /home/airflow/.local/lib/python3.7/site-packages/airflow/example_dags/example_short_circuit_operator.py for tasks to queue
[2023-06-30T06:03:22.464+0000] {logging_mixin.py:137} INFO - [2023-06-30T06:03:22.464+0000] {dagbag.py:538} INFO - Filling up the DagBag from /home/airflow/.local/lib/python3.7/site-packages/airflow/example_dags/example_short_circuit_operator.py
[2023-06-30T06:03:22.495+0000] {processor.py:753} INFO - DAG(s) dict_keys(['example_short_circuit_operator']) retrieved from /home/airflow/.local/lib/python3.7/site-packages/airflow/example_dags/example_short_circuit_operator.py
[2023-06-30T06:03:22.588+0000] {logging_mixin.py:137} INFO - [2023-06-30T06:03:22.587+0000] {dag.py:2676} INFO - Sync 1 DAGs
[2023-06-30T06:03:22.641+0000] {logging_mixin.py:137} INFO - [2023-06-30T06:03:22.641+0000] {dag.py:3427} INFO - Setting next_dagrun for example_short_circuit_operator to 2023-06-29T06:03:22.640953+00:00, run_after=2023-06-30T06:03:22.640953+00:00
[2023-06-30T06:03:22.685+0000] {processor.py:175} INFO - Processing /home/airflow/.local/lib/python3.7/site-packages/airflow/example_dags/example_short_circuit_operator.py took 0.232 seconds
[2023-06-30T06:03:52.883+0000] {processor.py:153} INFO - Started process (PID=433) to work on /home/airflow/.local/lib/python3.7/site-packages/airflow/example_dags/example_short_circuit_operator.py
[2023-06-30T06:03:52.885+0000] {processor.py:743} INFO - Processing file /home/airflow/.local/lib/python3.7/site-packages/airflow/example_dags/example_short_circuit_operator.py for tasks to queue
[2023-06-30T06:03:52.887+0000] {logging_mixin.py:137} INFO - [2023-06-30T06:03:52.887+0000] {dagbag.py:538} INFO - Filling up the DagBag from /home/airflow/.local/lib/python3.7/site-packages/airflow/example_dags/example_short_circuit_operator.py
[2023-06-30T06:03:52.910+0000] {processor.py:753} INFO - DAG(s) dict_keys(['example_short_circuit_operator']) retrieved from /home/airflow/.local/lib/python3.7/site-packages/airflow/example_dags/example_short_circuit_operator.py
[2023-06-30T06:03:52.963+0000] {logging_mixin.py:137} INFO - [2023-06-30T06:03:52.963+0000] {dag.py:2676} INFO - Sync 1 DAGs
[2023-06-30T06:03:52.998+0000] {logging_mixin.py:137} INFO - [2023-06-30T06:03:52.998+0000] {dag.py:3427} INFO - Setting next_dagrun for example_short_circuit_operator to 2023-06-29T06:03:52.998408+00:00, run_after=2023-06-30T06:03:52.998408+00:00
[2023-06-30T06:03:53.025+0000] {processor.py:175} INFO - Processing /home/airflow/.local/lib/python3.7/site-packages/airflow/example_dags/example_short_circuit_operator.py took 0.147 seconds
[2023-06-30T06:04:23.172+0000] {processor.py:153} INFO - Started process (PID=498) to work on /home/airflow/.local/lib/python3.7/site-packages/airflow/example_dags/example_short_circuit_operator.py
[2023-06-30T06:04:23.174+0000] {processor.py:743} INFO - Processing file /home/airflow/.local/lib/python3.7/site-packages/airflow/example_dags/example_short_circuit_operator.py for tasks to queue
[2023-06-30T06:04:23.176+0000] {logging_mixin.py:137} INFO - [2023-06-30T06:04:23.176+0000] {dagbag.py:538} INFO - Filling up the DagBag from /home/airflow/.local/lib/python3.7/site-packages/airflow/example_dags/example_short_circuit_operator.py
[2023-06-30T06:04:23.201+0000] {processor.py:753} INFO - DAG(s) dict_keys(['example_short_circuit_operator']) retrieved from /home/airflow/.local/lib/python3.7/site-packages/airflow/example_dags/example_short_circuit_operator.py
[2023-06-30T06:04:23.247+0000] {logging_mixin.py:137} INFO - [2023-06-30T06:04:23.247+0000] {dag.py:2676} INFO - Sync 1 DAGs
[2023-06-30T06:04:23.277+0000] {logging_mixin.py:137} INFO - [2023-06-30T06:04:23.277+0000] {dag.py:3427} INFO - Setting next_dagrun for example_short_circuit_operator to 2023-06-29T06:04:23.277231+00:00, run_after=2023-06-30T06:04:23.277231+00:00
[2023-06-30T06:04:23.297+0000] {processor.py:175} INFO - Processing /home/airflow/.local/lib/python3.7/site-packages/airflow/example_dags/example_short_circuit_operator.py took 0.129 seconds
[2023-06-30T06:04:54.297+0000] {processor.py:153} INFO - Started process (PID=578) to work on /home/airflow/.local/lib/python3.7/site-packages/airflow/example_dags/example_short_circuit_operator.py
[2023-06-30T06:04:54.300+0000] {processor.py:743} INFO - Processing file /home/airflow/.local/lib/python3.7/site-packages/airflow/example_dags/example_short_circuit_operator.py for tasks to queue
[2023-06-30T06:04:54.304+0000] {logging_mixin.py:137} INFO - [2023-06-30T06:04:54.304+0000] {dagbag.py:538} INFO - Filling up the DagBag from /home/airflow/.local/lib/python3.7/site-packages/airflow/example_dags/example_short_circuit_operator.py
[2023-06-30T06:04:54.343+0000] {processor.py:753} INFO - DAG(s) dict_keys(['example_short_circuit_operator']) retrieved from /home/airflow/.local/lib/python3.7/site-packages/airflow/example_dags/example_short_circuit_operator.py
[2023-06-30T06:04:54.420+0000] {logging_mixin.py:137} INFO - [2023-06-30T06:04:54.420+0000] {dag.py:2676} INFO - Sync 1 DAGs
[2023-06-30T06:04:54.463+0000] {logging_mixin.py:137} INFO - [2023-06-30T06:04:54.463+0000] {dag.py:3427} INFO - Setting next_dagrun for example_short_circuit_operator to 2023-06-29T06:04:54.462823+00:00, run_after=2023-06-30T06:04:54.462823+00:00
[2023-06-30T06:04:54.495+0000] {processor.py:175} INFO - Processing /home/airflow/.local/lib/python3.7/site-packages/airflow/example_dags/example_short_circuit_operator.py took 0.209 seconds
[2023-06-30T06:05:25.472+0000] {processor.py:153} INFO - Started process (PID=644) to work on /home/airflow/.local/lib/python3.7/site-packages/airflow/example_dags/example_short_circuit_operator.py
[2023-06-30T06:05:25.474+0000] {processor.py:743} INFO - Processing file /home/airflow/.local/lib/python3.7/site-packages/airflow/example_dags/example_short_circuit_operator.py for tasks to queue
[2023-06-30T06:05:25.475+0000] {logging_mixin.py:137} INFO - [2023-06-30T06:05:25.475+0000] {dagbag.py:538} INFO - Filling up the DagBag from /home/airflow/.local/lib/python3.7/site-packages/airflow/example_dags/example_short_circuit_operator.py
[2023-06-30T06:05:25.500+0000] {processor.py:753} INFO - DAG(s) dict_keys(['example_short_circuit_operator']) retrieved from /home/airflow/.local/lib/python3.7/site-packages/airflow/example_dags/example_short_circuit_operator.py
[2023-06-30T06:05:25.566+0000] {logging_mixin.py:137} INFO - [2023-06-30T06:05:25.566+0000] {dag.py:2676} INFO - Sync 1 DAGs
[2023-06-30T06:05:25.607+0000] {logging_mixin.py:137} INFO - [2023-06-30T06:05:25.607+0000] {dag.py:3427} INFO - Setting next_dagrun for example_short_circuit_operator to 2023-06-29T06:05:25.607416+00:00, run_after=2023-06-30T06:05:25.607416+00:00
[2023-06-30T06:05:25.679+0000] {processor.py:175} INFO - Processing /home/airflow/.local/lib/python3.7/site-packages/airflow/example_dags/example_short_circuit_operator.py took 0.213 seconds
[2023-06-30T06:05:55.837+0000] {processor.py:153} INFO - Started process (PID=710) to work on /home/airflow/.local/lib/python3.7/site-packages/airflow/example_dags/example_short_circuit_operator.py
[2023-06-30T06:05:55.839+0000] {processor.py:743} INFO - Processing file /home/airflow/.local/lib/python3.7/site-packages/airflow/example_dags/example_short_circuit_operator.py for tasks to queue
[2023-06-30T06:05:55.842+0000] {logging_mixin.py:137} INFO - [2023-06-30T06:05:55.842+0000] {dagbag.py:538} INFO - Filling up the DagBag from /home/airflow/.local/lib/python3.7/site-packages/airflow/example_dags/example_short_circuit_operator.py
[2023-06-30T06:05:55.870+0000] {processor.py:753} INFO - DAG(s) dict_keys(['example_short_circuit_operator']) retrieved from /home/airflow/.local/lib/python3.7/site-packages/airflow/example_dags/example_short_circuit_operator.py
[2023-06-30T06:05:55.927+0000] {logging_mixin.py:137} INFO - [2023-06-30T06:05:55.927+0000] {dag.py:2676} INFO - Sync 1 DAGs
[2023-06-30T06:05:55.973+0000] {logging_mixin.py:137} INFO - [2023-06-30T06:05:55.971+0000] {dag.py:3427} INFO - Setting next_dagrun for example_short_circuit_operator to 2023-06-29T06:05:55.970766+00:00, run_after=2023-06-30T06:05:55.970766+00:00
[2023-06-30T06:05:56.011+0000] {processor.py:175} INFO - Processing /home/airflow/.local/lib/python3.7/site-packages/airflow/example_dags/example_short_circuit_operator.py took 0.181 seconds
[2023-06-30T06:06:26.132+0000] {processor.py:153} INFO - Started process (PID=791) to work on /home/airflow/.local/lib/python3.7/site-packages/airflow/example_dags/example_short_circuit_operator.py
[2023-06-30T06:06:26.134+0000] {processor.py:743} INFO - Processing file /home/airflow/.local/lib/python3.7/site-packages/airflow/example_dags/example_short_circuit_operator.py for tasks to queue
[2023-06-30T06:06:26.135+0000] {logging_mixin.py:137} INFO - [2023-06-30T06:06:26.135+0000] {dagbag.py:538} INFO - Filling up the DagBag from /home/airflow/.local/lib/python3.7/site-packages/airflow/example_dags/example_short_circuit_operator.py
[2023-06-30T06:06:26.159+0000] {processor.py:753} INFO - DAG(s) dict_keys(['example_short_circuit_operator']) retrieved from /home/airflow/.local/lib/python3.7/site-packages/airflow/example_dags/example_short_circuit_operator.py
[2023-06-30T06:06:26.210+0000] {logging_mixin.py:137} INFO - [2023-06-30T06:06:26.210+0000] {dag.py:2676} INFO - Sync 1 DAGs
[2023-06-30T06:06:26.245+0000] {logging_mixin.py:137} INFO - [2023-06-30T06:06:26.245+0000] {dag.py:3427} INFO - Setting next_dagrun for example_short_circuit_operator to 2023-06-29T06:06:26.244847+00:00, run_after=2023-06-30T06:06:26.244847+00:00
[2023-06-30T06:06:26.270+0000] {processor.py:175} INFO - Processing /home/airflow/.local/lib/python3.7/site-packages/airflow/example_dags/example_short_circuit_operator.py took 0.143 seconds
[2023-06-30T06:06:56.395+0000] {processor.py:153} INFO - Started process (PID=857) to work on /home/airflow/.local/lib/python3.7/site-packages/airflow/example_dags/example_short_circuit_operator.py
[2023-06-30T06:06:56.396+0000] {processor.py:743} INFO - Processing file /home/airflow/.local/lib/python3.7/site-packages/airflow/example_dags/example_short_circuit_operator.py for tasks to queue
[2023-06-30T06:06:56.398+0000] {logging_mixin.py:137} INFO - [2023-06-30T06:06:56.398+0000] {dagbag.py:538} INFO - Filling up the DagBag from /home/airflow/.local/lib/python3.7/site-packages/airflow/example_dags/example_short_circuit_operator.py
[2023-06-30T06:06:56.420+0000] {processor.py:753} INFO - DAG(s) dict_keys(['example_short_circuit_operator']) retrieved from /home/airflow/.local/lib/python3.7/site-packages/airflow/example_dags/example_short_circuit_operator.py
[2023-06-30T06:06:56.466+0000] {logging_mixin.py:137} INFO - [2023-06-30T06:06:56.466+0000] {dag.py:2676} INFO - Sync 1 DAGs
[2023-06-30T06:06:56.499+0000] {logging_mixin.py:137} INFO - [2023-06-30T06:06:56.499+0000] {dag.py:3427} INFO - Setting next_dagrun for example_short_circuit_operator to 2023-06-29T06:06:56.498911+00:00, run_after=2023-06-30T06:06:56.498911+00:00
[2023-06-30T06:06:56.520+0000] {processor.py:175} INFO - Processing /home/airflow/.local/lib/python3.7/site-packages/airflow/example_dags/example_short_circuit_operator.py took 0.130 seconds
[2023-06-30T06:07:26.879+0000] {processor.py:153} INFO - Started process (PID=937) to work on /home/airflow/.local/lib/python3.7/site-packages/airflow/example_dags/example_short_circuit_operator.py
[2023-06-30T06:07:26.882+0000] {processor.py:743} INFO - Processing file /home/airflow/.local/lib/python3.7/site-packages/airflow/example_dags/example_short_circuit_operator.py for tasks to queue
[2023-06-30T06:07:26.884+0000] {logging_mixin.py:137} INFO - [2023-06-30T06:07:26.884+0000] {dagbag.py:538} INFO - Filling up the DagBag from /home/airflow/.local/lib/python3.7/site-packages/airflow/example_dags/example_short_circuit_operator.py
[2023-06-30T06:07:26.931+0000] {processor.py:753} INFO - DAG(s) dict_keys(['example_short_circuit_operator']) retrieved from /home/airflow/.local/lib/python3.7/site-packages/airflow/example_dags/example_short_circuit_operator.py
[2023-06-30T06:07:27.010+0000] {logging_mixin.py:137} INFO - [2023-06-30T06:07:27.010+0000] {dag.py:2676} INFO - Sync 1 DAGs
[2023-06-30T06:07:27.067+0000] {logging_mixin.py:137} INFO - [2023-06-30T06:07:27.066+0000] {dag.py:3427} INFO - Setting next_dagrun for example_short_circuit_operator to 2023-06-29T06:07:27.066366+00:00, run_after=2023-06-30T06:07:27.066366+00:00
[2023-06-30T06:07:27.127+0000] {processor.py:175} INFO - Processing /home/airflow/.local/lib/python3.7/site-packages/airflow/example_dags/example_short_circuit_operator.py took 0.253 seconds
[2023-06-30T06:07:58.083+0000] {processor.py:153} INFO - Started process (PID=1003) to work on /home/airflow/.local/lib/python3.7/site-packages/airflow/example_dags/example_short_circuit_operator.py
[2023-06-30T06:07:58.085+0000] {processor.py:743} INFO - Processing file /home/airflow/.local/lib/python3.7/site-packages/airflow/example_dags/example_short_circuit_operator.py for tasks to queue
[2023-06-30T06:07:58.087+0000] {logging_mixin.py:137} INFO - [2023-06-30T06:07:58.087+0000] {dagbag.py:538} INFO - Filling up the DagBag from /home/airflow/.local/lib/python3.7/site-packages/airflow/example_dags/example_short_circuit_operator.py
[2023-06-30T06:07:58.114+0000] {processor.py:753} INFO - DAG(s) dict_keys(['example_short_circuit_operator']) retrieved from /home/airflow/.local/lib/python3.7/site-packages/airflow/example_dags/example_short_circuit_operator.py
[2023-06-30T06:07:58.145+0000] {logging_mixin.py:137} INFO - [2023-06-30T06:07:58.144+0000] {dag.py:2676} INFO - Sync 1 DAGs
[2023-06-30T06:07:58.176+0000] {logging_mixin.py:137} INFO - [2023-06-30T06:07:58.176+0000] {dag.py:3427} INFO - Setting next_dagrun for example_short_circuit_operator to 2023-06-29T06:07:58.175866+00:00, run_after=2023-06-30T06:07:58.175866+00:00
[2023-06-30T06:07:58.201+0000] {processor.py:175} INFO - Processing /home/airflow/.local/lib/python3.7/site-packages/airflow/example_dags/example_short_circuit_operator.py took 0.122 seconds
[2023-06-30T06:08:28.448+0000] {processor.py:153} INFO - Started process (PID=1068) to work on /home/airflow/.local/lib/python3.7/site-packages/airflow/example_dags/example_short_circuit_operator.py
[2023-06-30T06:08:28.451+0000] {processor.py:743} INFO - Processing file /home/airflow/.local/lib/python3.7/site-packages/airflow/example_dags/example_short_circuit_operator.py for tasks to queue
[2023-06-30T06:08:28.453+0000] {logging_mixin.py:137} INFO - [2023-06-30T06:08:28.453+0000] {dagbag.py:538} INFO - Filling up the DagBag from /home/airflow/.local/lib/python3.7/site-packages/airflow/example_dags/example_short_circuit_operator.py
[2023-06-30T06:08:28.485+0000] {processor.py:753} INFO - DAG(s) dict_keys(['example_short_circuit_operator']) retrieved from /home/airflow/.local/lib/python3.7/site-packages/airflow/example_dags/example_short_circuit_operator.py
[2023-06-30T06:08:28.552+0000] {logging_mixin.py:137} INFO - [2023-06-30T06:08:28.552+0000] {dag.py:2676} INFO - Sync 1 DAGs
[2023-06-30T06:08:28.602+0000] {logging_mixin.py:137} INFO - [2023-06-30T06:08:28.602+0000] {dag.py:3427} INFO - Setting next_dagrun for example_short_circuit_operator to 2023-06-29T06:08:28.601817+00:00, run_after=2023-06-30T06:08:28.601817+00:00
[2023-06-30T06:08:28.632+0000] {processor.py:175} INFO - Processing /home/airflow/.local/lib/python3.7/site-packages/airflow/example_dags/example_short_circuit_operator.py took 0.188 seconds
[2023-06-30T06:08:58.865+0000] {processor.py:153} INFO - Started process (PID=1148) to work on /home/airflow/.local/lib/python3.7/site-packages/airflow/example_dags/example_short_circuit_operator.py
[2023-06-30T06:08:58.868+0000] {processor.py:743} INFO - Processing file /home/airflow/.local/lib/python3.7/site-packages/airflow/example_dags/example_short_circuit_operator.py for tasks to queue
[2023-06-30T06:08:58.870+0000] {logging_mixin.py:137} INFO - [2023-06-30T06:08:58.870+0000] {dagbag.py:538} INFO - Filling up the DagBag from /home/airflow/.local/lib/python3.7/site-packages/airflow/example_dags/example_short_circuit_operator.py
[2023-06-30T06:08:58.908+0000] {processor.py:753} INFO - DAG(s) dict_keys(['example_short_circuit_operator']) retrieved from /home/airflow/.local/lib/python3.7/site-packages/airflow/example_dags/example_short_circuit_operator.py
[2023-06-30T06:08:58.966+0000] {logging_mixin.py:137} INFO - [2023-06-30T06:08:58.966+0000] {dag.py:2676} INFO - Sync 1 DAGs
[2023-06-30T06:08:59.009+0000] {logging_mixin.py:137} INFO - [2023-06-30T06:08:59.008+0000] {dag.py:3427} INFO - Setting next_dagrun for example_short_circuit_operator to 2023-06-29T06:08:59.008543+00:00, run_after=2023-06-30T06:08:59.008543+00:00
[2023-06-30T06:08:59.042+0000] {processor.py:175} INFO - Processing /home/airflow/.local/lib/python3.7/site-packages/airflow/example_dags/example_short_circuit_operator.py took 0.182 seconds
[2023-06-30T06:09:29.189+0000] {processor.py:153} INFO - Started process (PID=1214) to work on /home/airflow/.local/lib/python3.7/site-packages/airflow/example_dags/example_short_circuit_operator.py
[2023-06-30T06:09:29.191+0000] {processor.py:743} INFO - Processing file /home/airflow/.local/lib/python3.7/site-packages/airflow/example_dags/example_short_circuit_operator.py for tasks to queue
[2023-06-30T06:09:29.193+0000] {logging_mixin.py:137} INFO - [2023-06-30T06:09:29.193+0000] {dagbag.py:538} INFO - Filling up the DagBag from /home/airflow/.local/lib/python3.7/site-packages/airflow/example_dags/example_short_circuit_operator.py
[2023-06-30T06:09:29.221+0000] {processor.py:753} INFO - DAG(s) dict_keys(['example_short_circuit_operator']) retrieved from /home/airflow/.local/lib/python3.7/site-packages/airflow/example_dags/example_short_circuit_operator.py
[2023-06-30T06:09:29.280+0000] {logging_mixin.py:137} INFO - [2023-06-30T06:09:29.279+0000] {dag.py:2676} INFO - Sync 1 DAGs
[2023-06-30T06:09:29.319+0000] {logging_mixin.py:137} INFO - [2023-06-30T06:09:29.319+0000] {dag.py:3427} INFO - Setting next_dagrun for example_short_circuit_operator to 2023-06-29T06:09:29.319127+00:00, run_after=2023-06-30T06:09:29.319127+00:00
[2023-06-30T06:09:29.349+0000] {processor.py:175} INFO - Processing /home/airflow/.local/lib/python3.7/site-packages/airflow/example_dags/example_short_circuit_operator.py took 0.166 seconds
[2023-06-30T06:09:59.791+0000] {processor.py:153} INFO - Started process (PID=1280) to work on /home/airflow/.local/lib/python3.7/site-packages/airflow/example_dags/example_short_circuit_operator.py
[2023-06-30T06:09:59.794+0000] {processor.py:743} INFO - Processing file /home/airflow/.local/lib/python3.7/site-packages/airflow/example_dags/example_short_circuit_operator.py for tasks to queue
[2023-06-30T06:09:59.798+0000] {logging_mixin.py:137} INFO - [2023-06-30T06:09:59.798+0000] {dagbag.py:538} INFO - Filling up the DagBag from /home/airflow/.local/lib/python3.7/site-packages/airflow/example_dags/example_short_circuit_operator.py
[2023-06-30T06:09:59.844+0000] {processor.py:753} INFO - DAG(s) dict_keys(['example_short_circuit_operator']) retrieved from /home/airflow/.local/lib/python3.7/site-packages/airflow/example_dags/example_short_circuit_operator.py
[2023-06-30T06:09:59.912+0000] {logging_mixin.py:137} INFO - [2023-06-30T06:09:59.912+0000] {dag.py:2676} INFO - Sync 1 DAGs
[2023-06-30T06:09:59.969+0000] {logging_mixin.py:137} INFO - [2023-06-30T06:09:59.968+0000] {dag.py:3427} INFO - Setting next_dagrun for example_short_circuit_operator to 2023-06-29T06:09:59.968218+00:00, run_after=2023-06-30T06:09:59.968218+00:00
[2023-06-30T06:10:00.016+0000] {processor.py:175} INFO - Processing /home/airflow/.local/lib/python3.7/site-packages/airflow/example_dags/example_short_circuit_operator.py took 0.244 seconds
[2023-06-30T06:10:30.149+0000] {processor.py:153} INFO - Started process (PID=1360) to work on /home/airflow/.local/lib/python3.7/site-packages/airflow/example_dags/example_short_circuit_operator.py
[2023-06-30T06:10:30.151+0000] {processor.py:743} INFO - Processing file /home/airflow/.local/lib/python3.7/site-packages/airflow/example_dags/example_short_circuit_operator.py for tasks to queue
[2023-06-30T06:10:30.153+0000] {logging_mixin.py:137} INFO - [2023-06-30T06:10:30.153+0000] {dagbag.py:538} INFO - Filling up the DagBag from /home/airflow/.local/lib/python3.7/site-packages/airflow/example_dags/example_short_circuit_operator.py
[2023-06-30T06:10:30.177+0000] {processor.py:753} INFO - DAG(s) dict_keys(['example_short_circuit_operator']) retrieved from /home/airflow/.local/lib/python3.7/site-packages/airflow/example_dags/example_short_circuit_operator.py
[2023-06-30T06:10:30.230+0000] {logging_mixin.py:137} INFO - [2023-06-30T06:10:30.230+0000] {dag.py:2676} INFO - Sync 1 DAGs
[2023-06-30T06:10:30.265+0000] {logging_mixin.py:137} INFO - [2023-06-30T06:10:30.264+0000] {dag.py:3427} INFO - Setting next_dagrun for example_short_circuit_operator to 2023-06-29T06:10:30.264576+00:00, run_after=2023-06-30T06:10:30.264576+00:00
[2023-06-30T06:10:30.289+0000] {processor.py:175} INFO - Processing /home/airflow/.local/lib/python3.7/site-packages/airflow/example_dags/example_short_circuit_operator.py took 0.146 seconds
[2023-06-30T06:11:00.368+0000] {processor.py:153} INFO - Started process (PID=1426) to work on /home/airflow/.local/lib/python3.7/site-packages/airflow/example_dags/example_short_circuit_operator.py
[2023-06-30T06:11:00.371+0000] {processor.py:743} INFO - Processing file /home/airflow/.local/lib/python3.7/site-packages/airflow/example_dags/example_short_circuit_operator.py for tasks to queue
[2023-06-30T06:11:00.374+0000] {logging_mixin.py:137} INFO - [2023-06-30T06:11:00.374+0000] {dagbag.py:538} INFO - Filling up the DagBag from /home/airflow/.local/lib/python3.7/site-packages/airflow/example_dags/example_short_circuit_operator.py
[2023-06-30T06:11:00.417+0000] {processor.py:753} INFO - DAG(s) dict_keys(['example_short_circuit_operator']) retrieved from /home/airflow/.local/lib/python3.7/site-packages/airflow/example_dags/example_short_circuit_operator.py
[2023-06-30T06:11:00.523+0000] {logging_mixin.py:137} INFO - [2023-06-30T06:11:00.523+0000] {dag.py:2676} INFO - Sync 1 DAGs
[2023-06-30T06:11:00.577+0000] {logging_mixin.py:137} INFO - [2023-06-30T06:11:00.577+0000] {dag.py:3427} INFO - Setting next_dagrun for example_short_circuit_operator to 2023-06-29T06:11:00.576575+00:00, run_after=2023-06-30T06:11:00.576575+00:00
[2023-06-30T06:11:00.616+0000] {processor.py:175} INFO - Processing /home/airflow/.local/lib/python3.7/site-packages/airflow/example_dags/example_short_circuit_operator.py took 0.254 seconds
[2023-06-30T06:11:30.811+0000] {processor.py:153} INFO - Started process (PID=1492) to work on /home/airflow/.local/lib/python3.7/site-packages/airflow/example_dags/example_short_circuit_operator.py
[2023-06-30T06:11:30.815+0000] {processor.py:743} INFO - Processing file /home/airflow/.local/lib/python3.7/site-packages/airflow/example_dags/example_short_circuit_operator.py for tasks to queue
[2023-06-30T06:11:30.817+0000] {logging_mixin.py:137} INFO - [2023-06-30T06:11:30.817+0000] {dagbag.py:538} INFO - Filling up the DagBag from /home/airflow/.local/lib/python3.7/site-packages/airflow/example_dags/example_short_circuit_operator.py
[2023-06-30T06:11:30.843+0000] {processor.py:753} INFO - DAG(s) dict_keys(['example_short_circuit_operator']) retrieved from /home/airflow/.local/lib/python3.7/site-packages/airflow/example_dags/example_short_circuit_operator.py
[2023-06-30T06:11:30.903+0000] {logging_mixin.py:137} INFO - [2023-06-30T06:11:30.902+0000] {dag.py:2676} INFO - Sync 1 DAGs
[2023-06-30T06:11:30.943+0000] {logging_mixin.py:137} INFO - [2023-06-30T06:11:30.943+0000] {dag.py:3427} INFO - Setting next_dagrun for example_short_circuit_operator to 2023-06-29T06:11:30.942804+00:00, run_after=2023-06-30T06:11:30.942804+00:00
[2023-06-30T06:11:30.974+0000] {processor.py:175} INFO - Processing /home/airflow/.local/lib/python3.7/site-packages/airflow/example_dags/example_short_circuit_operator.py took 0.168 seconds
[2023-06-30T06:12:01.185+0000] {processor.py:153} INFO - Started process (PID=1572) to work on /home/airflow/.local/lib/python3.7/site-packages/airflow/example_dags/example_short_circuit_operator.py
[2023-06-30T06:12:01.187+0000] {processor.py:743} INFO - Processing file /home/airflow/.local/lib/python3.7/site-packages/airflow/example_dags/example_short_circuit_operator.py for tasks to queue
[2023-06-30T06:12:01.189+0000] {logging_mixin.py:137} INFO - [2023-06-30T06:12:01.189+0000] {dagbag.py:538} INFO - Filling up the DagBag from /home/airflow/.local/lib/python3.7/site-packages/airflow/example_dags/example_short_circuit_operator.py
[2023-06-30T06:12:01.216+0000] {processor.py:753} INFO - DAG(s) dict_keys(['example_short_circuit_operator']) retrieved from /home/airflow/.local/lib/python3.7/site-packages/airflow/example_dags/example_short_circuit_operator.py
[2023-06-30T06:12:01.271+0000] {logging_mixin.py:137} INFO - [2023-06-30T06:12:01.270+0000] {dag.py:2676} INFO - Sync 1 DAGs
[2023-06-30T06:12:01.307+0000] {logging_mixin.py:137} INFO - [2023-06-30T06:12:01.307+0000] {dag.py:3427} INFO - Setting next_dagrun for example_short_circuit_operator to 2023-06-29T06:12:01.306848+00:00, run_after=2023-06-30T06:12:01.306848+00:00
[2023-06-30T06:12:01.334+0000] {processor.py:175} INFO - Processing /home/airflow/.local/lib/python3.7/site-packages/airflow/example_dags/example_short_circuit_operator.py took 0.154 seconds
[2023-06-30T06:12:31.936+0000] {processor.py:153} INFO - Started process (PID=1638) to work on /home/airflow/.local/lib/python3.7/site-packages/airflow/example_dags/example_short_circuit_operator.py
[2023-06-30T06:12:31.938+0000] {processor.py:743} INFO - Processing file /home/airflow/.local/lib/python3.7/site-packages/airflow/example_dags/example_short_circuit_operator.py for tasks to queue
[2023-06-30T06:12:31.940+0000] {logging_mixin.py:137} INFO - [2023-06-30T06:12:31.940+0000] {dagbag.py:538} INFO - Filling up the DagBag from /home/airflow/.local/lib/python3.7/site-packages/airflow/example_dags/example_short_circuit_operator.py
[2023-06-30T06:12:31.974+0000] {processor.py:753} INFO - DAG(s) dict_keys(['example_short_circuit_operator']) retrieved from /home/airflow/.local/lib/python3.7/site-packages/airflow/example_dags/example_short_circuit_operator.py
[2023-06-30T06:12:32.052+0000] {logging_mixin.py:137} INFO - [2023-06-30T06:12:32.051+0000] {dag.py:2676} INFO - Sync 1 DAGs
[2023-06-30T06:12:32.102+0000] {logging_mixin.py:137} INFO - [2023-06-30T06:12:32.102+0000] {dag.py:3427} INFO - Setting next_dagrun for example_short_circuit_operator to 2023-06-29T06:12:32.101815+00:00, run_after=2023-06-30T06:12:32.101815+00:00
[2023-06-30T06:12:32.145+0000] {processor.py:175} INFO - Processing /home/airflow/.local/lib/python3.7/site-packages/airflow/example_dags/example_short_circuit_operator.py took 0.214 seconds
[2023-06-30T06:13:02.444+0000] {processor.py:153} INFO - Started process (PID=1718) to work on /home/airflow/.local/lib/python3.7/site-packages/airflow/example_dags/example_short_circuit_operator.py
[2023-06-30T06:13:02.446+0000] {processor.py:743} INFO - Processing file /home/airflow/.local/lib/python3.7/site-packages/airflow/example_dags/example_short_circuit_operator.py for tasks to queue
[2023-06-30T06:13:02.448+0000] {logging_mixin.py:137} INFO - [2023-06-30T06:13:02.448+0000] {dagbag.py:538} INFO - Filling up the DagBag from /home/airflow/.local/lib/python3.7/site-packages/airflow/example_dags/example_short_circuit_operator.py
[2023-06-30T06:13:02.478+0000] {processor.py:753} INFO - DAG(s) dict_keys(['example_short_circuit_operator']) retrieved from /home/airflow/.local/lib/python3.7/site-packages/airflow/example_dags/example_short_circuit_operator.py
[2023-06-30T06:13:02.537+0000] {logging_mixin.py:137} INFO - [2023-06-30T06:13:02.537+0000] {dag.py:2676} INFO - Sync 1 DAGs
[2023-06-30T06:13:02.577+0000] {logging_mixin.py:137} INFO - [2023-06-30T06:13:02.576+0000] {dag.py:3427} INFO - Setting next_dagrun for example_short_circuit_operator to 2023-06-29T06:13:02.576436+00:00, run_after=2023-06-30T06:13:02.576436+00:00
[2023-06-30T06:13:02.609+0000] {processor.py:175} INFO - Processing /home/airflow/.local/lib/python3.7/site-packages/airflow/example_dags/example_short_circuit_operator.py took 0.171 seconds
[2023-06-30T06:13:33.025+0000] {processor.py:153} INFO - Started process (PID=1784) to work on /home/airflow/.local/lib/python3.7/site-packages/airflow/example_dags/example_short_circuit_operator.py
[2023-06-30T06:13:33.027+0000] {processor.py:743} INFO - Processing file /home/airflow/.local/lib/python3.7/site-packages/airflow/example_dags/example_short_circuit_operator.py for tasks to queue
[2023-06-30T06:13:33.029+0000] {logging_mixin.py:137} INFO - [2023-06-30T06:13:33.029+0000] {dagbag.py:538} INFO - Filling up the DagBag from /home/airflow/.local/lib/python3.7/site-packages/airflow/example_dags/example_short_circuit_operator.py
[2023-06-30T06:13:33.052+0000] {processor.py:753} INFO - DAG(s) dict_keys(['example_short_circuit_operator']) retrieved from /home/airflow/.local/lib/python3.7/site-packages/airflow/example_dags/example_short_circuit_operator.py
[2023-06-30T06:13:33.103+0000] {logging_mixin.py:137} INFO - [2023-06-30T06:13:33.103+0000] {dag.py:2676} INFO - Sync 1 DAGs
[2023-06-30T06:13:33.135+0000] {logging_mixin.py:137} INFO - [2023-06-30T06:13:33.134+0000] {dag.py:3427} INFO - Setting next_dagrun for example_short_circuit_operator to 2023-06-29T06:13:33.134594+00:00, run_after=2023-06-30T06:13:33.134594+00:00
[2023-06-30T06:13:33.156+0000] {processor.py:175} INFO - Processing /home/airflow/.local/lib/python3.7/site-packages/airflow/example_dags/example_short_circuit_operator.py took 0.136 seconds
[2023-06-30T06:14:03.624+0000] {processor.py:153} INFO - Started process (PID=1850) to work on /home/airflow/.local/lib/python3.7/site-packages/airflow/example_dags/example_short_circuit_operator.py
[2023-06-30T06:14:03.626+0000] {processor.py:743} INFO - Processing file /home/airflow/.local/lib/python3.7/site-packages/airflow/example_dags/example_short_circuit_operator.py for tasks to queue
[2023-06-30T06:14:03.628+0000] {logging_mixin.py:137} INFO - [2023-06-30T06:14:03.628+0000] {dagbag.py:538} INFO - Filling up the DagBag from /home/airflow/.local/lib/python3.7/site-packages/airflow/example_dags/example_short_circuit_operator.py
[2023-06-30T06:14:03.653+0000] {processor.py:753} INFO - DAG(s) dict_keys(['example_short_circuit_operator']) retrieved from /home/airflow/.local/lib/python3.7/site-packages/airflow/example_dags/example_short_circuit_operator.py
[2023-06-30T06:14:03.706+0000] {logging_mixin.py:137} INFO - [2023-06-30T06:14:03.706+0000] {dag.py:2676} INFO - Sync 1 DAGs
[2023-06-30T06:14:03.744+0000] {logging_mixin.py:137} INFO - [2023-06-30T06:14:03.744+0000] {dag.py:3427} INFO - Setting next_dagrun for example_short_circuit_operator to 2023-06-29T06:14:03.743742+00:00, run_after=2023-06-30T06:14:03.743742+00:00
[2023-06-30T06:14:03.771+0000] {processor.py:175} INFO - Processing /home/airflow/.local/lib/python3.7/site-packages/airflow/example_dags/example_short_circuit_operator.py took 0.152 seconds
[2023-06-30T06:14:34.503+0000] {processor.py:153} INFO - Started process (PID=1930) to work on /home/airflow/.local/lib/python3.7/site-packages/airflow/example_dags/example_short_circuit_operator.py
[2023-06-30T06:14:34.505+0000] {processor.py:743} INFO - Processing file /home/airflow/.local/lib/python3.7/site-packages/airflow/example_dags/example_short_circuit_operator.py for tasks to queue
[2023-06-30T06:14:34.507+0000] {logging_mixin.py:137} INFO - [2023-06-30T06:14:34.507+0000] {dagbag.py:538} INFO - Filling up the DagBag from /home/airflow/.local/lib/python3.7/site-packages/airflow/example_dags/example_short_circuit_operator.py
[2023-06-30T06:14:34.530+0000] {processor.py:753} INFO - DAG(s) dict_keys(['example_short_circuit_operator']) retrieved from /home/airflow/.local/lib/python3.7/site-packages/airflow/example_dags/example_short_circuit_operator.py
[2023-06-30T06:14:34.564+0000] {logging_mixin.py:137} INFO - [2023-06-30T06:14:34.563+0000] {dag.py:2676} INFO - Sync 1 DAGs
[2023-06-30T06:14:34.596+0000] {logging_mixin.py:137} INFO - [2023-06-30T06:14:34.595+0000] {dag.py:3427} INFO - Setting next_dagrun for example_short_circuit_operator to 2023-06-29T06:14:34.595669+00:00, run_after=2023-06-30T06:14:34.595669+00:00
[2023-06-30T06:14:34.618+0000] {processor.py:175} INFO - Processing /home/airflow/.local/lib/python3.7/site-packages/airflow/example_dags/example_short_circuit_operator.py took 0.119 seconds
[2023-06-30T06:15:05.030+0000] {processor.py:153} INFO - Started process (PID=1996) to work on /home/airflow/.local/lib/python3.7/site-packages/airflow/example_dags/example_short_circuit_operator.py
[2023-06-30T06:15:05.032+0000] {processor.py:743} INFO - Processing file /home/airflow/.local/lib/python3.7/site-packages/airflow/example_dags/example_short_circuit_operator.py for tasks to queue
[2023-06-30T06:15:05.034+0000] {logging_mixin.py:137} INFO - [2023-06-30T06:15:05.034+0000] {dagbag.py:538} INFO - Filling up the DagBag from /home/airflow/.local/lib/python3.7/site-packages/airflow/example_dags/example_short_circuit_operator.py
[2023-06-30T06:15:05.060+0000] {processor.py:753} INFO - DAG(s) dict_keys(['example_short_circuit_operator']) retrieved from /home/airflow/.local/lib/python3.7/site-packages/airflow/example_dags/example_short_circuit_operator.py
[2023-06-30T06:15:05.113+0000] {logging_mixin.py:137} INFO - [2023-06-30T06:15:05.113+0000] {dag.py:2676} INFO - Sync 1 DAGs
[2023-06-30T06:15:05.145+0000] {logging_mixin.py:137} INFO - [2023-06-30T06:15:05.145+0000] {dag.py:3427} INFO - Setting next_dagrun for example_short_circuit_operator to 2023-06-29T06:15:05.145546+00:00, run_after=2023-06-30T06:15:05.145546+00:00
[2023-06-30T06:15:05.167+0000] {processor.py:175} INFO - Processing /home/airflow/.local/lib/python3.7/site-packages/airflow/example_dags/example_short_circuit_operator.py took 0.144 seconds
[2023-06-30T06:15:35.642+0000] {processor.py:153} INFO - Started process (PID=2062) to work on /home/airflow/.local/lib/python3.7/site-packages/airflow/example_dags/example_short_circuit_operator.py
[2023-06-30T06:15:35.646+0000] {processor.py:743} INFO - Processing file /home/airflow/.local/lib/python3.7/site-packages/airflow/example_dags/example_short_circuit_operator.py for tasks to queue
[2023-06-30T06:15:35.649+0000] {logging_mixin.py:137} INFO - [2023-06-30T06:15:35.649+0000] {dagbag.py:538} INFO - Filling up the DagBag from /home/airflow/.local/lib/python3.7/site-packages/airflow/example_dags/example_short_circuit_operator.py
[2023-06-30T06:15:35.682+0000] {processor.py:753} INFO - DAG(s) dict_keys(['example_short_circuit_operator']) retrieved from /home/airflow/.local/lib/python3.7/site-packages/airflow/example_dags/example_short_circuit_operator.py
[2023-06-30T06:15:35.735+0000] {logging_mixin.py:137} INFO - [2023-06-30T06:15:35.734+0000] {dag.py:2676} INFO - Sync 1 DAGs
[2023-06-30T06:15:35.785+0000] {logging_mixin.py:137} INFO - [2023-06-30T06:15:35.785+0000] {dag.py:3427} INFO - Setting next_dagrun for example_short_circuit_operator to 2023-06-29T06:15:35.785247+00:00, run_after=2023-06-30T06:15:35.785247+00:00
[2023-06-30T06:15:35.831+0000] {processor.py:175} INFO - Processing /home/airflow/.local/lib/python3.7/site-packages/airflow/example_dags/example_short_circuit_operator.py took 0.194 seconds
[2023-06-30T06:16:06.051+0000] {processor.py:153} INFO - Started process (PID=2142) to work on /home/airflow/.local/lib/python3.7/site-packages/airflow/example_dags/example_short_circuit_operator.py
[2023-06-30T06:16:06.053+0000] {processor.py:743} INFO - Processing file /home/airflow/.local/lib/python3.7/site-packages/airflow/example_dags/example_short_circuit_operator.py for tasks to queue
[2023-06-30T06:16:06.055+0000] {logging_mixin.py:137} INFO - [2023-06-30T06:16:06.055+0000] {dagbag.py:538} INFO - Filling up the DagBag from /home/airflow/.local/lib/python3.7/site-packages/airflow/example_dags/example_short_circuit_operator.py
[2023-06-30T06:16:06.080+0000] {processor.py:753} INFO - DAG(s) dict_keys(['example_short_circuit_operator']) retrieved from /home/airflow/.local/lib/python3.7/site-packages/airflow/example_dags/example_short_circuit_operator.py
[2023-06-30T06:16:06.134+0000] {logging_mixin.py:137} INFO - [2023-06-30T06:16:06.134+0000] {dag.py:2676} INFO - Sync 1 DAGs
[2023-06-30T06:16:06.171+0000] {logging_mixin.py:137} INFO - [2023-06-30T06:16:06.171+0000] {dag.py:3427} INFO - Setting next_dagrun for example_short_circuit_operator to 2023-06-29T06:16:06.170608+00:00, run_after=2023-06-30T06:16:06.170608+00:00
[2023-06-30T06:16:06.197+0000] {processor.py:175} INFO - Processing /home/airflow/.local/lib/python3.7/site-packages/airflow/example_dags/example_short_circuit_operator.py took 0.151 seconds
[2023-06-30T06:16:36.511+0000] {processor.py:153} INFO - Started process (PID=2208) to work on /home/airflow/.local/lib/python3.7/site-packages/airflow/example_dags/example_short_circuit_operator.py
[2023-06-30T06:16:36.532+0000] {processor.py:743} INFO - Processing file /home/airflow/.local/lib/python3.7/site-packages/airflow/example_dags/example_short_circuit_operator.py for tasks to queue
[2023-06-30T06:16:36.534+0000] {logging_mixin.py:137} INFO - [2023-06-30T06:16:36.534+0000] {dagbag.py:538} INFO - Filling up the DagBag from /home/airflow/.local/lib/python3.7/site-packages/airflow/example_dags/example_short_circuit_operator.py
[2023-06-30T06:16:36.558+0000] {processor.py:753} INFO - DAG(s) dict_keys(['example_short_circuit_operator']) retrieved from /home/airflow/.local/lib/python3.7/site-packages/airflow/example_dags/example_short_circuit_operator.py
[2023-06-30T06:16:36.610+0000] {logging_mixin.py:137} INFO - [2023-06-30T06:16:36.609+0000] {dag.py:2676} INFO - Sync 1 DAGs
[2023-06-30T06:16:36.644+0000] {logging_mixin.py:137} INFO - [2023-06-30T06:16:36.643+0000] {dag.py:3427} INFO - Setting next_dagrun for example_short_circuit_operator to 2023-06-29T06:16:36.643365+00:00, run_after=2023-06-30T06:16:36.643365+00:00
[2023-06-30T06:16:36.668+0000] {processor.py:175} INFO - Processing /home/airflow/.local/lib/python3.7/site-packages/airflow/example_dags/example_short_circuit_operator.py took 0.161 seconds
[2023-06-30T06:17:07.097+0000] {processor.py:153} INFO - Started process (PID=2288) to work on /home/airflow/.local/lib/python3.7/site-packages/airflow/example_dags/example_short_circuit_operator.py
[2023-06-30T06:17:07.100+0000] {processor.py:743} INFO - Processing file /home/airflow/.local/lib/python3.7/site-packages/airflow/example_dags/example_short_circuit_operator.py for tasks to queue
[2023-06-30T06:17:07.101+0000] {logging_mixin.py:137} INFO - [2023-06-30T06:17:07.101+0000] {dagbag.py:538} INFO - Filling up the DagBag from /home/airflow/.local/lib/python3.7/site-packages/airflow/example_dags/example_short_circuit_operator.py
[2023-06-30T06:17:07.140+0000] {processor.py:753} INFO - DAG(s) dict_keys(['example_short_circuit_operator']) retrieved from /home/airflow/.local/lib/python3.7/site-packages/airflow/example_dags/example_short_circuit_operator.py
[2023-06-30T06:17:07.209+0000] {logging_mixin.py:137} INFO - [2023-06-30T06:17:07.209+0000] {dag.py:2676} INFO - Sync 1 DAGs
[2023-06-30T06:17:07.242+0000] {logging_mixin.py:137} INFO - [2023-06-30T06:17:07.242+0000] {dag.py:3427} INFO - Setting next_dagrun for example_short_circuit_operator to 2023-06-29T06:17:07.242108+00:00, run_after=2023-06-30T06:17:07.242108+00:00
[2023-06-30T06:17:07.265+0000] {processor.py:175} INFO - Processing /home/airflow/.local/lib/python3.7/site-packages/airflow/example_dags/example_short_circuit_operator.py took 0.181 seconds
