[2023-06-30T06:01:08.667+0000] {processor.py:153} INFO - Started process (PID=51) to work on /home/airflow/.local/lib/python3.7/site-packages/airflow/example_dags/example_sla_dag.py
[2023-06-30T06:01:08.669+0000] {processor.py:743} INFO - Processing file /home/airflow/.local/lib/python3.7/site-packages/airflow/example_dags/example_sla_dag.py for tasks to queue
[2023-06-30T06:01:08.671+0000] {logging_mixin.py:137} INFO - [2023-06-30T06:01:08.671+0000] {dagbag.py:538} INFO - Filling up the DagBag from /home/airflow/.local/lib/python3.7/site-packages/airflow/example_dags/example_sla_dag.py
[2023-06-30T06:01:08.710+0000] {processor.py:753} INFO - DAG(s) dict_keys(['example_sla_dag']) retrieved from /home/airflow/.local/lib/python3.7/site-packages/airflow/example_dags/example_sla_dag.py
[2023-06-30T06:01:08.747+0000] {logging_mixin.py:137} INFO - [2023-06-30T06:01:08.747+0000] {dag.py:2676} INFO - Sync 1 DAGs
[2023-06-30T06:01:08.791+0000] {logging_mixin.py:137} INFO - [2023-06-30T06:01:08.791+0000] {dag.py:3427} INFO - Setting next_dagrun for example_sla_dag to 2023-06-30T05:58:00+00:00, run_after=2023-06-30T06:00:00+00:00
[2023-06-30T06:01:08.818+0000] {processor.py:175} INFO - Processing /home/airflow/.local/lib/python3.7/site-packages/airflow/example_dags/example_sla_dag.py took 0.155 seconds
[2023-06-30T06:01:40.113+0000] {processor.py:153} INFO - Started process (PID=118) to work on /home/airflow/.local/lib/python3.7/site-packages/airflow/example_dags/example_sla_dag.py
[2023-06-30T06:01:40.116+0000] {processor.py:743} INFO - Processing file /home/airflow/.local/lib/python3.7/site-packages/airflow/example_dags/example_sla_dag.py for tasks to queue
[2023-06-30T06:01:40.120+0000] {logging_mixin.py:137} INFO - [2023-06-30T06:01:40.119+0000] {dagbag.py:538} INFO - Filling up the DagBag from /home/airflow/.local/lib/python3.7/site-packages/airflow/example_dags/example_sla_dag.py
[2023-06-30T06:01:40.199+0000] {processor.py:753} INFO - DAG(s) dict_keys(['example_sla_dag']) retrieved from /home/airflow/.local/lib/python3.7/site-packages/airflow/example_dags/example_sla_dag.py
[2023-06-30T06:01:40.309+0000] {logging_mixin.py:137} INFO - [2023-06-30T06:01:40.309+0000] {dag.py:2676} INFO - Sync 1 DAGs
[2023-06-30T06:01:40.533+0000] {logging_mixin.py:137} INFO - [2023-06-30T06:01:40.533+0000] {dag.py:3427} INFO - Setting next_dagrun for example_sla_dag to 2023-06-30T05:58:00+00:00, run_after=2023-06-30T06:00:00+00:00
[2023-06-30T06:01:40.599+0000] {processor.py:175} INFO - Processing /home/airflow/.local/lib/python3.7/site-packages/airflow/example_dags/example_sla_dag.py took 0.494 seconds
[2023-06-30T06:02:12.111+0000] {processor.py:153} INFO - Started process (PID=184) to work on /home/airflow/.local/lib/python3.7/site-packages/airflow/example_dags/example_sla_dag.py
[2023-06-30T06:02:12.116+0000] {processor.py:743} INFO - Processing file /home/airflow/.local/lib/python3.7/site-packages/airflow/example_dags/example_sla_dag.py for tasks to queue
[2023-06-30T06:02:12.121+0000] {logging_mixin.py:137} INFO - [2023-06-30T06:02:12.121+0000] {dagbag.py:538} INFO - Filling up the DagBag from /home/airflow/.local/lib/python3.7/site-packages/airflow/example_dags/example_sla_dag.py
[2023-06-30T06:02:12.213+0000] {processor.py:753} INFO - DAG(s) dict_keys(['example_sla_dag']) retrieved from /home/airflow/.local/lib/python3.7/site-packages/airflow/example_dags/example_sla_dag.py
[2023-06-30T06:02:12.310+0000] {logging_mixin.py:137} INFO - [2023-06-30T06:02:12.310+0000] {dag.py:2676} INFO - Sync 1 DAGs
[2023-06-30T06:02:12.370+0000] {logging_mixin.py:137} INFO - [2023-06-30T06:02:12.370+0000] {dag.py:3427} INFO - Setting next_dagrun for example_sla_dag to 2023-06-30T06:00:00+00:00, run_after=2023-06-30T06:02:00+00:00
[2023-06-30T06:02:12.401+0000] {processor.py:175} INFO - Processing /home/airflow/.local/lib/python3.7/site-packages/airflow/example_dags/example_sla_dag.py took 0.330 seconds
[2023-06-30T06:02:42.618+0000] {processor.py:153} INFO - Started process (PID=250) to work on /home/airflow/.local/lib/python3.7/site-packages/airflow/example_dags/example_sla_dag.py
[2023-06-30T06:02:42.621+0000] {processor.py:743} INFO - Processing file /home/airflow/.local/lib/python3.7/site-packages/airflow/example_dags/example_sla_dag.py for tasks to queue
[2023-06-30T06:02:42.623+0000] {logging_mixin.py:137} INFO - [2023-06-30T06:02:42.623+0000] {dagbag.py:538} INFO - Filling up the DagBag from /home/airflow/.local/lib/python3.7/site-packages/airflow/example_dags/example_sla_dag.py
[2023-06-30T06:02:42.661+0000] {processor.py:753} INFO - DAG(s) dict_keys(['example_sla_dag']) retrieved from /home/airflow/.local/lib/python3.7/site-packages/airflow/example_dags/example_sla_dag.py
[2023-06-30T06:02:42.720+0000] {logging_mixin.py:137} INFO - [2023-06-30T06:02:42.720+0000] {dag.py:2676} INFO - Sync 1 DAGs
[2023-06-30T06:02:42.757+0000] {logging_mixin.py:137} INFO - [2023-06-30T06:02:42.756+0000] {dag.py:3427} INFO - Setting next_dagrun for example_sla_dag to 2023-06-30T06:00:00+00:00, run_after=2023-06-30T06:02:00+00:00
[2023-06-30T06:02:42.783+0000] {processor.py:175} INFO - Processing /home/airflow/.local/lib/python3.7/site-packages/airflow/example_dags/example_sla_dag.py took 0.171 seconds
[2023-06-30T06:03:13.330+0000] {processor.py:153} INFO - Started process (PID=330) to work on /home/airflow/.local/lib/python3.7/site-packages/airflow/example_dags/example_sla_dag.py
[2023-06-30T06:03:13.332+0000] {processor.py:743} INFO - Processing file /home/airflow/.local/lib/python3.7/site-packages/airflow/example_dags/example_sla_dag.py for tasks to queue
[2023-06-30T06:03:13.334+0000] {logging_mixin.py:137} INFO - [2023-06-30T06:03:13.334+0000] {dagbag.py:538} INFO - Filling up the DagBag from /home/airflow/.local/lib/python3.7/site-packages/airflow/example_dags/example_sla_dag.py
[2023-06-30T06:03:13.372+0000] {processor.py:753} INFO - DAG(s) dict_keys(['example_sla_dag']) retrieved from /home/airflow/.local/lib/python3.7/site-packages/airflow/example_dags/example_sla_dag.py
[2023-06-30T06:03:13.422+0000] {logging_mixin.py:137} INFO - [2023-06-30T06:03:13.422+0000] {dag.py:2676} INFO - Sync 1 DAGs
[2023-06-30T06:03:13.459+0000] {logging_mixin.py:137} INFO - [2023-06-30T06:03:13.459+0000] {dag.py:3427} INFO - Setting next_dagrun for example_sla_dag to 2023-06-30T06:00:00+00:00, run_after=2023-06-30T06:02:00+00:00
[2023-06-30T06:03:13.486+0000] {processor.py:175} INFO - Processing /home/airflow/.local/lib/python3.7/site-packages/airflow/example_dags/example_sla_dag.py took 0.161 seconds
[2023-06-30T06:03:44.134+0000] {processor.py:153} INFO - Started process (PID=396) to work on /home/airflow/.local/lib/python3.7/site-packages/airflow/example_dags/example_sla_dag.py
[2023-06-30T06:03:44.137+0000] {processor.py:743} INFO - Processing file /home/airflow/.local/lib/python3.7/site-packages/airflow/example_dags/example_sla_dag.py for tasks to queue
[2023-06-30T06:03:44.139+0000] {logging_mixin.py:137} INFO - [2023-06-30T06:03:44.139+0000] {dagbag.py:538} INFO - Filling up the DagBag from /home/airflow/.local/lib/python3.7/site-packages/airflow/example_dags/example_sla_dag.py
[2023-06-30T06:03:44.173+0000] {processor.py:753} INFO - DAG(s) dict_keys(['example_sla_dag']) retrieved from /home/airflow/.local/lib/python3.7/site-packages/airflow/example_dags/example_sla_dag.py
[2023-06-30T06:03:44.232+0000] {logging_mixin.py:137} INFO - [2023-06-30T06:03:44.232+0000] {dag.py:2676} INFO - Sync 1 DAGs
[2023-06-30T06:03:44.283+0000] {logging_mixin.py:137} INFO - [2023-06-30T06:03:44.283+0000] {dag.py:3427} INFO - Setting next_dagrun for example_sla_dag to 2023-06-30T06:00:00+00:00, run_after=2023-06-30T06:02:00+00:00
[2023-06-30T06:03:44.307+0000] {processor.py:175} INFO - Processing /home/airflow/.local/lib/python3.7/site-packages/airflow/example_dags/example_sla_dag.py took 0.178 seconds
[2023-06-30T06:04:14.652+0000] {processor.py:153} INFO - Started process (PID=468) to work on /home/airflow/.local/lib/python3.7/site-packages/airflow/example_dags/example_sla_dag.py
[2023-06-30T06:04:14.656+0000] {processor.py:743} INFO - Processing file /home/airflow/.local/lib/python3.7/site-packages/airflow/example_dags/example_sla_dag.py for tasks to queue
[2023-06-30T06:04:14.661+0000] {logging_mixin.py:137} INFO - [2023-06-30T06:04:14.661+0000] {dagbag.py:538} INFO - Filling up the DagBag from /home/airflow/.local/lib/python3.7/site-packages/airflow/example_dags/example_sla_dag.py
[2023-06-30T06:04:14.717+0000] {processor.py:753} INFO - DAG(s) dict_keys(['example_sla_dag']) retrieved from /home/airflow/.local/lib/python3.7/site-packages/airflow/example_dags/example_sla_dag.py
[2023-06-30T06:04:14.794+0000] {logging_mixin.py:137} INFO - [2023-06-30T06:04:14.794+0000] {dag.py:2676} INFO - Sync 1 DAGs
[2023-06-30T06:04:14.854+0000] {logging_mixin.py:137} INFO - [2023-06-30T06:04:14.854+0000] {dag.py:3427} INFO - Setting next_dagrun for example_sla_dag to 2023-06-30T06:02:00+00:00, run_after=2023-06-30T06:04:00+00:00
[2023-06-30T06:04:14.892+0000] {processor.py:175} INFO - Processing /home/airflow/.local/lib/python3.7/site-packages/airflow/example_dags/example_sla_dag.py took 0.248 seconds
[2023-06-30T06:04:45.102+0000] {processor.py:153} INFO - Started process (PID=541) to work on /home/airflow/.local/lib/python3.7/site-packages/airflow/example_dags/example_sla_dag.py
[2023-06-30T06:04:45.104+0000] {processor.py:743} INFO - Processing file /home/airflow/.local/lib/python3.7/site-packages/airflow/example_dags/example_sla_dag.py for tasks to queue
[2023-06-30T06:04:45.106+0000] {logging_mixin.py:137} INFO - [2023-06-30T06:04:45.106+0000] {dagbag.py:538} INFO - Filling up the DagBag from /home/airflow/.local/lib/python3.7/site-packages/airflow/example_dags/example_sla_dag.py
[2023-06-30T06:04:45.138+0000] {processor.py:753} INFO - DAG(s) dict_keys(['example_sla_dag']) retrieved from /home/airflow/.local/lib/python3.7/site-packages/airflow/example_dags/example_sla_dag.py
[2023-06-30T06:04:45.188+0000] {logging_mixin.py:137} INFO - [2023-06-30T06:04:45.188+0000] {dag.py:2676} INFO - Sync 1 DAGs
[2023-06-30T06:04:45.226+0000] {logging_mixin.py:137} INFO - [2023-06-30T06:04:45.226+0000] {dag.py:3427} INFO - Setting next_dagrun for example_sla_dag to 2023-06-30T06:02:00+00:00, run_after=2023-06-30T06:04:00+00:00
[2023-06-30T06:04:45.250+0000] {processor.py:175} INFO - Processing /home/airflow/.local/lib/python3.7/site-packages/airflow/example_dags/example_sla_dag.py took 0.151 seconds
[2023-06-30T06:05:15.995+0000] {processor.py:153} INFO - Started process (PID=607) to work on /home/airflow/.local/lib/python3.7/site-packages/airflow/example_dags/example_sla_dag.py
[2023-06-30T06:05:15.999+0000] {processor.py:743} INFO - Processing file /home/airflow/.local/lib/python3.7/site-packages/airflow/example_dags/example_sla_dag.py for tasks to queue
[2023-06-30T06:05:16.002+0000] {logging_mixin.py:137} INFO - [2023-06-30T06:05:16.001+0000] {dagbag.py:538} INFO - Filling up the DagBag from /home/airflow/.local/lib/python3.7/site-packages/airflow/example_dags/example_sla_dag.py
[2023-06-30T06:05:16.060+0000] {processor.py:753} INFO - DAG(s) dict_keys(['example_sla_dag']) retrieved from /home/airflow/.local/lib/python3.7/site-packages/airflow/example_dags/example_sla_dag.py
[2023-06-30T06:05:16.121+0000] {logging_mixin.py:137} INFO - [2023-06-30T06:05:16.121+0000] {dag.py:2676} INFO - Sync 1 DAGs
[2023-06-30T06:05:16.160+0000] {logging_mixin.py:137} INFO - [2023-06-30T06:05:16.160+0000] {dag.py:3427} INFO - Setting next_dagrun for example_sla_dag to 2023-06-30T06:02:00+00:00, run_after=2023-06-30T06:04:00+00:00
[2023-06-30T06:05:16.186+0000] {processor.py:175} INFO - Processing /home/airflow/.local/lib/python3.7/site-packages/airflow/example_dags/example_sla_dag.py took 0.202 seconds
[2023-06-30T06:05:46.307+0000] {processor.py:153} INFO - Started process (PID=687) to work on /home/airflow/.local/lib/python3.7/site-packages/airflow/example_dags/example_sla_dag.py
[2023-06-30T06:05:46.309+0000] {processor.py:743} INFO - Processing file /home/airflow/.local/lib/python3.7/site-packages/airflow/example_dags/example_sla_dag.py for tasks to queue
[2023-06-30T06:05:46.310+0000] {logging_mixin.py:137} INFO - [2023-06-30T06:05:46.310+0000] {dagbag.py:538} INFO - Filling up the DagBag from /home/airflow/.local/lib/python3.7/site-packages/airflow/example_dags/example_sla_dag.py
[2023-06-30T06:05:46.345+0000] {processor.py:753} INFO - DAG(s) dict_keys(['example_sla_dag']) retrieved from /home/airflow/.local/lib/python3.7/site-packages/airflow/example_dags/example_sla_dag.py
[2023-06-30T06:05:46.388+0000] {logging_mixin.py:137} INFO - [2023-06-30T06:05:46.388+0000] {dag.py:2676} INFO - Sync 1 DAGs
[2023-06-30T06:05:46.421+0000] {logging_mixin.py:137} INFO - [2023-06-30T06:05:46.421+0000] {dag.py:3427} INFO - Setting next_dagrun for example_sla_dag to 2023-06-30T06:02:00+00:00, run_after=2023-06-30T06:04:00+00:00
[2023-06-30T06:05:46.442+0000] {processor.py:175} INFO - Processing /home/airflow/.local/lib/python3.7/site-packages/airflow/example_dags/example_sla_dag.py took 0.139 seconds
[2023-06-30T06:06:16.610+0000] {processor.py:153} INFO - Started process (PID=754) to work on /home/airflow/.local/lib/python3.7/site-packages/airflow/example_dags/example_sla_dag.py
[2023-06-30T06:06:16.613+0000] {processor.py:743} INFO - Processing file /home/airflow/.local/lib/python3.7/site-packages/airflow/example_dags/example_sla_dag.py for tasks to queue
[2023-06-30T06:06:16.615+0000] {logging_mixin.py:137} INFO - [2023-06-30T06:06:16.615+0000] {dagbag.py:538} INFO - Filling up the DagBag from /home/airflow/.local/lib/python3.7/site-packages/airflow/example_dags/example_sla_dag.py
[2023-06-30T06:06:16.648+0000] {processor.py:753} INFO - DAG(s) dict_keys(['example_sla_dag']) retrieved from /home/airflow/.local/lib/python3.7/site-packages/airflow/example_dags/example_sla_dag.py
[2023-06-30T06:06:16.700+0000] {logging_mixin.py:137} INFO - [2023-06-30T06:06:16.699+0000] {dag.py:2676} INFO - Sync 1 DAGs
[2023-06-30T06:06:16.738+0000] {logging_mixin.py:137} INFO - [2023-06-30T06:06:16.738+0000] {dag.py:3427} INFO - Setting next_dagrun for example_sla_dag to 2023-06-30T06:04:00+00:00, run_after=2023-06-30T06:06:00+00:00
[2023-06-30T06:06:16.762+0000] {processor.py:175} INFO - Processing /home/airflow/.local/lib/python3.7/site-packages/airflow/example_dags/example_sla_dag.py took 0.156 seconds
[2023-06-30T06:06:46.941+0000] {processor.py:153} INFO - Started process (PID=820) to work on /home/airflow/.local/lib/python3.7/site-packages/airflow/example_dags/example_sla_dag.py
[2023-06-30T06:06:46.944+0000] {processor.py:743} INFO - Processing file /home/airflow/.local/lib/python3.7/site-packages/airflow/example_dags/example_sla_dag.py for tasks to queue
[2023-06-30T06:06:46.946+0000] {logging_mixin.py:137} INFO - [2023-06-30T06:06:46.946+0000] {dagbag.py:538} INFO - Filling up the DagBag from /home/airflow/.local/lib/python3.7/site-packages/airflow/example_dags/example_sla_dag.py
[2023-06-30T06:06:46.986+0000] {processor.py:753} INFO - DAG(s) dict_keys(['example_sla_dag']) retrieved from /home/airflow/.local/lib/python3.7/site-packages/airflow/example_dags/example_sla_dag.py
[2023-06-30T06:06:47.048+0000] {logging_mixin.py:137} INFO - [2023-06-30T06:06:47.048+0000] {dag.py:2676} INFO - Sync 1 DAGs
[2023-06-30T06:06:47.089+0000] {logging_mixin.py:137} INFO - [2023-06-30T06:06:47.089+0000] {dag.py:3427} INFO - Setting next_dagrun for example_sla_dag to 2023-06-30T06:04:00+00:00, run_after=2023-06-30T06:06:00+00:00
[2023-06-30T06:06:47.110+0000] {processor.py:175} INFO - Processing /home/airflow/.local/lib/python3.7/site-packages/airflow/example_dags/example_sla_dag.py took 0.175 seconds
[2023-06-30T06:07:17.419+0000] {processor.py:153} INFO - Started process (PID=900) to work on /home/airflow/.local/lib/python3.7/site-packages/airflow/example_dags/example_sla_dag.py
[2023-06-30T06:07:17.426+0000] {processor.py:743} INFO - Processing file /home/airflow/.local/lib/python3.7/site-packages/airflow/example_dags/example_sla_dag.py for tasks to queue
[2023-06-30T06:07:17.429+0000] {logging_mixin.py:137} INFO - [2023-06-30T06:07:17.428+0000] {dagbag.py:538} INFO - Filling up the DagBag from /home/airflow/.local/lib/python3.7/site-packages/airflow/example_dags/example_sla_dag.py
[2023-06-30T06:07:17.465+0000] {processor.py:753} INFO - DAG(s) dict_keys(['example_sla_dag']) retrieved from /home/airflow/.local/lib/python3.7/site-packages/airflow/example_dags/example_sla_dag.py
[2023-06-30T06:07:17.523+0000] {logging_mixin.py:137} INFO - [2023-06-30T06:07:17.522+0000] {dag.py:2676} INFO - Sync 1 DAGs
[2023-06-30T06:07:17.568+0000] {logging_mixin.py:137} INFO - [2023-06-30T06:07:17.568+0000] {dag.py:3427} INFO - Setting next_dagrun for example_sla_dag to 2023-06-30T06:04:00+00:00, run_after=2023-06-30T06:06:00+00:00
[2023-06-30T06:07:17.595+0000] {processor.py:175} INFO - Processing /home/airflow/.local/lib/python3.7/site-packages/airflow/example_dags/example_sla_dag.py took 0.184 seconds
[2023-06-30T06:07:47.663+0000] {processor.py:153} INFO - Started process (PID=966) to work on /home/airflow/.local/lib/python3.7/site-packages/airflow/example_dags/example_sla_dag.py
[2023-06-30T06:07:47.666+0000] {processor.py:743} INFO - Processing file /home/airflow/.local/lib/python3.7/site-packages/airflow/example_dags/example_sla_dag.py for tasks to queue
[2023-06-30T06:07:47.668+0000] {logging_mixin.py:137} INFO - [2023-06-30T06:07:47.668+0000] {dagbag.py:538} INFO - Filling up the DagBag from /home/airflow/.local/lib/python3.7/site-packages/airflow/example_dags/example_sla_dag.py
[2023-06-30T06:07:47.702+0000] {processor.py:753} INFO - DAG(s) dict_keys(['example_sla_dag']) retrieved from /home/airflow/.local/lib/python3.7/site-packages/airflow/example_dags/example_sla_dag.py
[2023-06-30T06:07:47.751+0000] {logging_mixin.py:137} INFO - [2023-06-30T06:07:47.751+0000] {dag.py:2676} INFO - Sync 1 DAGs
[2023-06-30T06:07:47.797+0000] {logging_mixin.py:137} INFO - [2023-06-30T06:07:47.797+0000] {dag.py:3427} INFO - Setting next_dagrun for example_sla_dag to 2023-06-30T06:04:00+00:00, run_after=2023-06-30T06:06:00+00:00
[2023-06-30T06:07:47.829+0000] {processor.py:175} INFO - Processing /home/airflow/.local/lib/python3.7/site-packages/airflow/example_dags/example_sla_dag.py took 0.171 seconds
[2023-06-30T06:08:18.670+0000] {processor.py:153} INFO - Started process (PID=1040) to work on /home/airflow/.local/lib/python3.7/site-packages/airflow/example_dags/example_sla_dag.py
[2023-06-30T06:08:18.673+0000] {processor.py:743} INFO - Processing file /home/airflow/.local/lib/python3.7/site-packages/airflow/example_dags/example_sla_dag.py for tasks to queue
[2023-06-30T06:08:18.675+0000] {logging_mixin.py:137} INFO - [2023-06-30T06:08:18.675+0000] {dagbag.py:538} INFO - Filling up the DagBag from /home/airflow/.local/lib/python3.7/site-packages/airflow/example_dags/example_sla_dag.py
[2023-06-30T06:08:18.722+0000] {processor.py:753} INFO - DAG(s) dict_keys(['example_sla_dag']) retrieved from /home/airflow/.local/lib/python3.7/site-packages/airflow/example_dags/example_sla_dag.py
[2023-06-30T06:08:18.818+0000] {logging_mixin.py:137} INFO - [2023-06-30T06:08:18.818+0000] {dag.py:2676} INFO - Sync 1 DAGs
[2023-06-30T06:08:18.871+0000] {logging_mixin.py:137} INFO - [2023-06-30T06:08:18.871+0000] {dag.py:3427} INFO - Setting next_dagrun for example_sla_dag to 2023-06-30T06:06:00+00:00, run_after=2023-06-30T06:08:00+00:00
[2023-06-30T06:08:18.911+0000] {processor.py:175} INFO - Processing /home/airflow/.local/lib/python3.7/site-packages/airflow/example_dags/example_sla_dag.py took 0.246 seconds
[2023-06-30T06:08:48.989+0000] {processor.py:153} INFO - Started process (PID=1111) to work on /home/airflow/.local/lib/python3.7/site-packages/airflow/example_dags/example_sla_dag.py
[2023-06-30T06:08:48.991+0000] {processor.py:743} INFO - Processing file /home/airflow/.local/lib/python3.7/site-packages/airflow/example_dags/example_sla_dag.py for tasks to queue
[2023-06-30T06:08:48.993+0000] {logging_mixin.py:137} INFO - [2023-06-30T06:08:48.993+0000] {dagbag.py:538} INFO - Filling up the DagBag from /home/airflow/.local/lib/python3.7/site-packages/airflow/example_dags/example_sla_dag.py
[2023-06-30T06:08:49.027+0000] {processor.py:753} INFO - DAG(s) dict_keys(['example_sla_dag']) retrieved from /home/airflow/.local/lib/python3.7/site-packages/airflow/example_dags/example_sla_dag.py
[2023-06-30T06:08:49.077+0000] {logging_mixin.py:137} INFO - [2023-06-30T06:08:49.076+0000] {dag.py:2676} INFO - Sync 1 DAGs
[2023-06-30T06:08:49.115+0000] {logging_mixin.py:137} INFO - [2023-06-30T06:08:49.115+0000] {dag.py:3427} INFO - Setting next_dagrun for example_sla_dag to 2023-06-30T06:06:00+00:00, run_after=2023-06-30T06:08:00+00:00
[2023-06-30T06:08:49.136+0000] {processor.py:175} INFO - Processing /home/airflow/.local/lib/python3.7/site-packages/airflow/example_dags/example_sla_dag.py took 0.153 seconds
[2023-06-30T06:09:19.732+0000] {processor.py:153} INFO - Started process (PID=1177) to work on /home/airflow/.local/lib/python3.7/site-packages/airflow/example_dags/example_sla_dag.py
[2023-06-30T06:09:19.735+0000] {processor.py:743} INFO - Processing file /home/airflow/.local/lib/python3.7/site-packages/airflow/example_dags/example_sla_dag.py for tasks to queue
[2023-06-30T06:09:19.737+0000] {logging_mixin.py:137} INFO - [2023-06-30T06:09:19.737+0000] {dagbag.py:538} INFO - Filling up the DagBag from /home/airflow/.local/lib/python3.7/site-packages/airflow/example_dags/example_sla_dag.py
[2023-06-30T06:09:19.777+0000] {processor.py:753} INFO - DAG(s) dict_keys(['example_sla_dag']) retrieved from /home/airflow/.local/lib/python3.7/site-packages/airflow/example_dags/example_sla_dag.py
[2023-06-30T06:09:19.830+0000] {logging_mixin.py:137} INFO - [2023-06-30T06:09:19.830+0000] {dag.py:2676} INFO - Sync 1 DAGs
[2023-06-30T06:09:19.876+0000] {logging_mixin.py:137} INFO - [2023-06-30T06:09:19.876+0000] {dag.py:3427} INFO - Setting next_dagrun for example_sla_dag to 2023-06-30T06:06:00+00:00, run_after=2023-06-30T06:08:00+00:00
[2023-06-30T06:09:19.909+0000] {processor.py:175} INFO - Processing /home/airflow/.local/lib/python3.7/site-packages/airflow/example_dags/example_sla_dag.py took 0.182 seconds
[2023-06-30T06:09:50.052+0000] {processor.py:153} INFO - Started process (PID=1257) to work on /home/airflow/.local/lib/python3.7/site-packages/airflow/example_dags/example_sla_dag.py
[2023-06-30T06:09:50.055+0000] {processor.py:743} INFO - Processing file /home/airflow/.local/lib/python3.7/site-packages/airflow/example_dags/example_sla_dag.py for tasks to queue
[2023-06-30T06:09:50.057+0000] {logging_mixin.py:137} INFO - [2023-06-30T06:09:50.057+0000] {dagbag.py:538} INFO - Filling up the DagBag from /home/airflow/.local/lib/python3.7/site-packages/airflow/example_dags/example_sla_dag.py
[2023-06-30T06:09:50.103+0000] {processor.py:753} INFO - DAG(s) dict_keys(['example_sla_dag']) retrieved from /home/airflow/.local/lib/python3.7/site-packages/airflow/example_dags/example_sla_dag.py
[2023-06-30T06:09:50.164+0000] {logging_mixin.py:137} INFO - [2023-06-30T06:09:50.164+0000] {dag.py:2676} INFO - Sync 1 DAGs
[2023-06-30T06:09:50.224+0000] {logging_mixin.py:137} INFO - [2023-06-30T06:09:50.224+0000] {dag.py:3427} INFO - Setting next_dagrun for example_sla_dag to 2023-06-30T06:06:00+00:00, run_after=2023-06-30T06:08:00+00:00
[2023-06-30T06:09:50.263+0000] {processor.py:175} INFO - Processing /home/airflow/.local/lib/python3.7/site-packages/airflow/example_dags/example_sla_dag.py took 0.217 seconds
[2023-06-30T06:10:20.516+0000] {processor.py:153} INFO - Started process (PID=1323) to work on /home/airflow/.local/lib/python3.7/site-packages/airflow/example_dags/example_sla_dag.py
[2023-06-30T06:10:20.518+0000] {processor.py:743} INFO - Processing file /home/airflow/.local/lib/python3.7/site-packages/airflow/example_dags/example_sla_dag.py for tasks to queue
[2023-06-30T06:10:20.519+0000] {logging_mixin.py:137} INFO - [2023-06-30T06:10:20.519+0000] {dagbag.py:538} INFO - Filling up the DagBag from /home/airflow/.local/lib/python3.7/site-packages/airflow/example_dags/example_sla_dag.py
[2023-06-30T06:10:20.547+0000] {processor.py:753} INFO - DAG(s) dict_keys(['example_sla_dag']) retrieved from /home/airflow/.local/lib/python3.7/site-packages/airflow/example_dags/example_sla_dag.py
[2023-06-30T06:10:20.587+0000] {logging_mixin.py:137} INFO - [2023-06-30T06:10:20.587+0000] {dag.py:2676} INFO - Sync 1 DAGs
[2023-06-30T06:10:20.619+0000] {logging_mixin.py:137} INFO - [2023-06-30T06:10:20.619+0000] {dag.py:3427} INFO - Setting next_dagrun for example_sla_dag to 2023-06-30T06:08:00+00:00, run_after=2023-06-30T06:10:00+00:00
[2023-06-30T06:10:20.641+0000] {processor.py:175} INFO - Processing /home/airflow/.local/lib/python3.7/site-packages/airflow/example_dags/example_sla_dag.py took 0.129 seconds
[2023-06-30T06:10:50.781+0000] {processor.py:153} INFO - Started process (PID=1389) to work on /home/airflow/.local/lib/python3.7/site-packages/airflow/example_dags/example_sla_dag.py
[2023-06-30T06:10:50.783+0000] {processor.py:743} INFO - Processing file /home/airflow/.local/lib/python3.7/site-packages/airflow/example_dags/example_sla_dag.py for tasks to queue
[2023-06-30T06:10:50.785+0000] {logging_mixin.py:137} INFO - [2023-06-30T06:10:50.785+0000] {dagbag.py:538} INFO - Filling up the DagBag from /home/airflow/.local/lib/python3.7/site-packages/airflow/example_dags/example_sla_dag.py
[2023-06-30T06:10:50.822+0000] {processor.py:753} INFO - DAG(s) dict_keys(['example_sla_dag']) retrieved from /home/airflow/.local/lib/python3.7/site-packages/airflow/example_dags/example_sla_dag.py
[2023-06-30T06:10:50.901+0000] {logging_mixin.py:137} INFO - [2023-06-30T06:10:50.900+0000] {dag.py:2676} INFO - Sync 1 DAGs
[2023-06-30T06:10:50.992+0000] {logging_mixin.py:137} INFO - [2023-06-30T06:10:50.992+0000] {dag.py:3427} INFO - Setting next_dagrun for example_sla_dag to 2023-06-30T06:08:00+00:00, run_after=2023-06-30T06:10:00+00:00
[2023-06-30T06:10:51.038+0000] {processor.py:175} INFO - Processing /home/airflow/.local/lib/python3.7/site-packages/airflow/example_dags/example_sla_dag.py took 0.262 seconds
[2023-06-30T06:11:21.306+0000] {processor.py:153} INFO - Started process (PID=1469) to work on /home/airflow/.local/lib/python3.7/site-packages/airflow/example_dags/example_sla_dag.py
[2023-06-30T06:11:21.310+0000] {processor.py:743} INFO - Processing file /home/airflow/.local/lib/python3.7/site-packages/airflow/example_dags/example_sla_dag.py for tasks to queue
[2023-06-30T06:11:21.315+0000] {logging_mixin.py:137} INFO - [2023-06-30T06:11:21.314+0000] {dagbag.py:538} INFO - Filling up the DagBag from /home/airflow/.local/lib/python3.7/site-packages/airflow/example_dags/example_sla_dag.py
[2023-06-30T06:11:21.359+0000] {processor.py:753} INFO - DAG(s) dict_keys(['example_sla_dag']) retrieved from /home/airflow/.local/lib/python3.7/site-packages/airflow/example_dags/example_sla_dag.py
[2023-06-30T06:11:21.430+0000] {logging_mixin.py:137} INFO - [2023-06-30T06:11:21.429+0000] {dag.py:2676} INFO - Sync 1 DAGs
[2023-06-30T06:11:21.476+0000] {logging_mixin.py:137} INFO - [2023-06-30T06:11:21.476+0000] {dag.py:3427} INFO - Setting next_dagrun for example_sla_dag to 2023-06-30T06:08:00+00:00, run_after=2023-06-30T06:10:00+00:00
[2023-06-30T06:11:21.508+0000] {processor.py:175} INFO - Processing /home/airflow/.local/lib/python3.7/site-packages/airflow/example_dags/example_sla_dag.py took 0.209 seconds
[2023-06-30T06:11:51.702+0000] {processor.py:153} INFO - Started process (PID=1535) to work on /home/airflow/.local/lib/python3.7/site-packages/airflow/example_dags/example_sla_dag.py
[2023-06-30T06:11:51.704+0000] {processor.py:743} INFO - Processing file /home/airflow/.local/lib/python3.7/site-packages/airflow/example_dags/example_sla_dag.py for tasks to queue
[2023-06-30T06:11:51.706+0000] {logging_mixin.py:137} INFO - [2023-06-30T06:11:51.706+0000] {dagbag.py:538} INFO - Filling up the DagBag from /home/airflow/.local/lib/python3.7/site-packages/airflow/example_dags/example_sla_dag.py
[2023-06-30T06:11:51.747+0000] {processor.py:753} INFO - DAG(s) dict_keys(['example_sla_dag']) retrieved from /home/airflow/.local/lib/python3.7/site-packages/airflow/example_dags/example_sla_dag.py
[2023-06-30T06:11:51.809+0000] {logging_mixin.py:137} INFO - [2023-06-30T06:11:51.809+0000] {dag.py:2676} INFO - Sync 1 DAGs
[2023-06-30T06:11:51.855+0000] {logging_mixin.py:137} INFO - [2023-06-30T06:11:51.855+0000] {dag.py:3427} INFO - Setting next_dagrun for example_sla_dag to 2023-06-30T06:08:00+00:00, run_after=2023-06-30T06:10:00+00:00
[2023-06-30T06:11:51.886+0000] {processor.py:175} INFO - Processing /home/airflow/.local/lib/python3.7/site-packages/airflow/example_dags/example_sla_dag.py took 0.196 seconds
[2023-06-30T06:12:22.735+0000] {processor.py:153} INFO - Started process (PID=1610) to work on /home/airflow/.local/lib/python3.7/site-packages/airflow/example_dags/example_sla_dag.py
[2023-06-30T06:12:22.737+0000] {processor.py:743} INFO - Processing file /home/airflow/.local/lib/python3.7/site-packages/airflow/example_dags/example_sla_dag.py for tasks to queue
[2023-06-30T06:12:22.739+0000] {logging_mixin.py:137} INFO - [2023-06-30T06:12:22.739+0000] {dagbag.py:538} INFO - Filling up the DagBag from /home/airflow/.local/lib/python3.7/site-packages/airflow/example_dags/example_sla_dag.py
[2023-06-30T06:12:22.769+0000] {processor.py:753} INFO - DAG(s) dict_keys(['example_sla_dag']) retrieved from /home/airflow/.local/lib/python3.7/site-packages/airflow/example_dags/example_sla_dag.py
[2023-06-30T06:12:22.825+0000] {logging_mixin.py:137} INFO - [2023-06-30T06:12:22.824+0000] {dag.py:2676} INFO - Sync 1 DAGs
[2023-06-30T06:12:22.872+0000] {logging_mixin.py:137} INFO - [2023-06-30T06:12:22.872+0000] {dag.py:3427} INFO - Setting next_dagrun for example_sla_dag to 2023-06-30T06:10:00+00:00, run_after=2023-06-30T06:12:00+00:00
[2023-06-30T06:12:22.902+0000] {processor.py:175} INFO - Processing /home/airflow/.local/lib/python3.7/site-packages/airflow/example_dags/example_sla_dag.py took 0.175 seconds
[2023-06-30T06:12:52.993+0000] {processor.py:153} INFO - Started process (PID=1681) to work on /home/airflow/.local/lib/python3.7/site-packages/airflow/example_dags/example_sla_dag.py
[2023-06-30T06:12:52.996+0000] {processor.py:743} INFO - Processing file /home/airflow/.local/lib/python3.7/site-packages/airflow/example_dags/example_sla_dag.py for tasks to queue
[2023-06-30T06:12:52.998+0000] {logging_mixin.py:137} INFO - [2023-06-30T06:12:52.998+0000] {dagbag.py:538} INFO - Filling up the DagBag from /home/airflow/.local/lib/python3.7/site-packages/airflow/example_dags/example_sla_dag.py
[2023-06-30T06:12:53.029+0000] {processor.py:753} INFO - DAG(s) dict_keys(['example_sla_dag']) retrieved from /home/airflow/.local/lib/python3.7/site-packages/airflow/example_dags/example_sla_dag.py
[2023-06-30T06:12:53.076+0000] {logging_mixin.py:137} INFO - [2023-06-30T06:12:53.076+0000] {dag.py:2676} INFO - Sync 1 DAGs
[2023-06-30T06:12:53.113+0000] {logging_mixin.py:137} INFO - [2023-06-30T06:12:53.113+0000] {dag.py:3427} INFO - Setting next_dagrun for example_sla_dag to 2023-06-30T06:10:00+00:00, run_after=2023-06-30T06:12:00+00:00
[2023-06-30T06:12:53.138+0000] {processor.py:175} INFO - Processing /home/airflow/.local/lib/python3.7/site-packages/airflow/example_dags/example_sla_dag.py took 0.149 seconds
[2023-06-30T06:13:23.195+0000] {processor.py:153} INFO - Started process (PID=1747) to work on /home/airflow/.local/lib/python3.7/site-packages/airflow/example_dags/example_sla_dag.py
[2023-06-30T06:13:23.199+0000] {processor.py:743} INFO - Processing file /home/airflow/.local/lib/python3.7/site-packages/airflow/example_dags/example_sla_dag.py for tasks to queue
[2023-06-30T06:13:23.201+0000] {logging_mixin.py:137} INFO - [2023-06-30T06:13:23.200+0000] {dagbag.py:538} INFO - Filling up the DagBag from /home/airflow/.local/lib/python3.7/site-packages/airflow/example_dags/example_sla_dag.py
[2023-06-30T06:13:23.241+0000] {processor.py:753} INFO - DAG(s) dict_keys(['example_sla_dag']) retrieved from /home/airflow/.local/lib/python3.7/site-packages/airflow/example_dags/example_sla_dag.py
[2023-06-30T06:13:23.292+0000] {logging_mixin.py:137} INFO - [2023-06-30T06:13:23.292+0000] {dag.py:2676} INFO - Sync 1 DAGs
[2023-06-30T06:13:23.332+0000] {logging_mixin.py:137} INFO - [2023-06-30T06:13:23.331+0000] {dag.py:3427} INFO - Setting next_dagrun for example_sla_dag to 2023-06-30T06:10:00+00:00, run_after=2023-06-30T06:12:00+00:00
[2023-06-30T06:13:23.358+0000] {processor.py:175} INFO - Processing /home/airflow/.local/lib/python3.7/site-packages/airflow/example_dags/example_sla_dag.py took 0.168 seconds
[2023-06-30T06:13:53.487+0000] {processor.py:153} INFO - Started process (PID=1813) to work on /home/airflow/.local/lib/python3.7/site-packages/airflow/example_dags/example_sla_dag.py
[2023-06-30T06:13:53.490+0000] {processor.py:743} INFO - Processing file /home/airflow/.local/lib/python3.7/site-packages/airflow/example_dags/example_sla_dag.py for tasks to queue
[2023-06-30T06:13:53.492+0000] {logging_mixin.py:137} INFO - [2023-06-30T06:13:53.492+0000] {dagbag.py:538} INFO - Filling up the DagBag from /home/airflow/.local/lib/python3.7/site-packages/airflow/example_dags/example_sla_dag.py
[2023-06-30T06:13:53.528+0000] {processor.py:753} INFO - DAG(s) dict_keys(['example_sla_dag']) retrieved from /home/airflow/.local/lib/python3.7/site-packages/airflow/example_dags/example_sla_dag.py
[2023-06-30T06:13:53.580+0000] {logging_mixin.py:137} INFO - [2023-06-30T06:13:53.579+0000] {dag.py:2676} INFO - Sync 1 DAGs
[2023-06-30T06:13:53.617+0000] {logging_mixin.py:137} INFO - [2023-06-30T06:13:53.617+0000] {dag.py:3427} INFO - Setting next_dagrun for example_sla_dag to 2023-06-30T06:10:00+00:00, run_after=2023-06-30T06:12:00+00:00
[2023-06-30T06:13:53.641+0000] {processor.py:175} INFO - Processing /home/airflow/.local/lib/python3.7/site-packages/airflow/example_dags/example_sla_dag.py took 0.159 seconds
[2023-06-30T06:14:24.231+0000] {processor.py:153} INFO - Started process (PID=1893) to work on /home/airflow/.local/lib/python3.7/site-packages/airflow/example_dags/example_sla_dag.py
[2023-06-30T06:14:24.234+0000] {processor.py:743} INFO - Processing file /home/airflow/.local/lib/python3.7/site-packages/airflow/example_dags/example_sla_dag.py for tasks to queue
[2023-06-30T06:14:24.235+0000] {logging_mixin.py:137} INFO - [2023-06-30T06:14:24.235+0000] {dagbag.py:538} INFO - Filling up the DagBag from /home/airflow/.local/lib/python3.7/site-packages/airflow/example_dags/example_sla_dag.py
[2023-06-30T06:14:24.263+0000] {processor.py:753} INFO - DAG(s) dict_keys(['example_sla_dag']) retrieved from /home/airflow/.local/lib/python3.7/site-packages/airflow/example_dags/example_sla_dag.py
[2023-06-30T06:14:24.315+0000] {logging_mixin.py:137} INFO - [2023-06-30T06:14:24.314+0000] {dag.py:2676} INFO - Sync 1 DAGs
[2023-06-30T06:14:24.358+0000] {logging_mixin.py:137} INFO - [2023-06-30T06:14:24.357+0000] {dag.py:3427} INFO - Setting next_dagrun for example_sla_dag to 2023-06-30T06:12:00+00:00, run_after=2023-06-30T06:14:00+00:00
[2023-06-30T06:14:24.388+0000] {processor.py:175} INFO - Processing /home/airflow/.local/lib/python3.7/site-packages/airflow/example_dags/example_sla_dag.py took 0.161 seconds
[2023-06-30T06:14:54.901+0000] {processor.py:153} INFO - Started process (PID=1959) to work on /home/airflow/.local/lib/python3.7/site-packages/airflow/example_dags/example_sla_dag.py
[2023-06-30T06:14:54.903+0000] {processor.py:743} INFO - Processing file /home/airflow/.local/lib/python3.7/site-packages/airflow/example_dags/example_sla_dag.py for tasks to queue
[2023-06-30T06:14:54.905+0000] {logging_mixin.py:137} INFO - [2023-06-30T06:14:54.905+0000] {dagbag.py:538} INFO - Filling up the DagBag from /home/airflow/.local/lib/python3.7/site-packages/airflow/example_dags/example_sla_dag.py
[2023-06-30T06:14:54.939+0000] {processor.py:753} INFO - DAG(s) dict_keys(['example_sla_dag']) retrieved from /home/airflow/.local/lib/python3.7/site-packages/airflow/example_dags/example_sla_dag.py
[2023-06-30T06:14:54.978+0000] {logging_mixin.py:137} INFO - [2023-06-30T06:14:54.978+0000] {dag.py:2676} INFO - Sync 1 DAGs
[2023-06-30T06:14:55.023+0000] {logging_mixin.py:137} INFO - [2023-06-30T06:14:55.023+0000] {dag.py:3427} INFO - Setting next_dagrun for example_sla_dag to 2023-06-30T06:12:00+00:00, run_after=2023-06-30T06:14:00+00:00
[2023-06-30T06:14:55.051+0000] {processor.py:175} INFO - Processing /home/airflow/.local/lib/python3.7/site-packages/airflow/example_dags/example_sla_dag.py took 0.155 seconds
[2023-06-30T06:15:25.753+0000] {processor.py:153} INFO - Started process (PID=2039) to work on /home/airflow/.local/lib/python3.7/site-packages/airflow/example_dags/example_sla_dag.py
[2023-06-30T06:15:25.758+0000] {processor.py:743} INFO - Processing file /home/airflow/.local/lib/python3.7/site-packages/airflow/example_dags/example_sla_dag.py for tasks to queue
[2023-06-30T06:15:25.760+0000] {logging_mixin.py:137} INFO - [2023-06-30T06:15:25.760+0000] {dagbag.py:538} INFO - Filling up the DagBag from /home/airflow/.local/lib/python3.7/site-packages/airflow/example_dags/example_sla_dag.py
[2023-06-30T06:15:25.799+0000] {processor.py:753} INFO - DAG(s) dict_keys(['example_sla_dag']) retrieved from /home/airflow/.local/lib/python3.7/site-packages/airflow/example_dags/example_sla_dag.py
[2023-06-30T06:15:25.844+0000] {logging_mixin.py:137} INFO - [2023-06-30T06:15:25.844+0000] {dag.py:2676} INFO - Sync 1 DAGs
[2023-06-30T06:15:25.886+0000] {logging_mixin.py:137} INFO - [2023-06-30T06:15:25.886+0000] {dag.py:3427} INFO - Setting next_dagrun for example_sla_dag to 2023-06-30T06:12:00+00:00, run_after=2023-06-30T06:14:00+00:00
[2023-06-30T06:15:25.910+0000] {processor.py:175} INFO - Processing /home/airflow/.local/lib/python3.7/site-packages/airflow/example_dags/example_sla_dag.py took 0.163 seconds
[2023-06-30T06:15:56.203+0000] {processor.py:153} INFO - Started process (PID=2105) to work on /home/airflow/.local/lib/python3.7/site-packages/airflow/example_dags/example_sla_dag.py
[2023-06-30T06:15:56.206+0000] {processor.py:743} INFO - Processing file /home/airflow/.local/lib/python3.7/site-packages/airflow/example_dags/example_sla_dag.py for tasks to queue
[2023-06-30T06:15:56.209+0000] {logging_mixin.py:137} INFO - [2023-06-30T06:15:56.209+0000] {dagbag.py:538} INFO - Filling up the DagBag from /home/airflow/.local/lib/python3.7/site-packages/airflow/example_dags/example_sla_dag.py
[2023-06-30T06:15:56.249+0000] {processor.py:753} INFO - DAG(s) dict_keys(['example_sla_dag']) retrieved from /home/airflow/.local/lib/python3.7/site-packages/airflow/example_dags/example_sla_dag.py
[2023-06-30T06:15:56.317+0000] {logging_mixin.py:137} INFO - [2023-06-30T06:15:56.317+0000] {dag.py:2676} INFO - Sync 1 DAGs
[2023-06-30T06:15:56.366+0000] {logging_mixin.py:137} INFO - [2023-06-30T06:15:56.366+0000] {dag.py:3427} INFO - Setting next_dagrun for example_sla_dag to 2023-06-30T06:12:00+00:00, run_after=2023-06-30T06:14:00+00:00
[2023-06-30T06:15:56.397+0000] {processor.py:175} INFO - Processing /home/airflow/.local/lib/python3.7/site-packages/airflow/example_dags/example_sla_dag.py took 0.199 seconds
[2023-06-30T06:16:26.749+0000] {processor.py:153} INFO - Started process (PID=2171) to work on /home/airflow/.local/lib/python3.7/site-packages/airflow/example_dags/example_sla_dag.py
[2023-06-30T06:16:26.754+0000] {processor.py:743} INFO - Processing file /home/airflow/.local/lib/python3.7/site-packages/airflow/example_dags/example_sla_dag.py for tasks to queue
[2023-06-30T06:16:26.757+0000] {logging_mixin.py:137} INFO - [2023-06-30T06:16:26.757+0000] {dagbag.py:538} INFO - Filling up the DagBag from /home/airflow/.local/lib/python3.7/site-packages/airflow/example_dags/example_sla_dag.py
[2023-06-30T06:16:26.801+0000] {processor.py:753} INFO - DAG(s) dict_keys(['example_sla_dag']) retrieved from /home/airflow/.local/lib/python3.7/site-packages/airflow/example_dags/example_sla_dag.py
[2023-06-30T06:16:26.867+0000] {logging_mixin.py:137} INFO - [2023-06-30T06:16:26.866+0000] {dag.py:2676} INFO - Sync 1 DAGs
[2023-06-30T06:16:26.916+0000] {logging_mixin.py:137} INFO - [2023-06-30T06:16:26.916+0000] {dag.py:3427} INFO - Setting next_dagrun for example_sla_dag to 2023-06-30T06:14:00+00:00, run_after=2023-06-30T06:16:00+00:00
[2023-06-30T06:16:26.948+0000] {processor.py:175} INFO - Processing /home/airflow/.local/lib/python3.7/site-packages/airflow/example_dags/example_sla_dag.py took 0.207 seconds
[2023-06-30T06:16:57.002+0000] {processor.py:153} INFO - Started process (PID=2251) to work on /home/airflow/.local/lib/python3.7/site-packages/airflow/example_dags/example_sla_dag.py
[2023-06-30T06:16:57.005+0000] {processor.py:743} INFO - Processing file /home/airflow/.local/lib/python3.7/site-packages/airflow/example_dags/example_sla_dag.py for tasks to queue
[2023-06-30T06:16:57.008+0000] {logging_mixin.py:137} INFO - [2023-06-30T06:16:57.008+0000] {dagbag.py:538} INFO - Filling up the DagBag from /home/airflow/.local/lib/python3.7/site-packages/airflow/example_dags/example_sla_dag.py
[2023-06-30T06:16:57.041+0000] {processor.py:753} INFO - DAG(s) dict_keys(['example_sla_dag']) retrieved from /home/airflow/.local/lib/python3.7/site-packages/airflow/example_dags/example_sla_dag.py
[2023-06-30T06:16:57.093+0000] {logging_mixin.py:137} INFO - [2023-06-30T06:16:57.093+0000] {dag.py:2676} INFO - Sync 1 DAGs
[2023-06-30T06:16:57.130+0000] {logging_mixin.py:137} INFO - [2023-06-30T06:16:57.130+0000] {dag.py:3427} INFO - Setting next_dagrun for example_sla_dag to 2023-06-30T06:14:00+00:00, run_after=2023-06-30T06:16:00+00:00
[2023-06-30T06:16:57.151+0000] {processor.py:175} INFO - Processing /home/airflow/.local/lib/python3.7/site-packages/airflow/example_dags/example_sla_dag.py took 0.155 seconds
