[2023-06-30T06:01:09.257+0000] {processor.py:153} INFO - Started process (PID=56) to work on /home/airflow/.local/lib/python3.7/site-packages/airflow/example_dags/example_branch_operator_decorator.py
[2023-06-30T06:01:09.260+0000] {processor.py:743} INFO - Processing file /home/airflow/.local/lib/python3.7/site-packages/airflow/example_dags/example_branch_operator_decorator.py for tasks to queue
[2023-06-30T06:01:09.264+0000] {logging_mixin.py:137} INFO - [2023-06-30T06:01:09.263+0000] {dagbag.py:538} INFO - Filling up the DagBag from /home/airflow/.local/lib/python3.7/site-packages/airflow/example_dags/example_branch_operator_decorator.py
[2023-06-30T06:01:09.312+0000] {processor.py:753} INFO - DAG(s) dict_keys(['example_branch_python_operator_decorator']) retrieved from /home/airflow/.local/lib/python3.7/site-packages/airflow/example_dags/example_branch_operator_decorator.py
[2023-06-30T06:01:09.347+0000] {logging_mixin.py:137} INFO - [2023-06-30T06:01:09.346+0000] {dag.py:2676} INFO - Sync 1 DAGs
[2023-06-30T06:01:09.394+0000] {logging_mixin.py:137} INFO - [2023-06-30T06:01:09.394+0000] {dag.py:3427} INFO - Setting next_dagrun for example_branch_python_operator_decorator to 2023-06-29T00:00:00+00:00, run_after=2023-06-30T00:00:00+00:00
[2023-06-30T06:01:09.432+0000] {processor.py:175} INFO - Processing /home/airflow/.local/lib/python3.7/site-packages/airflow/example_dags/example_branch_operator_decorator.py took 0.179 seconds
[2023-06-30T06:01:41.690+0000] {processor.py:153} INFO - Started process (PID=123) to work on /home/airflow/.local/lib/python3.7/site-packages/airflow/example_dags/example_branch_operator_decorator.py
[2023-06-30T06:01:41.693+0000] {processor.py:743} INFO - Processing file /home/airflow/.local/lib/python3.7/site-packages/airflow/example_dags/example_branch_operator_decorator.py for tasks to queue
[2023-06-30T06:01:41.696+0000] {logging_mixin.py:137} INFO - [2023-06-30T06:01:41.696+0000] {dagbag.py:538} INFO - Filling up the DagBag from /home/airflow/.local/lib/python3.7/site-packages/airflow/example_dags/example_branch_operator_decorator.py
[2023-06-30T06:01:41.759+0000] {processor.py:753} INFO - DAG(s) dict_keys(['example_branch_python_operator_decorator']) retrieved from /home/airflow/.local/lib/python3.7/site-packages/airflow/example_dags/example_branch_operator_decorator.py
[2023-06-30T06:01:41.845+0000] {logging_mixin.py:137} INFO - [2023-06-30T06:01:41.845+0000] {dag.py:2676} INFO - Sync 1 DAGs
[2023-06-30T06:01:41.901+0000] {logging_mixin.py:137} INFO - [2023-06-30T06:01:41.901+0000] {dag.py:3427} INFO - Setting next_dagrun for example_branch_python_operator_decorator to 2023-06-29T00:00:00+00:00, run_after=2023-06-30T00:00:00+00:00
[2023-06-30T06:01:41.954+0000] {processor.py:175} INFO - Processing /home/airflow/.local/lib/python3.7/site-packages/airflow/example_dags/example_branch_operator_decorator.py took 0.271 seconds
[2023-06-30T06:02:12.963+0000] {processor.py:153} INFO - Started process (PID=189) to work on /home/airflow/.local/lib/python3.7/site-packages/airflow/example_dags/example_branch_operator_decorator.py
[2023-06-30T06:02:12.967+0000] {processor.py:743} INFO - Processing file /home/airflow/.local/lib/python3.7/site-packages/airflow/example_dags/example_branch_operator_decorator.py for tasks to queue
[2023-06-30T06:02:12.970+0000] {logging_mixin.py:137} INFO - [2023-06-30T06:02:12.970+0000] {dagbag.py:538} INFO - Filling up the DagBag from /home/airflow/.local/lib/python3.7/site-packages/airflow/example_dags/example_branch_operator_decorator.py
[2023-06-30T06:02:13.028+0000] {processor.py:753} INFO - DAG(s) dict_keys(['example_branch_python_operator_decorator']) retrieved from /home/airflow/.local/lib/python3.7/site-packages/airflow/example_dags/example_branch_operator_decorator.py
[2023-06-30T06:02:13.117+0000] {logging_mixin.py:137} INFO - [2023-06-30T06:02:13.117+0000] {dag.py:2676} INFO - Sync 1 DAGs
[2023-06-30T06:02:13.172+0000] {logging_mixin.py:137} INFO - [2023-06-30T06:02:13.172+0000] {dag.py:3427} INFO - Setting next_dagrun for example_branch_python_operator_decorator to 2023-06-29T00:00:00+00:00, run_after=2023-06-30T00:00:00+00:00
[2023-06-30T06:02:13.217+0000] {processor.py:175} INFO - Processing /home/airflow/.local/lib/python3.7/site-packages/airflow/example_dags/example_branch_operator_decorator.py took 0.260 seconds
[2023-06-30T06:02:43.336+0000] {processor.py:153} INFO - Started process (PID=255) to work on /home/airflow/.local/lib/python3.7/site-packages/airflow/example_dags/example_branch_operator_decorator.py
[2023-06-30T06:02:43.341+0000] {processor.py:743} INFO - Processing file /home/airflow/.local/lib/python3.7/site-packages/airflow/example_dags/example_branch_operator_decorator.py for tasks to queue
[2023-06-30T06:02:43.345+0000] {logging_mixin.py:137} INFO - [2023-06-30T06:02:43.345+0000] {dagbag.py:538} INFO - Filling up the DagBag from /home/airflow/.local/lib/python3.7/site-packages/airflow/example_dags/example_branch_operator_decorator.py
[2023-06-30T06:02:43.391+0000] {processor.py:753} INFO - DAG(s) dict_keys(['example_branch_python_operator_decorator']) retrieved from /home/airflow/.local/lib/python3.7/site-packages/airflow/example_dags/example_branch_operator_decorator.py
[2023-06-30T06:02:43.469+0000] {logging_mixin.py:137} INFO - [2023-06-30T06:02:43.469+0000] {dag.py:2676} INFO - Sync 1 DAGs
[2023-06-30T06:02:43.512+0000] {logging_mixin.py:137} INFO - [2023-06-30T06:02:43.512+0000] {dag.py:3427} INFO - Setting next_dagrun for example_branch_python_operator_decorator to 2023-06-29T00:00:00+00:00, run_after=2023-06-30T00:00:00+00:00
[2023-06-30T06:02:43.553+0000] {processor.py:175} INFO - Processing /home/airflow/.local/lib/python3.7/site-packages/airflow/example_dags/example_branch_operator_decorator.py took 0.223 seconds
[2023-06-30T06:03:13.833+0000] {processor.py:153} INFO - Started process (PID=335) to work on /home/airflow/.local/lib/python3.7/site-packages/airflow/example_dags/example_branch_operator_decorator.py
[2023-06-30T06:03:13.836+0000] {processor.py:743} INFO - Processing file /home/airflow/.local/lib/python3.7/site-packages/airflow/example_dags/example_branch_operator_decorator.py for tasks to queue
[2023-06-30T06:03:13.839+0000] {logging_mixin.py:137} INFO - [2023-06-30T06:03:13.839+0000] {dagbag.py:538} INFO - Filling up the DagBag from /home/airflow/.local/lib/python3.7/site-packages/airflow/example_dags/example_branch_operator_decorator.py
[2023-06-30T06:03:13.880+0000] {processor.py:753} INFO - DAG(s) dict_keys(['example_branch_python_operator_decorator']) retrieved from /home/airflow/.local/lib/python3.7/site-packages/airflow/example_dags/example_branch_operator_decorator.py
[2023-06-30T06:03:13.946+0000] {logging_mixin.py:137} INFO - [2023-06-30T06:03:13.945+0000] {dag.py:2676} INFO - Sync 1 DAGs
[2023-06-30T06:03:13.986+0000] {logging_mixin.py:137} INFO - [2023-06-30T06:03:13.986+0000] {dag.py:3427} INFO - Setting next_dagrun for example_branch_python_operator_decorator to 2023-06-29T00:00:00+00:00, run_after=2023-06-30T00:00:00+00:00
[2023-06-30T06:03:14.018+0000] {processor.py:175} INFO - Processing /home/airflow/.local/lib/python3.7/site-packages/airflow/example_dags/example_branch_operator_decorator.py took 0.190 seconds
[2023-06-30T06:03:44.653+0000] {processor.py:153} INFO - Started process (PID=401) to work on /home/airflow/.local/lib/python3.7/site-packages/airflow/example_dags/example_branch_operator_decorator.py
[2023-06-30T06:03:44.655+0000] {processor.py:743} INFO - Processing file /home/airflow/.local/lib/python3.7/site-packages/airflow/example_dags/example_branch_operator_decorator.py for tasks to queue
[2023-06-30T06:03:44.658+0000] {logging_mixin.py:137} INFO - [2023-06-30T06:03:44.657+0000] {dagbag.py:538} INFO - Filling up the DagBag from /home/airflow/.local/lib/python3.7/site-packages/airflow/example_dags/example_branch_operator_decorator.py
[2023-06-30T06:03:44.698+0000] {processor.py:753} INFO - DAG(s) dict_keys(['example_branch_python_operator_decorator']) retrieved from /home/airflow/.local/lib/python3.7/site-packages/airflow/example_dags/example_branch_operator_decorator.py
[2023-06-30T06:03:44.757+0000] {logging_mixin.py:137} INFO - [2023-06-30T06:03:44.757+0000] {dag.py:2676} INFO - Sync 1 DAGs
[2023-06-30T06:03:44.796+0000] {logging_mixin.py:137} INFO - [2023-06-30T06:03:44.795+0000] {dag.py:3427} INFO - Setting next_dagrun for example_branch_python_operator_decorator to 2023-06-29T00:00:00+00:00, run_after=2023-06-30T00:00:00+00:00
[2023-06-30T06:03:44.821+0000] {processor.py:175} INFO - Processing /home/airflow/.local/lib/python3.7/site-packages/airflow/example_dags/example_branch_operator_decorator.py took 0.173 seconds
[2023-06-30T06:04:15.258+0000] {processor.py:153} INFO - Started process (PID=475) to work on /home/airflow/.local/lib/python3.7/site-packages/airflow/example_dags/example_branch_operator_decorator.py
[2023-06-30T06:04:15.260+0000] {processor.py:743} INFO - Processing file /home/airflow/.local/lib/python3.7/site-packages/airflow/example_dags/example_branch_operator_decorator.py for tasks to queue
[2023-06-30T06:04:15.264+0000] {logging_mixin.py:137} INFO - [2023-06-30T06:04:15.263+0000] {dagbag.py:538} INFO - Filling up the DagBag from /home/airflow/.local/lib/python3.7/site-packages/airflow/example_dags/example_branch_operator_decorator.py
[2023-06-30T06:04:15.306+0000] {processor.py:753} INFO - DAG(s) dict_keys(['example_branch_python_operator_decorator']) retrieved from /home/airflow/.local/lib/python3.7/site-packages/airflow/example_dags/example_branch_operator_decorator.py
[2023-06-30T06:04:15.368+0000] {logging_mixin.py:137} INFO - [2023-06-30T06:04:15.367+0000] {dag.py:2676} INFO - Sync 1 DAGs
[2023-06-30T06:04:15.406+0000] {logging_mixin.py:137} INFO - [2023-06-30T06:04:15.406+0000] {dag.py:3427} INFO - Setting next_dagrun for example_branch_python_operator_decorator to 2023-06-29T00:00:00+00:00, run_after=2023-06-30T00:00:00+00:00
[2023-06-30T06:04:15.438+0000] {processor.py:175} INFO - Processing /home/airflow/.local/lib/python3.7/site-packages/airflow/example_dags/example_branch_operator_decorator.py took 0.186 seconds
[2023-06-30T06:04:45.571+0000] {processor.py:153} INFO - Started process (PID=546) to work on /home/airflow/.local/lib/python3.7/site-packages/airflow/example_dags/example_branch_operator_decorator.py
[2023-06-30T06:04:45.575+0000] {processor.py:743} INFO - Processing file /home/airflow/.local/lib/python3.7/site-packages/airflow/example_dags/example_branch_operator_decorator.py for tasks to queue
[2023-06-30T06:04:45.579+0000] {logging_mixin.py:137} INFO - [2023-06-30T06:04:45.578+0000] {dagbag.py:538} INFO - Filling up the DagBag from /home/airflow/.local/lib/python3.7/site-packages/airflow/example_dags/example_branch_operator_decorator.py
[2023-06-30T06:04:45.618+0000] {processor.py:753} INFO - DAG(s) dict_keys(['example_branch_python_operator_decorator']) retrieved from /home/airflow/.local/lib/python3.7/site-packages/airflow/example_dags/example_branch_operator_decorator.py
[2023-06-30T06:04:45.678+0000] {logging_mixin.py:137} INFO - [2023-06-30T06:04:45.677+0000] {dag.py:2676} INFO - Sync 1 DAGs
[2023-06-30T06:04:45.718+0000] {logging_mixin.py:137} INFO - [2023-06-30T06:04:45.717+0000] {dag.py:3427} INFO - Setting next_dagrun for example_branch_python_operator_decorator to 2023-06-29T00:00:00+00:00, run_after=2023-06-30T00:00:00+00:00
[2023-06-30T06:04:45.744+0000] {processor.py:175} INFO - Processing /home/airflow/.local/lib/python3.7/site-packages/airflow/example_dags/example_branch_operator_decorator.py took 0.180 seconds
[2023-06-30T06:05:16.569+0000] {processor.py:153} INFO - Started process (PID=612) to work on /home/airflow/.local/lib/python3.7/site-packages/airflow/example_dags/example_branch_operator_decorator.py
[2023-06-30T06:05:16.571+0000] {processor.py:743} INFO - Processing file /home/airflow/.local/lib/python3.7/site-packages/airflow/example_dags/example_branch_operator_decorator.py for tasks to queue
[2023-06-30T06:05:16.572+0000] {logging_mixin.py:137} INFO - [2023-06-30T06:05:16.572+0000] {dagbag.py:538} INFO - Filling up the DagBag from /home/airflow/.local/lib/python3.7/site-packages/airflow/example_dags/example_branch_operator_decorator.py
[2023-06-30T06:05:16.611+0000] {processor.py:753} INFO - DAG(s) dict_keys(['example_branch_python_operator_decorator']) retrieved from /home/airflow/.local/lib/python3.7/site-packages/airflow/example_dags/example_branch_operator_decorator.py
[2023-06-30T06:05:16.707+0000] {logging_mixin.py:137} INFO - [2023-06-30T06:05:16.707+0000] {dag.py:2676} INFO - Sync 1 DAGs
[2023-06-30T06:05:16.771+0000] {logging_mixin.py:137} INFO - [2023-06-30T06:05:16.770+0000] {dag.py:3427} INFO - Setting next_dagrun for example_branch_python_operator_decorator to 2023-06-29T00:00:00+00:00, run_after=2023-06-30T00:00:00+00:00
[2023-06-30T06:05:16.810+0000] {processor.py:175} INFO - Processing /home/airflow/.local/lib/python3.7/site-packages/airflow/example_dags/example_branch_operator_decorator.py took 0.244 seconds
[2023-06-30T06:05:46.858+0000] {processor.py:153} INFO - Started process (PID=692) to work on /home/airflow/.local/lib/python3.7/site-packages/airflow/example_dags/example_branch_operator_decorator.py
[2023-06-30T06:05:46.860+0000] {processor.py:743} INFO - Processing file /home/airflow/.local/lib/python3.7/site-packages/airflow/example_dags/example_branch_operator_decorator.py for tasks to queue
[2023-06-30T06:05:46.862+0000] {logging_mixin.py:137} INFO - [2023-06-30T06:05:46.862+0000] {dagbag.py:538} INFO - Filling up the DagBag from /home/airflow/.local/lib/python3.7/site-packages/airflow/example_dags/example_branch_operator_decorator.py
[2023-06-30T06:05:46.898+0000] {processor.py:753} INFO - DAG(s) dict_keys(['example_branch_python_operator_decorator']) retrieved from /home/airflow/.local/lib/python3.7/site-packages/airflow/example_dags/example_branch_operator_decorator.py
[2023-06-30T06:05:46.948+0000] {logging_mixin.py:137} INFO - [2023-06-30T06:05:46.948+0000] {dag.py:2676} INFO - Sync 1 DAGs
[2023-06-30T06:05:46.981+0000] {logging_mixin.py:137} INFO - [2023-06-30T06:05:46.981+0000] {dag.py:3427} INFO - Setting next_dagrun for example_branch_python_operator_decorator to 2023-06-29T00:00:00+00:00, run_after=2023-06-30T00:00:00+00:00
[2023-06-30T06:05:47.004+0000] {processor.py:175} INFO - Processing /home/airflow/.local/lib/python3.7/site-packages/airflow/example_dags/example_branch_operator_decorator.py took 0.151 seconds
[2023-06-30T06:06:17.213+0000] {processor.py:153} INFO - Started process (PID=759) to work on /home/airflow/.local/lib/python3.7/site-packages/airflow/example_dags/example_branch_operator_decorator.py
[2023-06-30T06:06:17.215+0000] {processor.py:743} INFO - Processing file /home/airflow/.local/lib/python3.7/site-packages/airflow/example_dags/example_branch_operator_decorator.py for tasks to queue
[2023-06-30T06:06:17.217+0000] {logging_mixin.py:137} INFO - [2023-06-30T06:06:17.217+0000] {dagbag.py:538} INFO - Filling up the DagBag from /home/airflow/.local/lib/python3.7/site-packages/airflow/example_dags/example_branch_operator_decorator.py
[2023-06-30T06:06:17.255+0000] {processor.py:753} INFO - DAG(s) dict_keys(['example_branch_python_operator_decorator']) retrieved from /home/airflow/.local/lib/python3.7/site-packages/airflow/example_dags/example_branch_operator_decorator.py
[2023-06-30T06:06:17.309+0000] {logging_mixin.py:137} INFO - [2023-06-30T06:06:17.309+0000] {dag.py:2676} INFO - Sync 1 DAGs
[2023-06-30T06:06:17.345+0000] {logging_mixin.py:137} INFO - [2023-06-30T06:06:17.345+0000] {dag.py:3427} INFO - Setting next_dagrun for example_branch_python_operator_decorator to 2023-06-29T00:00:00+00:00, run_after=2023-06-30T00:00:00+00:00
[2023-06-30T06:06:17.379+0000] {processor.py:175} INFO - Processing /home/airflow/.local/lib/python3.7/site-packages/airflow/example_dags/example_branch_operator_decorator.py took 0.170 seconds
[2023-06-30T06:06:47.559+0000] {processor.py:153} INFO - Started process (PID=834) to work on /home/airflow/.local/lib/python3.7/site-packages/airflow/example_dags/example_branch_operator_decorator.py
[2023-06-30T06:06:47.562+0000] {processor.py:743} INFO - Processing file /home/airflow/.local/lib/python3.7/site-packages/airflow/example_dags/example_branch_operator_decorator.py for tasks to queue
[2023-06-30T06:06:47.565+0000] {logging_mixin.py:137} INFO - [2023-06-30T06:06:47.564+0000] {dagbag.py:538} INFO - Filling up the DagBag from /home/airflow/.local/lib/python3.7/site-packages/airflow/example_dags/example_branch_operator_decorator.py
[2023-06-30T06:06:47.604+0000] {processor.py:753} INFO - DAG(s) dict_keys(['example_branch_python_operator_decorator']) retrieved from /home/airflow/.local/lib/python3.7/site-packages/airflow/example_dags/example_branch_operator_decorator.py
[2023-06-30T06:06:47.677+0000] {logging_mixin.py:137} INFO - [2023-06-30T06:06:47.677+0000] {dag.py:2676} INFO - Sync 1 DAGs
[2023-06-30T06:06:47.716+0000] {logging_mixin.py:137} INFO - [2023-06-30T06:06:47.716+0000] {dag.py:3427} INFO - Setting next_dagrun for example_branch_python_operator_decorator to 2023-06-29T00:00:00+00:00, run_after=2023-06-30T00:00:00+00:00
[2023-06-30T06:06:47.743+0000] {processor.py:175} INFO - Processing /home/airflow/.local/lib/python3.7/site-packages/airflow/example_dags/example_branch_operator_decorator.py took 0.192 seconds
[2023-06-30T06:07:17.942+0000] {processor.py:153} INFO - Started process (PID=905) to work on /home/airflow/.local/lib/python3.7/site-packages/airflow/example_dags/example_branch_operator_decorator.py
[2023-06-30T06:07:17.945+0000] {processor.py:743} INFO - Processing file /home/airflow/.local/lib/python3.7/site-packages/airflow/example_dags/example_branch_operator_decorator.py for tasks to queue
[2023-06-30T06:07:17.946+0000] {logging_mixin.py:137} INFO - [2023-06-30T06:07:17.946+0000] {dagbag.py:538} INFO - Filling up the DagBag from /home/airflow/.local/lib/python3.7/site-packages/airflow/example_dags/example_branch_operator_decorator.py
[2023-06-30T06:07:17.981+0000] {processor.py:753} INFO - DAG(s) dict_keys(['example_branch_python_operator_decorator']) retrieved from /home/airflow/.local/lib/python3.7/site-packages/airflow/example_dags/example_branch_operator_decorator.py
[2023-06-30T06:07:18.034+0000] {logging_mixin.py:137} INFO - [2023-06-30T06:07:18.034+0000] {dag.py:2676} INFO - Sync 1 DAGs
[2023-06-30T06:07:18.071+0000] {logging_mixin.py:137} INFO - [2023-06-30T06:07:18.071+0000] {dag.py:3427} INFO - Setting next_dagrun for example_branch_python_operator_decorator to 2023-06-29T00:00:00+00:00, run_after=2023-06-30T00:00:00+00:00
[2023-06-30T06:07:18.096+0000] {processor.py:175} INFO - Processing /home/airflow/.local/lib/python3.7/site-packages/airflow/example_dags/example_branch_operator_decorator.py took 0.158 seconds
[2023-06-30T06:07:49.505+0000] {processor.py:153} INFO - Started process (PID=971) to work on /home/airflow/.local/lib/python3.7/site-packages/airflow/example_dags/example_branch_operator_decorator.py
[2023-06-30T06:07:49.508+0000] {processor.py:743} INFO - Processing file /home/airflow/.local/lib/python3.7/site-packages/airflow/example_dags/example_branch_operator_decorator.py for tasks to queue
[2023-06-30T06:07:49.511+0000] {logging_mixin.py:137} INFO - [2023-06-30T06:07:49.511+0000] {dagbag.py:538} INFO - Filling up the DagBag from /home/airflow/.local/lib/python3.7/site-packages/airflow/example_dags/example_branch_operator_decorator.py
[2023-06-30T06:07:49.557+0000] {processor.py:753} INFO - DAG(s) dict_keys(['example_branch_python_operator_decorator']) retrieved from /home/airflow/.local/lib/python3.7/site-packages/airflow/example_dags/example_branch_operator_decorator.py
[2023-06-30T06:07:49.606+0000] {logging_mixin.py:137} INFO - [2023-06-30T06:07:49.606+0000] {dag.py:2676} INFO - Sync 1 DAGs
[2023-06-30T06:07:49.669+0000] {logging_mixin.py:137} INFO - [2023-06-30T06:07:49.669+0000] {dag.py:3427} INFO - Setting next_dagrun for example_branch_python_operator_decorator to 2023-06-29T00:00:00+00:00, run_after=2023-06-30T00:00:00+00:00
[2023-06-30T06:07:49.708+0000] {processor.py:175} INFO - Processing /home/airflow/.local/lib/python3.7/site-packages/airflow/example_dags/example_branch_operator_decorator.py took 0.209 seconds
[2023-06-30T06:08:20.283+0000] {processor.py:153} INFO - Started process (PID=1050) to work on /home/airflow/.local/lib/python3.7/site-packages/airflow/example_dags/example_branch_operator_decorator.py
[2023-06-30T06:08:20.287+0000] {processor.py:743} INFO - Processing file /home/airflow/.local/lib/python3.7/site-packages/airflow/example_dags/example_branch_operator_decorator.py for tasks to queue
[2023-06-30T06:08:20.289+0000] {logging_mixin.py:137} INFO - [2023-06-30T06:08:20.289+0000] {dagbag.py:538} INFO - Filling up the DagBag from /home/airflow/.local/lib/python3.7/site-packages/airflow/example_dags/example_branch_operator_decorator.py
[2023-06-30T06:08:20.337+0000] {processor.py:753} INFO - DAG(s) dict_keys(['example_branch_python_operator_decorator']) retrieved from /home/airflow/.local/lib/python3.7/site-packages/airflow/example_dags/example_branch_operator_decorator.py
[2023-06-30T06:08:20.403+0000] {logging_mixin.py:137} INFO - [2023-06-30T06:08:20.403+0000] {dag.py:2676} INFO - Sync 1 DAGs
[2023-06-30T06:08:20.446+0000] {logging_mixin.py:137} INFO - [2023-06-30T06:08:20.445+0000] {dag.py:3427} INFO - Setting next_dagrun for example_branch_python_operator_decorator to 2023-06-29T00:00:00+00:00, run_after=2023-06-30T00:00:00+00:00
[2023-06-30T06:08:20.476+0000] {processor.py:175} INFO - Processing /home/airflow/.local/lib/python3.7/site-packages/airflow/example_dags/example_branch_operator_decorator.py took 0.199 seconds
[2023-06-30T06:08:50.807+0000] {processor.py:153} INFO - Started process (PID=1116) to work on /home/airflow/.local/lib/python3.7/site-packages/airflow/example_dags/example_branch_operator_decorator.py
[2023-06-30T06:08:50.811+0000] {processor.py:743} INFO - Processing file /home/airflow/.local/lib/python3.7/site-packages/airflow/example_dags/example_branch_operator_decorator.py for tasks to queue
[2023-06-30T06:08:50.814+0000] {logging_mixin.py:137} INFO - [2023-06-30T06:08:50.814+0000] {dagbag.py:538} INFO - Filling up the DagBag from /home/airflow/.local/lib/python3.7/site-packages/airflow/example_dags/example_branch_operator_decorator.py
[2023-06-30T06:08:50.913+0000] {processor.py:753} INFO - DAG(s) dict_keys(['example_branch_python_operator_decorator']) retrieved from /home/airflow/.local/lib/python3.7/site-packages/airflow/example_dags/example_branch_operator_decorator.py
[2023-06-30T06:08:51.024+0000] {logging_mixin.py:137} INFO - [2023-06-30T06:08:51.024+0000] {dag.py:2676} INFO - Sync 1 DAGs
[2023-06-30T06:08:51.084+0000] {logging_mixin.py:137} INFO - [2023-06-30T06:08:51.083+0000] {dag.py:3427} INFO - Setting next_dagrun for example_branch_python_operator_decorator to 2023-06-29T00:00:00+00:00, run_after=2023-06-30T00:00:00+00:00
[2023-06-30T06:08:51.126+0000] {processor.py:175} INFO - Processing /home/airflow/.local/lib/python3.7/site-packages/airflow/example_dags/example_branch_operator_decorator.py took 0.325 seconds
[2023-06-30T06:09:21.261+0000] {processor.py:153} INFO - Started process (PID=1182) to work on /home/airflow/.local/lib/python3.7/site-packages/airflow/example_dags/example_branch_operator_decorator.py
[2023-06-30T06:09:21.264+0000] {processor.py:743} INFO - Processing file /home/airflow/.local/lib/python3.7/site-packages/airflow/example_dags/example_branch_operator_decorator.py for tasks to queue
[2023-06-30T06:09:21.266+0000] {logging_mixin.py:137} INFO - [2023-06-30T06:09:21.266+0000] {dagbag.py:538} INFO - Filling up the DagBag from /home/airflow/.local/lib/python3.7/site-packages/airflow/example_dags/example_branch_operator_decorator.py
[2023-06-30T06:09:21.305+0000] {processor.py:753} INFO - DAG(s) dict_keys(['example_branch_python_operator_decorator']) retrieved from /home/airflow/.local/lib/python3.7/site-packages/airflow/example_dags/example_branch_operator_decorator.py
[2023-06-30T06:09:21.364+0000] {logging_mixin.py:137} INFO - [2023-06-30T06:09:21.364+0000] {dag.py:2676} INFO - Sync 1 DAGs
[2023-06-30T06:09:21.410+0000] {logging_mixin.py:137} INFO - [2023-06-30T06:09:21.410+0000] {dag.py:3427} INFO - Setting next_dagrun for example_branch_python_operator_decorator to 2023-06-29T00:00:00+00:00, run_after=2023-06-30T00:00:00+00:00
[2023-06-30T06:09:21.443+0000] {processor.py:175} INFO - Processing /home/airflow/.local/lib/python3.7/site-packages/airflow/example_dags/example_branch_operator_decorator.py took 0.188 seconds
[2023-06-30T06:09:51.585+0000] {processor.py:153} INFO - Started process (PID=1262) to work on /home/airflow/.local/lib/python3.7/site-packages/airflow/example_dags/example_branch_operator_decorator.py
[2023-06-30T06:09:51.588+0000] {processor.py:743} INFO - Processing file /home/airflow/.local/lib/python3.7/site-packages/airflow/example_dags/example_branch_operator_decorator.py for tasks to queue
[2023-06-30T06:09:51.590+0000] {logging_mixin.py:137} INFO - [2023-06-30T06:09:51.590+0000] {dagbag.py:538} INFO - Filling up the DagBag from /home/airflow/.local/lib/python3.7/site-packages/airflow/example_dags/example_branch_operator_decorator.py
[2023-06-30T06:09:51.624+0000] {processor.py:753} INFO - DAG(s) dict_keys(['example_branch_python_operator_decorator']) retrieved from /home/airflow/.local/lib/python3.7/site-packages/airflow/example_dags/example_branch_operator_decorator.py
[2023-06-30T06:09:51.678+0000] {logging_mixin.py:137} INFO - [2023-06-30T06:09:51.678+0000] {dag.py:2676} INFO - Sync 1 DAGs
[2023-06-30T06:09:51.719+0000] {logging_mixin.py:137} INFO - [2023-06-30T06:09:51.719+0000] {dag.py:3427} INFO - Setting next_dagrun for example_branch_python_operator_decorator to 2023-06-29T00:00:00+00:00, run_after=2023-06-30T00:00:00+00:00
[2023-06-30T06:09:51.748+0000] {processor.py:175} INFO - Processing /home/airflow/.local/lib/python3.7/site-packages/airflow/example_dags/example_branch_operator_decorator.py took 0.168 seconds
[2023-06-30T06:10:22.465+0000] {processor.py:153} INFO - Started process (PID=1328) to work on /home/airflow/.local/lib/python3.7/site-packages/airflow/example_dags/example_branch_operator_decorator.py
[2023-06-30T06:10:22.467+0000] {processor.py:743} INFO - Processing file /home/airflow/.local/lib/python3.7/site-packages/airflow/example_dags/example_branch_operator_decorator.py for tasks to queue
[2023-06-30T06:10:22.470+0000] {logging_mixin.py:137} INFO - [2023-06-30T06:10:22.469+0000] {dagbag.py:538} INFO - Filling up the DagBag from /home/airflow/.local/lib/python3.7/site-packages/airflow/example_dags/example_branch_operator_decorator.py
[2023-06-30T06:10:22.530+0000] {processor.py:753} INFO - DAG(s) dict_keys(['example_branch_python_operator_decorator']) retrieved from /home/airflow/.local/lib/python3.7/site-packages/airflow/example_dags/example_branch_operator_decorator.py
[2023-06-30T06:10:22.658+0000] {logging_mixin.py:137} INFO - [2023-06-30T06:10:22.658+0000] {dag.py:2676} INFO - Sync 1 DAGs
[2023-06-30T06:10:22.802+0000] {logging_mixin.py:137} INFO - [2023-06-30T06:10:22.802+0000] {dag.py:3427} INFO - Setting next_dagrun for example_branch_python_operator_decorator to 2023-06-29T00:00:00+00:00, run_after=2023-06-30T00:00:00+00:00
[2023-06-30T06:10:22.914+0000] {processor.py:175} INFO - Processing /home/airflow/.local/lib/python3.7/site-packages/airflow/example_dags/example_branch_operator_decorator.py took 0.456 seconds
[2023-06-30T06:10:53.432+0000] {processor.py:153} INFO - Started process (PID=1403) to work on /home/airflow/.local/lib/python3.7/site-packages/airflow/example_dags/example_branch_operator_decorator.py
[2023-06-30T06:10:53.436+0000] {processor.py:743} INFO - Processing file /home/airflow/.local/lib/python3.7/site-packages/airflow/example_dags/example_branch_operator_decorator.py for tasks to queue
[2023-06-30T06:10:53.438+0000] {logging_mixin.py:137} INFO - [2023-06-30T06:10:53.438+0000] {dagbag.py:538} INFO - Filling up the DagBag from /home/airflow/.local/lib/python3.7/site-packages/airflow/example_dags/example_branch_operator_decorator.py
[2023-06-30T06:10:53.482+0000] {processor.py:753} INFO - DAG(s) dict_keys(['example_branch_python_operator_decorator']) retrieved from /home/airflow/.local/lib/python3.7/site-packages/airflow/example_dags/example_branch_operator_decorator.py
[2023-06-30T06:10:53.548+0000] {logging_mixin.py:137} INFO - [2023-06-30T06:10:53.548+0000] {dag.py:2676} INFO - Sync 1 DAGs
[2023-06-30T06:10:53.594+0000] {logging_mixin.py:137} INFO - [2023-06-30T06:10:53.594+0000] {dag.py:3427} INFO - Setting next_dagrun for example_branch_python_operator_decorator to 2023-06-29T00:00:00+00:00, run_after=2023-06-30T00:00:00+00:00
[2023-06-30T06:10:53.626+0000] {processor.py:175} INFO - Processing /home/airflow/.local/lib/python3.7/site-packages/airflow/example_dags/example_branch_operator_decorator.py took 0.200 seconds
[2023-06-30T06:11:23.853+0000] {processor.py:153} INFO - Started process (PID=1474) to work on /home/airflow/.local/lib/python3.7/site-packages/airflow/example_dags/example_branch_operator_decorator.py
[2023-06-30T06:11:23.856+0000] {processor.py:743} INFO - Processing file /home/airflow/.local/lib/python3.7/site-packages/airflow/example_dags/example_branch_operator_decorator.py for tasks to queue
[2023-06-30T06:11:23.858+0000] {logging_mixin.py:137} INFO - [2023-06-30T06:11:23.857+0000] {dagbag.py:538} INFO - Filling up the DagBag from /home/airflow/.local/lib/python3.7/site-packages/airflow/example_dags/example_branch_operator_decorator.py
[2023-06-30T06:11:23.899+0000] {processor.py:753} INFO - DAG(s) dict_keys(['example_branch_python_operator_decorator']) retrieved from /home/airflow/.local/lib/python3.7/site-packages/airflow/example_dags/example_branch_operator_decorator.py
[2023-06-30T06:11:23.956+0000] {logging_mixin.py:137} INFO - [2023-06-30T06:11:23.956+0000] {dag.py:2676} INFO - Sync 1 DAGs
[2023-06-30T06:11:23.997+0000] {logging_mixin.py:137} INFO - [2023-06-30T06:11:23.997+0000] {dag.py:3427} INFO - Setting next_dagrun for example_branch_python_operator_decorator to 2023-06-29T00:00:00+00:00, run_after=2023-06-30T00:00:00+00:00
[2023-06-30T06:11:24.025+0000] {processor.py:175} INFO - Processing /home/airflow/.local/lib/python3.7/site-packages/airflow/example_dags/example_branch_operator_decorator.py took 0.176 seconds
[2023-06-30T06:11:54.233+0000] {processor.py:153} INFO - Started process (PID=1540) to work on /home/airflow/.local/lib/python3.7/site-packages/airflow/example_dags/example_branch_operator_decorator.py
[2023-06-30T06:11:54.235+0000] {processor.py:743} INFO - Processing file /home/airflow/.local/lib/python3.7/site-packages/airflow/example_dags/example_branch_operator_decorator.py for tasks to queue
[2023-06-30T06:11:54.237+0000] {logging_mixin.py:137} INFO - [2023-06-30T06:11:54.237+0000] {dagbag.py:538} INFO - Filling up the DagBag from /home/airflow/.local/lib/python3.7/site-packages/airflow/example_dags/example_branch_operator_decorator.py
[2023-06-30T06:11:54.274+0000] {processor.py:753} INFO - DAG(s) dict_keys(['example_branch_python_operator_decorator']) retrieved from /home/airflow/.local/lib/python3.7/site-packages/airflow/example_dags/example_branch_operator_decorator.py
[2023-06-30T06:11:54.329+0000] {logging_mixin.py:137} INFO - [2023-06-30T06:11:54.329+0000] {dag.py:2676} INFO - Sync 1 DAGs
[2023-06-30T06:11:54.369+0000] {logging_mixin.py:137} INFO - [2023-06-30T06:11:54.369+0000] {dag.py:3427} INFO - Setting next_dagrun for example_branch_python_operator_decorator to 2023-06-29T00:00:00+00:00, run_after=2023-06-30T00:00:00+00:00
[2023-06-30T06:11:54.393+0000] {processor.py:175} INFO - Processing /home/airflow/.local/lib/python3.7/site-packages/airflow/example_dags/example_branch_operator_decorator.py took 0.165 seconds
[2023-06-30T06:12:25.249+0000] {processor.py:153} INFO - Started process (PID=1620) to work on /home/airflow/.local/lib/python3.7/site-packages/airflow/example_dags/example_branch_operator_decorator.py
[2023-06-30T06:12:25.257+0000] {processor.py:743} INFO - Processing file /home/airflow/.local/lib/python3.7/site-packages/airflow/example_dags/example_branch_operator_decorator.py for tasks to queue
[2023-06-30T06:12:25.260+0000] {logging_mixin.py:137} INFO - [2023-06-30T06:12:25.260+0000] {dagbag.py:538} INFO - Filling up the DagBag from /home/airflow/.local/lib/python3.7/site-packages/airflow/example_dags/example_branch_operator_decorator.py
[2023-06-30T06:12:25.313+0000] {processor.py:753} INFO - DAG(s) dict_keys(['example_branch_python_operator_decorator']) retrieved from /home/airflow/.local/lib/python3.7/site-packages/airflow/example_dags/example_branch_operator_decorator.py
[2023-06-30T06:12:25.827+0000] {logging_mixin.py:137} INFO - [2023-06-30T06:12:25.826+0000] {dag.py:2676} INFO - Sync 1 DAGs
[2023-06-30T06:12:26.002+0000] {logging_mixin.py:137} INFO - [2023-06-30T06:12:26.001+0000] {dag.py:3427} INFO - Setting next_dagrun for example_branch_python_operator_decorator to 2023-06-29T00:00:00+00:00, run_after=2023-06-30T00:00:00+00:00
[2023-06-30T06:12:26.061+0000] {processor.py:175} INFO - Processing /home/airflow/.local/lib/python3.7/site-packages/airflow/example_dags/example_branch_operator_decorator.py took 0.818 seconds
[2023-06-30T06:12:56.380+0000] {processor.py:153} INFO - Started process (PID=1686) to work on /home/airflow/.local/lib/python3.7/site-packages/airflow/example_dags/example_branch_operator_decorator.py
[2023-06-30T06:12:56.383+0000] {processor.py:743} INFO - Processing file /home/airflow/.local/lib/python3.7/site-packages/airflow/example_dags/example_branch_operator_decorator.py for tasks to queue
[2023-06-30T06:12:56.385+0000] {logging_mixin.py:137} INFO - [2023-06-30T06:12:56.385+0000] {dagbag.py:538} INFO - Filling up the DagBag from /home/airflow/.local/lib/python3.7/site-packages/airflow/example_dags/example_branch_operator_decorator.py
[2023-06-30T06:12:56.420+0000] {processor.py:753} INFO - DAG(s) dict_keys(['example_branch_python_operator_decorator']) retrieved from /home/airflow/.local/lib/python3.7/site-packages/airflow/example_dags/example_branch_operator_decorator.py
[2023-06-30T06:12:56.474+0000] {logging_mixin.py:137} INFO - [2023-06-30T06:12:56.474+0000] {dag.py:2676} INFO - Sync 1 DAGs
[2023-06-30T06:12:56.509+0000] {logging_mixin.py:137} INFO - [2023-06-30T06:12:56.509+0000] {dag.py:3427} INFO - Setting next_dagrun for example_branch_python_operator_decorator to 2023-06-29T00:00:00+00:00, run_after=2023-06-30T00:00:00+00:00
[2023-06-30T06:12:56.531+0000] {processor.py:175} INFO - Processing /home/airflow/.local/lib/python3.7/site-packages/airflow/example_dags/example_branch_operator_decorator.py took 0.156 seconds
[2023-06-30T06:13:26.622+0000] {processor.py:153} INFO - Started process (PID=1759) to work on /home/airflow/.local/lib/python3.7/site-packages/airflow/example_dags/example_branch_operator_decorator.py
[2023-06-30T06:13:26.625+0000] {processor.py:743} INFO - Processing file /home/airflow/.local/lib/python3.7/site-packages/airflow/example_dags/example_branch_operator_decorator.py for tasks to queue
[2023-06-30T06:13:26.628+0000] {logging_mixin.py:137} INFO - [2023-06-30T06:13:26.628+0000] {dagbag.py:538} INFO - Filling up the DagBag from /home/airflow/.local/lib/python3.7/site-packages/airflow/example_dags/example_branch_operator_decorator.py
[2023-06-30T06:13:26.677+0000] {processor.py:753} INFO - DAG(s) dict_keys(['example_branch_python_operator_decorator']) retrieved from /home/airflow/.local/lib/python3.7/site-packages/airflow/example_dags/example_branch_operator_decorator.py
[2023-06-30T06:13:26.750+0000] {logging_mixin.py:137} INFO - [2023-06-30T06:13:26.750+0000] {dag.py:2676} INFO - Sync 1 DAGs
[2023-06-30T06:13:26.795+0000] {logging_mixin.py:137} INFO - [2023-06-30T06:13:26.795+0000] {dag.py:3427} INFO - Setting next_dagrun for example_branch_python_operator_decorator to 2023-06-29T00:00:00+00:00, run_after=2023-06-30T00:00:00+00:00
[2023-06-30T06:13:26.832+0000] {processor.py:175} INFO - Processing /home/airflow/.local/lib/python3.7/site-packages/airflow/example_dags/example_branch_operator_decorator.py took 0.216 seconds
[2023-06-30T06:13:56.918+0000] {processor.py:153} INFO - Started process (PID=1832) to work on /home/airflow/.local/lib/python3.7/site-packages/airflow/example_dags/example_branch_operator_decorator.py
[2023-06-30T06:13:56.921+0000] {processor.py:743} INFO - Processing file /home/airflow/.local/lib/python3.7/site-packages/airflow/example_dags/example_branch_operator_decorator.py for tasks to queue
[2023-06-30T06:13:56.923+0000] {logging_mixin.py:137} INFO - [2023-06-30T06:13:56.923+0000] {dagbag.py:538} INFO - Filling up the DagBag from /home/airflow/.local/lib/python3.7/site-packages/airflow/example_dags/example_branch_operator_decorator.py
[2023-06-30T06:13:56.965+0000] {processor.py:753} INFO - DAG(s) dict_keys(['example_branch_python_operator_decorator']) retrieved from /home/airflow/.local/lib/python3.7/site-packages/airflow/example_dags/example_branch_operator_decorator.py
[2023-06-30T06:13:57.025+0000] {logging_mixin.py:137} INFO - [2023-06-30T06:13:57.025+0000] {dag.py:2676} INFO - Sync 1 DAGs
[2023-06-30T06:13:57.089+0000] {logging_mixin.py:137} INFO - [2023-06-30T06:13:57.089+0000] {dag.py:3427} INFO - Setting next_dagrun for example_branch_python_operator_decorator to 2023-06-29T00:00:00+00:00, run_after=2023-06-30T00:00:00+00:00
[2023-06-30T06:13:57.140+0000] {processor.py:175} INFO - Processing /home/airflow/.local/lib/python3.7/site-packages/airflow/example_dags/example_branch_operator_decorator.py took 0.229 seconds
[2023-06-30T06:14:27.551+0000] {processor.py:153} INFO - Started process (PID=1898) to work on /home/airflow/.local/lib/python3.7/site-packages/airflow/example_dags/example_branch_operator_decorator.py
[2023-06-30T06:14:27.553+0000] {processor.py:743} INFO - Processing file /home/airflow/.local/lib/python3.7/site-packages/airflow/example_dags/example_branch_operator_decorator.py for tasks to queue
[2023-06-30T06:14:27.555+0000] {logging_mixin.py:137} INFO - [2023-06-30T06:14:27.555+0000] {dagbag.py:538} INFO - Filling up the DagBag from /home/airflow/.local/lib/python3.7/site-packages/airflow/example_dags/example_branch_operator_decorator.py
[2023-06-30T06:14:27.588+0000] {processor.py:753} INFO - DAG(s) dict_keys(['example_branch_python_operator_decorator']) retrieved from /home/airflow/.local/lib/python3.7/site-packages/airflow/example_dags/example_branch_operator_decorator.py
[2023-06-30T06:14:27.640+0000] {logging_mixin.py:137} INFO - [2023-06-30T06:14:27.640+0000] {dag.py:2676} INFO - Sync 1 DAGs
[2023-06-30T06:14:27.675+0000] {logging_mixin.py:137} INFO - [2023-06-30T06:14:27.675+0000] {dag.py:3427} INFO - Setting next_dagrun for example_branch_python_operator_decorator to 2023-06-29T00:00:00+00:00, run_after=2023-06-30T00:00:00+00:00
[2023-06-30T06:14:27.700+0000] {processor.py:175} INFO - Processing /home/airflow/.local/lib/python3.7/site-packages/airflow/example_dags/example_branch_operator_decorator.py took 0.155 seconds
[2023-06-30T06:14:58.137+0000] {processor.py:153} INFO - Started process (PID=1978) to work on /home/airflow/.local/lib/python3.7/site-packages/airflow/example_dags/example_branch_operator_decorator.py
[2023-06-30T06:14:58.139+0000] {processor.py:743} INFO - Processing file /home/airflow/.local/lib/python3.7/site-packages/airflow/example_dags/example_branch_operator_decorator.py for tasks to queue
[2023-06-30T06:14:58.140+0000] {logging_mixin.py:137} INFO - [2023-06-30T06:14:58.140+0000] {dagbag.py:538} INFO - Filling up the DagBag from /home/airflow/.local/lib/python3.7/site-packages/airflow/example_dags/example_branch_operator_decorator.py
[2023-06-30T06:14:58.174+0000] {processor.py:753} INFO - DAG(s) dict_keys(['example_branch_python_operator_decorator']) retrieved from /home/airflow/.local/lib/python3.7/site-packages/airflow/example_dags/example_branch_operator_decorator.py
[2023-06-30T06:14:58.210+0000] {logging_mixin.py:137} INFO - [2023-06-30T06:14:58.210+0000] {dag.py:2676} INFO - Sync 1 DAGs
[2023-06-30T06:14:58.247+0000] {logging_mixin.py:137} INFO - [2023-06-30T06:14:58.247+0000] {dag.py:3427} INFO - Setting next_dagrun for example_branch_python_operator_decorator to 2023-06-29T00:00:00+00:00, run_after=2023-06-30T00:00:00+00:00
[2023-06-30T06:14:58.271+0000] {processor.py:175} INFO - Processing /home/airflow/.local/lib/python3.7/site-packages/airflow/example_dags/example_branch_operator_decorator.py took 0.138 seconds
[2023-06-30T06:15:28.971+0000] {processor.py:153} INFO - Started process (PID=2044) to work on /home/airflow/.local/lib/python3.7/site-packages/airflow/example_dags/example_branch_operator_decorator.py
[2023-06-30T06:15:28.974+0000] {processor.py:743} INFO - Processing file /home/airflow/.local/lib/python3.7/site-packages/airflow/example_dags/example_branch_operator_decorator.py for tasks to queue
[2023-06-30T06:15:28.977+0000] {logging_mixin.py:137} INFO - [2023-06-30T06:15:28.977+0000] {dagbag.py:538} INFO - Filling up the DagBag from /home/airflow/.local/lib/python3.7/site-packages/airflow/example_dags/example_branch_operator_decorator.py
[2023-06-30T06:15:29.014+0000] {processor.py:753} INFO - DAG(s) dict_keys(['example_branch_python_operator_decorator']) retrieved from /home/airflow/.local/lib/python3.7/site-packages/airflow/example_dags/example_branch_operator_decorator.py
[2023-06-30T06:15:29.048+0000] {logging_mixin.py:137} INFO - [2023-06-30T06:15:29.048+0000] {dag.py:2676} INFO - Sync 1 DAGs
[2023-06-30T06:15:29.086+0000] {logging_mixin.py:137} INFO - [2023-06-30T06:15:29.086+0000] {dag.py:3427} INFO - Setting next_dagrun for example_branch_python_operator_decorator to 2023-06-29T00:00:00+00:00, run_after=2023-06-30T00:00:00+00:00
[2023-06-30T06:15:29.111+0000] {processor.py:175} INFO - Processing /home/airflow/.local/lib/python3.7/site-packages/airflow/example_dags/example_branch_operator_decorator.py took 0.146 seconds
[2023-06-30T06:15:59.624+0000] {processor.py:153} INFO - Started process (PID=2110) to work on /home/airflow/.local/lib/python3.7/site-packages/airflow/example_dags/example_branch_operator_decorator.py
[2023-06-30T06:15:59.626+0000] {processor.py:743} INFO - Processing file /home/airflow/.local/lib/python3.7/site-packages/airflow/example_dags/example_branch_operator_decorator.py for tasks to queue
[2023-06-30T06:15:59.628+0000] {logging_mixin.py:137} INFO - [2023-06-30T06:15:59.627+0000] {dagbag.py:538} INFO - Filling up the DagBag from /home/airflow/.local/lib/python3.7/site-packages/airflow/example_dags/example_branch_operator_decorator.py
[2023-06-30T06:15:59.688+0000] {processor.py:753} INFO - DAG(s) dict_keys(['example_branch_python_operator_decorator']) retrieved from /home/airflow/.local/lib/python3.7/site-packages/airflow/example_dags/example_branch_operator_decorator.py
[2023-06-30T06:15:59.753+0000] {logging_mixin.py:137} INFO - [2023-06-30T06:15:59.753+0000] {dag.py:2676} INFO - Sync 1 DAGs
[2023-06-30T06:15:59.799+0000] {logging_mixin.py:137} INFO - [2023-06-30T06:15:59.799+0000] {dag.py:3427} INFO - Setting next_dagrun for example_branch_python_operator_decorator to 2023-06-29T00:00:00+00:00, run_after=2023-06-30T00:00:00+00:00
[2023-06-30T06:15:59.825+0000] {processor.py:175} INFO - Processing /home/airflow/.local/lib/python3.7/site-packages/airflow/example_dags/example_branch_operator_decorator.py took 0.206 seconds
[2023-06-30T06:16:30.266+0000] {processor.py:153} INFO - Started process (PID=2190) to work on /home/airflow/.local/lib/python3.7/site-packages/airflow/example_dags/example_branch_operator_decorator.py
[2023-06-30T06:16:30.270+0000] {processor.py:743} INFO - Processing file /home/airflow/.local/lib/python3.7/site-packages/airflow/example_dags/example_branch_operator_decorator.py for tasks to queue
[2023-06-30T06:16:30.273+0000] {logging_mixin.py:137} INFO - [2023-06-30T06:16:30.273+0000] {dagbag.py:538} INFO - Filling up the DagBag from /home/airflow/.local/lib/python3.7/site-packages/airflow/example_dags/example_branch_operator_decorator.py
[2023-06-30T06:16:30.319+0000] {processor.py:753} INFO - DAG(s) dict_keys(['example_branch_python_operator_decorator']) retrieved from /home/airflow/.local/lib/python3.7/site-packages/airflow/example_dags/example_branch_operator_decorator.py
[2023-06-30T06:16:30.389+0000] {logging_mixin.py:137} INFO - [2023-06-30T06:16:30.389+0000] {dag.py:2676} INFO - Sync 1 DAGs
[2023-06-30T06:16:30.439+0000] {logging_mixin.py:137} INFO - [2023-06-30T06:16:30.439+0000] {dag.py:3427} INFO - Setting next_dagrun for example_branch_python_operator_decorator to 2023-06-29T00:00:00+00:00, run_after=2023-06-30T00:00:00+00:00
[2023-06-30T06:16:30.471+0000] {processor.py:175} INFO - Processing /home/airflow/.local/lib/python3.7/site-packages/airflow/example_dags/example_branch_operator_decorator.py took 0.211 seconds
[2023-06-30T06:17:01.222+0000] {processor.py:153} INFO - Started process (PID=2256) to work on /home/airflow/.local/lib/python3.7/site-packages/airflow/example_dags/example_branch_operator_decorator.py
[2023-06-30T06:17:01.224+0000] {processor.py:743} INFO - Processing file /home/airflow/.local/lib/python3.7/site-packages/airflow/example_dags/example_branch_operator_decorator.py for tasks to queue
[2023-06-30T06:17:01.225+0000] {logging_mixin.py:137} INFO - [2023-06-30T06:17:01.225+0000] {dagbag.py:538} INFO - Filling up the DagBag from /home/airflow/.local/lib/python3.7/site-packages/airflow/example_dags/example_branch_operator_decorator.py
[2023-06-30T06:17:01.256+0000] {processor.py:753} INFO - DAG(s) dict_keys(['example_branch_python_operator_decorator']) retrieved from /home/airflow/.local/lib/python3.7/site-packages/airflow/example_dags/example_branch_operator_decorator.py
[2023-06-30T06:17:01.305+0000] {logging_mixin.py:137} INFO - [2023-06-30T06:17:01.305+0000] {dag.py:2676} INFO - Sync 1 DAGs
[2023-06-30T06:17:01.340+0000] {logging_mixin.py:137} INFO - [2023-06-30T06:17:01.340+0000] {dag.py:3427} INFO - Setting next_dagrun for example_branch_python_operator_decorator to 2023-06-29T00:00:00+00:00, run_after=2023-06-30T00:00:00+00:00
[2023-06-30T06:17:01.365+0000] {processor.py:175} INFO - Processing /home/airflow/.local/lib/python3.7/site-packages/airflow/example_dags/example_branch_operator_decorator.py took 0.147 seconds
