[2023-06-30T06:01:11.882+0000] {processor.py:153} INFO - Started process (PID=77) to work on /home/airflow/.local/lib/python3.7/site-packages/airflow/example_dags/tutorial_dag.py
[2023-06-30T06:01:11.884+0000] {processor.py:743} INFO - Processing file /home/airflow/.local/lib/python3.7/site-packages/airflow/example_dags/tutorial_dag.py for tasks to queue
[2023-06-30T06:01:11.887+0000] {logging_mixin.py:137} INFO - [2023-06-30T06:01:11.886+0000] {dagbag.py:538} INFO - Filling up the DagBag from /home/airflow/.local/lib/python3.7/site-packages/airflow/example_dags/tutorial_dag.py
[2023-06-30T06:01:11.907+0000] {processor.py:753} INFO - DAG(s) dict_keys(['tutorial_dag']) retrieved from /home/airflow/.local/lib/python3.7/site-packages/airflow/example_dags/tutorial_dag.py
[2023-06-30T06:01:11.957+0000] {logging_mixin.py:137} INFO - [2023-06-30T06:01:11.957+0000] {dag.py:2676} INFO - Sync 1 DAGs
[2023-06-30T06:01:11.985+0000] {logging_mixin.py:137} INFO - [2023-06-30T06:01:11.985+0000] {dag.py:3427} INFO - Setting next_dagrun for tutorial_dag to None, run_after=None
[2023-06-30T06:01:12.010+0000] {processor.py:175} INFO - Processing /home/airflow/.local/lib/python3.7/site-packages/airflow/example_dags/tutorial_dag.py took 0.132 seconds
[2023-06-30T06:01:51.524+0000] {processor.py:153} INFO - Started process (PID=158) to work on /home/airflow/.local/lib/python3.7/site-packages/airflow/example_dags/tutorial_dag.py
[2023-06-30T06:01:51.529+0000] {processor.py:743} INFO - Processing file /home/airflow/.local/lib/python3.7/site-packages/airflow/example_dags/tutorial_dag.py for tasks to queue
[2023-06-30T06:01:51.535+0000] {logging_mixin.py:137} INFO - [2023-06-30T06:01:51.535+0000] {dagbag.py:538} INFO - Filling up the DagBag from /home/airflow/.local/lib/python3.7/site-packages/airflow/example_dags/tutorial_dag.py
[2023-06-30T06:01:51.683+0000] {processor.py:753} INFO - DAG(s) dict_keys(['tutorial_dag']) retrieved from /home/airflow/.local/lib/python3.7/site-packages/airflow/example_dags/tutorial_dag.py
[2023-06-30T06:01:51.867+0000] {logging_mixin.py:137} INFO - [2023-06-30T06:01:51.867+0000] {dag.py:2676} INFO - Sync 1 DAGs
[2023-06-30T06:01:51.956+0000] {logging_mixin.py:137} INFO - [2023-06-30T06:01:51.956+0000] {dag.py:3427} INFO - Setting next_dagrun for tutorial_dag to None, run_after=None
[2023-06-30T06:01:52.011+0000] {processor.py:175} INFO - Processing /home/airflow/.local/lib/python3.7/site-packages/airflow/example_dags/tutorial_dag.py took 0.537 seconds
[2023-06-30T06:02:22.175+0000] {processor.py:153} INFO - Started process (PID=224) to work on /home/airflow/.local/lib/python3.7/site-packages/airflow/example_dags/tutorial_dag.py
[2023-06-30T06:02:22.178+0000] {processor.py:743} INFO - Processing file /home/airflow/.local/lib/python3.7/site-packages/airflow/example_dags/tutorial_dag.py for tasks to queue
[2023-06-30T06:02:22.182+0000] {logging_mixin.py:137} INFO - [2023-06-30T06:02:22.182+0000] {dagbag.py:538} INFO - Filling up the DagBag from /home/airflow/.local/lib/python3.7/site-packages/airflow/example_dags/tutorial_dag.py
[2023-06-30T06:02:22.206+0000] {processor.py:753} INFO - DAG(s) dict_keys(['tutorial_dag']) retrieved from /home/airflow/.local/lib/python3.7/site-packages/airflow/example_dags/tutorial_dag.py
[2023-06-30T06:02:22.304+0000] {logging_mixin.py:137} INFO - [2023-06-30T06:02:22.303+0000] {dag.py:2676} INFO - Sync 1 DAGs
[2023-06-30T06:02:22.355+0000] {logging_mixin.py:137} INFO - [2023-06-30T06:02:22.355+0000] {dag.py:3427} INFO - Setting next_dagrun for tutorial_dag to None, run_after=None
[2023-06-30T06:02:22.390+0000] {processor.py:175} INFO - Processing /home/airflow/.local/lib/python3.7/site-packages/airflow/example_dags/tutorial_dag.py took 0.224 seconds
[2023-06-30T06:02:53.046+0000] {processor.py:153} INFO - Started process (PID=290) to work on /home/airflow/.local/lib/python3.7/site-packages/airflow/example_dags/tutorial_dag.py
[2023-06-30T06:02:53.049+0000] {processor.py:743} INFO - Processing file /home/airflow/.local/lib/python3.7/site-packages/airflow/example_dags/tutorial_dag.py for tasks to queue
[2023-06-30T06:02:53.051+0000] {logging_mixin.py:137} INFO - [2023-06-30T06:02:53.051+0000] {dagbag.py:538} INFO - Filling up the DagBag from /home/airflow/.local/lib/python3.7/site-packages/airflow/example_dags/tutorial_dag.py
[2023-06-30T06:02:53.072+0000] {processor.py:753} INFO - DAG(s) dict_keys(['tutorial_dag']) retrieved from /home/airflow/.local/lib/python3.7/site-packages/airflow/example_dags/tutorial_dag.py
[2023-06-30T06:02:53.125+0000] {logging_mixin.py:137} INFO - [2023-06-30T06:02:53.125+0000] {dag.py:2676} INFO - Sync 1 DAGs
[2023-06-30T06:02:53.159+0000] {logging_mixin.py:137} INFO - [2023-06-30T06:02:53.159+0000] {dag.py:3427} INFO - Setting next_dagrun for tutorial_dag to None, run_after=None
[2023-06-30T06:02:53.183+0000] {processor.py:175} INFO - Processing /home/airflow/.local/lib/python3.7/site-packages/airflow/example_dags/tutorial_dag.py took 0.142 seconds
[2023-06-30T06:03:23.926+0000] {processor.py:153} INFO - Started process (PID=356) to work on /home/airflow/.local/lib/python3.7/site-packages/airflow/example_dags/tutorial_dag.py
[2023-06-30T06:03:23.929+0000] {processor.py:743} INFO - Processing file /home/airflow/.local/lib/python3.7/site-packages/airflow/example_dags/tutorial_dag.py for tasks to queue
[2023-06-30T06:03:23.932+0000] {logging_mixin.py:137} INFO - [2023-06-30T06:03:23.932+0000] {dagbag.py:538} INFO - Filling up the DagBag from /home/airflow/.local/lib/python3.7/site-packages/airflow/example_dags/tutorial_dag.py
[2023-06-30T06:03:23.956+0000] {processor.py:753} INFO - DAG(s) dict_keys(['tutorial_dag']) retrieved from /home/airflow/.local/lib/python3.7/site-packages/airflow/example_dags/tutorial_dag.py
[2023-06-30T06:03:24.017+0000] {logging_mixin.py:137} INFO - [2023-06-30T06:03:24.016+0000] {dag.py:2676} INFO - Sync 1 DAGs
[2023-06-30T06:03:24.052+0000] {logging_mixin.py:137} INFO - [2023-06-30T06:03:24.052+0000] {dag.py:3427} INFO - Setting next_dagrun for tutorial_dag to None, run_after=None
[2023-06-30T06:03:24.076+0000] {processor.py:175} INFO - Processing /home/airflow/.local/lib/python3.7/site-packages/airflow/example_dags/tutorial_dag.py took 0.155 seconds
[2023-06-30T06:03:54.255+0000] {processor.py:153} INFO - Started process (PID=436) to work on /home/airflow/.local/lib/python3.7/site-packages/airflow/example_dags/tutorial_dag.py
[2023-06-30T06:03:54.258+0000] {processor.py:743} INFO - Processing file /home/airflow/.local/lib/python3.7/site-packages/airflow/example_dags/tutorial_dag.py for tasks to queue
[2023-06-30T06:03:54.260+0000] {logging_mixin.py:137} INFO - [2023-06-30T06:03:54.259+0000] {dagbag.py:538} INFO - Filling up the DagBag from /home/airflow/.local/lib/python3.7/site-packages/airflow/example_dags/tutorial_dag.py
[2023-06-30T06:03:54.278+0000] {processor.py:753} INFO - DAG(s) dict_keys(['tutorial_dag']) retrieved from /home/airflow/.local/lib/python3.7/site-packages/airflow/example_dags/tutorial_dag.py
[2023-06-30T06:03:54.329+0000] {logging_mixin.py:137} INFO - [2023-06-30T06:03:54.329+0000] {dag.py:2676} INFO - Sync 1 DAGs
[2023-06-30T06:03:54.363+0000] {logging_mixin.py:137} INFO - [2023-06-30T06:03:54.362+0000] {dag.py:3427} INFO - Setting next_dagrun for tutorial_dag to None, run_after=None
[2023-06-30T06:03:54.385+0000] {processor.py:175} INFO - Processing /home/airflow/.local/lib/python3.7/site-packages/airflow/example_dags/tutorial_dag.py took 0.135 seconds
[2023-06-30T06:04:24.637+0000] {processor.py:153} INFO - Started process (PID=501) to work on /home/airflow/.local/lib/python3.7/site-packages/airflow/example_dags/tutorial_dag.py
[2023-06-30T06:04:24.654+0000] {processor.py:743} INFO - Processing file /home/airflow/.local/lib/python3.7/site-packages/airflow/example_dags/tutorial_dag.py for tasks to queue
[2023-06-30T06:04:24.662+0000] {logging_mixin.py:137} INFO - [2023-06-30T06:04:24.662+0000] {dagbag.py:538} INFO - Filling up the DagBag from /home/airflow/.local/lib/python3.7/site-packages/airflow/example_dags/tutorial_dag.py
[2023-06-30T06:04:24.687+0000] {processor.py:753} INFO - DAG(s) dict_keys(['tutorial_dag']) retrieved from /home/airflow/.local/lib/python3.7/site-packages/airflow/example_dags/tutorial_dag.py
[2023-06-30T06:04:24.742+0000] {logging_mixin.py:137} INFO - [2023-06-30T06:04:24.742+0000] {dag.py:2676} INFO - Sync 1 DAGs
[2023-06-30T06:04:24.780+0000] {logging_mixin.py:137} INFO - [2023-06-30T06:04:24.780+0000] {dag.py:3427} INFO - Setting next_dagrun for tutorial_dag to None, run_after=None
[2023-06-30T06:04:24.812+0000] {processor.py:175} INFO - Processing /home/airflow/.local/lib/python3.7/site-packages/airflow/example_dags/tutorial_dag.py took 0.186 seconds
[2023-06-30T06:04:55.729+0000] {processor.py:153} INFO - Started process (PID=581) to work on /home/airflow/.local/lib/python3.7/site-packages/airflow/example_dags/tutorial_dag.py
[2023-06-30T06:04:55.731+0000] {processor.py:743} INFO - Processing file /home/airflow/.local/lib/python3.7/site-packages/airflow/example_dags/tutorial_dag.py for tasks to queue
[2023-06-30T06:04:55.733+0000] {logging_mixin.py:137} INFO - [2023-06-30T06:04:55.733+0000] {dagbag.py:538} INFO - Filling up the DagBag from /home/airflow/.local/lib/python3.7/site-packages/airflow/example_dags/tutorial_dag.py
[2023-06-30T06:04:55.754+0000] {processor.py:753} INFO - DAG(s) dict_keys(['tutorial_dag']) retrieved from /home/airflow/.local/lib/python3.7/site-packages/airflow/example_dags/tutorial_dag.py
[2023-06-30T06:04:55.806+0000] {logging_mixin.py:137} INFO - [2023-06-30T06:04:55.806+0000] {dag.py:2676} INFO - Sync 1 DAGs
[2023-06-30T06:04:55.838+0000] {logging_mixin.py:137} INFO - [2023-06-30T06:04:55.838+0000] {dag.py:3427} INFO - Setting next_dagrun for tutorial_dag to None, run_after=None
[2023-06-30T06:04:55.858+0000] {processor.py:175} INFO - Processing /home/airflow/.local/lib/python3.7/site-packages/airflow/example_dags/tutorial_dag.py took 0.134 seconds
[2023-06-30T06:05:26.915+0000] {processor.py:153} INFO - Started process (PID=647) to work on /home/airflow/.local/lib/python3.7/site-packages/airflow/example_dags/tutorial_dag.py
[2023-06-30T06:05:26.917+0000] {processor.py:743} INFO - Processing file /home/airflow/.local/lib/python3.7/site-packages/airflow/example_dags/tutorial_dag.py for tasks to queue
[2023-06-30T06:05:26.919+0000] {logging_mixin.py:137} INFO - [2023-06-30T06:05:26.919+0000] {dagbag.py:538} INFO - Filling up the DagBag from /home/airflow/.local/lib/python3.7/site-packages/airflow/example_dags/tutorial_dag.py
[2023-06-30T06:05:26.940+0000] {processor.py:753} INFO - DAG(s) dict_keys(['tutorial_dag']) retrieved from /home/airflow/.local/lib/python3.7/site-packages/airflow/example_dags/tutorial_dag.py
[2023-06-30T06:05:26.992+0000] {logging_mixin.py:137} INFO - [2023-06-30T06:05:26.992+0000] {dag.py:2676} INFO - Sync 1 DAGs
[2023-06-30T06:05:27.025+0000] {logging_mixin.py:137} INFO - [2023-06-30T06:05:27.025+0000] {dag.py:3427} INFO - Setting next_dagrun for tutorial_dag to None, run_after=None
[2023-06-30T06:05:27.049+0000] {processor.py:175} INFO - Processing /home/airflow/.local/lib/python3.7/site-packages/airflow/example_dags/tutorial_dag.py took 0.139 seconds
[2023-06-30T06:05:57.321+0000] {processor.py:153} INFO - Started process (PID=728) to work on /home/airflow/.local/lib/python3.7/site-packages/airflow/example_dags/tutorial_dag.py
[2023-06-30T06:05:57.323+0000] {processor.py:743} INFO - Processing file /home/airflow/.local/lib/python3.7/site-packages/airflow/example_dags/tutorial_dag.py for tasks to queue
[2023-06-30T06:05:57.326+0000] {logging_mixin.py:137} INFO - [2023-06-30T06:05:57.326+0000] {dagbag.py:538} INFO - Filling up the DagBag from /home/airflow/.local/lib/python3.7/site-packages/airflow/example_dags/tutorial_dag.py
[2023-06-30T06:05:57.348+0000] {processor.py:753} INFO - DAG(s) dict_keys(['tutorial_dag']) retrieved from /home/airflow/.local/lib/python3.7/site-packages/airflow/example_dags/tutorial_dag.py
[2023-06-30T06:05:57.405+0000] {logging_mixin.py:137} INFO - [2023-06-30T06:05:57.405+0000] {dag.py:2676} INFO - Sync 1 DAGs
[2023-06-30T06:05:57.442+0000] {logging_mixin.py:137} INFO - [2023-06-30T06:05:57.442+0000] {dag.py:3427} INFO - Setting next_dagrun for tutorial_dag to None, run_after=None
[2023-06-30T06:05:57.470+0000] {processor.py:175} INFO - Processing /home/airflow/.local/lib/python3.7/site-packages/airflow/example_dags/tutorial_dag.py took 0.153 seconds
[2023-06-30T06:06:27.734+0000] {processor.py:153} INFO - Started process (PID=794) to work on /home/airflow/.local/lib/python3.7/site-packages/airflow/example_dags/tutorial_dag.py
[2023-06-30T06:06:27.737+0000] {processor.py:743} INFO - Processing file /home/airflow/.local/lib/python3.7/site-packages/airflow/example_dags/tutorial_dag.py for tasks to queue
[2023-06-30T06:06:27.739+0000] {logging_mixin.py:137} INFO - [2023-06-30T06:06:27.739+0000] {dagbag.py:538} INFO - Filling up the DagBag from /home/airflow/.local/lib/python3.7/site-packages/airflow/example_dags/tutorial_dag.py
[2023-06-30T06:06:27.759+0000] {processor.py:753} INFO - DAG(s) dict_keys(['tutorial_dag']) retrieved from /home/airflow/.local/lib/python3.7/site-packages/airflow/example_dags/tutorial_dag.py
[2023-06-30T06:06:27.814+0000] {logging_mixin.py:137} INFO - [2023-06-30T06:06:27.814+0000] {dag.py:2676} INFO - Sync 1 DAGs
[2023-06-30T06:06:27.863+0000] {logging_mixin.py:137} INFO - [2023-06-30T06:06:27.863+0000] {dag.py:3427} INFO - Setting next_dagrun for tutorial_dag to None, run_after=None
[2023-06-30T06:06:27.905+0000] {processor.py:175} INFO - Processing /home/airflow/.local/lib/python3.7/site-packages/airflow/example_dags/tutorial_dag.py took 0.176 seconds
[2023-06-30T06:06:58.096+0000] {processor.py:153} INFO - Started process (PID=860) to work on /home/airflow/.local/lib/python3.7/site-packages/airflow/example_dags/tutorial_dag.py
[2023-06-30T06:06:58.098+0000] {processor.py:743} INFO - Processing file /home/airflow/.local/lib/python3.7/site-packages/airflow/example_dags/tutorial_dag.py for tasks to queue
[2023-06-30T06:06:58.100+0000] {logging_mixin.py:137} INFO - [2023-06-30T06:06:58.100+0000] {dagbag.py:538} INFO - Filling up the DagBag from /home/airflow/.local/lib/python3.7/site-packages/airflow/example_dags/tutorial_dag.py
[2023-06-30T06:06:58.119+0000] {processor.py:753} INFO - DAG(s) dict_keys(['tutorial_dag']) retrieved from /home/airflow/.local/lib/python3.7/site-packages/airflow/example_dags/tutorial_dag.py
[2023-06-30T06:06:58.177+0000] {logging_mixin.py:137} INFO - [2023-06-30T06:06:58.177+0000] {dag.py:2676} INFO - Sync 1 DAGs
[2023-06-30T06:06:58.226+0000] {logging_mixin.py:137} INFO - [2023-06-30T06:06:58.226+0000] {dag.py:3427} INFO - Setting next_dagrun for tutorial_dag to None, run_after=None
[2023-06-30T06:06:58.254+0000] {processor.py:175} INFO - Processing /home/airflow/.local/lib/python3.7/site-packages/airflow/example_dags/tutorial_dag.py took 0.163 seconds
[2023-06-30T06:07:28.370+0000] {processor.py:153} INFO - Started process (PID=940) to work on /home/airflow/.local/lib/python3.7/site-packages/airflow/example_dags/tutorial_dag.py
[2023-06-30T06:07:28.373+0000] {processor.py:743} INFO - Processing file /home/airflow/.local/lib/python3.7/site-packages/airflow/example_dags/tutorial_dag.py for tasks to queue
[2023-06-30T06:07:28.375+0000] {logging_mixin.py:137} INFO - [2023-06-30T06:07:28.375+0000] {dagbag.py:538} INFO - Filling up the DagBag from /home/airflow/.local/lib/python3.7/site-packages/airflow/example_dags/tutorial_dag.py
[2023-06-30T06:07:28.401+0000] {processor.py:753} INFO - DAG(s) dict_keys(['tutorial_dag']) retrieved from /home/airflow/.local/lib/python3.7/site-packages/airflow/example_dags/tutorial_dag.py
[2023-06-30T06:07:28.466+0000] {logging_mixin.py:137} INFO - [2023-06-30T06:07:28.465+0000] {dag.py:2676} INFO - Sync 1 DAGs
[2023-06-30T06:07:28.507+0000] {logging_mixin.py:137} INFO - [2023-06-30T06:07:28.507+0000] {dag.py:3427} INFO - Setting next_dagrun for tutorial_dag to None, run_after=None
[2023-06-30T06:07:28.541+0000] {processor.py:175} INFO - Processing /home/airflow/.local/lib/python3.7/site-packages/airflow/example_dags/tutorial_dag.py took 0.177 seconds
[2023-06-30T06:07:59.418+0000] {processor.py:153} INFO - Started process (PID=1006) to work on /home/airflow/.local/lib/python3.7/site-packages/airflow/example_dags/tutorial_dag.py
[2023-06-30T06:07:59.424+0000] {processor.py:743} INFO - Processing file /home/airflow/.local/lib/python3.7/site-packages/airflow/example_dags/tutorial_dag.py for tasks to queue
[2023-06-30T06:07:59.427+0000] {logging_mixin.py:137} INFO - [2023-06-30T06:07:59.426+0000] {dagbag.py:538} INFO - Filling up the DagBag from /home/airflow/.local/lib/python3.7/site-packages/airflow/example_dags/tutorial_dag.py
[2023-06-30T06:07:59.448+0000] {processor.py:753} INFO - DAG(s) dict_keys(['tutorial_dag']) retrieved from /home/airflow/.local/lib/python3.7/site-packages/airflow/example_dags/tutorial_dag.py
[2023-06-30T06:07:59.485+0000] {logging_mixin.py:137} INFO - [2023-06-30T06:07:59.485+0000] {dag.py:2676} INFO - Sync 1 DAGs
[2023-06-30T06:07:59.522+0000] {logging_mixin.py:137} INFO - [2023-06-30T06:07:59.522+0000] {dag.py:3427} INFO - Setting next_dagrun for tutorial_dag to None, run_after=None
[2023-06-30T06:07:59.548+0000] {processor.py:175} INFO - Processing /home/airflow/.local/lib/python3.7/site-packages/airflow/example_dags/tutorial_dag.py took 0.135 seconds
[2023-06-30T06:08:29.770+0000] {processor.py:153} INFO - Started process (PID=1071) to work on /home/airflow/.local/lib/python3.7/site-packages/airflow/example_dags/tutorial_dag.py
[2023-06-30T06:08:29.772+0000] {processor.py:743} INFO - Processing file /home/airflow/.local/lib/python3.7/site-packages/airflow/example_dags/tutorial_dag.py for tasks to queue
[2023-06-30T06:08:29.775+0000] {logging_mixin.py:137} INFO - [2023-06-30T06:08:29.775+0000] {dagbag.py:538} INFO - Filling up the DagBag from /home/airflow/.local/lib/python3.7/site-packages/airflow/example_dags/tutorial_dag.py
[2023-06-30T06:08:29.800+0000] {processor.py:753} INFO - DAG(s) dict_keys(['tutorial_dag']) retrieved from /home/airflow/.local/lib/python3.7/site-packages/airflow/example_dags/tutorial_dag.py
[2023-06-30T06:08:29.862+0000] {logging_mixin.py:137} INFO - [2023-06-30T06:08:29.862+0000] {dag.py:2676} INFO - Sync 1 DAGs
[2023-06-30T06:08:29.902+0000] {logging_mixin.py:137} INFO - [2023-06-30T06:08:29.902+0000] {dag.py:3427} INFO - Setting next_dagrun for tutorial_dag to None, run_after=None
[2023-06-30T06:08:29.932+0000] {processor.py:175} INFO - Processing /home/airflow/.local/lib/python3.7/site-packages/airflow/example_dags/tutorial_dag.py took 0.169 seconds
[2023-06-30T06:09:00.279+0000] {processor.py:153} INFO - Started process (PID=1151) to work on /home/airflow/.local/lib/python3.7/site-packages/airflow/example_dags/tutorial_dag.py
[2023-06-30T06:09:00.281+0000] {processor.py:743} INFO - Processing file /home/airflow/.local/lib/python3.7/site-packages/airflow/example_dags/tutorial_dag.py for tasks to queue
[2023-06-30T06:09:00.283+0000] {logging_mixin.py:137} INFO - [2023-06-30T06:09:00.283+0000] {dagbag.py:538} INFO - Filling up the DagBag from /home/airflow/.local/lib/python3.7/site-packages/airflow/example_dags/tutorial_dag.py
[2023-06-30T06:09:00.303+0000] {processor.py:753} INFO - DAG(s) dict_keys(['tutorial_dag']) retrieved from /home/airflow/.local/lib/python3.7/site-packages/airflow/example_dags/tutorial_dag.py
[2023-06-30T06:09:00.357+0000] {logging_mixin.py:137} INFO - [2023-06-30T06:09:00.357+0000] {dag.py:2676} INFO - Sync 1 DAGs
[2023-06-30T06:09:00.390+0000] {logging_mixin.py:137} INFO - [2023-06-30T06:09:00.390+0000] {dag.py:3427} INFO - Setting next_dagrun for tutorial_dag to None, run_after=None
[2023-06-30T06:09:00.414+0000] {processor.py:175} INFO - Processing /home/airflow/.local/lib/python3.7/site-packages/airflow/example_dags/tutorial_dag.py took 0.139 seconds
[2023-06-30T06:09:30.606+0000] {processor.py:153} INFO - Started process (PID=1217) to work on /home/airflow/.local/lib/python3.7/site-packages/airflow/example_dags/tutorial_dag.py
[2023-06-30T06:09:30.607+0000] {processor.py:743} INFO - Processing file /home/airflow/.local/lib/python3.7/site-packages/airflow/example_dags/tutorial_dag.py for tasks to queue
[2023-06-30T06:09:30.609+0000] {logging_mixin.py:137} INFO - [2023-06-30T06:09:30.609+0000] {dagbag.py:538} INFO - Filling up the DagBag from /home/airflow/.local/lib/python3.7/site-packages/airflow/example_dags/tutorial_dag.py
[2023-06-30T06:09:30.640+0000] {processor.py:753} INFO - DAG(s) dict_keys(['tutorial_dag']) retrieved from /home/airflow/.local/lib/python3.7/site-packages/airflow/example_dags/tutorial_dag.py
[2023-06-30T06:09:30.701+0000] {logging_mixin.py:137} INFO - [2023-06-30T06:09:30.700+0000] {dag.py:2676} INFO - Sync 1 DAGs
[2023-06-30T06:09:30.745+0000] {logging_mixin.py:137} INFO - [2023-06-30T06:09:30.744+0000] {dag.py:3427} INFO - Setting next_dagrun for tutorial_dag to None, run_after=None
[2023-06-30T06:09:30.782+0000] {processor.py:175} INFO - Processing /home/airflow/.local/lib/python3.7/site-packages/airflow/example_dags/tutorial_dag.py took 0.181 seconds
[2023-06-30T06:10:01.049+0000] {processor.py:153} INFO - Started process (PID=1283) to work on /home/airflow/.local/lib/python3.7/site-packages/airflow/example_dags/tutorial_dag.py
[2023-06-30T06:10:01.052+0000] {processor.py:743} INFO - Processing file /home/airflow/.local/lib/python3.7/site-packages/airflow/example_dags/tutorial_dag.py for tasks to queue
[2023-06-30T06:10:01.054+0000] {logging_mixin.py:137} INFO - [2023-06-30T06:10:01.054+0000] {dagbag.py:538} INFO - Filling up the DagBag from /home/airflow/.local/lib/python3.7/site-packages/airflow/example_dags/tutorial_dag.py
[2023-06-30T06:10:01.077+0000] {processor.py:753} INFO - DAG(s) dict_keys(['tutorial_dag']) retrieved from /home/airflow/.local/lib/python3.7/site-packages/airflow/example_dags/tutorial_dag.py
[2023-06-30T06:10:01.140+0000] {logging_mixin.py:137} INFO - [2023-06-30T06:10:01.140+0000] {dag.py:2676} INFO - Sync 1 DAGs
[2023-06-30T06:10:01.186+0000] {logging_mixin.py:137} INFO - [2023-06-30T06:10:01.186+0000] {dag.py:3427} INFO - Setting next_dagrun for tutorial_dag to None, run_after=None
[2023-06-30T06:10:01.244+0000] {processor.py:175} INFO - Processing /home/airflow/.local/lib/python3.7/site-packages/airflow/example_dags/tutorial_dag.py took 0.201 seconds
[2023-06-30T06:10:31.528+0000] {processor.py:153} INFO - Started process (PID=1363) to work on /home/airflow/.local/lib/python3.7/site-packages/airflow/example_dags/tutorial_dag.py
[2023-06-30T06:10:31.531+0000] {processor.py:743} INFO - Processing file /home/airflow/.local/lib/python3.7/site-packages/airflow/example_dags/tutorial_dag.py for tasks to queue
[2023-06-30T06:10:31.533+0000] {logging_mixin.py:137} INFO - [2023-06-30T06:10:31.533+0000] {dagbag.py:538} INFO - Filling up the DagBag from /home/airflow/.local/lib/python3.7/site-packages/airflow/example_dags/tutorial_dag.py
[2023-06-30T06:10:31.554+0000] {processor.py:753} INFO - DAG(s) dict_keys(['tutorial_dag']) retrieved from /home/airflow/.local/lib/python3.7/site-packages/airflow/example_dags/tutorial_dag.py
[2023-06-30T06:10:31.614+0000] {logging_mixin.py:137} INFO - [2023-06-30T06:10:31.613+0000] {dag.py:2676} INFO - Sync 1 DAGs
[2023-06-30T06:10:31.648+0000] {logging_mixin.py:137} INFO - [2023-06-30T06:10:31.647+0000] {dag.py:3427} INFO - Setting next_dagrun for tutorial_dag to None, run_after=None
[2023-06-30T06:10:31.673+0000] {processor.py:175} INFO - Processing /home/airflow/.local/lib/python3.7/site-packages/airflow/example_dags/tutorial_dag.py took 0.149 seconds
[2023-06-30T06:11:01.890+0000] {processor.py:153} INFO - Started process (PID=1429) to work on /home/airflow/.local/lib/python3.7/site-packages/airflow/example_dags/tutorial_dag.py
[2023-06-30T06:11:01.893+0000] {processor.py:743} INFO - Processing file /home/airflow/.local/lib/python3.7/site-packages/airflow/example_dags/tutorial_dag.py for tasks to queue
[2023-06-30T06:11:01.895+0000] {logging_mixin.py:137} INFO - [2023-06-30T06:11:01.895+0000] {dagbag.py:538} INFO - Filling up the DagBag from /home/airflow/.local/lib/python3.7/site-packages/airflow/example_dags/tutorial_dag.py
[2023-06-30T06:11:01.917+0000] {processor.py:753} INFO - DAG(s) dict_keys(['tutorial_dag']) retrieved from /home/airflow/.local/lib/python3.7/site-packages/airflow/example_dags/tutorial_dag.py
[2023-06-30T06:11:01.982+0000] {logging_mixin.py:137} INFO - [2023-06-30T06:11:01.982+0000] {dag.py:2676} INFO - Sync 1 DAGs
[2023-06-30T06:11:02.051+0000] {logging_mixin.py:137} INFO - [2023-06-30T06:11:02.051+0000] {dag.py:3427} INFO - Setting next_dagrun for tutorial_dag to None, run_after=None
[2023-06-30T06:11:02.112+0000] {processor.py:175} INFO - Processing /home/airflow/.local/lib/python3.7/site-packages/airflow/example_dags/tutorial_dag.py took 0.228 seconds
[2023-06-30T06:11:32.258+0000] {processor.py:153} INFO - Started process (PID=1504) to work on /home/airflow/.local/lib/python3.7/site-packages/airflow/example_dags/tutorial_dag.py
[2023-06-30T06:11:32.261+0000] {processor.py:743} INFO - Processing file /home/airflow/.local/lib/python3.7/site-packages/airflow/example_dags/tutorial_dag.py for tasks to queue
[2023-06-30T06:11:32.263+0000] {logging_mixin.py:137} INFO - [2023-06-30T06:11:32.263+0000] {dagbag.py:538} INFO - Filling up the DagBag from /home/airflow/.local/lib/python3.7/site-packages/airflow/example_dags/tutorial_dag.py
[2023-06-30T06:11:32.287+0000] {processor.py:753} INFO - DAG(s) dict_keys(['tutorial_dag']) retrieved from /home/airflow/.local/lib/python3.7/site-packages/airflow/example_dags/tutorial_dag.py
[2023-06-30T06:11:32.349+0000] {logging_mixin.py:137} INFO - [2023-06-30T06:11:32.349+0000] {dag.py:2676} INFO - Sync 1 DAGs
[2023-06-30T06:11:32.387+0000] {logging_mixin.py:137} INFO - [2023-06-30T06:11:32.387+0000] {dag.py:3427} INFO - Setting next_dagrun for tutorial_dag to None, run_after=None
[2023-06-30T06:11:32.420+0000] {processor.py:175} INFO - Processing /home/airflow/.local/lib/python3.7/site-packages/airflow/example_dags/tutorial_dag.py took 0.167 seconds
[2023-06-30T06:12:02.591+0000] {processor.py:153} INFO - Started process (PID=1575) to work on /home/airflow/.local/lib/python3.7/site-packages/airflow/example_dags/tutorial_dag.py
[2023-06-30T06:12:02.593+0000] {processor.py:743} INFO - Processing file /home/airflow/.local/lib/python3.7/site-packages/airflow/example_dags/tutorial_dag.py for tasks to queue
[2023-06-30T06:12:02.595+0000] {logging_mixin.py:137} INFO - [2023-06-30T06:12:02.595+0000] {dagbag.py:538} INFO - Filling up the DagBag from /home/airflow/.local/lib/python3.7/site-packages/airflow/example_dags/tutorial_dag.py
[2023-06-30T06:12:02.617+0000] {processor.py:753} INFO - DAG(s) dict_keys(['tutorial_dag']) retrieved from /home/airflow/.local/lib/python3.7/site-packages/airflow/example_dags/tutorial_dag.py
[2023-06-30T06:12:02.678+0000] {logging_mixin.py:137} INFO - [2023-06-30T06:12:02.677+0000] {dag.py:2676} INFO - Sync 1 DAGs
[2023-06-30T06:12:02.724+0000] {logging_mixin.py:137} INFO - [2023-06-30T06:12:02.724+0000] {dag.py:3427} INFO - Setting next_dagrun for tutorial_dag to None, run_after=None
[2023-06-30T06:12:02.760+0000] {processor.py:175} INFO - Processing /home/airflow/.local/lib/python3.7/site-packages/airflow/example_dags/tutorial_dag.py took 0.173 seconds
[2023-06-30T06:12:33.529+0000] {processor.py:153} INFO - Started process (PID=1641) to work on /home/airflow/.local/lib/python3.7/site-packages/airflow/example_dags/tutorial_dag.py
[2023-06-30T06:12:33.532+0000] {processor.py:743} INFO - Processing file /home/airflow/.local/lib/python3.7/site-packages/airflow/example_dags/tutorial_dag.py for tasks to queue
[2023-06-30T06:12:33.535+0000] {logging_mixin.py:137} INFO - [2023-06-30T06:12:33.535+0000] {dagbag.py:538} INFO - Filling up the DagBag from /home/airflow/.local/lib/python3.7/site-packages/airflow/example_dags/tutorial_dag.py
[2023-06-30T06:12:33.566+0000] {processor.py:753} INFO - DAG(s) dict_keys(['tutorial_dag']) retrieved from /home/airflow/.local/lib/python3.7/site-packages/airflow/example_dags/tutorial_dag.py
[2023-06-30T06:12:33.657+0000] {logging_mixin.py:137} INFO - [2023-06-30T06:12:33.656+0000] {dag.py:2676} INFO - Sync 1 DAGs
[2023-06-30T06:12:33.706+0000] {logging_mixin.py:137} INFO - [2023-06-30T06:12:33.706+0000] {dag.py:3427} INFO - Setting next_dagrun for tutorial_dag to None, run_after=None
[2023-06-30T06:12:33.749+0000] {processor.py:175} INFO - Processing /home/airflow/.local/lib/python3.7/site-packages/airflow/example_dags/tutorial_dag.py took 0.225 seconds
[2023-06-30T06:13:03.863+0000] {processor.py:153} INFO - Started process (PID=1721) to work on /home/airflow/.local/lib/python3.7/site-packages/airflow/example_dags/tutorial_dag.py
[2023-06-30T06:13:03.871+0000] {processor.py:743} INFO - Processing file /home/airflow/.local/lib/python3.7/site-packages/airflow/example_dags/tutorial_dag.py for tasks to queue
[2023-06-30T06:13:03.876+0000] {logging_mixin.py:137} INFO - [2023-06-30T06:13:03.876+0000] {dagbag.py:538} INFO - Filling up the DagBag from /home/airflow/.local/lib/python3.7/site-packages/airflow/example_dags/tutorial_dag.py
[2023-06-30T06:13:03.907+0000] {processor.py:753} INFO - DAG(s) dict_keys(['tutorial_dag']) retrieved from /home/airflow/.local/lib/python3.7/site-packages/airflow/example_dags/tutorial_dag.py
[2023-06-30T06:13:03.981+0000] {logging_mixin.py:137} INFO - [2023-06-30T06:13:03.981+0000] {dag.py:2676} INFO - Sync 1 DAGs
[2023-06-30T06:13:04.022+0000] {logging_mixin.py:137} INFO - [2023-06-30T06:13:04.022+0000] {dag.py:3427} INFO - Setting next_dagrun for tutorial_dag to None, run_after=None
[2023-06-30T06:13:04.051+0000] {processor.py:175} INFO - Processing /home/airflow/.local/lib/python3.7/site-packages/airflow/example_dags/tutorial_dag.py took 0.196 seconds
[2023-06-30T06:13:34.400+0000] {processor.py:153} INFO - Started process (PID=1787) to work on /home/airflow/.local/lib/python3.7/site-packages/airflow/example_dags/tutorial_dag.py
[2023-06-30T06:13:34.402+0000] {processor.py:743} INFO - Processing file /home/airflow/.local/lib/python3.7/site-packages/airflow/example_dags/tutorial_dag.py for tasks to queue
[2023-06-30T06:13:34.404+0000] {logging_mixin.py:137} INFO - [2023-06-30T06:13:34.404+0000] {dagbag.py:538} INFO - Filling up the DagBag from /home/airflow/.local/lib/python3.7/site-packages/airflow/example_dags/tutorial_dag.py
[2023-06-30T06:13:34.424+0000] {processor.py:753} INFO - DAG(s) dict_keys(['tutorial_dag']) retrieved from /home/airflow/.local/lib/python3.7/site-packages/airflow/example_dags/tutorial_dag.py
[2023-06-30T06:13:34.477+0000] {logging_mixin.py:137} INFO - [2023-06-30T06:13:34.477+0000] {dag.py:2676} INFO - Sync 1 DAGs
[2023-06-30T06:13:34.510+0000] {logging_mixin.py:137} INFO - [2023-06-30T06:13:34.510+0000] {dag.py:3427} INFO - Setting next_dagrun for tutorial_dag to None, run_after=None
[2023-06-30T06:13:34.536+0000] {processor.py:175} INFO - Processing /home/airflow/.local/lib/python3.7/site-packages/airflow/example_dags/tutorial_dag.py took 0.141 seconds
[2023-06-30T06:14:05.025+0000] {processor.py:153} INFO - Started process (PID=1853) to work on /home/airflow/.local/lib/python3.7/site-packages/airflow/example_dags/tutorial_dag.py
[2023-06-30T06:14:05.027+0000] {processor.py:743} INFO - Processing file /home/airflow/.local/lib/python3.7/site-packages/airflow/example_dags/tutorial_dag.py for tasks to queue
[2023-06-30T06:14:05.029+0000] {logging_mixin.py:137} INFO - [2023-06-30T06:14:05.029+0000] {dagbag.py:538} INFO - Filling up the DagBag from /home/airflow/.local/lib/python3.7/site-packages/airflow/example_dags/tutorial_dag.py
[2023-06-30T06:14:05.050+0000] {processor.py:753} INFO - DAG(s) dict_keys(['tutorial_dag']) retrieved from /home/airflow/.local/lib/python3.7/site-packages/airflow/example_dags/tutorial_dag.py
[2023-06-30T06:14:05.105+0000] {logging_mixin.py:137} INFO - [2023-06-30T06:14:05.105+0000] {dag.py:2676} INFO - Sync 1 DAGs
[2023-06-30T06:14:05.145+0000] {logging_mixin.py:137} INFO - [2023-06-30T06:14:05.145+0000] {dag.py:3427} INFO - Setting next_dagrun for tutorial_dag to None, run_after=None
[2023-06-30T06:14:05.176+0000] {processor.py:175} INFO - Processing /home/airflow/.local/lib/python3.7/site-packages/airflow/example_dags/tutorial_dag.py took 0.155 seconds
[2023-06-30T06:14:35.823+0000] {processor.py:153} INFO - Started process (PID=1933) to work on /home/airflow/.local/lib/python3.7/site-packages/airflow/example_dags/tutorial_dag.py
[2023-06-30T06:14:35.825+0000] {processor.py:743} INFO - Processing file /home/airflow/.local/lib/python3.7/site-packages/airflow/example_dags/tutorial_dag.py for tasks to queue
[2023-06-30T06:14:35.828+0000] {logging_mixin.py:137} INFO - [2023-06-30T06:14:35.828+0000] {dagbag.py:538} INFO - Filling up the DagBag from /home/airflow/.local/lib/python3.7/site-packages/airflow/example_dags/tutorial_dag.py
[2023-06-30T06:14:35.850+0000] {processor.py:753} INFO - DAG(s) dict_keys(['tutorial_dag']) retrieved from /home/airflow/.local/lib/python3.7/site-packages/airflow/example_dags/tutorial_dag.py
[2023-06-30T06:14:35.886+0000] {logging_mixin.py:137} INFO - [2023-06-30T06:14:35.886+0000] {dag.py:2676} INFO - Sync 1 DAGs
[2023-06-30T06:14:35.923+0000] {logging_mixin.py:137} INFO - [2023-06-30T06:14:35.923+0000] {dag.py:3427} INFO - Setting next_dagrun for tutorial_dag to None, run_after=None
[2023-06-30T06:14:35.955+0000] {processor.py:175} INFO - Processing /home/airflow/.local/lib/python3.7/site-packages/airflow/example_dags/tutorial_dag.py took 0.137 seconds
[2023-06-30T06:15:06.429+0000] {processor.py:153} INFO - Started process (PID=1999) to work on /home/airflow/.local/lib/python3.7/site-packages/airflow/example_dags/tutorial_dag.py
[2023-06-30T06:15:06.431+0000] {processor.py:743} INFO - Processing file /home/airflow/.local/lib/python3.7/site-packages/airflow/example_dags/tutorial_dag.py for tasks to queue
[2023-06-30T06:15:06.433+0000] {logging_mixin.py:137} INFO - [2023-06-30T06:15:06.432+0000] {dagbag.py:538} INFO - Filling up the DagBag from /home/airflow/.local/lib/python3.7/site-packages/airflow/example_dags/tutorial_dag.py
[2023-06-30T06:15:06.451+0000] {processor.py:753} INFO - DAG(s) dict_keys(['tutorial_dag']) retrieved from /home/airflow/.local/lib/python3.7/site-packages/airflow/example_dags/tutorial_dag.py
[2023-06-30T06:15:06.498+0000] {logging_mixin.py:137} INFO - [2023-06-30T06:15:06.498+0000] {dag.py:2676} INFO - Sync 1 DAGs
[2023-06-30T06:15:06.533+0000] {logging_mixin.py:137} INFO - [2023-06-30T06:15:06.533+0000] {dag.py:3427} INFO - Setting next_dagrun for tutorial_dag to None, run_after=None
[2023-06-30T06:15:06.557+0000] {processor.py:175} INFO - Processing /home/airflow/.local/lib/python3.7/site-packages/airflow/example_dags/tutorial_dag.py took 0.132 seconds
[2023-06-30T06:15:36.929+0000] {processor.py:153} INFO - Started process (PID=2074) to work on /home/airflow/.local/lib/python3.7/site-packages/airflow/example_dags/tutorial_dag.py
[2023-06-30T06:15:36.933+0000] {processor.py:743} INFO - Processing file /home/airflow/.local/lib/python3.7/site-packages/airflow/example_dags/tutorial_dag.py for tasks to queue
[2023-06-30T06:15:36.936+0000] {logging_mixin.py:137} INFO - [2023-06-30T06:15:36.935+0000] {dagbag.py:538} INFO - Filling up the DagBag from /home/airflow/.local/lib/python3.7/site-packages/airflow/example_dags/tutorial_dag.py
[2023-06-30T06:15:36.966+0000] {processor.py:753} INFO - DAG(s) dict_keys(['tutorial_dag']) retrieved from /home/airflow/.local/lib/python3.7/site-packages/airflow/example_dags/tutorial_dag.py
[2023-06-30T06:15:37.020+0000] {logging_mixin.py:137} INFO - [2023-06-30T06:15:37.020+0000] {dag.py:2676} INFO - Sync 1 DAGs
[2023-06-30T06:15:37.070+0000] {logging_mixin.py:137} INFO - [2023-06-30T06:15:37.069+0000] {dag.py:3427} INFO - Setting next_dagrun for tutorial_dag to None, run_after=None
[2023-06-30T06:15:37.107+0000] {processor.py:175} INFO - Processing /home/airflow/.local/lib/python3.7/site-packages/airflow/example_dags/tutorial_dag.py took 0.186 seconds
[2023-06-30T06:16:07.472+0000] {processor.py:153} INFO - Started process (PID=2145) to work on /home/airflow/.local/lib/python3.7/site-packages/airflow/example_dags/tutorial_dag.py
[2023-06-30T06:16:07.474+0000] {processor.py:743} INFO - Processing file /home/airflow/.local/lib/python3.7/site-packages/airflow/example_dags/tutorial_dag.py for tasks to queue
[2023-06-30T06:16:07.478+0000] {logging_mixin.py:137} INFO - [2023-06-30T06:16:07.476+0000] {dagbag.py:538} INFO - Filling up the DagBag from /home/airflow/.local/lib/python3.7/site-packages/airflow/example_dags/tutorial_dag.py
[2023-06-30T06:16:07.501+0000] {processor.py:753} INFO - DAG(s) dict_keys(['tutorial_dag']) retrieved from /home/airflow/.local/lib/python3.7/site-packages/airflow/example_dags/tutorial_dag.py
[2023-06-30T06:16:07.563+0000] {logging_mixin.py:137} INFO - [2023-06-30T06:16:07.563+0000] {dag.py:2676} INFO - Sync 1 DAGs
[2023-06-30T06:16:07.607+0000] {logging_mixin.py:137} INFO - [2023-06-30T06:16:07.607+0000] {dag.py:3427} INFO - Setting next_dagrun for tutorial_dag to None, run_after=None
[2023-06-30T06:16:07.638+0000] {processor.py:175} INFO - Processing /home/airflow/.local/lib/python3.7/site-packages/airflow/example_dags/tutorial_dag.py took 0.171 seconds
[2023-06-30T06:16:37.760+0000] {processor.py:153} INFO - Started process (PID=2211) to work on /home/airflow/.local/lib/python3.7/site-packages/airflow/example_dags/tutorial_dag.py
[2023-06-30T06:16:37.762+0000] {processor.py:743} INFO - Processing file /home/airflow/.local/lib/python3.7/site-packages/airflow/example_dags/tutorial_dag.py for tasks to queue
[2023-06-30T06:16:37.765+0000] {logging_mixin.py:137} INFO - [2023-06-30T06:16:37.765+0000] {dagbag.py:538} INFO - Filling up the DagBag from /home/airflow/.local/lib/python3.7/site-packages/airflow/example_dags/tutorial_dag.py
[2023-06-30T06:16:37.788+0000] {processor.py:753} INFO - DAG(s) dict_keys(['tutorial_dag']) retrieved from /home/airflow/.local/lib/python3.7/site-packages/airflow/example_dags/tutorial_dag.py
[2023-06-30T06:16:37.854+0000] {logging_mixin.py:137} INFO - [2023-06-30T06:16:37.853+0000] {dag.py:2676} INFO - Sync 1 DAGs
[2023-06-30T06:16:37.895+0000] {logging_mixin.py:137} INFO - [2023-06-30T06:16:37.895+0000] {dag.py:3427} INFO - Setting next_dagrun for tutorial_dag to None, run_after=None
[2023-06-30T06:16:37.927+0000] {processor.py:175} INFO - Processing /home/airflow/.local/lib/python3.7/site-packages/airflow/example_dags/tutorial_dag.py took 0.173 seconds
[2023-06-30T06:17:08.500+0000] {processor.py:153} INFO - Started process (PID=2291) to work on /home/airflow/.local/lib/python3.7/site-packages/airflow/example_dags/tutorial_dag.py
[2023-06-30T06:17:08.503+0000] {processor.py:743} INFO - Processing file /home/airflow/.local/lib/python3.7/site-packages/airflow/example_dags/tutorial_dag.py for tasks to queue
[2023-06-30T06:17:08.504+0000] {logging_mixin.py:137} INFO - [2023-06-30T06:17:08.504+0000] {dagbag.py:538} INFO - Filling up the DagBag from /home/airflow/.local/lib/python3.7/site-packages/airflow/example_dags/tutorial_dag.py
[2023-06-30T06:17:08.524+0000] {processor.py:753} INFO - DAG(s) dict_keys(['tutorial_dag']) retrieved from /home/airflow/.local/lib/python3.7/site-packages/airflow/example_dags/tutorial_dag.py
[2023-06-30T06:17:08.575+0000] {logging_mixin.py:137} INFO - [2023-06-30T06:17:08.575+0000] {dag.py:2676} INFO - Sync 1 DAGs
[2023-06-30T06:17:08.607+0000] {logging_mixin.py:137} INFO - [2023-06-30T06:17:08.607+0000] {dag.py:3427} INFO - Setting next_dagrun for tutorial_dag to None, run_after=None
[2023-06-30T06:17:08.631+0000] {processor.py:175} INFO - Processing /home/airflow/.local/lib/python3.7/site-packages/airflow/example_dags/tutorial_dag.py took 0.136 seconds
