[2023-07-12T10:55:07.057+0000] {processor.py:153} INFO - Started process (PID=688) to work on /opt/airflow/dags/3.py
[2023-07-12T10:55:07.058+0000] {processor.py:743} INFO - Processing file /opt/airflow/dags/3.py for tasks to queue
[2023-07-12T10:55:07.060+0000] {logging_mixin.py:137} INFO - [2023-07-12T10:55:07.060+0000] {dagbag.py:538} INFO - Filling up the DagBag from /opt/airflow/dags/3.py
[2023-07-12T10:55:07.105+0000] {processor.py:753} INFO - DAG(s) dict_keys(['create_table']) retrieved from /opt/airflow/dags/3.py
[2023-07-12T10:55:07.245+0000] {logging_mixin.py:137} INFO - [2023-07-12T10:55:07.244+0000] {manager.py:504} INFO - Created Permission View: can delete on DAG:create_table
[2023-07-12T10:55:07.256+0000] {logging_mixin.py:137} INFO - [2023-07-12T10:55:07.256+0000] {manager.py:504} INFO - Created Permission View: can edit on DAG:create_table
[2023-07-12T10:55:07.265+0000] {logging_mixin.py:137} INFO - [2023-07-12T10:55:07.265+0000] {manager.py:504} INFO - Created Permission View: can read on DAG:create_table
[2023-07-12T10:55:07.266+0000] {logging_mixin.py:137} INFO - [2023-07-12T10:55:07.266+0000] {dag.py:2676} INFO - Sync 1 DAGs
[2023-07-12T10:55:07.282+0000] {logging_mixin.py:137} INFO - [2023-07-12T10:55:07.282+0000] {dag.py:2697} INFO - Creating ORM DAG for create_table
[2023-07-12T10:55:07.296+0000] {logging_mixin.py:137} INFO - [2023-07-12T10:55:07.296+0000] {dag.py:3427} INFO - Setting next_dagrun for create_table to None, run_after=None
[2023-07-12T10:55:07.317+0000] {processor.py:175} INFO - Processing /opt/airflow/dags/3.py took 0.264 seconds
[2023-07-12T10:55:37.482+0000] {processor.py:153} INFO - Started process (PID=745) to work on /opt/airflow/dags/3.py
[2023-07-12T10:55:37.484+0000] {processor.py:743} INFO - Processing file /opt/airflow/dags/3.py for tasks to queue
[2023-07-12T10:55:37.485+0000] {logging_mixin.py:137} INFO - [2023-07-12T10:55:37.485+0000] {dagbag.py:538} INFO - Filling up the DagBag from /opt/airflow/dags/3.py
[2023-07-12T10:55:37.529+0000] {processor.py:753} INFO - DAG(s) dict_keys(['create_table']) retrieved from /opt/airflow/dags/3.py
[2023-07-12T10:55:37.574+0000] {logging_mixin.py:137} INFO - [2023-07-12T10:55:37.574+0000] {dag.py:2676} INFO - Sync 1 DAGs
[2023-07-12T10:55:37.613+0000] {logging_mixin.py:137} INFO - [2023-07-12T10:55:37.613+0000] {dag.py:3427} INFO - Setting next_dagrun for create_table to None, run_after=None
[2023-07-12T10:55:37.642+0000] {processor.py:175} INFO - Processing /opt/airflow/dags/3.py took 0.164 seconds
[2023-07-12T10:56:07.852+0000] {processor.py:153} INFO - Started process (PID=788) to work on /opt/airflow/dags/3.py
[2023-07-12T10:56:07.854+0000] {processor.py:743} INFO - Processing file /opt/airflow/dags/3.py for tasks to queue
[2023-07-12T10:56:07.856+0000] {logging_mixin.py:137} INFO - [2023-07-12T10:56:07.856+0000] {dagbag.py:538} INFO - Filling up the DagBag from /opt/airflow/dags/3.py
[2023-07-12T10:56:07.901+0000] {processor.py:753} INFO - DAG(s) dict_keys(['create_table']) retrieved from /opt/airflow/dags/3.py
[2023-07-12T10:56:07.943+0000] {logging_mixin.py:137} INFO - [2023-07-12T10:56:07.943+0000] {dag.py:2676} INFO - Sync 1 DAGs
[2023-07-12T10:56:07.972+0000] {logging_mixin.py:137} INFO - [2023-07-12T10:56:07.972+0000] {dag.py:3427} INFO - Setting next_dagrun for create_table to None, run_after=None
[2023-07-12T10:56:07.991+0000] {processor.py:175} INFO - Processing /opt/airflow/dags/3.py took 0.144 seconds
[2023-07-12T10:56:38.322+0000] {processor.py:153} INFO - Started process (PID=840) to work on /opt/airflow/dags/3.py
[2023-07-12T10:56:38.324+0000] {processor.py:743} INFO - Processing file /opt/airflow/dags/3.py for tasks to queue
[2023-07-12T10:56:38.325+0000] {logging_mixin.py:137} INFO - [2023-07-12T10:56:38.325+0000] {dagbag.py:538} INFO - Filling up the DagBag from /opt/airflow/dags/3.py
[2023-07-12T10:56:38.364+0000] {processor.py:753} INFO - DAG(s) dict_keys(['create_table']) retrieved from /opt/airflow/dags/3.py
[2023-07-12T10:56:38.406+0000] {logging_mixin.py:137} INFO - [2023-07-12T10:56:38.406+0000] {dag.py:2676} INFO - Sync 1 DAGs
[2023-07-12T10:56:38.439+0000] {logging_mixin.py:137} INFO - [2023-07-12T10:56:38.439+0000] {dag.py:3427} INFO - Setting next_dagrun for create_table to None, run_after=None
[2023-07-12T10:56:38.464+0000] {processor.py:175} INFO - Processing /opt/airflow/dags/3.py took 0.146 seconds
[2023-07-12T10:57:08.791+0000] {processor.py:153} INFO - Started process (PID=888) to work on /opt/airflow/dags/3.py
[2023-07-12T10:57:08.794+0000] {processor.py:743} INFO - Processing file /opt/airflow/dags/3.py for tasks to queue
[2023-07-12T10:57:08.796+0000] {logging_mixin.py:137} INFO - [2023-07-12T10:57:08.796+0000] {dagbag.py:538} INFO - Filling up the DagBag from /opt/airflow/dags/3.py
[2023-07-12T10:57:08.858+0000] {processor.py:753} INFO - DAG(s) dict_keys(['create_table']) retrieved from /opt/airflow/dags/3.py
[2023-07-12T10:57:08.919+0000] {logging_mixin.py:137} INFO - [2023-07-12T10:57:08.919+0000] {dag.py:2676} INFO - Sync 1 DAGs
[2023-07-12T10:57:08.975+0000] {logging_mixin.py:137} INFO - [2023-07-12T10:57:08.975+0000] {dag.py:3427} INFO - Setting next_dagrun for create_table to None, run_after=None
[2023-07-12T10:57:09.006+0000] {processor.py:175} INFO - Processing /opt/airflow/dags/3.py took 0.222 seconds
[2023-07-12T10:57:39.255+0000] {processor.py:153} INFO - Started process (PID=931) to work on /opt/airflow/dags/3.py
[2023-07-12T10:57:39.257+0000] {processor.py:743} INFO - Processing file /opt/airflow/dags/3.py for tasks to queue
[2023-07-12T10:57:39.259+0000] {logging_mixin.py:137} INFO - [2023-07-12T10:57:39.259+0000] {dagbag.py:538} INFO - Filling up the DagBag from /opt/airflow/dags/3.py
[2023-07-12T10:57:39.307+0000] {processor.py:753} INFO - DAG(s) dict_keys(['create_table']) retrieved from /opt/airflow/dags/3.py
[2023-07-12T10:57:39.354+0000] {logging_mixin.py:137} INFO - [2023-07-12T10:57:39.354+0000] {dag.py:2676} INFO - Sync 1 DAGs
[2023-07-12T10:57:39.385+0000] {logging_mixin.py:137} INFO - [2023-07-12T10:57:39.385+0000] {dag.py:3427} INFO - Setting next_dagrun for create_table to None, run_after=None
[2023-07-12T10:57:39.407+0000] {processor.py:175} INFO - Processing /opt/airflow/dags/3.py took 0.158 seconds
[2023-07-12T10:58:09.769+0000] {processor.py:153} INFO - Started process (PID=988) to work on /opt/airflow/dags/3.py
[2023-07-12T10:58:09.772+0000] {processor.py:743} INFO - Processing file /opt/airflow/dags/3.py for tasks to queue
[2023-07-12T10:58:09.774+0000] {logging_mixin.py:137} INFO - [2023-07-12T10:58:09.774+0000] {dagbag.py:538} INFO - Filling up the DagBag from /opt/airflow/dags/3.py
[2023-07-12T10:58:09.820+0000] {processor.py:753} INFO - DAG(s) dict_keys(['create_table']) retrieved from /opt/airflow/dags/3.py
[2023-07-12T10:58:09.864+0000] {logging_mixin.py:137} INFO - [2023-07-12T10:58:09.863+0000] {dag.py:2676} INFO - Sync 1 DAGs
[2023-07-12T10:58:09.892+0000] {logging_mixin.py:137} INFO - [2023-07-12T10:58:09.892+0000] {dag.py:3427} INFO - Setting next_dagrun for create_table to None, run_after=None
[2023-07-12T10:58:09.910+0000] {processor.py:175} INFO - Processing /opt/airflow/dags/3.py took 0.147 seconds
[2023-07-12T10:58:40.278+0000] {processor.py:153} INFO - Started process (PID=1031) to work on /opt/airflow/dags/3.py
[2023-07-12T10:58:40.281+0000] {processor.py:743} INFO - Processing file /opt/airflow/dags/3.py for tasks to queue
[2023-07-12T10:58:40.283+0000] {logging_mixin.py:137} INFO - [2023-07-12T10:58:40.282+0000] {dagbag.py:538} INFO - Filling up the DagBag from /opt/airflow/dags/3.py
[2023-07-12T10:58:40.331+0000] {processor.py:753} INFO - DAG(s) dict_keys(['create_table']) retrieved from /opt/airflow/dags/3.py
[2023-07-12T10:58:40.379+0000] {logging_mixin.py:137} INFO - [2023-07-12T10:58:40.379+0000] {dag.py:2676} INFO - Sync 1 DAGs
[2023-07-12T10:58:40.414+0000] {logging_mixin.py:137} INFO - [2023-07-12T10:58:40.413+0000] {dag.py:3427} INFO - Setting next_dagrun for create_table to None, run_after=None
[2023-07-12T10:58:40.439+0000] {processor.py:175} INFO - Processing /opt/airflow/dags/3.py took 0.168 seconds
[2023-07-12T10:59:10.707+0000] {processor.py:153} INFO - Started process (PID=1088) to work on /opt/airflow/dags/3.py
[2023-07-12T10:59:10.711+0000] {processor.py:743} INFO - Processing file /opt/airflow/dags/3.py for tasks to queue
[2023-07-12T10:59:10.713+0000] {logging_mixin.py:137} INFO - [2023-07-12T10:59:10.713+0000] {dagbag.py:538} INFO - Filling up the DagBag from /opt/airflow/dags/3.py
[2023-07-12T10:59:10.754+0000] {processor.py:753} INFO - DAG(s) dict_keys(['create_table']) retrieved from /opt/airflow/dags/3.py
[2023-07-12T10:59:10.798+0000] {logging_mixin.py:137} INFO - [2023-07-12T10:59:10.798+0000] {dag.py:2676} INFO - Sync 1 DAGs
[2023-07-12T10:59:10.826+0000] {logging_mixin.py:137} INFO - [2023-07-12T10:59:10.826+0000] {dag.py:3427} INFO - Setting next_dagrun for create_table to None, run_after=None
[2023-07-12T10:59:10.844+0000] {processor.py:175} INFO - Processing /opt/airflow/dags/3.py took 0.142 seconds
[2023-07-12T10:59:41.227+0000] {processor.py:153} INFO - Started process (PID=1131) to work on /opt/airflow/dags/3.py
[2023-07-12T10:59:41.230+0000] {processor.py:743} INFO - Processing file /opt/airflow/dags/3.py for tasks to queue
[2023-07-12T10:59:41.232+0000] {logging_mixin.py:137} INFO - [2023-07-12T10:59:41.232+0000] {dagbag.py:538} INFO - Filling up the DagBag from /opt/airflow/dags/3.py
[2023-07-12T10:59:41.291+0000] {processor.py:753} INFO - DAG(s) dict_keys(['create_table']) retrieved from /opt/airflow/dags/3.py
[2023-07-12T10:59:41.352+0000] {logging_mixin.py:137} INFO - [2023-07-12T10:59:41.352+0000] {dag.py:2676} INFO - Sync 1 DAGs
[2023-07-12T10:59:41.387+0000] {logging_mixin.py:137} INFO - [2023-07-12T10:59:41.386+0000] {dag.py:3427} INFO - Setting next_dagrun for create_table to None, run_after=None
[2023-07-12T10:59:41.409+0000] {processor.py:175} INFO - Processing /opt/airflow/dags/3.py took 0.188 seconds
[2023-07-12T11:00:11.775+0000] {processor.py:153} INFO - Started process (PID=1194) to work on /opt/airflow/dags/3.py
[2023-07-12T11:00:11.778+0000] {processor.py:743} INFO - Processing file /opt/airflow/dags/3.py for tasks to queue
[2023-07-12T11:00:11.779+0000] {logging_mixin.py:137} INFO - [2023-07-12T11:00:11.779+0000] {dagbag.py:538} INFO - Filling up the DagBag from /opt/airflow/dags/3.py
[2023-07-12T11:00:11.825+0000] {processor.py:753} INFO - DAG(s) dict_keys(['create_table']) retrieved from /opt/airflow/dags/3.py
[2023-07-12T11:00:11.855+0000] {logging_mixin.py:137} INFO - [2023-07-12T11:00:11.854+0000] {dag.py:2676} INFO - Sync 1 DAGs
[2023-07-12T11:00:11.883+0000] {logging_mixin.py:137} INFO - [2023-07-12T11:00:11.883+0000] {dag.py:3427} INFO - Setting next_dagrun for create_table to None, run_after=None
[2023-07-12T11:00:11.903+0000] {processor.py:175} INFO - Processing /opt/airflow/dags/3.py took 0.133 seconds
[2023-07-12T11:00:42.336+0000] {processor.py:153} INFO - Started process (PID=1242) to work on /opt/airflow/dags/3.py
[2023-07-12T11:00:42.354+0000] {processor.py:743} INFO - Processing file /opt/airflow/dags/3.py for tasks to queue
[2023-07-12T11:00:42.374+0000] {logging_mixin.py:137} INFO - [2023-07-12T11:00:42.374+0000] {dagbag.py:538} INFO - Filling up the DagBag from /opt/airflow/dags/3.py
[2023-07-12T11:00:42.443+0000] {processor.py:753} INFO - DAG(s) dict_keys(['create_table']) retrieved from /opt/airflow/dags/3.py
[2023-07-12T11:00:42.529+0000] {logging_mixin.py:137} INFO - [2023-07-12T11:00:42.529+0000] {dag.py:2676} INFO - Sync 1 DAGs
[2023-07-12T11:00:42.553+0000] {logging_mixin.py:137} INFO - [2023-07-12T11:00:42.553+0000] {dag.py:3427} INFO - Setting next_dagrun for create_table to None, run_after=None
[2023-07-12T11:00:42.573+0000] {processor.py:175} INFO - Processing /opt/airflow/dags/3.py took 0.243 seconds
[2023-07-12T11:01:13.011+0000] {processor.py:153} INFO - Started process (PID=1306) to work on /opt/airflow/dags/3.py
[2023-07-12T11:01:13.013+0000] {processor.py:743} INFO - Processing file /opt/airflow/dags/3.py for tasks to queue
[2023-07-12T11:01:13.015+0000] {logging_mixin.py:137} INFO - [2023-07-12T11:01:13.015+0000] {dagbag.py:538} INFO - Filling up the DagBag from /opt/airflow/dags/3.py
[2023-07-12T11:01:13.062+0000] {processor.py:753} INFO - DAG(s) dict_keys(['create_table']) retrieved from /opt/airflow/dags/3.py
[2023-07-12T11:01:13.105+0000] {logging_mixin.py:137} INFO - [2023-07-12T11:01:13.105+0000] {dag.py:2676} INFO - Sync 1 DAGs
[2023-07-12T11:01:13.135+0000] {logging_mixin.py:137} INFO - [2023-07-12T11:01:13.135+0000] {dag.py:3427} INFO - Setting next_dagrun for create_table to None, run_after=None
[2023-07-12T11:01:13.154+0000] {processor.py:175} INFO - Processing /opt/airflow/dags/3.py took 0.148 seconds
[2023-07-12T11:01:43.524+0000] {processor.py:153} INFO - Started process (PID=1354) to work on /opt/airflow/dags/3.py
[2023-07-12T11:01:43.526+0000] {processor.py:743} INFO - Processing file /opt/airflow/dags/3.py for tasks to queue
[2023-07-12T11:01:43.528+0000] {logging_mixin.py:137} INFO - [2023-07-12T11:01:43.528+0000] {dagbag.py:538} INFO - Filling up the DagBag from /opt/airflow/dags/3.py
[2023-07-12T11:01:43.573+0000] {processor.py:753} INFO - DAG(s) dict_keys(['create_table']) retrieved from /opt/airflow/dags/3.py
[2023-07-12T11:01:43.601+0000] {logging_mixin.py:137} INFO - [2023-07-12T11:01:43.601+0000] {dag.py:2676} INFO - Sync 1 DAGs
[2023-07-12T11:01:43.633+0000] {logging_mixin.py:137} INFO - [2023-07-12T11:01:43.633+0000] {dag.py:3427} INFO - Setting next_dagrun for create_table to None, run_after=None
[2023-07-12T11:01:43.657+0000] {processor.py:175} INFO - Processing /opt/airflow/dags/3.py took 0.138 seconds
[2023-07-12T11:02:13.859+0000] {processor.py:153} INFO - Started process (PID=1411) to work on /opt/airflow/dags/3.py
[2023-07-12T11:02:13.861+0000] {processor.py:743} INFO - Processing file /opt/airflow/dags/3.py for tasks to queue
[2023-07-12T11:02:13.863+0000] {logging_mixin.py:137} INFO - [2023-07-12T11:02:13.862+0000] {dagbag.py:538} INFO - Filling up the DagBag from /opt/airflow/dags/3.py
[2023-07-12T11:02:13.900+0000] {processor.py:753} INFO - DAG(s) dict_keys(['create_table']) retrieved from /opt/airflow/dags/3.py
[2023-07-12T11:02:13.989+0000] {logging_mixin.py:137} INFO - [2023-07-12T11:02:13.988+0000] {dag.py:2676} INFO - Sync 1 DAGs
[2023-07-12T11:02:14.015+0000] {logging_mixin.py:137} INFO - [2023-07-12T11:02:14.015+0000] {dag.py:3427} INFO - Setting next_dagrun for create_table to None, run_after=None
[2023-07-12T11:02:14.034+0000] {processor.py:175} INFO - Processing /opt/airflow/dags/3.py took 0.180 seconds
[2023-07-12T11:02:44.467+0000] {processor.py:153} INFO - Started process (PID=1464) to work on /opt/airflow/dags/3.py
[2023-07-12T11:02:44.471+0000] {processor.py:743} INFO - Processing file /opt/airflow/dags/3.py for tasks to queue
[2023-07-12T11:02:44.474+0000] {logging_mixin.py:137} INFO - [2023-07-12T11:02:44.474+0000] {dagbag.py:538} INFO - Filling up the DagBag from /opt/airflow/dags/3.py
[2023-07-12T11:02:44.537+0000] {processor.py:753} INFO - DAG(s) dict_keys(['create_table']) retrieved from /opt/airflow/dags/3.py
[2023-07-12T11:02:44.593+0000] {logging_mixin.py:137} INFO - [2023-07-12T11:02:44.593+0000] {dag.py:2676} INFO - Sync 1 DAGs
[2023-07-12T11:02:44.626+0000] {logging_mixin.py:137} INFO - [2023-07-12T11:02:44.625+0000] {dag.py:3427} INFO - Setting next_dagrun for create_table to None, run_after=None
[2023-07-12T11:02:44.651+0000] {processor.py:175} INFO - Processing /opt/airflow/dags/3.py took 0.189 seconds
[2023-07-12T11:03:15.059+0000] {processor.py:153} INFO - Started process (PID=1512) to work on /opt/airflow/dags/3.py
[2023-07-12T11:03:15.061+0000] {processor.py:743} INFO - Processing file /opt/airflow/dags/3.py for tasks to queue
[2023-07-12T11:03:15.062+0000] {logging_mixin.py:137} INFO - [2023-07-12T11:03:15.062+0000] {dagbag.py:538} INFO - Filling up the DagBag from /opt/airflow/dags/3.py
[2023-07-12T11:03:15.100+0000] {processor.py:753} INFO - DAG(s) dict_keys(['create_table']) retrieved from /opt/airflow/dags/3.py
[2023-07-12T11:03:15.129+0000] {logging_mixin.py:137} INFO - [2023-07-12T11:03:15.129+0000] {dag.py:2676} INFO - Sync 1 DAGs
[2023-07-12T11:03:15.158+0000] {logging_mixin.py:137} INFO - [2023-07-12T11:03:15.157+0000] {dag.py:3427} INFO - Setting next_dagrun for create_table to None, run_after=None
[2023-07-12T11:03:15.178+0000] {processor.py:175} INFO - Processing /opt/airflow/dags/3.py took 0.123 seconds
[2023-07-12T11:03:45.404+0000] {processor.py:153} INFO - Started process (PID=1573) to work on /opt/airflow/dags/3.py
[2023-07-12T11:03:45.407+0000] {processor.py:743} INFO - Processing file /opt/airflow/dags/3.py for tasks to queue
[2023-07-12T11:03:45.409+0000] {logging_mixin.py:137} INFO - [2023-07-12T11:03:45.409+0000] {dagbag.py:538} INFO - Filling up the DagBag from /opt/airflow/dags/3.py
[2023-07-12T11:03:45.457+0000] {processor.py:753} INFO - DAG(s) dict_keys(['create_table']) retrieved from /opt/airflow/dags/3.py
[2023-07-12T11:03:45.546+0000] {logging_mixin.py:137} INFO - [2023-07-12T11:03:45.545+0000] {dag.py:2676} INFO - Sync 1 DAGs
[2023-07-12T11:03:45.571+0000] {logging_mixin.py:137} INFO - [2023-07-12T11:03:45.571+0000] {dag.py:3427} INFO - Setting next_dagrun for create_table to None, run_after=None
[2023-07-12T11:03:45.593+0000] {processor.py:175} INFO - Processing /opt/airflow/dags/3.py took 0.194 seconds
[2023-07-12T11:04:15.985+0000] {processor.py:153} INFO - Started process (PID=1621) to work on /opt/airflow/dags/3.py
[2023-07-12T11:04:15.987+0000] {processor.py:743} INFO - Processing file /opt/airflow/dags/3.py for tasks to queue
[2023-07-12T11:04:15.989+0000] {logging_mixin.py:137} INFO - [2023-07-12T11:04:15.988+0000] {dagbag.py:538} INFO - Filling up the DagBag from /opt/airflow/dags/3.py
[2023-07-12T11:04:16.026+0000] {processor.py:753} INFO - DAG(s) dict_keys(['create_table']) retrieved from /opt/airflow/dags/3.py
[2023-07-12T11:04:16.069+0000] {logging_mixin.py:137} INFO - [2023-07-12T11:04:16.069+0000] {dag.py:2676} INFO - Sync 1 DAGs
[2023-07-12T11:04:16.103+0000] {logging_mixin.py:137} INFO - [2023-07-12T11:04:16.103+0000] {dag.py:3427} INFO - Setting next_dagrun for create_table to None, run_after=None
[2023-07-12T11:04:16.129+0000] {processor.py:175} INFO - Processing /opt/airflow/dags/3.py took 0.148 seconds
[2023-07-12T11:04:46.548+0000] {processor.py:153} INFO - Started process (PID=1683) to work on /opt/airflow/dags/3.py
[2023-07-12T11:04:46.551+0000] {processor.py:743} INFO - Processing file /opt/airflow/dags/3.py for tasks to queue
[2023-07-12T11:04:46.553+0000] {logging_mixin.py:137} INFO - [2023-07-12T11:04:46.553+0000] {dagbag.py:538} INFO - Filling up the DagBag from /opt/airflow/dags/3.py
[2023-07-12T11:04:46.599+0000] {processor.py:753} INFO - DAG(s) dict_keys(['create_table']) retrieved from /opt/airflow/dags/3.py
[2023-07-12T11:04:46.631+0000] {logging_mixin.py:137} INFO - [2023-07-12T11:04:46.631+0000] {dag.py:2676} INFO - Sync 1 DAGs
[2023-07-12T11:04:46.662+0000] {logging_mixin.py:137} INFO - [2023-07-12T11:04:46.661+0000] {dag.py:3427} INFO - Setting next_dagrun for create_table to None, run_after=None
[2023-07-12T11:04:46.681+0000] {processor.py:175} INFO - Processing /opt/airflow/dags/3.py took 0.138 seconds
[2023-07-12T11:05:17.139+0000] {processor.py:153} INFO - Started process (PID=1732) to work on /opt/airflow/dags/3.py
[2023-07-12T11:05:17.141+0000] {processor.py:743} INFO - Processing file /opt/airflow/dags/3.py for tasks to queue
[2023-07-12T11:05:17.143+0000] {logging_mixin.py:137} INFO - [2023-07-12T11:05:17.143+0000] {dagbag.py:538} INFO - Filling up the DagBag from /opt/airflow/dags/3.py
[2023-07-12T11:05:17.190+0000] {processor.py:753} INFO - DAG(s) dict_keys(['create_table']) retrieved from /opt/airflow/dags/3.py
[2023-07-12T11:05:17.282+0000] {logging_mixin.py:137} INFO - [2023-07-12T11:05:17.282+0000] {dag.py:2676} INFO - Sync 1 DAGs
[2023-07-12T11:05:17.310+0000] {logging_mixin.py:137} INFO - [2023-07-12T11:05:17.310+0000] {dag.py:3427} INFO - Setting next_dagrun for create_table to None, run_after=None
[2023-07-12T11:05:17.340+0000] {processor.py:175} INFO - Processing /opt/airflow/dags/3.py took 0.207 seconds
[2023-07-12T11:05:47.724+0000] {processor.py:153} INFO - Started process (PID=1798) to work on /opt/airflow/dags/3.py
[2023-07-12T11:05:47.727+0000] {processor.py:743} INFO - Processing file /opt/airflow/dags/3.py for tasks to queue
[2023-07-12T11:05:47.729+0000] {logging_mixin.py:137} INFO - [2023-07-12T11:05:47.729+0000] {dagbag.py:538} INFO - Filling up the DagBag from /opt/airflow/dags/3.py
[2023-07-12T11:05:47.770+0000] {processor.py:753} INFO - DAG(s) dict_keys(['create_table']) retrieved from /opt/airflow/dags/3.py
[2023-07-12T11:05:47.827+0000] {logging_mixin.py:137} INFO - [2023-07-12T11:05:47.827+0000] {dag.py:2676} INFO - Sync 1 DAGs
[2023-07-12T11:05:47.860+0000] {logging_mixin.py:137} INFO - [2023-07-12T11:05:47.860+0000] {dag.py:3427} INFO - Setting next_dagrun for create_table to None, run_after=None
[2023-07-12T11:05:47.884+0000] {processor.py:175} INFO - Processing /opt/airflow/dags/3.py took 0.164 seconds
[2023-07-12T11:06:18.257+0000] {processor.py:153} INFO - Started process (PID=1847) to work on /opt/airflow/dags/3.py
[2023-07-12T11:06:18.262+0000] {processor.py:743} INFO - Processing file /opt/airflow/dags/3.py for tasks to queue
[2023-07-12T11:06:18.264+0000] {logging_mixin.py:137} INFO - [2023-07-12T11:06:18.264+0000] {dagbag.py:538} INFO - Filling up the DagBag from /opt/airflow/dags/3.py
[2023-07-12T11:06:18.320+0000] {processor.py:753} INFO - DAG(s) dict_keys(['create_table']) retrieved from /opt/airflow/dags/3.py
[2023-07-12T11:06:18.361+0000] {logging_mixin.py:137} INFO - [2023-07-12T11:06:18.360+0000] {dag.py:2676} INFO - Sync 1 DAGs
[2023-07-12T11:06:18.401+0000] {logging_mixin.py:137} INFO - [2023-07-12T11:06:18.401+0000] {dag.py:3427} INFO - Setting next_dagrun for create_table to None, run_after=None
[2023-07-12T11:06:18.430+0000] {processor.py:175} INFO - Processing /opt/airflow/dags/3.py took 0.179 seconds
[2023-07-12T11:06:48.943+0000] {processor.py:153} INFO - Started process (PID=1902) to work on /opt/airflow/dags/3.py
[2023-07-12T11:06:48.945+0000] {processor.py:743} INFO - Processing file /opt/airflow/dags/3.py for tasks to queue
[2023-07-12T11:06:48.947+0000] {logging_mixin.py:137} INFO - [2023-07-12T11:06:48.947+0000] {dagbag.py:538} INFO - Filling up the DagBag from /opt/airflow/dags/3.py
[2023-07-12T11:06:48.985+0000] {processor.py:753} INFO - DAG(s) dict_keys(['create_table']) retrieved from /opt/airflow/dags/3.py
[2023-07-12T11:06:49.077+0000] {logging_mixin.py:137} INFO - [2023-07-12T11:06:49.077+0000] {dag.py:2676} INFO - Sync 1 DAGs
[2023-07-12T11:06:49.107+0000] {logging_mixin.py:137} INFO - [2023-07-12T11:06:49.107+0000] {dag.py:3427} INFO - Setting next_dagrun for create_table to None, run_after=None
[2023-07-12T11:06:49.133+0000] {processor.py:175} INFO - Processing /opt/airflow/dags/3.py took 0.194 seconds
[2023-07-12T11:07:19.399+0000] {processor.py:153} INFO - Started process (PID=1957) to work on /opt/airflow/dags/3.py
[2023-07-12T11:07:19.402+0000] {processor.py:743} INFO - Processing file /opt/airflow/dags/3.py for tasks to queue
[2023-07-12T11:07:19.404+0000] {logging_mixin.py:137} INFO - [2023-07-12T11:07:19.404+0000] {dagbag.py:538} INFO - Filling up the DagBag from /opt/airflow/dags/3.py
[2023-07-12T11:07:19.460+0000] {processor.py:753} INFO - DAG(s) dict_keys(['create_table']) retrieved from /opt/airflow/dags/3.py
[2023-07-12T11:07:19.514+0000] {logging_mixin.py:137} INFO - [2023-07-12T11:07:19.514+0000] {dag.py:2676} INFO - Sync 1 DAGs
[2023-07-12T11:07:19.552+0000] {logging_mixin.py:137} INFO - [2023-07-12T11:07:19.552+0000] {dag.py:3427} INFO - Setting next_dagrun for create_table to None, run_after=None
[2023-07-12T11:07:19.581+0000] {processor.py:175} INFO - Processing /opt/airflow/dags/3.py took 0.190 seconds
[2023-07-12T11:07:49.820+0000] {processor.py:153} INFO - Started process (PID=2005) to work on /opt/airflow/dags/3.py
[2023-07-12T11:07:49.822+0000] {processor.py:743} INFO - Processing file /opt/airflow/dags/3.py for tasks to queue
[2023-07-12T11:07:49.824+0000] {logging_mixin.py:137} INFO - [2023-07-12T11:07:49.824+0000] {dagbag.py:538} INFO - Filling up the DagBag from /opt/airflow/dags/3.py
[2023-07-12T11:07:49.867+0000] {processor.py:753} INFO - DAG(s) dict_keys(['create_table']) retrieved from /opt/airflow/dags/3.py
[2023-07-12T11:07:49.907+0000] {logging_mixin.py:137} INFO - [2023-07-12T11:07:49.907+0000] {dag.py:2676} INFO - Sync 1 DAGs
[2023-07-12T11:07:49.943+0000] {logging_mixin.py:137} INFO - [2023-07-12T11:07:49.943+0000] {dag.py:3427} INFO - Setting next_dagrun for create_table to None, run_after=None
[2023-07-12T11:07:49.967+0000] {processor.py:175} INFO - Processing /opt/airflow/dags/3.py took 0.152 seconds
[2023-07-12T11:08:20.348+0000] {processor.py:153} INFO - Started process (PID=2067) to work on /opt/airflow/dags/3.py
[2023-07-12T11:08:20.350+0000] {processor.py:743} INFO - Processing file /opt/airflow/dags/3.py for tasks to queue
[2023-07-12T11:08:20.352+0000] {logging_mixin.py:137} INFO - [2023-07-12T11:08:20.352+0000] {dagbag.py:538} INFO - Filling up the DagBag from /opt/airflow/dags/3.py
[2023-07-12T11:08:20.403+0000] {processor.py:753} INFO - DAG(s) dict_keys(['create_table']) retrieved from /opt/airflow/dags/3.py
[2023-07-12T11:08:20.503+0000] {logging_mixin.py:137} INFO - [2023-07-12T11:08:20.503+0000] {dag.py:2676} INFO - Sync 1 DAGs
[2023-07-12T11:08:20.533+0000] {logging_mixin.py:137} INFO - [2023-07-12T11:08:20.533+0000] {dag.py:3427} INFO - Setting next_dagrun for create_table to None, run_after=None
[2023-07-12T11:08:20.561+0000] {processor.py:175} INFO - Processing /opt/airflow/dags/3.py took 0.218 seconds
[2023-07-12T11:08:50.992+0000] {processor.py:153} INFO - Started process (PID=2115) to work on /opt/airflow/dags/3.py
[2023-07-12T11:08:50.994+0000] {processor.py:743} INFO - Processing file /opt/airflow/dags/3.py for tasks to queue
[2023-07-12T11:08:50.997+0000] {logging_mixin.py:137} INFO - [2023-07-12T11:08:50.997+0000] {dagbag.py:538} INFO - Filling up the DagBag from /opt/airflow/dags/3.py
[2023-07-12T11:08:51.052+0000] {processor.py:753} INFO - DAG(s) dict_keys(['create_table']) retrieved from /opt/airflow/dags/3.py
[2023-07-12T11:08:51.102+0000] {logging_mixin.py:137} INFO - [2023-07-12T11:08:51.102+0000] {dag.py:2676} INFO - Sync 1 DAGs
[2023-07-12T11:08:51.137+0000] {logging_mixin.py:137} INFO - [2023-07-12T11:08:51.137+0000] {dag.py:3427} INFO - Setting next_dagrun for create_table to None, run_after=None
[2023-07-12T11:08:51.161+0000] {processor.py:175} INFO - Processing /opt/airflow/dags/3.py took 0.175 seconds
[2023-07-12T11:09:21.546+0000] {processor.py:153} INFO - Started process (PID=2177) to work on /opt/airflow/dags/3.py
[2023-07-12T11:09:21.549+0000] {processor.py:743} INFO - Processing file /opt/airflow/dags/3.py for tasks to queue
[2023-07-12T11:09:21.551+0000] {logging_mixin.py:137} INFO - [2023-07-12T11:09:21.551+0000] {dagbag.py:538} INFO - Filling up the DagBag from /opt/airflow/dags/3.py
[2023-07-12T11:09:21.601+0000] {processor.py:753} INFO - DAG(s) dict_keys(['create_table']) retrieved from /opt/airflow/dags/3.py
[2023-07-12T11:09:21.635+0000] {logging_mixin.py:137} INFO - [2023-07-12T11:09:21.635+0000] {dag.py:2676} INFO - Sync 1 DAGs
[2023-07-12T11:09:21.666+0000] {logging_mixin.py:137} INFO - [2023-07-12T11:09:21.665+0000] {dag.py:3427} INFO - Setting next_dagrun for create_table to None, run_after=None
[2023-07-12T11:09:21.685+0000] {processor.py:175} INFO - Processing /opt/airflow/dags/3.py took 0.144 seconds
[2023-07-12T11:09:52.077+0000] {processor.py:153} INFO - Started process (PID=2225) to work on /opt/airflow/dags/3.py
[2023-07-12T11:09:52.079+0000] {processor.py:743} INFO - Processing file /opt/airflow/dags/3.py for tasks to queue
[2023-07-12T11:09:52.081+0000] {logging_mixin.py:137} INFO - [2023-07-12T11:09:52.081+0000] {dagbag.py:538} INFO - Filling up the DagBag from /opt/airflow/dags/3.py
[2023-07-12T11:09:52.129+0000] {processor.py:753} INFO - DAG(s) dict_keys(['create_table']) retrieved from /opt/airflow/dags/3.py
[2023-07-12T11:09:52.229+0000] {logging_mixin.py:137} INFO - [2023-07-12T11:09:52.229+0000] {dag.py:2676} INFO - Sync 1 DAGs
[2023-07-12T11:09:52.259+0000] {logging_mixin.py:137} INFO - [2023-07-12T11:09:52.259+0000] {dag.py:3427} INFO - Setting next_dagrun for create_table to None, run_after=None
[2023-07-12T11:09:52.283+0000] {processor.py:175} INFO - Processing /opt/airflow/dags/3.py took 0.211 seconds
[2023-07-12T11:10:22.737+0000] {processor.py:153} INFO - Started process (PID=2282) to work on /opt/airflow/dags/3.py
[2023-07-12T11:10:22.739+0000] {processor.py:743} INFO - Processing file /opt/airflow/dags/3.py for tasks to queue
[2023-07-12T11:10:22.741+0000] {logging_mixin.py:137} INFO - [2023-07-12T11:10:22.741+0000] {dagbag.py:538} INFO - Filling up the DagBag from /opt/airflow/dags/3.py
[2023-07-12T11:10:22.788+0000] {processor.py:753} INFO - DAG(s) dict_keys(['create_table']) retrieved from /opt/airflow/dags/3.py
[2023-07-12T11:10:22.839+0000] {logging_mixin.py:137} INFO - [2023-07-12T11:10:22.839+0000] {dag.py:2676} INFO - Sync 1 DAGs
[2023-07-12T11:10:22.874+0000] {logging_mixin.py:137} INFO - [2023-07-12T11:10:22.874+0000] {dag.py:3427} INFO - Setting next_dagrun for create_table to None, run_after=None
[2023-07-12T11:10:22.900+0000] {processor.py:175} INFO - Processing /opt/airflow/dags/3.py took 0.167 seconds
[2023-07-12T11:10:53.375+0000] {processor.py:153} INFO - Started process (PID=2335) to work on /opt/airflow/dags/3.py
[2023-07-12T11:10:53.378+0000] {processor.py:743} INFO - Processing file /opt/airflow/dags/3.py for tasks to queue
[2023-07-12T11:10:53.380+0000] {logging_mixin.py:137} INFO - [2023-07-12T11:10:53.380+0000] {dagbag.py:538} INFO - Filling up the DagBag from /opt/airflow/dags/3.py
[2023-07-12T11:10:53.433+0000] {processor.py:753} INFO - DAG(s) dict_keys(['create_table']) retrieved from /opt/airflow/dags/3.py
[2023-07-12T11:10:53.471+0000] {logging_mixin.py:137} INFO - [2023-07-12T11:10:53.471+0000] {dag.py:2676} INFO - Sync 1 DAGs
[2023-07-12T11:10:53.528+0000] {logging_mixin.py:137} INFO - [2023-07-12T11:10:53.528+0000] {dag.py:3427} INFO - Setting next_dagrun for create_table to None, run_after=None
[2023-07-12T11:10:53.557+0000] {processor.py:175} INFO - Processing /opt/airflow/dags/3.py took 0.187 seconds
[2023-07-12T11:11:23.989+0000] {processor.py:153} INFO - Started process (PID=2387) to work on /opt/airflow/dags/3.py
[2023-07-12T11:11:23.993+0000] {processor.py:743} INFO - Processing file /opt/airflow/dags/3.py for tasks to queue
[2023-07-12T11:11:23.995+0000] {logging_mixin.py:137} INFO - [2023-07-12T11:11:23.995+0000] {dagbag.py:538} INFO - Filling up the DagBag from /opt/airflow/dags/3.py
[2023-07-12T11:11:24.045+0000] {processor.py:753} INFO - DAG(s) dict_keys(['create_table']) retrieved from /opt/airflow/dags/3.py
[2023-07-12T11:11:24.146+0000] {logging_mixin.py:137} INFO - [2023-07-12T11:11:24.146+0000] {dag.py:2676} INFO - Sync 1 DAGs
[2023-07-12T11:11:24.177+0000] {logging_mixin.py:137} INFO - [2023-07-12T11:11:24.177+0000] {dag.py:3427} INFO - Setting next_dagrun for create_table to None, run_after=None
[2023-07-12T11:11:24.206+0000] {processor.py:175} INFO - Processing /opt/airflow/dags/3.py took 0.222 seconds
[2023-07-12T11:11:54.622+0000] {processor.py:153} INFO - Started process (PID=2453) to work on /opt/airflow/dags/3.py
[2023-07-12T11:11:54.625+0000] {processor.py:743} INFO - Processing file /opt/airflow/dags/3.py for tasks to queue
[2023-07-12T11:11:54.627+0000] {logging_mixin.py:137} INFO - [2023-07-12T11:11:54.626+0000] {dagbag.py:538} INFO - Filling up the DagBag from /opt/airflow/dags/3.py
[2023-07-12T11:11:54.674+0000] {processor.py:753} INFO - DAG(s) dict_keys(['create_table']) retrieved from /opt/airflow/dags/3.py
[2023-07-12T11:11:54.729+0000] {logging_mixin.py:137} INFO - [2023-07-12T11:11:54.729+0000] {dag.py:2676} INFO - Sync 1 DAGs
[2023-07-12T11:11:54.767+0000] {logging_mixin.py:137} INFO - [2023-07-12T11:11:54.767+0000] {dag.py:3427} INFO - Setting next_dagrun for create_table to None, run_after=None
[2023-07-12T11:11:54.800+0000] {processor.py:175} INFO - Processing /opt/airflow/dags/3.py took 0.184 seconds
[2023-07-12T11:12:25.201+0000] {processor.py:153} INFO - Started process (PID=2501) to work on /opt/airflow/dags/3.py
[2023-07-12T11:12:25.203+0000] {processor.py:743} INFO - Processing file /opt/airflow/dags/3.py for tasks to queue
[2023-07-12T11:12:25.206+0000] {logging_mixin.py:137} INFO - [2023-07-12T11:12:25.205+0000] {dagbag.py:538} INFO - Filling up the DagBag from /opt/airflow/dags/3.py
[2023-07-12T11:12:25.256+0000] {processor.py:753} INFO - DAG(s) dict_keys(['create_table']) retrieved from /opt/airflow/dags/3.py
[2023-07-12T11:12:25.292+0000] {logging_mixin.py:137} INFO - [2023-07-12T11:12:25.292+0000] {dag.py:2676} INFO - Sync 1 DAGs
[2023-07-12T11:12:25.327+0000] {logging_mixin.py:137} INFO - [2023-07-12T11:12:25.327+0000] {dag.py:3427} INFO - Setting next_dagrun for create_table to None, run_after=None
[2023-07-12T11:12:25.351+0000] {processor.py:175} INFO - Processing /opt/airflow/dags/3.py took 0.155 seconds
[2023-07-12T11:12:55.582+0000] {processor.py:153} INFO - Started process (PID=2563) to work on /opt/airflow/dags/3.py
[2023-07-12T11:12:55.585+0000] {processor.py:743} INFO - Processing file /opt/airflow/dags/3.py for tasks to queue
[2023-07-12T11:12:55.587+0000] {logging_mixin.py:137} INFO - [2023-07-12T11:12:55.586+0000] {dagbag.py:538} INFO - Filling up the DagBag from /opt/airflow/dags/3.py
[2023-07-12T11:12:55.633+0000] {processor.py:753} INFO - DAG(s) dict_keys(['create_table']) retrieved from /opt/airflow/dags/3.py
[2023-07-12T11:12:55.718+0000] {logging_mixin.py:137} INFO - [2023-07-12T11:12:55.718+0000] {dag.py:2676} INFO - Sync 1 DAGs
[2023-07-12T11:12:55.743+0000] {logging_mixin.py:137} INFO - [2023-07-12T11:12:55.743+0000] {dag.py:3427} INFO - Setting next_dagrun for create_table to None, run_after=None
[2023-07-12T11:12:55.763+0000] {processor.py:175} INFO - Processing /opt/airflow/dags/3.py took 0.186 seconds
[2023-07-12T11:13:26.306+0000] {processor.py:153} INFO - Started process (PID=2611) to work on /opt/airflow/dags/3.py
[2023-07-12T11:13:26.308+0000] {processor.py:743} INFO - Processing file /opt/airflow/dags/3.py for tasks to queue
[2023-07-12T11:13:26.309+0000] {logging_mixin.py:137} INFO - [2023-07-12T11:13:26.309+0000] {dagbag.py:538} INFO - Filling up the DagBag from /opt/airflow/dags/3.py
[2023-07-12T11:13:26.347+0000] {processor.py:753} INFO - DAG(s) dict_keys(['create_table']) retrieved from /opt/airflow/dags/3.py
[2023-07-12T11:13:26.390+0000] {logging_mixin.py:137} INFO - [2023-07-12T11:13:26.390+0000] {dag.py:2676} INFO - Sync 1 DAGs
[2023-07-12T11:13:26.424+0000] {logging_mixin.py:137} INFO - [2023-07-12T11:13:26.424+0000] {dag.py:3427} INFO - Setting next_dagrun for create_table to None, run_after=None
[2023-07-12T11:13:26.447+0000] {processor.py:175} INFO - Processing /opt/airflow/dags/3.py took 0.145 seconds
[2023-07-12T11:13:56.864+0000] {processor.py:153} INFO - Started process (PID=2673) to work on /opt/airflow/dags/3.py
[2023-07-12T11:13:56.867+0000] {processor.py:743} INFO - Processing file /opt/airflow/dags/3.py for tasks to queue
[2023-07-12T11:13:56.869+0000] {logging_mixin.py:137} INFO - [2023-07-12T11:13:56.869+0000] {dagbag.py:538} INFO - Filling up the DagBag from /opt/airflow/dags/3.py
[2023-07-12T11:13:56.924+0000] {processor.py:753} INFO - DAG(s) dict_keys(['create_table']) retrieved from /opt/airflow/dags/3.py
[2023-07-12T11:13:56.965+0000] {logging_mixin.py:137} INFO - [2023-07-12T11:13:56.965+0000] {dag.py:2676} INFO - Sync 1 DAGs
[2023-07-12T11:13:57.004+0000] {logging_mixin.py:137} INFO - [2023-07-12T11:13:57.003+0000] {dag.py:3427} INFO - Setting next_dagrun for create_table to None, run_after=None
[2023-07-12T11:13:57.025+0000] {processor.py:175} INFO - Processing /opt/airflow/dags/3.py took 0.167 seconds
[2023-07-12T11:14:27.432+0000] {processor.py:153} INFO - Started process (PID=2721) to work on /opt/airflow/dags/3.py
[2023-07-12T11:14:27.434+0000] {processor.py:743} INFO - Processing file /opt/airflow/dags/3.py for tasks to queue
[2023-07-12T11:14:27.436+0000] {logging_mixin.py:137} INFO - [2023-07-12T11:14:27.436+0000] {dagbag.py:538} INFO - Filling up the DagBag from /opt/airflow/dags/3.py
[2023-07-12T11:14:27.485+0000] {processor.py:753} INFO - DAG(s) dict_keys(['create_table']) retrieved from /opt/airflow/dags/3.py
[2023-07-12T11:14:27.574+0000] {logging_mixin.py:137} INFO - [2023-07-12T11:14:27.574+0000] {dag.py:2676} INFO - Sync 1 DAGs
[2023-07-12T11:14:27.606+0000] {logging_mixin.py:137} INFO - [2023-07-12T11:14:27.606+0000] {dag.py:3427} INFO - Setting next_dagrun for create_table to None, run_after=None
[2023-07-12T11:14:27.633+0000] {processor.py:175} INFO - Processing /opt/airflow/dags/3.py took 0.207 seconds
[2023-07-12T11:14:57.836+0000] {processor.py:153} INFO - Started process (PID=2783) to work on /opt/airflow/dags/3.py
[2023-07-12T11:14:57.838+0000] {processor.py:743} INFO - Processing file /opt/airflow/dags/3.py for tasks to queue
[2023-07-12T11:14:57.840+0000] {logging_mixin.py:137} INFO - [2023-07-12T11:14:57.840+0000] {dagbag.py:538} INFO - Filling up the DagBag from /opt/airflow/dags/3.py
[2023-07-12T11:14:57.877+0000] {processor.py:753} INFO - DAG(s) dict_keys(['create_table']) retrieved from /opt/airflow/dags/3.py
[2023-07-12T11:14:57.919+0000] {logging_mixin.py:137} INFO - [2023-07-12T11:14:57.919+0000] {dag.py:2676} INFO - Sync 1 DAGs
[2023-07-12T11:14:57.947+0000] {logging_mixin.py:137} INFO - [2023-07-12T11:14:57.947+0000] {dag.py:3427} INFO - Setting next_dagrun for create_table to None, run_after=None
[2023-07-12T11:14:57.966+0000] {processor.py:175} INFO - Processing /opt/airflow/dags/3.py took 0.135 seconds
[2023-07-12T11:15:28.391+0000] {processor.py:153} INFO - Started process (PID=2831) to work on /opt/airflow/dags/3.py
[2023-07-12T11:15:28.394+0000] {processor.py:743} INFO - Processing file /opt/airflow/dags/3.py for tasks to queue
[2023-07-12T11:15:28.396+0000] {logging_mixin.py:137} INFO - [2023-07-12T11:15:28.395+0000] {dagbag.py:538} INFO - Filling up the DagBag from /opt/airflow/dags/3.py
[2023-07-12T11:15:28.443+0000] {processor.py:753} INFO - DAG(s) dict_keys(['create_table']) retrieved from /opt/airflow/dags/3.py
[2023-07-12T11:15:28.477+0000] {logging_mixin.py:137} INFO - [2023-07-12T11:15:28.477+0000] {dag.py:2676} INFO - Sync 1 DAGs
[2023-07-12T11:15:28.511+0000] {logging_mixin.py:137} INFO - [2023-07-12T11:15:28.511+0000] {dag.py:3427} INFO - Setting next_dagrun for create_table to None, run_after=None
[2023-07-12T11:15:28.534+0000] {processor.py:175} INFO - Processing /opt/airflow/dags/3.py took 0.148 seconds
[2023-07-12T11:15:58.949+0000] {processor.py:153} INFO - Started process (PID=2888) to work on /opt/airflow/dags/3.py
[2023-07-12T11:15:58.952+0000] {processor.py:743} INFO - Processing file /opt/airflow/dags/3.py for tasks to queue
[2023-07-12T11:15:58.954+0000] {logging_mixin.py:137} INFO - [2023-07-12T11:15:58.954+0000] {dagbag.py:538} INFO - Filling up the DagBag from /opt/airflow/dags/3.py
[2023-07-12T11:15:59.021+0000] {processor.py:753} INFO - DAG(s) dict_keys(['create_table']) retrieved from /opt/airflow/dags/3.py
[2023-07-12T11:15:59.141+0000] {logging_mixin.py:137} INFO - [2023-07-12T11:15:59.141+0000] {dag.py:2676} INFO - Sync 1 DAGs
[2023-07-12T11:15:59.174+0000] {logging_mixin.py:137} INFO - [2023-07-12T11:15:59.173+0000] {dag.py:3427} INFO - Setting next_dagrun for create_table to None, run_after=None
[2023-07-12T11:15:59.202+0000] {processor.py:175} INFO - Processing /opt/airflow/dags/3.py took 0.261 seconds
[2023-07-12T11:16:29.594+0000] {processor.py:153} INFO - Started process (PID=2945) to work on /opt/airflow/dags/3.py
[2023-07-12T11:16:29.597+0000] {processor.py:743} INFO - Processing file /opt/airflow/dags/3.py for tasks to queue
[2023-07-12T11:16:29.599+0000] {logging_mixin.py:137} INFO - [2023-07-12T11:16:29.599+0000] {dagbag.py:538} INFO - Filling up the DagBag from /opt/airflow/dags/3.py
[2023-07-12T11:16:29.647+0000] {processor.py:753} INFO - DAG(s) dict_keys(['create_table']) retrieved from /opt/airflow/dags/3.py
[2023-07-12T11:16:29.691+0000] {logging_mixin.py:137} INFO - [2023-07-12T11:16:29.691+0000] {dag.py:2676} INFO - Sync 1 DAGs
[2023-07-12T11:16:29.720+0000] {logging_mixin.py:137} INFO - [2023-07-12T11:16:29.720+0000] {dag.py:3427} INFO - Setting next_dagrun for create_table to None, run_after=None
[2023-07-12T11:16:29.740+0000] {processor.py:175} INFO - Processing /opt/airflow/dags/3.py took 0.152 seconds
[2023-07-12T11:17:00.074+0000] {processor.py:153} INFO - Started process (PID=2988) to work on /opt/airflow/dags/3.py
[2023-07-12T11:17:00.078+0000] {processor.py:743} INFO - Processing file /opt/airflow/dags/3.py for tasks to queue
[2023-07-12T11:17:00.080+0000] {logging_mixin.py:137} INFO - [2023-07-12T11:17:00.080+0000] {dagbag.py:538} INFO - Filling up the DagBag from /opt/airflow/dags/3.py
[2023-07-12T11:17:00.129+0000] {processor.py:753} INFO - DAG(s) dict_keys(['create_table']) retrieved from /opt/airflow/dags/3.py
[2023-07-12T11:17:00.187+0000] {logging_mixin.py:137} INFO - [2023-07-12T11:17:00.187+0000] {dag.py:2676} INFO - Sync 1 DAGs
[2023-07-12T11:17:00.227+0000] {logging_mixin.py:137} INFO - [2023-07-12T11:17:00.227+0000] {dag.py:3427} INFO - Setting next_dagrun for create_table to None, run_after=None
[2023-07-12T11:17:00.253+0000] {processor.py:175} INFO - Processing /opt/airflow/dags/3.py took 0.184 seconds
[2023-07-12T11:17:30.663+0000] {processor.py:153} INFO - Started process (PID=3045) to work on /opt/airflow/dags/3.py
[2023-07-12T11:17:30.665+0000] {processor.py:743} INFO - Processing file /opt/airflow/dags/3.py for tasks to queue
[2023-07-12T11:17:30.667+0000] {logging_mixin.py:137} INFO - [2023-07-12T11:17:30.667+0000] {dagbag.py:538} INFO - Filling up the DagBag from /opt/airflow/dags/3.py
[2023-07-12T11:17:30.714+0000] {processor.py:753} INFO - DAG(s) dict_keys(['create_table']) retrieved from /opt/airflow/dags/3.py
[2023-07-12T11:17:30.765+0000] {logging_mixin.py:137} INFO - [2023-07-12T11:17:30.765+0000] {dag.py:2676} INFO - Sync 1 DAGs
[2023-07-12T11:17:30.801+0000] {logging_mixin.py:137} INFO - [2023-07-12T11:17:30.800+0000] {dag.py:3427} INFO - Setting next_dagrun for create_table to None, run_after=None
[2023-07-12T11:17:30.827+0000] {processor.py:175} INFO - Processing /opt/airflow/dags/3.py took 0.168 seconds
[2023-07-12T11:18:01.182+0000] {processor.py:153} INFO - Started process (PID=3088) to work on /opt/airflow/dags/3.py
[2023-07-12T11:18:01.185+0000] {processor.py:743} INFO - Processing file /opt/airflow/dags/3.py for tasks to queue
[2023-07-12T11:18:01.187+0000] {logging_mixin.py:137} INFO - [2023-07-12T11:18:01.187+0000] {dagbag.py:538} INFO - Filling up the DagBag from /opt/airflow/dags/3.py
[2023-07-12T11:18:01.235+0000] {processor.py:753} INFO - DAG(s) dict_keys(['create_table']) retrieved from /opt/airflow/dags/3.py
[2023-07-12T11:18:01.283+0000] {logging_mixin.py:137} INFO - [2023-07-12T11:18:01.283+0000] {dag.py:2676} INFO - Sync 1 DAGs
[2023-07-12T11:18:01.316+0000] {logging_mixin.py:137} INFO - [2023-07-12T11:18:01.316+0000] {dag.py:3427} INFO - Setting next_dagrun for create_table to None, run_after=None
[2023-07-12T11:18:01.341+0000] {processor.py:175} INFO - Processing /opt/airflow/dags/3.py took 0.164 seconds
[2023-07-12T11:18:31.947+0000] {processor.py:153} INFO - Started process (PID=3146) to work on /opt/airflow/dags/3.py
[2023-07-12T11:18:31.950+0000] {processor.py:743} INFO - Processing file /opt/airflow/dags/3.py for tasks to queue
[2023-07-12T11:18:31.952+0000] {logging_mixin.py:137} INFO - [2023-07-12T11:18:31.952+0000] {dagbag.py:538} INFO - Filling up the DagBag from /opt/airflow/dags/3.py
[2023-07-12T11:18:32.010+0000] {processor.py:753} INFO - DAG(s) dict_keys(['create_table']) retrieved from /opt/airflow/dags/3.py
[2023-07-12T11:18:32.070+0000] {logging_mixin.py:137} INFO - [2023-07-12T11:18:32.070+0000] {dag.py:2676} INFO - Sync 1 DAGs
[2023-07-12T11:18:32.110+0000] {logging_mixin.py:137} INFO - [2023-07-12T11:18:32.110+0000] {dag.py:3427} INFO - Setting next_dagrun for create_table to None, run_after=None
[2023-07-12T11:18:32.137+0000] {processor.py:175} INFO - Processing /opt/airflow/dags/3.py took 0.195 seconds
[2023-07-12T11:19:02.454+0000] {processor.py:153} INFO - Started process (PID=3190) to work on /opt/airflow/dags/3.py
[2023-07-12T11:19:02.456+0000] {processor.py:743} INFO - Processing file /opt/airflow/dags/3.py for tasks to queue
[2023-07-12T11:19:02.458+0000] {logging_mixin.py:137} INFO - [2023-07-12T11:19:02.458+0000] {dagbag.py:538} INFO - Filling up the DagBag from /opt/airflow/dags/3.py
[2023-07-12T11:19:02.512+0000] {processor.py:753} INFO - DAG(s) dict_keys(['create_table']) retrieved from /opt/airflow/dags/3.py
[2023-07-12T11:19:02.565+0000] {logging_mixin.py:137} INFO - [2023-07-12T11:19:02.565+0000] {dag.py:2676} INFO - Sync 1 DAGs
[2023-07-12T11:19:02.603+0000] {logging_mixin.py:137} INFO - [2023-07-12T11:19:02.603+0000] {dag.py:3427} INFO - Setting next_dagrun for create_table to None, run_after=None
[2023-07-12T11:19:02.632+0000] {processor.py:175} INFO - Processing /opt/airflow/dags/3.py took 0.184 seconds
[2023-07-12T11:19:33.037+0000] {processor.py:153} INFO - Started process (PID=3242) to work on /opt/airflow/dags/3.py
[2023-07-12T11:19:33.038+0000] {processor.py:743} INFO - Processing file /opt/airflow/dags/3.py for tasks to queue
[2023-07-12T11:19:33.040+0000] {logging_mixin.py:137} INFO - [2023-07-12T11:19:33.040+0000] {dagbag.py:538} INFO - Filling up the DagBag from /opt/airflow/dags/3.py
[2023-07-12T11:19:33.086+0000] {processor.py:753} INFO - DAG(s) dict_keys(['create_table']) retrieved from /opt/airflow/dags/3.py
[2023-07-12T11:19:33.134+0000] {logging_mixin.py:137} INFO - [2023-07-12T11:19:33.133+0000] {dag.py:2676} INFO - Sync 1 DAGs
[2023-07-12T11:19:33.180+0000] {logging_mixin.py:137} INFO - [2023-07-12T11:19:33.180+0000] {dag.py:3427} INFO - Setting next_dagrun for create_table to None, run_after=None
[2023-07-12T11:19:33.200+0000] {processor.py:175} INFO - Processing /opt/airflow/dags/3.py took 0.169 seconds
[2023-07-12T11:20:03.667+0000] {processor.py:153} INFO - Started process (PID=3290) to work on /opt/airflow/dags/3.py
[2023-07-12T11:20:03.669+0000] {processor.py:743} INFO - Processing file /opt/airflow/dags/3.py for tasks to queue
[2023-07-12T11:20:03.671+0000] {logging_mixin.py:137} INFO - [2023-07-12T11:20:03.671+0000] {dagbag.py:538} INFO - Filling up the DagBag from /opt/airflow/dags/3.py
[2023-07-12T11:20:03.718+0000] {processor.py:753} INFO - DAG(s) dict_keys(['create_table']) retrieved from /opt/airflow/dags/3.py
[2023-07-12T11:20:03.767+0000] {logging_mixin.py:137} INFO - [2023-07-12T11:20:03.766+0000] {dag.py:2676} INFO - Sync 1 DAGs
[2023-07-12T11:20:03.800+0000] {logging_mixin.py:137} INFO - [2023-07-12T11:20:03.800+0000] {dag.py:3427} INFO - Setting next_dagrun for create_table to None, run_after=None
[2023-07-12T11:20:03.823+0000] {processor.py:175} INFO - Processing /opt/airflow/dags/3.py took 0.161 seconds
[2023-07-12T11:20:34.170+0000] {processor.py:153} INFO - Started process (PID=3333) to work on /opt/airflow/dags/3.py
[2023-07-12T11:20:34.173+0000] {processor.py:743} INFO - Processing file /opt/airflow/dags/3.py for tasks to queue
[2023-07-12T11:20:34.175+0000] {logging_mixin.py:137} INFO - [2023-07-12T11:20:34.175+0000] {dagbag.py:538} INFO - Filling up the DagBag from /opt/airflow/dags/3.py
[2023-07-12T11:20:34.223+0000] {processor.py:753} INFO - DAG(s) dict_keys(['create_table']) retrieved from /opt/airflow/dags/3.py
[2023-07-12T11:20:34.271+0000] {logging_mixin.py:137} INFO - [2023-07-12T11:20:34.271+0000] {dag.py:2676} INFO - Sync 1 DAGs
[2023-07-12T11:20:34.303+0000] {logging_mixin.py:137} INFO - [2023-07-12T11:20:34.302+0000] {dag.py:3427} INFO - Setting next_dagrun for create_table to None, run_after=None
[2023-07-12T11:20:34.324+0000] {processor.py:175} INFO - Processing /opt/airflow/dags/3.py took 0.159 seconds
[2023-07-12T11:21:04.547+0000] {processor.py:153} INFO - Started process (PID=3390) to work on /opt/airflow/dags/3.py
[2023-07-12T11:21:04.549+0000] {processor.py:743} INFO - Processing file /opt/airflow/dags/3.py for tasks to queue
[2023-07-12T11:21:04.552+0000] {logging_mixin.py:137} INFO - [2023-07-12T11:21:04.551+0000] {dagbag.py:538} INFO - Filling up the DagBag from /opt/airflow/dags/3.py
[2023-07-12T11:21:04.604+0000] {processor.py:753} INFO - DAG(s) dict_keys(['create_table']) retrieved from /opt/airflow/dags/3.py
[2023-07-12T11:21:04.656+0000] {logging_mixin.py:137} INFO - [2023-07-12T11:21:04.656+0000] {dag.py:2676} INFO - Sync 1 DAGs
[2023-07-12T11:21:04.693+0000] {logging_mixin.py:137} INFO - [2023-07-12T11:21:04.693+0000] {dag.py:3427} INFO - Setting next_dagrun for create_table to None, run_after=None
[2023-07-12T11:21:04.721+0000] {processor.py:175} INFO - Processing /opt/airflow/dags/3.py took 0.180 seconds
[2023-07-12T11:21:35.052+0000] {processor.py:153} INFO - Started process (PID=3433) to work on /opt/airflow/dags/3.py
[2023-07-12T11:21:35.053+0000] {processor.py:743} INFO - Processing file /opt/airflow/dags/3.py for tasks to queue
[2023-07-12T11:21:35.055+0000] {logging_mixin.py:137} INFO - [2023-07-12T11:21:35.055+0000] {dagbag.py:538} INFO - Filling up the DagBag from /opt/airflow/dags/3.py
[2023-07-12T11:21:35.093+0000] {processor.py:753} INFO - DAG(s) dict_keys(['create_table']) retrieved from /opt/airflow/dags/3.py
[2023-07-12T11:21:35.133+0000] {logging_mixin.py:137} INFO - [2023-07-12T11:21:35.133+0000] {dag.py:2676} INFO - Sync 1 DAGs
[2023-07-12T11:21:35.160+0000] {logging_mixin.py:137} INFO - [2023-07-12T11:21:35.159+0000] {dag.py:3427} INFO - Setting next_dagrun for create_table to None, run_after=None
[2023-07-12T11:21:35.178+0000] {processor.py:175} INFO - Processing /opt/airflow/dags/3.py took 0.131 seconds
[2023-07-12T11:22:05.585+0000] {processor.py:153} INFO - Started process (PID=3490) to work on /opt/airflow/dags/3.py
[2023-07-12T11:22:05.588+0000] {processor.py:743} INFO - Processing file /opt/airflow/dags/3.py for tasks to queue
[2023-07-12T11:22:05.590+0000] {logging_mixin.py:137} INFO - [2023-07-12T11:22:05.590+0000] {dagbag.py:538} INFO - Filling up the DagBag from /opt/airflow/dags/3.py
[2023-07-12T11:22:05.644+0000] {processor.py:753} INFO - DAG(s) dict_keys(['create_table']) retrieved from /opt/airflow/dags/3.py
[2023-07-12T11:22:05.698+0000] {logging_mixin.py:137} INFO - [2023-07-12T11:22:05.698+0000] {dag.py:2676} INFO - Sync 1 DAGs
[2023-07-12T11:22:05.740+0000] {logging_mixin.py:137} INFO - [2023-07-12T11:22:05.740+0000] {dag.py:3427} INFO - Setting next_dagrun for create_table to None, run_after=None
[2023-07-12T11:22:05.772+0000] {processor.py:175} INFO - Processing /opt/airflow/dags/3.py took 0.192 seconds
[2023-07-12T11:22:36.030+0000] {processor.py:153} INFO - Started process (PID=3533) to work on /opt/airflow/dags/3.py
[2023-07-12T11:22:36.033+0000] {processor.py:743} INFO - Processing file /opt/airflow/dags/3.py for tasks to queue
[2023-07-12T11:22:36.034+0000] {logging_mixin.py:137} INFO - [2023-07-12T11:22:36.034+0000] {dagbag.py:538} INFO - Filling up the DagBag from /opt/airflow/dags/3.py
[2023-07-12T11:22:36.082+0000] {processor.py:753} INFO - DAG(s) dict_keys(['create_table']) retrieved from /opt/airflow/dags/3.py
[2023-07-12T11:22:36.128+0000] {logging_mixin.py:137} INFO - [2023-07-12T11:22:36.128+0000] {dag.py:2676} INFO - Sync 1 DAGs
[2023-07-12T11:22:36.159+0000] {logging_mixin.py:137} INFO - [2023-07-12T11:22:36.158+0000] {dag.py:3427} INFO - Setting next_dagrun for create_table to None, run_after=None
[2023-07-12T11:22:36.177+0000] {processor.py:175} INFO - Processing /opt/airflow/dags/3.py took 0.154 seconds
[2023-07-12T11:23:06.535+0000] {processor.py:153} INFO - Started process (PID=3590) to work on /opt/airflow/dags/3.py
[2023-07-12T11:23:06.538+0000] {processor.py:743} INFO - Processing file /opt/airflow/dags/3.py for tasks to queue
[2023-07-12T11:23:06.542+0000] {logging_mixin.py:137} INFO - [2023-07-12T11:23:06.542+0000] {dagbag.py:538} INFO - Filling up the DagBag from /opt/airflow/dags/3.py
[2023-07-12T11:23:06.602+0000] {processor.py:753} INFO - DAG(s) dict_keys(['create_table']) retrieved from /opt/airflow/dags/3.py
[2023-07-12T11:23:06.653+0000] {logging_mixin.py:137} INFO - [2023-07-12T11:23:06.653+0000] {dag.py:2676} INFO - Sync 1 DAGs
[2023-07-12T11:23:06.691+0000] {logging_mixin.py:137} INFO - [2023-07-12T11:23:06.691+0000] {dag.py:3427} INFO - Setting next_dagrun for create_table to None, run_after=None
[2023-07-12T11:23:06.720+0000] {processor.py:175} INFO - Processing /opt/airflow/dags/3.py took 0.190 seconds
[2023-07-12T11:23:36.951+0000] {processor.py:153} INFO - Started process (PID=3637) to work on /opt/airflow/dags/3.py
[2023-07-12T11:23:36.953+0000] {processor.py:743} INFO - Processing file /opt/airflow/dags/3.py for tasks to queue
[2023-07-12T11:23:36.956+0000] {logging_mixin.py:137} INFO - [2023-07-12T11:23:36.955+0000] {dagbag.py:538} INFO - Filling up the DagBag from /opt/airflow/dags/3.py
[2023-07-12T11:23:36.999+0000] {processor.py:753} INFO - DAG(s) dict_keys(['create_table']) retrieved from /opt/airflow/dags/3.py
[2023-07-12T11:23:37.045+0000] {logging_mixin.py:137} INFO - [2023-07-12T11:23:37.045+0000] {dag.py:2676} INFO - Sync 1 DAGs
[2023-07-12T11:23:37.078+0000] {logging_mixin.py:137} INFO - [2023-07-12T11:23:37.077+0000] {dag.py:3427} INFO - Setting next_dagrun for create_table to None, run_after=None
[2023-07-12T11:23:37.098+0000] {processor.py:175} INFO - Processing /opt/airflow/dags/3.py took 0.152 seconds
[2023-07-12T11:24:07.525+0000] {processor.py:153} INFO - Started process (PID=3680) to work on /opt/airflow/dags/3.py
[2023-07-12T11:24:07.528+0000] {processor.py:743} INFO - Processing file /opt/airflow/dags/3.py for tasks to queue
[2023-07-12T11:24:07.530+0000] {logging_mixin.py:137} INFO - [2023-07-12T11:24:07.530+0000] {dagbag.py:538} INFO - Filling up the DagBag from /opt/airflow/dags/3.py
[2023-07-12T11:24:07.584+0000] {processor.py:753} INFO - DAG(s) dict_keys(['create_table']) retrieved from /opt/airflow/dags/3.py
[2023-07-12T11:24:07.643+0000] {logging_mixin.py:137} INFO - [2023-07-12T11:24:07.643+0000] {dag.py:2676} INFO - Sync 1 DAGs
[2023-07-12T11:24:07.683+0000] {logging_mixin.py:137} INFO - [2023-07-12T11:24:07.683+0000] {dag.py:3427} INFO - Setting next_dagrun for create_table to None, run_after=None
[2023-07-12T11:24:07.715+0000] {processor.py:175} INFO - Processing /opt/airflow/dags/3.py took 0.195 seconds
[2023-07-12T11:24:37.937+0000] {processor.py:153} INFO - Started process (PID=3737) to work on /opt/airflow/dags/3.py
[2023-07-12T11:24:37.940+0000] {processor.py:743} INFO - Processing file /opt/airflow/dags/3.py for tasks to queue
[2023-07-12T11:24:37.942+0000] {logging_mixin.py:137} INFO - [2023-07-12T11:24:37.941+0000] {dagbag.py:538} INFO - Filling up the DagBag from /opt/airflow/dags/3.py
[2023-07-12T11:24:37.990+0000] {processor.py:753} INFO - DAG(s) dict_keys(['create_table']) retrieved from /opt/airflow/dags/3.py
[2023-07-12T11:24:38.038+0000] {logging_mixin.py:137} INFO - [2023-07-12T11:24:38.038+0000] {dag.py:2676} INFO - Sync 1 DAGs
[2023-07-12T11:24:38.070+0000] {logging_mixin.py:137} INFO - [2023-07-12T11:24:38.069+0000] {dag.py:3427} INFO - Setting next_dagrun for create_table to None, run_after=None
[2023-07-12T11:24:38.091+0000] {processor.py:175} INFO - Processing /opt/airflow/dags/3.py took 0.160 seconds
[2023-07-12T11:25:08.326+0000] {processor.py:153} INFO - Started process (PID=3780) to work on /opt/airflow/dags/3.py
[2023-07-12T11:25:08.328+0000] {processor.py:743} INFO - Processing file /opt/airflow/dags/3.py for tasks to queue
[2023-07-12T11:25:08.330+0000] {logging_mixin.py:137} INFO - [2023-07-12T11:25:08.329+0000] {dagbag.py:538} INFO - Filling up the DagBag from /opt/airflow/dags/3.py
[2023-07-12T11:25:08.375+0000] {processor.py:753} INFO - DAG(s) dict_keys(['create_table']) retrieved from /opt/airflow/dags/3.py
[2023-07-12T11:25:08.421+0000] {logging_mixin.py:137} INFO - [2023-07-12T11:25:08.421+0000] {dag.py:2676} INFO - Sync 1 DAGs
[2023-07-12T11:25:08.452+0000] {logging_mixin.py:137} INFO - [2023-07-12T11:25:08.452+0000] {dag.py:3427} INFO - Setting next_dagrun for create_table to None, run_after=None
[2023-07-12T11:25:08.478+0000] {processor.py:175} INFO - Processing /opt/airflow/dags/3.py took 0.158 seconds
[2023-07-12T11:25:38.903+0000] {processor.py:153} INFO - Started process (PID=3837) to work on /opt/airflow/dags/3.py
[2023-07-12T11:25:38.907+0000] {processor.py:743} INFO - Processing file /opt/airflow/dags/3.py for tasks to queue
[2023-07-12T11:25:38.909+0000] {logging_mixin.py:137} INFO - [2023-07-12T11:25:38.909+0000] {dagbag.py:538} INFO - Filling up the DagBag from /opt/airflow/dags/3.py
[2023-07-12T11:25:39.001+0000] {processor.py:753} INFO - DAG(s) dict_keys(['create_table']) retrieved from /opt/airflow/dags/3.py
[2023-07-12T11:25:39.065+0000] {logging_mixin.py:137} INFO - [2023-07-12T11:25:39.065+0000] {dag.py:2676} INFO - Sync 1 DAGs
[2023-07-12T11:25:39.101+0000] {logging_mixin.py:137} INFO - [2023-07-12T11:25:39.101+0000] {dag.py:3427} INFO - Setting next_dagrun for create_table to None, run_after=None
[2023-07-12T11:25:39.124+0000] {processor.py:175} INFO - Processing /opt/airflow/dags/3.py took 0.228 seconds
[2023-07-12T11:26:09.303+0000] {processor.py:153} INFO - Started process (PID=3880) to work on /opt/airflow/dags/3.py
[2023-07-12T11:26:09.305+0000] {processor.py:743} INFO - Processing file /opt/airflow/dags/3.py for tasks to queue
[2023-07-12T11:26:09.307+0000] {logging_mixin.py:137} INFO - [2023-07-12T11:26:09.307+0000] {dagbag.py:538} INFO - Filling up the DagBag from /opt/airflow/dags/3.py
[2023-07-12T11:26:09.353+0000] {processor.py:753} INFO - DAG(s) dict_keys(['create_table']) retrieved from /opt/airflow/dags/3.py
[2023-07-12T11:26:09.397+0000] {logging_mixin.py:137} INFO - [2023-07-12T11:26:09.397+0000] {dag.py:2676} INFO - Sync 1 DAGs
[2023-07-12T11:26:09.427+0000] {logging_mixin.py:137} INFO - [2023-07-12T11:26:09.426+0000] {dag.py:3427} INFO - Setting next_dagrun for create_table to None, run_after=None
[2023-07-12T11:26:09.445+0000] {processor.py:175} INFO - Processing /opt/airflow/dags/3.py took 0.146 seconds
[2023-07-12T11:26:39.633+0000] {processor.py:153} INFO - Started process (PID=3937) to work on /opt/airflow/dags/3.py
[2023-07-12T11:26:39.635+0000] {processor.py:743} INFO - Processing file /opt/airflow/dags/3.py for tasks to queue
[2023-07-12T11:26:39.637+0000] {logging_mixin.py:137} INFO - [2023-07-12T11:26:39.636+0000] {dagbag.py:538} INFO - Filling up the DagBag from /opt/airflow/dags/3.py
[2023-07-12T11:26:39.676+0000] {processor.py:753} INFO - DAG(s) dict_keys(['create_table']) retrieved from /opt/airflow/dags/3.py
[2023-07-12T11:26:39.721+0000] {logging_mixin.py:137} INFO - [2023-07-12T11:26:39.721+0000] {dag.py:2676} INFO - Sync 1 DAGs
[2023-07-12T11:26:39.759+0000] {logging_mixin.py:137} INFO - [2023-07-12T11:26:39.759+0000] {dag.py:3427} INFO - Setting next_dagrun for create_table to None, run_after=None
[2023-07-12T11:26:39.786+0000] {processor.py:175} INFO - Processing /opt/airflow/dags/3.py took 0.157 seconds
[2023-07-12T11:27:10.031+0000] {processor.py:153} INFO - Started process (PID=3980) to work on /opt/airflow/dags/3.py
[2023-07-12T11:27:10.033+0000] {processor.py:743} INFO - Processing file /opt/airflow/dags/3.py for tasks to queue
[2023-07-12T11:27:10.035+0000] {logging_mixin.py:137} INFO - [2023-07-12T11:27:10.035+0000] {dagbag.py:538} INFO - Filling up the DagBag from /opt/airflow/dags/3.py
[2023-07-12T11:27:10.087+0000] {processor.py:753} INFO - DAG(s) dict_keys(['create_table']) retrieved from /opt/airflow/dags/3.py
[2023-07-12T11:27:10.144+0000] {logging_mixin.py:137} INFO - [2023-07-12T11:27:10.144+0000] {dag.py:2676} INFO - Sync 1 DAGs
[2023-07-12T11:27:10.182+0000] {logging_mixin.py:137} INFO - [2023-07-12T11:27:10.182+0000] {dag.py:3427} INFO - Setting next_dagrun for create_table to None, run_after=None
[2023-07-12T11:27:10.207+0000] {processor.py:175} INFO - Processing /opt/airflow/dags/3.py took 0.182 seconds
[2023-07-12T11:27:40.549+0000] {processor.py:153} INFO - Started process (PID=4031) to work on /opt/airflow/dags/3.py
[2023-07-12T11:27:40.551+0000] {processor.py:743} INFO - Processing file /opt/airflow/dags/3.py for tasks to queue
[2023-07-12T11:27:40.554+0000] {logging_mixin.py:137} INFO - [2023-07-12T11:27:40.554+0000] {dagbag.py:538} INFO - Filling up the DagBag from /opt/airflow/dags/3.py
[2023-07-12T11:27:40.611+0000] {processor.py:753} INFO - DAG(s) dict_keys(['create_table']) retrieved from /opt/airflow/dags/3.py
[2023-07-12T11:27:40.670+0000] {logging_mixin.py:137} INFO - [2023-07-12T11:27:40.670+0000] {dag.py:2676} INFO - Sync 1 DAGs
[2023-07-12T11:27:40.707+0000] {logging_mixin.py:137} INFO - [2023-07-12T11:27:40.707+0000] {dag.py:3427} INFO - Setting next_dagrun for create_table to None, run_after=None
[2023-07-12T11:27:40.737+0000] {processor.py:175} INFO - Processing /opt/airflow/dags/3.py took 0.195 seconds
[2023-07-12T11:28:11.028+0000] {processor.py:153} INFO - Started process (PID=4081) to work on /opt/airflow/dags/3.py
[2023-07-12T11:28:11.030+0000] {processor.py:743} INFO - Processing file /opt/airflow/dags/3.py for tasks to queue
[2023-07-12T11:28:11.032+0000] {logging_mixin.py:137} INFO - [2023-07-12T11:28:11.032+0000] {dagbag.py:538} INFO - Filling up the DagBag from /opt/airflow/dags/3.py
[2023-07-12T11:28:11.072+0000] {processor.py:753} INFO - DAG(s) dict_keys(['create_table']) retrieved from /opt/airflow/dags/3.py
[2023-07-12T11:28:11.115+0000] {logging_mixin.py:137} INFO - [2023-07-12T11:28:11.115+0000] {dag.py:2676} INFO - Sync 1 DAGs
[2023-07-12T11:28:11.143+0000] {logging_mixin.py:137} INFO - [2023-07-12T11:28:11.143+0000] {dag.py:3427} INFO - Setting next_dagrun for create_table to None, run_after=None
[2023-07-12T11:28:11.163+0000] {processor.py:175} INFO - Processing /opt/airflow/dags/3.py took 0.142 seconds
[2023-07-12T11:28:41.366+0000] {processor.py:153} INFO - Started process (PID=4124) to work on /opt/airflow/dags/3.py
[2023-07-12T11:28:41.370+0000] {processor.py:743} INFO - Processing file /opt/airflow/dags/3.py for tasks to queue
[2023-07-12T11:28:41.374+0000] {logging_mixin.py:137} INFO - [2023-07-12T11:28:41.373+0000] {dagbag.py:538} INFO - Filling up the DagBag from /opt/airflow/dags/3.py
[2023-07-12T11:28:41.433+0000] {processor.py:753} INFO - DAG(s) dict_keys(['create_table']) retrieved from /opt/airflow/dags/3.py
[2023-07-12T11:28:41.497+0000] {logging_mixin.py:137} INFO - [2023-07-12T11:28:41.497+0000] {dag.py:2676} INFO - Sync 1 DAGs
[2023-07-12T11:28:41.541+0000] {logging_mixin.py:137} INFO - [2023-07-12T11:28:41.540+0000] {dag.py:3427} INFO - Setting next_dagrun for create_table to None, run_after=None
[2023-07-12T11:28:41.574+0000] {processor.py:175} INFO - Processing /opt/airflow/dags/3.py took 0.214 seconds
