[2023-07-12T11:00:07.640+0000] {processor.py:153} INFO - Started process (PID=1174) to work on /opt/airflow/dags/t.py
[2023-07-12T11:00:07.642+0000] {processor.py:743} INFO - Processing file /opt/airflow/dags/t.py for tasks to queue
[2023-07-12T11:00:07.644+0000] {logging_mixin.py:137} INFO - [2023-07-12T11:00:07.644+0000] {dagbag.py:538} INFO - Filling up the DagBag from /opt/airflow/dags/t.py
[2023-07-12T11:00:07.694+0000] {processor.py:753} INFO - DAG(s) dict_keys(['create_table', 'drop_schemas']) retrieved from /opt/airflow/dags/t.py
[2023-07-12T11:00:07.797+0000] {logging_mixin.py:137} INFO - [2023-07-12T11:00:07.797+0000] {dag.py:2676} INFO - Sync 2 DAGs
[2023-07-12T11:00:07.831+0000] {logging_mixin.py:137} INFO - [2023-07-12T11:00:07.830+0000] {dag.py:3427} INFO - Setting next_dagrun for create_table to None, run_after=None
[2023-07-12T11:00:07.836+0000] {logging_mixin.py:137} INFO - [2023-07-12T11:00:07.836+0000] {dag.py:3427} INFO - Setting next_dagrun for drop_schemas to 2023-06-30T00:00:00+00:00, run_after=2023-07-01T00:00:00+00:00
[2023-07-12T11:00:07.861+0000] {processor.py:175} INFO - Processing /opt/airflow/dags/t.py took 0.225 seconds
[2023-07-12T11:00:38.273+0000] {processor.py:153} INFO - Started process (PID=1237) to work on /opt/airflow/dags/t.py
[2023-07-12T11:00:38.275+0000] {processor.py:743} INFO - Processing file /opt/airflow/dags/t.py for tasks to queue
[2023-07-12T11:00:38.277+0000] {logging_mixin.py:137} INFO - [2023-07-12T11:00:38.277+0000] {dagbag.py:538} INFO - Filling up the DagBag from /opt/airflow/dags/t.py
[2023-07-12T11:00:38.331+0000] {processor.py:753} INFO - DAG(s) dict_keys(['create_table', 'drop_schemas']) retrieved from /opt/airflow/dags/t.py
[2023-07-12T11:00:38.376+0000] {logging_mixin.py:137} INFO - [2023-07-12T11:00:38.376+0000] {dag.py:2676} INFO - Sync 2 DAGs
[2023-07-12T11:00:38.406+0000] {logging_mixin.py:137} INFO - [2023-07-12T11:00:38.406+0000] {dag.py:3427} INFO - Setting next_dagrun for create_table to None, run_after=None
[2023-07-12T11:00:38.412+0000] {logging_mixin.py:137} INFO - [2023-07-12T11:00:38.412+0000] {dag.py:3427} INFO - Setting next_dagrun for drop_schemas to 2023-06-30T00:00:00+00:00, run_after=2023-07-01T00:00:00+00:00
[2023-07-12T11:00:38.436+0000] {processor.py:175} INFO - Processing /opt/airflow/dags/t.py took 0.168 seconds
[2023-07-12T11:01:08.810+0000] {processor.py:153} INFO - Started process (PID=1285) to work on /opt/airflow/dags/t.py
[2023-07-12T11:01:08.813+0000] {processor.py:743} INFO - Processing file /opt/airflow/dags/t.py for tasks to queue
[2023-07-12T11:01:08.814+0000] {logging_mixin.py:137} INFO - [2023-07-12T11:01:08.814+0000] {dagbag.py:538} INFO - Filling up the DagBag from /opt/airflow/dags/t.py
[2023-07-12T11:01:08.857+0000] {processor.py:753} INFO - DAG(s) dict_keys(['drop_schemas', 'create_table']) retrieved from /opt/airflow/dags/t.py
[2023-07-12T11:01:08.943+0000] {logging_mixin.py:137} INFO - [2023-07-12T11:01:08.943+0000] {dag.py:2676} INFO - Sync 2 DAGs
[2023-07-12T11:01:08.972+0000] {logging_mixin.py:137} INFO - [2023-07-12T11:01:08.972+0000] {dag.py:3427} INFO - Setting next_dagrun for create_table to None, run_after=None
[2023-07-12T11:01:08.981+0000] {logging_mixin.py:137} INFO - [2023-07-12T11:01:08.981+0000] {dag.py:3427} INFO - Setting next_dagrun for drop_schemas to 2023-06-30T00:00:00+00:00, run_after=2023-07-01T00:00:00+00:00
[2023-07-12T11:01:09.001+0000] {processor.py:175} INFO - Processing /opt/airflow/dags/t.py took 0.195 seconds
[2023-07-12T11:01:39.421+0000] {processor.py:153} INFO - Started process (PID=1349) to work on /opt/airflow/dags/t.py
[2023-07-12T11:01:39.424+0000] {processor.py:743} INFO - Processing file /opt/airflow/dags/t.py for tasks to queue
[2023-07-12T11:01:39.426+0000] {logging_mixin.py:137} INFO - [2023-07-12T11:01:39.426+0000] {dagbag.py:538} INFO - Filling up the DagBag from /opt/airflow/dags/t.py
[2023-07-12T11:01:39.477+0000] {processor.py:753} INFO - DAG(s) dict_keys(['create_table', 'drop_schemas']) retrieved from /opt/airflow/dags/t.py
[2023-07-12T11:01:39.564+0000] {logging_mixin.py:137} INFO - [2023-07-12T11:01:39.564+0000] {dag.py:2676} INFO - Sync 2 DAGs
[2023-07-12T11:01:39.595+0000] {logging_mixin.py:137} INFO - [2023-07-12T11:01:39.595+0000] {dag.py:3427} INFO - Setting next_dagrun for create_table to None, run_after=None
[2023-07-12T11:01:39.600+0000] {logging_mixin.py:137} INFO - [2023-07-12T11:01:39.600+0000] {dag.py:3427} INFO - Setting next_dagrun for drop_schemas to 2023-06-30T00:00:00+00:00, run_after=2023-07-01T00:00:00+00:00
[2023-07-12T11:01:39.620+0000] {processor.py:175} INFO - Processing /opt/airflow/dags/t.py took 0.204 seconds
[2023-07-12T11:02:09.842+0000] {processor.py:153} INFO - Started process (PID=1397) to work on /opt/airflow/dags/t.py
[2023-07-12T11:02:09.844+0000] {processor.py:743} INFO - Processing file /opt/airflow/dags/t.py for tasks to queue
[2023-07-12T11:02:09.846+0000] {logging_mixin.py:137} INFO - [2023-07-12T11:02:09.846+0000] {dagbag.py:538} INFO - Filling up the DagBag from /opt/airflow/dags/t.py
[2023-07-12T11:02:09.897+0000] {processor.py:753} INFO - DAG(s) dict_keys(['drop_schemas', 'create_table']) retrieved from /opt/airflow/dags/t.py
[2023-07-12T11:02:09.944+0000] {logging_mixin.py:137} INFO - [2023-07-12T11:02:09.944+0000] {dag.py:2676} INFO - Sync 2 DAGs
[2023-07-12T11:02:09.987+0000] {logging_mixin.py:137} INFO - [2023-07-12T11:02:09.987+0000] {dag.py:3427} INFO - Setting next_dagrun for create_table to None, run_after=None
[2023-07-12T11:02:09.994+0000] {logging_mixin.py:137} INFO - [2023-07-12T11:02:09.993+0000] {dag.py:3427} INFO - Setting next_dagrun for drop_schemas to 2023-06-30T00:00:00+00:00, run_after=2023-07-01T00:00:00+00:00
[2023-07-12T11:02:10.014+0000] {processor.py:175} INFO - Processing /opt/airflow/dags/t.py took 0.178 seconds
[2023-07-12T11:02:40.403+0000] {processor.py:153} INFO - Started process (PID=1459) to work on /opt/airflow/dags/t.py
[2023-07-12T11:02:40.405+0000] {processor.py:743} INFO - Processing file /opt/airflow/dags/t.py for tasks to queue
[2023-07-12T11:02:40.408+0000] {logging_mixin.py:137} INFO - [2023-07-12T11:02:40.408+0000] {dagbag.py:538} INFO - Filling up the DagBag from /opt/airflow/dags/t.py
[2023-07-12T11:02:40.462+0000] {processor.py:753} INFO - DAG(s) dict_keys(['drop_schemas', 'create_table']) retrieved from /opt/airflow/dags/t.py
[2023-07-12T11:02:40.495+0000] {logging_mixin.py:137} INFO - [2023-07-12T11:02:40.495+0000] {dag.py:2676} INFO - Sync 2 DAGs
[2023-07-12T11:02:40.524+0000] {logging_mixin.py:137} INFO - [2023-07-12T11:02:40.524+0000] {dag.py:3427} INFO - Setting next_dagrun for create_table to None, run_after=None
[2023-07-12T11:02:40.529+0000] {logging_mixin.py:137} INFO - [2023-07-12T11:02:40.529+0000] {dag.py:3427} INFO - Setting next_dagrun for drop_schemas to 2023-06-30T00:00:00+00:00, run_after=2023-07-01T00:00:00+00:00
[2023-07-12T11:02:40.546+0000] {processor.py:175} INFO - Processing /opt/airflow/dags/t.py took 0.149 seconds
[2023-07-12T11:03:10.977+0000] {processor.py:153} INFO - Started process (PID=1507) to work on /opt/airflow/dags/t.py
[2023-07-12T11:03:10.979+0000] {processor.py:743} INFO - Processing file /opt/airflow/dags/t.py for tasks to queue
[2023-07-12T11:03:10.981+0000] {logging_mixin.py:137} INFO - [2023-07-12T11:03:10.981+0000] {dagbag.py:538} INFO - Filling up the DagBag from /opt/airflow/dags/t.py
[2023-07-12T11:03:11.033+0000] {processor.py:753} INFO - DAG(s) dict_keys(['drop_schemas', 'create_table']) retrieved from /opt/airflow/dags/t.py
[2023-07-12T11:03:11.128+0000] {logging_mixin.py:137} INFO - [2023-07-12T11:03:11.128+0000] {dag.py:2676} INFO - Sync 2 DAGs
[2023-07-12T11:03:11.153+0000] {logging_mixin.py:137} INFO - [2023-07-12T11:03:11.153+0000] {dag.py:3427} INFO - Setting next_dagrun for create_table to None, run_after=None
[2023-07-12T11:03:11.158+0000] {logging_mixin.py:137} INFO - [2023-07-12T11:03:11.158+0000] {dag.py:3427} INFO - Setting next_dagrun for drop_schemas to 2023-06-30T00:00:00+00:00, run_after=2023-07-01T00:00:00+00:00
[2023-07-12T11:03:11.176+0000] {processor.py:175} INFO - Processing /opt/airflow/dags/t.py took 0.204 seconds
[2023-07-12T11:03:41.380+0000] {processor.py:153} INFO - Started process (PID=1561) to work on /opt/airflow/dags/t.py
[2023-07-12T11:03:41.384+0000] {processor.py:743} INFO - Processing file /opt/airflow/dags/t.py for tasks to queue
[2023-07-12T11:03:41.386+0000] {logging_mixin.py:137} INFO - [2023-07-12T11:03:41.386+0000] {dagbag.py:538} INFO - Filling up the DagBag from /opt/airflow/dags/t.py
[2023-07-12T11:03:41.440+0000] {processor.py:753} INFO - DAG(s) dict_keys(['create_table', 'drop_schemas']) retrieved from /opt/airflow/dags/t.py
[2023-07-12T11:03:41.495+0000] {logging_mixin.py:137} INFO - [2023-07-12T11:03:41.495+0000] {dag.py:2676} INFO - Sync 2 DAGs
[2023-07-12T11:03:41.532+0000] {logging_mixin.py:137} INFO - [2023-07-12T11:03:41.532+0000] {dag.py:3427} INFO - Setting next_dagrun for create_table to None, run_after=None
[2023-07-12T11:03:41.539+0000] {logging_mixin.py:137} INFO - [2023-07-12T11:03:41.539+0000] {dag.py:3427} INFO - Setting next_dagrun for drop_schemas to 2023-06-30T00:00:00+00:00, run_after=2023-07-01T00:00:00+00:00
[2023-07-12T11:03:41.563+0000] {processor.py:175} INFO - Processing /opt/airflow/dags/t.py took 0.188 seconds
[2023-07-12T11:04:11.793+0000] {processor.py:153} INFO - Started process (PID=1616) to work on /opt/airflow/dags/t.py
[2023-07-12T11:04:11.795+0000] {processor.py:743} INFO - Processing file /opt/airflow/dags/t.py for tasks to queue
[2023-07-12T11:04:11.797+0000] {logging_mixin.py:137} INFO - [2023-07-12T11:04:11.797+0000] {dagbag.py:538} INFO - Filling up the DagBag from /opt/airflow/dags/t.py
[2023-07-12T11:04:11.857+0000] {processor.py:753} INFO - DAG(s) dict_keys(['drop_schemas', 'create_table']) retrieved from /opt/airflow/dags/t.py
[2023-07-12T11:04:11.901+0000] {logging_mixin.py:137} INFO - [2023-07-12T11:04:11.901+0000] {dag.py:2676} INFO - Sync 2 DAGs
[2023-07-12T11:04:11.945+0000] {logging_mixin.py:137} INFO - [2023-07-12T11:04:11.944+0000] {dag.py:3427} INFO - Setting next_dagrun for create_table to None, run_after=None
[2023-07-12T11:04:11.953+0000] {logging_mixin.py:137} INFO - [2023-07-12T11:04:11.953+0000] {dag.py:3427} INFO - Setting next_dagrun for drop_schemas to 2023-06-30T00:00:00+00:00, run_after=2023-07-01T00:00:00+00:00
[2023-07-12T11:04:11.979+0000] {processor.py:175} INFO - Processing /opt/airflow/dags/t.py took 0.193 seconds
[2023-07-12T11:04:42.384+0000] {processor.py:153} INFO - Started process (PID=1664) to work on /opt/airflow/dags/t.py
[2023-07-12T11:04:42.387+0000] {processor.py:743} INFO - Processing file /opt/airflow/dags/t.py for tasks to queue
[2023-07-12T11:04:42.389+0000] {logging_mixin.py:137} INFO - [2023-07-12T11:04:42.389+0000] {dagbag.py:538} INFO - Filling up the DagBag from /opt/airflow/dags/t.py
[2023-07-12T11:04:42.445+0000] {processor.py:753} INFO - DAG(s) dict_keys(['drop_schemas', 'create_table']) retrieved from /opt/airflow/dags/t.py
[2023-07-12T11:04:42.542+0000] {logging_mixin.py:137} INFO - [2023-07-12T11:04:42.542+0000] {dag.py:2676} INFO - Sync 2 DAGs
[2023-07-12T11:04:42.576+0000] {logging_mixin.py:137} INFO - [2023-07-12T11:04:42.576+0000] {dag.py:3427} INFO - Setting next_dagrun for create_table to None, run_after=None
[2023-07-12T11:04:42.584+0000] {logging_mixin.py:137} INFO - [2023-07-12T11:04:42.584+0000] {dag.py:3427} INFO - Setting next_dagrun for drop_schemas to 2023-06-30T00:00:00+00:00, run_after=2023-07-01T00:00:00+00:00
[2023-07-12T11:04:42.615+0000] {processor.py:175} INFO - Processing /opt/airflow/dags/t.py took 0.236 seconds
[2023-07-12T11:05:13.091+0000] {processor.py:153} INFO - Started process (PID=1727) to work on /opt/airflow/dags/t.py
[2023-07-12T11:05:13.094+0000] {processor.py:743} INFO - Processing file /opt/airflow/dags/t.py for tasks to queue
[2023-07-12T11:05:13.096+0000] {logging_mixin.py:137} INFO - [2023-07-12T11:05:13.096+0000] {dagbag.py:538} INFO - Filling up the DagBag from /opt/airflow/dags/t.py
[2023-07-12T11:05:13.145+0000] {processor.py:753} INFO - DAG(s) dict_keys(['create_table', 'drop_schemas']) retrieved from /opt/airflow/dags/t.py
[2023-07-12T11:05:13.232+0000] {logging_mixin.py:137} INFO - [2023-07-12T11:05:13.232+0000] {dag.py:2676} INFO - Sync 2 DAGs
[2023-07-12T11:05:13.259+0000] {logging_mixin.py:137} INFO - [2023-07-12T11:05:13.259+0000] {dag.py:3427} INFO - Setting next_dagrun for create_table to None, run_after=None
[2023-07-12T11:05:13.266+0000] {logging_mixin.py:137} INFO - [2023-07-12T11:05:13.266+0000] {dag.py:3427} INFO - Setting next_dagrun for drop_schemas to 2023-06-30T00:00:00+00:00, run_after=2023-07-01T00:00:00+00:00
[2023-07-12T11:05:13.285+0000] {processor.py:175} INFO - Processing /opt/airflow/dags/t.py took 0.200 seconds
[2023-07-12T11:05:43.657+0000] {processor.py:153} INFO - Started process (PID=1775) to work on /opt/airflow/dags/t.py
[2023-07-12T11:05:43.659+0000] {processor.py:743} INFO - Processing file /opt/airflow/dags/t.py for tasks to queue
[2023-07-12T11:05:43.661+0000] {logging_mixin.py:137} INFO - [2023-07-12T11:05:43.661+0000] {dagbag.py:538} INFO - Filling up the DagBag from /opt/airflow/dags/t.py
[2023-07-12T11:05:43.704+0000] {processor.py:753} INFO - DAG(s) dict_keys(['create_table', 'drop_schemas']) retrieved from /opt/airflow/dags/t.py
[2023-07-12T11:05:43.745+0000] {logging_mixin.py:137} INFO - [2023-07-12T11:05:43.745+0000] {dag.py:2676} INFO - Sync 2 DAGs
[2023-07-12T11:05:43.773+0000] {logging_mixin.py:137} INFO - [2023-07-12T11:05:43.773+0000] {dag.py:3427} INFO - Setting next_dagrun for create_table to None, run_after=None
[2023-07-12T11:05:43.779+0000] {logging_mixin.py:137} INFO - [2023-07-12T11:05:43.779+0000] {dag.py:3427} INFO - Setting next_dagrun for drop_schemas to 2023-06-30T00:00:00+00:00, run_after=2023-07-01T00:00:00+00:00
[2023-07-12T11:05:43.797+0000] {processor.py:175} INFO - Processing /opt/airflow/dags/t.py took 0.144 seconds
[2023-07-12T11:06:14.060+0000] {processor.py:153} INFO - Started process (PID=1842) to work on /opt/airflow/dags/t.py
[2023-07-12T11:06:14.063+0000] {processor.py:743} INFO - Processing file /opt/airflow/dags/t.py for tasks to queue
[2023-07-12T11:06:14.065+0000] {logging_mixin.py:137} INFO - [2023-07-12T11:06:14.065+0000] {dagbag.py:538} INFO - Filling up the DagBag from /opt/airflow/dags/t.py
[2023-07-12T11:06:14.115+0000] {processor.py:753} INFO - DAG(s) dict_keys(['create_table', 'drop_schemas']) retrieved from /opt/airflow/dags/t.py
[2023-07-12T11:06:14.196+0000] {logging_mixin.py:137} INFO - [2023-07-12T11:06:14.196+0000] {dag.py:2676} INFO - Sync 2 DAGs
[2023-07-12T11:06:14.227+0000] {logging_mixin.py:137} INFO - [2023-07-12T11:06:14.227+0000] {dag.py:3427} INFO - Setting next_dagrun for create_table to None, run_after=None
[2023-07-12T11:06:14.235+0000] {logging_mixin.py:137} INFO - [2023-07-12T11:06:14.235+0000] {dag.py:3427} INFO - Setting next_dagrun for drop_schemas to 2023-06-30T00:00:00+00:00, run_after=2023-07-01T00:00:00+00:00
[2023-07-12T11:06:14.256+0000] {processor.py:175} INFO - Processing /opt/airflow/dags/t.py took 0.200 seconds
[2023-07-12T11:06:44.713+0000] {processor.py:153} INFO - Started process (PID=1890) to work on /opt/airflow/dags/t.py
[2023-07-12T11:06:44.718+0000] {processor.py:743} INFO - Processing file /opt/airflow/dags/t.py for tasks to queue
[2023-07-12T11:06:44.720+0000] {logging_mixin.py:137} INFO - [2023-07-12T11:06:44.720+0000] {dagbag.py:538} INFO - Filling up the DagBag from /opt/airflow/dags/t.py
[2023-07-12T11:06:44.774+0000] {processor.py:753} INFO - DAG(s) dict_keys(['create_table', 'drop_schemas']) retrieved from /opt/airflow/dags/t.py
[2023-07-12T11:06:44.828+0000] {logging_mixin.py:137} INFO - [2023-07-12T11:06:44.828+0000] {dag.py:2676} INFO - Sync 2 DAGs
[2023-07-12T11:06:44.867+0000] {logging_mixin.py:137} INFO - [2023-07-12T11:06:44.867+0000] {dag.py:3427} INFO - Setting next_dagrun for create_table to None, run_after=None
[2023-07-12T11:06:44.874+0000] {logging_mixin.py:137} INFO - [2023-07-12T11:06:44.874+0000] {dag.py:3427} INFO - Setting next_dagrun for drop_schemas to 2023-06-30T00:00:00+00:00, run_after=2023-07-01T00:00:00+00:00
[2023-07-12T11:06:44.897+0000] {processor.py:175} INFO - Processing /opt/airflow/dags/t.py took 0.189 seconds
[2023-07-12T11:07:15.323+0000] {processor.py:153} INFO - Started process (PID=1947) to work on /opt/airflow/dags/t.py
[2023-07-12T11:07:15.330+0000] {processor.py:743} INFO - Processing file /opt/airflow/dags/t.py for tasks to queue
[2023-07-12T11:07:15.332+0000] {logging_mixin.py:137} INFO - [2023-07-12T11:07:15.332+0000] {dagbag.py:538} INFO - Filling up the DagBag from /opt/airflow/dags/t.py
[2023-07-12T11:07:15.396+0000] {processor.py:753} INFO - DAG(s) dict_keys(['drop_schemas', 'create_table']) retrieved from /opt/airflow/dags/t.py
[2023-07-12T11:07:15.501+0000] {logging_mixin.py:137} INFO - [2023-07-12T11:07:15.501+0000] {dag.py:2676} INFO - Sync 2 DAGs
[2023-07-12T11:07:15.535+0000] {logging_mixin.py:137} INFO - [2023-07-12T11:07:15.535+0000] {dag.py:3427} INFO - Setting next_dagrun for create_table to None, run_after=None
[2023-07-12T11:07:15.549+0000] {logging_mixin.py:137} INFO - [2023-07-12T11:07:15.549+0000] {dag.py:3427} INFO - Setting next_dagrun for drop_schemas to 2023-06-30T00:00:00+00:00, run_after=2023-07-01T00:00:00+00:00
[2023-07-12T11:07:15.575+0000] {processor.py:175} INFO - Processing /opt/airflow/dags/t.py took 0.258 seconds
[2023-07-12T11:07:45.806+0000] {processor.py:153} INFO - Started process (PID=2000) to work on /opt/airflow/dags/t.py
[2023-07-12T11:07:45.816+0000] {processor.py:743} INFO - Processing file /opt/airflow/dags/t.py for tasks to queue
[2023-07-12T11:07:45.835+0000] {logging_mixin.py:137} INFO - [2023-07-12T11:07:45.834+0000] {dagbag.py:538} INFO - Filling up the DagBag from /opt/airflow/dags/t.py
[2023-07-12T11:07:46.147+0000] {processor.py:753} INFO - DAG(s) dict_keys(['create_table', 'drop_schemas']) retrieved from /opt/airflow/dags/t.py
[2023-07-12T11:07:46.332+0000] {logging_mixin.py:137} INFO - [2023-07-12T11:07:46.332+0000] {dag.py:2676} INFO - Sync 2 DAGs
[2023-07-12T11:07:46.367+0000] {logging_mixin.py:137} INFO - [2023-07-12T11:07:46.367+0000] {dag.py:3427} INFO - Setting next_dagrun for create_table to None, run_after=None
[2023-07-12T11:07:46.379+0000] {logging_mixin.py:137} INFO - [2023-07-12T11:07:46.378+0000] {dag.py:3427} INFO - Setting next_dagrun for drop_schemas to 2023-06-30T00:00:00+00:00, run_after=2023-07-01T00:00:00+00:00
[2023-07-12T11:07:46.440+0000] {processor.py:175} INFO - Processing /opt/airflow/dags/t.py took 0.660 seconds
[2023-07-12T11:08:17.302+0000] {processor.py:153} INFO - Started process (PID=2057) to work on /opt/airflow/dags/t.py
[2023-07-12T11:08:17.304+0000] {processor.py:743} INFO - Processing file /opt/airflow/dags/t.py for tasks to queue
[2023-07-12T11:08:17.306+0000] {logging_mixin.py:137} INFO - [2023-07-12T11:08:17.305+0000] {dagbag.py:538} INFO - Filling up the DagBag from /opt/airflow/dags/t.py
[2023-07-12T11:08:17.349+0000] {processor.py:753} INFO - DAG(s) dict_keys(['create_table', 'drop_schemas']) retrieved from /opt/airflow/dags/t.py
[2023-07-12T11:08:17.391+0000] {logging_mixin.py:137} INFO - [2023-07-12T11:08:17.390+0000] {dag.py:2676} INFO - Sync 2 DAGs
[2023-07-12T11:08:17.428+0000] {logging_mixin.py:137} INFO - [2023-07-12T11:08:17.427+0000] {dag.py:3427} INFO - Setting next_dagrun for create_table to None, run_after=None
[2023-07-12T11:08:17.434+0000] {logging_mixin.py:137} INFO - [2023-07-12T11:08:17.433+0000] {dag.py:3427} INFO - Setting next_dagrun for drop_schemas to 2023-06-30T00:00:00+00:00, run_after=2023-07-01T00:00:00+00:00
[2023-07-12T11:08:17.451+0000] {processor.py:175} INFO - Processing /opt/airflow/dags/t.py took 0.153 seconds
[2023-07-12T11:08:47.865+0000] {processor.py:153} INFO - Started process (PID=2110) to work on /opt/airflow/dags/t.py
[2023-07-12T11:08:47.867+0000] {processor.py:743} INFO - Processing file /opt/airflow/dags/t.py for tasks to queue
[2023-07-12T11:08:47.869+0000] {logging_mixin.py:137} INFO - [2023-07-12T11:08:47.869+0000] {dagbag.py:538} INFO - Filling up the DagBag from /opt/airflow/dags/t.py
[2023-07-12T11:08:47.912+0000] {processor.py:753} INFO - DAG(s) dict_keys(['create_table', 'drop_schemas']) retrieved from /opt/airflow/dags/t.py
[2023-07-12T11:08:47.944+0000] {logging_mixin.py:137} INFO - [2023-07-12T11:08:47.944+0000] {dag.py:2676} INFO - Sync 2 DAGs
[2023-07-12T11:08:47.977+0000] {logging_mixin.py:137} INFO - [2023-07-12T11:08:47.976+0000] {dag.py:3427} INFO - Setting next_dagrun for create_table to None, run_after=None
[2023-07-12T11:08:47.982+0000] {logging_mixin.py:137} INFO - [2023-07-12T11:08:47.982+0000] {dag.py:3427} INFO - Setting next_dagrun for drop_schemas to 2023-06-30T00:00:00+00:00, run_after=2023-07-01T00:00:00+00:00
[2023-07-12T11:08:48.001+0000] {processor.py:175} INFO - Processing /opt/airflow/dags/t.py took 0.140 seconds
[2023-07-12T11:09:18.437+0000] {processor.py:153} INFO - Started process (PID=2158) to work on /opt/airflow/dags/t.py
[2023-07-12T11:09:18.439+0000] {processor.py:743} INFO - Processing file /opt/airflow/dags/t.py for tasks to queue
[2023-07-12T11:09:18.442+0000] {logging_mixin.py:137} INFO - [2023-07-12T11:09:18.442+0000] {dagbag.py:538} INFO - Filling up the DagBag from /opt/airflow/dags/t.py
[2023-07-12T11:09:18.497+0000] {processor.py:753} INFO - DAG(s) dict_keys(['create_table', 'drop_schemas']) retrieved from /opt/airflow/dags/t.py
[2023-07-12T11:09:18.600+0000] {logging_mixin.py:137} INFO - [2023-07-12T11:09:18.600+0000] {dag.py:2676} INFO - Sync 2 DAGs
[2023-07-12T11:09:18.631+0000] {logging_mixin.py:137} INFO - [2023-07-12T11:09:18.631+0000] {dag.py:3427} INFO - Setting next_dagrun for create_table to None, run_after=None
[2023-07-12T11:09:18.638+0000] {logging_mixin.py:137} INFO - [2023-07-12T11:09:18.638+0000] {dag.py:3427} INFO - Setting next_dagrun for drop_schemas to 2023-06-30T00:00:00+00:00, run_after=2023-07-01T00:00:00+00:00
[2023-07-12T11:09:18.662+0000] {processor.py:175} INFO - Processing /opt/airflow/dags/t.py took 0.230 seconds
[2023-07-12T11:09:49.046+0000] {processor.py:153} INFO - Started process (PID=2220) to work on /opt/airflow/dags/t.py
[2023-07-12T11:09:49.048+0000] {processor.py:743} INFO - Processing file /opt/airflow/dags/t.py for tasks to queue
[2023-07-12T11:09:49.050+0000] {logging_mixin.py:137} INFO - [2023-07-12T11:09:49.050+0000] {dagbag.py:538} INFO - Filling up the DagBag from /opt/airflow/dags/t.py
[2023-07-12T11:09:49.111+0000] {processor.py:753} INFO - DAG(s) dict_keys(['drop_schemas', 'create_table']) retrieved from /opt/airflow/dags/t.py
[2023-07-12T11:09:49.163+0000] {logging_mixin.py:137} INFO - [2023-07-12T11:09:49.162+0000] {dag.py:2676} INFO - Sync 2 DAGs
[2023-07-12T11:09:49.200+0000] {logging_mixin.py:137} INFO - [2023-07-12T11:09:49.200+0000] {dag.py:3427} INFO - Setting next_dagrun for create_table to None, run_after=None
[2023-07-12T11:09:49.207+0000] {logging_mixin.py:137} INFO - [2023-07-12T11:09:49.207+0000] {dag.py:3427} INFO - Setting next_dagrun for drop_schemas to 2023-06-30T00:00:00+00:00, run_after=2023-07-01T00:00:00+00:00
[2023-07-12T11:09:49.233+0000] {processor.py:175} INFO - Processing /opt/airflow/dags/t.py took 0.192 seconds
[2023-07-12T11:10:19.708+0000] {processor.py:153} INFO - Started process (PID=2268) to work on /opt/airflow/dags/t.py
[2023-07-12T11:10:19.710+0000] {processor.py:743} INFO - Processing file /opt/airflow/dags/t.py for tasks to queue
[2023-07-12T11:10:19.712+0000] {logging_mixin.py:137} INFO - [2023-07-12T11:10:19.712+0000] {dagbag.py:538} INFO - Filling up the DagBag from /opt/airflow/dags/t.py
[2023-07-12T11:10:19.753+0000] {processor.py:753} INFO - DAG(s) dict_keys(['create_table', 'drop_schemas']) retrieved from /opt/airflow/dags/t.py
[2023-07-12T11:10:19.783+0000] {logging_mixin.py:137} INFO - [2023-07-12T11:10:19.782+0000] {dag.py:2676} INFO - Sync 2 DAGs
[2023-07-12T11:10:19.811+0000] {logging_mixin.py:137} INFO - [2023-07-12T11:10:19.811+0000] {dag.py:3427} INFO - Setting next_dagrun for create_table to None, run_after=None
[2023-07-12T11:10:19.816+0000] {logging_mixin.py:137} INFO - [2023-07-12T11:10:19.816+0000] {dag.py:3427} INFO - Setting next_dagrun for drop_schemas to 2023-06-30T00:00:00+00:00, run_after=2023-07-01T00:00:00+00:00
[2023-07-12T11:10:19.833+0000] {processor.py:175} INFO - Processing /opt/airflow/dags/t.py took 0.129 seconds
[2023-07-12T11:10:50.214+0000] {processor.py:153} INFO - Started process (PID=2330) to work on /opt/airflow/dags/t.py
[2023-07-12T11:10:50.216+0000] {processor.py:743} INFO - Processing file /opt/airflow/dags/t.py for tasks to queue
[2023-07-12T11:10:50.217+0000] {logging_mixin.py:137} INFO - [2023-07-12T11:10:50.217+0000] {dagbag.py:538} INFO - Filling up the DagBag from /opt/airflow/dags/t.py
[2023-07-12T11:10:50.266+0000] {processor.py:753} INFO - DAG(s) dict_keys(['create_table', 'drop_schemas']) retrieved from /opt/airflow/dags/t.py
[2023-07-12T11:10:50.346+0000] {logging_mixin.py:137} INFO - [2023-07-12T11:10:50.345+0000] {dag.py:2676} INFO - Sync 2 DAGs
[2023-07-12T11:10:50.371+0000] {logging_mixin.py:137} INFO - [2023-07-12T11:10:50.371+0000] {dag.py:3427} INFO - Setting next_dagrun for create_table to None, run_after=None
[2023-07-12T11:10:50.376+0000] {logging_mixin.py:137} INFO - [2023-07-12T11:10:50.376+0000] {dag.py:3427} INFO - Setting next_dagrun for drop_schemas to 2023-06-30T00:00:00+00:00, run_after=2023-07-01T00:00:00+00:00
[2023-07-12T11:10:50.395+0000] {processor.py:175} INFO - Processing /opt/airflow/dags/t.py took 0.185 seconds
[2023-07-12T11:11:20.824+0000] {processor.py:153} INFO - Started process (PID=2382) to work on /opt/airflow/dags/t.py
[2023-07-12T11:11:20.826+0000] {processor.py:743} INFO - Processing file /opt/airflow/dags/t.py for tasks to queue
[2023-07-12T11:11:20.828+0000] {logging_mixin.py:137} INFO - [2023-07-12T11:11:20.828+0000] {dagbag.py:538} INFO - Filling up the DagBag from /opt/airflow/dags/t.py
[2023-07-12T11:11:20.874+0000] {processor.py:753} INFO - DAG(s) dict_keys(['create_table', 'drop_schemas']) retrieved from /opt/airflow/dags/t.py
[2023-07-12T11:11:20.968+0000] {logging_mixin.py:137} INFO - [2023-07-12T11:11:20.968+0000] {dag.py:2676} INFO - Sync 2 DAGs
[2023-07-12T11:11:20.994+0000] {logging_mixin.py:137} INFO - [2023-07-12T11:11:20.994+0000] {dag.py:3427} INFO - Setting next_dagrun for create_table to None, run_after=None
[2023-07-12T11:11:21.000+0000] {logging_mixin.py:137} INFO - [2023-07-12T11:11:21.000+0000] {dag.py:3427} INFO - Setting next_dagrun for drop_schemas to 2023-06-30T00:00:00+00:00, run_after=2023-07-01T00:00:00+00:00
[2023-07-12T11:11:21.021+0000] {processor.py:175} INFO - Processing /opt/airflow/dags/t.py took 0.202 seconds
[2023-07-12T11:11:51.438+0000] {processor.py:153} INFO - Started process (PID=2448) to work on /opt/airflow/dags/t.py
[2023-07-12T11:11:51.441+0000] {processor.py:743} INFO - Processing file /opt/airflow/dags/t.py for tasks to queue
[2023-07-12T11:11:51.443+0000] {logging_mixin.py:137} INFO - [2023-07-12T11:11:51.443+0000] {dagbag.py:538} INFO - Filling up the DagBag from /opt/airflow/dags/t.py
[2023-07-12T11:11:51.506+0000] {processor.py:753} INFO - DAG(s) dict_keys(['drop_schemas', 'create_table']) retrieved from /opt/airflow/dags/t.py
[2023-07-12T11:11:51.572+0000] {logging_mixin.py:137} INFO - [2023-07-12T11:11:51.571+0000] {dag.py:2676} INFO - Sync 2 DAGs
[2023-07-12T11:11:51.615+0000] {logging_mixin.py:137} INFO - [2023-07-12T11:11:51.614+0000] {dag.py:3427} INFO - Setting next_dagrun for create_table to None, run_after=None
[2023-07-12T11:11:51.622+0000] {logging_mixin.py:137} INFO - [2023-07-12T11:11:51.622+0000] {dag.py:3427} INFO - Setting next_dagrun for drop_schemas to 2023-06-30T00:00:00+00:00, run_after=2023-07-01T00:00:00+00:00
[2023-07-12T11:11:51.645+0000] {processor.py:175} INFO - Processing /opt/airflow/dags/t.py took 0.213 seconds
[2023-07-12T11:12:22.131+0000] {processor.py:153} INFO - Started process (PID=2496) to work on /opt/airflow/dags/t.py
[2023-07-12T11:12:22.134+0000] {processor.py:743} INFO - Processing file /opt/airflow/dags/t.py for tasks to queue
[2023-07-12T11:12:22.136+0000] {logging_mixin.py:137} INFO - [2023-07-12T11:12:22.136+0000] {dagbag.py:538} INFO - Filling up the DagBag from /opt/airflow/dags/t.py
[2023-07-12T11:12:22.198+0000] {processor.py:753} INFO - DAG(s) dict_keys(['drop_schemas', 'create_table']) retrieved from /opt/airflow/dags/t.py
[2023-07-12T11:12:22.313+0000] {logging_mixin.py:137} INFO - [2023-07-12T11:12:22.313+0000] {dag.py:2676} INFO - Sync 2 DAGs
[2023-07-12T11:12:22.357+0000] {logging_mixin.py:137} INFO - [2023-07-12T11:12:22.357+0000] {dag.py:3427} INFO - Setting next_dagrun for create_table to None, run_after=None
[2023-07-12T11:12:22.366+0000] {logging_mixin.py:137} INFO - [2023-07-12T11:12:22.365+0000] {dag.py:3427} INFO - Setting next_dagrun for drop_schemas to 2023-06-30T00:00:00+00:00, run_after=2023-07-01T00:00:00+00:00
[2023-07-12T11:12:22.396+0000] {processor.py:175} INFO - Processing /opt/airflow/dags/t.py took 0.271 seconds
[2023-07-12T11:12:52.556+0000] {processor.py:153} INFO - Started process (PID=2553) to work on /opt/airflow/dags/t.py
[2023-07-12T11:12:52.559+0000] {processor.py:743} INFO - Processing file /opt/airflow/dags/t.py for tasks to queue
[2023-07-12T11:12:52.560+0000] {logging_mixin.py:137} INFO - [2023-07-12T11:12:52.560+0000] {dagbag.py:538} INFO - Filling up the DagBag from /opt/airflow/dags/t.py
[2023-07-12T11:12:52.604+0000] {processor.py:753} INFO - DAG(s) dict_keys(['create_table', 'drop_schemas']) retrieved from /opt/airflow/dags/t.py
[2023-07-12T11:12:52.646+0000] {logging_mixin.py:137} INFO - [2023-07-12T11:12:52.646+0000] {dag.py:2676} INFO - Sync 2 DAGs
[2023-07-12T11:12:52.676+0000] {logging_mixin.py:137} INFO - [2023-07-12T11:12:52.676+0000] {dag.py:3427} INFO - Setting next_dagrun for create_table to None, run_after=None
[2023-07-12T11:12:52.682+0000] {logging_mixin.py:137} INFO - [2023-07-12T11:12:52.682+0000] {dag.py:3427} INFO - Setting next_dagrun for drop_schemas to 2023-06-30T00:00:00+00:00, run_after=2023-07-01T00:00:00+00:00
[2023-07-12T11:12:52.698+0000] {processor.py:175} INFO - Processing /opt/airflow/dags/t.py took 0.147 seconds
[2023-07-12T11:13:23.121+0000] {processor.py:153} INFO - Started process (PID=2606) to work on /opt/airflow/dags/t.py
[2023-07-12T11:13:23.125+0000] {processor.py:743} INFO - Processing file /opt/airflow/dags/t.py for tasks to queue
[2023-07-12T11:13:23.128+0000] {logging_mixin.py:137} INFO - [2023-07-12T11:13:23.127+0000] {dagbag.py:538} INFO - Filling up the DagBag from /opt/airflow/dags/t.py
[2023-07-12T11:13:23.189+0000] {processor.py:753} INFO - DAG(s) dict_keys(['create_table', 'drop_schemas']) retrieved from /opt/airflow/dags/t.py
[2023-07-12T11:13:23.293+0000] {logging_mixin.py:137} INFO - [2023-07-12T11:13:23.293+0000] {dag.py:2676} INFO - Sync 2 DAGs
[2023-07-12T11:13:23.324+0000] {logging_mixin.py:137} INFO - [2023-07-12T11:13:23.324+0000] {dag.py:3427} INFO - Setting next_dagrun for create_table to None, run_after=None
[2023-07-12T11:13:23.331+0000] {logging_mixin.py:137} INFO - [2023-07-12T11:13:23.331+0000] {dag.py:3427} INFO - Setting next_dagrun for drop_schemas to 2023-06-30T00:00:00+00:00, run_after=2023-07-01T00:00:00+00:00
[2023-07-12T11:13:23.356+0000] {processor.py:175} INFO - Processing /opt/airflow/dags/t.py took 0.241 seconds
[2023-07-12T11:13:53.762+0000] {processor.py:153} INFO - Started process (PID=2654) to work on /opt/airflow/dags/t.py
[2023-07-12T11:13:53.764+0000] {processor.py:743} INFO - Processing file /opt/airflow/dags/t.py for tasks to queue
[2023-07-12T11:13:53.766+0000] {logging_mixin.py:137} INFO - [2023-07-12T11:13:53.766+0000] {dagbag.py:538} INFO - Filling up the DagBag from /opt/airflow/dags/t.py
[2023-07-12T11:13:53.811+0000] {processor.py:753} INFO - DAG(s) dict_keys(['drop_schemas', 'create_table']) retrieved from /opt/airflow/dags/t.py
[2023-07-12T11:13:53.894+0000] {logging_mixin.py:137} INFO - [2023-07-12T11:13:53.894+0000] {dag.py:2676} INFO - Sync 2 DAGs
[2023-07-12T11:13:53.919+0000] {logging_mixin.py:137} INFO - [2023-07-12T11:13:53.919+0000] {dag.py:3427} INFO - Setting next_dagrun for create_table to None, run_after=None
[2023-07-12T11:13:53.925+0000] {logging_mixin.py:137} INFO - [2023-07-12T11:13:53.925+0000] {dag.py:3427} INFO - Setting next_dagrun for drop_schemas to 2023-06-30T00:00:00+00:00, run_after=2023-07-01T00:00:00+00:00
[2023-07-12T11:13:53.945+0000] {processor.py:175} INFO - Processing /opt/airflow/dags/t.py took 0.189 seconds
[2023-07-12T11:14:24.209+0000] {processor.py:153} INFO - Started process (PID=2716) to work on /opt/airflow/dags/t.py
[2023-07-12T11:14:24.213+0000] {processor.py:743} INFO - Processing file /opt/airflow/dags/t.py for tasks to queue
[2023-07-12T11:14:24.215+0000] {logging_mixin.py:137} INFO - [2023-07-12T11:14:24.215+0000] {dagbag.py:538} INFO - Filling up the DagBag from /opt/airflow/dags/t.py
[2023-07-12T11:14:24.269+0000] {processor.py:753} INFO - DAG(s) dict_keys(['drop_schemas', 'create_table']) retrieved from /opt/airflow/dags/t.py
[2023-07-12T11:14:24.319+0000] {logging_mixin.py:137} INFO - [2023-07-12T11:14:24.319+0000] {dag.py:2676} INFO - Sync 2 DAGs
[2023-07-12T11:14:24.355+0000] {logging_mixin.py:137} INFO - [2023-07-12T11:14:24.354+0000] {dag.py:3427} INFO - Setting next_dagrun for create_table to None, run_after=None
[2023-07-12T11:14:24.362+0000] {logging_mixin.py:137} INFO - [2023-07-12T11:14:24.361+0000] {dag.py:3427} INFO - Setting next_dagrun for drop_schemas to 2023-06-30T00:00:00+00:00, run_after=2023-07-01T00:00:00+00:00
[2023-07-12T11:14:24.382+0000] {processor.py:175} INFO - Processing /opt/airflow/dags/t.py took 0.178 seconds
[2023-07-12T11:14:54.765+0000] {processor.py:153} INFO - Started process (PID=2764) to work on /opt/airflow/dags/t.py
[2023-07-12T11:14:54.767+0000] {processor.py:743} INFO - Processing file /opt/airflow/dags/t.py for tasks to queue
[2023-07-12T11:14:54.769+0000] {logging_mixin.py:137} INFO - [2023-07-12T11:14:54.769+0000] {dagbag.py:538} INFO - Filling up the DagBag from /opt/airflow/dags/t.py
[2023-07-12T11:14:54.822+0000] {processor.py:753} INFO - DAG(s) dict_keys(['create_table', 'drop_schemas']) retrieved from /opt/airflow/dags/t.py
[2023-07-12T11:14:54.856+0000] {logging_mixin.py:137} INFO - [2023-07-12T11:14:54.856+0000] {dag.py:2676} INFO - Sync 2 DAGs
[2023-07-12T11:14:54.889+0000] {logging_mixin.py:137} INFO - [2023-07-12T11:14:54.889+0000] {dag.py:3427} INFO - Setting next_dagrun for create_table to None, run_after=None
[2023-07-12T11:14:54.895+0000] {logging_mixin.py:137} INFO - [2023-07-12T11:14:54.895+0000] {dag.py:3427} INFO - Setting next_dagrun for drop_schemas to 2023-06-30T00:00:00+00:00, run_after=2023-07-01T00:00:00+00:00
[2023-07-12T11:14:54.915+0000] {processor.py:175} INFO - Processing /opt/airflow/dags/t.py took 0.156 seconds
[2023-07-12T11:15:25.290+0000] {processor.py:153} INFO - Started process (PID=2826) to work on /opt/airflow/dags/t.py
[2023-07-12T11:15:25.293+0000] {processor.py:743} INFO - Processing file /opt/airflow/dags/t.py for tasks to queue
[2023-07-12T11:15:25.295+0000] {logging_mixin.py:137} INFO - [2023-07-12T11:15:25.295+0000] {dagbag.py:538} INFO - Filling up the DagBag from /opt/airflow/dags/t.py
[2023-07-12T11:15:25.353+0000] {processor.py:753} INFO - DAG(s) dict_keys(['create_table', 'drop_schemas']) retrieved from /opt/airflow/dags/t.py
[2023-07-12T11:15:25.473+0000] {logging_mixin.py:137} INFO - [2023-07-12T11:15:25.472+0000] {dag.py:2676} INFO - Sync 2 DAGs
[2023-07-12T11:15:25.509+0000] {logging_mixin.py:137} INFO - [2023-07-12T11:15:25.509+0000] {dag.py:3427} INFO - Setting next_dagrun for create_table to None, run_after=None
[2023-07-12T11:15:25.517+0000] {logging_mixin.py:137} INFO - [2023-07-12T11:15:25.517+0000] {dag.py:3427} INFO - Setting next_dagrun for drop_schemas to 2023-06-30T00:00:00+00:00, run_after=2023-07-01T00:00:00+00:00
[2023-07-12T11:15:25.543+0000] {processor.py:175} INFO - Processing /opt/airflow/dags/t.py took 0.258 seconds
[2023-07-12T11:15:55.752+0000] {processor.py:153} INFO - Started process (PID=2874) to work on /opt/airflow/dags/t.py
[2023-07-12T11:15:55.755+0000] {processor.py:743} INFO - Processing file /opt/airflow/dags/t.py for tasks to queue
[2023-07-12T11:15:55.760+0000] {logging_mixin.py:137} INFO - [2023-07-12T11:15:55.760+0000] {dagbag.py:538} INFO - Filling up the DagBag from /opt/airflow/dags/t.py
[2023-07-12T11:15:55.851+0000] {processor.py:753} INFO - DAG(s) dict_keys(['drop_schemas', 'create_table']) retrieved from /opt/airflow/dags/t.py
[2023-07-12T11:15:55.935+0000] {logging_mixin.py:137} INFO - [2023-07-12T11:15:55.935+0000] {dag.py:2676} INFO - Sync 2 DAGs
[2023-07-12T11:15:55.988+0000] {logging_mixin.py:137} INFO - [2023-07-12T11:15:55.988+0000] {dag.py:3427} INFO - Setting next_dagrun for create_table to None, run_after=None
[2023-07-12T11:15:56.002+0000] {logging_mixin.py:137} INFO - [2023-07-12T11:15:56.002+0000] {dag.py:3427} INFO - Setting next_dagrun for drop_schemas to 2023-06-30T00:00:00+00:00, run_after=2023-07-01T00:00:00+00:00
[2023-07-12T11:15:56.043+0000] {processor.py:175} INFO - Processing /opt/airflow/dags/t.py took 0.301 seconds
[2023-07-12T11:16:26.493+0000] {processor.py:153} INFO - Started process (PID=2940) to work on /opt/airflow/dags/t.py
[2023-07-12T11:16:26.496+0000] {processor.py:743} INFO - Processing file /opt/airflow/dags/t.py for tasks to queue
[2023-07-12T11:16:26.498+0000] {logging_mixin.py:137} INFO - [2023-07-12T11:16:26.498+0000] {dagbag.py:538} INFO - Filling up the DagBag from /opt/airflow/dags/t.py
[2023-07-12T11:16:26.547+0000] {processor.py:753} INFO - DAG(s) dict_keys(['create_table', 'drop_schemas']) retrieved from /opt/airflow/dags/t.py
[2023-07-12T11:16:26.577+0000] {logging_mixin.py:137} INFO - [2023-07-12T11:16:26.577+0000] {dag.py:2676} INFO - Sync 2 DAGs
[2023-07-12T11:16:26.605+0000] {logging_mixin.py:137} INFO - [2023-07-12T11:16:26.605+0000] {dag.py:3427} INFO - Setting next_dagrun for create_table to None, run_after=None
[2023-07-12T11:16:26.612+0000] {logging_mixin.py:137} INFO - [2023-07-12T11:16:26.612+0000] {dag.py:3427} INFO - Setting next_dagrun for drop_schemas to 2023-06-30T00:00:00+00:00, run_after=2023-07-01T00:00:00+00:00
[2023-07-12T11:16:26.629+0000] {processor.py:175} INFO - Processing /opt/airflow/dags/t.py took 0.141 seconds
